image,source
000001.jpg,https://www.pets4homes.co.uk/images/articles/3387/large/a-rare-and-beautiful-hound-the-cirneco-delletna-567193303f6dc.jpg
000002.jpg,http://www.dogzone.com/images/breeds/cirneco-dell-etna.jpg
000003.jpg,https://s3.amazonaws.com/cdn-origin-etr.akc.org/wp-content/uploads/2017/11/12215538/Cirneco-Dell-Etna-On-White-01.jpg
000004.jpg,https://s3.amazonaws.com/cdn-origin-etr.akc.org/wp-content/uploads/2017/11/12215525/Cirneco-dell-Etna-MP.jpg
000005.jpg,https://images.ctfassets.net/w00x6p5qkejz/5zFt0ivyiAuwUo0OcESWik/2cce95b6030f5b2670330e514183ddbf/Cirneco_del_Etna1.png
000006.jpg,https://d17fnq9dkz9hgj.cloudfront.net/breed-uploads/2018/08/cirneco-delletna-detail.jpg?bust=1535565528&width=355
000007.jpg,https://www.dogbreedslist.info/uploads/allimg/dog-pictures/Cirneco-Dell-Etna-2.jpg
000008.jpg,https://vetstreet.brightspotcdn.com/dims4/default/37e8930/2147483647/thumbnail/645x380/quality/90/?url=https%3A%2F%2Fvetstreet-brightspot.s3.amazonaws.com%2F36%2Fe3%2Fdb472e7d4bbcbbceba9d5736aee6%2Fcirneco-delletna-ap-0evzci-645-x-380.jpg
000009.jpg,https://upload.wikimedia.org/wikipedia/commons/7/7b/Cirneco_dell_Etna_611.jpg
000010.jpg,https://www.petguide.com/wp-content/uploads/2015/04/cirneco-dell-etna.jpg
000011.jpg,https://primitivedogs.com/wp-content/uploads/2015/12/Cirneco-dell-Etna-featured-800x324.jpg
000012.jpg,https://fairvet.com/uploads/dog_breeds/full/Cirneco-dell%E2%80%99-Etna-1439053119.jpg
000013.jpg,https://st3.depositphotos.com/11531248/18304/i/1600/depositphotos_183043426-stock-photo-portrait-of-cirneco-dell-etna.jpg
000014.jpg,https://www.dogbreedslist.info/uploads/allimg/dog-pictures/Cirneco-Dell-Etna-3.jpg
000015.jpg,https://i.pinimg.com/originals/b6/b2/a3/b6b2a344ba89a4138e5a72be03b96626.jpg
000016.jpg,https://cirneco.org/wp-content/uploads/2016/07/cirneco-11.jpg
000017.jpg,http://cirneco-dell-etna.com/caramella_otzyv.jpg
000018.jpg,https://www.vetarena.org/gallery/image-827.l.jpg
000019.jpg,https://www.dogbreedplus.com/dog_breeds/images/cirneco_dell_etna.jpg
000020.jpg,https://www.purina.com/sites/g/files/auxxlc196/files/HOUND_Pharaoh-Hound.jpg
000021.jpg,https://i.pinimg.com/originals/82/5b/f4/825bf43bc948183cd1f7aa5a76b9c334.jpg
000022.jpg,https://s3.amazonaws.com/cdn-origin-etr.akc.org/wp-content/uploads/2017/11/12215522/Cirneco-Dell-Etna-Care.jpg
000023.jpg,https://nationalpurebreddogday.com/wp-content/uploads/2016/01/11428049_459686584198442_7541478493584211681_n.jpg
000024.jpg,https://i.ytimg.com/vi/_481_d2wSzU/maxresdefault.jpg
000025.jpg,https://doggiedesigner.com/wp-content/uploads/2018/04/185.2.jpg
000026.jpg,https://www.purinaproclub.com/sites/g/files/auxxlc346/files/styles/facebook_share/public/About_Meet%20the%20Team_Line%20144_Thumb.jpg?itok=asYB4O1Y
000027.jpg,https://live.staticflickr.com/8482/8268216607_cf4aa4015b_b.jpg
000028.jpg,http://www.dogspotters.com/dog-breed-photos/cirdelet.jpg
000029.jpg,https://www.petguide.com/wp-content/uploads/2015/04/Cirneco-dell%E2%80%99Etna-Fact.jpg
000030.jpg,https://indulgeyourpet.com/wp-content/uploads/Cirneco-dell-Etna-Puppy.png
000031.jpg,https://2.bp.blogspot.com/-3jZMoW2Ipsk/Wfm5PbejxGI/AAAAAAAAGhI/-CZSoeJGmookDXhB_3wWFxPrZoblC3nqgCLcBGAs/s1600/cirneco-dell-etna.jpg
000032.jpg,https://doggiedesigner.com/wp-content/uploads/2018/04/185.1.jpg
000033.jpg,https://cdn.shopify.com/s/files/1/0030/2943/4412/articles/22543.jpg?v=1544737925
000034.jpg,https://brit-petfood.com/file/nodes/product/sicilskychrt.jpg/294x294/FIT
000035.jpg,https://thumbs.dreamstime.com/z/cirneco-dell-etna-dog-outdoors-summer-44638238.jpg
000036.jpg,http://cdn.akc.org/content/hero/cirneco_hero.jpg
000037.jpg,https://www.dogmal.com/wp-content/uploads/2018/07/Cirneco-dell%E2%80%99Etna.jpg
000038.jpg,https://st3.depositphotos.com/11531248/18304/i/1600/depositphotos_183043472-stock-photo-portrait-of-cirneco-dell-etna.jpg
000039.jpg,https://www.dogbreedslist.info/uploads/allimg/dog-pictures/Cirneco-Dell-Etna-1.jpg
000040.jpg,https://s3.amazonaws.com/cdn-origin-etr.akc.org/wp-content/uploads/2017/11/12215819/Cirneco-Dell-Etna-Illo.jpg
000041.jpg,https://s3.amazonaws.com/cdn-origin-etr.akc.org/wp-content/uploads/2017/11/12215515/Cirneco-dell-Etna-History-03.jpg
000042.jpg,https://www.smalldogplace.com/images/Cirneco-DellEtna-puppy.jpg
000043.jpg,https://images-na.ssl-images-amazon.com/images/I/41-GJrdUeVL._SX331_BO1,204,203,200_.jpg
000044.jpg,https://i1.wp.com/blog.biostarus.com/wp-content/uploads/2017/03/hcr-33-cirneco-dell-etna-header.jpg?resize=720%2C340&ssl=1
000045.jpg,https://www.101dogbreeds.com/wp-content/uploads/2018/06/Cirneco-dell-Etna-Puppies.png
000046.jpg,https://animals.net/wp-content/uploads/2019/02/Cirneco-dell%E2%80%99Etna-1-650x425.jpg
000047.jpg,https://images.ctfassets.net/w00x6p5qkejz/2iSgkIDBxuO880E2ug84I6/ff12e8be1294c26e0c99f58a354b11c2/Cirneco_del__Etna_B_W_Small_File.png
000048.jpg,https://previews.123rf.com/images/dragonika/dragonika1611/dragonika161100103/67074213-cirneco-dell-etna-dog.jpg
000049.jpg,https://cirneco.org/wp-content/uploads/2016/07/cirneco-29.jpg
000050.jpg,https://previews.agefotostock.com/previewimage/medibigoff/cfa0b03651b7644bd94a75af86d4dcc5/esy-027364124.jpg
