image,source
000001.jpg,https://upload.wikimedia.org/wikipedia/commons/thumb/6/69/Afghane.jpg/220px-Afghane.jpg
000002.jpg,https://mondrian.mashable.com/uploads%252Fcard%252Fimage%252F746973%252Fec89245f-b1bf-41df-82d8-c8891e068046.jpg%252F950x534__filters%253Aquality%252880%2529.jpg?signature=lyrqdQrFWjt-J5NV0QRhjmBSYIY=&source=https%3A%2F%2Fblueprint-api-production.s3.amazonaws.com
000003.jpg,https://i.pinimg.com/originals/14/c6/01/14c601f969aed83b5a3ecfa9c2d315ca.jpg
000004.jpg,https://cdn2-www.dogtime.com/assets/uploads/2011/01/file_23004_afghan-hound-460x290.jpg
000005.jpg,https://images2.minutemediacdn.com/image/upload/c_fill,g_auto,h_1248,w_2220/f_auto,q_auto,w_1100/v1555341680/shape/mentalfloss/istock_000015184774_small.jpg
000006.jpg,https://s3.amazonaws.com/cdn-origin-etr.akc.org/wp-content/uploads/2017/11/04132718/Afghan-Hound.1.jpg
000007.jpg,https://i.pinimg.com/originals/14/87/2c/14872cb0e6e6056ed22cc959f3053b73.jpg
000008.jpg,https://www.wikihow.com/images/thumb/9/98/Identify-an-Afghan-Hound-Step-1.jpg/aid7277754-v4-728px-Identify-an-Afghan-Hound-Step-1.jpg
000009.jpg,https://cdn.omlet.co.uk/images/cache/511/768/Dog-Afghan_Hound-A_lovely_afghan_hound_with_fantastically_groomed_hair.jpg
000010.jpg,https://s3.amazonaws.com/cdn-origin-etr.akc.org/wp-content/uploads/2017/11/19145725/Afghan-Hound1.jpg
000011.jpg,https://doglime.com/wp-content/uploads/2019/03/Afghan-Hound-Dog-1.jpg
000012.jpg,https://www.yourpurebredpuppy.com/dogbreeds/photos-AB/afghanhoundsf4.jpg
000013.jpg,https://lh3.googleusercontent.com/UtMGvQPnHJGzgBRLSOAF4Y7DpXZuyPq3bw2cwmnR9b03wgR7XK5ZXafW7kVc6nQhQW1pNAusy_U2Tjtysk87PE4hpdSp5ZDkhQEej2aA-wjoAl74Ws_YlH9dYSpXeLUuIeJHlXI
000014.jpg,https://vignette.wikia.nocookie.net/thecompletedog/images/7/7a/Afghan_hound.jpg/revision/latest?cb=20140317225342
000015.jpg,https://i2.wp.com/www.urbandognyc.com/wp-content/uploads/2018/01/afghan-4.jpg?resize=1160%2C1160&ssl=1
000016.jpg,https://i.pinimg.com/originals/f6/59/d4/f659d4c5a543037be5a478c461164d21.jpg
000017.jpg,https://i.redd.it/36j6eexpkox11.jpg
000018.jpg,https://pbs.twimg.com/media/DZ6UBNGXkAEN3WS.jpg
000019.jpg,https://upload.wikimedia.org/wikipedia/commons/thumb/9/99/Small_Dog_Confidence_%286034999613%29_%28cropped%29.jpg/220px-Small_Dog_Confidence_%286034999613%29_%28cropped%29.jpg
000020.jpg,https://www.k9rl.com/wp-content/uploads/2016/01/Afghan-Hound.jpg
000021.jpg,https://www.wooflinepets.com/wp-content/uploads/2018/08/ah.jpg
000022.jpg,https://pbs.twimg.com/media/DZ6QRtzVoAA_HB3.jpg
000023.jpg,https://www.pets4homes.co.uk/images/articles/1009/large/the-elegant-afghan-hound-520d44d4915da.jpg
000024.jpg,https://www.vca.com/wp-content/uploads/2017/03/iStock-506557318.jpg
000025.jpg,https://i.pinimg.com/originals/7b/9e/37/7b9e373713d33660c869f88543321322.jpg
000026.jpg,https://cdn.shopify.com/s/files/1/0219/7798/9220/products/8118767b-d7c5-4b0a-ba14-a535a632acb7_1024x1024.jpg?v=1561406288
000027.jpg,https://i.redd.it/zrnvnnk9ad8z.png
000028.jpg,https://threedog.com/app/uploads/2018/09/gettingtoknowyou-afghanhound.jpeg
000029.jpg,https://www.petsworld.in/blog/wp-content/uploads/2015/12/4.jpg
000030.jpg,https://www.kiss1077.ca/wp-content/uploads/sites/30/2019/01/AfghanHound.jpg
000031.jpg,https://tailsbuddy.com/tbadmin/assets/images/afghan-hound-dog-breed-overview.jpg
000032.jpg,https://i.ytimg.com/vi/NhUD9trQxEE/maxresdefault.jpg
000033.jpg,https://a-z-animals.com/media/animals/images/470x370/afghan_hound1.jpg
000034.jpg,https://cmkt-image-prd.global.ssl.fastly.net/0.1.0/ps/5482515/910/606/m2/fpnw/wm1/1-25-.jpg?1543815887&s=21034ab997071cba1306a8b7a2efcdcd
000035.jpg,https://images.ctfassets.net/w00x6p5qkejz/7Md7Pn3aakYYmq0geGOCkU/4b02bd78b970eb713b6ef244c7c9c62f/Afghan_Hound5.png
000036.jpg,https://i.pinimg.com/originals/a5/fd/58/a5fd58cf041099a713e4b00e38cfe203.jpg
000037.jpg,https://4.bp.blogspot.com/-PUZibflEdTA/WcsPMdB8pBI/AAAAAAAAQIM/oR86E4jY1JwUmkSIbUNTfY4RvCbv2NtDgCLcBGAs/s1600/White-Afghan-Hound-Dog-Autumn-Leaves-background.jpg
000038.jpg,https://cdn.newsapi.com.au/image/v1/efa2e6a56d83b86af916cb34245b450e?width=1024
000039.jpg,https://www.pets4homes.co.uk/images/articles/4100/large/afghan-hound-or-borzoi-which-is-best-for-you-591993c13e090.jpg
000040.jpg,https://n2.sdlcdn.com/imgs/e/5/7/Afghan-Hound-SDL732575291-1-76b02.jpg
000041.jpg,https://media.gettyimages.com/photos/afghan-hound-against-white-background-closeup-picture-id200360001-001
000042.jpg,https://s3.amazonaws.com/cdn-origin-etr.akc.org/wp-content/uploads/2017/11/14145006/Afghan-Hound.86820153.jpg
000043.jpg,https://cdn.shopify.com/s/files/1/0032/9521/5680/products/002@2x.jpg?v=1545124785
000044.jpg,https://i.pinimg.com/originals/6d/67/b0/6d67b0dbc3d8c76e25086a2d17a19e30.jpg
000045.jpg,https://i.redd.it/raw3wst8x2311.jpg
000046.jpg,https://revodanapublishing.com/wp-content/uploads/2015/12/Afghan-Hounds-with-flowers.jpg
000047.jpg,https://pics.me.me/beautiful-afghan-hound-44402003.png
000048.jpg,https://cdn.kinsights.com/cache/bb/11/bb1178adbac160d07a16eacf72c423e8.jpg
000049.jpg,https://images-ra.adoptapet.com/seo/1/h/1_h.png
000050.jpg,https://www.pe.com/wp-content/uploads/2017/06/img_6919-1.png
