image,source
000001.jpg,https://vetstreet.brightspotcdn.com/dims4/default/5df998f/2147483647/crop/0x0%2B0%2B0/resize/645x380/quality/90/?url=https%3A%2F%2Fvetstreet-brightspot.s3.amazonaws.com%2Fd3%2F9e5130b14611e092fe0050568d634f%2Ffile%2FAlapaha-Blue-Blood-Bulldog-3-380mk070111.jpg
000002.jpg,https://vetstreet.brightspotcdn.com/dims4/default/32f842b/2147483647/thumbnail/645x380/quality/90/?url=https%3A%2F%2Fvetstreet-brightspot.s3.amazonaws.com%2F8f%2F9c7f20b14611e092fe0050568d634f%2Ffile%2FAlapaha-Blue-Blood-Bulldog-1-380mk070111.jpg
000003.jpg,https://www.pets4homes.co.uk/images/breeds/211/large/e2ed1856d7c257ff993fed37f249ea70.jpg
000004.jpg,https://www.pets4homes.co.uk/images/classifieds/2018/08/20/2032858/large/alapaha-blue-blood-bulldog-puppies-for-sale-5b9ea552918f0.jpg
000005.jpg,https://i.pinimg.com/originals/54/5f/77/545f779965226c827d1c13dd31562355.jpg
000006.jpg,https://americanbullydaily.com/wp-content/uploads/2018/09/Alapaha-Blue-Blood-Bulldog-2.jpg?81d011&81d011
000007.jpg,https://vetstreet-brightspot.s3.amazonaws.com/e5/3d45e0b14611e092fe0050568d634f/file/Alapaha-Blue-Blood-Bulldog-4-380mk070111.jpg
000008.jpg,https://i1.wp.com/puppytoob.com/wp-content/uploads/2018/02/Alapaha-Blue-Blood-Bulldog.jpg?resize=750%2C426
000009.jpg,http://www.ucadogs.com/images/alapaha_blue_blood_bulldog_01.jpg
000010.jpg,http://beavervalleydoxies.com/images/ziva_4.jpg
000011.jpg,https://i0.wp.com/www.allaboutdogs.net/wp-content/uploads/2016/04/alapaha-blue-blood-bulldog.png?resize=740%2C414&ssl=1
000012.jpg,https://www.101dogbreeds.com/wp-content/uploads/2017/05/Bulldog-Alapaha-Blue-Blood.jpg
000013.jpg,https://americanbullydaily.com/wp-content/uploads/2018/09/Alapaha-Blue-Blood-Bulldog-puppy.jpg?81d011&81d011
000014.jpg,https://www.dog-breeds-expert.com/images/alapaha-blue-blood-bulldog-punjabbigraphicsDOTcom-cropped.jpg
000015.jpg,http://static.pedigreedatabase.com/dogbreeds/alapaha.jpg
000016.jpg,http://www.dogshub.in/wp-content/uploads/2018/07/Blue-Blood-Alapaha-Bulldog.jpg
000017.jpg,https://i.pinimg.com/originals/dc/21/25/dc21254cfb729952621e90034107da59.jpg
000018.jpg,https://www.dogster.com/wp-content/uploads/2018/02/Alapaha-Blue-Blood-Bulldog.jpg
000019.jpg,https://americanbullydaily.com/wp-content/uploads/2018/09/Blue-English-Blood-Bulldog.jpg?81d011&81d011
000020.jpg,https://dogsaholic.com/wp-content/uploads/2018/03/alapaha-blue-blood-bulldog-puppy-810x608.jpg
000021.jpg,https://www.dogbreedinfo.com/images24/AlapahaBlueBloodBulldogAlapahaConnectionKennelsVanFurth.jpg
000022.jpg,https://www.101dogbreeds.com/wp-content/uploads/2017/05/Alapaha-Blue-Blood-Bulldog-Images.jpg
000023.jpg,https://i.ytimg.com/vi/4z29kjCwrOY/maxresdefault.jpg
000024.jpg,https://i.pinimg.com/originals/44/d2/e7/44d2e77ccb49663ddbd9a9e613981154.jpg
000025.jpg,https://www.dog-breeds-expert.com/images/alapaha-blue-blood-bulldog-hooblyDOTcom-cropped.jpg
000026.jpg,https://www.101dogbreeds.com/wp-content/uploads/2017/05/Alapaha-Blue-Blood-Bulldog-Pictures-Photos.jpg
000027.jpg,https://www.dogbreedslist.info/uploads/allimg/dog-pictures/Alapaha-Blue-Blood-Bulldog-2.jpg
000028.jpg,https://upload.wikimedia.org/wikipedia/commons/thumb/1/12/Alapahabulldog.jpg/200px-Alapahabulldog.jpg
000029.jpg,https://i.ytimg.com/vi/H2aKdgP07qc/maxresdefault.jpg
000030.jpg,https://dogsaholic.com/wp-content/uploads/2018/03/alapaha-bulldog-with-another-dog-680x512.jpg
000031.jpg,https://i.pinimg.com/originals/a7/00/88/a700883addf279c3e246b5a2859e3b0d.jpg
000032.jpg,https://vignette.wikia.nocookie.net/dog-breed4080/images/9/9f/Alapaha-blue-blood-bulldog-4.jpg/revision/latest?cb=20170811140116
000033.jpg,https://americanbullydaily.com/wp-content/uploads/2018/09/Alapaha-Blue-Blood-Bulldog-3.jpg?81d011&81d011
000034.jpg,http://doggiewoof.com/wp-content/uploads/2018/03/Alapaha-Blue-Blood-Bulldog.png
000035.jpg,https://images1.americanlisted.com/nlarge/alapaha-blue-blood-bulldog-puppy-for-sale-adoption-rescue-americanlisted_112675429.jpg
000036.jpg,https://www.freeclassified.co.za/images/listings/2018-07/alapaha_blue_blood_bulldog_for_sale-1530794097-309-e.jpg
000037.jpg,https://www.pets4homes.co.uk/images/classifieds/2015/04/06/928324/large/alapaha-blue-blood-bulldog-female-552293cccc2f0.jpg
000038.jpg,http://www.pedigreedatabase.com/pictures/2854280.jpg
000039.jpg,https://www.dogbreedinfo.com/images25/AlapahaBlueBloodBulldogDogPurebredAxel10Months5.jpg
000040.jpg,http://www.easypetmd.com/sites/default/files/Alapaha%20Blue%20Blood%20Bulldog.jpg
000041.jpg,https://www.ukpets.com/oc-content/uploads/breeds/0/2087.jpg
000042.jpg,https://www.wiki-pet.com/images/breeds/dog/breed-images/6/super-size/alapaha-blue-blood-bulldog-1.jpg
000043.jpg,https://i.pinimg.com/originals/8e/87/8f/8e878f9fa78371f8bdf74ecd7b78662c.jpg
000044.jpg,https://www.pets4homes.co.uk/images/classifieds/2015/05/01/949812/large/a-team-alapaha-blueblood-bulldogs-5581baf011284.jpg
000045.jpg,https://i.ytimg.com/vi/H2aKdgP07qc/hqdefault.jpg
000046.jpg,https://doggoneproblems.com/wp-content/uploads/2016/02/margie1.jpg
000047.jpg,https://i.ebayimg.com/00/s/MTAyNFg4ODY=/z/k4IAAOSwCNlcBXIc/$_58.JPG
000048.jpg,http://www.bib.ge/dogs/big/22204.jpg
000049.jpg,https://dogable.net/wp-content/uploads/2013/03/Alapaha-Blue-Blood-Bulldog.png
000050.jpg,http://canislupusbreeds.weebly.com/uploads/2/6/4/4/26444622/7937166.jpg
