image,source
000001.jpg,https://www.pets4homes.co.uk/images/articles/3375/large/the-alopekis-a-charming-ancient-greek-dog-566ad5b74fa6e.jpg
000002.jpg,https://upload.wikimedia.org/wikipedia/commons/thumb/c/cd/Oropedia_Anavras_1_%282%29_%28Medium%29.jpg/220px-Oropedia_Anavras_1_%282%29_%28Medium%29.jpg
000003.jpg,https://www.dogbreedinfo.com/images18/AlopekisRita2YearsGreece1.JPG
000004.jpg,http://www.easypetmd.com/sites/default/files/imagecache/Portrait/Alopekis%20%284%29.jpg
000005.jpg,https://upload.wikimedia.org/wikipedia/commons/d/dd/Alopekis_drawing.jpg
000006.jpg,https://www.dogbreedslist.info/uploads/allimg/dog-pictures/Alopekis-2.jpg
000007.jpg,https://www.dogbreedinfo.com/images18/AlopekisRita2YearsGreece2.JPG
000008.jpg,https://www.101dogbreeds.com/wp-content/uploads/2016/10/Alopekis.jpg
000009.jpg,http://www.easypetmd.com/sites/default/files/Alopekis%20(2).jpg
000010.jpg,https://i.pinimg.com/originals/a7/3d/7b/a73d7b30cdf21ceb93f0dcc8ce42668a.jpg
000011.jpg,http://www.easypetmd.com/sites/default/files/imagecache/Portrait/Alopekis%20%285%29.jpg
000012.jpg,https://www.101dogbreeds.com/wp-content/uploads/2016/10/Alopekis-Dog.jpg
000013.jpg,http://4.bp.blogspot.com/-Fz4eSZRCnoU/TZqsPYvRQSI/AAAAAAAAIwU/jc91j3066-0/s1600/964479913.jpg
000014.jpg,https://www.dogbreedslist.info/uploads/allimg/dog-pictures/Alopekis-1.jpg
000015.jpg,http://www.easypetmd.com/sites/default/files/Alopekis%20(3).jpg
000016.jpg,http://globaldogbreeds.com/wp-content/uploads/2017/02/Alopekis-Dogs-2.jpg
000017.jpg,https://i.pinimg.com/originals/8e/ab/9d/8eab9db44479721544f6f217c6fb6086.jpg
000018.jpg,https://www.101dogbreeds.com/wp-content/uploads/2016/10/White-Alopekis.jpg
000019.jpg,http://www.easypetmd.com/sites/default/files/Alopekis.jpg
000020.jpg,https://www.pets4homes.co.uk/images/classifieds/2016/07/17/1334267/large/yeti-a-small-dog-with-green-eyes-57934db446eb9.jpg
000021.jpg,https://i.ytimg.com/vi/HurI4IZqG_o/hqdefault.jpg
000022.jpg,https://greece.greekreporter.com/files/alopekis.jpg
000023.jpg,https://www.pets4homes.co.uk/images/articles/3407/large/all-about-the-extremely-rare-new-guinea-singing-dog-56851692de23b.jpg
000024.jpg,https://i.ytimg.com/vi/PpibwYqaRC0/maxresdefault.jpg
000025.jpg,http://3.bp.blogspot.com/-GvP4Oie3KGo/TbZQguvczBI/AAAAAAAAASA/racXyB9r6g0/s1600/Alopekis%2BDog%2BBreed%2BImages%2B02.jpg
000026.jpg,https://www.livelife.guide/wp-content/uploads/2018/08/img_5aa15b1c3a208.png
000027.jpg,https://i.pinimg.com/originals/48/be/90/48be9080f710a3722e8b5223f7c8dcf9.jpg
000028.jpg,http://click-art.ru/foto/ekzotika_img/dogs/small_130.jpg
000029.jpg,https://cdn.fotofits.com/petzlover/gallery/img/l/alopekis-282166.jpg
000030.jpg,https://previews.123rf.com/images/dneprstock/dneprstock1802/dneprstock180200002/96860878-alopekis-breed-digital-art-illustration-isolated-on-white-background-cute-domestic-purebred-animal-b.jpg
000031.jpg,https://www.dogforums.com/attachments/general-dog-forum/211986d1442608124-alopekis-morninghike5.jpg
000032.jpg,https://pbs.twimg.com/media/BxW-hkQIEAAX5pJ.jpg
000033.jpg,https://cdn.greatdogsite.com/resources/photos/from_owners/Alopekis-1430087603.jpg
000034.jpg,https://cdn.fotofits.com/petzlover/gallery/img/l/alopekis-696704.jpg
000035.jpg,https://media.mnn.com/assets/images/2018/02/PariahDogCropped.jpg.900x0_q100_blur.jpg
000036.jpg,http://dogoftheday.com/archive/2013/January/15.jpg
000037.jpg,https://scontent-yyz1-1.cdninstagram.com/vp/709b3afd9f2f89cd1e063f9d20532990/5DAF5DE0/t51.2885-15/e35/65130857_559823687755556_111292090446403638_n.jpg?_nc_ht=scontent-yyz1-1.cdninstagram.com
000038.jpg,https://cdn.greatdogsite.com/uploaded_files/Alopekis-2-brown-1213744264.jpg
000039.jpg,https://cdn.fotofits.com/petzlover/gallery/img/l/alopekis-283557.jpg
000040.jpg,https://i.ytimg.com/vi/qX2YZTCIO8I/maxresdefault.jpg
000041.jpg,https://preview.redd.it/ibzb4zuktq511.jpg?width=640&crop=smart&auto=webp&s=96bdd417d1474132dcb03031a5444578d94f5c05
000042.jpg,https://ih1.redbubble.net/image.607807012.7424/flat,1000x1000,075,f.u1.jpg
000043.jpg,https://i.ytimg.com/vi/5zJsT7sjcRE/hqdefault.jpg
000044.jpg,http://molosserdogs.com/gallery/albums/userpics/19858/CSC_0041.jpg
000045.jpg,http://4.bp.blogspot.com/_pzcPrYVjk8w/ShacBgkBMRI/AAAAAAAAAqY/M2b0YNxBk_o/s320/Alopekis.jpg
000046.jpg,https://i.pinimg.com/originals/ff/4d/21/ff4d21a76310f45cad8e9c23e9d86022.jpg
000047.jpg,https://t3.ftcdn.net/jpg/02/62/97/46/240_F_262974645_MM5KnZgpRHAxqhSeORY7RjueEH5siGou.jpg
000048.jpg,http://wallpaperhd.online/upload/images/1525485551852/all-white-husky-dog-alopekis-american-cocker-spaniel-house-flower-1680x1050.jpg
000049.jpg,https://cdn2.vectorstock.com/i/1000x1000/81/01/greek-dog-alopekis-vector-17588101.jpg
000050.jpg,http://molosserdogs.com/gallery/albums/userpics/19858/CSC_0043.jpg
