image,source
000001.jpg,https://upload.wikimedia.org/wikipedia/commons/thumb/0/07/Alpine_spaniel.jpg/220px-Alpine_spaniel.jpg
000002.jpg,https://retrieverman.files.wordpress.com/2010/02/clumber-1915.jpg
000003.jpg,https://www.dogbreedinfo.com/images31/AlpineSpanielExtinctDogBreed2.jpg
000004.jpg,http://doginfo411.com/wp-content/uploads/2016/02/alpine-spaniel1.jpg
000005.jpg,http://dogbreedstandards.com/wp-content/uploads/2013/03/Alpine-Spaniel.jpg
000006.jpg,http://damonlehrer.com/damonlehrer.com/alpine_spaniel_files/alpinespaniel1.jpg
000007.jpg,https://i.pinimg.com/originals/f6/a1/99/f6a19999ba687032053fb12d54ace0d2.jpg
000008.jpg,https://i.ytimg.com/vi/mccnDOBrjmk/hqdefault.jpg
000009.jpg,http://doginfo411.com/wp-content/uploads/2016/02/Alpine-Spaniel-puppies.jpg
000010.jpg,https://i.ytimg.com/vi/gE5GsEYC9yA/maxresdefault.jpg
000011.jpg,https://vignette.wikia.nocookie.net/ravemaster/images/2/26/Alpine.png/revision/latest?cb=20130612184718
000012.jpg,https://previews.123rf.com/images/dneprstock/dneprstock1803/dneprstock180300004/98885522-alpine-spaniel-dog-digital-art-illustration-isolated-on-white-background-spaniel-large-dog-notable-f.jpg
000013.jpg,https://i.pinimg.com/originals/64/99/b1/6499b180f3494d4c193da379f68acecc.jpg
000014.jpg,http://www.petpaw.com.au/wp-content/gallery/dog-breeds-11-20/alpine-spaniel.jpg
000015.jpg,https://alchetron.com/cdn/alpine-spaniel-4cbc449f-ceb8-43f2-937d-8a440494aab-resize-750.jpeg
000016.jpg,http://www.petpaw.com.au/wp-content/uploads/2014/09/Alpine-Spaniel-puppies1.jpg
000017.jpg,https://www.pets4homes.co.uk/images/classifieds/2013/10/22/458754/large/male-clumber-spaniel-for-sale-5266b4237b71b.JPG
000018.jpg,https://upload.wikimedia.org/wikipedia/commons/c/c9/04031137_Epagneul_Francais.jpg
000019.jpg,https://www.wonderslist.com/wp-content/uploads/2014/09/American-Water-Spaniel.jpg
000020.jpg,http://2.bp.blogspot.com/-j11ixsPJOuM/T98oP3Jf2OI/AAAAAAAAA1Q/fp1idSKjs9w/s1600/a3.jpg
000021.jpg,https://images-wixmp-ed30a86b8c4ca887773594c2.wixmp.com/f/cbac5aa6-d13c-4ccd-b98e-a0047dfd3bea/db76hvz-4434d6ca-deb0-494e-b292-b5bfc5a0e9f2.jpg?token=eyJ0eXAiOiJKV1QiLCJhbGciOiJIUzI1NiJ9.eyJzdWIiOiJ1cm46YXBwOjdlMGQxODg5ODIyNjQzNzNhNWYwZDQxNWVhMGQyNmUwIiwiaXNzIjoidXJuOmFwcDo3ZTBkMTg4OTgyMjY0MzczYTVmMGQ0MTVlYTBkMjZlMCIsIm9iaiI6W1t7InBhdGgiOiJcL2ZcL2NiYWM1YWE2LWQxM2MtNGNjZC1iOThlLWEwMDQ3ZGZkM2JlYVwvZGI3Nmh2ei00NDM0ZDZjYS1kZWIwLTQ5NGUtYjI5Mi1iNWJmYzVhMGU5ZjIuanBnIn1dXSwiYXVkIjpbInVybjpzZXJ2aWNlOmZpbGUuZG93bmxvYWQiXX0.3_TCzpE4eegpJd_cm-IY0KqLfX073buCpom69vuOpqM
000022.jpg,https://images-na.ssl-images-amazon.com/images/I/51yFKdtt3wL._SX331_BO1,204,203,200_.jpg
000023.jpg,https://cdn.fotofits.com/petzlover/MERGE_HORIZONTAL/gallery/img/l/american-cocker-spaniel-658565.jpg/_MERGE_/gallery/img/l/alpine-dachsbracke-658540.jpg
000024.jpg,http://www.intaglio-fine-art.com/prodimages/def/E149.JPG
000025.jpg,https://d1w7fb2mkkr3kw.cloudfront.net/assets/images/book/lrg/9781/5269/9781526927293.jpg
000026.jpg,http://www.alpinecommunitynetwork.com/wp-content/uploads/8-16-14-2-found-brown-Springer-Spaniel-dogs_Japatul-Area.jpg
000027.jpg,https://retrieverman.files.wordpress.com/2011/03/undocked-clumber-spaniel.jpg
000028.jpg,https://images-na.ssl-images-amazon.com/images/I/41iPKi1LO-L._SX331_BO1,204,203,200_.jpg
000029.jpg,https://images-na.ssl-images-amazon.com/images/I/516LHc4FWyL.jpg
000030.jpg,https://upload.wikimedia.org/wikipedia/commons/4/40/Clumber_spaniel_rybnik_kamien_pppl.jpg
000031.jpg,https://banner2.kisspng.com/20180517/plw/kisspng-sussex-spaniel-alpine-dachsbracke-alpine-spaniel-d-5afd866de3cd23.4023206515265644619331.jpg
000032.jpg,https://i.ytimg.com/vi/elBhCp__b7k/maxresdefault.jpg
000033.jpg,https://images-na.ssl-images-amazon.com/images/I/41j9wFBzvFL._SX331_BO1,204,203,200_.jpg
000034.jpg,http://creature-companions.in/wp-content/uploads/2019/05/Alpine-Spaniel.jpg
000035.jpg,https://www.doglib.com/wp-content/uploads/sites/2/cu/cute-cute-english-springer-spaniel-dog-breed.jpg
000036.jpg,https://media.loot.co.za/images/x400/426075841105179215.jpg
000037.jpg,https://cdn.shopify.com/s/files/1/0105/6172/products/MT_20Alpine_20St_20BernardKing_20James_20Charles_20Spaniel_500x.jpg?v=1550694279
000038.jpg,https://i.pinimg.com/originals/16/7f/bb/167fbbabf7bb7a766d597372b3f2131c.jpg
000039.jpg,https://images-na.ssl-images-amazon.com/images/I/71%2BS9uPBE0L._SX425_.jpg
000040.jpg,https://pbs.twimg.com/profile_images/2382387209/nvl7g9am8j87n7d0wbtw_400x400.gif
000041.jpg,https://www.moonrysn.com/images/modern-clumber-spaniel.jpg
000042.jpg,https://external-preview.redd.it/9_d0RSeBd4GOG2IWHKtnf2vic3x0N1oFPKpzgCof7og.jpg?width=494&height=258.638743455&auto=webp&s=5f2186803bc678dec5d470cf8ddb875948acdd2e
000043.jpg,https://image.shutterstock.com/image-illustration/alpine-mastiff-dog-digital-art-450w-1021151950.jpg
000044.jpg,http://www.europetnet.com/images/dogbreeds/extinct.jpg
000045.jpg,https://static.comicvine.com/uploads/scale_small/11/111746/4976129-alpine%27s_current_attire.jpg
000046.jpg,https://alpinepub.files.wordpress.com/2012/04/fieldspaniel.jpg
000047.jpg,https://images-na.ssl-images-amazon.com/images/I/71xlMQ-PRgL._SY355_.jpg
000048.jpg,https://i5.walmartimages.com/asr/fae4320e-d4a1-462e-b4e7-c866ff98bbc3_1.19d4c3a13288970588628c1200e96dba.jpeg?odnHeight=450&odnWidth=450&odnBg=FFFFFF
000049.jpg,http://www.alpinecommunitynetwork.com/wp-content/uploads/7-21-15-Found-Female-Bron-Whiet-SPaniel.jpg
000050.jpg,https://breedinfo.ru/uploads/posts/2015-12/1_alpine_spaniel.jpg
