image,source
000001.jpg,https://i.ytimg.com/vi/7WTr4zyW7Qc/hqdefault.jpg
000002.jpg,https://upload.wikimedia.org/wikipedia/commons/6/68/1815_Alpine_Mastiff.jpg
000003.jpg,https://retrieverman.files.wordpress.com/2013/09/lion-alpine-mastiff.jpg
000004.jpg,https://c8.alamy.com/comp/KJRHRB/saint-bernard-st-bernard-alpine-mastiff-KJRHRB.jpg
000005.jpg,https://c8.alamy.com/comp/KJRJ9F/saint-bernard-st-bernard-alpine-mastiff-KJRJ9F.jpg
000006.jpg,https://vignette.wikia.nocookie.net/dog-breed4080/images/b/ba/Alpine_Mastiff.jpg/revision/latest?cb=20170728120035
000007.jpg,http://www.furrycritter.com/fcn/assets/img/dogs/Saint_Bernard_7.jpg
000008.jpg,http://pets-place.net/Breeds/S/SaintBernardImage1.jpg
000009.jpg,https://c8.alamy.com/comp/KJRJ4K/saint-bernard-st-bernard-alpine-mastiff-KJRJ4K.jpg
000010.jpg,https://mtgcardsmith.com/view/complete/full/2018/8/19/1534683578090764.png
000011.jpg,http://www.pethealthnetwork.com/sites/default/files/styles/large/public/st.-bernard177495900.png?itok=w3M8qFOp
000012.jpg,http://pre14.deviantart.net/9a24/th/pre/i/2012/163/5/1/alpine_mastiff___bernhardiner_by_schnuffibossi1-d539f9i.jpg
000013.jpg,https://img.encore-editions.com/small-archival-canvas-13487-13755-fm400.jpg
000014.jpg,https://i.ytimg.com/vi/IzkBKNJnp50/hqdefault.jpg
000015.jpg,https://www.all-about-mastiff-dog-breed.com/images/large/Saint-Bernard-Leather-Dog-Collar-Alpine-Mastiff_LRG.jpg
000016.jpg,https://d17fnq9dkz9hgj.cloudfront.net/breed-uploads/2018/08/saint-bernard-detail.jpg?bust=1535566478&width=355
000017.jpg,http://www.britishmuseum.org/collectionimages/AN00570/AN00570277_001_l.jpg
000018.jpg,http://animal-world.com/dogs/Working-Dog-Breeds/images/SaintBernard3WDW_Ap6F.jpg
000019.jpg,https://previews.123rf.com/images/dneprstock/dneprstock1803/dneprstock180300003/97290526-alpine-mastiff-dog-digital-art-illustration-isolated-on-white-background-extinct-molosser-dog-breed-.jpg
000020.jpg,https://c8.alamy.com/comp/KJRHTH/saint-bernard-st-bernard-alpine-mastiff-KJRHTH.jpg
000021.jpg,http://www.davidhancockondogs.com/archives/archive_399_493/images/472/472-3%20%20%20%20One%20of%20Sidney%20Turner's%20Mastiffs.jpg
000022.jpg,https://i.pinimg.com/736x/be/84/2d/be842de9b8b33a04cf27f20e4a099ef6.jpg
000023.jpg,https://previews.123rf.com/images/ariydesign/ariydesign1603/ariydesign160300055/53633963-watercolor-portrait-of-swiss-alpine-mastiff-red-st-bernard-breed-dog-isolated-on-blue-background-han.jpg
000024.jpg,https://thumbs.dreamstime.com/z/watercolor-portrait-swiss-alpine-mastiff-red-st-bernard-breed-dog-white-background-hand-drawn-sweet-pet-bright-colors-68349741.jpg
000025.jpg,https://alchetron.com/cdn/alpine-mastiff-6b5292c3-975d-4f3e-a8d8-e758cb27e5c-resize-750.jpeg
000026.jpg,http://www.britishmuseum.org/collectionimages/AN00571/AN00571671_001_l.jpg
000027.jpg,https://steemitimages.com/DQmcaaUCHNAzC3XJx1cm6aZmMKCohFwRavtU8waUmzHE95X/87815878_XS_2.jpg
000028.jpg,http://www.furrycritter.com/fcn/assets/img/dogs/gallery/saint_bernard/Saint_Bernard_15.jpg
000029.jpg,https://live.staticflickr.com/2185/2131642429_0d6dd25451_n.jpg
000030.jpg,https://www.dogbreedinfo.com/images31/AlpineMastiffExtinctDogBreedInfoDrawing1.jpg
000031.jpg,https://www.nationalgalleries.org/sites/default/files/styles/postcard/public/externals/137107.jpg?itok=nDDMgpy7
000032.jpg,https://images-na.ssl-images-amazon.com/images/I/51YJhD06lnL._SX331_BO1,204,203,200_.jpg
000033.jpg,http://www.easypetmd.com/sites/default/files/St.%20Bernard.jpg
000034.jpg,https://editorial01.shutterstock.com/wm-preview-450/9930749l/61bdc102/houston-astros-at-boston-red-sox-usa-shutterstock-editorial-9930749l.jpg
000035.jpg,https://i.pinimg.com/originals/de/4f/c0/de4fc0f682335cdd260b06bdd96af72a.jpg
000036.jpg,https://c8.alamy.com/comp/KJRJ83/saint-bernard-st-bernard-alpine-mastiff-KJRJ83.jpg
000037.jpg,https://www.all-about-mastiff-dog-breed.com/images/collars/Cane-Corso-supple-leather-collar-C24-big.jpg
000038.jpg,http://molosserdogs.com/gallery/albums/userpics/25226/alpine-mastiff-growth-hormone.png
000039.jpg,http://1.bp.blogspot.com/-4DCi3XaArT0/TlvvOuNlJyI/AAAAAAAANOo/kZ9gjLKp9WA/s1600/pc.jpg
000040.jpg,https://upload.wikimedia.org/wikipedia/commons/f/fa/Saint_Bernardhund.JPG
000041.jpg,http://www.davidhancockondogs.com/archives/archive_900_present/images/1043/1043-3%20%20%20MASTIFF%20-%20the%20Alpine%20Mastiff%20type.jpg
000042.jpg,https://www.europetnet.com/images/dogbreeds/stbernard.jpg
000043.jpg,https://c8.alamy.com/comp/KJRHT8/saint-bernard-st-bernard-alpine-mastiff-KJRHT8.jpg
000044.jpg,https://cdn.shopify.com/s/files/1/0084/4624/7027/files/an-Dinofire-v1_400_300x300.png?v=1530708062
000045.jpg,https://newsroom.unsw.edu.au/sites/default/files/styles/full_width/public/thumbnails/image/stbernard_1.jpg?itok=jEVUiO9y
000046.jpg,https://www.dokhyi.com/public/immaginiBlog/emi_tibetan_mastiff_colors_7_4.jpg
000047.jpg,http://www.furrycritter.com/fcn/assets/img/dogs/gallery/saint_bernard/Saint_Bernard_4.jpg
000048.jpg,https://www.naturepl.com/cache/pcache2/01381162.jpg
000049.jpg,https://i.pinimg.com/736x/e5/93/0a/e5930a0808739d8e9ad81e5aab928fd0.jpg
000050.jpg,https://nationalpurebreddogday.com/wp-content/uploads/2016/12/saint-bernard-stephen-smith.jpg
