image,source
000001.jpg,https://cdn3-www.dogtime.com/assets/uploads/2017/12/american-bulldog-breed-pictures-9-460x260.jpg
000002.jpg,https://vetstreet.brightspotcdn.com/dims4/default/a473f63/2147483647/thumbnail/645x380/quality/90/?url=https%3A%2F%2Fvetstreet-brightspot.s3.amazonaws.com%2Fc5%2Fc9%2Fd3e1617243a0af32689019bba22c%2Famerican-bulldog-ap-04q7il-645-x-380.jpg
000003.jpg,https://www.petmd.com/sites/default/files/breedopedia/american_bulldog.jpg
000004.jpg,https://i.ytimg.com/vi/nV1VK49el_k/hqdefault.jpg
000005.jpg,https://www.thesprucepets.com/thmb/gblRED04r9DH12shC9CuQrD44FE=/450x0/filters:no_upscale():max_bytes(150000):strip_icc()/Bulldog-GettyImages-914240940-acb342bef9c147218895fe18f9400bd2.jpg
000006.jpg,https://vitalplanet.com/wp-content/uploads/84726686_s.jpg
000007.jpg,https://animals.net/wp-content/uploads/2018/07/American-Bulldog-2-650x425.jpg
000008.jpg,https://canineperspectivechicago.com/wp-content/uploads/2018/08/American-Bulldog-Dog-Breed-e1536255280590.jpg
000009.jpg,https://bowwowinsurance.com.au/wp-content/uploads/2018/11/american-bulldog-700x700.jpg
000010.jpg,http://geniusvets.s3.amazonaws.com/gv-dog-breeds/american-bulldog-1.jpg
000011.jpg,https://a-z-animals.com/media/animals/images/original/american_bulldog.jpg
000012.jpg,https://www.keystonepuppies.com/wp-content/uploads/2018/10/American-Bulldog-Category.jpg
000013.jpg,https://cf.ltkcdn.net/dogs/images/std/232184-1600x1280-american-bulldog.jpg
000014.jpg,https://i.pinimg.com/originals/2d/06/90/2d06909ce4133b67fa3fc2ef3b82f0a4.jpg
000015.jpg,https://i.ytimg.com/vi/w_AjDyp0X6Y/hqdefault.jpg
000016.jpg,https://vetstreet-brightspot.s3.amazonaws.com/e0/88/f8bb5f0f40a091016ce74fa6f0e7/american-bulldog-ap-13hksa-645-x-380.jpg
000017.jpg,https://gfp-2a3tnpzj.stackpathdns.com/wp-content/uploads/2016/07/American-Bulldog-600x600.jpg
000018.jpg,https://i0.wp.com/puppytoob.com/wp-content/uploads/2015/10/American-bulldog.jpg?resize=640%2C427
000019.jpg,https://naturaldogcompany.com/wp-content/uploads/2016/07/american-bulldog-11-668x444.jpg
000020.jpg,http://www.dogzone.com/images/breeds/american-bulldog.jpg
000021.jpg,https://media.gettyimages.com/photos/american-bulldog-picture-id516156469?s=612x612
000022.jpg,http://2.bp.blogspot.com/-IYSK-pcox_Y/UK47Fc-mUfI/AAAAAAAABk4/X_LuW6k3IfY/s1600/american-bulldog-2.jpg
000023.jpg,https://www.pets4homes.co.uk/images/articles/4082/large/american-bulldog-or-english-bulldog-which-is-best-for-you-590dd058d799b.jpg
000024.jpg,https://www.pets4homes.co.uk/images/articles/5100/large/ichthyosis-ich-dna-health-testing-for-the-american-bulldog-5bec69bd25c86.jpg
000025.jpg,https://www.dogster.com/wp-content/uploads/2017/02/AmericanBulldog4.jpg
000026.jpg,https://dogzone-tcwebsites.netdna-ssl.com/wp-content/uploads/2018/09/American-Bulldog-vs-Pitbull-2.jpg
000027.jpg,https://animals.net/wp-content/uploads/2018/07/American-Bulldog-13.jpg
000028.jpg,https://upload.wikimedia.org/wikipedia/commons/thumb/6/67/Faithfullbull_Spike_of_Mightybull.jpg/288px-Faithfullbull_Spike_of_Mightybull.jpg
000029.jpg,https://www.yourpurebredpuppy.com/dogbreeds/photos-AB/americanbulldogsf2.jpg
000030.jpg,https://i.redd.it/94r9j9l1o9q01.jpg
000031.jpg,https://i.pinimg.com/originals/6b/5b/00/6b5b00a572f6a3d55324921403ab8e54.jpg
000032.jpg,http://www.dogster.com/wp-content/uploads/2018/08/American-Bulldog.jpg
000033.jpg,https://www.carealotpets.com/images/breeding/dog-breeds/AmericanBulldog.jpg
000034.jpg,https://vetstreet-brightspot.s3.amazonaws.com/0e/e7/12bc8755476392c088fdcf00b9c6/american-bulldog-ap-e8gwwq-645-x-380.jpg
000035.jpg,https://vetstreet-brightspot.s3.amazonaws.com/2f/74/2f250fd440febe6d68496a0ce59d/american-bulldog-ap-8qurvy-645-x-380.jpg
000036.jpg,https://www.pets4homes.co.uk/images/breeds/53/large/cd9838e2d6fdadd66e05d1e3322e57ea.jpg
000037.jpg,https://upload.wikimedia.org/wikipedia/commons/thumb/3/3f/Taurus6weeks.jpg/220px-Taurus6weeks.jpg
000038.jpg,https://petupon.com/wp-content/uploads/2017/09/american-pitbull-300x300.jpg
000039.jpg,https://www.bullymix.com/scott-bulldog-american-beauty.jpg
000040.jpg,https://www.pets4homes.co.uk/images/breeds/53/large/c2c354789a295b88a5cb1e675fa51783.jpg
000041.jpg,https://i.pinimg.com/originals/e2/2b/7c/e22b7c9fd0d9e6976c20910ba4cb121a.jpg
000042.jpg,https://www.dogster.com/wp-content/uploads/2017/02/AmericanBulldog7-thumb.jpg
000043.jpg,https://t2.ea.ltmcdn.com/en/razas/4/3/5/img_534_american-bulldog_0_600.jpg
000044.jpg,https://media.gettyimages.com/photos/closeup-of-american-bulldog-on-wooden-plank-picture-id594857229?s=612x612
000045.jpg,https://i2.wp.com/puppytoob.com/wp-content/uploads/2014/11/american-bulldog-puppies.jpg?resize=748%2C561
000046.jpg,http://ibcdogs.org/wp-content/uploads/2015/09/03.jpg
000047.jpg,https://www.petmd.com/sites/default/files/breedopedia/IMG_0820.JPG
000048.jpg,https://ckcusa.com/media/144617/americanbulldog.png?preset=ckcBreedImage375
000049.jpg,https://dl5zpyw5k3jeb.cloudfront.net/photos/pets/42266070/1/?bust=1543418628&width=720
000050.jpg,https://www.pets4homes.co.uk/images/articles/4741/large/why-is-the-american-bulldog-becoming-so-popular-5ae6d7dc39df8.jpg
