image,source
000001.jpg,https://d17fnq9dkz9hgj.cloudfront.net/breed-uploads/2018/08/american-staffordshire-terrier-detail.jpg?bust=1535565083&width=355
000002.jpg,https://upload.wikimedia.org/wikipedia/commons/thumb/6/66/AMERICAN_STAFFORDSHIRE_TERRIER%2C_Zican%E2%80%99s_Bz_Ez_Dragon_%2824208348891%29.2.jpg/220px-AMERICAN_STAFFORDSHIRE_TERRIER%2C_Zican%E2%80%99s_Bz_Ez_Dragon_%2824208348891%29.2.jpg
000003.jpg,https://cdn1-www.dogtime.com/assets/uploads/2018/01/american-staffordshire-terrier-dog-breed-pictures-cover-460x260.jpg
000004.jpg,https://s3.amazonaws.com/cdn-origin-etr.akc.org/wp-content/uploads/2017/11/07172714/AmStaff.Care_.jpg
000005.jpg,https://s3.amazonaws.com/cdn-origin-etr.akc.org/wp-content/uploads/2017/11/07172037/AmStaff.06.jpg
000006.jpg,https://cdn.britannica.com/s:300x300/39/8139-004-2639C41C.jpg
000007.jpg,https://previews.123rf.com/images/isselee/isselee1705/isselee170500098/77349300-american-staffordshire-terrier-puppy-4-months-old-isolated-on-white.jpg
000008.jpg,https://img.pixers.pics/pho_wat(s3:700/FO/63/01/16/63/700_FO63011663_3382415a06fbe9e00112f1b80e2bdff7.jpg,484,700,cms:2018/10/5bd1b6b8d04b8_220x50-watermark.png,over,264,650,jpg)/wall-murals-american-staffordshire-terrier.jpg.jpg
000009.jpg,https://vetstreet.brightspotcdn.com/dims4/default/94fc9d8/2147483647/thumbnail/645x380/quality/90/?url=https%3A%2F%2Fvetstreet-brightspot.s3.amazonaws.com%2Fc5%2Fe57d80a71811e0a0d50050568d634f%2Ffile%2FAmerican-Staffordshire-Terrier-3-645mk070411.jpg
000010.jpg,https://www.thesprucepets.com/thmb/99ZNsEA_l5yJvMalouFr-FrLcHw=/450x0/filters:no_upscale():max_bytes(150000):strip_icc()/AmericanStaffordshireTerrier-GettyImages-930740994-7d8a39011d0b41958d7bb02a44e899e5.jpg
000011.jpg,https://s3.amazonaws.com/cdn-origin-etr.akc.org/wp-content/uploads/2017/11/12220744/American-Staffordshire-Terrier-Illo-2.jpg
000012.jpg,https://t2.ea.ltmcdn.com/en/razas/9/6/0/img_69_american-staffordshire-terrier_0_600.jpg
000013.jpg,https://previews.123rf.com/images/volofin/volofin1608/volofin160800012/64304741-american-staffordshire-terrier-in-full-face-the-american-staffordshire-terrier-is-in-the-city-park-.jpg
000014.jpg,http://www.worldlifeexpectancy.com/images/a/d/d/b/american_staffordshire_terrier/american_staffordshire_terrier_1.jpg
000015.jpg,https://championshipbreeders.com/wp-content/uploads/2016/08/American-Staffordshire-Terrier-by-Sbolotova_picmonkeyed.jpg
000016.jpg,https://www.dogmal.com/wp-content/uploads/2018/10/american-staffordshire-terrier.jpg
000017.jpg,https://www.purina.com.au/-/media/Project/Purina/Main/Breeds/Dog/Mobile/Dog_American-Staffordshire-Bull-Terrier_Mobile.jpg?h=300&la=en&w=375&hash=E649E83CBB1CCC67A5D6815E61A6B050
000018.jpg,https://breedguide.trupanion.com/images/breed/dog/american-staffordshire-terrier.jpg
000019.jpg,https://dogbreedsfaq.com/wp-content/uploads/American-Staffordshire-Terrier-standing-on-a-park-foot-path.jpg
000020.jpg,https://www.zooplus.ie/magazine/CACHE_IMAGES/768/content/uploads/2018/12/American-Staffordshire-Terrier-Breed.jpg
000021.jpg,https://thehappypuppysite.com/wp-content/uploads/2019/01/american-staffordshire-terrier-mixes-long.jpg
000022.jpg,https://vetstreet-brightspot.s3.amazonaws.com/f5/acce10a41b11e087a80050568d634f/file/American-Stafforshire-Terrier-3-645mk062311.jpg
000023.jpg,https://previews.123rf.com/images/isselee/isselee1212/isselee121200320/16773620-american-staffordshire-terrier-sitting-and-looking-at-camera-against-white-background.jpg
000024.jpg,https://ih1.redbubble.net/image.546174308.2979/poster,840x830,f8f8f8-pad,750x1000,f8f8f8.jpg
000025.jpg,https://cdn.britannica.com/s:500x350,q:1/01/198001-004-61CDECE5.jpg
000026.jpg,https://puppyselect.com/wp-content/uploads/2016/12/18009522_1627757513908968_1788760926_n-min-1000x1000.jpg
000027.jpg,https://images-na.ssl-images-amazon.com/images/I/41103bxJt5L._SX425_.jpg
000028.jpg,https://www.yourpurebredpuppy.com/dogbreeds/photos-AB/americanstaffordshireterriersf2.jpg
000029.jpg,https://cf.ltkcdn.net/dogs/images/std/234047-699x450-american-staffordshire-terrier-breed-overview.jpg
000030.jpg,https://images.fineartamerica.com/images/artworkimages/mediumlarge/1/2-american-staffordshire-terrier-amstaff-creativemotions.jpg
000031.jpg,https://petlandknoxville.com/wp-content/uploads/2018/08/american-straffordshire-terrier-300x300.jpg
000032.jpg,https://ih1.redbubble.net/image.545598918.8812/stf,small,600x600-pad,750x1000,f8f8f8.jpg
000033.jpg,https://vetstreet.brightspotcdn.com/dims4/default/7e0922d/2147483647/crop/0x0%2B0%2B0/resize/645x380/quality/90/?url=https%3A%2F%2Fvetstreet-brightspot.s3.amazonaws.com%2Ff3%2Fc6a350a71811e0a0d50050568d634f%2Ffile%2Famerican-staffordshire-terrier-5-645mk070111.jpg
000034.jpg,https://s3.amazonaws.com/cdn-origin-etr.akc.org/wp-content/uploads/2017/11/07172034/AmStaff.05-400x267.jpg
000035.jpg,https://i.pinimg.com/originals/df/00/8b/df008b0adf9f387a3ac77ac8cf4a7371.jpg
000036.jpg,https://t1.pixers.pics/img-c676e9e9/canvas-prints-american-staffordshire-terrier-puppy.jpg?H4sIAAAAAAAAA42PXW6EMAyErwNSwM6vAwfY1z0CghC2tPyJsO2qp6_ZVn2r1CePrcw3GbgvqR0ihLgccYd57PspwjBOvKV6j2n8jJlxKDCv-TpliKzW97iHfd2yQqIThamEtUY4KfP6o2Xn3O5v2ctxbKkGSLrcxgfjeIQEYU6gUDpAB5bY5wZqiaxrtmk9lrUw-LBYbstNoHjm_hfpQSLYrped63yPpvONUies-CU8sdoQ_5dO9E9BQhR0Fjv2cc646cqvj-x1u-XwR-a3BnbB5QrGg5ZABEafp-ZyNV5LIqObQWrFIngf-ioQdWScipW1qg2dIl9yyhedx0blhgEAAA==
000037.jpg,http://www.explicitamstaff.com/Home_files/Rocky%20and%20Dolly.jpg
000038.jpg,https://www.sportys.com/media/catalog/product/cache/4/image/400x/040ec09b1e35df139433887a97daa66f/1/0/10822l-004.jpg
000039.jpg,https://ckcusa.com/media/147417/american-staffordshire-terrier.jpg?preset=ckcBreedImage375
000040.jpg,https://ih0.redbubble.net/image.546169440.2846/flat,550x550,075,f.u4.jpg
000041.jpg,https://s3.amazonaws.com/cdn-origin-etr.akc.org/wp-content/uploads/2017/11/13001524/American-Staffordshire-Terrier-MP.jpg
000042.jpg,https://dd0f2wgjtus3v.cloudfront.net/img/628x470/9dbbd31443dc35656ef038ed788e429cf798a0d02221.jpg
000043.jpg,https://www.myfamily.it/content/images/thumbs/0027373_brown-american-staffordshire-terrier-id-dog-tag.jpeg
000044.jpg,https://indulgeyourpet.com/wp-content/uploads/american-staffordshire-terrier-pitt-bull-2.png
000045.jpg,https://ih1.redbubble.net/image.665658860.6543/stf,small,600x600-pad,750x1000,f8f8f8.jpg
000046.jpg,https://images-ra.adoptapet.com/seo/1/ff/1082_ff.jpg
000047.jpg,https://dl5zpyw5k3jeb.cloudfront.net/photos/pets/43636080/2/?bust=1545944169&width=720
000048.jpg,https://s3.envato.com/files/255630476/2017_042_012_237.jpg
000049.jpg,https://i1.wp.com/www.mascotarios.org/wp-content/uploads/2011/04/AmericanStaffordshireTerrier.jpg
000050.jpg,https://cf.ltkcdn.net/dogs/images/std/234051-425x283-american-staffordshire-terrier-exercise.jpg
