image,source
000001.jpg,https://d17fnq9dkz9hgj.cloudfront.net/breed-uploads/2018/08/english-coonhound-detail.jpg?bust=1535565048&width=355
000002.jpg,https://images.wagwalkingweb.com/media/breed/american-english-coonhound/appearance/american-english-coonhound.png
000003.jpg,https://www.petguide.com/wp-content/uploads/2013/02/american-english-coonhound.jpg
000004.jpg,https://www.petguide.com/wp-content/uploads/2013/02/american-english-coonhound-1.jpg
000005.jpg,https://cdn3-www.dogtime.com/assets/uploads/2011/01/file_23236_american-english-coonhound-460x290.jpg
000006.jpg,https://cdn1-www.dogtime.com/assets/uploads/gallery/american-english-coonhound-breed/american-coonhound-3.jpg
000007.jpg,https://s3.amazonaws.com/cdn-origin-etr.akc.org/wp-content/uploads/2017/11/13001745/American-English-Coonhound-On-White-03.jpg
000008.jpg,https://s3.amazonaws.com/cdn-origin-etr.akc.org/wp-content/uploads/2017/11/13001806/American-English-Coonhound-Care-500x749.jpg
000009.jpg,https://i.pinimg.com/originals/55/67/30/5567301c610f79a9569066651b0b6416.jpg
000010.jpg,https://s3.amazonaws.com/cdn-origin-etr.akc.org/wp-content/uploads/2017/11/13001754/American-English-Coonhound-MP-e1521815687463.jpg
000011.jpg,https://www.vetarena.org/gallery/image-761.l.jpg
000012.jpg,https://thehappypuppysite.com/wp-content/uploads/2018/12/american-english-coonhound-long-1024x555.jpg
000013.jpg,https://www.dogbreedslist.info/uploads/allimg/dog-pictures/English-Coonhound-2.jpg
000014.jpg,https://www.101dogbreeds.com/wp-content/uploads/2017/12/American-English-Coonhound-Dog.jpg
000015.jpg,http://cdn.akc.org/content/hero/aec_hero.jpg
000016.jpg,https://www.101dogbreeds.com/wp-content/uploads/2017/12/American-English-Coonhound-Hound-Dog.jpg
000017.jpg,https://www.101dogbreeds.com/wp-content/uploads/2017/12/American-English-Coonhound-Images.jpg
000018.jpg,http://www.pethealthnetwork.com/sites/default/files/styles/large/public/the-american-english-coonhound151332491.png?itok=hmyTNhIv
000019.jpg,https://www.sheknows.com/wp-content/uploads/2018/12/xr8zwbo2iu3rjzxzu34s.jpeg
000020.jpg,https://images.wagwalkingweb.com/media/breed/american-english-coonhound/hero/american-english-coonhound.jpg
000021.jpg,https://dgicdplf3pvka.cloudfront.net/images/dogbreeds/1100330.jpg
000022.jpg,https://www.dogproductpicker.com/wp-content/uploads/2019/06/American-English-Coonhound-Breed-Information-%E2%80%93-All-You-Need-to-Know-300x200.jpg
000023.jpg,https://images.ctfassets.net/w00x6p5qkejz/6HXPPAGnu0mEEOEugoyyKC/96069619d5c33e82e33201c41f63d09b/American_English_Coonhound_300x300.jpg
000024.jpg,https://38vtm736ybavjl8ghz51n2ed-wpengine.netdna-ssl.com/wp-content/uploads/2015/04/English-Coonhound.jpg
000025.jpg,https://www.dogsora.com/wp-content/uploads/2018/04/american-english-coonhound.jpg
000026.jpg,https://i.pinimg.com/originals/3c/d2/2e/3cd22e97358f1ac92472b94b217bbf53.jpg
000027.jpg,https://www.purina.com/sites/g/files/auxxlc196/files/styles/kraken_generic_max_width_240/public/HOUND_American-English-Coonhound_0.jpg?itok=z8AysT2c
000028.jpg,https://s3.amazonaws.com/cdn-origin-etr.akc.org/wp-content/uploads/2017/11/12221547/American-English-Coonhound-Illo-2.jpg
000029.jpg,https://www.dogbreedplus.com/dog_breeds/images/American-English-Coonhound-11.jpg
000030.jpg,https://i.ytimg.com/vi/BkhH28nPrgY/maxresdefault.jpg
000031.jpg,https://www.optimal-selection.com/assets/BreedLibrary/BreedImage/Detail/3hgCXrb.jpg
000032.jpg,https://phz8.petinsurance.com/-/media/all-phz-images/article-images/americanenglishcoonhoundpuppy.jpg?h=200&w=240&la=en&hash=555EE5F1DC263A5DA7938DB46F83FD58F39DA3F6
000033.jpg,https://i.ytimg.com/vi/ESZP3hiWDsM/maxresdefault.jpg
000034.jpg,https://4.bp.blogspot.com/-OcJuLiUePnU/WVtfT6HD6NI/AAAAAAAAGMY/Q8HpVlxjAtETXI9Y3gvBqB2DXXek-fiAACLcBGAs/s1600/American_English_Coonhound.jpg
000035.jpg,https://animals.net/wp-content/uploads/2019/01/American-English-Coonhound-2-650x425.jpg
000036.jpg,https://minepuppy.com/wp-content/uploads/2018/02/American-English-Coonhound-puppy-minepuppy.jpg
000037.jpg,https://www.dogbreedinfo.com/images29/AmericanEnglishCoonhoundBuck6YearsOldHuntingDog1.jpg
000038.jpg,http://www.akccoonhounds.org/wp-content/uploads/2013/08/Blackntan-e1377790537127.png
000039.jpg,https://doglime.com/wp-content/uploads/2019/02/American-Coonhound-pup-min.jpg
000040.jpg,https://i.pinimg.com/originals/cd/25/ae/cd25ae5aa56781678074b1bcde334655.jpg
000041.jpg,http://siggysparadise.com/wp-content/uploads/2018/07/Pennys-English-Coonhounds.jpg
000042.jpg,https://www.101dogbreeds.com/wp-content/uploads/2017/12/American-English-Coonhound-Puppies.jpg
000043.jpg,https://thehappypuppysite.com/wp-content/uploads/2018/12/american-english-coonhound-tall-488x1024.jpg
000044.jpg,https://doglime.com/wp-content/uploads/2019/02/American-English-Coonhound-min.jpg
000045.jpg,https://cdn.shopify.com/s/files/1/0030/2943/4412/articles/contemporary-s-american-english-coonhound-information-dog-breeds-at-doglove-american-english-coonhound-black-american-english-coonhound-adoption_american-english-coonhound_13220-800x533.jpg?v=1542664430
000046.jpg,https://vignette.wikia.nocookie.net/dog-breed4080/images/1/1c/26a4677ece9ddb6124b9a4c5173e44d8.jpg/revision/latest?cb=20170829222150
000047.jpg,https://www.dogbreedinfo.com/images31/RedtickCoonhoundTreeingWalkerLabGreatDaneMixBreedDogElvis2.jpg
000048.jpg,https://minepuppy.com/wp-content/uploads/2018/02/group-American-English-Coonhound-minepuppy.jpg
000049.jpg,https://cdn-images-1.medium.com/max/1200/1*pRsSTC3wAJ-lnO-S5J2j-g.png
000050.jpg,https://i1.wp.com/www.dogbreedinfo.com/images5/RedtickFlora.jpg
