image,source
000001.jpg,https://i.ytimg.com/vi/AxoW_zBZrKw/maxresdefault.jpg
000002.jpg,https://i.pinimg.com/236x/1b/5b/45/1b5b4578f1eca0c9501e489de3062268.jpg
000003.jpg,https://miro.medium.com/max/1400/1*LuFaLeTmXYsdgxCHP9aa3A.jpeg
000004.jpg,https://upload.wikimedia.org/wikipedia/commons/thumb/c/cf/American_Bully_Stud.jpg/200px-American_Bully_Stud.jpg
000005.jpg,https://miro.medium.com/max/2000/1*GeIOKnq9Zkhfg8lRdlfvlA.jpeg
000006.jpg,https://prodimage.images-bn.com/pimages/2940154398807_p0_v1_s550x406.jpg
000007.jpg,https://upload.wikimedia.org/wikipedia/commons/thumb/6/63/Champion_Charlie_Muscles_%282%29.jpg/220px-Champion_Charlie_Muscles_%282%29.jpg
000008.jpg,https://animalso.com/wp-content/uploads/2018/04/american-bully-4-d-809x558.jpg
000009.jpg,https://americanbullydaily.com/wp-content/uploads/2015/01/American-Bully-Short.jpg?81d011&81d011
000010.jpg,https://americanbullydaily.com/wp-content/uploads/2018/09/Pocket-American-Bully.jpg?81d011&81d011
000011.jpg,https://animalso.com/wp-content/uploads/2018/04/american-bully-3-d.jpg
000012.jpg,https://i.pinimg.com/originals/ad/de/44/adde4498defaef5fa967a3ad1ea7e307.jpg
000013.jpg,https://cdn.shopify.com/s/files/1/0996/1308/files/IMG_5292.JPG?v=1547426599
000014.jpg,https://live.staticflickr.com/8390/8599222904_e4017ecb82_b.jpg
000015.jpg,https://i.ytimg.com/vi/CiAV8Q7FmRg/maxresdefault.jpg
000016.jpg,https://www.pets4homes.co.uk/images/breeds/406/3e0c8489be508a1923ae2adedee04620.jpg
000017.jpg,https://mk0vitaminsforpt67wc.kinstacdn.com/wp-content/uploads/2013/06/kurupt-line-blood-bullies.jpg
000018.jpg,https://americanbullydaily.com/wp-content/uploads/2018/09/American_Bully_1.jpg?81d011&81d011
000019.jpg,https://www.dogbreedinfo.com/images26/AmericanBullyBullyPitPitbullPurebredDogGhost2YearsOld1.jpg
000020.jpg,https://miro.medium.com/max/1838/1*ZV0k07N4wusbmTfY6jqGPA.jpeg
000021.jpg,http://ibcdogs.org/wp-content/uploads/2015/09/10.jpg
000022.jpg,https://images.freeimages.com/images/premium/previews/1650/16504477-purebred-female-canine-american-bully-dog.jpg
000023.jpg,https://www.dhresource.com/0x0s/f2-albu-g7-M00-88-23-rBVaSlt6bkSAXel5AAQghYd7NwU908.jpg/simulation-american-bully-pitbull-car-dog.jpg
000024.jpg,https://http2.mlstatic.com/american-bully-abkc-D_NQ_NP_647193-MLB28060850931_082018-Q.jpg
000025.jpg,https://thereview.ca/wp-content/uploads/2018/06/Submitted_American-Bully-dog-show_WEB.jpg
000026.jpg,http://theabkcdogs.org/wp-content/uploads/2010/05/americanbullyopt.jpg
000027.jpg,http://www.theobkc.com/wp-content/uploads/2018/08/TambaStandard.jpg
000028.jpg,https://upload.wikimedia.org/wikipedia/commons/thumb/6/6a/%282x_ch_GRAN_DALI%29_BOTTIcelli_.jpg/300px-%282x_ch_GRAN_DALI%29_BOTTIcelli_.jpg
000029.jpg,https://previews.123rf.com/images/korsakov84/korsakov841703/korsakov84170300015/76215768-american-bully-smile-in-grass.jpg
000030.jpg,https://images-na.ssl-images-amazon.com/images/I/61-8KjycA3L._SX425_.jpg
000031.jpg,https://i0.wp.com/theebullco.com/wp-content/uploads/2018/06/temp-6-42901169-1527875735275.jpg?resize=770%2C500&ssl=1
000032.jpg,https://www.certapet.com/wp-content/uploads/2017/12/American-Bully.jpg
000033.jpg,https://upload.wikimedia.org/wikipedia/commons/5/58/Cirock_American_Bully_Female_%288597745629%29.jpg
000034.jpg,https://i.pinimg.com/originals/b7/d6/fc/b7d6fc946477788edb2b8b738e090a54.jpg
000035.jpg,https://www.urbanpawsuk.com/wp-content/uploads/2016/12/thumbnail_Image-4.jpg
000036.jpg,https://cdn.shopify.com/s/files/1/0996/1308/files/DSC_0598_2.jpeg?v=1554916032
000037.jpg,https://gfp-2a3tnpzj.stackpathdns.com/wp-content/uploads/2016/07/American-Bully-600x600.jpg
000038.jpg,https://http2.mlstatic.com/D_NQ_NP_910841-MLB31428726567_072019-Q.jpg
000039.jpg,https://images1.jiji.ng/19442372_img-20180620-wa0009_620x630.jpg
000040.jpg,https://www.dogmal.com/wp-content/uploads/2016/09/American-Bully.jpg
000041.jpg,https://animalso.com/wp-content/uploads/2018/04/micro-american-bully-vs-american-bully-809x539.jpg
000042.jpg,https://www.m-dog.org/wp-content/uploads/2019/01/American-Bully.jpg
000043.jpg,https://i.redd.it/1iylakpxc9a21.jpg
000044.jpg,https://breedingbusiness.com/wp-content/uploads/2015/11/the-american-bully-101-800x400.jpg
000045.jpg,https://www.americanbullyworld.com/wp-content/uploads/2014/06/blue-pitbull-puppy.jpg
000046.jpg,https://i.ebayimg.com/00/s/MTAyNFg4MTk=/z/UPMAAOSwDO9dBN4C/$_86.JPG
000047.jpg,https://i1.wp.com/www.woefkesranch.be/gallery/albums/userpics/10001/American-Bully-teef-7581-2.JPG?resize=400%2C300&ssl=1
000048.jpg,https://upload.wikimedia.org/wikipedia/commons/thumb/9/91/American_Bully.jpg/1200px-American_Bully.jpg
000049.jpg,https://images2.jiji.ng/19764200_gbwa-20180731234158_620x465.jpg
000050.jpg,https://i0.wp.com/cdn.shopify.com/s/files/1/0996/1308/files/miagi-american-bully-extreme_grande.jpg?resize=640%2C354&ssl=1
