image,source
000001.jpg,https://s3.amazonaws.com/cdn-origin-etr.akc.org/wp-content/uploads/2017/11/13001556/American-Leopard-Hound-On-White-01.jpg
000002.jpg,https://s3.amazonaws.com/cdn-origin-etr.akc.org/wp-content/uploads/2017/11/05165905/American-Leopard-Hound.jpg
000003.jpg,https://s3.amazonaws.com/cdn-origin-etr.akc.org/wp-content/uploads/2017/11/12191232/American-Leopard-Hound-MP.jpg
000004.jpg,https://www.petful.com/wp-content/uploads/2016/01/american-leopard-hound.png
000005.jpg,https://www.ukcdogs.com/images/general/american-leopard-hound-pups.jpg
000006.jpg,https://images.wagwalkingweb.com/media/breed/american-leopard-hound/hero/American-Leopard-Hound.jpg
000007.jpg,https://s3.amazonaws.com/cdn-origin-etr.akc.org/wp-content/uploads/2017/11/12210346/American-Leopard-Hound-01.jpg
000008.jpg,https://www.petguide.com/wp-content/uploads/2014/06/american-leopard-hound.jpg
000009.jpg,https://s3.amazonaws.com/cdn-origin-etr.akc.org/wp-content/uploads/2017/11/12141835/American-Leopard-Hound-puppy.jpg
000010.jpg,https://www.ukcdogs.com/images/breeds/american-leopard-hound1.jpg
000011.jpg,https://www.ukcdogs.com/images/breeds/american-leopard-hound-color-example.jpg
000012.jpg,https://minepuppy.com/wp-content/uploads/2018/02/American-Leopard-Hound-breed-brown-minepuppy.jpg
000013.jpg,https://doglime.com/wp-content/uploads/2019/06/American-Leopard-Hound-Feeding-methods.jpg
000014.jpg,https://i.pinimg.com/originals/3c/cf/d4/3ccfd43619af7b6f9ecc0c0624d0f679.jpg
000015.jpg,https://upload.wikimedia.org/wikipedia/commons/7/78/Lep2.jpg
000016.jpg,https://minepuppy.com/wp-content/uploads/2018/02/American-Leopard-Hound-breed-blue-eyesminepuppy-300x300.jpg
000017.jpg,https://i.pinimg.com/originals/d8/8b/e0/d88be022ce044074b1625c982ef42686.jpg
000018.jpg,https://www.ukcdogs.com/images/breeds/american-leopard-hound-tail-example2.jpg
000019.jpg,https://www.petguide.com/wp-content/uploads/2014/06/american-leopard-hound-2-668x501.jpg
000020.jpg,https://puppyproject.org/wp-content/uploads/2015/03/American-Leopard-Hound.jpg
000021.jpg,https://images.baxterboo.com/global/images/article/American_leopard_hound.jpg
000022.jpg,https://minepuppy.com/wp-content/uploads/2018/02/American-Leopard-Hound-breed-puppies-minepuppy.jpg
000023.jpg,https://www.petful.com/wp-content/uploads/2016/01/american-leopard-hound-750x426.jpg
000024.jpg,https://s3.amazonaws.com/cdn-origin-etr.akc.org/wp-content/uploads/2017/11/12205430/Treeing-Tennessee-Brindle-on-White-01-400x267.jpg
000025.jpg,https://bigdogbreeds.info/wp-content/uploads/parser/american-leopard-hound-temperament-1.jpg
000026.jpg,http://i50.tinypic.com/dmrymq.jpg
000027.jpg,http://www.dogbreedlist.org/wp-content/uploads/American-Leopard-Hounds.jpg
000028.jpg,http://i.rwpic.com/images/bigmacbantams/femalepup2.jpg
000029.jpg,http://i10.tinypic.com/4i6oztt.jpg
000030.jpg,https://i.ytimg.com/vi/PlP3fkKNSz4/maxresdefault.jpg
000031.jpg,https://petland-orlando-east.com/wp-content/uploads/2018/11/1251951_800.jpg
000032.jpg,https://vignette.wikia.nocookie.net/sakc-dogs/images/8/8d/Am_leopard_hound.jpg/revision/latest?cb=20130531142158
000033.jpg,https://dogloversmagazine.com/wp-content/uploads/2018/02/american-leopard-hound.jpg
000034.jpg,https://doggiedesigner.com/wp-content/uploads/2018/04/American-Leopard-Hound-1.jpg
000035.jpg,https://s3.amazonaws.com/cdn-origin-etr.akc.org/wp-content/uploads/2017/11/12230641/Mountain-Cur-On-White-01-400x267.jpg
000036.jpg,https://doglime.com/wp-content/uploads/2019/02/American-Leopard-Hound-pup-1.jpg
000037.jpg,http://i574.photobucket.com/albums/ss186/bigmacbantams/merlepup.jpg
000038.jpg,http://i1191.photobucket.com/albums/z471/hankowfowl/Bruno/007.jpg
000039.jpg,https://cdn.imgbin.com/4/18/8/imgbin-dog-breed-catahoula-cur-english-foxhound-great-dane-american-leopard-hound-others-G7EzkyaX66AkSJCkJb87WFdbw.jpg
000040.jpg,https://i5.walmartimages.com/asr/24de082d-5ce1-4b48-a9ca-9e3694539f21_1.af88719e0429e2047dd8ae84c9f5b0c2.jpeg?odnHeight=450&odnWidth=450&odnBg=FFFFFF
000041.jpg,https://www.theoutdoorstrader.com/data/MetaMirrorCache/i1216.photobucket.com_albums_dd378_eric4harvick29_ResizedImage_1379891716734.jpg
000042.jpg,https://doglime.com/wp-content/uploads/2019/02/American-Leopard-Hound-Dog-Breed.jpg
000043.jpg,https://www.petguide.com/wp-content/uploads/2014/06/american-leopard-hound-1-200x300.jpg
000044.jpg,https://images2.weku.io/DQmQET29vNjQNL1JeNYWZAdf7vW1f47oNCGivPfpoHPXMYq/7822221_orig.jpg
000045.jpg,https://bigdogbreeds.info/wp-content/uploads/parser/meeks-american-leopard-hound-4.jpg
000046.jpg,https://petlandknoxville.com/wp-content/uploads/2019/01/1252712_800.jpg
000047.jpg,http://fallinpets.com/wp-content/uploads/2019/05/American-Leopard-Hound-Dog-Breed-Information-18-262x262.jpg
000048.jpg,https://www.rover.com/blog/wp-content/uploads/2018/06/blackmothcur-960x540.jpg
000049.jpg,https://www.worldlydogs.com/uploads/5/2/2/3/52234445/5235784_orig.png
000050.jpg,https://www.worldlydogs.com/uploads/5/2/2/3/52234445/688759_orig.png
