image,source
000001.jpg,https://cdn1-www.dogtime.com/assets/uploads/2011/01/file_23006_american-foxhound-460x290.jpg
000002.jpg,https://d17fnq9dkz9hgj.cloudfront.net/breed-uploads/2018/08/american-foxhound-detail.jpg?bust=1535565072&width=355
000003.jpg,https://vetstreet.brightspotcdn.com/dims4/default/de9e04e/2147483647/thumbnail/645x380/quality/90/?url=https%3A%2F%2Fvetstreet-brightspot.s3.amazonaws.com%2F19%2Ff231d0a41b11e087a80050568d634f%2Ffile%2FAmerican-Foxhound-3-645mk062311.jpg
000004.jpg,https://s3.amazonaws.com/cdn-origin-etr.akc.org/wp-content/uploads/2017/11/13001630/American-Foxhound-On-White-03.jpg
000005.jpg,https://s3.amazonaws.com/cdn-origin-etr.akc.org/wp-content/uploads/2017/11/05140410/American-Foxhound-2.jpg
000006.jpg,https://s3.amazonaws.com/cdn-origin-etr.akc.org/wp-content/uploads/2017/11/05140418/American-Foxhound.jpg
000007.jpg,https://upload.wikimedia.org/wikipedia/commons/e/e7/AmericanFoxhound2.jpg
000008.jpg,https://vetstreet-brightspot.s3.amazonaws.com/e9/579150a41a11e087a80050568d634f/file/American-Foxhound-1-645mk062311.jpg
000009.jpg,https://images.ctfassets.net/w00x6p5qkejz/3bnFFatRZe0WUIuCqQu4CI/e36c33d0b895393c5df7e7db371e2831/American_Foxhound1.png
000010.jpg,https://www.petguide.com/wp-content/uploads/2013/02/american-foxhound.jpg
000011.jpg,https://i.ytimg.com/vi/wjy57iaPmFA/hqdefault.jpg
000012.jpg,https://www.dogbreedslist.info/uploads/allimg/dog-pictures/American-Foxhound-2.jpg
000013.jpg,https://vignette.wikia.nocookie.net/rare-dog-breeds/images/3/39/AmericanFoxhoundDaiseyBugStanding.jpg/revision/latest?cb=20171022182830
000014.jpg,https://thehappypuppysite.com/wp-content/uploads/2018/12/American-Foxhound-long.jpg
000015.jpg,https://www.dogbreedslist.info/uploads/allimg/dog-pictures/American-Foxhound-3.jpg
000016.jpg,https://minepuppy.com/wp-content/uploads/2018/02/American-Foxhound-minepuppy.jpg
000017.jpg,http://cdn.akc.org/content/article-body-image/AFH_Hero.jpg
000018.jpg,http://cdn.akc.org/content/article-body-image/american_foxhound_pack.jpg
000019.jpg,https://www.justdogbreeds.com/images/breeds/american-foxhound.jpg
000020.jpg,https://www.dogbreedslist.info/uploads/allimg/dog-pictures/American-Foxhound-1.jpg
000021.jpg,http://www.pethealthnetwork.com/sites/default/files/styles/large/public/the-american-foxhound92366990.png?itok=MnsTBTw2
000022.jpg,https://happypetstories.com/media/zoo/images/americanfoxhound_9bda106e19154bbdc272ce4567a890d9.jpg
000023.jpg,https://ckcusa.com/media/147411/american-foxhound.jpg?preset=ckcBreedImage375
000024.jpg,https://canadiandogs.com/wp-content/uploads/American-Foxhound.jpg
000025.jpg,https://whatbreedisit.com/wp-content/uploads/2015/08/American-Foxhound.jpg
000026.jpg,https://www.petmd.com/sites/default/files/breedopedia/IMGA0372.JPG
000027.jpg,https://images.ctfassets.net/w00x6p5qkejz/7kssSzbySccMYm2yOIMK6C/9bfee969049d37851cffbf17965f6bc8/American_Foxhound5.png
000028.jpg,https://i.pinimg.com/originals/7e/ee/b6/7eeeb6e0bb760e1307cc8003c76783da.jpg
000029.jpg,https://www.vetarena.org/gallery/image-22.l.jpg
000030.jpg,https://s3.amazonaws.com/cdn-origin-etr.akc.org/wp-content/uploads/2017/11/13001745/American-English-Coonhound-On-White-03-400x267.jpg
000031.jpg,https://www.selectadogbreed.com/media/1690/foxhound_adult.jpg
000032.jpg,https://cdn1-www.dogtime.com/assets/uploads/gallery/american-foxhound-dog-breed-pictures/4-sidestand.jpg
000033.jpg,https://dgicdplf3pvka.cloudfront.net/images/dogbreeds/large/American-Foxhound.jpg
000034.jpg,https://img.dog-learn.com/dog-breeds/foxhound/foxhound-sz6.jpg
000035.jpg,https://www.pedigree.com/images/default-source/breed-images/large3922078ea3f66930bcd1ff00004ce6f7.jpg?sfvrsn=6fd46e49_0
000036.jpg,https://doglime.com/wp-content/uploads/2019/02/Harrier-Dog-Breed.jpg
000037.jpg,https://a-z-animals.com/media/animals/images/470x370/american_foxhound2.jpg
000038.jpg,https://dl5zpyw5k3jeb.cloudfront.net/photos/pets/44378652/2/?bust=1554903968
000039.jpg,https://www.petful.com/wp-content/uploads/2013/11/american-foxhound.jpg
000040.jpg,https://i.pinimg.com/originals/33/4b/cd/334bcd8940e733287c7535a48ac198ca.jpg
000041.jpg,https://www.dogalize.com/wp-content/uploads/2017/01/AmericanFoxhound_hero.jpg
000042.jpg,https://indulgeyourpet.com/wp-content/uploads/american-foxhound.png
000043.jpg,https://i.pinimg.com/originals/ad/5c/69/ad5c69d4aeeda6487698420f90a94f44.jpg
000044.jpg,https://www.nbcsports.com/sites/nbcsports.com/files/2018/11/21/nbc_dog_hound_americanfoxhound_181119.jpg
000045.jpg,https://2.bp.blogspot.com/-MX5CdTPCmM8/WEdOh0p3NxI/AAAAAAAAFU8/tgreepe6jjo1ulyb6wkmtZ8_0bT62prXgCLcB/s1600/american-foxhound-1.jpg
000046.jpg,https://upload.wikimedia.org/wikipedia/commons/thumb/1/1f/AmericanFoxhound.jpg/220px-AmericanFoxhound.jpg
000047.jpg,https://doggiedesigner.com/wp-content/uploads/2018/09/American-Foxhound-2.jpg
000048.jpg,https://i.pinimg.com/originals/8a/62/5f/8a625f451ecb2961e57c1fc3558395fe.jpg
000049.jpg,http://www.thedogfiles.com/wp-content/uploads/2009/09/americanfoxhound.jpg
000050.jpg,https://www.pawsplaygrounds.com/wp-content/uploads/2017/03/american-foxhound.jpg
