image,source
000001.jpg,http://www.dogzone.com/images/breeds/andalusian-hound.jpg
000002.jpg,https://upload.wikimedia.org/wikipedia/commons/c/c1/Podenco_chico_resized.jpg
000003.jpg,https://www.petguide.com/wp-content/uploads/2017/02/andalusian-hound.jpg
000004.jpg,https://www.dogzone.com/images/breeds/andalusian-hound-800.jpg
000005.jpg,https://www.dogbreedslist.info/uploads/allimg/dog-pictures/Andalusian-Hound-1.jpg
000006.jpg,https://i.pinimg.com/originals/92/fc/21/92fc21b8a69116b109a2f66f1505c8a8.jpg
000007.jpg,https://www.petguide.com/wp-content/uploads/2017/02/andalusian-hound-2.jpg
000008.jpg,https://www.dogbreedslist.info/uploads/allimg/dog-pictures/Andalusian-Hound-2.jpg
000009.jpg,https://www.mascotarios.org/wp-content/uploads/2011/06/podencoandaluz.jpg
000010.jpg,https://upload.wikimedia.org/wikipedia/commons/5/5e/Maneto1.jpg
000011.jpg,https://alchetron.com/cdn/andalusian-hound-1a408b6d-8a21-4151-9691-38fd26991f9-resize-750.jpeg
000012.jpg,https://i.pinimg.com/originals/64/54/91/645491085d74edcc1b3320d988db2977.jpg
000013.jpg,https://c8.alamy.com/comp/XBDCNB/andalusian-hound-adult-male-walking-on-a-lawn-germany-XBDCNB.jpg
000014.jpg,https://pets-place.net/Breeds/P/PodencoAndaluzImage1.jpg
000015.jpg,https://i.pinimg.com/originals/78/70/9e/78709e3c5ac028c843457bd2a5fd5d2c.jpg
000016.jpg,https://minepuppy.com/wp-content/uploads/2018/02/Andalusian-Hound-breed-brown-minepuppy.jpg
000017.jpg,https://i.ytimg.com/vi/CmNNrFPY0X0/hqdefault.jpg
000018.jpg,https://gudog.s3.amazonaws.com/dog/avatar/152812/big_12618e96-2ae3-49c8-83fb-115422c9fb09.jpeg
000019.jpg,https://www.dogbreedslist.info/uploads/allimg/dog-pictures/Andalusian-Hound-3.jpg
000020.jpg,https://i.pinimg.com/originals/49/bc/a0/49bca08108b4b9204f93d6d0237f526e.jpg
000021.jpg,https://www.worldlydogs.com/uploads/5/2/2/3/52234445/podenco-andaluz_orig.png
000022.jpg,https://images-na.ssl-images-amazon.com/images/I/414pL0pNwRL._SX331_BO1,204,203,200_.jpg
000023.jpg,https://previews.123rf.com/images/dneprstock/dneprstock1803/dneprstock180300015/97290538-andalusian-hound-dog-digital-art-illustration-isolated-on-white-background-dogs-similar-to-other-ibe.jpg
000024.jpg,https://c8.alamy.com/comp/JATEN4/cute-andalusian-hound-canis-lupus-familiaris-dog-lying-and-relaxing-JATEN4.jpg
000025.jpg,http://yachtaparusmystoboj.space/wp-content/uploads/2017/02/andalusian-hound-1.jpg
000026.jpg,https://previews.123rf.com/images/alonsoaguilar/alonsoaguilar1610/alonsoaguilar161000122/66247899-close-up-of-andalusian-hound-dog-with-shampoo-over-its-head-and-snout.jpg
000027.jpg,https://c8.alamy.com/comp/F6532E/andalusian-hound-adult-male-walking-on-a-lawn-germany-F6532E.jpg
000028.jpg,https://i1.wp.com/www.mascotarios.org/wp-content/gallery/podencoandaluz/podencoandaluz0.jpg
000029.jpg,https://minepuppy.com/wp-content/uploads/2018/02/Andalusian-Hound-breed-large-minepuppy.jpg
000030.jpg,https://i.pinimg.com/originals/13/42/ad/1342ad16126cafb168ef89d2745fa692.jpg
000031.jpg,https://podenco-andaluz.xaz.es/wp-content/uploads/2018/06/podenco-anadaluz.jpg
000032.jpg,https://upload.wikimedia.org/wikipedia/commons/d/d8/Maneto_en_atencion.jpg
000033.jpg,https://images-na.ssl-images-amazon.com/images/I/41%2BRWw6Z8BL._SX331_BO1,204,203,200_.jpg
000034.jpg,https://minepuppy.com/wp-content/uploads/2018/02/Andalusian-Hound-dog-breed-minepuppy.jpg
000035.jpg,https://images-na.ssl-images-amazon.com/images/I/414SnLnYDdL._SX331_BO1,204,203,200_.jpg
000036.jpg,https://thumbs.dreamstime.com/z/andalusian-hound-spanish-podenco-andaluz-beige-background-55309292.jpg
000037.jpg,https://res.cloudinary.com/fleetnation/image/private/c_fit,w_1120/g_south,l_text:style_gothic2:%C2%A9%20Ivonne%20Wierink,o_20,y_10/g_center,l_watermark4,o_25,y_50/v1453394577/b5w6fokhdczhnbdtvapp.jpg
000038.jpg,https://t2.ea.ltmcdn.com/en/images/2/3/1/5_andalusian_hound_3132_4_600.jpg
000039.jpg,https://previews.123rf.com/images/alonsoaguilar/alonsoaguilar1610/alonsoaguilar161000124/66136705-close-up-of-andalusian-hound-dog-that-receives-a-massage-with-shampoo-at-its-head-while-is-taking-a-.jpg
000040.jpg,https://i.ytimg.com/vi/LkZxa14KnEE/hqdefault.jpg
000041.jpg,https://comps.canstockphoto.com/andalusian-hound-stock-photo_csp27289546.jpg
000042.jpg,https://previews.123rf.com/images/alonsoaguilar/alonsoaguilar1610/alonsoaguilar161000120/66136929-red-haired-dog-andalusian-hound-breed-with-shampoo-foam-over-its-snout-and-head-takes-a-bath-into-a-.jpg
000043.jpg,https://i1.wp.com/www.mascotarios.org/wp-content/gallery/podencoandaluz/podencoandaluz2.jpg
000044.jpg,https://minepuppy.com/wp-content/uploads/2018/02/Andalusian-Hound-breed-small-minepuppy.jpg
000045.jpg,https://upload.wikimedia.org/wikipedia/commons/thumb/5/51/Pies_faraona_e34.jpg/220px-Pies_faraona_e34.jpg
000046.jpg,https://comps.canstockphoto.com/andalusian-hound-stock-image_csp28102261.jpg
000047.jpg,https://i.pinimg.com/originals/c2/fb/55/c2fb554ea8e358f6962c6ad56086e88b.jpg
000048.jpg,https://res.cloudinary.com/fleetnation/image/private/c_fit,w_1120/g_south,l_text:style_gothic2:%C2%A9%20Ivonne%20Wierink,o_20,y_10/g_center,l_watermark4,o_25,y_50/v1453393894/cx2vfk3wceuroj13usxc.jpg
000049.jpg,https://c8.alamy.com/comp/X5NHK4/andalusian-hound-adult-dog-sitting-meadow-germany-X5NHK4.jpg
000050.jpg,https://i.ytimg.com/vi/iiT1vs0ulnQ/maxresdefault.jpg
