image,source
000001.jpg,https://i.ytimg.com/vi/miSkYRHYzz0/hqdefault.jpg
000002.jpg,https://www.petguide.com/wp-content/uploads/2019/05/anglo-francais-de-petite-venerie-668x445.jpg
000003.jpg,https://images.wagwalkingweb.com/media/breed/anglo-francais-de-petite-venerie/hero/Anglo-Francais_de_Petite_Venerie.jpg
000004.jpg,http://www.easypetmd.com/sites/default/files/Anglo-Fran%C3%A7ais_de_petite_v%C3%A9nerie.jpg
000005.jpg,http://www.anglo-francais-petite-venerie.fr/images/chiens/chien-09.jpg
000006.jpg,http://www.dogshub.in/wp-content/uploads/2018/07/Anglo-Fran%C3%A7ais-de-Petite-V%C3%A9nerie.jpg
000007.jpg,https://2puppies.com/api/media/cache/breed_photo/Anglo-Francais-De-Petite-Venerie/Anglo-Francais-De-Petite-Venerie-2.jpg
000008.jpg,https://www.woopets.fr/assets/races/000/013/mobile/anglo-francais-petite-venerie.jpg
000009.jpg,http://petgroup.org/sites/default/files/36781anglo_francais_de_petite_venerie.jpg
000010.jpg,https://img.chien.com/img/races-de-chiens/108_big-anglo-francais-de-petite-venerie.jpg
000011.jpg,https://www.carealotpets.com/images/breeding/dog-breeds/Anglo-FrancaisdePetiteVenerie.jpg
000012.jpg,https://upload.wikimedia.org/wikipedia/commons/c/cd/Anglo-Fran%C3%A7ais_De_Petite_V%C3%A9nerie.jpg
000013.jpg,http://www.anglo-francais-petite-venerie.fr/images/chiens/chien-08.jpg
000014.jpg,http://www.dogzone.com/images/breeds/anglo-francais.jpg
000015.jpg,https://dsa45.fr/modules//smartblog/views/img/7-single-default.jpg
000016.jpg,https://c8.alamy.com/comp/BHDWGH/anglo-francais-de-petite-venerie-dog-BHDWGH.jpg
000017.jpg,https://chien.ouest-atlantis.com/images/tele/anglo-francais-petite-venerie-000.jpg
000018.jpg,http://www.dogwallpapers.net/wallpapers/walking-anglo-francais-de-petite-venerie-dog-photo.jpg
000019.jpg,https://www.europetnet.com/images/dogbreeds/anglofrancaisdepetitevenerie.jpg
000020.jpg,https://www.holidogtimes.com/wp-content/uploads/2018/06/Anglo-Francais-dog.jpg
000021.jpg,https://i.ytimg.com/vi/4gpmDtO7mTg/maxresdefault.jpg
000022.jpg,https://www.eleveurs-online.com/img/im/race/l247.png
000023.jpg,https://i.pinimg.com/236x/5e/f2/37/5ef237bc19fe9ab0ecee37ddeba01473--hunting-beautiful-dogs.jpg
000024.jpg,https://www.chiens-de-france.com/photo/chiens/2016_02/chiens-Anglo-Francais-de-petite-venerie-68e2ec40-eb5b-0584-bd32-e8b483502460.jpg
000025.jpg,http://www.anglo-francais-petite-venerie.fr/images/chiens/chien-02.jpg
000026.jpg,http://i60.servimg.com/u/f60/11/00/15/30/dsc_0611.jpg
000027.jpg,https://bepuppyblog-4fef.kxcdn.com/wp-content/uploads/2017/11/Anglo-Francais-De-Petite-Venerie-696x469.jpg
000028.jpg,https://i.pinimg.com/originals/3d/b8/46/3db846c07eeb00afcdef307e930840ab.jpg
000029.jpg,https://www.chiens-de-france.com/photo/chiens/2016_04/chiens-Anglo-Francais-de-petite-venerie-1baa52e0-ecea-12c4-e596-53483b9e7490.jpg
000030.jpg,https://upload.wikimedia.org/wikipedia/commons/0/00/Anglo-fran%C3%A7ais_de_petite_v%C3%A9nerie%2C_%C2%ABan_Oudemer%C2%BB-103.jpg
000031.jpg,https://upload.dogzer.com/img_global/4-108-chien-anglo-francais-de-petite-venerie/_light-324088-tambour-anglo-francais-de-petite-venerie.jpg
000032.jpg,http://i44.servimg.com/u/f44/11/44/57/16/dsc_5010.jpg
000033.jpg,http://www.dogwallpapers.net/wallpapers/lovely-anglo-francais-de-petite-venerie-dog-wallpaper.jpg
000034.jpg,https://c8.alamy.com/comp/X7P4JF/three-anglo-francais-de-petite-venerie-puppies-in-basket-X7P4JF.jpg
000035.jpg,https://banner2.kisspng.com/20180531/yfb/kisspng-beagle-english-foxhound-anglo-franais-de-petite-5b0f8b17a00499.3514132515277453036555.jpg
000036.jpg,https://upload.wikimedia.org/wikipedia/commons/2/2a/Anglo-fran%C3%A7ais_de_petite_v%C3%A9nerie%2C_%C2%ABOp_dem_Hut%C2%BB%2C_Haanenhaff-115.jpg
000037.jpg,https://media.ooreka.fr/public/image/3-306003-5723-medium-13547203.jpg
000038.jpg,http://club-canin-arzens.e-monsite.com/medias/album/anglo-francais-de-petite-venerie.jpg
000039.jpg,http://xopark.com/wp-content/uploads/2015/10/xopark6anglo-francais-de-petite-venerie.jpg
000040.jpg,https://upload.dogzer.com/img_global/4-108-chien-anglo-francais-de-petite-venerie/_light-240321-decibel.jpg
000041.jpg,https://upload.wikimedia.org/wikipedia/commons/2/2b/Anglo-fran%C3%A7ais_de_petite_v%C3%A9nerie%2C_beim_Sandweiler_B%C3%ABsch-113.jpg
000042.jpg,http://www.anglo-francais-petite-venerie.fr/images/chiens/chien-13.jpg
000043.jpg,https://cdn.shopify.com/s/files/1/1400/1661/articles/nov702_1024x1024.png?v=1541560929
000044.jpg,https://i.pinimg.com/originals/f4/9b/c4/f49bc43c1e574cff1909e00e6e40c577.jpg
000045.jpg,https://www.ouest-france.fr/sites/default/files/styles/image-900x500/public/2013/10/31/la-meute-de-didier-le-gal-elue-la-meilleure-dimanche0.jpg?itok=_4bNE76p
000046.jpg,https://i.skyrock.net/5762/68195762/pics/2724307796_small_2.jpg
000047.jpg,https://upload.wikimedia.org/wikipedia/commons/4/43/Anglo-fran%C3%A7ais_de_petite_v%C3%A9nerie%2C_beim_Sandweiler_B%C3%ABsch-112.jpg
000048.jpg,https://upload.chien.com/img_global/24-le-chien/usages-du-chien/_light-17007-en-chasse-avec-une-meute-d-anglo-francais-de-petite-venerie.jpg
000049.jpg,https://previews.agefotostock.com/previewimage/medibigoff/06b1b4ecd53a302b777d5f924b7793b3/ssj-122454.jpg
000050.jpg,https://images-na.ssl-images-amazon.com/images/I/51qdTSD9HjL._SX450_.jpg
