image,source
000001.jpg,https://www.zooplus.de/magazin/CACHE_IMAGES/768/content/uploads/2017/03/appenzeller-sennenhund-im-grass.jpg
000002.jpg,https://cdn.pixabay.com/photo/2018/10/17/21/36/appenzeller-sennenhund-3755002_960_720.jpg
000003.jpg,http://www.zooroyal.de/magazin/wp-content/uploads/2017/03/appenzeller-sennenhund-hunderassen-760x560.jpg
000004.jpg,https://i.pinimg.com/originals/54/7e/64/547e6431b90334cc219637a77b2583d5.jpg
000005.jpg,https://doglime.com/wp-content/uploads/2019/02/Appenzeller-Sennenhund-training-at-home.jpg
000006.jpg,https://hundeinfoportal.de/wp-content/uploads/2018/11/appenzeller-sennenhund-hunderasse-rasseportraet.jpg
000007.jpg,https://3.bp.blogspot.com/-BM84P01PUuM/WH5lgbEdfdI/AAAAAAAAFxE/DK79yCAhXNskAsFdENaNQRTVuDE59qrUACLcB/s1600/Appenzeller%2BSennenhund.jpg
000008.jpg,https://previews.123rf.com/images/vikarus/vikarus1107/vikarus110700013/10049840-appenzeller-sennenhund-dog-portrait-in-summer.jpg
000009.jpg,https://www.zooplus.ch/magazin/CACHE_IMAGES/768wp-content/uploads/2017/03/appenzeller-sennenhund.jpg
000010.jpg,https://www.hundemagazin.net/wp-content/uploads/2016/05/appenzeller-sennenhund.jpg
000011.jpg,https://hundebabys.info/wp-content/uploads/2018/11/shutterstock_648444031.jpg
000012.jpg,https://www.yourpurebredpuppy.com/dogbreeds/photos-AB/appenzellermountaindogsf3.jpg
000013.jpg,http://media.einfachtierisch.de/thumbnail/600/0/media.einfachtierisch.de/images/2016/12/Appenzeller-Sennenhund-MyImages-Micha-Shutterstock-306804173.jpg
000014.jpg,https://www.agila.de/images/magazin/full/appenzeller-sennenhund-full-818x522.jpg
000015.jpg,https://www.vdh.de/welpen/uploads/zrfancy/15_767.jpg
000016.jpg,http://www.dogzone.com/images/breeds/appenzeller-sennenhund.jpg
000017.jpg,http://vdh-lv-hessen.de/wp-content/uploads/2017/01/bastian-von-der-ofleider-hoehe-02-350x350.png
000018.jpg,https://futalis.de/media/rasseseiten/appenzeller-sennenhund-rassemerkmale.jpg
000019.jpg,https://hundebabys.info/wp-content/uploads/2018/11/shutterstock_648444070.jpg
000020.jpg,https://minepuppy.com/wp-content/uploads/2018/02/Appenzeller-Sennenhund-breed-minepuppy.jpg
000021.jpg,https://i.ytimg.com/vi/jLtG2rsxM4w/maxresdefault.jpg
000022.jpg,https://i.ytimg.com/vi/fnPw5NO76fM/maxresdefault.jpg
000023.jpg,https://www.pfotenkenner.de/wp-content/uploads/2018/02/Appenzeller-Sennenhund.jpg
000024.jpg,https://cdn2-www.dogtime.com/assets/uploads/2011/01/file_23244_what-is-the-appenzeller-sennenhunde-dog.jpg
000025.jpg,https://s3.amazonaws.com/cdn-origin-etr.akc.org/wp-content/uploads/2017/11/07194156/AdobeStock_64186349.jpg
000026.jpg,https://yourdogmagazin.at/wp-content/uploads/2017/04/bannerappenzeller.jpg
000027.jpg,https://thumbs.dreamstime.com/z/sennenhund-appenzeller-tricolor-dog-isolated-white-studio-30387419.jpg
000028.jpg,https://www.petguide.com/wp-content/uploads/2014/05/appenzeller-sennenhunde.jpg
000029.jpg,https://t4.ftcdn.net/jpg/02/27/50/65/500_F_227506543_0xlvBRTzGsMAa61CQ8KgMmbBheqhZyaQ.jpg
000030.jpg,https://i1.wp.com/alles-dog.de/wp-content/uploads/2016/03/Fotolia_81980916_XS.jpg?w=656&h=437&ssl=1
000031.jpg,http://i.pinger.pl/pgr375/3ad468a0001eb0e549ae9b27/appenzeller_sennenhunde.jpg
000032.jpg,https://minepuppy.com/wp-content/uploads/2018/02/Appenzeller-Sennenhund-breed-puppy-minepuppy.jpg
000033.jpg,https://www.dogbreedslist.info/uploads/allimg/dog-pictures/Appenzeller-Sennenhund-2.jpg
000034.jpg,https://i.pinimg.com/originals/90/e4/51/90e4513fe28ad71c85771867ce37907a.jpg
000035.jpg,https://upload.wikimedia.org/wikipedia/commons/f/f4/Sennenhund.jpg
000036.jpg,https://welpenknigge.de/wp-content/uploads/2018/12/Appenzeller-Sennenhund-Junghund-beim-Spielen-678x381.jpg
000037.jpg,http://www.appenzeller-vom-felsengarten.de/photogallery/2018/Yentl-mit-Waldmops-1.jpg
000038.jpg,https://static.wixstatic.com/media/c4bfd1_fdec9163bd8a4a3fb6693f2519dd2dbe~mv2.jpg
000039.jpg,http://www.dogwallpapers.net/wallpapers/appenzeller-sennenhund-dogs-wallpaper.jpg
000040.jpg,https://i.ytimg.com/vi/l5jCzLGtrUU/maxresdefault.jpg
000041.jpg,https://images.wagwalkingweb.com/media/breed/appenzeller-mountain-dog/appearance/appenzeller-mountain-dog.png
000042.jpg,https://www.haustiermagazin.com/wp-content/uploads/Appenzeller-Sennenhund-Steckbrief.jpg
000043.jpg,https://images.wagwalkingweb.com/media/breed/appenzeller-mountain-dog/hero/appenzeller-mountain-dog-1.jpg
000044.jpg,https://alle-sennenhunde.de/sennenhund/appenzeller-sennenhunde-welpen-2.jpg
000045.jpg,https://www.appenzellerlinks.ch/Appenzell-Appenzellerland/Fotos/album/Appenzeller-Sennenhunde/slides/Appenzeller%20Sennenhund%20Welpe.JPG
000046.jpg,https://previews.agefotostock.com/previewimage/medibigoff/8e48a785fb6f5977050a0007619870ef/pre-rm01914150022.jpg
000047.jpg,https://topdogconeyisland.com/wp-content/uploads/2018/07/appenzeller-sennenhund-lebenserwartung.jpg
000048.jpg,https://dogpuppiesfans.altervista.org/wp-content/uploads/2017/12/threequartersstand-8.jpg
000049.jpg,https://www.appenzellerlinks.ch/Appenzell-Appenzellerland/Fotos/album/Appenzeller-Sennenhunde/slides/Appenzeller%20Sennenhund%20Welpe%20auf%20Entdeckungstour.JPG
000050.jpg,https://cdn3-www.dogtime.com/assets/uploads/gallery/appenzeller-sennenhunde-dog-breed-pictures/field-7.jpg
