image,source
000001.jpg,https://vignette.wikia.nocookie.net/dog-breed4080/images/f/f7/3_ariege_pointer.jpg/revision/latest?cb=20170917185659
000002.jpg,https://www.101dogbreeds.com/wp-content/uploads/2017/06/Ariege-Pointer-Images.jpg
000003.jpg,https://38vtm736ybavjl8ghz51n2ed-wpengine.netdna-ssl.com/wp-content/uploads/2015/05/Ariege-Pointer.jpg
000004.jpg,https://www.101dogbreeds.com/wp-content/uploads/2017/06/Ariege-Pointer-Pictures.jpg
000005.jpg,https://www.101dogbreeds.com/wp-content/uploads/2017/06/Pictures-of-Ariege-Pointer.jpg
000006.jpg,https://www.101dogbreeds.com/wp-content/uploads/2017/06/Ariege-Pointer.jpg
000007.jpg,https://www.desicomments.com/wp-content/uploads/Ariege-Pointer-Dog-Image-ADB98522DC1222.jpg
000008.jpg,https://www.breederfetch.com/images/breed-information/dog-pictures/ariege-pointer-2.jpg
000009.jpg,https://www.dogbreedslist.info/uploads/allimg/dog-pictures/Ariege-Pointer-2.jpg
000010.jpg,http://2.bp.blogspot.com/-FnF7I7OHUg8/Tq-kKSGP_CI/AAAAAAAAAnc/40OnsqFsdVM/s1600/f471bc72-8b50-9204-0517-ece816694868.jpg
000011.jpg,https://www.petpaw.com.au/wp-content/uploads/2012/07/Ariege-Pointer3-640x270.jpg
000012.jpg,https://www.101dogbreeds.com/wp-content/uploads/2017/06/Ariege-Pointer-Dog.jpg
000013.jpg,https://i.pinimg.com/originals/cf/6e/8d/cf6e8d55b14b262069eb6bfacf974a81.jpg
000014.jpg,https://alchetron.com/cdn/ariege-pointer-79fdbe68-eb15-4571-8eb1-dd12862b3c1-resize-750.jpeg
000015.jpg,https://www.desicomments.com/wp-content/uploads/Ariege-Pointer-Dog-Picture-ADB98521DC1221-600x596.jpg
000016.jpg,https://i.ytimg.com/vi/JNluIH8ytwc/hqdefault.jpg
000017.jpg,https://www.desicomments.com/wp-content/uploads/White-Ariege-Pointer-In-Forest-ADB98519DC1219.jpg
000018.jpg,http://www.dogwallpapers.net/wallpapers/ariege-pointer-jack-photo.jpg
000019.jpg,https://images.puppyfinder.com/Breed/b/a/1/ba10e34139d7d0ec_395_image1_medium.jpg
000020.jpg,http://www.dogwallpapers.net/wallpapers/ariege-pointer-puppies.jpg
000021.jpg,https://www.dogbreedslist.info/uploads/allimg/dog-pictures/Braque-du-Bourbonnais-1.jpg
000022.jpg,https://images.puppyfinder.com/Breed/7/c/f/7cf7885bac764916_695_image1.jpg
000023.jpg,https://previews.123rf.com/images/dneprstock/dneprstock1803/dneprstock180300017/97364857-ariege-pointer-dog-digital-art-illustration-isolated-on-white-braque-de-ariege-pointing-dog-pointer-.jpg
000024.jpg,https://animalsadda.com/wp-content/uploads/2017/05/Ariege-Pointer-5.jpg
000025.jpg,http://www.furrycritter.com/fcn/assets/img/dogs/Ariege_Pointer.jpg
000026.jpg,http://lifestyle.iloveindia.com/lounge/images/ariege-pointer.jpg
000027.jpg,https://cache.desktopnexus.com/thumbseg/294/294186-bigthumbnail.jpg
000028.jpg,https://i.pinimg.com/236x/7a/56/09/7a560955cbdac43f3837f604a974b6dd--dog-furniture-english-pointer.jpg
000029.jpg,https://images.fineartamerica.com/images/artworkimages/mediumlarge/1/ariege-pointer-dog-poster-art-wall-photo-vintage-dog-poster-french-dog-pointer-restored-truck-ph-art-makes-happy.jpg
000030.jpg,https://c8.alamy.com/comp/PJ4R96/ariege-pointer-canis-familiaris-portrait-braque-de-lariege-PJ4R96.jpg
000031.jpg,https://upload.wikimedia.org/wikipedia/commons/thumb/5/54/Braque_saint-germain_666.jpg/1200px-Braque_saint-germain_666.jpg
000032.jpg,http://dogbreedstandards.com/wp-content/uploads/2012/01/Pointer-English-Pointer.jpg
000033.jpg,https://animalsadda.com/wp-content/uploads/2017/05/Ariege-Pointer-4.jpg
000034.jpg,https://www.doglib.com/wp-content/uploads/sites/2/cu/cute-pointerpuppiespictures-breed.jpg
000035.jpg,https://upload-2.dogzer.net/image_global/4-233-dog-ariege-pointer/_light-73605-topperlite.jpg
000036.jpg,https://i.etsystatic.com/8164940/r/il/a95da4/1145227004/il_fullxfull.1145227004_6f0s.jpg
000037.jpg,https://www.defendanimals.com/images/231-2-1035781242_tank-top-ariege-pointer-dog.png
000038.jpg,https://media.gettyimages.com/photos/ariege-pointer-side-view-picture-id108008747?s=612x612
000039.jpg,https://i.pinimg.com/originals/04/8b/b0/048bb014307a440c21693aef8619bcf2.jpg
000040.jpg,http://www.dogwallpapers.net/wallpapers/ariege-pointer-in-the-meadow-wallpaper.jpg
000041.jpg,https://images-na.ssl-images-amazon.com/images/I/71fRSGUEk8L._SX355_.jpg
000042.jpg,https://i.ebayimg.com/images/g/70EAAOSwZddcJ2WS/s-l300.jpg
000043.jpg,https://cdn.fotofits.com/petzlover/gallery/img/l/poodle-658486.jpg
000044.jpg,https://c.shld.net/rpx/i/s/pi/mp/1363/prod_3592541303?src=http%3A%2F%2Fsite.unbeatablesale.com%2FCRLT151843.JPG&d=0c8176656f2a46679c58b9e164fbd9249a65f85a&?hei=64&wid=64&qlt=50
000045.jpg,http://www.petpaw.com.au/wp-content/gallery/ariege-pointer/ariege-pointer-6.jpg
000046.jpg,https://m.media-amazon.com/images/I/B1Uem6hZZ7S._CLa%7C2140,2000%7C71uBiovyVVL.png%7C0,0,2140,2000+0.0,0.0,2140.0,2000.0._UX522_.png
000047.jpg,https://cdn.fotofits.com/responsive/500x500/petzlover/gallery/img/l/alpine-dachsbracke-658540.jpg
000048.jpg,https://www.defendanimals.com/images/231-2-1035717808_women-tshirt-ariege-pointer-dog.png
000049.jpg,https://i.pinimg.com/236x/03/3e/18/033e1867fe4b58470743ad2f5a420f24.jpg
000050.jpg,https://www.desicomments.com/wp-content/uploads/Ariege-Pointer-With-Toy-ADB98518DC1218.jpg
