image,source
000001.jpg,https://upload.wikimedia.org/wikipedia/commons/thumb/e/e9/Astcd.jpg/220px-Astcd.jpg
000002.jpg,https://upload.wikimedia.org/wikipedia/commons/1/16/Australian_Stumpy_Tail_Cattle_Dog.jpg
000003.jpg,https://www.dogsnsw.org.au/media/img/BrowseAllBreed/Australian-Stumpy-Tail-Cattle-Dog.jpg
000004.jpg,https://www.dogbreedslist.info/uploads/allimg/dog-pictures/Australian-Stumpy-Tail-Cattle-Dog-2.jpg
000005.jpg,https://sspc.b-cdn.net/wp-content/uploads/puppies/Australian-Stumpy-Tail-Cattle-Dog-Slideshow-04.jpg
000006.jpg,https://images.ctfassets.net/w00x6p5qkejz/3OXEpp8WHew6auCcQ8eaUe/15762c30e7deac5344050fe2dd022265/Australian_Stumpy_Tail_Cattle_Dog1.png
000007.jpg,https://www.dogbreedinfo.com/images28/AustralianStumpyTailCattleDogPea2YearsOldSouthAustralia3.jpg
000008.jpg,https://www.101dogbreeds.com/wp-content/uploads/2017/07/Australian-Stumpy-Tail-Cattle-Dog.jpg
000009.jpg,https://i.pinimg.com/originals/8b/86/f9/8b86f98f21c2c998306cf0fab178a8f6.jpg
000010.jpg,http://westofwangara.com/wp-content/uploads/2012/10/hannah-use.jpg
000011.jpg,https://s3-eu-west-1.amazonaws.com/w3.cdn.gpd/gb.pedigree.56/large_8f65857b-8354-4057-91de-4028ab152bcf.jpg
000012.jpg,https://animalsbreeds.com/wp-content/uploads/2015/01/Australian-Stumpy-Tail-Cattle-Dog-4.jpg
000013.jpg,https://www.101dogbreeds.com/wp-content/uploads/2017/07/Australian-Stumpy-Tail-Cattle-Dog-Images.jpg
000014.jpg,https://i.ytimg.com/vi/aZfZW54kEh0/maxresdefault.jpg
000015.jpg,https://www.dogbreedinfo.com/images12/StumpyTailCattleDog6monthpup.jpg
000016.jpg,http://www.easypetmd.com/sites/default/files/australian%20stumpy%20tail%20cattle%20dog.jpg
000017.jpg,https://images.wagwalkingweb.com/media/breed/australian-stumpy-tail-cattle/hero/Australian-Stumpy-Tail-Cattle.jpg
000018.jpg,https://i.pinimg.com/originals/ab/07/49/ab07493ba1160ff44e94c0758b114985.jpg
000019.jpg,https://i.redd.it/yh5k2f7b7n5z.jpg
000020.jpg,https://cdn.shopify.com/s/files/1/0994/0236/files/australian-stumpy-tail_large.jpg?v=1560910234
000021.jpg,https://animalsadda.com/wp-content/uploads/2017/06/Australian-Stumpy-Tail-Cattle-Dog-6.jpg
000022.jpg,https://www.dogs4sale.com.au/Breeds/Australian_Stumpy_Tail_Cattle_Dog/Fact_Sheets/Bokospride_BFP_Billy.jpg
000023.jpg,https://www.k9rl.com/wp-content/uploads/2016/01/Blue-Australian-Stumpy-Tail-Cattle-Dog.jpg
000024.jpg,https://wds2018.com/wp-content/uploads/2017/05/Australian-Stumpy-Tail-Cattle-Dog.jpg
000025.jpg,https://www.dogbreedslist.info/uploads/allimg/dog-pictures/Australian-Stumpy-Tail-Cattle-Dog-3.jpg
000026.jpg,http://www.easypetmd.com/sites/default/files/australian%20stumpy%20tail%20cattle%20dog%20(1).JPG
000027.jpg,https://i.ytimg.com/vi/Z8qJMegfgho/hqdefault.jpg
000028.jpg,http://westofwangara.com/wp-content/uploads/2012/01/RUBIS-Hannah-2.jpg
000029.jpg,https://res.cloudinary.com/petrescue/image/upload/h_638,w_638,c_pad,q_auto:best/v1512538117/ug4pplik2dddvl6zlpud.png
000030.jpg,https://images.ctfassets.net/w00x6p5qkejz/5IBE9VeQ6csaG8mIwq0aEs/c08adcf1f2595a4a03158ec85ed8bb3a/Australian_Stumpy-tailed_Dog_B_W_Small_File.png
000031.jpg,https://australiancattledogrescue.com/wp-content/uploads/2016/10/Ziggy02-731x411.jpg
000032.jpg,http://lifestyle.iloveindia.com/lounge/images/australian-stumpy-tail-cattle-dogs.jpg
000033.jpg,http://dogbreedstandards.com/wp-content/uploads/2012/01/Stumpy-Tail-Cattle-Dog.jpg
000034.jpg,http://www.wolfweb.com.au/acd/images/Pup%202.JPG
000035.jpg,https://www.101dogbreeds.com/wp-content/uploads/2017/07/Images-of-Australian-Stumpy-Tail-Cattle-Dog.jpg
000036.jpg,https://janedogs.com/assets/Working/Herding-Sheepdogs/_resampled/ResizedImage200210-Dingo-Lyn.jpg
000037.jpg,https://www.dogbreedinfo.com/images12/StumpyTailCattleDogdec2227Bella.JPG
000038.jpg,https://i.redd.it/mh22s8pdwar21.jpg
000039.jpg,https://animalsbreeds.com/wp-content/uploads/2015/01/Australian-Stumpy-Tail-Cattle-Dog-2.jpg
000040.jpg,https://www.advancepet.com.au/images/breeds/aust_stumpy_tail_cattle_dog.jpg
000041.jpg,https://i.pinimg.com/originals/07/f1/39/07f139db7aa28df48f88497c324bf520.jpg
000042.jpg,https://www.petdirectory.com.au/vil.php?vi=450&vs=1
000043.jpg,https://i.ytimg.com/vi/zeFnm9_wVJI/maxresdefault.jpg
000044.jpg,https://s3.amazonaws.com/cdn-origin-etr.akc.org/wp-content/uploads/2017/11/13001403/Australian-Cattle-Dog-On-White-03.jpg
000045.jpg,https://www.k9rl.com/wp-content/uploads/2016/01/Australian-Stumpy-Tail-Cattle-Dog-Breed.jpg
000046.jpg,https://www.worldlydogs.com/uploads/5/2/2/3/52234445/8691740_orig.png
000047.jpg,https://www.kellycattleco.com.au/main/images/MARYHEATHER-NED-KELLEY.jpg
000048.jpg,http://www.ozpets.com.au/images/article/2/511b.jpg
000049.jpg,http://www.dearpets.net/images/temupic/Stumpy.jpg
000050.jpg,http://www.spockthedog.com/wp-content/uploads/2013/03/Australian-Stumpy-Tail-Cattle-Dog-Big-Family.jpg
