image,source
000001.jpg,https://upload.wikimedia.org/wikipedia/commons/thumb/a/ac/Brandlbracke.JPG/220px-Brandlbracke.JPG
000002.jpg,https://www.petguide.com/wp-content/uploads/2017/12/austrian-black-and-tan-hound.jpg
000003.jpg,https://www.dogbreedslist.info/uploads/allimg/dog-pictures/Austrian-Black-and-Tan-Hound-1.jpg
000004.jpg,http://www.dogzone.com/images/breeds/austrian-black-and-tan-hound.jpg
000005.jpg,https://www.dogbreedslist.info/uploads/allimg/dog-pictures/Austrian-Black-and-Tan-Hound-3.jpg
000006.jpg,https://www.pets4homes.co.uk/images/articles/3365/large/the-gorgeous-austrian-black-and-tan-hound-565f1bb014446.jpg
000007.jpg,https://www.petguide.com/wp-content/uploads/2017/12/austrian-black-and-tan-hound-2.jpg
000008.jpg,https://i2.wp.com/www.mascotarios.org/wp-content/uploads/2011/08/AustrianBlackandTanHound.jpg
000009.jpg,https://www.dogbreedplus.com/dog_breeds/images/austrian_black_and_tan_hound.jpg
000010.jpg,https://wds2018.com/wp-content/uploads/2017/05/Brandlbracke_2.jpg
000011.jpg,https://i.pinimg.com/236x/4f/12/58/4f1258e972acd00ea7626a91e9f1423b--tans-horses.jpg
000012.jpg,https://animalsadda.com/wp-content/uploads/2018/01/Austrian-Black-and-Tan-Hound.jpg
000013.jpg,https://www.pets4homes.co.uk/images/articles/2425/large/more-information-on-the-black-and-tan-coonhound-549ff59813c6e.jpg
000014.jpg,http://dogbreedstandards.com/wp-content/uploads/2013/03/austrian-black-and-tan-hound.jpg
000015.jpg,http://www.petpaw.com.au/wp-content/uploads/2014/09/Austrian-Black-and-Tan-Hound21.jpg
000016.jpg,http://www.easypetmd.com/sites/default/files/Austrian%20Black%20and%20Tan%20Hound%20(1).jpg
000017.jpg,http://3.bp.blogspot.com/-baBBVyG2hmQ/TarZYuhoqvI/AAAAAAAAACU/5nPvbUTdnhw/s1600/Austrian%2BBlack%2BAnd%2BTan%2BHound%2BDog%2BBreed%2BImages%2B02.jpg
000018.jpg,https://www.101dogbreeds.com/wp-content/uploads/2018/08/Images-of-Austrian-Black-and-Tan-Hound.jpg
000019.jpg,https://i.ytimg.com/vi/NwJofwGCFIg/maxresdefault.jpg
000020.jpg,https://i.pinimg.com/236x/85/17/dc/8517dcd300ac1601ff4a6127d47f866b--i-love-dogs-big-dogs.jpg
000021.jpg,https://www.carealotpets.com/images/breeding/dog-breeds/AustrianBlackAndTanHound.jpg
000022.jpg,https://c8.alamy.com/comp/X02KK2/austrian-black-and-tan-hound-X02KK2.jpg
000023.jpg,http://cdn.akc.org/content/article-body-image/btc_body_image_2.jpg
000024.jpg,https://i.pinimg.com/236x/03/d9/cf/03d9cfecd8e062aabb3a9e5a17550791--tans-horses.jpg
000025.jpg,https://www.101dogbreeds.com/wp-content/uploads/2018/08/Austrian-Black-and-Tan-Hound-Puppies.jpg
000026.jpg,http://www.gopetsamerica.com/dog_breeds/pics/austrian_hound.jpg
000027.jpg,https://banner2.kisspng.com/20180330/edw/kisspng-austrian-black-and-tan-hound-black-and-tan-coonhou-dogs-5abe41f8b01220.2970795815224181687212.jpg
000028.jpg,https://images.puppyfinder.com/Breed/5/7/f/57f203b0b2f782ff_406_image1_medium.jpg
000029.jpg,https://i3.wp.com/www.mascotarios.org/wp-content/gallery/austrian-black-and-tan-hound/austrian-black-and-tan-hound.jpg
000030.jpg,https://i.pinimg.com/736x/e0/0a/e1/e00ae13eb16d380a3b6cc0efeab286f6--tans-descendants-of.jpg
000031.jpg,https://c8.alamy.com/comp/X578PF/austrian-black-and-tan-hound-X578PF.jpg
000032.jpg,https://banner2.kisspng.com/20180810/kvt/kisspng-black-and-tan-coonhound-austrian-black-and-tan-hou--5b6d33685f6546.6411986815338832403908.jpg
000033.jpg,https://www.101dogbreeds.com/wp-content/uploads/2018/08/Austrian-Black-and-Tan-Hound-Puppy.jpg
000034.jpg,https://banner2.kisspng.com/20180723/fe/kisspng-black-and-tan-coonhound-austrian-black-and-tan-hou-short-haired-border-collie-5b567a5fd68c88.6701943715323940798788.jpg
000035.jpg,https://d17fnq9dkz9hgj.cloudfront.net/breed-uploads/2018/08/black-and-tan-coonhound-detail.jpg?bust=1535565252&width=355
000036.jpg,https://www.ukcdogs.com/images/breeds/austrian-black-and-tan-hound.jpg
000037.jpg,https://i.ytimg.com/vi/Lb2Lkg9W3q4/maxresdefault.jpg
000038.jpg,https://www.dogbreedslist.info/uploads/allimg/dog-pictures/Bavarian-Mountain-Hound-1.jpg
000039.jpg,https://i.pinimg.com/originals/b6/91/cf/b691cf06b139ae07de0eb46d807ad0d1.jpg
000040.jpg,http://cdn.akc.org/content/hero/btc_hero_.jpg
000041.jpg,https://www.worldlifeexpectancy.com/images/a/d/d/b/black_and_tan_coonhound/black_and_tan_coonhound_1.jpg
000042.jpg,https://cdn.imgbin.com/20/19/24/imgbin-austrian-black-and-tan-hound-dachshund-black-and-tan-coonhound-polish-hunting-dog-smaland-hound-teckel-dTMNnJceyjEbpSpgDx9uCcxz6.jpg
000043.jpg,https://www.dogbreedslist.info/uploads/allimg/dog-pictures/Black-and-Tan-Coonhound-1.jpg
000044.jpg,https://banner2.kisspng.com/20180622/yol/kisspng-austrian-black-and-tan-hound-black-and-tan-coonhou-vizsla-5b2d3d2a2361b6.6921365315296914341449.jpg
000045.jpg,https://vetstreet.brightspotcdn.com/dims4/default/240a177/2147483647/crop/0x0%2B0%2B0/resize/645x380/quality/90/?url=https%3A%2F%2Fvetstreet-brightspot.s3.amazonaws.com%2F68%2F5f7d50a72211e0a0d50050568d634f%2Ffile%2FBlack-and-Tan-Coonhound-5-380mk062311.jpg
000046.jpg,https://dl5zpyw5k3jeb.cloudfront.net/photos/pets/45142448/2/?bust=1562115793&width=720
000047.jpg,https://i.pinimg.com/originals/24/bc/68/24bc68b3e3b01339547aae7a905b0486.jpg
000048.jpg,https://c8.alamy.com/comp/EJAY57/austrian-black-and-tan-hound-EJAY57.jpg
000049.jpg,https://moderndogmagazine.com/sites/default/files/styles/slidehsow-banner/public/images/breeds/top_images/OscarMadison-BTCoonhound.jpg?itok=3oLwGvn-
000050.jpg,https://get.pxhere.com/photo/puppy-dog-canine-pet-mammal-animals-vertebrate-dog-breed-rottweiler-dog-like-mammal-austrian-black-and-tan-hound-polish-hunting-dog-transylvanian-hound-697349.jpg
