image,source
000001.jpg,https://cdn1-www.dogtime.com/assets/uploads/2011/01/file_23288_barbet-460x290.jpg
000002.jpg,https://upload.wikimedia.org/wikipedia/commons/thumb/5/57/Barbety_suki_2009_pl3.jpg/250px-Barbety_suki_2009_pl3.jpg
000003.jpg,http://www.dogzone.com/images/breeds/barbet.jpg
000004.jpg,https://s3.amazonaws.com/cdn-origin-etr.akc.org/wp-content/uploads/2017/11/27114851/barbet.lying_.jpg
000005.jpg,https://s3.amazonaws.com/cdn-origin-etr.akc.org/wp-content/uploads/2017/11/12211227/Barbet-History-02.jpg
000006.jpg,https://s3.amazonaws.com/cdn-origin-etr.akc.org/wp-content/uploads/2017/11/27142955/Barbet-puppy.jpg
000007.jpg,https://www.101dogbreeds.com/wp-content/uploads/2017/05/Barbet-Dog-Images.jpg
000008.jpg,https://www.holidogtimes.com/wp-content/uploads/2018/06/barbet-dog-1-810x413.png
000009.jpg,https://i.ytimg.com/vi/GNeoIN3coxY/maxresdefault.jpg
000010.jpg,http://nebula.wsimg.com/22124d88370a31ca19a5f42000e33944?AccessKeyId=44D040BC299FD9F6CB1D&disposition=0&alloworigin=1
000011.jpg,https://www.pets4homes.co.uk/images/classifieds/2017/10/22/1745519/large/french-water-dog-barbet-not-cockapoo-59ec6c5e8ba17.jpg
000012.jpg,https://doglime.com/wp-content/uploads/2019/02/Barbet-Dog-Breed-Information.jpg
000013.jpg,https://www.101dogbreeds.com/wp-content/uploads/2017/05/Barbet-Dog-Pictures.jpg
000014.jpg,https://www.101dogbreeds.com/wp-content/uploads/2017/05/Pictures-of-Barbet-Dog.jpg
000015.jpg,https://i.pinimg.com/originals/e6/8b/5f/e68b5f8898dbfa0d381ed42e069fe42a.jpg
000016.jpg,https://images.squarespace-cdn.com/content/v1/5c6838887a1fbd48bc4bfbd4/1552073678505-CEJU143AYTLRKUNLAFIX/ke17ZwdGBToddI8pDm48kMpqyoMiERQw0z2E_XEynJp7gQa3H78H3Y0txjaiv_0fDoOvxcdMmMKkDsyUqMSsMWxHk725yiiHCCLfrh8O1z4YTzHvnKhyp6Da-NYroOW3rv7sVmavAApj1cuSnuUyXzqqXjS3CfNDSuuf31e0tVF3FzrasoMP6MQ2IOgvkTi7akT9EvBoluuNVY-Gwsau7mK8SyEziaWFhz-jb4DupS4/claire+nessa+solene.jpg
000017.jpg,http://olsenvet.com/wp-content/uploads/2018/03/de0630ac84cbe27020cad1ece6d5f5cf-300x226.jpg
000018.jpg,https://dgicdplf3pvka.cloudfront.net/images/dogbreeds/large/Barbet.jpg
000019.jpg,https://www.101dogbreeds.com/wp-content/uploads/2017/05/Barbet-Dog-Puppy.jpg
000020.jpg,http://frenchwaterdog.org/wp-content/uploads/MG_4153.jpg
000021.jpg,http://frenchwaterdog.org/wp-content/gallery/studs/novaforestaoak.JPG
000022.jpg,https://animalsadda.com/wp-content/uploads/2017/10/Barbet-2.jpg
000023.jpg,https://dnl7t01l0fo05.cloudfront.net/wp-content/uploads/2018/06/barbet-dog-2.jpg
000024.jpg,https://i.pinimg.com/originals/ca/27/c3/ca27c35e607190853a9917d49426ebb7.jpg
000025.jpg,https://i.ytimg.com/vi/YQtQS_1rYNs/hqdefault.jpg
000026.jpg,https://animalsfocus.com/wp-content/uploads/2018/11/Barbet5.jpg
000027.jpg,https://planetdetective.com/wp-content/uploads/Barbet-Dog-8.jpg
000028.jpg,https://s3.amazonaws.com/cdn-origin-etr.akc.org/wp-content/uploads/2017/11/12210807/Barbet-on-White-08-e1529025652189-400x267.jpg
000029.jpg,https://www.petful.com/wp-content/uploads/2014/05/Barbet-750x410.jpg
000030.jpg,https://www.dogbreedslist.info/uploads/allimg/dog-pictures/Barbet-2.jpg
000031.jpg,https://alldogsworld.com/wp-content/uploads/2014/08/barbet.jpg
000032.jpg,https://s3.amazonaws.com/cdn-origin-etr.akc.org/wp-content/uploads/2017/11/12211254/Barbet-on-White-04-400x267.jpg
000033.jpg,https://www.pets4homes.co.uk/images/articles/4578/large/introducing-the-kennel-clubs-newest-recognised-dog-breed-the-barbet-5a68f1c46da54.jpg
000034.jpg,http://nebula.wsimg.com/f379131b0ded6189fa0569ad74c54db7?AccessKeyId=7B6473A9A2C977926883&disposition=0&alloworigin=1
000035.jpg,http://www.canadasguidetodogs.com/customergraphics/retrievers/barbet_roverbarbet_adphoto.jpg
000036.jpg,https://www.k9rl.com/wp-content/uploads/2016/01/French-Water-Dog.jpg
000037.jpg,https://dogsbreedusa.online/barbet/barbet-dog-white/
000038.jpg,https://si.wsj.net/public/resources/images/P1-BG306_BARBET_G_20120524185228.jpg
000039.jpg,https://s3.amazonaws.com/cdn-origin-etr.akc.org/wp-content/uploads/2017/11/27114846/Barbet-care.jpg
000040.jpg,http://americanbarbet.com/wp-content/uploads/2011/05/cinna-snow-1-of-11(pp_w768_h511).jpg
000041.jpg,http://poochinfo.com/wp-content/uploads/2018/07/Brown-Barbet.jpg
000042.jpg,https://www.101dogbreeds.com/wp-content/uploads/2017/05/Barbet-Dog.jpg
000043.jpg,https://cdn1-www.dogtime.com/assets/uploads/gallery/barbet-dog-breed-pictures/leash-2_680-453.jpg
000044.jpg,https://img.dog-learn.com/dog-breeds/barbet/barbet-sz6.jpg
000045.jpg,https://barbety.pl/wp-content/gallery/georgia/georgia-21-of-1.jpg
000046.jpg,https://www.petguide.com/wp-content/uploads/2014/08/barbet.jpg
000047.jpg,https://threedog.com/app/uploads/2018/12/Getting2KnowU-Barbet.jpg
000048.jpg,https://i.ytimg.com/vi/BV_jDo_qKGk/maxresdefault.jpg
000049.jpg,https://c8.alamy.com/comp/XBWC4R/barbet-dog-on-grass-XBWC4R.jpg
000050.jpg,https://www.wolfdogbasics.com/wp-content/uploads/2018/08/Barbet-dog-pictures-4487.jpg
