image,source
000001.jpg,https://cdn3-www.dogtime.com/assets/uploads/gallery/basenji-dog-breed-pictures/1-standforward.jpg
000002.jpg,https://cdn3-www.dogtime.com/assets/uploads/2011/01/file_23008_basenji-460x290.jpg
000003.jpg,https://d17fnq9dkz9hgj.cloudfront.net/breed-uploads/2018/08/basenji-detail.jpg?bust=1535565141&width=355
000004.jpg,https://d17fnq9dkz9hgj.cloudfront.net/breed-uploads/2018/08/basenji-card-small.jpg?bust=1535569244
000005.jpg,https://upload.wikimedia.org/wikipedia/commons/thumb/c/c5/Basenji_Profile_%28loosercrop%29.jpg/220px-Basenji_Profile_%28loosercrop%29.jpg
000006.jpg,https://vetstreet.brightspotcdn.com/dims4/default/9998aee/2147483647/thumbnail/645x380/quality/90/?url=https%3A%2F%2Fvetstreet-brightspot.s3.amazonaws.com%2F9b%2F2c%2F20b2c075446b962ac7fb4b1380a1%2Fbasenji-AP-1PBZA8-645sm11514.jpg
000007.jpg,https://s3.amazonaws.com/cdn-origin-etr.akc.org/wp-content/uploads/2017/11/13001133/Basenji-On-White-01.jpg
000008.jpg,https://www.harlingenveterinaryclinic.com/sites/default/files/styles/large/adaptive-image/public/basenji-dog-breed-info.jpg?itok=c1zuvyZ7
000009.jpg,https://azure.wgp-cdn.co.uk/app-yourdog/posts/basenji.jpg
000010.jpg,https://s3.amazonaws.com/cdn-origin-etr.akc.org/wp-content/uploads/2017/11/13001138/Basenji-MP.jpg
000011.jpg,https://s3.amazonaws.com/cdn-origin-etr.akc.org/wp-content/uploads/2018/01/12204221/basenji_barkless_dog-500x500.jpg
000012.jpg,https://www.purina.com.au/-/media/Project/Purina/Main/Breeds/Dog/Mobile/Dog_Basenji_Mobile.jpg?h=300&la=en&w=375&hash=30A9F0524296F35B35156ABF387F06EC
000013.jpg,https://i.pinimg.com/originals/5c/97/53/5c9753622f723288e0a430310677a976.jpg
000014.jpg,https://d3fxc45vnyc74f.cloudfront.net/static/cache/7e/4a/7e4a929e2230609d9804272adddbbc34.jpg
000015.jpg,https://vetstreet-brightspot.s3.amazonaws.com/c9/8442d0a41d11e087a80050568d634f/file/Basenji-2-645mk062311.jpg
000016.jpg,https://thehappypuppysite.com/wp-content/uploads/2019/07/Basenji-HP-long.jpg
000017.jpg,http://geniusvets.s3.amazonaws.com/gv-dog-breeds/basenji-1.jpg
000018.jpg,https://www.k9web.com/wp-content/uploads/2019/01/basenjis-dog.jpg
000019.jpg,https://s3-eu-west-1.amazonaws.com/w3.cdn.gpd/gb.pedigree.56/large_eff2a914-3c6a-44c7-b4de-22c463bc43c3.jpg
000020.jpg,https://embarkvet.com/wp-content/uploads/2018/08/basenji1.jpg
000021.jpg,https://i.pinimg.com/originals/d3/64/1c/d3641c27379a1a9ef7761b1d832677ab.jpg
000022.jpg,https://embarkvet.com/wp-content/uploads/2018/09/Basenji.jpg
000023.jpg,https://www.pets4homes.co.uk/images/articles/2302/large/health-issues-more-frequently-seen-in-the-basenji-5bb758bd23270.jpg
000024.jpg,http://hypoallergenicpaws.com/wp-content/uploads/2019/01/Are-Basenjis-Hypoallergenic.jpg
000025.jpg,https://static1.viovet.co.uk/petphotos/83890_d8819d8f0bf09375be79259fe6edbfaf.jpg
000026.jpg,https://www.petbarn.com.au/petspot/app/uploads/2016/08/103.-Basenji.jpg
000027.jpg,https://s3.amazonaws.com/cdn-origin-etr.akc.org/wp-content/uploads/2017/11/12232219/Ibizan-Hound-On-White-01-400x267.jpg
000028.jpg,https://d17fnq9dkz9hgj.cloudfront.net/breed-uploads/2018/08/ibizan-hound-card-medium.jpg?bust=1535568576&width=560
000029.jpg,https://www.petguide.com/wp-content/uploads/2013/02/basenji1.jpg
000030.jpg,https://vetstreet.brightspotcdn.com/dims4/default/77960b8/2147483647/thumbnail/645x380/quality/90/?url=https%3A%2F%2Fvetstreet-brightspot.s3.amazonaws.com%2F4b%2F88%2F5cc85c164f468a9fc234a4ac7a44%2Fbasenji-AP-0C1US8-645sm11514.jpg
000031.jpg,http://www.pethealthnetwork.com/sites/default/files/content/images/basenjis184412162.png
000032.jpg,https://img.dog-learn.com/dog-breeds/basenji/basenji-i2-i3-i4-i5-i6-i7.jpg
000033.jpg,https://www.pets4homes.co.uk/images/breeds/78/large/c3330ce3811933fe580c1473aa01e301.jpg
000034.jpg,https://indulgeyourpet.com/wp-content/uploads/Basenji-Puppy-1.png
000035.jpg,https://i.ytimg.com/vi/-TOmib7V50k/hqdefault.jpg
000036.jpg,https://www.pets4homes.co.uk/images/articles/5010/large/immunoproliferative-enteropathy-in-the-basenji-dog-breed-5bb7233e52e02.jpg
000037.jpg,https://thedogsjournal.com/wp-content/uploads/2018/12/640px-Basenjis_Charly_e_Bravo_a_sette_mesi.jpg
000038.jpg,https://phz8.petinsurance.com/-/media/all-phz-images/2016-images-breeds-850/basenji850.jpg
000039.jpg,https://pixfeeds.com/uploads/images/1/159/5438433-640_877386610-1134834_p.jpg
000040.jpg,https://piedmontvirginian.com/wp-content/uploads/2019/06/WEB-p01.jpg
000041.jpg,https://wakandalegendbasenji.com/wp-content/uploads/2018/09/basenji-breed-1.jpg
000042.jpg,https://www.hillspet.com/content/dam/cp-sites/hills/hills-pet/en_us/img/breeds/basenji-being-pet-on-head.jpg
000043.jpg,https://img.dog-learn.com/dog-breeds/basenji/basenji-i2-i3-i4.jpg
000044.jpg,https://images2.minutemediacdn.com/image/upload/c_fill,g_auto,h_1248,w_2220/f_auto,q_auto,w_1100/v1555359090/shape/mentalfloss/istock_000079141467_small.jpg
000045.jpg,https://i.ytimg.com/vi/chZ6Thvk8MU/maxresdefault.jpg
000046.jpg,https://www.purina.co.uk/sites/g/files/mcldtz2481/files/2017-12/basenji_400x378_0.jpg
000047.jpg,https://www.selectadogbreed.com/media/1491/basenji_adult.jpg
000048.jpg,https://vetstreet-brightspot.s3.amazonaws.com/d8/4ff340a41d11e087a80050568d634f/file/Basenji-3-645mk062311.jpg
000049.jpg,https://embarkvet.com/wp-content/uploads/2018/08/basenji-transparent.png
000050.jpg,https://d2gg9evh47fn9z.cloudfront.net/800px_COLOURBOX4680456.jpg
