image,source
000001.jpg,https://www.pets4homes.co.uk/images/articles/2453/large/is-the-bavarian-mountain-hound-a-good-choice-of-pet-54aa72d97290e.jpg
000002.jpg,https://www.pets4homes.co.uk/images/breeds/164/large/65b4f4831253fbac993de9edd9458788.jpg
000003.jpg,https://thehappypuppysite.com/wp-content/uploads/2018/12/bavarian-mountain-hound-long.jpg
000004.jpg,https://s3.amazonaws.com/cdn-origin-etr.akc.org/wp-content/uploads/2017/11/13191700/Bavarian.190758538.jpg
000005.jpg,https://s3.amazonaws.com/cdn-origin-etr.akc.org/wp-content/uploads/2017/11/13181850/Bavarian.186002935.jpg
000006.jpg,https://thehappypuppysite.com/wp-content/uploads/2018/12/bavarian-mountain-hound-tall.jpg
000007.jpg,http://www.dogzone.com/images/breeds/bavarian-mountain-hound.jpg
000008.jpg,https://www.ukpets.com/oc-content/uploads/breeds/0/1475.jpg
000009.jpg,https://www.101dogbreeds.com/wp-content/uploads/2017/07/Bavarian-Mountain-Hound.jpg
000010.jpg,https://www.pets4homes.co.uk/images/articles/2453/large/is-the-bavarian-mountain-hound-a-good-choice-of-pet-54aa72f67040e.jpg
000011.jpg,https://i.pinimg.com/originals/7c/cc/cc/7ccccc512262e70511f3ba4c8da6a969.jpg
000012.jpg,http://breedfinder.ikc.ie/Content/images/breeds/263_bavarian_mountain_scenthound.jpg
000013.jpg,https://www.mypetzilla.co.uk/files/7114/7911/8822/Bavarian-Mountain-Hound.jpg
000014.jpg,https://s3.amazonaws.com/cdn-origin-etr.akc.org/wp-content/uploads/2017/11/09141717/Bavarian-Puppy.jpg
000015.jpg,https://images.ctfassets.net/w00x6p5qkejz/5gJTD2XA7S22OSwMokuS6q/4b4b904894c16bbecc7465c511e03312/Bavarian_Mountain_Hound1.jpg
000016.jpg,https://images-na.ssl-images-amazon.com/images/I/51e0s-kZJLL._SX425_.jpg
000017.jpg,https://cdn.omlet.co.uk/images/cache/512/768/Dog-Bavarian_mountain_hound-A_bavarian_mountain_hound_lying_down_looking_very_regal.jpg
000018.jpg,https://www.pets4homes.co.uk/images/breeds/164/large/1cf8895fcde83899ffc6da97ffb8a790.jpg
000019.jpg,https://dogsaholic.com/wp-content/uploads/2018/03/Bavarian-Mountain-Hound-Puppy-with-his-Elephant-Cuddly-Toy.jpg
000020.jpg,https://i.pinimg.com/originals/ac/19/b9/ac19b9562e1c2f40036e832f0e33dc2f.jpg
000021.jpg,https://images.ctfassets.net/w00x6p5qkejz/42qaJ6oB72c6qgEe8UAGAc/7e61e0f64211584aee26328a2ae46ce3/Bavarian_Mountain_Hound___3_.jpg
000022.jpg,https://www.dogbreedslist.info/uploads/allimg/dog-pictures/Bavarian-Mountain-Hound-2.jpg
000023.jpg,https://dogsaholic.com/wp-content/uploads/2018/03/Dog-Bavarian_mountain_hound-A_strong_bavarian_mountain_hound_on_grass-810x540.jpg
000024.jpg,https://www.dogbreedslist.info/uploads/allimg/dog-pictures/Bavarian-Mountain-Hound-1.jpg
000025.jpg,https://www.101dogbreeds.com/wp-content/uploads/2017/07/Bavarian-Mountain-Hound-Pictures.jpg
000026.jpg,https://a-z-animals.com/media/animals/images/original/bavarian_mountain_hound3.jpg
000027.jpg,https://previews.123rf.com/images/bikerpb/bikerpb1402/bikerpb140200003/26000459-the-bavarian-mountain-hound-with-celebratory-bow-tie-on-his-neck.jpg
000028.jpg,https://www.101dogbreeds.com/wp-content/uploads/2017/07/Pictures-of-Bavarian-Mountain-Hound.jpg
000029.jpg,http://www.lake-link.com/images/tradingpost/2017bmshlitter_06072017_112634.jpg
000030.jpg,https://upload.wikimedia.org/wikipedia/commons/5/5d/Zoran_Spod_Ruskiej_Granicy_the_Bavarian_Mountain_Hound.jpg
000031.jpg,https://pet-owners.org.uk/uploads/guide-images/20170127-0354-04.jpg
000032.jpg,https://cdn.fotofits.com/responsive/1200x1200/petzlover/gallery/img/l/bavarian-mountain-hound-447832.jpg
000033.jpg,https://images-na.ssl-images-amazon.com/images/I/41c2ri8yAfL._SX331_BO1,204,203,200_.jpg
000034.jpg,https://www.pets4homes.co.uk/images/breeds/164/large/4e69be0eaabb99cf752c2d0cfdf76395.jpg
000035.jpg,https://www.dogbreedplus.com/dog_breeds/images/bavarian_mountain_hound.jpg
000036.jpg,https://cdn.omlet.co.uk/images/cache/512/768/Dog-Bavarian_mountain_hound-A_handsome_bavarian_mountain_hound_sitting_down_.jpg
000037.jpg,https://i.ytimg.com/vi/rH13p0pm9R0/hqdefault.jpg
000038.jpg,http://www.lebleucardinalis.eu/images/IS_c19aa.jpg
000039.jpg,https://www.dogbreedinfo.com/images10/Bavarian%20Mountain%20Houndbavarai.jpg
000040.jpg,https://comps.canstockphoto.ca/bavarian-mountain-hound-stock-photograph_csp22466990.jpg
000041.jpg,https://i.ytimg.com/vi/L7X96dr9qmU/hqdefault.jpg
000042.jpg,https://images.puppyfinder.com/AdInfo/c/2/7/c278624474167a5b_12236220785c34e8af62cdd5_41380477_medium.jpeg
000043.jpg,https://images.fineartamerica.com/images-medium-large-5/bavarian-mountain-hound-dog-olde-time-mercantile.jpg
000044.jpg,https://c8.alamy.com/comp/DA6FPR/bavarian-mountain-hound-puppy-sitting-in-a-wooden-crate-DA6FPR.jpg
000045.jpg,http://www.noahsdogs.com/m/photos/get_image/file/1c3c826a0f908133c28b3e07a1ee621a.jpg
000046.jpg,https://doglime.com/wp-content/uploads/2019/02/Bavarian-Mountain-Scent-Hound-breed-information.jpg
000047.jpg,http://www.huntingbc.ca/photos/data/500/Amon_with_his_favourite_toy.JPG
000048.jpg,https://www.dogzone.com/images/breeds/bavarian-mountain-hound-800.jpg
000049.jpg,http://4.bp.blogspot.com/_XvrNrKnLSaE/SQUpATMXyII/AAAAAAAAAOA/4Du6i5TGavk/w1200-h630-p-k-no-nu/bavarians.jpg
000050.jpg,https://st.depositphotos.com/2234177/4127/i/950/depositphotos_41271861-stock-photo-bavarian-mountain-hound.jpg
