image,source
000001.jpg,https://i.ytimg.com/vi/xw2HN3V9bl8/maxresdefault.jpg
000002.jpg,https://www.petguide.com/wp-content/uploads/2013/04/harrier-1-300x224.jpg
000003.jpg,https://upload.wikimedia.org/wikipedia/commons/c/cd/Beagle_harrier.JPG
000004.jpg,https://s3.amazonaws.com/cdn-origin-etr.akc.org/wp-content/uploads/2018/08/27121800/Beagle-Painting.jpg
000005.jpg,https://www.101dogbreeds.com/wp-content/uploads/2016/07/Beagle-Harrier.jpg
000006.jpg,https://www.101dogbreeds.com/wp-content/uploads/2016/07/Harrier-Beagle.jpg
000007.jpg,https://www.dogbreedinfo.com/images18/BeagleHarrierAustin.JPG
000008.jpg,https://dogbreedatlas.com/images/dog-breed-photos/harrier/001/harrier-1489920204-2.jpg
000009.jpg,https://animalsadda.com/wp-content/uploads/2017/08/Beagle-Harrier-5.jpg
000010.jpg,https://upload.wikimedia.org/wikipedia/commons/thumb/c/cc/Harrier_tricolour.jpg/220px-Harrier_tricolour.jpg
000011.jpg,https://animalsadda.com/wp-content/uploads/2017/08/Beagle-Harrier-2.jpg
000012.jpg,https://c8.alamy.com/comp/KJKP3X/harrier-beagle-harrier-standing-KJKP3X.jpg
000013.jpg,https://www.kuranda.eu/media/catalog/category/Beagle_harrier_1842.jpg
000014.jpg,https://www.dogbreedslist.info/uploads/allimg/dog-pictures/Beagle-Harrier-2.jpg
000015.jpg,https://www.101dogbreeds.com/wp-content/uploads/2016/07/Beagle-Harrier-Dog.jpg
000016.jpg,http://globaldogbreeds.com/wp-content/uploads/2018/02/Beagle-Harrier.jpg
000017.jpg,https://media.istockphoto.com/photos/beagle-harrier-picture-id477772915
000018.jpg,https://vignette.wikia.nocookie.net/dog-breed4080/images/c/ce/Beagle_Harrier_puppy.jpg/revision/latest?cb=20170811141302
000019.jpg,https://www.europetnet.org/images/dogbreeds/beagleharrier1.jpg
000020.jpg,http://www.harrierclubofamerica.com/storage/Harrier_Wannabe2.jpg?__SQUARESPACE_CACHEVERSION=1287088713184
000021.jpg,https://vetstreet.brightspotcdn.com/dims4/default/bb139d0/2147483647/thumbnail/645x380/quality/90/?url=https%3A%2F%2Fvetstreet-brightspot.s3.amazonaws.com%2F47%2F10%2F9a7d80834e58b70436852367f516%2Fharrier-ap-1fr3px-645-x-380.jpg
000022.jpg,https://www.dogbreedslist.info/uploads/allimg/dog-pictures/Beagle-Harrier-3.jpg
000023.jpg,https://www.mascotarios.org/wp-content/uploads/2011/04/beagleharrier.jpg
000024.jpg,https://cdn2-www.dogtime.com/assets/uploads/2011/01/file_23026_harrier-460x290.jpg
000025.jpg,https://ckcusa.com/media/147454/beagle-harrier.jpg?preset=ckcBreedImage375
000026.jpg,https://st.depositphotos.com/1004592/4199/i/950/depositphotos_41995023-stock-photo-beagle-harrier.jpg
000027.jpg,https://c8.alamy.com/comp/DXDJ63/young-beagle-harrier-in-front-of-white-background-DXDJ63.jpg
000028.jpg,https://img.pixers.pics/pho_wat(s3:700/FO/62/40/13/32/700_FO62401332_6af1590e2e6cc9381f77987ad8594769.jpg,495,700,cms:2018/10/5bd1b6b8d04b8_220x50-watermark.png,over,275,650,jpg)/wall-murals-beagle-harrier.jpg.jpg
000029.jpg,https://dogbreedatlas.com/images/dog-breed-photos/beagle/001/beagle-1501101544-2.jpg
000030.jpg,https://i1.wp.com/www.mascotarios.org/wp-content/gallery/beagle-harrier/beagle-harrier1.jpg
000031.jpg,http://98.158.193.197/wp-content/uploads/2015/10/beagleharrier_jamie.jpg
000032.jpg,http://cdn.akc.org/foxhounds.jpg
000033.jpg,https://www.101dogbreeds.com/wp-content/uploads/2016/07/Beagle-Harrier-Puppies.jpg
000034.jpg,https://vetstreet.brightspotcdn.com/dims4/default/5dff89f/2147483647/crop/0x0%2B0%2B0/resize/645x380/quality/90/?url=https%3A%2F%2Fvetstreet-brightspot.s3.amazonaws.com%2Fb5%2F4191b09eb411e0a2380050568d634f%2Ffile%2FHarrier-4-645mk062411.jpg
000035.jpg,https://www.pets4homes.co.uk/images/classifieds/2018/06/28/1970001/large/beagle-harrier-kennel-club-bred-from-a-line-of-c-5b34c52a876c8.jpg
000036.jpg,http://www.menandpets.com/cani/images/1beagleharierperscheda1.jpg
000037.jpg,http://www.harrierclubofamerica.com/storage/Harrier_Wannabe1.jpg?__SQUARESPACE_CACHEVERSION=1287088658983
000038.jpg,https://t3.ftcdn.net/jpg/00/25/62/74/500_F_25627471_TGulTna9TSsFwCZ0qDhEGKktU4Je8vZS.jpg
000039.jpg,https://get.pxhere.com/photo/puppy-dog-mammal-hound-vertebrate-beagle-harrier-dog-breed-dog-like-mammal-dog-crossbreeds-basset-art-sien-normand-45708.jpg
000040.jpg,https://images-ra.adoptapet.com/seo/1/ff/206_ff.jpg
000041.jpg,https://envato-shoebox-0.imgix.net/c965/aaf9-b4f6-11e3-9936-b8ca3a6774f8/140226-182239.JPG?auto=compress&crop=edges&fit=crop&fm=jpeg&h=630&mark=https%3A%2F%2Felements-assets.envato.com%2Fstatic%2Fwatermark2.png&markalign=center%2Cmiddle&markalpha=18&w=1200&s=34252039896d4ca26acdf177001f08f3
000042.jpg,https://upload.wikimedia.org/wikipedia/commons/5/55/Beagle_600.jpg
000043.jpg,https://banner2.kisspng.com/20180720/ub/kisspng-beagle-harrier-english-foxhound-beagle-harrier-ame-barni-5b520413b3b8d2.0877018915321016517362.jpg
000044.jpg,https://upload-2.dogzer.net/image_global/4-121-dog-beagle-harrier/_light-261555-milo.jpg
000045.jpg,https://images-na.ssl-images-amazon.com/images/I/417QeIWWALL._SX331_BO1,204,203,200_.jpg
000046.jpg,https://i.pinimg.com/236x/cc/e8/db/cce8db1e6fcfa0959142655199fcb9ea--medium-dog-breeds-medium-size-dogs.jpg
000047.jpg,https://i.ytimg.com/vi/lht5AWPSJL4/maxresdefault.jpg
000048.jpg,https://upload-2.dogzer.net/image_global/4-121-dog-beagle-harrier/_light-267433-dream.jpg
000049.jpg,https://3d4igz27oxtl2iwox73y9smh-wpengine.netdna-ssl.com/wp-content/uploads/2019/02/harrier-feature-image-new.jpg
000050.jpg,https://wds2018.com/wp-content/uploads/2017/05/Beagle-Harrier-2.jpg
