image,source
000001.jpg,https://d17fnq9dkz9hgj.cloudfront.net/breed-uploads/2018/08/beauceron-detail.jpg?bust=1535565185&width=355
000002.jpg,https://thehappypuppysite.com/wp-content/uploads/2018/08/beauceron-long-1024x555.jpg
000003.jpg,https://s3.amazonaws.com/cdn-origin-etr.akc.org/wp-content/uploads/2017/11/13000826/Beauceron-On-White-03.jpg
000004.jpg,https://www.pets4homes.co.uk/images/breeds/166/large/28033d7b4cb1dbb75a1edb2ec4c6d0f8.jpg
000005.jpg,https://www.dogbreedslist.info/uploads/allimg/dog-pictures/Beauceron-2.jpg
000006.jpg,https://vetstreet-brightspot.s3.amazonaws.com/79/404120a7dd11e0a0d50050568d634f/file/Beauceron-2-645mk070411.jpg
000007.jpg,https://upload.wikimedia.org/wikipedia/commons/thumb/e/ea/Beaucerons.jpg/220px-Beaucerons.jpg
000008.jpg,https://vetstreet-brightspot.s3.amazonaws.com/87/0f1b00a7dd11e0a0d50050568d634f/file/Beauceron-3-645mk070411.jpg
000009.jpg,https://vetstreet.brightspotcdn.com/dims4/default/027f219/2147483647/crop/0x0%2B0%2B0/resize/645x380/quality/90/?url=https%3A%2F%2Fvetstreet-brightspot.s3.amazonaws.com%2Fa5%2F2262a0a7dd11e0a0d50050568d634f%2Ffile%2FBeauceron-5-645mk070411.jpg
000010.jpg,https://upload.wikimedia.org/wikipedia/commons/b/bc/Owczarek_francuski_beauceron_009pl.jpg
000011.jpg,https://i.ytimg.com/vi/JMT83bQL3UI/maxresdefault.jpg
000012.jpg,https://azure.wgp-cdn.co.uk/app-yourdog/posts/beauceron.jpg
000013.jpg,https://espree-53db.kxcdn.com/collateral/3CA2E2C3-A47F-495D-8A2F-EA2EFB52CCFD.jpg
000014.jpg,https://images-ra.adoptapet.com/seo/1/ff/803_ff.jpg
000015.jpg,http://www.dogbreedhealth.com/wp-content/uploads/2015/04/Beauceron-Depositphotos_13689244_s.jpg
000016.jpg,https://s3.amazonaws.com/cdn-origin-etr.akc.org/wp-content/uploads/2017/11/09195826/Beauceron-day_2_dec_14_115.jpg
000017.jpg,https://www.dogbreedplus.com/dog_breeds/images/Beauceron-013.jpg
000018.jpg,https://3.bp.blogspot.com/-0PXWW4WTce4/Wj1woBGtzeI/AAAAAAAAHBc/leHcQBRxz30V2yZQV1Z7Vv8XmZreZgE5wCLcBGAs/s1600/Beauceron.jpg
000019.jpg,https://nationalpurebreddogday.com/wp-content/uploads/2017/08/1-beauceron-head-shot-miguel-betancourt-300x450.jpg
000020.jpg,https://www.holidogtimes.com/wp-content/uploads/2018/06/Beauceron-puppy.png
000021.jpg,https://www.purina.com/sites/g/files/auxxlc196/files/styles/kraken_generic_max_width_240/public/HERDING_Beauceron.jpg?itok=fHvvw4XP
000022.jpg,http://largedogbreedz.com/wp-content/uploads/2012/08/Beauceron-breed.jpg
000023.jpg,https://i.ytimg.com/vi/kgPrgfeAhek/maxresdefault.jpg
000024.jpg,https://vetstreet.brightspotcdn.com/dims4/default/44c33f1/2147483647/thumbnail/645x380/quality/90/?url=https%3A%2F%2Fvetstreet-brightspot.s3.amazonaws.com%2F5c%2F772cc0a7dd11e0a0d50050568d634f%2Ffile%2FBeauceron-1-645mk070411.jpg
000025.jpg,https://i.pinimg.com/originals/87/be/8e/87be8ea03e484620e268d9fd42c77492.jpg
000026.jpg,https://lasvegas-k9.com/content/images/thumbs/0006404_beauceron_550.jpeg
000027.jpg,https://animals.net/wp-content/uploads/2019/01/Beauceron-3-650x425.jpg
000028.jpg,https://img.dog-learn.com/dog-breeds/beauceron/beauceron.jpg
000029.jpg,https://www.petbarn.com.au/petspot/app/uploads/2016/08/70.-Beauceron.jpg
000030.jpg,https://www.terrificpets.com/images/uploads/breeds_07248124519460_1.jpg
000031.jpg,https://dogs.pedigreeonline.com/images/breeds/dogs/beauceron.jpg
000032.jpg,https://images.wagwalkingweb.com/media/breed/beauceron/hero/beauceron.jpg
000033.jpg,https://phz8.petinsurance.com/-/media/all-phz-images/2016-images-breeds-850/beauceron850.jpg
000034.jpg,https://static9.depositphotos.com/1594920/1088/i/950/depositphotos_10885954-stock-photo-beauceron-dog-5-months-old.jpg
000035.jpg,https://d17fnq9dkz9hgj.cloudfront.net/breed-uploads/2018/08/beauceron-card-small.jpg?bust=1535569271
000036.jpg,https://www.101dogbreeds.com/wp-content/uploads/2018/03/Harlequin-Beauceron.jpg
000037.jpg,https://www.thesprucepets.com/thmb/UJWGsfjxwEwzc9PZNA_V-fuHeEA=/450x0/filters:no_upscale():max_bytes(150000):strip_icc()/Beauceron-GettyImages-490105934-25ae952c09734ac58ea04dd2154d16d7.jpg
000038.jpg,https://vignette.wikia.nocookie.net/dog/images/2/2b/Beauceron.jpg/revision/latest?cb=20180409194313
000039.jpg,https://threedog.com/app/uploads/2019/05/Beauceron-2.jpeg
000040.jpg,https://www.dogbreedinfo.com/images28/BeauceronPurebredHarlequinColorWorkingIntCHArcsUnReveRealiseCGCARA1YearOld1.jpg
000041.jpg,https://cdn.omlet.co.uk/images/cache/1024/682/Dog-Beauceron-A_close_up_of_a_Beauceron's_obedient_eyes.jpg
000042.jpg,https://images.wagwalkingweb.com/media/breed/beauceron/appearance/beauceron.png
000043.jpg,https://dogbreedatlas.com/images/dog-breed-photos/beauceron/001/beauceron-1486421200-1.jpg
000044.jpg,https://res.cloudinary.com/fwkc-production/image/upload/c_fit,dpr_3.0,f_auto,g_center,h_430,q_auto,w_768/v1/fwkc/import/1058
000045.jpg,https://images.ctfassets.net/w00x6p5qkejz/3HFkbCRg3Sg0OagqmuGg6G/6c6d281e4f613a941c37ad3b1edb24a4/Beauceron3.png
000046.jpg,https://preview.redd.it/zp7f5r1ai0m21.jpg?width=576&auto=webp&s=cd9e5706ef72852d0aff545e8130cd88a27c55de
000047.jpg,https://www.dogbreedslist.info/uploads/allimg/dog-pictures/Beauceron-3.jpg
000048.jpg,http://www.beaucerons.us/wp-content/uploads/2018/04/crbutton.png
000049.jpg,https://images.unsplash.com/photo-1550165298-e574b8c3c7f6?ixlib=rb-1.2.1&ixid=eyJhcHBfaWQiOjEyMDd9&w=1000&q=80
000050.jpg,https://cdn.petmoo.com/wp-content/uploads/2018/10/Beauceron-Dog-990x556.jpg
