image,source
000001.jpg,https://images-na.ssl-images-amazon.com/images/I/71Z--oHw7VL.jpg
000002.jpg,https://thehappypuppysite.com/wp-content/uploads/2019/02/Bernese-Mountain-Dog-Temperament-long.jpg
000003.jpg,https://s3.amazonaws.com/cdn-origin-etr.akc.org/wp-content/uploads/2017/11/13000440/Bernese-Mountain-Dog-On-White-01.jpg
000004.jpg,https://d17fnq9dkz9hgj.cloudfront.net/breed-uploads/2018/08/bernese-mountain-dog-detail.jpg?bust=1535565235&width=355
000005.jpg,https://s3.amazonaws.com/cdn-origin-etr.akc.org/wp-content/uploads/2017/11/13000444/Bernese-Mountain-Dog-MP.jpg
000006.jpg,https://vetstreet-brightspot.s3.amazonaws.com/39/2750509e8d11e0a2380050568d634f/file/Bernese-Mtn-3-645mk062111.jpg
000007.jpg,https://www.pets4homes.co.uk/images/breeds/80/d10c82815b8537821f9024f8b1fced56.jpg
000008.jpg,https://www.dogster.com/wp-content/uploads/2018/04/Bernese-Mountain-Club-Puppy.jpg
000009.jpg,https://vetstreet.brightspotcdn.com/dims4/default/78480cb/2147483647/crop/0x0%2B0%2B0/resize/645x380/quality/90/?url=https%3A%2F%2Fvetstreet-brightspot.s3.amazonaws.com%2Fd5%2F10e8609e8c11e0a2380050568d634f%2Ffile%2FBernese-Mtn-2-645mk062111.jpg
000010.jpg,https://cf-s3.petcoach.co/uploads/breed/64/1520353734-Bernese.jpg
000011.jpg,https://www.dogster.com/wp-content/uploads/2018/04/Bernese-Mountain-Dog_1.jpg
000012.jpg,https://gfp-2a3tnpzj.stackpathdns.com/wp-content/uploads/2016/07/Bernese-Mountain-Dog-3.jpg
000013.jpg,https://i.redd.it/svnx4qo4h3r01.jpg
000014.jpg,https://cmkt-image-prd.global.ssl.fastly.net/0.1.0/ps/6393059/910/1365/m2/fpnw/wm1/dbdbkowt84hibzlfqk4spaehvyalf2k1pm4dizwotm9aj6i0hmplxpgyab4jcwzz-.jpg?1557849329&s=cd1321804122eecbce095a9d17d03ba9
000015.jpg,https://images-na.ssl-images-amazon.com/images/I/81Yzq8E-4jL.jpg
000016.jpg,https://www.pets4homes.co.uk/images/articles/4092/large/bernese-mountain-or-greater-swiss-mountain-dog-which-is-best-for-you-59118bf9a5cc9.jpg
000017.jpg,https://www.calendarclub.co.uk/-/media/productimages/24/10/241049_main.jpg
000018.jpg,https://pethealthnetwork.com/sites/default/files/styles/large/public/bernese-mountain-dog177530215.png?itok=LMPn3Zzh
000019.jpg,https://images1.americanlisted.com/nlarge/bernese-mountain-dog-puppy-for-sale-adoption-rescue-americanlisted_110216329.jpg
000020.jpg,https://i.ytimg.com/vi/EM5cbKMFKcA/maxresdefault.jpg
000021.jpg,https://www.keystonepuppies.com/wp-content/uploads/2018/09/Bernese-Category-e1519318546769.jpg
000022.jpg,http://www.berneseclubireland.com/uploads/6/6/7/8/66786385/2018-02-23-15-31-49-1_1_orig.jpg
000023.jpg,https://s3.us-west-2.amazonaws.com/photos.puppyspot.com/9/listing/534439/photo/4071979_large.jpg
000024.jpg,https://images.lowes.ca/img/p400/19934/87771-t.jpg
000025.jpg,https://phz8.petinsurance.com/-/media/all-phz-images/2016-images-breeds-850/bernese_mountain_dog850.jpg
000026.jpg,https://images.fineartamerica.com/images/artworkimages/mediumlarge/2/bernese-mountain-dog-puppy-pelo-blanco-photo.jpg
000027.jpg,https://i.ebayimg.com/00/s/NTMyWDgwMA==/z/OSYAAOSww-dc6cr7/$_20.JPG
000028.jpg,https://thehappypuppysite.com/wp-content/uploads/2018/10/bernese-mountain-dog-names-long.jpg
000029.jpg,https://previews.123rf.com/images/belchonock/belchonock1808/belchonock180855846/107212425-adorable-bernese-mountain-dog-puppy-on-white-background.jpg
000030.jpg,https://sep.yimg.com/ay/yhst-83547458988818/21-5-bernese-mountain-dog-sitting-ultra-realistic-1.jpg
000031.jpg,https://images.homedepot-static.com/productImages/93c1eafc-444d-43f8-b276-2f18a4994902/svn/hi-line-gift-garden-statues-87750-64_1000.jpg
000032.jpg,https://www.artnhobby.ie/media/catalog/product/LCI/9C/PR/IRXT-gTzUObpbaZJpLRad12OP35CFC53N09WC5h7ImRzIjoiaW1hZ2UiLCJmIjoiXC8xXC82XC8xNjM5N18uanBnIiwiZmEiOjEsImZmIjoxLCJmcSI6OTAsImZ0IjoxfQ~~.jpg
000033.jpg,http://pet-quest.com/wp-content/uploads/2018/01/Bernese-Mountain-Dog-000000.jpg
000034.jpg,https://gfp-2a3tnpzj.stackpathdns.com/wp-content/uploads/2017/06/Miniature-Bernese-Mountain-Dog-600x600.jpg
000035.jpg,https://imgc.artprintimages.com/img/print/3-month-old-bernese-mountain-dog-puppy-on_u-l-q105yd60.jpg?h=550&w=550
000036.jpg,https://cdn3-www.dogtime.com/assets/uploads/2011/01/file_22912_bernese-mountain-dog-460x290.jpg
000037.jpg,https://douglascuddletoy.com/wp-content/uploads/2017/08/1851-1.jpg
000038.jpg,https://s3.amazonaws.com/cdn-origin-etr.akc.org/wp-content/uploads/2017/11/13000434/Bernese-Mountain-Dog-On-White-03-400x267.jpg
000039.jpg,https://cdn.shopify.com/s/files/1/1750/4543/products/Bernese_Mountain_Dog_2_croppped_530x@2x.jpg?v=1500690705
000040.jpg,https://www.animalfactsencyclopedia.com/images/bernese-puppy.jpg
000041.jpg,https://cdn11.bigcommerce.com/s-86394/images/stencil/1280x1280/products/17627/114260/57_3614_1_web__55012.1549650201.jpg?c=2&imbypass=on
000042.jpg,https://g77v3827gg2notadhhw9pew7-wpengine.netdna-ssl.com/wp-content/uploads/2018/07/berneseFT6-1024x682.jpg
000043.jpg,https://mmtcdn.blob.core.windows.net/084395e6770c4e0ebc5612f000acae8f/mmtcdn/Products20896-640x640--1169036267.jpg
000044.jpg,https://indulgeyourpet.com/wp-content/uploads/Bernese-Mountain-Dog-Puppy.png
000045.jpg,https://www.buildabear.com/dw/image/v2/BBNG_PRD/on/demandware.static/-/Sites-buildabear-master/default/dwc5d88264/24922x.jpg?sw=600&sh=600&sm=fit&q=70
000046.jpg,https://previews.123rf.com/images/denisfilm/denisfilm1708/denisfilm170800171/83932971-bernese-mountain-dog-grooming-salon-hands-with-pet-deshedding-tool-.jpg
000047.jpg,https://cdn6.dissolve.com/p/D1233_11_574/D1233_11_574_1200.jpg
000048.jpg,https://cdn11.bigcommerce.com/s-86394/images/stencil/original/products/8248/109764/10_3614_web__58294.1525193111.jpg?c=2&imbypass=on
000049.jpg,https://secure.img1-fg.wfcdn.com/im/51719489/resize-h800-w800%5Ecompr-r85/5482/54829141/Bernese+Mountain+Dog+Statue.jpg
000050.jpg,https://www.featurepics.com/StockImage/20121017/puppy-bernese-mountain-dog-stock-picture-2440519.jpg
