image,source
000001.jpg,https://d17fnq9dkz9hgj.cloudfront.net/breed-uploads/2018/08/black-and-tan-coonhound-detail.jpg?bust=1535565252&width=355
000002.jpg,https://vetstreet-brightspot.s3.amazonaws.com/34/f4cce0a72211e0a0d50050568d634f/file/Black-and-Tan-Coonhound-3-380mk062311.jpg
000003.jpg,https://s3.amazonaws.com/cdn-origin-etr.akc.org/wp-content/uploads/2017/11/13113425/BlackAndTanCoonhound-HP12251701-06.jpg
000004.jpg,https://vetstreet-brightspot.s3.amazonaws.com/68/5f7d50a72211e0a0d50050568d634f/file/Black-and-Tan-Coonhound-5-380mk062311.jpg
000005.jpg,https://s3.amazonaws.com/cdn-origin-etr.akc.org/wp-content/uploads/2017/11/12213543/Black-And-Tan-Coonhound-MP.jpg
000006.jpg,https://vetstreet-brightspot.s3.amazonaws.com/55/39e8a0a72211e0a0d50050568d634f/file/Black-and-Tan-Coonhound-4-380mk062311.jpg
000007.jpg,https://cdn1-www.dogtime.com/assets/uploads/2011/01/file_23014_black-and-tan-coonhound-460x290.jpg
000008.jpg,http://cdn.akc.org/content/hero/btc_hero_.jpg
000009.jpg,http://cdn.akc.org/black_and_tan_coonhound_header.jpg
000010.jpg,https://upload.wikimedia.org/wikipedia/commons/4/48/Black_and_Tan_Coonhound.jpg
000011.jpg,https://espree-53db.kxcdn.com/collateral/89E388A6-B791-4523-8F71-10D8A6E6C6DD.jpg
000012.jpg,http://static.pedigreedatabase.com/dogbreeds/black_and_tan_coonhound.jpg
000013.jpg,https://www.worldlifeexpectancy.com/images/a/d/d/b/black_and_tan_coonhound/black_and_tan_coonhound_1.jpg
000014.jpg,https://ckcusa.com/media/147481/black-and-tan-coonhound.jpg?preset=ckcBreedImage375
000015.jpg,https://www.k9rl.com/wp-content/uploads/2017/02/Black-and-Tan-Coonhound-dog-619x1024.jpg
000016.jpg,https://www.pets4homes.co.uk/images/articles/2425/large/more-information-on-the-black-and-tan-coonhound-549ff59813c6e.jpg
000017.jpg,https://indulgeyourpet.com/wp-content/uploads/Black-and-Tan-Coonhound.png
000018.jpg,https://www.petguide.com/wp-content/uploads/2013/02/black-and-tan-coonhound.jpg
000019.jpg,https://vippuppies.com/wp-content/uploads/2016/11/Black-and-Tan-Coonhound-e1483770841665.jpg
000020.jpg,https://www.dogbreedinfo.com/images27/AmericanBlackandTanCoonhoundPurebredDogPuppyNash3.jpg
000021.jpg,https://vetstreet.brightspotcdn.com/dims4/default/e891bcf/2147483647/thumbnail/645x380/quality/90/?url=https%3A%2F%2Fvetstreet-brightspot.s3.amazonaws.com%2F20%2Fb76e40a7e011e0a0d50050568d634f%2Ffile%2Fblack-and-tan-coonhound-1-645mk070411.jpg
000022.jpg,https://www.dogzone.com/images/breeds/black-and-tan-coonhound-puppy.jpg
000023.jpg,https://www.thepaws.net/wp-content/uploads/2018/12/Black-and-Tan-Coonhound-dog-1.jpg
000024.jpg,https://www.illinoisouth.org/wp-content/uploads/2019/04/black-and-tan.jpg
000025.jpg,https://cdn1-www.dogtime.com/assets/uploads/gallery/black-and-tan-coonhound-dog-breed-pictures/3-sitforward.jpg
000026.jpg,https://canadiandogs.com/wp-content/uploads/Black-and-Tan-Coonhound.jpg
000027.jpg,http://www.easypetmd.com/sites/default/files/Black%20and%20Tan%20Coonhound%20(2).jpg
000028.jpg,https://www.petmd.com/sites/default/files/breedopedia/TYSON2.jpg
000029.jpg,https://images.ctfassets.net/w00x6p5qkejz/fgony6oxi0KiaSM4IM2oO/192c93b2e3131721f72dbb35bce2beca/Coonhound__Black_and_Tan_1.png
000030.jpg,https://i.ytimg.com/vi/mfniZMgK_bI/maxresdefault.jpg
000031.jpg,https://d17fnq9dkz9hgj.cloudfront.net/breed-uploads/2018/08/black-and-tan-coonhound-card-small.jpg?bust=1535569230
000032.jpg,https://thehappypuppysite.com/wp-content/uploads/2019/02/black-and-tan-coonhound-long.jpg
000033.jpg,https://moderndogmagazine.com/sites/default/files/images/uploads/Black%26Tan_0.png
000034.jpg,https://s3.amazonaws.com/cdn-origin-etr.akc.org/wp-content/uploads/2017/11/29172221/Black-and-Tan-Coonhound-On-White-031.jpg
000035.jpg,https://i.pinimg.com/236x/eb/7f/c7/eb7fc7cab66d3bb6556f5a164bfee573--coonhound-my-boys.jpg
000036.jpg,https://www.k9rl.com/wp-content/uploads/2017/02/Black-and-Tan-Coonhound-puppy.jpg
000037.jpg,https://i.ytimg.com/vi/ws5gAe4BNFw/maxresdefault.jpg
000038.jpg,https://moderndogmagazine.com/sites/default/files/styles/slidehsow-banner/public/images/breeds/top_images/OscarMadison-BTCoonhound.jpg?itok=3oLwGvn-
000039.jpg,http://www.ucadogs.com/images/black_tan_coonhound.jpg
000040.jpg,https://animals.net/wp-content/uploads/2018/11/Black-and-Tan-Coonhound-5-650x425.jpg
000041.jpg,http://dogbreedsaz.com/wp-content/uploads/2018/09/Black-and-Tan-Coonhound.jpg
000042.jpg,http://www.dogzone.com/images/breeds/black-and-tan-coonhound.jpg
000043.jpg,https://retrieverman.files.wordpress.com/2018/09/black-and-tan-pair.jpg?w=500
000044.jpg,https://www.mascotarios.org/wp-content/uploads/2011/08/BlackandTanCoonhound.jpg
000045.jpg,https://images.wagwalkingweb.com/media/breed/black-and-tan-coonhound/hero/black-and-tan-coonhound.jpg
000046.jpg,https://www.carealotpets.com/images/breeding/dog-breeds/BlackandTanCoonhound.jpg
000047.jpg,https://www.wiki-pet.com/images/breeds/dog/breed-images/38/super-size/black-and-tan-coonhound-1.jpg
000048.jpg,https://researchbreeder.com/images/Puppies/Black-and-Tan-Coonhound-Puppies.jpg
000049.jpg,https://www.dogbreedplus.com/dog_breeds/images/Black-and-Tan-Coonhound-004.jpg
000050.jpg,https://s3.amazonaws.com/cdn-origin-etr.akc.org/wp-content/uploads/2017/11/12221459/Black-And-Tan-Coonhound-Illo.jpg
