image,source
000001.jpg,https://cdn2-www.dogtime.com/assets/uploads/gallery/bloodhound-dog-breed-pictures/7-faceforward.jpg
000002.jpg,https://upload.wikimedia.org/wikipedia/en/9/9a/Bloodhound_red_black_pigmented.jpg
000003.jpg,https://s3.amazonaws.com/cdn-origin-etr.akc.org/wp-content/uploads/2017/11/13000208/Bloodhound-On-White-01.jpg
000004.jpg,https://s3.amazonaws.com/cdn-origin-etr.akc.org/wp-content/uploads/2017/11/27165437/Bloodhound.jpg
000005.jpg,https://vetstreet.brightspotcdn.com/dims4/default/2ff8d65/2147483647/thumbnail/645x380/quality/90/?url=https%3A%2F%2Fvetstreet-brightspot.s3.amazonaws.com%2F7d%2F420100a7e211e0a0d50050568d634f%2Ffile%2Fbloodhound-1-645mk070411.jpg
000006.jpg,http://s3.amazonaws.com/cdn-origin-etr.akc.org/wp-content/uploads/2018/04/26145752/bloodhound-videos.jpg
000007.jpg,https://s3.amazonaws.com/cdn-origin-etr.akc.org/wp-content/uploads/2017/11/29204210/Bloodhound-On-White-031-400x267.jpg
000008.jpg,http://www.pethealthnetwork.com/sites/default/files/styles/large/public/the-bloodhound78739210.png?itok=y331wXSe
000009.jpg,https://www.petguide.com/wp-content/uploads/2013/02/bloodhound1.jpg
000010.jpg,https://cdn.britannica.com/s:300x300/15/8115-004-B9B11E8D.jpg
000011.jpg,https://cdn2-www.dogtime.com/assets/uploads/2011/01/file_23016_bloodhound-460x290.jpg
000012.jpg,https://thehappypuppysite.com/wp-content/uploads/2019/04/beagle-bloodhound-mix-header.jpg
000013.jpg,https://s3-eu-west-1.amazonaws.com/w3.cdn.gpd/gb.pedigree.56/large_174dc774-fe5c-49cb-8fc1-10b57c58897f.jpg
000014.jpg,https://www.dogbreedslist.info/uploads/allimg/dog-pictures/Bloodhound-2.jpg
000015.jpg,https://thehappypuppysite.com/wp-content/uploads/2018/02/bloodhound-header.jpg
000016.jpg,https://www.thekennelclub.org.uk/media/289119/75-0-bloodhound-tez-bladhound-anglicky-barvar.jpg
000017.jpg,https://s3.amazonaws.com/petfinder-us-east-1-petimages-prod/organization-photos/29459/29459-1.jpg?bust=2017-08-10+12%3A40%3A01
000018.jpg,https://www.k9rl.com/wp-content/uploads/2016/01/Bloodhound.jpg
000019.jpg,http://www.dogzone.com/images/breeds/bloodhound.jpg
000020.jpg,https://s3.amazonaws.com/petfinder-us-east-1-petimages-prod/organization-photos/25403/25403-1.jpg?bust=2017-11-30+01%3A39%3A39
000021.jpg,http://cynologist.com/wp-content/uploads/2018/04/Bloodhound-1024x576.png
000022.jpg,https://animals.net/wp-content/uploads/2018/06/Bloodhound-7-650x425.jpg
000023.jpg,http://breedfinder.ikc.ie/Content/images/breeds/6_bloodhound.jpg
000024.jpg,http://www.dogbreedindex.com/store/images/43ec517d68b6edd3015b3edc9a11367b1.jpg
000025.jpg,https://www.101dogbreeds.com/wp-content/uploads/2018/09/Baby-Bloodhound.jpg
000026.jpg,https://i.pinimg.com/originals/05/da/96/05da961aab769052b4bdfa1571f3d65d.jpg
000027.jpg,https://d17fnq9dkz9hgj.cloudfront.net/breed-uploads/2018/08/bloodhound-detail.jpg?bust=1535565270&width=355
000028.jpg,https://vignette.wikia.nocookie.net/ladyandtramp/images/8/88/Bloodhound-Care.jpg/revision/latest?cb=20180525002732
000029.jpg,https://lasvegas-k9.com/content/images/thumbs/0006409_bloodhound_550.jpeg
000030.jpg,https://images.ctfassets.net/w00x6p5qkejz/3WfgquZpH2giCWsumiMKKQ/4bfedd38ea545da40438b028149cb296/Bloodhound3.png
000031.jpg,http://static.ddmcdn.com/en-us/apl/breedselector/images/breed-selector/dogs/breeds/bloodhound_03_lg.jpg
000032.jpg,https://www.purina.com.au/-/media/Project/Purina/Main/Breeds/Dog/Mobile/Dog_Bloodhound_Mobile.jpg?h=300&la=en&w=375&hash=6912AD5D72A55B9D16D77E4E3A4EA6DC
000033.jpg,https://www.petful.com/wp-content/uploads/2013/08/bloodhound-1-750x499.jpg
000034.jpg,https://static01.nyt.com/images/2015/02/17/sports/Y-17dogshow/Y-17dogshow-articleLarge.jpg?quality=75&auto=webp&disable=upscale
000035.jpg,https://c8.alamy.com/comp/X911Y2/bloodhound-adult-dog-sitting-on-a-lawn-X911Y2.jpg
000036.jpg,https://www.nbcsports.com/sites/nbcsports.com/files/2016/11/28/nbc_nds_houbloodhound_161121.jpg
000037.jpg,https://cdn.omlet.co.uk/images/cache/1024/682/Dog-Bloodhound-A_healthy_adult_Bloodhound_lying_down.jpg
000038.jpg,https://s.abcnews.com/images/US/190708_kcnc_bloodhound_hpMain_16x9_992.jpg
000039.jpg,https://thehappypuppysite.com/wp-content/uploads/2018/12/bloodhound-lab-mix-long.jpg
000040.jpg,https://images-na.ssl-images-amazon.com/images/I/91XjOFAGHOL.jpg
000041.jpg,https://www.selectadogbreed.com/media/1521/bloodhound_puppy.jpg
000042.jpg,https://i.ytimg.com/vi/DvPq-x3Tqhk/hqdefault.jpg
000043.jpg,https://cf-s3.petcoach.co/uploads/breed/68/1520372011-Bloodhound2.jpg
000044.jpg,http://www.pet365.co.uk/blog/wp-content/uploads/Bloodhound-2.jpg
000045.jpg,https://vetstreet-brightspot.s3.amazonaws.com/01/c6/a4d521b746f5b5c395e22ae8124a/bloodhound-AP-0TEEIY-645sm12913.jpg
000046.jpg,https://m.media-amazon.com/images/I/A1ntnF3PJOL._CLa%7C2140,2000%7C91XfTOwU+0L.png%7C0,0,2140,2000+0.0,0.0,2140.0,2000.0._UX342_.png
000047.jpg,https://images.wagwalkingweb.com/media/breed/bloodhound/appearance/bloodhound.png
000048.jpg,https://nationalpurebreddogday.com/wp-content/uploads/2018/02/11896035_10203237892107005_8703623801367259170_n.jpg
000049.jpg,https://www.crowdstrike.com/blog/wp-content/uploads/2018/04/BloodHound-Image.jpg
000050.jpg,http://www.coastalpet.com/media/33138/bloodhound_531x371.jpg
