image,source
000001.jpg,https://d17fnq9dkz9hgj.cloudfront.net/breed-uploads/2018/08/bluetick-coonhound-detail.jpg?bust=1535565279&width=355
000002.jpg,https://d17fnq9dkz9hgj.cloudfront.net/breed-uploads/2018/08/bluetick-coonhound-card-small.jpg?bust=1535569183
000003.jpg,https://upload.wikimedia.org/wikipedia/commons/d/d6/BluetickCoonhound.jpg
000004.jpg,https://images.ctfassets.net/w00x6p5qkejz/4rMyk8OQPC4EwMa6I6Mw8A/ae895bef55e5f8b14a8f4ec3c8988dbc/Blue_Tick_Coonhound_300x300.jpg
000005.jpg,https://www.petguide.com/wp-content/uploads/2013/02/bluetick-coonhound.jpg
000006.jpg,https://www.purina.com/sites/g/files/auxxlc196/files/styles/kraken_generic_max_width_240/public/HOUND_Bluetick-Coonhound.jpg?itok=pSRigNWR
000007.jpg,https://s3.amazonaws.com/cdn-origin-etr.akc.org/wp-content/uploads/2017/11/28195318/Bluetick-Coonhound.jpg
000008.jpg,https://s3.amazonaws.com/cdn-origin-etr.akc.org/wp-content/uploads/2017/11/16175010/Bluetick-puppy.jpg
000009.jpg,https://cdn2-www.dogtime.com/assets/uploads/2011/01/file_23238_bluetick-coonhound-460x290.jpg
000010.jpg,https://i.pinimg.com/originals/50/b3/f9/50b3f9e60890654978fe5ba56197435f.jpg
000011.jpg,https://vetstreet-brightspot.s3.amazonaws.com/5c/460670a7e411e0a0d50050568d634f/file/blue-tick-coonhound-5-645mk070411.jpg
000012.jpg,https://s3.amazonaws.com/cdn-origin-etr.akc.org/wp-content/uploads/2017/11/16172724/Bluetick_Coonhound_-Care.jpg
000013.jpg,https://s3.amazonaws.com/cdn-origin-etr.akc.org/wp-content/uploads/2017/11/12221431/Bluetick-Coonhound-Illo-2-500x500.jpg
000014.jpg,https://i.pinimg.com/originals/63/47/aa/6347aa71b291b33a849d875edaef772d.jpg
000015.jpg,https://ckcusa.com/media/147489/bluetick-coonhound.jpg?preset=ckcBreedImage375
000016.jpg,https://vetstreet-brightspot.s3.amazonaws.com/2a/ac4570a7e411e0a0d50050568d634f/file/blue-tick-coonhound-4-645mk070411.jpg
000017.jpg,https://render.fineartamerica.com/images/rendered/default/metal-print/6.625/10.000/break/images/artworkimages/medium/1/bluetick-coonhound-head-shot-miguel-betancourt.jpg
000018.jpg,https://www.dogbreedslist.info/uploads/allimg/dog-pictures/Bluetick-Coonhound-2.jpg
000019.jpg,https://a-z-animals.com/media/animals/images/470x370/bluetick_coonhound.jpg
000020.jpg,https://indulgeyourpet.com/wp-content/uploads/Bluetick-Coonhound-Puppy.png
000021.jpg,https://www.dogbreedinfo.com/images27/BluetickCoonhoundPurebredDogWaylon4YearsOld1.jpg
000022.jpg,http://2.bp.blogspot.com/-_SyJAsi7bi8/Tq-D6SMCLLI/AAAAAAAAAiw/X1-XVyTYQrE/s1600/Arlis0311.jpg
000023.jpg,https://pet-uploads.adoptapet.com/4/c/9/307276332.jpg
000024.jpg,https://www.petguide.com/wp-content/uploads/2013/02/bluetick-coonhound-2.jpg
000025.jpg,https://www.petful.com/wp-content/uploads/2015/09/bluetick-coonhound-750x416.jpg
000026.jpg,http://www.pedigreedatabase.com/pictures/2182456.jpg
000027.jpg,https://d32l83enj9u8rg.cloudfront.net/wp-content/uploads/Bluetick-Coonhound-Breed-main-1.jpg
000028.jpg,https://animalsadda.com/wp-content/uploads/2015/05/Bluetick-Coonhound-7.jpg
000029.jpg,https://www.101dogbreeds.com/wp-content/uploads/2018/07/Bluetick-Coonhound-Images.jpg
000030.jpg,https://vignette.wikia.nocookie.net/dog-breed4080/images/c/c0/Pilsner.jpg/revision/latest?cb=20170903143811
000031.jpg,https://www.thesprucepets.com/thmb/ps8d1bzfN6t_g4kVFqS6El58Jxg=/450x0/filters:no_upscale():max_bytes(150000):strip_icc()/Blue-tick-hound-GettyImages-470770199-440dde4e6785490c984e59aaa602d8b1.jpg
000032.jpg,https://i.ytimg.com/vi/YEA6GWURi7E/hqdefault.jpg
000033.jpg,https://i.pinimg.com/originals/3b/7e/e4/3b7ee45164da0a803f0d1f878e5d111d.jpg
000034.jpg,https://www.dogalize.com/wp-content/uploads/2017/03/bluetick-coonhound-2101836_640.jpg
000035.jpg,https://doglime.com/wp-content/uploads/2019/03/Bluetick-Coonhound.jpg
000036.jpg,https://gfp-2a3tnpzj.stackpathdns.com/wp-content/uploads/2016/07/Bluetick-Coonhound.jpg
000037.jpg,http://knowledgebase.lookseek.com/images/animals/dogs/Bluetick-Coonhound.jpg
000038.jpg,https://images.ctfassets.net/w00x6p5qkejz/324MMIkVYAqgSoocoAMmOs/dd89a2d975658fcfc7ec49247da69436/Blue_Tick_Coonhound1.png
000039.jpg,https://dogsaholic.com/wp-content/uploads/2016/09/Bluetick-Coonhound-dog-810x465.jpg
000040.jpg,https://www.dogbreedplus.com/dog_breeds/images/Bluetick-Coonhound-15.jpg
000041.jpg,https://animalsadda.com/wp-content/uploads/2015/05/Bluetick-Coonhound-2.jpg
000042.jpg,https://ewscripps.brightspotcdn.com/dims4/default/e818956/2147483647/strip/true/crop/3600x2025+0+0/resize/1280x720!/quality/90/?url=https%3A%2F%2Fewscripps.brightspotcdn.com%2F4c%2F50%2F644c01f84b8c9b024b56c79cb3c4%2Fap-989544466859.jpg
000043.jpg,https://i0.wp.com/puppytoob.com/wp-content/uploads/2018/09/Blue-Tick-Coonhound-2.jpg?resize=750%2C436
000044.jpg,https://i.pinimg.com/originals/84/17/a4/8417a49b68a568f1af96fac94c44344d.jpg
000045.jpg,https://img1.wsimg.com/isteam/ip/c661a2ca-0895-4dec-a23f-9c3737111a95/ecc51cef-a41d-4c67-9488-1cd8b0cbff12.jpg/:/cr=t:22.07%25,l:0%25,w:100%25,h:75%25/rs=w:365,h:365,cg:true
000046.jpg,https://cdn.shopify.com/s/files/1/0315/2013/products/bluetickcoon1024_2048x.jpg?v=1546022289
000047.jpg,https://i.ytimg.com/vi/GOseG2PoR6I/hqdefault.jpg
000048.jpg,https://www.dogbreedinfo.com/images4/BlueTickTree.jpg
000049.jpg,https://www.gtabase.com/images/red-dead-redemption-2/animals/bluetick-coonhound.jpg
000050.jpg,https://www.pets4homes.co.uk/images/articles/2418/large/more-information-on-the-bluetick-coonhound-549dcc39e45db.jpg
