image,source
000001.jpg,https://cdn3-www.dogtime.com/assets/uploads/2018/04/blue-lacy-dog-breed-pictures-header-460x260.jpg
000002.jpg,https://upload.wikimedia.org/wikipedia/commons/thumb/2/2b/BlueLacyPhoto1.jpg/220px-BlueLacyPhoto1.jpg
000003.jpg,https://images-ra.adoptapet.com/seo/1/ff/1368_ff.jpg
000004.jpg,https://i.pinimg.com/originals/e3/e4/44/e3e444ed87aef5c1b6ad05fba76de65f.jpg
000005.jpg,https://www.dogbreedslist.info/uploads/allimg/dog-pictures/Blue-Lacy-2.jpg
000006.jpg,https://usercontent1.hubstatic.com/1330944.jpg
000007.jpg,https://www.101dogbreeds.com/wp-content/uploads/2017/04/Blue-Lacy-Dog.jpg
000008.jpg,https://www.dogbreedslist.info/uploads/allimg/dog-pictures/Blue-Lacy-3.jpg
000009.jpg,https://i.pinimg.com/originals/83/ec/bc/83ecbc3b3549e5709825ee74abf0f247.jpg
000010.jpg,https://vetstreet.brightspotcdn.com/dims4/default/427ff2d/2147483647/thumbnail/645x380/quality/90/?url=https%3A%2F%2Fvetstreet-brightspot.s3.amazonaws.com%2F6f%2F73%2Fb1552df7445c8d142cd809679590%2Fred-lacy-dogs-ace-luna-645sm82815.jpg
000011.jpg,https://www.101dogbreeds.com/wp-content/uploads/2017/04/Texas-Blue-Lacy.jpg
000012.jpg,https://dl5zpyw5k3jeb.cloudfront.net/photos/pets/43810735/2/?bust=1547874898&width=720
000013.jpg,https://www.dogbreedinfo.com/images24/BlueLacyHuckleberryBlueLacyDogsAmerican%20BlueLacyAssociationABLA5.jpg
000014.jpg,https://dl5zpyw5k3jeb.cloudfront.net/photos/pets/43810735/1/?bust=1547874895
000015.jpg,https://i.pinimg.com/236x/a8/5e/d5/a85ed5e7efb533c18dff676c759f9dcf--abyssinian-cat-blue-lacy-dog.jpg
000016.jpg,https://www.101dogbreeds.com/wp-content/uploads/2017/04/Blue-Lacy.jpg
000017.jpg,https://dogsaholic.com/wp-content/uploads/2018/06/Blue-Lacy-puppy-eating-its-iwn-leg-680x455.jpg
000018.jpg,https://dogsbreedusa.online/blue-lacy/texas-lacy-dog/
000019.jpg,https://www.rover.com/blog/wp-content/uploads/2017/11/blue-lacy-960x540.jpg
000020.jpg,https://www.worldatlas.com/r/w728-h425-c728x425/upload/5f/d4/54/blue-lacy-texas-state-dog.jpg
000021.jpg,https://vetstreet-brightspot.s3.amazonaws.com/43/d3/6753eb1245e58a9818a6c81e8c96/red-lacy-dog-running-645sm82815.jpg
000022.jpg,http://www.easypetmd.com/sites/default/files/Blue%20Lacy%20Dog%20Breed.jpg
000023.jpg,https://www.101dogbreeds.com/wp-content/uploads/2017/04/Blue-Lacy-Cur.jpg
000024.jpg,https://www.101dogbreeds.com/wp-content/uploads/2017/04/Blue-Lacy-Dogs.jpg
000025.jpg,https://dogable.net/wp-content/uploads/2013/11/blue-lacy-puppies-300x211.jpg
000026.jpg,https://alldogsworld.com/wp-content/uploads/2014/08/blue-lacy.jpg
000027.jpg,https://www.dogbreedinfo.com/images27/BlueLacyColorsRedBlueTriColorLacyDogBreedersAssociation.jpg
000028.jpg,https://vetstreet.brightspotcdn.com/dims4/default/f904b64/2147483647/thumbnail/645x380/quality/90/?url=https%3A%2F%2Fvetstreet-brightspot.s3.amazonaws.com%2Ff5%2F43%2Ffecf7c6e44019fe2116d97b1324d%2Fred-lacy-dog-face-closeup-645sm82815.jpg
000029.jpg,https://images.ctfassets.net/w00x6p5qkejz/5DKn64CmbeMiiUwkc2Ya8C/3dfa639759e9609eaea23df219de78b3/Lacy_Dog__Blue_Lacy__3.jpg
000030.jpg,http://www.nationalkennelclub.com/images/Blue_Lacymy24_007.jpg
000031.jpg,https://pet-uploads.adoptapet.com/3/f/5/193699667.jpg
000032.jpg,https://www.doglib.com/wp-content/uploads/sites/2/bl/blue-blue-lacy-breed.jpg
000033.jpg,https://cdn.shopify.com/s/files/1/0301/8521/files/blue-lacy-16_2048x2048.jpg?3194
000034.jpg,http://bluelacydogs.org/wp-content/uploads/2011/03/JohnsonsCamo2.jpg
000035.jpg,https://pet-uploads.adoptapet.com/f/5/1/276683523.jpg
000036.jpg,https://images1.americanlisted.com/nlarge/blue-lacy-puppies-and-adults-americanlisted_51108465.jpg
000037.jpg,https://statesymbolsusa.org/sites/statesymbolsusa.org/files/Blue-Lacy-Game-Dog.jpg
000038.jpg,http://yesofcorsa.com/wp-content/uploads/2017/10/Blue-Lacy-Wallpaper-For-Mobile.jpg
000039.jpg,https://img.voofla.com/3/129159567166515/picture?type=large
000040.jpg,https://i.pinimg.com/originals/3b/67/3e/3b673e28f7870e09dd78b0b758b1f835.jpg
000041.jpg,http://www.lacygamedog.com/pics/NewLitter/fullsize/10_fs.jpg
000042.jpg,https://dogbreeds10.com/wp-content/uploads/2018/02/Blue-Lacy-1-1.jpg
000043.jpg,https://discussions.texasbowhunter.com/attachment.php?attachmentid=5971&stc=1&d=1192132706
000044.jpg,https://nationalpurebreddogday.com/wp-content/uploads/2017/07/SB_8277397-336x400.jpg
000045.jpg,https://www.dogbreedinfo.com/images23/TexasBlueLacyTuffDogFullGrown2Years2.jpg
000046.jpg,https://phz8.petinsurance.com/pet-breeds/dog-breeds/~/media/All%20PHZ%20Images/Article%20images/Blue%20Lacy%20Puppy.ashx
000047.jpg,https://alchetron.com/cdn/blue-lacy-30403b4e-4791-4512-8acb-57d820fccfb-resize-750.jpg
000048.jpg,https://i.ytimg.com/vi/4W9KG6khx3g/hqdefault.jpg
000049.jpg,https://i1.wp.com/puppytoob.com/wp-content/uploads/2018/08/Blue-Lacy-2.jpg?resize=750%2C375
000050.jpg,https://ckcusa.com/media/147488/blue-lacy.jpg?preset=ckcBreedImage375
