image,source
000001.jpg,https://cdn3-www.dogtime.com/assets/uploads/2011/01/file_23138_boston-terrier-460x290.jpg
000002.jpg,https://d17fnq9dkz9hgj.cloudfront.net/breed-uploads/2018/08/boston-terrier-detail.jpg?bust=1535565321&width=355
000003.jpg,https://images-na.ssl-images-amazon.com/images/I/41tvTpjSFBL._SX425_.jpg
000004.jpg,https://thehappypuppysite.com/wp-content/uploads/2018/08/boston-terrier-long.jpg
000005.jpg,https://s3.amazonaws.com/cdn-origin-etr.akc.org/wp-content/uploads/2017/11/12235812/Boston-Terrier-MP.jpg
000006.jpg,https://s3.amazonaws.com/cdn-origin-etr.akc.org/wp-content/uploads/2017/11/12235803/Boston-Terrier-On-White-03.jpg
000007.jpg,https://s3.amazonaws.com/cdn-origin-etr.akc.org/wp-content/uploads/2017/11/15170515/Boston-Terrier-Care1.jpg
000008.jpg,https://d17fnq9dkz9hgj.cloudfront.net/breed-uploads/2018/08/boston-terrier-card-small.jpg?bust=1535569119
000009.jpg,https://www.purina.com.au/-/media/Project/Purina/Main/Breeds/Dog/Mobile/Dog_Boston-Terrier_Mobile.jpg?h=300&la=en&w=375&hash=D126F3EB44B2523A9E775DD3AEE1113B
000010.jpg,https://cdn2-www.dogtime.com/assets/uploads/gallery/boston-terrier-dog-breed-pictures/3-puppy.jpg
000011.jpg,https://secure.img2-fg.wfcdn.com/im/98432290/compr-r85/3235/32358050/sitting-boston-terrier-puppy-statue.jpg
000012.jpg,https://www.purina.com/sites/g/files/auxxlc196/files/styles/kraken_generic_max_width_240/public/NonSporting_Boston-Terrier.jpg?itok=Ibz5WAUu
000013.jpg,https://m.media-amazon.com/images/S/aplus-media/vc/9f69e553-f0f7-407a-85f4-066f7cdc669f.jpg
000014.jpg,https://vetstreet-brightspot.s3.amazonaws.com/74/9a03709e8e11e0a2380050568d634f/file/Boston-Terrier-1-645mk062111.jpg
000015.jpg,https://www.nylabone.com/-/media/Images/Nylabone-NA/US/Dog101/Breeds-A-Z/Boston-Terrier-jpg.jpg
000016.jpg,https://thehappypuppysite.com/wp-content/uploads/2019/02/boston-terrier-colors-long.jpg
000017.jpg,https://upload.wikimedia.org/wikipedia/commons/d/d7/Boston-terrier-carlos-de.JPG
000018.jpg,https://secure.img2-fg.wfcdn.com/im/70124750/compr-r85/4307/43073687/boston-terrier-with-top-hat-statue.jpg
000019.jpg,https://upload.wikimedia.org/wikipedia/commons/thumb/f/f3/Boston_Terrier_male.jpg/220px-Boston_Terrier_male.jpg
000020.jpg,https://i.etsystatic.com/8732782/r/il/467fca/1379932475/il_794xN.1379932475_nh9s.jpg
000021.jpg,https://t1.ea.ltmcdn.com/en/razas/5/3/0/img_35_boston-terrier_0_600.jpg
000022.jpg,https://images.homedepot-static.com/productImages/b958f385-eabd-48e6-bb29-839b4c1b3780/svn/hi-line-gift-garden-statues-87791-64_1000.jpg
000023.jpg,https://www.dogster.com/wp-content/uploads/2016/09/boston-600x583.png
000024.jpg,https://images-na.ssl-images-amazon.com/images/I/61-0QWn%2BDmL._SX425_.jpg
000025.jpg,https://c.stocksy.com/a/rID800/z9/1957765.jpg?1558187555
000026.jpg,https://vetstreet-brightspot.s3.amazonaws.com/30/ee8ec09e8e11e0a2380050568d634f/file/boston-terrier-1-062411.jpg
000027.jpg,https://www.pets4homes.co.uk/images/breeds/84/c5708142405a72cb23d9482d74e2b310.jpg
000028.jpg,https://usercontent2.hubstatic.com/11890991.jpg
000029.jpg,https://cf-s3.petcoach.co/uploads/breed/75/1520444971-BostonTerrier.jpg
000030.jpg,https://vetstreet-brightspot.s3.amazonaws.com/4b/79/ed7633494767bd00d07d97604c98/AP-W8EG6F-ph645080113.jpg
000031.jpg,https://figopetinsurance.com/sites/default/files/styles/blog_detail/public/imagedogsprofile-boston-terrier-breed-stading-outsideblog.jpg?itok=giIHwaNw
000032.jpg,https://www.yourpurebredpuppy.com/dogbreeds/photos-AB/bostonterriersf5.jpg
000033.jpg,https://www.petfirst.com/wp-content/uploads/2018/03/Breed-Hero-Boston-Terrier-1200x1200.jpg
000034.jpg,https://www.dogfever.com/1578-large_default/enamelled-hug-ring-boston-terrier.jpg
000035.jpg,http://breedfinder.ikc.ie/Content/images/breeds/88_boston_terrier.jpg
000036.jpg,https://cdn11.bigcommerce.com/s-86394/images/stencil/1280x1280/products/7630/109746/10_3367_web__98436.1525192685.jpg?c=2&imbypass=on
000037.jpg,https://images.wagwalkingweb.com/media/breed/boston-terrier/appearance/boston-terrier.png
000038.jpg,https://i.ebayimg.com/images/g/cIUAAOSwaIRZuXMJ/s-l300.jpg
000039.jpg,https://cdn.shopify.com/s/files/1/0105/6172/products/MT_20Boston_20TerrierFrench_20Bulldog_500x.jpg?v=1550694282
000040.jpg,https://ckcusa.com/media/144650/boston-terrier.jpg?preset=ckcBreedImage375
000041.jpg,https://free-classifieds-usa.com/oc-content/uploads/976/87116.jpg
000042.jpg,https://www.dogster.com/wp-content/uploads/2016/08/Boston-Terrier_225.jpg
000043.jpg,https://www.pets4homes.co.uk/images/articles/2985/large/how-to-tell-the-difference-between-a-boston-terrier-and-a-french-bulldog-558a7806631be.jpg
000044.jpg,https://www.calendars.com/img/p/orig/202000004221.jpg
000045.jpg,https://www.doggietags.co.uk/wp-content/uploads/2018/06/Boston-Terrier-tag.png
000046.jpg,https://bostonrescueflorida.org/wp-content/uploads/2015/12/Red-750.png
000047.jpg,https://cdn.europosters.eu/image/1300/calendar/boston-terrier-i62467.jpg
000048.jpg,https://cdn.shopify.com/s/files/1/1133/5028/files/BOSTON-TERRIERS-LOOKUP-1600X600.jpg?v=1516831757
000049.jpg,https://previews.123rf.com/images/vauvau/vauvau1705/vauvau170501983/77833701-portrait-of-an-adorable-boston-terrier-studio-shot-isolated-on-white-.jpg
000050.jpg,https://cdn3.volusion.com/9nxdj.fchy5/v/vspfiles/photos/NJ-00038-2.jpg?1506432594
