image,source
000001.jpg,https://vetstreet.brightspotcdn.com/dims4/default/1e6fd75/2147483647/thumbnail/645x380/quality/90/?url=https%3A%2F%2Fvetstreet-brightspot.s3.amazonaws.com%2Fb6%2F6c%2Fcc7e9bcd4bd3bedc3a441f7b1dcb%2Fbracco-italiano-ap-nrdpl1-645.jpg
000002.jpg,https://s3.amazonaws.com/cdn-origin-etr.akc.org/wp-content/uploads/2017/11/15105108/Bracco.Care_.jpg
000003.jpg,https://s3.amazonaws.com/cdn-origin-etr.akc.org/wp-content/uploads/2017/11/15105102/Bracco.puppy_.jpg
000004.jpg,https://s3.amazonaws.com/cdn-origin-etr.akc.org/wp-content/uploads/2017/11/15104437/Bracco.7.jpg
000005.jpg,https://www.hillspet.com/content/dam/cp-sites/hills/hills-pet/en_us/exported/dog-breeds/images/bracco-italiano-lying-on-ground.jpg
000006.jpg,https://upload.wikimedia.org/wikipedia/commons/4/42/Giotto_BI.jpg
000007.jpg,https://images.ctfassets.net/w00x6p5qkejz/3fWJKCTq00oWQ2mewEEQq0/a7c7f9b2b9dcd15b1d0f531dab86a9a4/Bracco_Italiano_1.jpg
000008.jpg,https://www.pets4homes.co.uk/images/breeds/134/large/3c495d44c871d665d7cca3a71140d7d1.jpg
000009.jpg,https://www.omlet.co.uk/images/originals/bracco-italiano-hundar-olympos-la-mia-dolce-miele-6a999724_1dbe2e09.jpg
000010.jpg,https://www.pets4homes.co.uk/images/articles/2328/large/some-frequently-asked-questions-about-the-bracco-italiano-dog-breed-5bcc60b2d23f3.jpg
000011.jpg,http://www.sabinemiddelhaufeshundundnatur.net/immagini/hunderassen/bracco%20italiano/UK/DSC_1761.jpg
000012.jpg,https://i.pinimg.com/originals/91/f0/4d/91f04d6b0086411ff7a8beaaf2ff735c.jpg
000013.jpg,http://www.dogzone.com/images/breeds/bracco-italiano.jpg
000014.jpg,https://www.omlet.co.uk/images/originals/bracco-italiano-hundar-olympos-vieni-al-mio-carnevale-a5bf99fa_edbda92d.jpg
000015.jpg,https://images.ctfassets.net/w00x6p5qkejz/3A8DrswGpWwSec6ksOO8gS/4bc7ab59f02d812e73947a8a504e6101/Bracco_Italiano_2.jpg
000016.jpg,https://www.pets4homes.co.uk/images/breeds/134/large/6358dc48f18b54db6cf085511b757b16.jpg
000017.jpg,https://i.pinimg.com/originals/71/0c/04/710c043c15a15fae9077f770b617d546.jpg
000018.jpg,https://upload.wikimedia.org/wikipedia/commons/thumb/1/1a/Cucciolo-bracco-italiano.JPG/200px-Cucciolo-bracco-italiano.JPG
000019.jpg,https://dogsbreedusa.online/bracco-italiano/bracco/
000020.jpg,https://st3.depositphotos.com/2500899/15783/i/1600/depositphotos_157838290-stock-photo-beautiful-bracco-italiano-standing-in.jpg
000021.jpg,http://www.gundogmag.com/files/2014/01/breed_profile_bracco_italiano_F.jpg
000022.jpg,https://www.101dogbreeds.com/wp-content/uploads/2016/11/Bracco-Italiano-Dog.jpg
000023.jpg,http://2.bp.blogspot.com/-G7TE35QBfqQ/TdFdKunIEvI/AAAAAAAAAg0/4YndrMRtuwM/s1600/Bracco-090902-5848-Edit.jpg
000024.jpg,https://www.dogvog.com/wp-content/uploads/2019/03/Bracco-Italiano.jpg
000025.jpg,https://www.pets4homes.co.uk/images/articles/5055/large/country-pursuits-with-a-bracco-italiano-5bcc5d5eba084.jpg
000026.jpg,https://s3.amazonaws.com/cdn-origin-etr.akc.org/wp-content/uploads/2017/11/12210144/Bracco-Italiano-History-05.jpg
000027.jpg,https://www.101dogbreeds.com/wp-content/uploads/2016/11/Bracco-Italiano-Dogs.jpg
000028.jpg,https://www.hillspet.com/content/dam/cp-sites/hills/hills-pet/en_us/img/article/close-up-of-bracco-italiano-dog.jpg
000029.jpg,https://static.wixstatic.com/media/5dab61_a521aaf146404bbc9915eecbde5ea757~mv2.jpg/v1/fill/w_1400,h_926,al_c,q_90/file.jpg
000030.jpg,https://www.dogbreedplus.com/dog_breeds/images/bracco-italiano-puppy.jpg
000031.jpg,https://cdn2-www.dogtime.com/assets/uploads/gallery/bracco-italiano-dog-breed-pictures/senior-1.jpg
000032.jpg,https://dogbreeds.wiki/uploads/b/bracco-italiano-photo-1_1.jpg
000033.jpg,https://images-na.ssl-images-amazon.com/images/I/51SOZ8DXYEL._SX425_.jpg
000034.jpg,https://researchbreeder.com/images/Puppies/Bracco-Italiano-Puppy.jpg
000035.jpg,https://i.pinimg.com/236x/a6/76/3b/a6763b318e7c0cac83cb845d8f2918fd--funny-dogs-cute-dogs.jpg
000036.jpg,https://workingbraccoitaliano.files.wordpress.com/2017/05/fullsizerender-8.jpg
000037.jpg,https://www.worldlifeexpectancy.com/images/a/d/d/b/bracco_italiano/bracco_italiano_1.jpg
000038.jpg,https://nimages1.champdogs.net/4246/l13007871.jpg
000039.jpg,https://www.dogexpress.in/wp-content/uploads/2016/04/1-10.jpg
000040.jpg,https://www.pets4homes.co.uk/images/breeds/134/large/7173accdae4ca5f5ff8f03398cdda264.jpg
000041.jpg,https://1.bp.blogspot.com/-hJff8E17mHw/Wclbr5WyxrI/AAAAAAAAGek/VpljYYnT4s0qAvokkbaoR-jnDnhTc8GMACLcBGAs/s1600/Bracco-Italiano-1.jpg
000042.jpg,http://pointer-freunde.com/wp-content/uploads/2016/03/tessyadopted.jpg
000043.jpg,https://ckcusa.com/media/147503/bracco-italiano.jpg?preset=ckcBreedImage375
000044.jpg,https://i.ebayimg.com/images/g/vNwAAOSwEVlb-RAU/s-l300.jpg
000045.jpg,https://www.thepaws.net/wp-content/uploads/2018/12/Bracco-Italiano-dog-3.jpg
000046.jpg,https://www.showsightmagazine.com/files/news/5c4c68b6c50599.50103671.jpg
000047.jpg,https://1.bp.blogspot.com/-6aeLh1UQqQ4/WclZLiwaHRI/AAAAAAAAGeU/gnNLfTw_uRkrDiQR6rSSZLobdATReIfiwCLcBGAs/s1600/Bracco%2BItaliano.jpg
000048.jpg,https://www.101dogbreeds.com/wp-content/uploads/2016/11/Bracco-Italiano-Images.jpg
000049.jpg,https://www.pets4homes.co.uk/images/breeds/134/large/4678b7d3ef7b2989efd21d9aff98238e.jpg
000050.jpg,https://www.dogbreedslist.info/uploads/allimg/dog-pictures/Bracco-Italiano-3.jpg
