image,source
000001.jpg,https://upload.wikimedia.org/wikipedia/commons/5/54/Braque_saint-germain_666.jpg
000002.jpg,https://www.101dogbreeds.com/wp-content/uploads/2017/11/Braque-Saint-Germain-Dog.jpg
000003.jpg,https://www.101dogbreeds.com/wp-content/uploads/2017/11/Braque-Saint-Germain.jpg
000004.jpg,https://www.dogbreedplus.com/dog_breeds/images/braque_saint_germain_dog.jpg
000005.jpg,https://upload.wikimedia.org/wikipedia/commons/c/c9/Braque_saint-germain_433.jpg
000006.jpg,http://1.bp.blogspot.com/-jNJFyUFqedI/TdFbzaI2aWI/AAAAAAAAAa8/AXQBy1MlWgc/s1600/Saint+Germain-40.jpg
000007.jpg,https://www.101dogbreeds.com/wp-content/uploads/2017/11/Braque-Saint-Germain-Images.gif
000008.jpg,http://1.bp.blogspot.com/_KmBL9nVqU0M/S4NOrlGJ0-I/AAAAAAAAEpI/TZV3g6aZnaI/s400/BSG%C2%A9CraigKoshyk-14.jpg
000009.jpg,https://www.101dogbreeds.com/wp-content/uploads/2017/11/Braque-Saint-Germain-Pictures.jpg
000010.jpg,https://www.dogzone.com/images/breeds/braque-saint-germain-puppy.jpg
000011.jpg,https://www.101dogbreeds.com/wp-content/uploads/2017/11/Images-of-Braque-Saint-Germain.jpg
000012.jpg,https://www.101dogbreeds.com/wp-content/uploads/2017/11/Braque-Saint-Germain-Photos.jpg
000013.jpg,https://www.petpaw.com.au/wp-content/uploads/2014/10/Braque-Saint-Germain-Main-Photo.jpg
000014.jpg,https://i.pinimg.com/236x/72/1e/d0/721ed06b9ac1140272f7172c23d67105--hound-dog-puppies-saint-germain.jpg
000015.jpg,http://www.petpaw.com.au/wp-content/uploads/2012/10/Braque-Saint-Germain22.jpg
000016.jpg,https://dogsbreedusa.online/braque-saint-germain/saint-germain-pointer/
000017.jpg,http://www.dogwallpapers.net/wallpapers/braque-saint-germain-on-dog-show-wallpaper.jpg
000018.jpg,https://ckcusa.com/media/147506/braque-saint-germain.jpg?preset=ckcBreedImage375
000019.jpg,http://www.dogwallpapers.net/wallpapers/braque-saint-germain-dogs-with-masters-wallpaper.jpg
000020.jpg,https://www.worldlifeexpectancy.com/images/a/d/d/b/braque_saint_germain/braque_saint_germain_1.jpg
000021.jpg,https://i.pinimg.com/originals/62/e9/54/62e954800e1e6252710de60a8ed9b202.jpg
000022.jpg,https://www.polytrans.fr/media/382_chien_de_race_braque_saint_germain__090921200_1532_13022014.jpg
000023.jpg,https://previews.agefotostock.com/previewimage/medibigoff/200671bb4362d2976ce0284749ab234d/mev-10769503.jpg
000024.jpg,https://www.101dogbreeds.com/wp-content/uploads/2017/11/Braque-Saint-Germain-Puppies.jpg
000025.jpg,https://i.pinimg.com/originals/b6/9a/38/b69a38fd1c114f1e71be79a066ff88c1.jpg
000026.jpg,https://images.wagwalkingweb.com/media/breed/braque-saint-germain/hero/Braque-Saint-Germain.jpg
000027.jpg,http://4.bp.blogspot.com/-4Zn7gLK1pEc/TdFeAVHt2aI/AAAAAAAAAkM/oBthJJp0Jmo/s1600/Saint+Germain-1-4.jpg
000028.jpg,https://media.ooreka.fr/public/image/3-305563-2889-full-13121733.jpg
000029.jpg,https://previews.agefotostock.com/previewimage/medibigoff/a759300ea7172eda5d673d5220bd4629/tfa-ab-01009.jpg
000030.jpg,https://as1.ftcdn.net/jpg/00/10/93/22/500_F_10932292_LAJxBhxXzUVhEEMzbkUMcLyyRIusLG4X.jpg
000031.jpg,https://www.europetnet.com/images/dogbreeds/braquesaintgermain.jpg
000032.jpg,https://opensooq-images.os-cdn.com/previews/700x0/aad3/7270/aad37270d9aff4f313fe299803955d3d9b20197075b178996a102ca4f74f7232.jpg.jpg
000033.jpg,https://c8.alamy.com/comp/X86WAR/braque-saint-germain-puppy-X86WAR.jpg
000034.jpg,https://c8.alamy.com/comp/X37X1T/braque-saint-germain-puppy-X37X1T.jpg
000035.jpg,http://www.artnet.com/WebServices/images/ll00108lldUZCGFgNOECfDrCWvaHBOcbRt/jean-alfred-dupuich-braque-saint-germain.jpg
000036.jpg,https://www.chiens-de-france.com/photo/eleveurs/19/3612/portees/f831fc91-268b-1664-e578-f3cbdcc9a9b7.jpg
000037.jpg,https://c8.alamy.com/comp/X7MKB0/braque-saint-germain-puppy-X7MKB0.jpg
000038.jpg,https://previews.123rf.com/images/dneprstock/dneprstock1804/dneprstock180400011/99793101-braque-saint-germain-dog-breed-isolated-on-white-background-digital-art-illustration-st-germain-poin.jpg
000039.jpg,https://www.elevagedeletangduvert.com/images/2015/braques-saint-germain/GEMMA_1.jpg
000040.jpg,https://upload-2.dogzer.net/image_global/4-240-dog-braque-saint-germain/_light-330017-braque-saint-germain.jpg
000041.jpg,https://c8.alamy.com/comp/X4W9A7/braque-saint-germain-puppy-X4W9A7.jpg
000042.jpg,https://c8.alamy.com/comp/B7M425/braque-saint-germain-puppy-B7M425.jpg
000043.jpg,https://www.elevagedeletangduvert.com/images/2015/braques-saint-germain/ELFY_1.jpg
000044.jpg,https://www.worldlydogs.com/uploads/5/2/2/3/52234445/6446608_orig.png
000045.jpg,http://www.alldogstickers.com/media/catalog/product/cache/1/image/9df78eab33525d08d6e5fb8d27136e95/b/r/braque_saint_germain-101.jpg
000046.jpg,https://i.pinimg.com/originals/8d/5d/9f/8d5d9f12d456ea9199e1a69aeb2bce4b.jpg
000047.jpg,http://www.sebraprints.com.au/media/catalog/product/cache/1/image/900x900/9df78eab33525d08d6e5fb8d27136e95/n/h/nh8597_braque_saint_germain.jpg
000048.jpg,https://c8.alamy.com/comp/XCR068/braque-saint-germain-puppy-XCR068.jpg
000049.jpg,http://4.bp.blogspot.com/_KmBL9nVqU0M/S4NOwcwBvCI/AAAAAAAAEpQ/_1-c7dM8Y4Q/s400/BSG%C2%A9CraigKoshyk-23.jpg
000050.jpg,http://www.dogbreedstandards.com/wp-content/uploads/2013/04/Braque-saint-germain.jpg
