image,source
000001.jpg,https://upload.wikimedia.org/wikipedia/commons/5/52/Male_Broholmer.jpg
000002.jpg,https://www.petguide.com/wp-content/uploads/2015/08/broholmer.jpg
000003.jpg,https://s3.amazonaws.com/cdn-origin-etr.akc.org/wp-content/uploads/2017/11/12235434/Broholmer-On-White-01.jpg
000004.jpg,https://s3.amazonaws.com/cdn-origin-etr.akc.org/wp-content/uploads/2017/11/13205006/Broholmer-care.jpg
000005.jpg,https://img.dog-learn.com/dog-breeds/broholmer/images/broholmer-cc-sz14.jpg
000006.jpg,https://s3.amazonaws.com/cdn-origin-etr.akc.org/wp-content/uploads/2017/11/12185721/Broholmer-MP-1.jpg
000007.jpg,https://i.ytimg.com/vi/3-WPpdzHlt0/maxresdefault.jpg
000008.jpg,https://i.pinimg.com/originals/12/55/ec/1255ecf3d2f9a65d37a41d551f7819ed.jpg
000009.jpg,https://i.ytimg.com/vi/WRrgiFEI6Ek/maxresdefault.jpg
000010.jpg,https://www.skk.se/globalassets/nku/filer/images/nordic-breeds/broholmer.jpg
000011.jpg,https://www.dogbreedinfo.com/images25/DanishBroholmerpPurebredDogRareHonor1.jpg
000012.jpg,https://www.dogbreedplus.com/dog_breeds/images/broholmer_dog_3.jpg
000013.jpg,https://www.dogbreedinfo.com/images12/DanishBroholmerP3130032.JPG
000014.jpg,https://topicimages.mrowl.com/large/vanessasaprincess/dogbreeds/foundationstoc/broholmer_1.jpg
000015.jpg,https://doggiedesigner.com/wp-content/uploads/2018/04/6.1jpg.jpg
000016.jpg,https://brit-petfood.com/file/nodes/product/danska%20doga%20broholmer.JPG
000017.jpg,https://www.101dogbreeds.com/wp-content/uploads/2017/08/Broholmer-Images.jpg
000018.jpg,http://www.geomedia.top/wp-content/uploads/2016/06/broholmer-300x260.png
000019.jpg,https://www.petguide.com/wp-content/uploads/2015/08/broholmer-1.jpg
000020.jpg,https://www.modernmolosser.com/sites/default/files/styles/slideshow/public/field/image/BROHOLMER%20Elmedals%20Bjoern.JPG?itok=WziEuzn-
000021.jpg,https://i.pinimg.com/736x/5a/0f/db/5a0fdbef6ff7a95065410770c948d284.jpg
000022.jpg,https://www.101dogbreeds.com/wp-content/uploads/2017/08/Broholmer-Dog.jpg
000023.jpg,http://www.dogzone.com/images/breeds/Broholmer.jpg
000024.jpg,https://wds2018.com/wp-content/uploads/2017/05/Broholmer_01.jpg
000025.jpg,https://www.carealotpets.com/images/breeding/dog-breeds/DanishBroholmer.jpg
000026.jpg,https://d3jjg4nf4bbybe.cloudfront.net/u/56670/a582e93533d5a31b14f03509b843fcc19f8568ef/original/36289740-1847740551950632-2718500636629925888-o.jpg/!!/b:W1sic2l6ZSIsIm1lZGl1bSJdXQ==.jpg
000027.jpg,https://previews.123rf.com/images/1959rdv/1959rdv1409/1959rdv140900143/31899562-broholmer-dog.jpg
000028.jpg,https://images.wagwalkingweb.com/media/breed/broholmer/hero/Broholmer1.jpg
000029.jpg,https://i0.wp.com/www.mascotarios.org/wp-content/gallery/broholmer/broholmer6.jpg
000030.jpg,https://www.dogbreedinfo.com/images25/DanishBroholmerpPurebredDogRareHonor3.jpg
000031.jpg,https://i.pinimg.com/originals/ea/33/d5/ea33d5ed2685a4d2576169d9ae619dd5.jpg
000032.jpg,https://i.ytimg.com/vi/KOI4JJFZlu0/hqdefault.jpg
000033.jpg,http://globaldogbreeds.com/wp-content/uploads/2018/02/Danish-Broholmer-1.jpg
000034.jpg,https://pbs.twimg.com/media/D7gz7HWX4AAgLFo.jpg
000035.jpg,https://thumbs.dreamstime.com/z/broholmer-closeup-white-background-guard-dog-dog-bodyguard-companion-dog-83765341.jpg
000036.jpg,https://t3.ftcdn.net/jpg/02/36/96/10/240_F_236961021_Mr0AujRf72KhnvLseuuAbPV8O5MKHLYT.jpg
000037.jpg,http://hoejmarksgaardenskennel.dk/____impro/1/onewebmedia/IMG_6032.jpg?etag=%22a3ee5e-5a98423b%22&sourceContentType=image%2Fjpeg&ignoreAspectRatio&resize=382%2B255&extract=0%2B0%2B382%2B254&quality=85
000038.jpg,http://www.gopetsamerica.com/dog_breeds/broholmer.jpg
000039.jpg,https://n4.sdlcdn.com/imgs/e/l/w/Broholmer-Danish-Mastiff-Dog-Journal-SDL520259879-1-05e40.jpg
000040.jpg,https://cdn.pixabay.com/photo/2018/11/06/23/43/broholmer-3799356_960_720.jpg
000041.jpg,https://previews.123rf.com/images/dneprstock/dneprstock1804/dneprstock180400023/99794195-broholmer-dog-breed-isolated-on-white-background-digital-art-illustration-danish-mastiff-large-molos.jpg
000042.jpg,https://precisionk9work.com/wp-content/uploads/2017/10/Danish_Broholmer.jpg
000043.jpg,https://doggiedesigner.com/wp-content/uploads/2018/04/6.2.jpg
000044.jpg,http://www.dogwallpapers.net/wallpapers/two-small-broholmer-puppy-photo.jpg
000045.jpg,http://sys.dogsuniverse.info/breeds/wp-content/blogs.dir/2/files/2012/01/Danish-Broholmer.jpg
000046.jpg,https://c8.alamy.com/comp/PFR1YA/male-red-brown-broholmer-danish-broholmer-danish-mastiff-dog-lying-down-PFR1YA.jpg
000047.jpg,http://www.davidhancockondogs.com/archives/archive_790_899/images/844/844-2%20%20%20%20Fine%20brace%20of%20Broholmers%20-%20%20photograph%20Jytte%20Weiss.jpg
000048.jpg,http://broholmersusa.homestead.com/publishImages/index~~element32.jpg
000049.jpg,https://puppyproject.org/wp-content/uploads/2015/03/Broholmer.jpg
000050.jpg,https://pbs.twimg.com/media/DE4HyxrXgAAi8bB.jpg
