image,source
000001.jpg,https://i.ytimg.com/vi/KmQKA7QxAWI/hqdefault.jpg
000002.jpg,https://upload.wikimedia.org/wikipedia/commons/5/57/09057110_Jura_Laufhund.jpg
000003.jpg,https://images.wagwalkingweb.com/media/breed/bruno-jura-hound/hero/Bruno-Jura-Hound.jpg
000004.jpg,https://nationalpurebreddogday.com/wp-content/uploads/2017/07/bruno-saint-hubert-francais-131015-131202-373x280.jpg
000005.jpg,https://vignette.wikia.nocookie.net/dog-breed4080/images/f/f6/1_bruno_jura_hound.jpg/revision/latest?cb=20171218233434
000006.jpg,https://i.pinimg.com/originals/fa/af/ff/faafff6eddc7a146b9b0a32fa3dea719.jpg
000007.jpg,http://www.dogwallpapers.net/wallpapers/bruno-jura-hound-on-walk-wallpaper.jpg
000008.jpg,https://i.pinimg.com/originals/f5/96/1b/f5961b4087abbddeb9f268b9210c0410.jpg
000009.jpg,https://c8.alamy.com/comp/E3PMFD/bruno-jura-hound-adult-standing-on-a-meadow-switzerland-E3PMFD.jpg
000010.jpg,https://images-na.ssl-images-amazon.com/images/I/51uX7p9oL4L._SX425_.jpg
000011.jpg,https://i.pinimg.com/originals/6f/b3/6f/6fb36fb5ea7ab5010c78d9dc2ea59c37.jpg
000012.jpg,https://c8.alamy.com/comp/X71H66/jura-or-bruno-hound-a-switzerland-breed-X71H66.jpg
000013.jpg,https://c8.alamy.com/comp/DRJAKN/bruno-jura-hound-hunting-dog-in-the-jura-mountains-on-the-swiss-french-DRJAKN.jpg
000014.jpg,https://c8.alamy.com/comp/XBCYEF/jura-or-bruno-hound-a-switzerland-breed-XBCYEF.jpg
000015.jpg,https://www.petpremium.com/wp-content/uploads/ppbr/breeds/jura-hounds_profile_350x400.jpg
000016.jpg,https://images.puppyfinder.com/Breed/3/c/5/3c5381215d0e51a3_452_image1.jpg
000017.jpg,https://i.pinimg.com/736x/1d/47/83/1d478336ae83e7d49e9b8e7c4588688e--jura-medieval.jpg
000018.jpg,http://free-press.ru/images/stories/statyi/domashnie-zhivotnue/Bruno-Jura-Hound-dog.JPG
000019.jpg,https://bigdogbreeds.info/wp-content/uploads/2018/10/Bruno-Jura-Hound-dog-food.jpg
000020.jpg,https://i.pinimg.com/originals/b5/01/55/b501552c9494c9bc94bb8eba8917a1b5.jpg
000021.jpg,http://www.dogwallpapers.net/wallpapers/bruno-jura-hound-dog.jpg
000022.jpg,https://i.pinimg.com/originals/be/f1/38/bef1385dd8b4fd2848c2c38ae1178abd.jpg
000023.jpg,https://c8.alamy.com/comp/DRJAH5/bruno-jura-hound-hunting-dog-in-the-jura-mountains-on-the-swiss-french-DRJAH5.jpg
000024.jpg,https://bigdogbreeds.info/wp-content/uploads/2018/10/Bruno-Jura-Hound-dog-characteristics.jpg
000025.jpg,https://i.pinimg.com/originals/31/72/0c/31720cacea923a6adf24a45e430fc4d2.jpg
000026.jpg,https://c8.alamy.com/comp/XDN1K6/bruno-jura-hound-adult-standing-on-a-meadow-switzerland-XDN1K6.jpg
000027.jpg,https://previews.agefotostock.com/previewimage/medibigoff/6702d57ce7f91d217d7ab99121a377c5/plp-140125p035.jpg
000028.jpg,https://previews.123rf.com/images/dneprstock/dneprstock1804/dneprstock180400022/99808853-bruno-jura-hound-dog-breed-isolated-on-white-background-digital-art-illustration-hunting-hound-dog-h.jpg
000029.jpg,https://c8.alamy.com/comp/X80FYP/bruno-jura-hound-adult-standing-on-a-meadow-switzerland-X80FYP.jpg
000030.jpg,https://c8.alamy.com/comp/PFMD5J/a-light-brown-jura-laufhund-bruno-with-dangling-pendulous-ears-head-only-shot-PFMD5J.jpg
000031.jpg,https://www.doglib.com/wp-content/uploads/sites/2/br/bruno-jura-haund-bruno-de-jura-breed.jpg
000032.jpg,https://i.etsystatic.com/6250346/r/il/e0a44e/1006880306/il_794xN.1006880306_oway.jpg
000033.jpg,https://previews.123rf.com/images/dneprstock/dneprstock1807/dneprstock180700043/104781928-bruno-jura-hound-puppy-doggy-swiss-french-dog-bred-for-hunting-pet-animal-with-long-ears-black-and-b.jpg
000034.jpg,https://thumbs.dreamstime.com/z/bruno-jura-hound-portrait-hand-painted-isolated-white-background-watercolor-dog-portrait-bruno-jura-hound-watercolor-140801673.jpg
000035.jpg,https://media.gettyimages.com/photos/bruno-jura-hound-sitting-picture-id141740808
000036.jpg,https://previews.agefotostock.com/previewimage/medibigoff/9ae4a3810e839ae527964f3b5e3e857f/plp-140125p033.jpg
000037.jpg,https://i.etsystatic.com/5288420/d/il/3bc93f/1718157626/il_340x270.1718157626_peyr.jpg?version=0
000038.jpg,https://cdn.bazaraki.com/cache/06/e1/06e1ce722a829130229fd417cc06a980.jpg
000039.jpg,https://www.doglib.com/wp-content/uploads/sites/2/br/bruno-berner-laufhund-dogs-basket-wakkpaper-breed.jpg
000040.jpg,https://i.ytimg.com/vi/dvnZnyn56AU/maxresdefault.jpg
000041.jpg,http://i.imgur.com/ArS21VQl.png
000042.jpg,https://c8.alamy.com/comp/GDA3G3/jura-or-bruno-hound-a-switzerland-breed-GDA3G3.jpg
000043.jpg,https://bigdogbreeds.info/wp-content/uploads/2018/10/Bruno-Jura-Hound-dog-puppies2-300x217.jpg
000044.jpg,https://t4.thpservices.com/previewimage/gallil/588921ea5cc75e64ef37791a7c3e4505/ys1-1797017.jpg
000045.jpg,https://i5.walmartimages.com/asr/170cdc2b-9fc6-4afa-9004-c36d75ec4e84_1.1dbe959875cbec91feb4ce03e336ce22.jpeg?odnHeight=450&odnWidth=450&odnBg=FFFFFF
000046.jpg,https://i.pinimg.com/originals/cb/52/0f/cb520fb8be78154eea231a2dd37334e1.jpg
000047.jpg,http://petshoptop.ru/media/2e/8b/0a/2e8b0ad62c8a9f3c5af58a346076e638/56fb93c244eec.jpg
000048.jpg,https://st3.depositphotos.com/1033409/18781/v/450/depositphotos_187818352-stock-illustration-dogs-by-country-of-origin.jpg
000049.jpg,https://i.ytimg.com/vi/UVJKRBKi4Ys/hqdefault.jpg
000050.jpg,https://g.rrrather.com/img/q/157157a.jpg
