image,source
000001.jpg,https://upload.wikimedia.org/wikipedia/commons/thumb/e/e5/Axel%2C_the_English_Bulldog.jpg/220px-Axel%2C_the_English_Bulldog.jpg
000002.jpg,https://i.ytimg.com/vi/3hRGPLFwS3c/maxresdefault.jpg
000003.jpg,https://images-na.ssl-images-amazon.com/images/I/61qiyxLyMwL._SX425_.jpg
000004.jpg,https://d17fnq9dkz9hgj.cloudfront.net/breed-uploads/2018/08/english-bulldog-detail.jpg?bust=1535565637&width=355
000005.jpg,https://images-na.ssl-images-amazon.com/images/I/51eYpWIIWjL._SX425_.jpg
000006.jpg,https://s3.amazonaws.com/cdn-origin-etr.akc.org/wp-content/uploads/2017/11/12235340/Bulldog-Care.jpg
000007.jpg,https://vetstreet.brightspotcdn.com/dims4/default/3407f3b/2147483647/thumbnail/645x380/quality/90/?url=https%3A%2F%2Fvetstreet-brightspot.s3.amazonaws.com%2Ffb%2F31%2F032a6aae436a9821acda211044fb%2Fbulldog-ap-rn4myi-645.jpg
000008.jpg,https://s3.amazonaws.com/cdn-origin-etr.akc.org/wp-content/uploads/2017/11/21010129/Bulldog-Slide-02.jpg
000009.jpg,https://secure.img1-fg.wfcdn.com/im/71066008/compr-r85/4307/43074606/sitting-sleepy-bulldog-puppy-statue.jpg
000010.jpg,https://res.cloudinary.com/fwkc-production/image/upload/c_fit,dpr_3.0,f_auto,g_center,h_430,q_auto,w_768/v1/fwkc/import/1016
000011.jpg,https://ichef.bbci.co.uk/news/660/cpsprodpb/B22F/production/_90551654_gettyimages-511711526.jpg
000012.jpg,http://dog.agriculturalproduct.online/images/Bulldog.jpg
000013.jpg,https://thehappypuppysite.com/wp-content/uploads/2017/07/bulldogs.jpg
000014.jpg,https://previews.123rf.com/images/adogslifephoto/adogslifephoto1508/adogslifephoto150800030/43621487-head-shot-of-a-large-and-beautiful-english-bulldog-breed-dog-looking-straight-forward-into-the-camer.jpg
000015.jpg,https://images.homedepot-static.com/productImages/95d2a5af-455a-4b10-b4d0-01a8024f6df0/svn/hi-line-gift-garden-statues-87710-f-64_1000.jpg
000016.jpg,https://usercontent1.hubstatic.com/13924218_f520.jpg
000017.jpg,https://img.posterlounge.co.uk/img/products/390000/381357/381357_poster_l.jpg
000018.jpg,https://filthybeasts.com/wp-content/uploads/2018/05/rubble-a-brighton-bulldog.jpg
000019.jpg,https://www.pets4homes.co.uk/images/breeds/5/large/e23f1190c5e599131d07dc3f9f3ad7ea.jpg
000020.jpg,https://thehappypuppysite.com/wp-content/uploads/2018/06/english-bulldog-temperament-header.jpg
000021.jpg,https://www.petsecure.com/images/petsecure-logos/english-bulldog.jpg?sfvrsn=0
000022.jpg,https://vetstreet.brightspotcdn.com/dims4/default/e23e4d4/2147483647/thumbnail/645x380/quality/90/?url=https%3A%2F%2Fvetstreet-brightspot.s3.amazonaws.com%2F1f%2F92%2Feb11c793404c89e0cab23d9da64a%2FAP-0RHRMQ-ph645080113.jpg
000023.jpg,https://cdn.royalcanin-weshare-online.io/_vr9YmYBIYfdNSoCAwi0/v1/bd10ac-english-bulldog-adult-standing-in-field
000024.jpg,https://usercontent1.hubstatic.com/7460524_f520.jpg
000025.jpg,http://cdn3-www.dogtime.com/assets/uploads/gallery/bulldog-dog-breed-pictures/1-threequartersitting.jpg
000026.jpg,https://d17fnq9dkz9hgj.cloudfront.net/breed-uploads/2018/08/english-bulldog-card-small.jpg?bust=1535568734
000027.jpg,https://s3.amazonaws.com/cdn-origin-etr.akc.org/wp-content/uploads/2017/11/12235315/Bulldog-MP.jpg
000028.jpg,https://assets3.thrillist.com/v1/image/2738032/size/tmg-article_tall;jpeg_quality=20.jpg
000029.jpg,https://i.pinimg.com/originals/d2/33/9a/d2339a636c856482fd03fb3c9b045d62.jpg
000030.jpg,https://www.pets4homes.co.uk/images/breeds/56/9b8f8158056fc5420a03372c9772678e.jpeg
000031.jpg,https://bowwowinsurance.com.au/wp-content/uploads/2018/10/aussie-bulldog-thumb.jpg
000032.jpg,http://www.sciencefriday.com/wp-content/uploads/2016/08/bulldogs_sadface_FINAL.jpg
000033.jpg,https://pixel.nymag.com/imgs/daily/science/2016/07/29/29-bulldog.w700.h700.jpg
000034.jpg,https://www.insidedogsworld.com/wp-content/uploads/2017/07/download.jpg
000035.jpg,https://images1.novica.net/pictures/10/p233627_2a_400.jpg
000036.jpg,http://www.eatsleepwalk.com/wp-content/uploads/English-Bulldog-Puppy-Training-and-Breed-Information-1.jpg
000037.jpg,https://images2.minutemediacdn.com/image/upload/c_crop,h_1189,w_2121,x_0,y_51/f_auto,q_auto,w_1100/v1554737610/shape/mentalfloss/63568-istock-150430784.jpg
000038.jpg,https://cdn1-www.dogtime.com/assets/uploads/2011/01/file_23140_bulldog-460x290.jpg
000039.jpg,https://www.thesprucepets.com/thmb/UE2lPXOpGTTGvZDwcpTfq83QayQ=/450x0/filters:no_upscale():max_bytes(150000):strip_icc()/3_English-5b32e7c346e0fb0037bebcf9-5b3f730ec9e77c0037d368cc.jpg
000040.jpg,https://img.chewy.com/is/image/catalog/88063_MAIN._AC_SL1500_V1550511666_.jpg
000041.jpg,https://img.rnudah.com/images/92/927915070729127.jpg
000042.jpg,https://animalso.com/wp-content/uploads/2019/01/Valley-Bulldog-3.jpg
000043.jpg,https://www.johnbeswick.co.uk/image_resize/back/w1500/products/58/JBD82FAW_BESWICK_BULLDOG_FAWN_CO.jpg
000044.jpg,https://c.stocksy.com/a/s8M600/z9/1515086.jpg?1552440806
000045.jpg,http://geniusvets.s3.amazonaws.com/gv-dog-breeds/english-bulldog-1.jpg
000046.jpg,https://cdn.images.express.co.uk/img/dynamic/128/590x/Puppies-947468.jpg
000047.jpg,https://vitalplanet.com/wp-content/uploads/84726686_s.jpg
000048.jpg,https://secure.img2-fg.wfcdn.com/im/14880338/resize-h800-w800%5Ecompr-r85/3589/35892260/Dog+Bulldog+Statue.jpg
000049.jpg,https://www.calendarclub.co.uk/-/media/productimages/24/29/242918_main.jpg
000050.jpg,https://cdn.europosters.eu/image/1300/calendar/bulldog-i50736.jpg
