image,source
000001.jpg,https://i1.wp.com/puppytoob.com/wp-content/uploads/2018/12/Bully-Kutta.jpg?resize=750%2C471
000002.jpg,https://i.ytimg.com/vi/NwoMqrRvxUE/maxresdefault.jpg
000003.jpg,https://upload.wikimedia.org/wikipedia/commons/thumb/c/c3/PakistaniMastiffPunjab.jpg/300px-PakistaniMastiffPunjab.jpg
000004.jpg,https://animalso.com/wp-content/uploads/2018/07/bully-kutta-809x809.jpg
000005.jpg,https://pbs.twimg.com/media/DSVhsjjU8AEwmqx.jpg
000006.jpg,https://i.pinimg.com/originals/a8/d1/6d/a8d16d3233da996861559ac4c2bc12bb.png
000007.jpg,https://i.pinimg.com/originals/c5/4c/f1/c54cf132b9e70791375b71b0dc10b749.jpg
000008.jpg,https://tamildogbreeds.com/wp-content/uploads/2019/03/Bully-Kutta-720x445.gif
000009.jpg,https://i.ytimg.com/vi/NwoMqrRvxUE/hqdefault.jpg
000010.jpg,https://www.101dogbreeds.com/wp-content/uploads/2015/04/White-Bully-Kutta.jpg
000011.jpg,https://www.101dogbreeds.com/wp-content/uploads/2015/04/Bully-Kutta-Pictures.jpg
000012.jpg,https://www.petpitari.com/wp-content/uploads/2019/01/Bully-Kutta-Stud-600x500.jpeg
000013.jpg,https://img.dog-learn.com/dog-breeds/bully-kutta/bully-kutta-i1-sz6.jpg
000014.jpg,https://dearcanine.com/wp-content/uploads/2018/01/24232484_163292680831153_3559962887829173013_n.jpg
000015.jpg,https://www.pets4homes.co.uk/images/classifieds/2018/05/22/1929809/large/bully-kutta-x-presa-canario-5b25251e11db4.jpg
000016.jpg,http://www.easypetmd.com/sites/default/files/Bully%20Kutta%20(3).jpg
000017.jpg,https://www.petpaw.com.au/wp-content/uploads/2014/10/Bully-Kutta-Relaxing-on-the-Grass-1030x1030.jpg
000018.jpg,https://www.pets4homes.co.uk/images/classifieds/2018/09/14/2062330/large/bully-kutta-x-cane-corso-5bcb152b08bcd.jpg
000019.jpg,https://krushikranti.com/images/2019/01/23/1557/indian-mastiff-bully-kutta-1_1.jpg?v=1548339988
000020.jpg,http://thebalroginstitute.weebly.com/uploads/9/1/8/6/9186404/2526570.jpg?322
000021.jpg,https://usercontent2.hubstatic.com/12502231.jpg
000022.jpg,https://i.pinimg.com/236x/22/9f/f3/229ff352fa84ef9f87431c57f906498f--bullies.jpg
000023.jpg,https://www.dogmal.com/wp-content/uploads/2017/03/bully-kutta-photot.jpg
000024.jpg,https://dogbreeds10.com/bully-kutta/bully-kuttas-3/
000025.jpg,https://i.ytimg.com/vi/3gTUSaGFSd0/maxresdefault.jpg
000026.jpg,https://www.petpitari.com/wp-content/uploads/2019/01/Bully-Kutta-Stud-2.jpeg
000027.jpg,http://molosserdogs.com/gallery/albums/userpics/13022/kala2a.JPG
000028.jpg,http://www.petsworld.in/blog/wp-content/uploads/2014/10/Bully-Kutta1.jpg
000029.jpg,https://i.ebayimg.com/00/s/MTAyNFg3Njg=/z/EroAAOSwgeBahar0/$_86.JPG
000030.jpg,https://img.dog-learn.com/dog-breeds/bully-kutta/bully-kutta-i1-sz3.jpg
000031.jpg,http://www.easypetmd.com/sites/default/files/Bully%20Kutta%20(4).JPG
000032.jpg,https://krushikranti.com/images/2019/01/23/1557/indian-mastiff-bully-kutta-1_2.jpg?v=1548339988
000033.jpg,https://www.kennelsindia.com/root_upld/puppysale/80198/t4_20170326094845.jpg
000034.jpg,https://pbs.twimg.com/media/BwBynTpCIAAZ7wg.jpg
000035.jpg,https://www.101dogbreeds.com/wp-content/uploads/2015/04/Bully-Kutta-Images.jpg
000036.jpg,https://theultimatedogresources.com/wp-content/uploads/2018/05/dogo-argentino-vs-bully-kutta-fearless-dog-breeds-1400x700.jpg
000037.jpg,http://4.bp.blogspot.com/-AW6VXkPvndA/UK26StaD4aI/AAAAAAAAABs/JvPwfOuY1_w/s1600/Modern_WhiteBullyKutta.jpg
000038.jpg,https://i.dawn.com/primary/2018/08/5b81c5f94ed4a.jpg
000039.jpg,http://top-dawg-kennels.tripod.com/sitebuildercontent/sitebuilderpictures/jagga.jpg
000040.jpg,https://i.pinimg.com/originals/4e/b4/2c/4eb42c7111111f78afed017211f60428.jpg
000041.jpg,https://steemitimages.com/640x0/https://cdn.steemitimages.com/DQmW6nWoQ8n11PDFfQXFsptNxeU4AGE3Z9jwuo6qpKpRz2v/10428713_1530451027210615_2809338954348866475_n.jpg
000042.jpg,https://cdn.imgbin.com/0/21/12/imgbin-bully-kutta-dog-bite-dog-training-guard-dog-leash-others-LYh0dsWNU3zp4axtZCRz9VTNn.jpg
000043.jpg,http://thebalroginstitute.weebly.com/uploads/9/1/8/6/9186404/1334177491.jpg
000044.jpg,https://tamildogbreeds.com/wp-content/uploads/2018/12/Pure-Brown-Bully-Kutta-in-Punjab.jpg
000045.jpg,http://www.happydogheaven.com/wp-content/uploads/bully-and-rottweiler-mix-bully-kutta-breed-guide.jpg
000046.jpg,https://defence.pk/pdf/proxy.php?image=https%3A%2F%2Fs-media-cache-ak0.pinimg.com%2F736x%2Fd4%2F8c%2Fed%2Fd48ced97f0af3a34517f5cd930bb9335.jpg&hash=ddf2b8cf1e52b51dba542c8b8cb7f62d
000047.jpg,https://apollo-singapore.akamaized.net/v1/files/isa3ugyp4q6c1-PK/image;s=850x0
000048.jpg,https://i.redd.it/ye2z1iagyiq11.jpg
000049.jpg,https://i.ytimg.com/vi/HSfs106us4E/hqdefault.jpg
000050.jpg,https://dogbreeds10.com/bully-kutta/white-bully-kutta/
