image,source
000001.jpg,http://www.easypetmd.com/sites/default/files/Bull%20and%20Terrier%20(3)_0.jpg
000002.jpg,http://www.easypetmd.com/sites/default/files/Bull%20and%20Terrier%20(6)_0.jpg
000003.jpg,https://s3.amazonaws.com/cdn-origin-etr.akc.org/wp-content/uploads/2017/11/12235344/Bull-Terrier-On-White-03.jpg
000004.jpg,https://s3.amazonaws.com/cdn-origin-etr.akc.org/wp-content/uploads/2017/11/12235406/Bull-Terrier-History-01.jpg
000005.jpg,https://vetstreet.brightspotcdn.com/dims4/default/d43f6f3/2147483647/thumbnail/645x380/quality/90/?url=https%3A%2F%2Fvetstreet-brightspot.s3.amazonaws.com%2F0b%2F8247a0a72911e0a0d50050568d634f%2Ffile%2FBull-Terrier-2-645mk062311.jpg
000006.jpg,http://canineheritage.weebly.com/uploads/5/7/0/1/57017963/hinks-old-dutch-1866-old-victor-x-countess.jpg?364
000007.jpg,https://usercontent2.hubstatic.com/13824267_f520.jpg
000008.jpg,http://www.easypetmd.com/sites/default/files/Bull%20and%20Terrier%20(5)_0.jpg
000009.jpg,http://www.dogwallpapers.net/wallpapers/bull-and-terrier-dog-in-rack.jpg
000010.jpg,https://cdn1-www.dogtime.com/assets/uploads/2011/01/file_23060_bull-terrier-460x290.jpg
000011.jpg,https://cdn.britannica.com/s:300x300/06/30106-004-14CA0E02.jpg
000012.jpg,http://idata.over-blog.com/2/74/94/89/Old-pics--Staffies-and-bullodgs-3/c79.jpg
000013.jpg,https://s3.amazonaws.com/cdn-origin-etr.akc.org/wp-content/uploads/2017/11/12230801/Miniature-Bull-Terrier-On-White-01.jpg
000014.jpg,https://bullterrierhq.com/wp-content/uploads/2018/12/bull-terrier-history.jpg
000015.jpg,http://www.davidhancockondogs.com/archives/archive_494_585/images/560/560C%20Old%20Fashioned%20Bull%20Terrier.jpg
000016.jpg,https://www.insidedogsworld.com/wp-content/uploads/2017/07/miniature-bull-terrier8.jpg
000017.jpg,http://hounddogsdrule.com/wp-content/uploads/2011/09/Benjamin_Marshall_-_Dustman_-_Bulldog_and_Terrier_Mix.jpg
000018.jpg,https://d17fnq9dkz9hgj.cloudfront.net/breed-uploads/2018/08/staffordshire-bull-terrier-detail.jpg?bust=1535566651&width=355
000019.jpg,https://i0.wp.com/grapevine.is/wp-content/uploads/Bullterier_089_LM.jpg?fit=516%2C460&quality=99&ssl=1
000020.jpg,https://images2.minutemediacdn.com/image/upload/c_fill,g_auto,h_1248,w_2220/f_auto,q_auto,w_1100/v1555389320/shape/mentalfloss/istock_000054179236_small.jpg
000021.jpg,https://thehappypuppysite.com/wp-content/uploads/2019/02/bull-terrier-mixes-long.jpg
000022.jpg,http://clearlakeallbreedrescue.org/images/VintageBullTerrier.jpg
000023.jpg,https://www.nylabone.com/-/media/Images/Nylabone-NA/US/Dog101/Breeds-A-Z/Bull-Terrier-jpg.jpg
000024.jpg,https://s3.amazonaws.com/cdn-origin-etr.akc.org/wp-content/uploads/2017/11/12235403/Bull-Terrier-History-02.jpg
000025.jpg,https://myanimals.com/wp-content/uploads/2018/05/Bull-Terrier.jpg
000026.jpg,https://upload.wikimedia.org/wikipedia/commons/d/d1/Fighting_dogs_catching_their_breath_-_painting.jpg
000027.jpg,http://www.goodpitbulls.com/wp-content/uploads/2016/11/pitbull-english-bull-terrier-mix-640x450.jpg
000028.jpg,https://i.ytimg.com/vi/2kwb7vtFxEA/hqdefault.jpg
000029.jpg,https://www.insidedogsworld.com/wp-content/uploads/2018/12/Bull_Terrier_Breed_Information.jpg
000030.jpg,http://www.pethealthnetwork.com/sites/default/files/content/images/bull-terrier180506868.png
000031.jpg,https://www.thesprucepets.com/thmb/3Wg0ikNzu1251NLrXsI5Uj1Dvgs=/450x0/filters:no_upscale():max_bytes(150000):strip_icc()/Bullterrier-GettyImages-480245719-c0edc53144e147868cc262043bdcea58.jpg
000032.jpg,http://lulubully.basestar59.com/wp-content/uploads/sites/4/2016/01/Coloured_BullTerriers_1936_540px.jpg
000033.jpg,http://caninechronicle.com/wp-content/uploads/2016/02/riggsbee-bullterrier_bkg-232x300.jpg
000034.jpg,https://banner2.kisspng.com/20180730/tyi/kisspng-miniature-bull-terrier-bull-and-terrier-old-englis-icelandic-sheepdog-5b5e984a0ab3b7.7643830915329260260439.jpg
000035.jpg,https://www.shingavet.co.za/blog/wp-content/uploads/2013/11/3887-21-1266818024685-3.jpg
000036.jpg,https://www.dogbreedinfo.com/images28/BullTerrierPurebredDogWhiteWally9YearsOld1.JPG
000037.jpg,https://d17fnq9dkz9hgj.cloudfront.net/breed-uploads/2018/08/bull-terrier-card-small.jpg?bust=1535568999
000038.jpg,http://www.easypetmd.com/sites/default/files/Bull%20and%20Terrier%20(2)_0.jpg
000039.jpg,https://cdn1-www.dogtime.com/assets/uploads/2016/06/bull-terrier.jpg
000040.jpg,https://vetstreet.brightspotcdn.com/dims4/default/2a8f781/2147483647/thumbnail/645x380/quality/90/?url=https%3A%2F%2Fvetstreet-brightspot.s3.amazonaws.com%2F94%2F04cec0a7e411e0a0d50050568d634f%2Ffile%2FBull-Terrier-1-645mk070111.jpg
000041.jpg,https://cdn.images.express.co.uk/img/dynamic/128/590x/Staffordshire-Bull-Terrier-989610.jpg?r=1532441147918
000042.jpg,https://www.petmd.com/sites/default/files/bull_terrier.jpg
000043.jpg,https://i.ytimg.com/vi/GBD5RKdSQVU/hqdefault.jpg
000044.jpg,https://cdn.britannica.com/s:300x300/30/123730-004-402617CA.jpg
000045.jpg,https://breedingbusiness.com/wp-content/uploads/2019/04/how-to-breed-bull-terriers-800x400.jpg
000046.jpg,https://images-na.ssl-images-amazon.com/images/I/81Q6KQFtaDL._SX425_.jpg
000047.jpg,https://ichef.bbci.co.uk/news/660/cpsprodpb/11303/production/_105730407_bull.jpg
000048.jpg,https://img.dog-learn.com/dog-breeds/amstaff/american-staffordshire-terrier-i3-sz14.jpg
000049.jpg,https://banner2.kisspng.com/20180328/jcw/kisspng-bull-terrier-miniature-staffordshire-bull-terrie-bull-5abb841090f7f4.5647645015222384805938.jpg
000050.jpg,https://americanbullydaily.com/wp-content/uploads/2017/05/Bull-Terrier-vs-Pit-bull-choose-your-favorite-dog-breed.jpg
