image,source
000001.jpg,https://upload.wikimedia.org/wikipedia/commons/2/28/Burgos_Pointer_or_Perdiguero_de_Burgos.JPG
000002.jpg,http://4.bp.blogspot.com/-YBTggTu6KS0/TdFbFk6op1I/AAAAAAAAAX0/BJpHvEkFstM/s1600/Burgos-080329-102.jpg
000003.jpg,https://www.dogbreedplus.com/dog_breeds/images/Spanish_Pointer_001.jpg
000004.jpg,http://4.bp.blogspot.com/-iNxJUn9Gz1w/TdFbGotc_II/AAAAAAAAAX4/NNVPvhZWCP0/s1600/Burgos-050702-29.jpg
000005.jpg,https://i.pinimg.com/originals/4f/0a/79/4f0a7924fea2b846eb8dc8bf5152c6b9.jpg
000006.jpg,https://www.dogbreedinfo.com/images26/PerdiguerodeBurgosChicoPurebredDog4YearsOld.jpg
000007.jpg,https://i.pinimg.com/originals/78/8c/98/788c98497ecf4e4c64eb328be6eaac24.jpg
000008.jpg,http://3.bp.blogspot.com/-l2bTzpHheIk/TdFbEW_-0zI/AAAAAAAAAXw/g_6RYMD0-dQ/s1600/Burgos-080329-154.jpg
000009.jpg,http://www.gopetsamerica.com/dog_breeds/pics/burgos_pointer.jpg
000010.jpg,https://upload.wikimedia.org/wikipedia/commons/1/1c/Burgos_Pointer.jpg
000011.jpg,https://www.doglib.com/wp-content/uploads/sites/2/bu/burgos-spanish-pointer-breed.jpg
000012.jpg,https://www.worldlydogs.com/uploads/5/2/2/3/52234445/4928900_orig.png
000013.jpg,https://images-na.ssl-images-amazon.com/images/I/51mtyyttxfL._SX450_.jpg
000014.jpg,https://i.pinimg.com/originals/dc/47/1e/dc471eb57579e594a11d5fe294e14301.jpg
000015.jpg,https://previews.agefotostock.com/previewimage/medibigoff/8517b227d3ffd3820c526005bf553e7f/mev-10776102.jpg
000016.jpg,https://previews.123rf.com/images/dneprstock/dneprstock1804/dneprstock180400042/99778602-burgos-pointer-dog-breed-isolated-on-white-background-digital-art-illustration-burgalese-pointer-bre.jpg
000017.jpg,http://dogbreedstandards.com/wp-content/uploads/2013/04/Burgos-Pointer.jpg
000018.jpg,http://3.bp.blogspot.com/-uxmqKK7swK8/TdFcJmKaliI/AAAAAAAAAcY/0ESNPKDkAos/s1600/Burgos-080329-354.jpg
000019.jpg,http://www.minhafofinha.com/photos/news/2016-moscow/main-peso.jpg
000020.jpg,https://images-wixmp-ed30a86b8c4ca887773594c2.wixmp.com/f/abb77c2a-1ae5-4624-b220-1da069ba667e/dct3c4z-0bd491bd-c6f9-4272-83ef-748bd006b63d.png/v1/fill/w_935,h_855,q_70,strp/year_of_the_dog___burgos_pointer_by_kelgrid_dct3c4z-pre.jpg?token=eyJ0eXAiOiJKV1QiLCJhbGciOiJIUzI1NiJ9.eyJzdWIiOiJ1cm46YXBwOjdlMGQxODg5ODIyNjQzNzNhNWYwZDQxNWVhMGQyNmUwIiwiaXNzIjoidXJuOmFwcDo3ZTBkMTg4OTgyMjY0MzczYTVmMGQ0MTVlYTBkMjZlMCIsIm9iaiI6W1t7ImhlaWdodCI6Ijw9OTE0IiwicGF0aCI6IlwvZlwvYWJiNzdjMmEtMWFlNS00NjI0LWIyMjAtMWRhMDY5YmE2NjdlXC9kY3QzYzR6LTBiZDQ5MWJkLWM2ZjktNDI3Mi04M2VmLTc0OGJkMDA2YjYzZC5wbmciLCJ3aWR0aCI6Ijw9MTAwMCJ9XV0sImF1ZCI6WyJ1cm46c2VydmljZTppbWFnZS5vcGVyYXRpb25zIl19.dGYfFTh0h_OL5zWu9wtFeaRWDjlwJL9iFFno-Oup9eg
000021.jpg,https://alchetron.com/cdn/burgos-pointer-fd6eb3aa-0599-45b2-bfe3-40f9736c658-resize-750.png
000022.jpg,https://i.ytimg.com/vi/NDIi99Ct15k/maxresdefault.jpg
000023.jpg,https://www.mascotarios.org/wp-content/uploads/2011/09/PerdigueroBurgos.jpg
000024.jpg,http://sloughi.tripod.com/HelptheBraques/propatasfinnjn2017.jpg
000025.jpg,https://i.pinimg.com/236x/82/5c/f6/825cf652010cfe7a811e7dbb61cf1510--hunting-dogs-shelter-dogs.jpg
000026.jpg,https://www.petguide.com/wp-content/uploads/2015/03/The-Spanish-Pointer-is-believed-to-be-the-first-of-the-Pointer-breeds.jpg
000027.jpg,https://cdn11.bigcommerce.com/s-yfpwl9z/images/stencil/1280x1280/products/2893/11654/0474__21550.1535980478.jpg?c=2&imbypass=on
000028.jpg,https://thumbs.dreamstime.com/z/burgos-pointer-puppy-dog-breed-portarait-gentle-english-mastiff-mammal-domestic-animal-calm-pet-loving-children-family-121478611.jpg
000029.jpg,https://c8.alamy.com/comp/PFGYD1/perdiguero-de-burgos-spanish-pointer-dog-looking-up-PFGYD1.jpg
000030.jpg,https://images.wagwalkingweb.com/media/breed/burgos-pointing/hero/Burgos-Pointing.jpg
000031.jpg,http://click-art.ru/foto/ekzotika_img/dogs/small_325.jpg
000032.jpg,https://www.ukcdogs.com/images/breeds/perdiguero-de-burgos.jpg
000033.jpg,https://m.media-amazon.com/images/I/A13usaonutL._CLa%7C2140,2000%7C81s+wUh9zIL.png%7C0,0,2140,2000+0.0,0.0,2140.0,2000.0._UX342_.png
000034.jpg,https://i.ytimg.com/vi/jM9d59vGQiM/hqdefault.jpg
000035.jpg,https://iv1.lisimg.com/image/8270904/624full.jpg
000036.jpg,https://www.animalssale.com/uploads/breed/breeds-2/burgospointer.jpg
000037.jpg,https://i5.walmartimages.com/asr/33a4f076-3448-4229-bc20-001b92d5dca4_1.0b683fc20b45aa758803d68375545823.jpeg?odnHeight=450&odnWidth=450&odnBg=FFFFFF
000038.jpg,https://i.ebayimg.com/images/g/53IAAOSwke9aGzkV/s-l640.jpg
000039.jpg,https://images.fineartamerica.com/images/artworkimages/mediumlarge/1/burgos-pointer-in-watercolor-pablo-romero.jpg
000040.jpg,https://i.ebayimg.com/images/g/ZJoAAOSw9ytZpGdS/s-l300.png
000041.jpg,https://cdn11.bigcommerce.com/s-jbg7mp3qyd/images/stencil/800x800/products/14140/14429/Burgos_Pointer_Co__42104__59496.1474352453.png?c=2&imbypass=on
000042.jpg,https://i.ytimg.com/vi/D0CJO5EqZLc/maxresdefault.jpg
000043.jpg,http://dogbreedstandards.com/wp-content/uploads/2012/01/German-Shorthaired-Pointer.jpg
000044.jpg,https://bigdogbreeds.info/wp-content/uploads/2018/10/Perdiguero-de-Burgos-dog-750x450.jpg
000045.jpg,https://i.etsystatic.com/11685718/c/1000/951/0/0/il/32a4f8/1115198476/il_340x270.1115198476_ho6f.jpg
000046.jpg,https://www.picclickimg.com/d/l400/pict/232825118795_/Watercolor-Burgos-Pointer-Dog-Mens-Tee-Image-by.jpg
000047.jpg,https://ae01.alicdn.com/kf/HTB1akKcaeuSBuNjSsziq6zq8pXaW.jpg
000048.jpg,https://i.pinimg.com/originals/05/25/03/052503e7098e510152b8e11963b1e07a.jpg
000049.jpg,http://www.davidhancockondogs.com/archives/archive_399_493/images/453/453-3%20ARKWRIGHT'S%20POINTER.jpg
000050.jpg,https://images.baxterboo.com/global/images/products/medium/alpine-all-weather-dog-coat-flannel-red-green-plaid-5424.jpg
