image,source
000001.jpg,https://cdn2-www.dogtime.com/assets/uploads/gallery/cairn-terrier-dog-breed-pictures/3-jumpup.jpg
000002.jpg,https://cdn3-www.dogtime.com/assets/uploads/2011/01/file_23062_cairn-terrier-460x290.jpg
000003.jpg,https://d17fnq9dkz9hgj.cloudfront.net/breed-uploads/2018/08/cairn-terrier-detail.jpg?bust=1535565423&width=355
000004.jpg,https://www.yourpurebredpuppy.com/dogbreeds/photos-CD/cairnterriersf5.jpg
000005.jpg,https://images-na.ssl-images-amazon.com/images/I/61e%2BEfMH3mL.jpg
000006.jpg,https://images-na.ssl-images-amazon.com/images/I/51bD9iA6ErL.jpg
000007.jpg,https://upload.wikimedia.org/wikipedia/commons/b/b0/Cairn-Terrier-Garten1.jpg
000008.jpg,https://i.ytimg.com/vi/UjIA3q9gKdc/maxresdefault.jpg
000009.jpg,https://s3.amazonaws.com/cdn-origin-etr.akc.org/wp-content/uploads/2017/11/04193145/Cairn-Terriers-on-White-031.jpg
000010.jpg,https://d17fnq9dkz9hgj.cloudfront.net/breed-uploads/2018/08/cairn-terrier-card-small.jpg?bust=1535569045
000011.jpg,https://dogsaholic.com/wp-content/uploads/2016/05/Cairn-Terrier-dog-breed-810x591.jpg
000012.jpg,https://s3.amazonaws.com/cdn-origin-etr.akc.org/wp-content/uploads/2017/11/12192046/Cairn-Terrier-Puppies-e1519661066501.jpg
000013.jpg,https://s3.amazonaws.com/cdn-origin-etr.akc.org/wp-content/uploads/2017/11/12235201/Cairn-Terrier-Care.jpg
000014.jpg,https://thehappypuppysite.com/wp-content/uploads/2018/07/cairn-terrier-long.jpg
000015.jpg,https://i.pinimg.com/originals/19/e1/be/19e1be6795add43a170ac5667665c2ab.jpg
000016.jpg,https://www.petguide.com/wp-content/uploads/2013/02/cairn-terrier-11.jpg
000017.jpg,https://upload.wikimedia.org/wikipedia/commons/thumb/b/bd/Cairn_Terrier.jpg/220px-Cairn_Terrier.jpg
000018.jpg,https://www.harlingenveterinaryclinic.com/sites/default/files/styles/large/adaptive-image/public/cairn-terrier-dog-breed-info.jpg?itok=5p8DObQo
000019.jpg,https://vetstreet.brightspotcdn.com/dims4/default/b0edf01/2147483647/crop/0x0%2B0%2B0/resize/645x380/quality/90/?url=https%3A%2F%2Fvetstreet-brightspot.s3.amazonaws.com%2F92%2Fb008b0a72a11e0a0d50050568d634f%2Ffile%2FCairn-Terrier-3-645mk062311.jpg
000020.jpg,https://4.bp.blogspot.com/-PlzBbEP1-l4/VuCkykuDnqI/AAAAAAAABRo/om0JsaD_Qds/s1600/DSC04754.JPG
000021.jpg,https://vippuppies.com/wp-content/uploads/2016/11/Cairn-Terrier.jpg
000022.jpg,https://www.myfamily.it/content/images/thumbs/0026872_cairn-terrier-dog-tag.jpeg
000023.jpg,https://www.pets4homes.co.uk/images/breeds/108/large/2d2513d17369b79056403dc891f37667.jpg
000024.jpg,http://doglover.in/wp-content/uploads/2018/05/Cairn-Terrier-1140x760.jpg
000025.jpg,https://previews.123rf.com/images/vauvau/vauvau1608/vauvau160800655/60684113-puppy-cairn-terrier-sitting-on-the-floor.jpg
000026.jpg,https://previews.123rf.com/images/cynoclub/cynoclub1511/cynoclub151100323/48661638-purebred-cairn-terrier-in-front-of-white-background.jpg
000027.jpg,https://www.showsightmagazine.com/files/news_gallery/5b65b9e52e854.jpg
000028.jpg,https://c8.alamy.com/comp/BEK2M9/two-terriers-white-cairn-terrier-and-black-scottish-terrier-posing-BEK2M9.jpg
000029.jpg,https://wds2018.com/wp-content/uploads/2017/05/CAT-OU-0001.jpg
000030.jpg,https://www.showsightmagazine.com/files/news/5b65b9e4ad87f8.44490264.jpg
000031.jpg,https://douglascuddletoy.com/wp-content/uploads/2018/11/2047-2.jpg
000032.jpg,https://www.ufaw.org.uk/images/depositphotos73803057original.jpg
000033.jpg,https://www.purina.com/sites/g/files/auxxlc196/files/styles/kraken_generic_max_width_240/public/TERRIER_Cairn-Terrier_CLIP.jpg?itok=WaIKe06I
000034.jpg,https://t4.ftcdn.net/jpg/00/74/68/87/500_F_74688708_qgUbhSZzZPvsgug4PZLCqM6FuTOA7yGo.jpg
000035.jpg,https://images-na.ssl-images-amazon.com/images/I/71rhupGLM1L._SL1200_.jpg
000036.jpg,https://media.gettyimages.com/photos/cairn-terrier-picture-id166181430?s=612x612
000037.jpg,https://media.istockphoto.com/photos/cairn-terrier-walking-in-front-of-a-white-background-picture-id510060408?k=6&m=510060408&s=612x612&w=0&h=SFOgL1t0gvvK1Wf-aK5FBfTgKrJHd88s12w6czncW2I=
000038.jpg,https://images.freeimages.com/images/premium/previews/3904/39043944-cairn-terrier-dog-with-gray-fur-studio-shot.jpg
000039.jpg,http://pawsitivepuppies.com/wp-content/uploads/2011/10/Puppies-on-deck-and-grass-Aug-09-026.jpg
000040.jpg,https://i.pinimg.com/originals/82/c0/6b/82c06bfeb200172724e091b782e0a175.jpg
000041.jpg,https://www.selectadogbreed.com/media/1557/cairnterrier_adult.jpg
000042.jpg,https://lh4.googleusercontent.com/gl5cZqCb_C6VUp9ZobqKv94iD4a1kcIYrJmlGUSRJoaF44U1-e4Mts6KSnP4XGz0JzuHWCFWzY8PPVa4D-7OvyIdIKe9qQsBiZ0FveDc720Vrx1tua1s7SOiKdVK92Tm30sqHZOc
000043.jpg,https://i.ytimg.com/vi/e_nC_clv_WM/hqdefault.jpg
000044.jpg,https://www.petful.com/wp-content/uploads/2015/12/cairn-terrier-purebred-750x410.jpg
000045.jpg,http://poochinfo.com/wp-content/uploads/2018/04/Brindle-Cairn-Terrier.jpg
000046.jpg,https://c8.alamy.com/comp/C5E7R0/cairn-terrier-8-months-old-sitting-in-front-of-white-background-C5E7R0.jpg
000047.jpg,https://i.etsystatic.com/14952615/r/il/e554f9/1567125480/il_794xN.1567125480_m6ga.jpg
000048.jpg,https://comps.canstockphoto.com/cairn-terrier-licking-his-nose-picture_csp41959577.jpg
000049.jpg,https://st2.depositphotos.com/1004592/9136/i/950/depositphotos_91365536-stock-photo-purebred-cairn-terrier.jpg
000050.jpg,https://www.leashyourfitness.com/wp-content/uploads/2016/05/IMG_8529-400x400.jpg
