image,source
000001.jpg,https://i.pinimg.com/originals/a2/c1/21/a2c1216b61e58831357efde48025ea11.jpg
000002.jpg,https://www.petguide.com/wp-content/uploads/2017/04/can-de-palleiro.jpg
000003.jpg,https://piensosloboazul.com/wp-content/uploads/2019/01/can-de-palleiro-650x380.jpg
000004.jpg,https://upload.wikimedia.org/wikipedia/commons/0/0b/Palleiro1.JPG
000005.jpg,https://live.staticflickr.com/8367/8556457527_56a49d9793_b.jpg
000006.jpg,https://alchetron.com/cdn/can-de-palleiro-23e5c506-a3c4-4d2a-b5ef-cdbd1d9094b-resize-750.jpg
000007.jpg,http://www.clubcandepalleiro.com/wp-content/uploads/club-can-de-palleiro.jpg
000008.jpg,https://i.pinimg.com/originals/0c/ed/5d/0ced5db81979796e4b36d5752caf4493.jpg
000009.jpg,https://cflvdg.avoz.es/default/2017/08/03/00121501788361484755615/Foto/J09D5004.jpg
000010.jpg,https://live.staticflickr.com/5446/7434849412_69ca46d10d_b.jpg
000011.jpg,http://www.mundoanimalia.com/images/26/b8/9b/can_de_palleiro/Can_de_Palleiro_7496.jpg
000012.jpg,https://www.raising-millo.com/assets/img/posts/what.jpg
000013.jpg,http://www.rios-galegos.com/canpalleiro2013.jpg
000014.jpg,https://live.staticflickr.com/1810/41109124440_0474b1b44a_b.jpg
000015.jpg,http://www.petguide.com/wp-content/uploads/2017/04/can-de-palleiro-1.jpg
000016.jpg,http://www.clubcandepalleiro.com/wp-content/uploads/can_de_palleiro_cachorro.jpg
000017.jpg,https://t2.ea.ltmcdn.com/es/razas/4/7/6/img_674_can-de-palleiro_0_600.jpg
000018.jpg,https://www.lavozdegalicia.es/default/2017/08/03/00161501787740555716122/Foto/gg4p25g1-01.jpg
000019.jpg,https://i.ytimg.com/vi/LwKlMsJGpAs/maxresdefault.jpg
000020.jpg,https://artelista.s3.amazonaws.com/obras/big/7/6/4/9119596771842415.jpg
000021.jpg,https://www.raising-millo.com/assets/img/posts/why.jpg
000022.jpg,https://i.pinimg.com/originals/09/1e/db/091edb0e64c834a4d343b93be9cf37c3.jpg
000023.jpg,http://www.campogalego.com/wp-content/uploads/2019/02/can_de_palleiro_gando.jpg
000024.jpg,https://i.ytimg.com/vi/SUus-1kNyjg/maxresdefault.jpg
000025.jpg,https://live.staticflickr.com/8160/7434230074_abdb6b90fb_b.jpg
000026.jpg,http://www.clubcandepalleiro.com/wp-content/uploads/home-blog-600x400.jpg
000027.jpg,https://www.miperromola.com/wp-content/uploads/2015/02/Can_de_Palleiro_Infografia.jpg
000028.jpg,https://static1.abc.es/Media/201405/17/can-palleiro--644x362.jpg
000029.jpg,https://www.elcorreogallego.es/img/noticias/20080628/palleiro_152474.jpg
000030.jpg,http://petshoptop.ru/media/eb/2e/9d/eb2e9dffe58d635b7d72e99c8e61b5f2/56ab745270f7d.jpg
000031.jpg,https://fotos00.farodevigo.es/2015/11/10/318x200/conquista-can.jpg
000032.jpg,https://4.bp.blogspot.com/-mt29VFN4gxE/V-ofKeb39XI/AAAAAAAAMes/B906yJ_jOmAUOm1T7fpKOOhFvZkV0eMdACEw/s1600/00-02-12-0026.jpg
000033.jpg,https://www.perrosogatos.es/images/pastoreo/can-palleiro-2.jpg
000034.jpg,https://piensosloboazul.com/wp-content/uploads/2019/01/can-de-palleiro-gallego.jpg
000035.jpg,http://www.iagotriana.com/slideImages/DSC_0196.jpg
000036.jpg,http://www.mundoanimalia.com/images/animal/5a/44/0d/d44ea21d9f3f0734cb163b5fe8168cac/dsc07585_1328892379.jpg
000037.jpg,http://fotos01.farodevigo.es/2016/11/23/690x278/canpalleirorubiacachena.jpg
000038.jpg,https://scontent-lga3-1.cdninstagram.com/vp/ea773b64583a9ffb7c1201d5fb6bc1bb/5D5F75FC/t51.2885-15/e35/50163133_610201499424682_4584183687794324334_n.jpg?_nc_ht=scontent-lga3-1.cdninstagram.com&se=8
000039.jpg,https://image.slidesharecdn.com/candepalleiro-160530085849/95/can-de-palleiro-1-638.jpg?cb=1464598742
000040.jpg,https://deuxpression.files.wordpress.com/2014/11/palleiro.jpg
000041.jpg,https://www.mascotarios.org/wp-content/uploads/2011/08/Candepalleiros.jpg
000042.jpg,https://www.mascotalium.com/media/mascotas/can_de_palleiro.jpg
000043.jpg,https://i.ytimg.com/vi/AyK7lRSvM2g/hqdefault.jpg
000044.jpg,https://farm9.static.flickr.com/8161/7434229260_7b4878882a.jpg
000045.jpg,https://farm1.static.flickr.com/518/18273724825_38044dd0bd_b.jpg
000046.jpg,https://scontent-yyz1-1.cdninstagram.com/vp/afc7c92cd19d9bca8416a45f43b08aea/5D72848B/t51.2885-15/e35/s240x240/53858027_348635582415788_6942017663757434556_n.jpg?_nc_ht=scontent-yyz1-1.cdninstagram.com&se=8
000047.jpg,https://admin.srperro.com/media/post/2bf329f4-10a1-4a28-b141-a242d7cdd39c.png
000048.jpg,https://upload.wikimedia.org/wikipedia/commons/1/1d/Candepalleiro.JPG
000049.jpg,https://upload.wikimedia.org/wikipedia/commons/d/da/Cans_de_palleiro._Galiza.jpg
000050.jpg,http://www.galiciauniversal.org/sites/default/files/styles/x-large/public/galeria/imagenes/19.03.2014%20-%2023%3A54/maxima_atencion_2400x1594.jpg?itok=GwM_eiwK
