image,source
000001.jpg,https://d17fnq9dkz9hgj.cloudfront.net/breed-uploads/2018/08/canaan-dog-detail.jpg?bust=1535565435&width=355
000002.jpg,https://vetstreet.brightspotcdn.com/dims4/default/c039e53/2147483647/thumbnail/645x380/quality/90/?url=https%3A%2F%2Fvetstreet-brightspot.s3.amazonaws.com%2Fa1%2Fbc%2F139f8e854e388cc1026619151700%2Fcanaan-dog-ap-1k01uu-645-x-380.jpg
000003.jpg,https://upload.wikimedia.org/wikipedia/commons/f/fe/CanaanDogChakede.jpg
000004.jpg,https://d17fnq9dkz9hgj.cloudfront.net/breed-uploads/2018/08/canaan-dog-card-small.jpg?bust=1535568898
000005.jpg,https://vetstreet.brightspotcdn.com/dims4/default/2e6d912/2147483647/crop/0x0%2B0%2B0/resize/645x380/quality/90/?url=https%3A%2F%2Fvetstreet-brightspot.s3.amazonaws.com%2F20%2Fffa890a7e511e0a0d50050568d634f%2Ffile%2Fcanaan-dog-5-645mk07-111.jpg
000006.jpg,http://www.pethealthnetwork.com/sites/default/files/styles/large/public/the-canaan-dog.jpg?itok=6UmFncme
000007.jpg,http://cdn.akc.org/Canaan_Dog_Magnum_Miguel_HERO.jpg?cachebuster:56
000008.jpg,https://s3.amazonaws.com/cdn-origin-etr.akc.org/wp-content/uploads/2017/11/12235112/Canaan-Dog-On-White-01.jpg
000009.jpg,https://vetstreet.brightspotcdn.com/dims4/default/952206d/2147483647/crop/0x0%2B0%2B0/resize/645x380/quality/90/?url=https%3A%2F%2Fvetstreet-brightspot.s3.amazonaws.com%2F03%2Fb1fae0a7e511e0a0d50050568d634f%2Ffile%2Fcanaan-dog-3-645mk07-111.jpg
000010.jpg,https://www.jta.org/wp-content/uploads/2016/12/canaan-dog-959x600.jpg
000011.jpg,https://animalsbreeds.com/wp-content/uploads/2015/12/Canaan-Dog-7.jpg
000012.jpg,https://www.yourpurebredpuppy.com/dogbreeds/photos-CD/canaandogsf1.jpg
000013.jpg,https://www.dogbreedslist.info/uploads/allimg/dog-pictures/Canaan-Dog-2.jpg
000014.jpg,https://mk0breakingisralps2c.kinstacdn.com/wp-content/uploads/2017/11/canaan.jpg
000015.jpg,https://cdn3-www.dogtime.com/assets/uploads/gallery/canaan-dog-dog-breed-pictures/blackface-3.jpg
000016.jpg,https://www.petful.com/wp-content/uploads/2015/12/canaan-dog-breed-profile-2-750x485.jpg
000017.jpg,https://cdn1-www.dogtime.com/assets/uploads/2011/01/file_23184_canaan-dog-460x290.jpg
000018.jpg,https://dgicdplf3pvka.cloudfront.net/images/dogbreeds/large/Canaan-Dog.jpg
000019.jpg,http://www.easypetmd.com/sites/default/files/Canaan_dog.(1)jpg.jpg
000020.jpg,https://dogbreedatlas.com/images/dog-breed-photos/canaan-dog/001/canaan-dog-1488371148-1.jpg
000021.jpg,https://www.thesprucepets.com/thmb/m3787dxzUjePo5mHZnzUTFYBHqU=/450x0/filters:no_upscale():max_bytes(150000):strip_icc()/canaan-dog--lying-down-110056364-5c44fecac9e77c0001a2bf1c.jpg
000022.jpg,https://i.ytimg.com/vi/q6TOc4rDdFc/maxresdefault.jpg
000023.jpg,http://static.ddmcdn.com/en-us/apl/breedselector/images/breed-selector/dogs/breeds/canaan-dog_01_lg.jpg
000024.jpg,https://www.pets4homes.co.uk/images/articles/3347/large/what-is-a-canaan-dog-565451fd844b0.jpg
000025.jpg,https://i.pinimg.com/originals/97/da/e2/97dae2de858d805217bdb5cf875d47d8.jpg
000026.jpg,https://static.timesofisrael.com/www/uploads/2017/11/IMG_5018-1024x640.jpg
000027.jpg,https://s3.amazonaws.com/cdn-origin-etr.akc.org/wp-content/uploads/2017/11/18120031/Canaan_Dog3.jpg
000028.jpg,https://www.petmd.com/sites/default/files/breedopedia/canaan_dog.jpg
000029.jpg,https://upload.wikimedia.org/wikipedia/commons/thumb/e/e4/Canaan_Dog.jpg/220px-Canaan_Dog.jpg
000030.jpg,https://vignette.wikia.nocookie.net/their-dark-eden/images/e/e4/Canaan_Dog.jpg/revision/latest?cb=20160104224216
000031.jpg,http://dogbreedsaz.com/wp-content/uploads/2018/09/Canaan-Dog.jpg
000032.jpg,https://s3.amazonaws.com/cdn-origin-etr.akc.org/wp-content/uploads/2017/11/18115204/Canaan-Dog-Care1.jpg
000033.jpg,https://animalsadda.com/wp-content/uploads/2017/09/Canaan-Dog-2.jpg
000034.jpg,https://i.pinimg.com/originals/e7/67/e5/e767e5d4f9902a29b18b7045683e2558.jpg
000035.jpg,http://www.dogzone.com/images/breeds/canaan-dog.jpg
000036.jpg,https://3d4igz27oxtl2iwox73y9smh-wpengine.netdna-ssl.com/wp-content/uploads/2018/10/one-of-the-oldest-dog-breeds-a-happy-canaan-dog-pup-standing-in-park-1024x512.jpg
000037.jpg,https://images.ctfassets.net/w00x6p5qkejz/3f1VEMz4WcsikOUgSyg8mS/9184ed52b35eb4460a5d9bf897509f56/Canaan_Dog1.png
000038.jpg,https://www.pet365.co.uk/blog/wp-content/uploads/shutterstock_54155062-resize.jpg
000039.jpg,http://canaandog.co.uk/wp-content/uploads/2011/06/Canaan-Dog-with-a-mask-1.jpg
000040.jpg,https://nimages.champdogs.net/breeds/canaan-dog.jpg
000041.jpg,http://ajwnews.com/wp-content/uploads/2017/06/Canaan-Dog-269x300.gif
000042.jpg,https://cdn.mysmelly.com/image:/sitefs/perm/pi/b/r/0/w/401.300.0_r89cg2q4smx5.jpg
000043.jpg,https://tythedogguy.com/wp-content/uploads/2015/02/How-to-Train-a-Canaan-Dog.jpg
000044.jpg,https://barkpost.com/wp-content/uploads/2016/02/can1.jpg
000045.jpg,https://www.dogexpress.in/wp-content/uploads/2016/04/1-15.jpg
000046.jpg,http://breakingisraelnewscom.kinsta.cloud/wp-content/uploads/2017/11/canaan-dogs.jpg
000047.jpg,http://3.bp.blogspot.com/-e8VrAaaNr3M/ULrtEPIBklI/AAAAAAAAAPc/p4KTtgm_ECU/s1600/canaan+dog2.jpg
000048.jpg,https://www.petmd.com/sites/default/files/breedopedia/izzy_4jun12.jpg
000049.jpg,https://vetstreet-brightspot.s3.amazonaws.com/60/d6b130a72b11e0a0d50050568d634f/file/Canaan-Dog-1-645mk062311.jpg
000050.jpg,http://www.noahsdogs.com/m/photos/get_image/file/65e4f583c4c124fa6086cde5450156d6.jpg
