image,source
000001.jpg,https://upload.wikimedia.org/wikipedia/commons/thumb/6/64/Dakota%2C_the_Dixie_Dingo_%28or_Carolina_Dog%29.jpg/220px-Dakota%2C_the_Dixie_Dingo_%28or_Carolina_Dog%29.jpg
000002.jpg,https://www.dogster.com/wp-content/uploads/2018/09/Carolina-Dog.jpg
000003.jpg,https://s3.amazonaws.com/cdn-origin-etr.akc.org/wp-content/uploads/2017/11/12191255/Carolina-Dog-Care.jpg
000004.jpg,https://s3.amazonaws.com/cdn-origin-etr.akc.org/wp-content/uploads/2017/11/18161750/Carolina-Dog.jpg
000005.jpg,https://www.petguide.com/wp-content/uploads/2015/07/carolina-dog.jpg
000006.jpg,https://s3.amazonaws.com/cdn-origin-etr.akc.org/wp-content/uploads/2017/11/12234947/Carolina-Dog-On-White-01.jpg
000007.jpg,https://www.rover.com/blog/wp-content/uploads/2017/06/Carolina-Dog-Feature.jpg
000008.jpg,https://img.dog-learn.com/dog-breeds/carolina-dog/carolina-dog-i1.jpg
000009.jpg,https://media.mnn.com/assets/images/2015/07/Carolina_dog_3-13-13.jpg.653x0_q80_crop-smart.jpg
000010.jpg,https://primitivedogs.com/wp-content/uploads/2017/03/Carolina-Dog-featured.jpg
000011.jpg,https://s3.amazonaws.com/filestore.rescuegroups.org/6685/pictures/animals/13255/13255100/61629744_463x463.jpg
000012.jpg,https://s3.amazonaws.com/cdn-origin-etr.akc.org/wp-content/uploads/2017/11/12191241/Carolina-Dog-History-03.jpg
000013.jpg,https://i.ytimg.com/vi/BDIZJiCBGV8/maxresdefault.jpg
000014.jpg,https://animalsbreeds.com/wp-content/uploads/2015/01/Carolina-Dog-2.jpg
000015.jpg,https://www.101dogbreeds.com/wp-content/uploads/2017/09/Carolina-Dog-Images.jpg
000016.jpg,https://doggiedesigner.com/wp-content/uploads/2018/09/Carolina-Dog-1.jpg
000017.jpg,https://images-ra.adoptapet.com/seo/1/sc/805_sc.png
000018.jpg,https://www.101dogbreeds.com/wp-content/uploads/2017/09/Carolina-Dog-Mix.jpg
000019.jpg,https://images.wagwalkingweb.com/media/breed/carolina-dog/hero/Carolina-Dog.jpg
000020.jpg,http://primitivedogs.com/wp-content/uploads/2017/03/Carolina-Dog.jpg
000021.jpg,https://i.redd.it/8fp0lfvyni521.jpg
000022.jpg,https://texashillcountry.com/wp-content/uploads/old-yeller-carolina-dog-600x390.jpg
000023.jpg,http://www.petsworld.in/blog/wp-content/uploads/2014/10/carolina-dog.png
000024.jpg,https://upload.wikimedia.org/wikipedia/commons/thumb/6/6e/Karol%C3%ADnsk%C3%BD_Pes2.jpeg/220px-Karol%C3%ADnsk%C3%BD_Pes2.jpeg
000025.jpg,https://i.ytimg.com/vi/vEL2troNZbI/hqdefault.jpg
000026.jpg,https://i.pinimg.com/originals/b7/b4/97/b7b4971902bf49f4237382bd2a251fb4.jpg
000027.jpg,https://www.southcarolinapublicradio.org/sites/wltr/files/styles/x_large/public/201811/CarolinaDog01.jpg
000028.jpg,https://usercontent1.hubstatic.com/8567478.jpg
000029.jpg,https://i.pinimg.com/originals/2b/e0/93/2be0934f4afad1151c0fa11c4c9c2404.jpg
000030.jpg,https://primitivedogs.com/wp-content/uploads/2017/03/Dixie-Dingo.jpg
000031.jpg,https://www.101dogbreeds.com/wp-content/uploads/2017/09/Carolina-Dog-Puppies.jpg
000032.jpg,https://www.petguide.com/wp-content/uploads/2015/07/Carolina-Dog-sitting-pretty.jpg
000033.jpg,https://www.scooperdude.com/wp-content/uploads/2016/02/Via-www.carolinadogs.com_-300x258.gif
000034.jpg,https://media.buzzle.com/media/images-en/photos/mammals/dogs/1200-606117-carolina-dog-breed.jpg
000035.jpg,https://pet-uploads.adoptapet.com/5/e/9/291647417.jpg
000036.jpg,http://nebula.wsimg.com/160ec62e24209dd1d08bc8b2aa491696?AccessKeyId=462C93E5D9EB01B2FCCB&disposition=0&alloworigin=1
000037.jpg,https://img.dog-learn.com/dog-breeds/carolina-dog/carolina-dog-i3-sz3.jpg
000038.jpg,https://bloximages.newyork1.vip.townnews.com/stltoday.com/content/tncms/assets/v3/editorial/2/e2/2e282d8c-5112-11e0-b446-00127992bc8b/4d82d5613f06e.image.jpg?resize=400%2C382
000039.jpg,https://cf-images.us-east-1.prod.boltdns.net/v1/static/5615998031001/57e2737e-21f2-40b3-9368-9219cffeb8cc/e7b30e4f-2edb-455d-b56b-bd10bbd746d7/1280x720/match/image.jpg
000040.jpg,https://upload.wikimedia.org/wikipedia/commons/0/0c/2013072515020909_MyDogs_622.jpg
000041.jpg,https://vignette.wikia.nocookie.net/dog-breed4080/images/0/0a/Carolina_Dog.jpg/revision/latest?cb=20170705234620
000042.jpg,https://i.pinimg.com/236x/dd/d4/29/ddd429804ffde3bc52781b980a0c431a--roulette-awesome-dogs.jpg?nii=t
000043.jpg,https://columbiametro.com/wp-content/uploads/2018/10/Carolina-DOgs.jpg
000044.jpg,https://animalsadda.com/wp-content/uploads/2017/10/Carolina-Dog.jpg
000045.jpg,https://animalsadda.com/wp-content/uploads/2017/10/Carolina-Dog-8.png
000046.jpg,https://www.rover.com/blog/wp-content/uploads/2018/01/Screen-Shot-2018-01-21-at-4.25.44-PM-600x340.png
000047.jpg,https://www.southcarolinapublicradio.org/sites/wltr/files/styles/x_large/public/201811/CarolinaDog02.jpg
000048.jpg,https://animalsbreeds.com/wp-content/uploads/2015/01/Carolina-Dog-6.jpg
000049.jpg,http://www.easypetmd.com/sites/default/files/Carolina%20Dog%20(1).jpg
000050.jpg,http://thecarolinadogclubofamerica.com/wp-content/uploads/2017/08/20842021_1946689495569314_4721298005504939942_n-283x300.jpg
