image,source
000001.jpg,https://d17fnq9dkz9hgj.cloudfront.net/breed-uploads/2018/08/cavalier-king-charles-spaniel-detail.jpg?bust=1535565465&width=355
000002.jpg,https://cdn2-www.dogtime.com/assets/uploads/gallery/cavalier-king-charles-spaniel-dog-breed-pictures/6-sittingforward.jpg
000003.jpg,https://upload.wikimedia.org/wikipedia/commons/5/5f/CarterBIS.Tiki.13.6.09.jpg
000004.jpg,https://hellobark.com/wp-content/uploads/louie-the-cav-2.jpg
000005.jpg,https://d17fnq9dkz9hgj.cloudfront.net/breed-uploads/2018/08/cavalier-king-charles-spaniel-card-small.jpg?bust=1535568934
000006.jpg,https://www.yourpurebredpuppy.com/dogbreeds/photos-CD/cavalierkingcharlesspanielsf2.jpg
000007.jpg,https://media.gettyimages.com/photos/closeup-portrait-of-cavalier-king-charles-spaniel-relaxing-on-sofa-at-picture-id685086913?s=612x612
000008.jpg,https://s3.amazonaws.com/cdn-origin-etr.akc.org/wp-content/uploads/2017/11/12234921/Cavalier-King-Charles-Spaniel-On-White-03.jpg
000009.jpg,https://upload.wikimedia.org/wikipedia/commons/thumb/0/0e/Cavalier_King_Charles_Spaniel_02.jpg/220px-Cavalier_King_Charles_Spaniel_02.jpg
000010.jpg,http://www.dogshub.in/wp-content/uploads/2018/07/Cavalier-King-Charles-Spaniel-dog-india.jpg
000011.jpg,https://www.zooplus.co.uk/magazine/CACHE_IMAGES/768/content/uploads/2018/03/fotolia_85527176.jpg
000012.jpg,https://i.pinimg.com/originals/88/a6/9f/88a69fd87af75489fa383f1e555671c3.jpg
000013.jpg,https://www.dogbreedslist.info/uploads/allimg/dog-pictures/Cavalier-King-Charles-Spaniel-2.jpg
000014.jpg,https://www.traditionsvetcenters.com/sites/default/files/styles/large/adaptive-image/public/cavalier-king-charles-spaniel-dog-breed-info.jpg?itok=rF2Lif9W
000015.jpg,http://woofposts.com/wp-content/uploads/2017/09/Cavalier-King-Charles-Spaniel.jpeg
000016.jpg,https://i.etsystatic.com/10773588/r/il/c7c157/1338125051/il_570xN.1338125051_4mfb.jpg
000017.jpg,https://www.petsworld.in/blog/wp-content/uploads/2015/10/cavalier-king-charles-spaniel-puppies.jpg
000018.jpg,https://t2.ea.ltmcdn.com/en/images/6/7/3/img_cavalier_king_charles_spaniel_names_for_girls_and_boys_2376_600.jpg
000019.jpg,https://img.pixers.pics/pho_wat(s3:700/FO/50/52/38/42/700_FO50523842_2ad2f3dc1411569fda8d77519e58d639.jpg,700,700,cms:2018/10/5bd1b6b8d04b8_220x50-watermark.png,over,480,650,jpg)/stickers-cavalier-king-charles-spaniel-dog-portrait.jpg.jpg
000020.jpg,https://hellobark.com/wp-content/uploads/cavalier-king-charles-spaniel.jpg
000021.jpg,https://vetstreet-brightspot.s3.amazonaws.com/2b/88/a097753e43b3bdf6533df1927445/cavalier-king-charles-spaniel-ap-khugz3-335.jpg
000022.jpg,https://bowwowinsurance.com.au/wp-content/uploads/2018/10/cavalier-king-charles-spaniel-700x700.jpg
000023.jpg,https://st3.depositphotos.com/1004244/15328/i/1600/depositphotos_153284304-stock-photo-cavalier-king-charles-spaniel-puppy.jpg
000024.jpg,https://cdn.shopify.com/s/files/1/1133/5028/files/CAVALIER_KING_CHARLES_COLORS_1600X600_f100c3f7-77af-4a27-893e-d3abc810f56f.jpg?v=1517697421
000025.jpg,https://www.holidogtimes.com/wp-content/uploads/2015/10/cavalier-king-charles-cover.png
000026.jpg,https://i.ytimg.com/vi/riO_QzBJvGU/maxresdefault.jpg
000027.jpg,https://s3.amazonaws.com/cutepuppytime/wp-content/uploads/2018/07/15074536/Cavalier-King-Charles-Spaniel.jpg
000028.jpg,https://www.omlet.de/images/cache/512/768/Dog-Cavalier_King_Charles_Spaniel-A_close_up_of_a_Cavalier_King_Charles_Spaniel's_beautiful_long,_soft_ears.jpg
000029.jpg,https://s3.amazonaws.com/cdn-origin-etr.akc.org/wp-content/uploads/2017/11/12234934/Cavalier-King-Charles-Spaniel-Care.jpg
000030.jpg,http://static.ddmcdn.com/en-us/apl/breedselector/images/breed-selector/dogs/breeds/cavalier-king-charles-spaniel_05_lg.jpg
000031.jpg,https://cdn2-www.dogtime.com/assets/uploads/2011/01/file_23100_cavalier-king-charles-spaniel-460x290.jpg
000032.jpg,https://thehappypuppysite.com/wp-content/uploads/2019/02/Cavalier-King-Charles-Spaniel-Mix-long.jpg
000033.jpg,https://www.jockdogfood.co.za/wp-content/uploads/2018/01/2018_01_Know-your-breed_Cavalier-King-Charles-Spaniel_-primary_image_c.jpg
000034.jpg,https://www.omlet.de/images/cache/1024/683/Dog-Cavalier_King_Charles_Spaniel-A_mature_adult_Cavalier_King_Charles_Spaniel_with_a_lovely,_long_coat.jpg
000035.jpg,https://images-na.ssl-images-amazon.com/images/I/61%2BpJPo3XOL._SX425_.jpg
000036.jpg,http://geniusvets.s3.amazonaws.com/gv-dog-breeds/cavalier-king-charles-spaniel-1.jpg
000037.jpg,https://www.calendarclub.co.uk/-/media/productimages/24/10/241017_main.jpg
000038.jpg,https://img1.wsimg.com/isteam/ip/51265b39-afc3-4e5d-bc1b-9c18db734b43/7ed88829-ab9f-422f-944c-2f8193b4750d.jpg/:/cr=t:0%25,l:0%25,w:100%25,h:100%25/rs=w:700,cg:true
000039.jpg,https://www.dognutrition.com/wp-content/uploads/2019/04/Cavalier-King-Charles-Spaniel-Adult.png
000040.jpg,https://5starcanine.com/wp-content/uploads/2018/12/5e984679-34ca-8124-61f0-7c085e04ea38-Cav.jpg
000041.jpg,http://doglover.in/wp-content/uploads/2018/05/Cavalier-King-Charles-Spaniel-1140x760.jpg
000042.jpg,https://2.bp.blogspot.com/-ozAUnDVGCYg/WgvMr7-GghI/AAAAAAAARS0/9FA7d01Umx0F3zZJ8DLItp3mF3QsAGJIQCLcBGAs/s1600/Cavalier-King-Charles-Spaniel-Lead-resized.jpg
000043.jpg,https://www.petsworld.in/blog/wp-content/uploads/2015/10/gallery_learn.jpg
000044.jpg,https://render.fineartamerica.com/images/rendered/default/poster/8/10/break/images/artworkimages/medium/2/cavalier-king-charles-spaniel-sergey-ryumin.jpg
000045.jpg,https://www.gopetplan.com/sites/default/files/2018-11/shutterstock_355672028.jpg
000046.jpg,https://i1.wp.com/www.simplypets.com/wp-content/uploads/2018/08/CBD-Oil-for-Cavalier-King-Charles-Spaniels.jpg?fit=900%2C500&ssl=1
000047.jpg,https://t1.pixers.pics/img-c676e9e9/posters-cavalier-king-charles-spaniel-dog-with-ears-in-the-air.jpg?H4sIAAAAAAAAA42PW07EMAxFt9NK7dh5NukC5neWUKVJOhT6iJIAI1ZPAog_JGRZfsg-Vxdej2QWD9Yf2UfYV-c2D8u6lSmN0af1wzfYCaHbsWy3BhHb8Xzz0cYzNL3ArueqkwRL0nZ8N-VxN_Gleco5pBEgsUtYH4VWik1g9wQUyQCoQGilDV2oRq7IFPqUzeFMdIX6EHgJx73DGv_HKiAIYnZklrNyyGc1UVph_S_hC8t09aQq-sfjgNgN1VuO694Us2e5zs1zuLfwh-Z3D-ULrjcQRZiDYsBkXU3Xm0DBFWNysp57tM4skgjOCJXaCcoFI2hmbwd7KSqfWgqVGYkBAAA=
000048.jpg,https://images-na.ssl-images-amazon.com/images/I/41GRFaVYvTL._SX331_BO1,204,203,200_.jpg
000049.jpg,https://cdn1.tedsby.com/tb/large/storage/2/8/2/28279/cute-handmade-cavalier-king-charles-spaniel-angel.jpg
000050.jpg,http://media.gettyimages.com/photos/cavalier-king-charles-spaniel-dog-picture-id164878803?s=170667a&w=1007
