image,source
000001.jpg,http://3.bp.blogspot.com/-liBd9w_Sap8/Thr5jkvYCjI/AAAAAAAACYo/FNk2oxvpnNY/s320/IrishWolfhoundtrio.png
000002.jpg,https://images-na.ssl-images-amazon.com/images/I/61A47oFBWpL._SX425_.jpg
000003.jpg,https://ih0.redbubble.net/image.366104672.1083/mp,550x550,matte,ffffff,t.3u1.jpg
000004.jpg,https://i.pinimg.com/originals/5e/64/7d/5e647dce861c34d46e0fb20cc7139a09.jpg
000005.jpg,https://upload.wikimedia.org/wikipedia/commons/thumb/e/e2/Hilton_of_cadboll_stone_Andrew_Gibb_1856.jpg/220px-Hilton_of_cadboll_stone_Andrew_Gibb_1856.jpg
000006.jpg,https://embrostitch.com/wp-content/uploads/Celtic_Hounds_embroidery_design_embrostich.jpg
000007.jpg,http://renoutfitters.com/wp-content/uploads/2012/12/celtichoundsbig-e1355758888431.jpg
000008.jpg,http://www.wetcanvas.com/Community/images/01-Jan-2012/110200-Celtic_Dog__Final_Final.jpg
000009.jpg,https://ih1.redbubble.net/image.366104672.1083/poster,840x830,f8f8f8-pad,750x1000,f8f8f8.jpg
000010.jpg,https://cdn.imgbin.com/1/20/2/imgbin-celtic-hounds-irish-wolfhound-greyhound-book-of-kells-scottish-deerhound-celtic-pattern-PinRhe1ikFawDB5L4PCGcH8sp.jpg
000011.jpg,https://i.etsystatic.com/7606010/d/il/9d4b89/884406111/il_340x270.884406111_iw5q.jpg?version=1
000012.jpg,https://alchetron.com/cdn/celtic-hounds-47000fe8-919b-46bb-b8d0-f4eb3fcefd2-resize-750.jpeg
000013.jpg,http://www.wetcanvas.com/Community/images/01-Jan-2012/110200-Celtic-Dog--Finalblack-800w.jpg
000014.jpg,https://live.staticflickr.com/3158/2933075478_d6e1190c05_b.jpg
000015.jpg,http://paul-connolly.ie/wp-content/uploads/2018/10/Celtic-hounds-pin.jpg
000016.jpg,https://images-na.ssl-images-amazon.com/images/I/71Vml%2B4HKCL._SL1001_.jpg
000017.jpg,https://cdn.shopify.com/s/files/1/0572/6305/products/leather-composition-notebook-cover-celtic-hounds-wine-c.png?v=1464035375
000018.jpg,https://ih1.redbubble.net/image.515844898.7874/pp,650x642-pad,750x1000,f8f8f8.jpg
000019.jpg,https://banner2.kisspng.com/20180516/rue/kisspng-celtic-hounds-celtic-knot-tattoo-artist-irish-wolf-5afcadec0f59c2.2023551315265090360629.jpg
000020.jpg,https://previews.123rf.com/images/revelstockart/revelstockart1707/revelstockart170700144/83083261-ancient-celtic-mythological-symbol-of-hounds-dogs-vector-knot-ornament-.jpg
000021.jpg,https://www.thevikingstore.co.uk/ekmps/shops/thevikingstore1/images/celtic-hounds-bronze-pendant-[2]-15042-p.jpg
000022.jpg,https://static1.squarespace.com/static/52a39060e4b0b9264e019ad5/t/590e7d3d20099e49cdc22ce7/1494121804391/hounds+of+life.jpg
000023.jpg,https://i.etsystatic.com/14785293/r/il/c82cf9/1731682588/il_794xN.1731682588_awvy.jpg
000024.jpg,http://cdn.shopify.com/s/files/1/1610/6523/products/LR_Buckle_oval_silver_w_hounds_1200x1200.jpg?v=1541540384
000025.jpg,https://theregalhound.com/302-thickbox_default/celtic-hounds-burgundy.jpg
000026.jpg,https://cdn.supadupa.me/shop/941/images/2656867/Celtic_Hounds_Cotton_Tea_Towel_large.?1497357884
000027.jpg,https://www.handfaste.se/bilder/artiklar/zoom/1004_1.jpg
000028.jpg,https://i.etsystatic.com/7096101/r/il/5ea593/1165575551/il_fullxfull.1165575551_6awg.jpg
000029.jpg,https://cdn.shopify.com/s/files/1/0528/3753/products/Celtic_Hounds_1449497682.png?v=1449498494
000030.jpg,https://declankillen.com/wp-content/uploads/2015/04/Celtic-Hound-Brooch-Ref229-.jpg
000031.jpg,https://www.kiltswihae.co.uk/ekmps/shops/kiltswihae/images/circular-celtic-hounds-scottish-kilt-belt-buckle-18662-p.jpg
000032.jpg,https://images-na.ssl-images-amazon.com/images/I/61P4yYTiZkL._SX425_.jpg
000033.jpg,https://ctl.s6img.com/society6/img/1PCtGVHNDJxFqQdu8JkuH_zvDCE/w_700/duvet-covers/swatch/~artwork,fw_6000,fh_6000,iw_6000,ih_6000/s6-0046/a/20382543_4471842/~~/celtic-hounds-knot-one-duvet-covers.jpg?wait=0&attempt=0
000034.jpg,https://i.pinimg.com/originals/d0/41/00/d04100edf72d0c7e7875c52e21a1686b.jpg
000035.jpg,https://i.ebayimg.com/images/g/CgsAAOSw2NhcehXF/s-l300.jpg
000036.jpg,https://cdn3.volusion.com/qz29d.hncd6/v/vspfiles/photos/TEX-513-4.jpg?1515671307
000037.jpg,https://cdn.shoplightspeed.com/shops/616830/files/8201050/800x1024x2/pewter-celtic-hounds-penannular-brooch-large.jpg
000038.jpg,https://vignette.wikia.nocookie.net/dog-breed4080/images/7/78/4e2b0d8c973ddc775242e09f0536bc23.png/revision/latest?cb=20171018103910
000039.jpg,https://images-wixmp-ed30a86b8c4ca887773594c2.wixmp.com/f/b471603a-a06f-49c5-acc3-1af1da424fcc/db5c6zr-f49587f8-5b15-4dad-89af-bae422b123a4.jpg/v1/fill/w_600,h_800,q_75,strp/celtic_hounds_by_majikalelf_db5c6zr-fullview.jpg?token=eyJ0eXAiOiJKV1QiLCJhbGciOiJIUzI1NiJ9.eyJzdWIiOiJ1cm46YXBwOjdlMGQxODg5ODIyNjQzNzNhNWYwZDQxNWVhMGQyNmUwIiwiaXNzIjoidXJuOmFwcDo3ZTBkMTg4OTgyMjY0MzczYTVmMGQ0MTVlYTBkMjZlMCIsIm9iaiI6W1t7ImhlaWdodCI6Ijw9ODAwIiwicGF0aCI6IlwvZlwvYjQ3MTYwM2EtYTA2Zi00OWM1LWFjYzMtMWFmMWRhNDI0ZmNjXC9kYjVjNnpyLWY0OTU4N2Y4LTViMTUtNGRhZC04OWFmLWJhZTQyMmIxMjNhNC5qcGciLCJ3aWR0aCI6Ijw9NjAwIn1dXSwiYXVkIjpbInVybjpzZXJ2aWNlOmltYWdlLm9wZXJhdGlvbnMiXX0.U2vjnxHPuOVs28jfZWt1FGZkp_RANGo38yunX1qPZMg
000040.jpg,https://www.wulflund.com/img/goods/en/medium/celtic-hounds-from-book-of-kells-belt-buckle_2.jpg
000041.jpg,https://www.kilkennyshop.com/v1/media/catalog/product/cache/4f15a06db85da29e307c7f259ebff714/c/e/celtic-hound-brooch-_1.jpg
000042.jpg,https://www.garbgeek.com/wp-content/uploads/2014/11/Celtic_Dog_Pendant.jpg
000043.jpg,https://ih1.redbubble.net/image.366104699.1083/sn,x1000-pad,750x1000,f8f8f8.jpg
000044.jpg,https://celticsprite.files.wordpress.com/2012/01/perritoscolor.png
000045.jpg,https://cdn10.bigcommerce.com/s-c0lhe3j/products/4426/images/7868/Buckle_Hounds__83636.1556231165.380.507.jpg?c=2
000046.jpg,https://www.aon-celtic.com/projects/cprojectsart/job73.gif
000047.jpg,https://www.battlemerchant.com/images/product_images/popup_images/1404132527_Anderswelthunde_Anhaenger_Wikinger.jpg
000048.jpg,https://rlv.zcache.com/pagan_celtic_knotted_circle_running_hounds_gift_box-r9453c7fb65684f408ba91ad1a677deb4_aglbn_8byvr_307.jpg
000049.jpg,https://sep.yimg.com/ay/yhst-62697111611463/celtic-hounds-leather-smart-phone-wallet-17.jpg
000050.jpg,https://pbs.twimg.com/profile_images/1034913942106198017/uVCnvWKA_400x400.jpg
