image,source
000001.jpg,http://cuzcoeats.com/wp-content/uploads/2015/02/perrochirbaya1-e1423408908477.jpg
000002.jpg,http://www.cuzcoeats.com/wp-content/uploads/2015/02/42948_original.jpg
000003.jpg,https://i.pinimg.com/originals/47/38/f2/4738f2473671a6e5e82e38bcff83c15f.jpg
000004.jpg,https://nationalpurebreddogday.com/wp-content/uploads/2018/03/060925-dog-mummy_big.jpg
000005.jpg,https://upload.wikimedia.org/wikipedia/commons/thumb/c/c6/Evitarocks.jpg/1200px-Evitarocks.jpg
000006.jpg,http://lh6.ggpht.com/_ZqMhCoRb1C8/SO0K0i1-4eI/AAAAAAAAIFI/Tx1Xy6WJV_A/s640/Imagen%20160.jpg
000007.jpg,https://vignette.wikia.nocookie.net/mummipedia/images/2/22/Dog.jpg/revision/latest?cb=20171118233725
000008.jpg,https://i.redd.it/jwgwkq830m511.jpg
000009.jpg,https://i.ytimg.com/vi/rVPpeKrbvMk/maxresdefault.jpg
000010.jpg,https://pictures.reuters.com/Doc/RTR/Media/TR3/6/a/f/2/RTR1H9ZV.jpg
000011.jpg,https://www.lifewithdogs.tv/wp-content/uploads/2013/11/11.7.13-Peruvian-Dog-Mummies-Found2.jpg
000012.jpg,http://cuzcoeats.com/wp-content/uploads/2015/02/perrochirbaya1-e1423408908477-840x440.jpg
000013.jpg,http://www.chinadaily.com.cn/world/2006-09/13/xin_50090313102649109606.jpg
000014.jpg,https://topdogtips.com/wp-content/uploads/2017/11/Russian-tracker-dog-breed.jpg
000015.jpg,https://i.pinimg.com/originals/39/f0/b6/39f0b6702250daedc719c1c78d7f0606.jpg
000016.jpg,https://www.dogster.com/wp-content/uploads/2016/12/oldest-dog-breed-02-600x600.jpg
000017.jpg,https://www.dogalize.com/wp-content/uploads/2017/04/15678717442_01241550a0_b-1.jpg
000018.jpg,https://www.dogster.com/wp-content/uploads/2016/12/oldest-dog-breed-03-600x600.jpg
000019.jpg,https://upload.wikimedia.org/wikipedia/commons/thumb/d/d3/Calvo_dorado.jpg/1200px-Calvo_dorado.jpg
000020.jpg,https://as2.ftcdn.net/jpg/01/50/59/09/500_F_150590994_6bhtIMLT8N5b42agZN5rkLQ3igGalOfh.jpg
000021.jpg,https://i.ytimg.com/vi/Q0O2INU99Zc/hqdefault.jpg
000022.jpg,https://www.researchgate.net/profile/Calogero_Santoro3/publication/230364431/figure/fig5/AS:548258028441601@1507726308615/The-mummy-bundle-of-a-child-from-the-Maitas-Chiribaya-culture-with-a-dog-tied-to-the_Q320.jpg
000023.jpg,https://2.bp.blogspot.com/-IBnP5OASdow/VxjnmPzkudI/AAAAAAAAJfo/0ZF0Rl0qnrczvi5HFTId_KPAd3R7QD8HACLcB/s1600/conoce-al-pastor-chiribaya-el-_xVXnrXH-jpg_976x0.jpg
000024.jpg,https://pictures.reuters.com/Doc/RTR/Media/TR3/f/6/c/3/RTR1HKY8.jpg
000025.jpg,https://upload.wikimedia.org/wikipedia/commons/thumb/8/84/Pilas_Argentinos-Felix-%26-Fortuna-04-1912.jpg/1280px-Pilas_Argentinos-Felix-%26-Fortuna-04-1912.jpg
000026.jpg,https://upload.wikimedia.org/wikipedia/commons/9/93/Otago_Museum_Kuri_-_OMNZVT2162_03_%28cropped%29.jpg
000027.jpg,https://upload.wikimedia.org/wikipedia/commons/thumb/f/ff/Pastor_vasco_m_14months_loby_3018.jpg/213px-Pastor_vasco_m_14months_loby_3018.jpg
000028.jpg,https://i3.cpcache.com/merchandise/110_550x550_Front_Color-White.jpg?Size=Large&AttributeValue=NA&region={%22name%22:%22FrontCenter%22,%22width%22:8,%22height%22:2.666667,%22alignment%22:%22MiddleCenter%22,%22orientation%22:0,%22dpi%22:100,%22crop_x%22:0,%22crop_y%22:0,%22crop_h%22:300,%22crop_w%22:800,%22scale%22:0,%22template%22:{%22id%22:23311575,%22params%22:{}}}
000029.jpg,https://upload.wikimedia.org/wikipedia/commons/thumb/b/ba/Hareindiandog.jpg/1200px-Hareindiandog.jpg
000030.jpg,http://mydogsrock.com/wp-content/uploads/2017/09/Ancient-Dog-Breeds-9.jpg
000031.jpg,https://pbs.twimg.com/media/DNMwdSZW0AEwlZg.jpg
000032.jpg,https://www.dogster.com/wp-content/uploads/2016/12/oldest-dog-breed-04-600x600.jpg
000033.jpg,https://topdogtrainingbooks.com/wp-content/uploads/2018/11/herding-dog-breeds-300x225.jpg
000034.jpg,https://smartdogs.files.wordpress.com/2011/07/martinlutherodd.jpg
000035.jpg,https://i.ytimg.com/vi/rVPpeKrbvMk/hqdefault.jpg
000036.jpg,http://pawsaww.com/wp-content/uploads/2019/02/n1.jpg
000037.jpg,https://static1.squarespace.com/static/589b34dee4fcb5d5ee919b2d/595bcf03c534a55db934fd63/5b3a4b4203ce64187582d615/1530547926673/AdobeStock_61510235.jpeg?format=500w
000038.jpg,https://www.inkanatura.com/hubfs/2-1.png
000039.jpg,http://cuzcoeats.com/wp-content/uploads/2013/05/2k13.05.30-doggies-13.jpg
000040.jpg,https://brotherdogdotcom.files.wordpress.com/2013/03/kusa_wise_lady_.jpg
000041.jpg,https://farm1.static.flickr.com/110/267277068_9a956da172_b.jpg
000042.jpg,https://upload.wikimedia.org/wikipedia/commons/thumb/c/c7/Africanhairless.jpg/280px-Africanhairless.jpg
000043.jpg,https://i.pinimg.com/originals/89/04/03/89040389876cf498553f02a85908012b.jpg
000044.jpg,https://cdn.now.howstuffworks.com/media-content/d6ec8c05-e4c9-4633-ae28-e75981639824-1210-680.jpg
000045.jpg,http://pawsaww.com/wp-content/uploads/2019/02/11-1.jpg
000046.jpg,https://upload.wikimedia.org/wikipedia/commons/9/92/Peruvian_Hairless_Dog_1.jpg
000047.jpg,https://www.dogzone.com/images/breeds/extinct/fuegian-dog.jpg
000048.jpg,https://www.researchgate.net/profile/Jane_Buikstra/publication/10811287/figure/fig1/AS:280383968038915@1443860155597/braided-hair-styles-typical-of-Chiribaya-men-Chiribaya-Culture-Peru-Women-and-children.png
000049.jpg,http://www.scielo.br/img/revistas/mioc/v98s1/29p08.jpg
000050.jpg,https://nationalpurebreddogday.com/wp-content/uploads/2018/03/betty_web__50700.1338218032.1280.1280-400x350.jpg
