image,source
000001.jpg,https://cdn3-www.dogtime.com/assets/uploads/gallery/chow-chow-dog-breed-pictures/3-fullbody.jpg
000002.jpg,https://s3.amazonaws.com/cdn-origin-etr.akc.org/wp-content/uploads/2017/11/12234550/Chow-Chow-Care-500x749.jpg
000003.jpg,https://s3.amazonaws.com/cdn-origin-etr.akc.org/wp-content/uploads/2017/11/12234523/Chow-Chow-On-White-01.jpg
000004.jpg,http://cdn.akc.org/content/hero/chow_chow_bod_hero.jpg
000005.jpg,https://www.zooplus.co.uk/magazine/CACHE_IMAGES/768/content/uploads/2018/07/gelb-chow-chow.jpg
000006.jpg,https://thehappypuppysite.com/wp-content/uploads/2018/05/chow-chow-header.jpg
000007.jpg,https://thehappypuppysite.com/wp-content/uploads/2018/10/chow-chow-names-CR-long-1024x555.jpg
000008.jpg,https://ichef.bbci.co.uk/news/660/cpsprodpb/E866/production/_104449495_c32b76d3-5990-4bea-9304-ba818d87be15.jpg
000009.jpg,https://www.petmd.com/sites/default/files/fun-facts-about-chow-chow.jpg
000010.jpg,http://www.cascinaboschi.com/wp-content/uploads/2016/07/Hermione-dei-Leoni-Imperiali.jpg
000011.jpg,https://www.purina.com.au/-/media/Project/Purina/Main/Breeds/Dog/Mobile/Dog_Chow-Chow-Smooth_Mobile.jpg?h=300&la=en&w=375&hash=34DEF49F4B76E1D9D19ABAF36E59CDF8
000012.jpg,https://www.pets4homes.co.uk/images/breeds/55/large/2525bdb43f08d9b6861b1d089f96fef2.jpg
000013.jpg,https://blogs.biomedcentral.com/bmcseriesblog/wp-content/uploads/sites/9/2017/03/ChowChow2Szczecin.jpg
000014.jpg,https://upload.wikimedia.org/wikipedia/commons/1/15/Serena.chow.chow.jpg
000015.jpg,https://live.staticflickr.com/8386/8573315697_3e552a73b3_b.jpg
000016.jpg,https://upload.wikimedia.org/wikipedia/commons/0/0e/Chow-chow_in_Tallinn.JPG
000017.jpg,https://vetstreet.brightspotcdn.com/dims4/default/90e9a21/2147483647/thumbnail/645x380/quality/90/?url=https%3A%2F%2Fvetstreet-brightspot.s3.amazonaws.com%2F8a%2F41ffe0a7e711e0a0d50050568d634f%2Ffile%2Fchow-3-645mk070111.jpg
000018.jpg,https://images2.minutemediacdn.com/image/upload/c_fill,g_auto,h_1248,w_2220/f_auto,q_auto,w_1100/v1555350309/shape/mentalfloss/istock_000007999291_small.jpg
000019.jpg,https://indulgeyourpet.com/wp-content/uploads/Chow-Chow-Puppy.png
000020.jpg,https://www.pawsplaygrounds.com/wp-content/uploads/2016/12/Chow-Chow-dog.jpg
000021.jpg,https://cdn.japantimes.2xx.jp/wp-content/uploads/2018/06/p10-ark-a-20180625.jpg
000022.jpg,http://caninechronicle.com/wp-content/uploads/2013/09/ch-Southern-Comfort-1274x1202-300x282.jpg
000023.jpg,https://i.pinimg.com/originals/18/27/db/1827db77d8aabbd790436484b3aa345e.jpg
000024.jpg,https://i0.wp.com/vanillapup.com/wp-content/uploads/2017/09/Chow-Chow-Dog-Breed-e1505113524749.jpg?fit=1280%2C812&ssl=1
000025.jpg,https://cdn2-www.dogtime.com/assets/uploads/2011/01/file_23144_chow-chow-460x290.jpg
000026.jpg,https://upload.wikimedia.org/wikipedia/commons/thumb/e/eb/Chowchow.jpg/299px-Chowchow.jpg
000027.jpg,http://www.chowchowbreedcouncil.com/_images/buying1.jpg
000028.jpg,http://www.pethealthnetwork.com/sites/default/files/content/images/preview-chow-chow459118197.png
000029.jpg,https://hanniko.com/wp-content/uploads/2018/05/Hanniko-handmade-european-design-casa-hanniko-sabias-que-perros-chow-chow-2.jpg?x97476
000030.jpg,https://pbs.twimg.com/media/D-0E9A1U4AAyOLT.jpg
000031.jpg,https://i.pinimg.com/originals/0c/2a/7e/0c2a7e5990e036d41b8c7acea4843fca.jpg
000032.jpg,https://www.hillspet.com/content/dam/cp-sites/hills/hills-pet/en_us/img/breeds/woman-brushing-chow-chow-outdoors.jpg
000033.jpg,http://geniusvets.s3.amazonaws.com/gv-dog-breeds/chow-chow-2.jpg
000034.jpg,https://cf.ltkcdn.net/dogs/images/std/246161-1600x1067-GettyImages-598323815.jpg
000035.jpg,https://www.pets4homes.co.uk/images/breeds/55/large/5f41f0c1661da9921248e89a62a96bb6.jpg
000036.jpg,https://upload.wikimedia.org/wikipedia/commons/f/fb/Chow_chow_puppy.jpg
000037.jpg,https://www.zooplus.ie/magazine/CACHE_IMAGES/768/content/uploads/2018/12/White-Chow-Chow-Dog.jpg
000038.jpg,https://espree-53db.kxcdn.com/collateral/chow-chow-updated.jpg
000039.jpg,https://amp.businessinsider.com/images/57c5ac20b996eb96008b52ca-750-563.jpg
000040.jpg,https://figopetinsurance.com/sites/default/files/styles/blog_detail/public/imagedogschow-chow-pup-looking-upblog.jpg?itok=_7VJV6a7
000041.jpg,https://vetstreet.brightspotcdn.com/dims4/default/f291f8b/2147483647/thumbnail/645x380/quality/90/?url=https%3A%2F%2Fvetstreet-brightspot.s3.amazonaws.com%2F6e%2F904ef0a7e711e0a0d50050568d634f%2Ffile%2Fchow-1-645mk070111.jpg
000042.jpg,https://www.keystonepuppies.com/wp-content/uploads/2018/09/Chow-Chow-Puppies-e1519319074249.jpg
000043.jpg,https://s3.amazonaws.com/cdn-origin-etr.akc.org/wp-content/uploads/2017/11/12234525/Chow-Chow-MP.jpg
000044.jpg,https://www.themarthablog.com/wp-content/uploads/2018/06/DSC07034.jpg
000045.jpg,https://www.dogsnsw.org.au/media/img/BrowseAllBreed/Chow-Chow.jpg
000046.jpg,https://www.petbarn.com.au/petspot/app/uploads/2016/08/27.-Chow-Chow.jpg
000047.jpg,http://cdn.akc.org/content/article-body-image/via_Vancie_Drew_bom.jpg
000048.jpg,https://i.ytimg.com/vi/ubOPhtrD0t0/maxresdefault.jpg
000049.jpg,http://www.chowchowclubvic.com.au/uploads/5/3/5/0/53503547/9067146_orig.jpg
000050.jpg,https://i1.wp.com/metro.co.uk/wp-content/uploads/2018/08/sei_24049376-1495.jpg?quality=90&strip=all&zoom=1&resize=644%2C338&ssl=1
