image,source
000001.jpg,https://i.pinimg.com/originals/1b/d9/bf/1bd9bf14738e1c7c8e178fdb66beab7a.jpg
000002.jpg,https://upload.wikimedia.org/wikipedia/commons/4/48/Boqueron_de_Quilligan.JPG
000003.jpg,https://i.pinimg.com/originals/b1/e2/3d/b1e23d82b7b8e2c98199745cebd1b881.jpg
000004.jpg,http://www.dogzone.com/images/breeds/cimarron-uruguayo.jpg
000005.jpg,https://images-wixmp-ed30a86b8c4ca887773594c2.wixmp.com/f/8d838396-2d94-41bc-87f2-799052656eb0/d1i7iji-8e5ee816-3413-4498-9eb3-954823e55aad.jpg?token=eyJ0eXAiOiJKV1QiLCJhbGciOiJIUzI1NiJ9.eyJzdWIiOiJ1cm46YXBwOjdlMGQxODg5ODIyNjQzNzNhNWYwZDQxNWVhMGQyNmUwIiwiaXNzIjoidXJuOmFwcDo3ZTBkMTg4OTgyMjY0MzczYTVmMGQ0MTVlYTBkMjZlMCIsIm9iaiI6W1t7InBhdGgiOiJcL2ZcLzhkODM4Mzk2LTJkOTQtNDFiYy04N2YyLTc5OTA1MjY1NmViMFwvZDFpN2lqaS04ZTVlZTgxNi0zNDEzLTQ0OTgtOWViMy05NTQ4MjNlNTVhYWQuanBnIn1dXSwiYXVkIjpbInVybjpzZXJ2aWNlOmZpbGUuZG93bmxvYWQiXX0.oy_MLFb0xNOEoAdrZk7gk92wriBPOHD-1ciuoQhAwc8
000006.jpg,http://caninechronicle.com/wp-content/uploads/2013/08/CC-New-Breeds.Cimarron-Uruguayo12.Height-at-the-withers.Kennel-Fierro.jpg
000007.jpg,https://i.ytimg.com/vi/4YwOpkedneU/maxresdefault.jpg
000008.jpg,https://i.pinimg.com/originals/a3/1d/ae/a31dae1654d688c24069d305d0fc9d35.jpg
000009.jpg,https://www.dogbreedinfo.com/images32/CimarronUruguayoAnakinCerberusillusionMauraImport.jpg
000010.jpg,https://upload.wikimedia.org/wikipedia/commons/thumb/e/e8/PERRO_CIMARRON.jpg/300px-PERRO_CIMARRON.jpg
000011.jpg,http://www.easypetmd.com/sites/default/files/Cimarron%20Uruguayo.JPG
000012.jpg,https://nationalpurebreddogday.com/wp-content/uploads/2018/08/39395224_1787709644682582_347486682724958208_o.jpg
000013.jpg,https://ladiaria.com.uy//media/photologue/photos/cache/coti-cimarrones_1200w.jpg
000014.jpg,http://caninechronicle.com/wp-content/uploads/2013/08/CC-New-Breeds.Cimarron-Uruguayo16.Head-molossian-characteristics.Photographer-unknown-300x226.jpg
000015.jpg,http://www.dogwallpapers.net/wallpapers/cimarr%C3%B3n-uruguayo-on-the-field-photo.jpg
000016.jpg,https://www.carealotpets.com/images/breeding/dog-breeds/CimarronUruguayo.jpg
000017.jpg,https://i.ytimg.com/vi/jzMl5XFiPvQ/hqdefault.jpg
000018.jpg,https://i2.wp.com/www.filasanmiguel.de/wp-content/uploads/2018/12/20181223-Cimarron-Treffen195-Bearbeitet.jpg?resize=1200%2C800&ssl=1
000019.jpg,https://mlstaticquic-a.akamaihd.net/cimarron-uruguayo-cachorros-D_NQ_NP_885701-MLU28492349791_102018-F.jpg
000020.jpg,http://www.cerberusillusion.com/wp-content/uploads/2019/02/cimarron-uruguayo-cerberus-illusion-cora11-CIK-1024x768.jpg
000021.jpg,https://www.ukcdogs.com/images/breeds/cimarron-uraguayo.jpg
000022.jpg,http://www.dogwallpapers.net/wallpapers/cimarr%C3%B3n-uruguayo-photo.jpg
000023.jpg,https://upload.wikimedia.org/wikipedia/commons/thumb/4/40/Cimarr%C3%B3n_uruguayo_llamado_Dingo.jpg/220px-Cimarr%C3%B3n_uruguayo_llamado_Dingo.jpg
000024.jpg,https://mlstaticquic-a.akamaihd.net/cimarron-uruguayo-D_NQ_NP_684933-MLU26415591290_112017-F.jpg
000025.jpg,https://www.filasanmiguel.de/wp-content/uploads/2014/12/14_11_29_Cirico118.jpg
000026.jpg,https://i.pinimg.com/originals/ee/5b/58/ee5b58e2b084944c9b98d09c2a3c1176.jpg
000027.jpg,https://upload.wikimedia.org/wikipedia/commons/a/ab/C%C3%A3o_Cimarron_Uruguayo.jpg
000028.jpg,https://live.staticflickr.com/8315/7986555636_def517d747_m.jpg
000029.jpg,https://www.dogbreedinfo.com/images32/CimarronUruguayoAnakinCerberusillusionBelona2.jpg
000030.jpg,http://www.cerberusillusion.com/wp-content/uploads/2019/02/ANAKIN-cerberus-illusion-cimarron-uruguayo-17.12.2018-a-1024x709.jpg
000031.jpg,https://estag.fimagenes.com/img/4/2/m/z/2mz_900.jpg
000032.jpg,https://republica.com.uy/wp-content/uploads/2013/07/Cimarron.jpg
000033.jpg,https://mlstaticquic-a.akamaihd.net/cimarrones-uruguayos-de-sangre-criolla-D_NQ_NP_809582-MLU28266194229_092018-F.jpg
000034.jpg,http://ohmydogmagazine.com.ar/wp-content/uploads/cimarron-uruguayo-7.jpg
000035.jpg,http://www.svetpejsku.cz/soubory/plemena/cimarron-uruguayo-3.jpg
000036.jpg,https://as2.ftcdn.net/jpg/01/71/66/01/500_F_171660150_3CGNTmhA4LKQIQlvOpwzXp7Qy8gtRpiK.jpg
000037.jpg,https://www.petpaw.com.au/wp-content/uploads/2014/11/Cimarr%C3%B3n-Uruguayo-with-his-serious-looks.jpg
000038.jpg,http://www.dogbreedinfo.com/images14/PerroCimarronUruguayNewImage.JPG
000039.jpg,http://sapurebredpets.co.za/wp-content/uploads/2016/07/uru-cimarron.jpg
000040.jpg,https://www.europuppy.com/wp-content/uploads/d2-1024x640.jpg
000041.jpg,http://www.escaparatedemascotas.com/wp-content/uploads/2015/02/Cimarr%C3%B3n-uruguayo-18-.jpg
000042.jpg,http://2.bp.blogspot.com/-T-AjWZ-zDWw/TfsnySVsXfI/AAAAAAAAAJo/CBrZJs8ha1M/s1600/cimarron+uruguayo.jpg
000043.jpg,http://www.cimarronesybelgastierrasdemoromat.com/MATILDA/cimarron_uruguayo_mat-16.jpg
000044.jpg,http://www.molosserdogs.com/gallery/albums/userpics/10185/PerroCimarron01.jpg
000045.jpg,https://images-wixmp-ed30a86b8c4ca887773594c2.wixmp.com/f/abb77c2a-1ae5-4624-b220-1da069ba667e/dcsl8mb-41692a97-4ed5-4082-8016-31b8a2997d70.png/v1/fill/w_947,h_844,q_70,strp/year_of_the_dog___cimarron_uruguayo_by_kelgrid_dcsl8mb-pre.jpg?token=eyJ0eXAiOiJKV1QiLCJhbGciOiJIUzI1NiJ9.eyJzdWIiOiJ1cm46YXBwOjdlMGQxODg5ODIyNjQzNzNhNWYwZDQxNWVhMGQyNmUwIiwiaXNzIjoidXJuOmFwcDo3ZTBkMTg4OTgyMjY0MzczYTVmMGQ0MTVlYTBkMjZlMCIsIm9iaiI6W1t7ImhlaWdodCI6Ijw9ODkxIiwicGF0aCI6IlwvZlwvYWJiNzdjMmEtMWFlNS00NjI0LWIyMjAtMWRhMDY5YmE2NjdlXC9kY3NsOG1iLTQxNjkyYTk3LTRlZDUtNDA4Mi04MDE2LTMxYjhhMjk5N2Q3MC5wbmciLCJ3aWR0aCI6Ijw9MTAwMCJ9XV0sImF1ZCI6WyJ1cm46c2VydmljZTppbWFnZS5vcGVyYXRpb25zIl19.SavPqbZ4l2T53gefwBK2q5GgiiqI0Almv1eyGHX3zHs
000046.jpg,http://www.cerberusillusion.com/wp-content/uploads/2019/03/cimarron-cimarron-uruguayo-cerberus-illusion-Connie-and-Cora-1024x684.jpg?x86889
000047.jpg,https://http2.mlstatic.com/macho-cimarron-para-monta-kcu-D_NQ_NP_778863-MLU31396784052_072019-Q.jpg
000048.jpg,https://i.pinimg.com/originals/be/fe/20/befe2088c4b40f5af675e7ded6085393.jpg
000049.jpg,https://www.europuppy.com/wp-content/uploads/d1-1024x640.jpg
000050.jpg,https://i.ytimg.com/vi/zXfX-VLeIuE/maxresdefault.jpg
