image,source
000001.jpg,https://i.pinimg.com/originals/a5/8c/0b/a58c0b2ab202f00c02296fe8acb41f87.jpg
000002.jpg,https://upload.wikimedia.org/wikipedia/commons/thumb/8/83/Patan.jpg/220px-Patan.jpg
000003.jpg,https://i.ytimg.com/vi/Cn_JQJtTP2Y/hqdefault.jpg
000004.jpg,http://www.easypetmd.com/sites/default/files/Cordoba%20Fighting%20Dog%20(1).jpg
000005.jpg,https://vignette.wikia.nocookie.net/dinosaurs/images/a/a2/Cordoba_profile.jpg/revision/latest?cb=20170606183740
000006.jpg,https://upload.wikimedia.org/wikipedia/commons/f/f9/0Dogo-argentino-22122251920.jpg
000007.jpg,http://www.molosserdogs.com/gallery/albums/userpics/10185/cordobafightingdog.jpg
000008.jpg,http://d17oknutsq9rw.cloudfront.net/wp-content/uploads/2016/06/07133004/featured-e1465376569588-800x430.jpg
000009.jpg,http://www.dogwallpapers.net/wallpapers/walking-cordoba-fighting-dog-photo.jpg
000010.jpg,https://www.doglib.com/wp-content/uploads/sites/2/co/cordoba-cordoba-fighting-dog-dog-breeds-information.jpg
000011.jpg,https://i.redd.it/g0gw0z1ghnf21.jpg
000012.jpg,https://cdn4.littlethings.com/app/uploads/2014/09/ahnen2g.jpg
000013.jpg,https://i.ytimg.com/vi/v8X-mZfsqxM/hqdefault.jpg
000014.jpg,http://dogbreedstandards.com/wp-content/uploads/2013/04/Cordoba-Fighting-Dog.jpg
000015.jpg,http://d17oknutsq9rw.cloudfront.net/wp-content/uploads/2016/06/07133516/5-800x532.jpg
000016.jpg,http://www.dogwallpapers.net/wallpapers/cordoba-fighting-dog-on-the-grass-photo.jpg
000017.jpg,https://66.media.tumblr.com/4f2fe45c2a7d43ff69acd3560bb43d9d/tumblr_inline_olokcwiuSm1qbsbxu_540.png
000018.jpg,https://vetstreet-brightspot.s3.amazonaws.com/f9/39/5d0721e541ccb670af3d54758258/cordoba-fighting-dog.jpg
000019.jpg,http://www.dogwallpapers.net/wallpapers/resting-cordoba-fighting-dog-photo.jpg
000020.jpg,https://66.media.tumblr.com/bcb729c275c3801c7b26df7080c6adfe/tumblr_pl0n7lmQ2X1szqwnwo1_400.jpg
000021.jpg,https://i.ytimg.com/vi/KXccxVeSxaI/hqdefault.jpg
000022.jpg,http://www.dogwallpapers.net/wallpapers/cordoba-fighting-dog-in-nature-photo.jpg
000023.jpg,https://www.dogbreedinfo.com/images31/CordobaFightingDogExtinctDogBreedinfoDrawing1.jpg
000024.jpg,https://res.cloudinary.com/jacepharm/image/upload/v1548866174/6-Cordoba-Fighting-Dog_aeiejh.jpg
000025.jpg,http://www.dogwallpapers.net/wallpapers/happy-cordoba-fighting-dog-photo.jpg
000026.jpg,https://i.ytimg.com/vi/gPUEB7kC-xk/hqdefault.jpg
000027.jpg,https://banner2.kisspng.com/20180614/hlt/kisspng-dogo-argentino-cordoba-fighting-dog-american-bulld-dogo-argentino-5b2244c7a5b0a5.9224223015289724876787.jpg
000028.jpg,http://www.waggingtonpost.com/wp-content/uploads/sites/699/2017/05/extinct-dogs2-336x175.png
000029.jpg,https://nationalpurebreddogday.com/wp-content/uploads/2017/06/dogo-argentino-jean-michel-labat.jpg
000030.jpg,https://www.dogsbybreed.com/wp-content/uploads/2014/08/column_Extinct-Blue-Paul-Terrier.jpg
000031.jpg,https://s-media-cache-ak0.pinimg.com/736x/40/7c/93/407c9323d3ea0fe87fa0924a25e2d19d--pitbull-dog-breeds.jpg
000032.jpg,https://image.iol.co.za/image/1/process/620x349?source=https://inm-baobab-prod-eu-west-1.s3.amazonaws.com/public/inm/media/image/109478926.JPG&operation=CROP&offset=0x0&resize=620x348
000033.jpg,https://www.daxtonsfriends.com/wp-content/uploads/2014/03/Present-day-Dogo-Argentino-2.jpg
000034.jpg,https://mpng.pngfly.com/20190209/rwz/kisspng-dogo-argentino-dog-breed-american-pit-bull-terrier-5c5f5177a3c806.3973751715497506476709.jpg
000035.jpg,https://www.doglib.com/wp-content/uploads/sites/2/co/cordoba-bid-to-break-dog-fighting-rings-breed.jpg
000036.jpg,https://banner2.kisspng.com/20190206/ftj/kisspng-american-bulldog-dogo-argentino-cordoba-fighting-d-5c5af2525eeae2.0297492815494641463888.jpg
000037.jpg,https://i2-prod.stokesentinel.co.uk/news/history/article281139.ece/ALTERNATES/s1200/dwarf-dog-fighting.jpg
000038.jpg,https://images-na.ssl-images-amazon.com/images/I/41KQwziJCNL.jpg
000039.jpg,https://kainatjamil.files.wordpress.com/2014/09/extinct-breeds-of-dogs-kuri.jpg?w=500
000040.jpg,https://s1.dmcdn.net/pD0IR/x1080-Cog.jpg
000041.jpg,https://banner2.kisspng.com/20180423/kxe/kisspng-american-pit-bull-terrier-american-bulldog-cordoba-waiting-for-rescue-5addab86b05ca1.1838653615244768067224.jpg
000042.jpg,https://i.ytimg.com/vi/3irU3o5a4Fo/maxresdefault.jpg
000043.jpg,https://i2.wp.com/www.thehonestkitchen.com/blog/wp-content/uploads/2016/11/dogo-argentino.jpg?resize=508%2C266
000044.jpg,https://i0.wp.com/www.mascotarios.org/wp-content/uploads/2011/08/dogoargentino.jpg
000045.jpg,https://i.ytimg.com/vi/akCLg-438nY/maxresdefault.jpg
000046.jpg,https://cdn.imgbin.com/10/12/11/imgbin-dogo-argentino-cordoba-fighting-dog-american-bulldog-bully-kutta-dog-breed-dogo-argentino-j4kMwvBEp99Sz2kJ5MASPN6sj.jpg
000047.jpg,http://www.dogzone.com/images/breeds/dogo-argentino.jpg
000048.jpg,http://www.dogwallpapers.net/wallpapers/cordoba-fighting-dog-face-photo.jpeg
000049.jpg,https://magnificoblanco.com/slir/w592-h444/https://magnificoblanco.com/images/551.jpg
000050.jpg,https://thumbs.dreamstime.com/z/dogo-argentino-muscular-dog-as-one-was-bred-first-time-cordoba-fighting-along-wide-array-other-breeds-including-110914877.jpg
