image,source
000001.jpg,https://images-na.ssl-images-amazon.com/images/I/41A7S0Hh8sL._SX331_BO1,204,203,200_.jpg
000002.jpg,https://d17fnq9dkz9hgj.cloudfront.net/breed-uploads/2018/08/coton-de-tulear-detail.jpg?bust=1535565553&width=355
000003.jpg,https://cdn1-www.dogtime.com/assets/uploads/2011/01/file_23230_coton-de-tulear-460x290.jpg
000004.jpg,https://img.buzzfeed.com/buzzfeed-static/static/2015-01/21/13/campaign_images/webdr04/16-reasons-the-coton-de-tulear-should-be-your-fav-2-8966-1421865616-17_dblbig.jpg
000005.jpg,https://s3.amazonaws.com/cdn-origin-etr.akc.org/wp-content/uploads/2017/11/12234218/Coton-de-Tulear-On-White-03.jpg
000006.jpg,http://cdn.akc.org/content/article-body-image/Coton_de_Tulear_Puppy_Laying.jpg
000007.jpg,https://www.dogbreedslist.info/uploads/allimg/dog-pictures/Coton-De-Tulear-2.jpg
000008.jpg,http://www.dogexpress.in/wp-content/uploads/2016/04/coton-de-tulear-1.jpg
000009.jpg,http://www.animalalliancenyc.org/wordpress/wp-content/uploads/MiscPhoto-Coton01.png
000010.jpg,https://www.mvtimes.com/mvt/uploads/2019/01/coton-de-tulear-chien-blanc-femelle-1496325326lJt.jpg
000011.jpg,http://www.petsworld.in/blog/wp-content/uploads/2014/11/Coton.jpg
000012.jpg,https://cdn1-www.dogtime.com/assets/uploads/gallery/coton-de-tulear-dog-breed-pictures/face-1.jpg
000013.jpg,https://cdn.pixabay.com/photo/2018/09/22/19/26/dog-3695937_960_720.jpg
000014.jpg,https://images-eu.ssl-images-amazon.com/images/I/51ovZTq8aWL.jpg
000015.jpg,http://coton.elevage-faurez.com/photos/IMG_4085.JPG
000016.jpg,https://media.istockphoto.com/photos/coton-de-tulear-dog-picture-id926723644
000017.jpg,https://previews.123rf.com/images/isselee/isselee1101/isselee110100444/8650343-coton-de-tulear-puppy-4-months-old-standing-in-front-of-white-background.jpg
000018.jpg,https://i.pinimg.com/originals/df/e1/ee/dfe1eef5a1ddbe40ea7f577d400d45f8.jpg
000019.jpg,https://livestock.teghakennel.com/wp-content/uploads/2015/03/6421_231596176986224_890912949_n.jpg
000020.jpg,https://images.ctfassets.net/w00x6p5qkejz/502wUG81LGuyAYqkKqAoqi/960c9a358362c3b92270e76856ad454c/Coton_de_Tulear3.png
000021.jpg,https://www.myfamily.it/content/images/thumbs/0026882_coton-de-tulear-dog-tag.jpeg
000022.jpg,https://previews.123rf.com/images/pavelmidi/pavelmidi1211/pavelmidi121100001/16146188-wet-uncommon-breed-of-dog-coton-de-tulear.jpg
000023.jpg,https://cdn.nettimarkkina.com/live/1586189/COTON-DE-TULEAR-FOR-SALE-1bc5d206a352e180-large.jpg
000024.jpg,https://dogbreedatlas.com/images/dog-breed-photos/coton-de-tulear/001/coton-de-tulear-1484389880-1.jpg
000025.jpg,https://i.ytimg.com/vi/1xi5LVknD78/hqdefault.jpg
000026.jpg,https://www.doggoneproblems.com/wp-content/uploads/2017/11/Fosse-Maggie-and-Jazz.jpg
000027.jpg,https://vetstreet-brightspot.s3.amazonaws.com/30/49/0f44bfbd45d299a0bf3c18e5a50a/coton-de-tulear-ap-053noc-645sm61014.jpg
000028.jpg,https://gfp-2a3tnpzj.stackpathdns.com/wp-content/uploads/2016/07/Coton-de-Tulear-1600x700.jpg
000029.jpg,https://upload.wikimedia.org/wikipedia/commons/5/5a/Coton_de_Tulear_puppy.jpg
000030.jpg,https://brit-petfood.com/file/nodes/product/coton%20de%20tulear.JPG
000031.jpg,https://s3.amazonaws.com/cdn-origin-etr.akc.org/wp-content/uploads/2017/11/12213912/Coton-De-Tulear-Care.jpg
000032.jpg,http://www.dogshub.in/wp-content/uploads/2018/07/Coton-de-Tulear-dog-india.jpg
000033.jpg,https://www.publicdomainpictures.net/pictures/220000/nahled/coton-de-tulear-chien-blanc-male.jpg
000034.jpg,https://upload.wikimedia.org/wikipedia/commons/thumb/d/d2/Tricolor_Coton_Puppy.jpg/280px-Tricolor_Coton_Puppy.jpg
000035.jpg,https://cdn6.dissolve.com/p/D943_199_520/D943_199_520_1200.jpg
000036.jpg,https://images-na.ssl-images-amazon.com/images/I/51AkTLqPZwL._SX331_BO1,204,203,200_.jpg
000037.jpg,https://static1.squarespace.com/static/5a535a92914e6b0b434727b1/5ab88e591ae6cf31586f3b2d/5ab8a279575d1fb8a0b40f91/1522049670448/coton-de-tulear_16.jpg
000038.jpg,https://www.usactc.org/wp-content/uploads/2018/02/image1.jpeg
000039.jpg,https://i.pinimg.com/originals/9c/c6/51/9cc65122f5b11501e690c63fb4bc70ca.jpg
000040.jpg,https://kbimages1-a.akamaihd.net/0231c190-b4da-48a9-964b-deff6a608a08/353/569/90/False/coton-de-tulears-for-beginners.jpg
000041.jpg,https://c8.alamy.com/comp/M7WF4M/coton-de-tulear-dog-sitting-on-the-grass-M7WF4M.jpg
000042.jpg,https://vetstreet.brightspotcdn.com/dims4/default/474c475/2147483647/crop/641x378%2B1%2B14/resize/645x380/quality/90/?url=https%3A%2F%2Fvetstreet-brightspot.s3.amazonaws.com%2F9f%2F14%2F0d27f73344c09164d4161fb8ad19%2Fcoton-de-tulear-ap-6guuus-645sm61014.jpg
000043.jpg,https://i.ytimg.com/vi/vwnLlIBKJ84/maxresdefault.jpg
000044.jpg,https://t1.pixers.pics/img-c676e9e9/posters-pure-coton-de-tulear-puppy.jpg?H4sIAAAAAAAAA42PWW6EMAxAr8NIgO2QDQ4wv3MEFEhmSssSJbRFPX1NW_WvUuWPOF6e9eB1ze4eYAzrHhIsk_dzgPs08y93KeTpIxRYKo2XjqtzgcjZ9hbSmLZYVCRFWSkeIFtq4ta7483FpZfiad9j7gByU8fpYBw_Y4ZxySCQDKAF1drWopHktFR9rPLuVu-Srxo8pKrj-ijxjP9jLRCCGjwNerAe5WB7IfBQWP0SvrCiNSxFJ_pH0iCW5pTb07QUbLvx9F48x8cF_rj5nQNvwfUGpEFokApInaX-eiMt2ItUT6aVVrCn8BJbj2I0bpDBSOWNl42r-conHVbkbooBAAA=
000045.jpg,https://www.k9rl.com/wp-content/uploads/2016/02/Coton-De-Tulear-with-puppies.jpg
000046.jpg,https://i0.wp.com/dogloversshow.com.au/directory/wp-content/uploads/sites/4/2017/10/coton-de-tulear.jpg?fit=420%2C350&ssl=1
000047.jpg,https://dog-supplements.com/wp-content/uploads/2017/09/Coton-De-Tulear-Dog-Breed.jpg
000048.jpg,https://www.usactc.org/wp-content/uploads/2016/05/2-of-4.jpg
000049.jpg,https://images1.americanlisted.com/nlarge/coton-de-tulear-puppy-for-sale-adoption-rescue-americanlisted_114662633.jpg
000050.jpg,http://www.kennel-jespersen.com/images/monti.png?crc=3791615818
