image,source
000001.jpg,https://upload.wikimedia.org/wikipedia/commons/thumb/7/78/Gera062005sed.jpg/220px-Gera062005sed.jpg
000002.jpg,https://i.ytimg.com/vi/Cz_xsPCfoPM/maxresdefault.jpg
000003.jpg,https://www.dogbreedinfo.com/images5/CroatianSheepdogCita4.jpg
000004.jpg,https://i.redd.it/z7gdlciy6hm01.jpg
000005.jpg,https://www.dogbreedslist.info/uploads/allimg/dog-pictures/Croatian-Sheepdog-2.jpg
000006.jpg,https://www.dogbreedslist.info/uploads/allimg/dog-pictures/Croatian-Sheepdog-1.jpg
000007.jpg,https://www.petguide.com/wp-content/uploads/2016/10/croatian-sheepdog.jpg
000008.jpg,https://s3.amazonaws.com/cdn-origin-etr.akc.org/wp-content/uploads/2018/05/16193535/Croatian-Sheepdog.3.jpg
000009.jpg,https://s3.amazonaws.com/cdn-origin-etr.akc.org/wp-content/uploads/2018/05/16193300/Croatian-Sheepdog.jpg
000010.jpg,https://i.ytimg.com/vi/2G0bazbe9_g/hqdefault.jpg
000011.jpg,https://i.ytimg.com/vi/Vxmlvc_sBM4/maxresdefault.jpg
000012.jpg,https://www.bordercollie.hr/Bundi.jpg
000013.jpg,http://polonabonac.com/wp-content/uploads/ho_skupinska.jpg
000014.jpg,https://www.worldlydogs.com/uploads/5/2/2/3/52234445/1934847_orig.png
000015.jpg,https://www.dogbreedinfo.com/images7/HRVATSKI_OVCAR_Pucica_Slavonski_Brod_220.jpg
000016.jpg,https://www.dogbreedplus.com/dog_breeds/images/croatian_sheepdog_006.jpg
000017.jpg,http://www.gopetsamerica.com/dog_breeds/pics/croatian_sheepdog4.jpg
000018.jpg,http://www.dogzone.com/images/breeds/croatian-sheepdog.jpg
000019.jpg,https://www.dogbreedslist.info/uploads/allimg/dog-pictures/Croatian-Sheepdog-3.jpg
000020.jpg,https://i.pinimg.com/originals/6c/b0/75/6cb0759c83e85cc7f989d599e0b44bea.jpg
000021.jpg,https://i.pinimg.com/originals/ea/dc/77/eadc774769039dce97cb4c5d9439b4c6.jpg
000022.jpg,https://i.pinimg.com/originals/74/ff/c6/74ffc6ce34cf0ef23a094b3bcf4b8817.jpg
000023.jpg,https://www.dogbreedinfo.com/images7/HRVATSKI_OVCAR_Tena_od_vranih_bisera-1_220.jpg
000024.jpg,https://t2.ftcdn.net/jpg/02/17/30/95/400_F_217309550_obFfaInmwHE3T66kDvdysO7LnZj18rZn.jpg
000025.jpg,https://i.pinimg.com/236x/a5/80/7e/a5807e3abd278f11d538657090f650c3--quiz-herding-dogs.jpg
000026.jpg,https://38vtm736ybavjl8ghz51n2ed-wpengine.netdna-ssl.com/wp-content/uploads/2015/05/Croatian-Sheepdog.jpg
000027.jpg,https://comps.canstockphoto.com/croatian-sheepdog-stock-photography_csp55232908.jpg
000028.jpg,https://i.pinimg.com/originals/83/76/17/837617b970c85cb77d8db96f99a983f8.jpg
000029.jpg,https://s3.amazonaws.com/cdn-origin-etr.akc.org/wp-content/uploads/2018/05/02225131/Croatian-Sheepdog-puppy.jpg
000030.jpg,https://i.pinimg.com/originals/8f/54/01/8f54013c44debc6ad9c5e68d69a27918.jpg
000031.jpg,https://t3.ftcdn.net/jpg/01/96/33/46/500_F_196334627_xS4rHwknCIe7OnTuzWOigIsHL6QsXtgL.jpg
000032.jpg,http://www.molosserdogs.com/gallery/albums/userpics/10609/cro~0.jpg
000033.jpg,https://i.ytimg.com/vi/fSrIajlMRNc/maxresdefault.jpg
000034.jpg,https://upload.wikimedia.org/wikipedia/commons/c/ce/GeraHojda09112055ZG.jpeg
000035.jpg,https://i.pinimg.com/originals/32/0b/eb/320beb50fa1ffd82b084372fca1b2b71.jpg
000036.jpg,https://thumbs.dreamstime.com/z/croatian-sheepdog-shepherd-wet-hair-98111244.jpg
000037.jpg,https://s3.amazonaws.com/cdn-origin-etr.akc.org/wp-content/uploads/2018/05/16193628/Croatian-Sheepdog.4.jpg
000038.jpg,https://2puppies.com/api/media/cache/breed_photo/Croatian-Sheepdog/Croatian-Sheepdog-2.jpg
000039.jpg,https://image.shutterstock.com/image-photo/croatian-sheepdog-game-450w-1153468375.jpg
000040.jpg,https://images.wagwalkingweb.com/media/breed/croatian-sheepdog/hero/Croatian-Sheepdog.jpg
000041.jpg,https://c8.alamy.com/comp/PFPF1R/croatian-sheepdog-panting-PFPF1R.jpg
000042.jpg,https://static.pawdiet.com/global/img/breeds/croatian-sheepdog.jpg
000043.jpg,https://live.staticflickr.com/1251/1447309103_540c1fafa8_z.jpg
000044.jpg,https://www.ukcdogs.com/images/breeds/croatian-sheepdog.jpg
000045.jpg,http://www.dogwallpapers.net/wallpapers/nice-croatian-sheepdog-face-photo.jpg
000046.jpg,https://live.staticflickr.com/1164/1448161612_1fee851c96_z.jpg
000047.jpg,https://s3.amazonaws.com/cdn-origin-etr.akc.org/wp-content/uploads/2018/07/10131357/Romanian-Mioritic-Shepherd-Dog-Slideshow-01-400x267.jpg
000048.jpg,https://thumbs.dreamstime.com/z/croatian-sheepdog-puppy-croatian-sheepdog-puppy-playing-grass-110163229.jpg
000049.jpg,http://www.molosserdogs.com/gallery/albums/userpics/10001/DSCF0009%20%28Large%29.JPG
000050.jpg,https://i.pinimg.com/originals/81/d8/2a/81d82ac6059e8c33259516f7ff273553.jpg
