image,source
000001.jpg,https://i.ytimg.com/vi/uXC1Wkim1QE/maxresdefault.jpg
000002.jpg,https://thehappypuppysite.com/wp-content/uploads/2018/01/czechoslovakian-wolfdog.jpg
000003.jpg,https://thehappypuppysite.com/wp-content/uploads/2018/01/czech-wolfdog.jpg
000004.jpg,https://dogsnet.com/wp-content/uploads/2019/03/czechoslovakian-wolfdog-header.jpg
000005.jpg,https://animalso.com/wp-content/uploads/2018/07/Czechoslovakian-Wolfdog-1.jpg
000006.jpg,https://s3.amazonaws.com/cdn-origin-etr.akc.org/wp-content/uploads/2017/11/12234147/Czechoslovakian-Vlcak-On-White-01.jpg
000007.jpg,https://www.dogbreedslist.info/uploads/allimg/dog-pictures/Czechoslovakian-Wolfdog-2.jpg
000008.jpg,https://i.ytimg.com/vi/IgPAB60YK6A/hqdefault.jpg
000009.jpg,https://thehappypuppysite.com/wp-content/uploads/2018/01/wolfdog.jpg
000010.jpg,https://s3.amazonaws.com/cdn-origin-etr.akc.org/wp-content/uploads/2017/11/09131736/Three-Czechoslovakian-Vlcak.jpg
000011.jpg,https://www.petguide.com/wp-content/uploads/2014/06/czechoslovakian-vlcak.jpg
000012.jpg,https://s3-eu-west-1.amazonaws.com/logs.omnibuilder/d02de782-ff96-489a-9acd-2dd230bfc96e/64d962fe-08ea-4df0-8dea-d69d3ee81593.jpg
000013.jpg,https://www.petguide.com/wp-content/uploads/2017/10/czechoslovakian-wolfdog.jpg
000014.jpg,https://3d4igz27oxtl2iwox73y9smh-wpengine.netdna-ssl.com/wp-content/uploads/2019/01/farmto-table.png
000015.jpg,https://animalso.com/wp-content/uploads/2018/07/Saarloos-Wolfhound-809x539.jpg
000016.jpg,https://3d4igz27oxtl2iwox73y9smh-wpengine.netdna-ssl.com/wp-content/uploads/2019/01/shutterstock_467329964.jpg
000017.jpg,https://yt3.ggpht.com/a/AGF-l79ELmC6YmjgtMqof4rxf6l53fJbjgiawjoF6g=s900-mo-c-c0xffffffff-rj-k-no
000018.jpg,https://miro.medium.com/max/2000/1*icvIoMktrWmTS45HQ2ukdw.jpeg
000019.jpg,https://i.pinimg.com/originals/2e/96/05/2e96056e87388129ac9cbdc1d8725402.jpg
000020.jpg,https://i0.wp.com/wilderness-society.org/wp-content/uploads/2018/08/1280-484494202-wolf-dog-siblings.jpg
000021.jpg,http://wolfdog.wbs.cz/y_ii_pups.jpg
000022.jpg,https://www.101dogbreeds.com/wp-content/uploads/2015/04/Czechoslovakian-Wolfdog-Images.jpg
000023.jpg,https://i.pinimg.com/originals/e9/64/da/e964da79af1c2c369d785085ba4d232a.jpg
000024.jpg,https://www.101dogbreeds.com/wp-content/uploads/2015/04/Czechoslovakian-Wolfdog-Photos.jpg
000025.jpg,https://images.ctfassets.net/w00x6p5qkejz/3o9dmZaT8ACiiSAMUKgkie/1f323630f83290efaf1664ed9850b432/Czechoslovakian_Wolfdog_2.jpg
000026.jpg,http://www.easypetmd.com/sites/default/files/Czechoslovakian%20Wolfdog%20(2).JPG
000027.jpg,https://dogsaholic.com/wp-content/uploads/2018/05/kv-680x602.jpg
000028.jpg,https://www.101dogbreeds.com/wp-content/uploads/2015/04/Czechoslovakian-Vlcak-Dog.jpg
000029.jpg,https://www.dogzone.com/images/breeds/czechoslovakian-wolfdog-puppy.jpg
000030.jpg,https://animalsfocus.com/wp-content/uploads/2019/01/Czechoslovakian-Vlcak.179296703-678x381.jpg
000031.jpg,https://www.dogmal.com/wp-content/uploads/2018/01/Czechoslovakian-Wolfdog-photo.jpg
000032.jpg,https://i.imgur.com/GavUFM8.jpg
000033.jpg,https://s3.amazonaws.com/cdn-origin-etr.akc.org/wp-content/uploads/2017/11/12205925/Czechoslovakian-Vlcak-History-04.jpg
000034.jpg,https://i.pinimg.com/originals/3a/8d/84/3a8d845f756ebcd5850582c5c5c2cc41.jpg
000035.jpg,https://www.dogbreedslist.info/uploads/allimg/dog-pictures/Czechoslovakian-Wolfdog-3.jpg
000036.jpg,http://www.birdz.sk/uc/pl/d/b/db1194806d9359f9458c09c4a5a882b5.jpg
000037.jpg,https://dogable.net/wp-content/uploads/2018/01/czechoslovakian-wolfdog.jpg
000038.jpg,https://www.lansingcitypulse.com/uploads/medium/20190324-124426-15124.jpg
000039.jpg,https://images.ctfassets.net/w00x6p5qkejz/clzaZIvfGgaMIwScIyeaC/97178ed1a012a4b2ad635c913e6b6de9/Czechoslovakian_Wolfdog_3.jpg
000040.jpg,https://i0.wp.com/metro.co.uk/wp-content/uploads/2018/11/sei_40296999-0659.jpg?quality=90&strip=all&zoom=1&resize=644%2C805&ssl=1
000041.jpg,https://i.ytimg.com/vi/WdTVefPTdbM/maxresdefault.jpg
000042.jpg,https://www.pets4homes.co.uk/images/classifieds/2015/05/18/964873/large/siberian-husky-czechoslovakian-wolfdog-puppies-55b68da2c4eed.jpg
000043.jpg,http://www.pedigreedatabase.com/gallerypictures/79475.jpg
000044.jpg,https://czechoslovakianwolfdog.info/wp-content/uploads/2017/09/dog02-600x381.jpg
000045.jpg,https://thumbs.dreamstime.com/z/czechoslovakian-wolfdog-15983203.jpg
000046.jpg,https://dogbreedatlas.com/images/dog-breed-photos/czechoslovakian-wolfdog/001/czechoslovakian-wolfdog-1483746619-2.jpg
000047.jpg,https://www.urbanpawsuk.com/wp-content/uploads/2017/12/IMG_0797.jpg
000048.jpg,https://czechoslovakianvlcak.org/wp-content/uploads/2018/09/cropped-1.jpg
000049.jpg,https://s3.amazonaws.com/cdn-origin-etr.akc.org/wp-content/uploads/2017/11/12205936/Czechoslovakian-Vlcak-History-01-e1516211734338.jpg
000050.jpg,https://s3-eu-west-1.amazonaws.com/logs.omnibuilder/d02de782-ff96-489a-9acd-2dd230bfc96e/f74686f7-2aa2-42fd-b57a-ba1ca0ee7b94.jpg
