image,source
000001.jpg,https://vetstreet.brightspotcdn.com/dims4/default/8227b91/2147483647/crop/0x0%2B0%2B0/resize/645x380/quality/90/?url=https%3A%2F%2Fvetstreet-brightspot.s3.amazonaws.com%2F8c%2F3d0ed0a73211e0a0d50050568d634f%2Ffile%2FDandi-Dinmont-3-645mk062311.jpg
000002.jpg,https://vetstreet.brightspotcdn.com/dims4/default/4c1388f/2147483647/crop/0x0%2B0%2B0/resize/645x380/quality/90/?url=https%3A%2F%2Fvetstreet-brightspot.s3.amazonaws.com%2F6c%2F7c8c60a73211e0a0d50050568d634f%2Ffile%2FDandi-Dinmont-2-645mk062311.jpg
000003.jpg,https://s3.amazonaws.com/cdn-origin-etr.akc.org/wp-content/uploads/2017/11/12233958/Dandie-Dinmont-Terrier-MP.jpg
000004.jpg,https://s3.amazonaws.com/cdn-origin-etr.akc.org/wp-content/uploads/2017/11/12233955/Dandie-Dinmont-Terrier-On-White-01.jpg
000005.jpg,https://s3.amazonaws.com/cdn-origin-etr.akc.org/wp-content/uploads/2017/11/12213000/Dandie-Dinmont-Terrier-slide-6.jpg
000006.jpg,https://azure.wgp-cdn.co.uk/app-yourdog/posts/dandie_dinmont_terrier.jpg
000007.jpg,https://vetstreet.brightspotcdn.com/dims4/default/c33c6e7/2147483647/crop/646x381%2B0%2B80/resize/645x380/quality/90/?url=https%3A%2F%2Fvetstreet-brightspot.s3.amazonaws.com%2F5a%2F10%2Fc9da36b0478ea75b5f97ee9902d0%2Fdandie-dinmont-terrier-ap-0zeulm.jpg
000008.jpg,https://www.pets4homes.co.uk/images/articles/2537/large/dandie-dinmont-terrier-hereditary-health-and-genetic-diversity-54c0cec623b93.jpg
000009.jpg,http://www.dogzone.com/images/breeds/dandie-dinmont-terrier.jpg
000010.jpg,https://s3.amazonaws.com/cdn-origin-etr.akc.org/wp-content/uploads/2017/11/12211836/Dandie-Dinmont-Terrier-History-08.jpg
000011.jpg,https://upload.wikimedia.org/wikipedia/commons/6/63/Dandie_Dinmont_Terrier_600.jpg
000012.jpg,https://i.pinimg.com/236x/8a/8a/87/8a8a87a95947ff88d6bdefede22333fe--dandie-dinmont-terrier-hobby.jpg
000013.jpg,https://cdn1-www.dogtime.com/assets/uploads/gallery/dandie-dinmont-terrier-dog-breed-pictures/7-layingface.jpg
000014.jpg,https://s3-eu-west-1.amazonaws.com/w3.cdn.gpd/gb.pedigree.56/large_70d6ccac-b1a8-4b46-8cf5-9dd8e3acdafe.jpg
000015.jpg,https://cdn.omlet.co.uk/images/cache/1024/682/Dog-Dandie_Dinmont_Terrier-A_beautiful,_little_Dandie_Dinmont_Terrier_showing_off_its_long_body.jpg
000016.jpg,https://www.pawsplaygrounds.com/wp-content/uploads/2017/02/dandie-dinmont-terrier.jpg
000017.jpg,https://vetstreet.brightspotcdn.com/dims4/default/68ba701/2147483647/crop/0x0%2B0%2B0/resize/645x380/quality/90/?url=https%3A%2F%2Fvetstreet-brightspot.s3.amazonaws.com%2Fa2%2Ff36b60a73211e0a0d50050568d634f%2Ffile%2FDandi-Dinmont-4-645mk062311.jpg
000018.jpg,https://keyassets.timeincuk.net/inspirewp/live/wp-content/uploads/sites/8/2015/01/Dandie-Dinmont-terrier.jpg
000019.jpg,http://breedfinder.ikc.ie/Content/images/breeds/69_dandie_dinmont_terrier.jpg
000020.jpg,http://puppyfinder.org.uk/wp/wp-content/uploads/2013/01/dandie_dinmont.jpg
000021.jpg,https://www.dogbreedplus.com/dog_breeds/images/Dandie-Dinmont-Terrier-001.jpg
000022.jpg,https://wds2018.com/wp-content/uploads/2017/05/DDT-OU-0014.jpg
000023.jpg,https://indulgeyourpet.com/wp-content/uploads/Dandie-Dinmont-Terrier-Puppy.png
000024.jpg,https://www.k9rl.com/wp-content/uploads/2016/08/Dandie-Dinmont-Terrier.jpg
000025.jpg,https://i.ytimg.com/vi/am3RhdwccnM/maxresdefault.jpg
000026.jpg,https://i.pinimg.com/236x/c0/e6/1a/c0e61a7e6690345e04463c1e508edf27--dandie-dinmont-terrier-free-dogs.jpg
000027.jpg,http://static.ddmcdn.com/en-us/apl/breedselector/images/breed-selector/dogs/breeds/dandie-dinmont-terrier_01_lg.jpg
000028.jpg,https://www.yourpurebredpuppy.com/dogbreeds/photos-CD/dandiedinmontterriersf1.jpg
000029.jpg,https://www.petmd.com/sites/default/files/breedopedia/Rozzieshow.jpg
000030.jpg,https://i.ytimg.com/vi/zfpPs_EgVDE/hqdefault.jpg
000031.jpg,https://doggiedesigner.com/wp-content/uploads/2018/03/361-1.jpg
000032.jpg,https://images.ctfassets.net/w00x6p5qkejz/3xhwBBJObKmMI0aIWOEeY4/e4cee47955e08343301700fb4c696ca8/Dandie_Dinmont_Terrier_B_W_Small_File_copy.png
000033.jpg,http://www.worldlifeexpectancy.com/images/a/d/d/b/dandie_dinmont_terrier/dandie_dinmont_terrier_1.jpg
000034.jpg,https://s3.amazonaws.com/cdn-origin-etr.akc.org/wp-content/uploads/2017/11/12220700/Dandie-Dinmont-Terrier-Illo-2-500x500.jpg
000035.jpg,https://ichef.bbci.co.uk/news/1024/branded_news/F72A/production/_92947236_dogs2.jpg
000036.jpg,https://media.gettyimages.com/photos/seated-dandie-dinmont-terrier-panting-looking-up-picture-id102114155
000037.jpg,https://cdn.britannica.com/s:300x300/43/12443-004-B6E3F6DD.jpg
000038.jpg,https://www.warrenphotographic.co.uk/photography/bigs/46447-Mustard-Dandie-Dinmont-Terrier-puppy-walking-white-background.jpg
000039.jpg,https://i.pinimg.com/originals/97/06/e2/9706e2f07d92872e68992f425bf66b6f.jpg
000040.jpg,https://www.nbcsports.com/sites/nbcsports.com/files/2018/11/21/nbc_dog_terrier_dandiedinmontterrier_181119.jpg
000041.jpg,https://www.pets4homes.co.uk/images/classifieds/2014/12/01/830738/large/kc-registered-dandie-dinmont-terrier-puppies-547c66ab99a94.JPG
000042.jpg,https://www.ddtca.org/wp-content/uploads/2015/01/nats.jpg
000043.jpg,http://pet-quest.com/wp-content/uploads/2018/01/Dandie-Dinmont-Terrier-000012.jpg
000044.jpg,https://images.wagwalkingweb.com/media/breed/dandie-dinmont-terrier/appearance/dandie-dinmont-terrier.png
000045.jpg,https://c8.alamy.com/comp/ADNJK8/dandie-dinmont-terrier-with-puppy-6-weeks-ADNJK8.jpg
000046.jpg,https://www.petful.com/wp-content/uploads/2014/05/Dandie-Dinmont-Terrier-750x416.jpg
000047.jpg,https://www.pawsplaygrounds.com/wp-content/uploads/2017/02/dandie-dinmont-terrier-1280x720.jpg
000048.jpg,https://www.dandiedinmont.net/uploads/1/1/9/3/119352376/img-3911_orig.jpg
000049.jpg,https://ichef.bbci.co.uk/news/976/cpsprodpb/A6DB/production/_96351724_07.dpx_170604_dandydinmont_530.jpg
000050.jpg,http://blackdogoutfitters.com/wp-content/uploads/2016/03/70-dandie-dinmont-WEB.jpg
