image,source
000001.jpg,https://i.pinimg.com/originals/36/10/0b/36100b24a3c85597371b866305e6723c.jpg
000002.jpg,https://upload.wikimedia.org/wikipedia/commons/a/a6/Drentse_Patrijshond.jpg
000003.jpg,https://www.dogbreedplus.com/dog_breeds/images/drentse_patrijshond.jpg
000004.jpg,https://www.dogzone.com/images/breeds/drentse-patrijshond.jpg
000005.jpg,https://animalsbreeds.com/wp-content/uploads/2015/11/Drentse-Patrijshond-2.jpg
000006.jpg,https://www.dogzone.com/images/breeds/drentse-patrijshond-puppy.jpg
000007.jpg,https://www.101dogbreeds.com/wp-content/uploads/2018/04/Drentse-Patrijshond.jpg
000008.jpg,https://www.dogbreedslist.info/uploads/allimg/dog-pictures/Drentse-Patrijshond-1.jpg
000009.jpg,http://www.fci.be/Nomenclature/Illustrations/224g07-1.jpg
000010.jpg,https://www.101dogbreeds.com/wp-content/uploads/2018/04/Drentse-Patrijshond-Images.jpg
000011.jpg,https://www.101dogbreeds.com/wp-content/uploads/2018/04/Drentse-Patrijshond-Pictures.jpg
000012.jpg,https://i.pinimg.com/originals/85/d3/1b/85d31ba087384ba97e8974a9ee5482d8.jpg
000013.jpg,https://i.ytimg.com/vi/1LetS8fQIPU/hqdefault.jpg
000014.jpg,https://topicimages.mrowl.com/large/vanessasaprincess/dogbreeds/foundationstoc/drentsepatrijs_1.jpg
000015.jpg,https://researchbreeder.com/images/Puppies/Drentsche-Patrijshond-Puppies.jpg
000016.jpg,https://i.pinimg.com/originals/4d/49/2f/4d492f5c5cb568bacb89a5e54b0163ad.jpg
000017.jpg,https://www.houdenvanhonden.nl/globalassets/rassen/fci-7/drentse-patrijs/dpd-ou-0028_2.jpg
000018.jpg,http://www.furrycritter.com/fcn/assets/img/dogs/Drentse_Partridge_Dog.jpg
000019.jpg,https://www.worldlydogs.com/uploads/5/2/2/3/52234445/6017897_orig.png
000020.jpg,https://www.dogbreedslist.info/uploads/allimg/dog-pictures/Drentse-Patrijshond-3.jpg
000021.jpg,https://www.houdenvanhonden.nl/globalassets/rassen/fci-7/drentse-patrijs/drentse-patrijshond-8.jpg
000022.jpg,https://dogsbreedusa.online/wp-content/uploads/2018/11/Drentsche-Patrijshond-Pup.jpg
000023.jpg,http://caninechronicle.com/wp-content/uploads/2011/04/Dog-Portrait-Dutch-Partridge-Dog13.-Bright-future-and-full-registration.Photo-A.-van-Kempen.jpg
000024.jpg,https://www.doglib.com/wp-content/uploads/sites/2/dr/drentse-uiterlijk-en-bouw-breed.jpg
000025.jpg,https://i.pinimg.com/236x/2d/b9/72/2db972b931be2bae8334baeeb16d038b--partridge-netherlands.jpg
000026.jpg,https://www.licg.nl/media/1288/drentsche-patrijs740x433.jpg
000027.jpg,https://www.dogbreedslist.info/uploads/allimg/dog-pictures/Drentse-Patrijshond-2.jpg
000028.jpg,https://www.jagersvereniging.nl/content/uploads/2015/05/12-DNJ-18-2012-Jachthondenras-Drentse-Patrijs.jpg
000029.jpg,https://animalsbreeds.com/wp-content/uploads/2015/11/Drentse-Patrijshond-7.jpg
000030.jpg,https://www.petpaw.com.au/wp-content/uploads/2014/11/Drentse-Patrijshond-Features-392x321.jpg
000031.jpg,http://www.dogwallpapers.net/wallpapers/drentse-patrijshond-in-the-yard-photo.jpg
000032.jpg,https://banner2.kisspng.com/20180612/kz/kisspng-field-spaniel-brittany-dog-drentse-patrijshond-fre-mascotas-5b2078a82f5151.3317477215288546961938.jpg
000033.jpg,https://c8.alamy.com/comp/PFR3N5/dutch-partridge-dog-drentse-patrijshond-side-view-PFR3N5.jpg
000034.jpg,https://www.dogzone.com/images/breeds/drentse-patrijshond-800.jpg
000035.jpg,https://i.pinimg.com/originals/39/42/a8/3942a824a97b2ea7934de76c3e35c944.jpg
000036.jpg,https://images-na.ssl-images-amazon.com/images/I/61Uz0IE6%2BaL._SY500_.jpg
000037.jpg,https://upload.wikimedia.org/wikipedia/commons/5/59/Drentsche_Patrijshond_in_Riga_1.JPG
000038.jpg,https://banner2.kisspng.com/20180302/cce/kisspng-drentse-patrijshond-welsh-springer-spaniel-english-a-puppy-5a98e15d732cf3.5060066715199686054718.jpg
000039.jpg,https://doggiedesigner.com/wp-content/uploads/2018/02/53-3-300x215.jpg
000040.jpg,http://www.dogwallpapers.net/wallpapers/cute-drentse-patrijshond-puppies-photo.jpg
000041.jpg,https://66.media.tumblr.com/9ec3aadbdd7099615376d698c5aa1c9c/tumblr_pmwfvleXXX1r3srs9o1_500.png
000042.jpg,https://www.petpremium.com/wp-content/uploads/ppbr/breeds/drentse-patrijshond_profile_350x400.jpg
000043.jpg,https://cdn.imgbin.com/22/11/14/imgbin-english-springer-spaniel-welsh-springer-spaniel-drentse-patrijshond-english-cocker-spaniel-field-spaniel-dog-Va7Vsk0Fb2FtEEEhTpk5n7Mvg.jpg
000044.jpg,https://cdn.imgbin.com/13/10/10/imgbin-english-springer-spaniel-welsh-springer-spaniel-drentse-patrijshond-french-spaniel-field-spaniel-springer-spaniel-LjFbvpC6AsJTE9QKUmy31DrNa.jpg
000045.jpg,https://animalsbreeds.com/wp-content/uploads/2015/11/Drentse-Patrijshond-8.jpg
000046.jpg,https://www.101dogbreeds.com/wp-content/uploads/2018/04/Images-of-Drentse-Patrijshond.jpg
000047.jpg,https://cdn.imgbin.com/1/12/25/imgbin-drentse-patrijshond-french-spaniel-field-spaniel-english-springer-spaniel-small-m-nsterl-nder-others-z10UanxJhbAtB1UsFv7GEGRpS.jpg
000048.jpg,https://library.kissclipart.com/20181001/suq/kissclipart-english-setter-clipart-drentse-patrijshond-english-ffcaa9e4e260bf7c.png
000049.jpg,https://banner2.kisspng.com/20180611/zfg/kisspng-drentse-patrijshond-cavalier-king-charles-spaniel-cavalier-king-charles-spaniel-5b1e881d9b1ec1.7738817615287275816354.jpg
000050.jpg,https://i.pinimg.com/236x/92/87/0e/92870e5e766e251d269ae40b1419ecd1--the-dutchess-partridge.jpg
