image,source
000001.jpg,https://s3.amazonaws.com/cdn-origin-etr.akc.org/wp-content/uploads/2017/11/12185621/Drever-MP.jpg
000002.jpg,https://s3.amazonaws.com/cdn-origin-etr.akc.org/wp-content/uploads/2017/11/12185609/Drever-On-White-01.jpg
000003.jpg,https://www.dogbreedslist.info/uploads/allimg/dog-pictures/Drever-2.jpg
000004.jpg,https://i.ytimg.com/vi/sAIwtpIhfPA/hqdefault.jpg
000005.jpg,https://wds2018.com/wp-content/uploads/2017/05/Drever.jpg
000006.jpg,https://upload.wikimedia.org/wikipedia/commons/3/34/Drever_NUCh_Tanjo.jpg
000007.jpg,https://animalsadda.com/wp-content/uploads/2015/12/drever-6.jpg
000008.jpg,https://www.dogbreedslist.info/uploads/allimg/dog-pictures/Drever-3.jpg
000009.jpg,https://animalsbreeds.com/wp-content/uploads/2014/09/Drever-2.jpg
000010.jpg,http://www.dogshub.in/wp-content/uploads/2018/08/Drever-dog-india.jpg
000011.jpg,https://researchbreeder.com/images/Puppies/Drever-Puppy.jpg
000012.jpg,https://i.pinimg.com/originals/3e/4f/24/3e4f24d929a6e8fb9159275099e7def1.jpg
000013.jpg,https://www.k9rl.com/wp-content/uploads/2017/02/drever-image.jpg
000014.jpg,https://alldogsworld.com/wp-content/uploads/2014/08/Drever.jpg
000015.jpg,http://www.petpaw.com.au/wp-content/uploads/2014/11/Adorable-Tri-color-Drever-Dog.jpg
000016.jpg,https://canadiandogs.com/wp-content/uploads/Drever.jpg
000017.jpg,https://www.k9rl.com/wp-content/uploads/2017/02/Drever-dog.jpg
000018.jpg,http://www.dogzone.com/images/breeds/drever.jpg
000019.jpg,http://www.dogwallpapers.net/wallpapers/running-drever-dog-photo.jpg
000020.jpg,https://www.worldlifeexpectancy.com/images/a/d/d/b/drever/drever_1.jpg
000021.jpg,https://i.pinimg.com/236x/c3/bc/5c/c3bc5c210a56bb17f16afb977dda002f--dog-love-hunting-dogs.jpg
000022.jpg,https://i.pinimg.com/236x/6a/bb/55/6abb5571f6a4eedfc6798719db049ad8--true-friends-best-friends.jpg
000023.jpg,https://www.101dogbreeds.com/wp-content/uploads/2017/05/Drever-Pictures.jpg
000024.jpg,https://www.researchgate.net/profile/Rebecca_Sargisson/publication/228846718/figure/fig5/AS:300821565722628@1448732858345/The-Swedish-drever-Preliminary-feedback-from-organisations-training-the-drever-suggest.png
000025.jpg,https://i.pinimg.com/originals/7d/55/52/7d5552ed11c9d0c927bff910e2a23d78.jpg
000026.jpg,https://www.doglib.com/wp-content/uploads/sites/2/dr/drever-know-about-drever-breed.jpg
000027.jpg,https://jagareforbundet.se/contentassets/4ae17b7bf2cc4744b61b6d7377e8a815/21269805-drever.jpg?maxwidth=996
000028.jpg,https://animalsadda.com/wp-content/uploads/2015/12/drever-4.jpg
000029.jpg,http://canislupusbreeds.weebly.com/uploads/2/6/4/4/26444622/6008531.jpg
000030.jpg,https://dogwellnet.com/uploads/monthly_2015_12/drever-800x800-fci130.png.e2dc1af349569ff359f4866ce7b885a2.png
000031.jpg,https://www.dogbreedinfo.com/images22/DreverBindy1yearoldHuntingDog1.jpg
000032.jpg,http://3.bp.blogspot.com/-lbMIY1E7TYw/T6TIl6xdtkI/AAAAAAAABaI/wCqJI_PjCdg/s1600/drever.jpg
000033.jpg,http://www.aradik.net/drever/fotos/drever-historia.jpg
000034.jpg,https://animalsbreeds.com/wp-content/uploads/2014/09/Drever-4.jpg
000035.jpg,https://brit-petfood.com/file/nodes/product/drever.jpg
000036.jpg,https://images.ctfassets.net/w00x6p5qkejz/3vsigIE5qMooAywmkOCwi8/eb5218d4a3ef839c4a75d4fc4d39b532/Drever_B_W_Small_File.png
000037.jpg,https://i.pinimg.com/236x/ca/85/ca/ca85ca43e5c2a230763b924bde689c07--sweden-sea.jpg
000038.jpg,https://c8.alamy.com/comp/PFRH3F/drever-dog-swedish-dachsbracke-seated-PFRH3F.jpg
000039.jpg,http://nebula.wsimg.com/876b9f22e37eccd92a37a63013da53d0?AccessKeyId=5B370E144B29ED036818&disposition=0&alloworigin=1
000040.jpg,http://www2.scriptor.no/drever.no/db/repository/x240820180802071987921.jpg
000041.jpg,https://i.ytimg.com/vi/mg5ggzJKsTo/hqdefault.jpg
000042.jpg,https://www.k9rl.com/wp-content/uploads/2017/02/Drever-puppies.jpg
000043.jpg,https://www.petful.com/wp-content/uploads/2016/04/drever-dog-information-750x410.jpg
000044.jpg,https://pbs.twimg.com/media/DsHZlNXXoAAzpMe.jpg
000045.jpg,https://image.shutterstock.com/image-photo/picture-dog-swedish-dachsbracke-known-450w-1325182172.jpg
000046.jpg,https://www.dogbreedslist.info/uploads/allimg/dog-pictures/Drever-1.jpg
000047.jpg,https://www.jaktjournalen.se/wp-content/uploads/2015/06/buster2-705x471.jpg
000048.jpg,https://www.jklgrooming.com/Library/sliders/product-carousel/images/Drever_Chart.jpg
000049.jpg,https://s3.amazonaws.com/cdn-origin-etr.akc.org/wp-content/uploads/2017/11/29123752/Drever-History-01.jpg
000050.jpg,https://www.colourbox.com/preview/18126203-drever.jpg
