image,source
000001.jpg,https://www.pets4homes.co.uk/images/articles/4097/large/what-is-a-norwegian-dunker-dog-5915a730b3d26.jpg
000002.jpg,https://nationalpurebreddogday.com/wp-content/uploads/2017/08/622-dunkerstovare.jpg
000003.jpg,https://a-z-animals.com/media/animals/images/470x370/dunker.jpg
000004.jpg,https://brit-petfood.com/file/nodes/product/dunker.JPG
000005.jpg,http://www.worldlifeexpectancy.com/images/a/d/d/b/dunker/dunker_1.jpg
000006.jpg,http://www.sabinemiddelhaufeshundundnatur.net/immagini/hunderassen/dunker/100609%20Gjall_%20effective%20movement.jpg
000007.jpg,https://www.petguide.com/wp-content/uploads/2019/02/dunker.jpg
000008.jpg,http://www.gopetsamerica.com/hounds/norwegian-hound-2.jpg
000009.jpg,https://www.worldlydogs.com/uploads/5/2/2/3/52234445/6139416_orig.png
000010.jpg,https://images.wagwalkingweb.com/media/breed/dunker/hero/Dunker1.jpg
000011.jpg,http://www.sabinemiddelhaufeshundundnatur.net/immagini/hunderassen/dunker/070629%20Klinge%20II_%204%20months.jpg
000012.jpg,https://image.klikk.no/3066180.jpg?imageId=3066180&x=0&y=0&cropw=undefined&croph=undefined&width=1000&height=570
000013.jpg,https://a.espncdn.com/photo/2018/1114/r463809_1296x729_16-9.jpg
000014.jpg,https://c8.alamy.com/comp/PFRDRA/dunker-norwegian-hound-standing-side-view-PFRDRA.jpg
000015.jpg,https://i.ytimg.com/vi/ZsPsKLjw-SI/maxresdefault.jpg
000016.jpg,https://dogwellnet.com/uploads/monthly_2017_08/5990bff3d0e43_Dunker_VibekeBrath.jpg(dog_race_profile).jpg.71b6f27edc37b06d226b032280c34b96.jpg
000017.jpg,https://animalsbreeds.com/wp-content/uploads/2015/11/dunker-2.jpg
000018.jpg,https://media.snl.no/system/images/42300/standard_dunker.jpg
000019.jpg,http://www.dogzone.com/images/breeds/dunker-hound.jpg
000020.jpg,https://i.ytimg.com/vi/rQXIEJ2PcEI/hqdefault.jpg
000021.jpg,https://imagesvc.timeincapp.com/v3/mm/image?url=https%3A%2F%2Fcdn-s3.si.com%2Fs3fs-public%2Fsi%2Fmultimedia%2Fphoto_gallery%2F0802%2Fnba.best.dunks%2Fimages%2Fhoward.jpg&w=1000&q=70
000022.jpg,http://www.dogwallpapers.net/wallpapers/dunker-dog-portrait-photo.jpg
000023.jpg,https://usathoopshype.files.wordpress.com/2017/03/staples-dunk.jpg?w=1000&h=600&crop=1
000024.jpg,https://www.sportsnet.ca/wp-content/uploads/2015/06/kilgamore_jason-1040x572.jpg
000025.jpg,http://www.twisterdisplay.com/cache/web/images/Easy_Dunker_With_Window_standard_6015.jpg
000026.jpg,http://www.fiba.basketball/images.fiba.com/Graphic/E/83/N5ZmvdXP1UudHwRQWyMT9A.jpg?v=20160218172241660
000027.jpg,https://www.nps.gov/anti/learn/historyculture/images/Dunker-Church-Truce.jpg?maxwidth=1200&maxheight=1200&autorotate=false
000028.jpg,http://www.dogwallpapers.net/wallpapers/small-dunker-dog-photo.jpg
000029.jpg,https://i.poki.com/q80,w600,h600,g10629,-1-hyper-dunker.jpg
000030.jpg,https://moneyinc.com/wp-content/uploads/2017/12/Michael-Jordan-750x471.jpg
000031.jpg,https://upload.wikimedia.org/wikipedia/commons/thumb/0/07/US_Navy_031114-N-6436W-003_Commanding_Officer%2C_Naval_Air_Station_Whidbey_Island%2C_Capt._Stephen_Black_will_be_the_last_person_in_Naval_Aviation_history_to_ride_the_famous_Dilbert_Dunker.jpg/220px-thumbnail.jpg
000032.jpg,https://imagesvc.timeincapp.com/v3/fan/image?url=https://soaringdownsouth.com/wp-content/uploads/getty-images/2015/10/919189772.jpeg&c=sc&w=3200&h=2129
000033.jpg,https://i.pinimg.com/236x/2e/58/91/2e58916689e7a0209059c0075e799e01.jpg
000034.jpg,https://usatftw.files.wordpress.com/2019/02/dunks.jpg?w=1000&h=600&crop=1
000035.jpg,https://storage.googleapis.com/afs-prod/media/media:a458ea4233604239bec78ce9fe4c708c/800.jpeg
000036.jpg,https://imagez.tmz.com/image/5f/16by9/2017/10/11/5f135d01c716525dbb73bec7c98e0a90_md.jpg
000037.jpg,https://cdn11.bigcommerce.com/s-bwrpfyfkyi/images/stencil/500x659/products/3074/2331/Basketball_DunkerA__27633.1537816237.jpg?c=2&imbypass=on
000038.jpg,https://www.feathermanequipment.com/wp-content/uploads/2016/02/roto-dunker.jpg
000039.jpg,https://www.inquirer.com/resizer/FjYFvSMk_WZQBYsAheVyLi9qDCc=/1400x932/smart/arc-anglerfish-arc2-prod-pmn.s3.amazonaws.com/public/P5XYPBWL6NBY7LSVAMJLYONEGE.jpg
000040.jpg,https://www.talkbasket.net/wp-content/uploads/2019/02/diallo-696x464.jpg
000041.jpg,https://img.food.com/img/upload/editorial/0-News/aff-art/01-Oprah-2018/13-oreo-dunk-kit.jpeg
000042.jpg,https://www.ukcdogs.com/images/breeds/dunker.jpg
000043.jpg,https://media.istockphoto.com/photos/venice-beach-basketball-dunker-picture-id1024263952
000044.jpg,http://image.cdnllnwnl.xosnetwork.com/pics33/640/XF/XFABMJQZKEVHASD.20170228170204.jpg
000045.jpg,https://i.cdn.turner.com/drp/nba/magic/sites/default/files/dunk10_300_20180201.jpg
000046.jpg,http://d21gd0ap5v1ndt.cloudfront.net/web01/img.php?src=/images/2017-18/Moss_wins_Shoot_and_Slam_3-17-18.jpg&site=lsua&crop
000047.jpg,https://cdnph.upi.com/svc/sv/i/9711494362318/2017/1/14943634992725/Laeticia-Amihere-might-be-the-smoothest-female-dunker-ever.jpg
000048.jpg,https://www.twisterdisplay.com/cache/web/images/SpaceSaver_Dunker_standard_8348.jpeg
000049.jpg,http://www.civilwarmed.org/wp-content/uploads/2018/08/dunker-church-social.jpg
000050.jpg,https://assets.rappler.com/8695138737D34DB3A3ABE6DCD2E1B5B3/img/AE998387875E45F489DBD34CCAAE2090/david-carlos-april-19-2019_AE998387875E45F489DBD34CCAAE2090.jpg
