image,source
000001.jpg,https://upload.wikimedia.org/wikipedia/commons/7/70/Hollandse_Smoushond_Amsterdam_cropped.jpg
000002.jpg,https://i.pinimg.com/originals/5c/9e/f2/5c9ef29be98414634d60a03bd52daa81.jpg
000003.jpg,http://www.dogzone.com/images/breeds/dutch-smoushond.jpg
000004.jpg,http://www.easypetmd.com/sites/default/files/Dutch_Smoushond.jpg
000005.jpg,https://www.101dogbreeds.com/wp-content/uploads/2018/03/Dutch-Smoushond-Photos.jpg
000006.jpg,https://www.dogbreedinfo.com/images14/HollandseSmoushonduntitledFlocke.jpg
000007.jpg,https://www.dogbreedslist.info/uploads/allimg/dog-pictures/Dutch-Smoushond-2.jpg
000008.jpg,https://www.101dogbreeds.com/wp-content/uploads/2018/03/Dutch-Smoushond-Pictures.jpg
000009.jpg,https://www.dogbreedplus.com/dog_breeds/images/dutch_smoushond_dog_3.jpg
000010.jpg,https://www.dogbreedinfo.com/images6/Dutch_Smoushondfloppy12a.jpg
000011.jpg,https://www.dogbreedslist.info/uploads/allimg/dog-pictures/Dutch-Smoushond-3.jpg
000012.jpg,https://www.smalldogplace.com/images/Dutch-Smoushond.jpg
000013.jpg,https://www.101dogbreeds.com/wp-content/uploads/2018/03/Dutch-Smoushond.jpg
000014.jpg,https://www.petpaw.com.au/wp-content/uploads/2014/11/Dutch-Smoushond-walking-downhill.jpg
000015.jpg,https://dogsbreedusa.online/wp-content/uploads/2018/11/Dutch-Smoushond-Images.jpg
000016.jpg,https://images.wagwalkingweb.com/media/breed/dutch-smoushond/hero/Dutch-Smoushond.jpg
000017.jpg,http://www.gopetsamerica.com/dog_breeds/smoushond.jpg
000018.jpg,http://www.worldlifeexpectancy.com/images/a/d/d/b/dutch_smoushond/dutch_smoushond_1.jpg
000019.jpg,https://c8.alamy.com/comp/PFPW0F/dutch-smoushond-dog-sitting-PFPW0F.jpg
000020.jpg,https://nationalpurebreddogday.com/wp-content/uploads/2017/10/smousje_2.jpg
000021.jpg,https://animalsadda.com/wp-content/uploads/2018/05/Dutch-Smoushond.jpg
000022.jpg,https://c8.alamy.com/comp/PFGFBP/dutch-smoushond-showing-typically-shaggy-coat-PFGFBP.jpg
000023.jpg,https://precisionk9work.com/wp-content/uploads/2017/10/Dutch-Smoushond.jpg
000024.jpg,http://www.dogwallpapers.net/wallpapers/six-dutch-smoushond-dogs-photo.jpg
000025.jpg,https://i.pinimg.com/originals/7b/06/81/7b0681ad2099e19680736b80d9c962d3.jpg
000026.jpg,https://www.worldlifeexpectancy.com/images/a/d/d/b/glen_of_imaal_terrier/glen_of_imaal_terrier_1.jpg
000027.jpg,https://2puppies.com/api/media/cache/breed_photo/Dutch-Smoushond/Dutch-Smoushond-3.jpg
000028.jpg,https://2puppies.com/api/media/cache/breed_photo/Dutch-Smoushond/Dutch-Smoushond-1.jpg
000029.jpg,http://4.bp.blogspot.com/-SLFsrWaycIw/UJ0T93v1-4I/AAAAAAAAEZw/0pGhrHkFxEE/s1600/dutch_smoushond_02.jpg
000030.jpg,https://previews.123rf.com/images/dneprstock/dneprstock1805/dneprstock180500055/102492807-dutch-smoushond-dutch-ratter-hollandse-smoushond-dog-digital-art-illustration-isolated-on-white-back.jpg
000031.jpg,https://c8.alamy.com/comp/T4XKFC/dog-stands-on-grass-T4XKFC.jpg
000032.jpg,http://www.dogbreedstandards.com/wp-content/uploads/2013/04/Dutch-Smoushond.jpg
000033.jpg,https://i.pinimg.com/originals/b1/d9/35/b1d935f815c1e6ea0db84178ce26ae04.jpg
000034.jpg,https://www.101dogbreeds.com/wp-content/uploads/2018/03/Pictures-of-Dutch-Smoushond.jpg
000035.jpg,https://www.dogbreedinfo.com/images3/DutchSmoushondXnu2010.jpg
000036.jpg,https://banner2.kisspng.com/20180622/biu/kisspng-dog-breed-irish-terrier-dutch-smoushond-companion-5b2d7411d227d2.5830434215297054898608.jpg
000037.jpg,https://animalsbreeds.com/wp-content/uploads/2014/09/Dutch-Smoushond-9.jpg
000038.jpg,http://www.zooclub.biz/img/katalog/17/77/124_28.jpg
000039.jpg,https://www.doglib.com/wp-content/uploads/sites/2/du/dutch-dutch-smoushond-gallery-dutch-smoushond-puppies-for-sale-dutch-breed.jpg
000040.jpg,https://www.ukcdogs.com/images/breeds/dutch-smouhond.jpg
000041.jpg,http://www.dutch-stafford.com/Site_H/Hollandse%20Smoushond/21.jpg
000042.jpg,https://images-na.ssl-images-amazon.com/images/I/51TfNYyFkeL.jpg
000043.jpg,https://www.muraldecal.com/en/img/cd159-jpg/folder/products-listado-merchant/stickers-dutch-smoushond.jpg
000044.jpg,https://thumbs.dreamstime.com/z/dog-forrest-dutch-smoushond-108098308.jpg
000045.jpg,http://www.dogwallpapers.net/wallpapers/bonney-dutch-smoushond-dog-photo.jpg
000046.jpg,https://cdn.tzy.li/tzy/previews/images/001/608/684/717/original/dutch-smoushond-dog-owners-shirt.jpg?1551758145
000047.jpg,https://alldogsworld.com/wp-content/uploads/2014/08/Dutch-Smoushond-600x330.jpg
000048.jpg,https://animalsbreeds.com/wp-content/uploads/2014/09/Dutch-Smoushond-3.jpg
000049.jpg,https://banner2.kisspng.com/20180524/xqf/kisspng-irish-terrier-lakeland-terrier-dutch-smoushond-nor-sherlock-dog-5b07177f50d117.464341631527191423331.jpg
000050.jpg,https://images-na.ssl-images-amazon.com/images/I/51Lupr6dgVL.jpg
