image,source
000001.jpg,https://upload.wikimedia.org/wikipedia/commons/2/2f/East_Siberian_Laika.jpg
000002.jpg,https://primitivedogs.com/wp-content/uploads/2016/07/East-Siberian-Laika-featured-800x323.jpg
000003.jpg,http://primitivedogs.com/wp-content/uploads/2016/11/East-Siberian-Laika-posing.jpg
000004.jpg,https://www.petguide.com/wp-content/uploads/2016/08/east-siberian-laika.jpg
000005.jpg,https://www.petguide.com/wp-content/uploads/2016/08/east-siberian-laika-2.jpg
000006.jpg,https://wds2018.com/wp-content/uploads/2017/05/Oostsiberische-Laika-2.jpg
000007.jpg,https://www.101dogbreeds.com/wp-content/uploads/2017/07/East-Siberian-Laika.jpg
000008.jpg,https://www.101dogbreeds.com/wp-content/uploads/2017/07/East-Siberian-Laika-White.jpg
000009.jpg,http://www.easypetmd.com/sites/default/files/East%20Siberian%20Laika%20(4)_0.jpg
000010.jpg,https://i.pinimg.com/originals/da/14/7c/da147cc534cd4fd79f7fe780582736b0.jpg
000011.jpg,https://www.dogbreedplus.com/dog_breeds/images/east-siberian-laika-dog.jpg
000012.jpg,https://www.101dogbreeds.com/wp-content/uploads/2017/07/East-Siberian-Laika-Pictures.jpg
000013.jpg,https://i.ytimg.com/vi/AoIn6KIjFSE/hqdefault.jpg
000014.jpg,http://www.easypetmd.com/sites/default/files/East%20Siberian%20Laika%20(5)_0.jpg
000015.jpg,https://www.worldlifeexpectancy.com/images/a/d/d/b/east_siberian_laika/east_siberian_laika_1.jpg
000016.jpg,https://www.dogbreedslist.info/uploads/allimg/dog-pictures/East-Siberian-Laika-3.jpg
000017.jpg,https://www.101dogbreeds.com/wp-content/uploads/2017/07/East-Siberian-Laika-Photos.jpg
000018.jpg,https://www.dogbreedinfo.com/images14/EastSiberianLaikasTahvo2.JPG
000019.jpg,https://images.wagwalkingweb.com/media/breed/east-siberian-laika/hero/East-Siberian-Laika.jpg
000020.jpg,http://www.laikabreeds.com/esl2.jpg
000021.jpg,http://www.dogwallpapers.net/wallpapers/east-siberian-laika-dog-on-the-snow-photo.jpeg
000022.jpg,http://www.laikabreeds.com/ESLmale-mosc.jpg
000023.jpg,https://www.dogbreedinfo.com/images14/EastSiberianlaikavella2.JPG
000024.jpg,https://www.worldlifeexpectancy.com/images/a/d/d/b/west_siberian_laika/west_siberian_laika_1.jpg
000025.jpg,https://2puppies.com/api/media/cache/breed_photo/East-Siberian-La%C3%AFka/East-Siberian-La%C3%AFka-3.jpg
000026.jpg,http://www.dogzone.com/images/breeds/east-siberian-laika.jpg
000027.jpg,https://i0.wp.com/www.mascotarios.org/wp-content/uploads/2011/05/laicasiberiaori.jpg
000028.jpg,https://animalsbreeds.com/wp-content/uploads/2015/01/East-Siberian-Laika-6.jpg
000029.jpg,https://previews.123rf.com/images/max5128/max51281708/max5128170801322/84884248-east-siberian-laika-related-breed-husky-weasel-disappeared-in-brushwood-.jpg
000030.jpg,http://primitivedogs.com/wp-content/uploads/2016/07/East-Siberian-Laika-in-action-e1468666909132.jpeg
000031.jpg,https://www.petguide.com/wp-content/uploads/2016/08/east-siberian-laika-1.jpg
000032.jpg,https://banner2.kisspng.com/20180615/qzf/kisspng-dog-breed-akita-east-siberian-laika-siberian-husky-guard-dog-5b239c18a862a3.1925173515290603766897.jpg
000033.jpg,https://st3.depositphotos.com/1000590/16920/i/1600/depositphotos_169202102-stock-photo-east-siberian-laika.jpg
000034.jpg,https://i.pinimg.com/originals/f9/9b/ba/f99bba1fd3c872646869997b285177e1.jpg
000035.jpg,https://thumbs.dreamstime.com/z/hunting-scene-dogs-east-siberian-laika-related-breed-husky-weasel-disappeared-brushwood-dog-stomps-his-feet-barks-102539597.jpg
000036.jpg,https://www.russiandog.net/wp-content/uploads/2016/01/laika-dogs-run.jpg
000037.jpg,https://i.pinimg.com/originals/6d/2e/11/6d2e11b0d8c3218c1948df7f5c238ac1.jpg
000038.jpg,https://cdn.imgbin.com/20/14/16/imgbin-saarloos-wolfdog-tamaskan-dog-east-siberian-laika-canadian-eskimo-dog-west-siberian-laika-grey-wolf-4uVUnQ2fh118qWGdp7FCy1vyC.jpg
000039.jpg,http://www.furrycritter.com/fcn/assets/img/dogs/East_Siberian_Laika.jpg
000040.jpg,https://www.dogbreedinfo.com/images14/EastSiberianLaikasRetu2.JPG
000041.jpg,http://4.bp.blogspot.com/-2Fec0hWuATA/UJ0kDKjwi3I/AAAAAAAAEeA/Vfy56kd7BBA/s1600/east_siberian_laika_0033.jpg
000042.jpg,https://animalsbreeds.com/wp-content/uploads/2015/01/East-Siberian-Laika-7.jpg
000043.jpg,http://www.dogwallpapers.net/wallpapers/east-siberian-laika-dog-side-view-photo.jpg
000044.jpg,https://st3.depositphotos.com/1000590/16920/i/1600/depositphotos_169201864-stock-photo-east-siberian-laika.jpg
000045.jpg,http://pets-place.net/Breeds/E/EastSiberianLaikaImage1.jpg
000046.jpg,https://get.pxhere.com/photo/snow-winter-dog-mammal-husky-vertebrate-dog-breed-sled-dog-siberian-husky-alaskan-malamute-dog-like-mammal-saarloos-wolfdog-wolfdog-czechoslovakian-wolfdog-dog-breed-group-greenland-dog-east-siberian-laika-west-siberian-laika-j-mthund-dog-crossbreeds-tamaskan-dog-northern-inuit-dog-native-american-indian-dog-miniature-siberian-husky-alaskan-klee-kai-snow-husky-844837.jpg
000047.jpg,https://previews.123rf.com/images/anonymousrose/anonymousrose1811/anonymousrose181100002/111439307-east-siberian-laika-on-a-walk.jpg
000048.jpg,https://www.dogbreedinfo.com/images14/EastSiberianLaikasRetutahvo2.JPG
000049.jpg,https://c8.alamy.com/comp/PFRWGE/east-siberian-laika-dog-side-view-PFRWGE.jpg
000050.jpg,https://u.jimdo.com/www65/o/s795da0780ae68b4c/img/i65661efe88f4456d/1392490154/std/image.jpg
