image,source
000001.jpg,https://d17fnq9dkz9hgj.cloudfront.net/breed-uploads/2018/08/english-foxhound-detail.jpg?bust=1535565660&width=355
000002.jpg,https://d17fnq9dkz9hgj.cloudfront.net/breed-uploads/2018/08/english-foxhound-card-small.jpg?bust=1535568820
000003.jpg,https://vetstreet.brightspotcdn.com/dims4/default/f34e724/2147483647/crop/646x381%2B0%2B28/resize/645x380/quality/90/?url=https%3A%2F%2Fvetstreet-brightspot.s3.amazonaws.com%2F0f%2F38%2F55ad95bb4dbcb5615b0aed3a4438%2Fenglish-foxhound-ap-1eaea4.jpg
000004.jpg,https://cdn3-www.dogtime.com/assets/uploads/2011/01/file_23022_english-foxhound-460x290.jpg
000005.jpg,https://images.wagwalkingweb.com/media/breed/english-foxhound/hero/english-foxhound.jpg
000006.jpg,https://s3.amazonaws.com/cdn-origin-etr.akc.org/wp-content/uploads/2017/11/12233653/English-Foxhound-On-White-01.jpg
000007.jpg,https://www.purina.com/sites/g/files/auxxlc196/files/styles/kraken_generic_max_width_240/public/HOUND_English-Foxhound.jpg?itok=MvS8RzBe
000008.jpg,https://images.wagwalkingweb.com/media/breed/english-foxhound/appearance/english-foxhound.png
000009.jpg,https://vetstreet-brightspot.s3.amazonaws.com/ad/d08710a73311e0a0d50050568d634f/file/English-Fox-Hound-1-645mk062311.jpg
000010.jpg,https://s3.amazonaws.com/cdn-origin-etr.akc.org/wp-content/uploads/2017/11/25162528/English-Foxhound-MP.jpg
000011.jpg,https://s3.amazonaws.com/cdn-origin-etr.akc.org/wp-content/uploads/2017/11/13001630/American-Foxhound-On-White-03.jpg
000012.jpg,http://static.ddmcdn.com/en-us/apl/breedselector/images/breed-selector/dogs/breeds/english-foxhound_05_lg.jpg
000013.jpg,https://thehappypuppysite.com/wp-content/uploads/2019/01/English-Foxhound-long.jpg
000014.jpg,https://www.dogbreedslist.info/uploads/allimg/dog-pictures/American-Foxhound-2.jpg
000015.jpg,https://cf.ydcdn.net/latest/images/main/A5foxhound.jpg
000016.jpg,http://www.dogspotters.com/dog-breed-photos/englfoxh.jpg
000017.jpg,https://www.selectadogbreed.com/media/1690/foxhound_adult.jpg
000018.jpg,http://www.pethealthnetwork.com/sites/default/files/styles/large/public/the-english-foxhound178090443.jpg?itok=svCcvGol
000019.jpg,https://i.pinimg.com/236x/15/d8/51/15d851f312814750dabba0c5914e5622--beagle-pups-beagles.jpg
000020.jpg,https://cdn1-www.dogtime.com/assets/uploads/gallery/english-foxhound-dog-breed-pictures/7-faces.jpg
000021.jpg,http://static.ddmcdn.com/en-us/apl/breedselector/images/breed-selector/dogs/breeds/english-foxhound_01_lg.jpg
000022.jpg,https://images.ctfassets.net/w00x6p5qkejz/3bnFFatRZe0WUIuCqQu4CI/e36c33d0b895393c5df7e7db371e2831/American_Foxhound1.png
000023.jpg,https://www.puppyfind.com/breed/american_foxhound/m_12795.jpg
000024.jpg,https://dogsaholic.com/wp-content/uploads/2016/10/English-foxhound.jpg
000025.jpg,https://breedguide.trupanion.com/images/breed/dog/English-Foxhound.jpg
000026.jpg,https://www.pets4homes.co.uk/images/breeds/209/large/2e4bbc32642cf4152a82c120748001f8.jpg
000027.jpg,https://s3.amazonaws.com/cdn-origin-etr.akc.org/wp-content/uploads/2017/11/05140418/American-Foxhound.jpg
000028.jpg,https://www.dogbreedinfo.com/images/EnglishFoxhoundJessout.jpg
000029.jpg,https://www.k9rl.com/wp-content/uploads/2015/12/English-Foxhound.jpg
000030.jpg,https://www.petpremium.com/wp-content/uploads/ppbr/breeds/english-foxhound_profile_350x400.jpg
000031.jpg,https://www.dogalize.com/wp-content/uploads/2017/03/Foxhound-inglese.jpg
000032.jpg,https://i.ytimg.com/vi/oDyH_gUMitg/maxresdefault.jpg
000033.jpg,https://www.petguide.com/wp-content/uploads/2014/01/english-foxhound.jpg
000034.jpg,https://images-ra.adoptapet.com/seo/1/h/56_h.png
000035.jpg,https://a-z-animals.com/media/animals/images/470x370/american_foxhound2.jpg
000036.jpg,https://cdn.britannica.com/53/11753-004-176D7726.jpg
000037.jpg,https://usercontent1.hubstatic.com/12916234.png
000038.jpg,http://siggysparadise.com/wp-content/uploads/2018/07/English-Foxhound.jpg
000039.jpg,http://www.ucadogs.com/images/english_foxhound_1.jpg
000040.jpg,https://www.selectadogbreed.com/media/1692/foxhound_puppy.jpg
000041.jpg,https://www.petmd.com/sites/default/files/breedopedia/fox2.jpg
000042.jpg,https://www.dogzone.com/images/breeds/english-foxhound-puppy.jpg
000043.jpg,https://cdn.omlet.co.uk/images/cache/1024/685/Dog-English_Foxhound-A_pack_of_English_Foxhounds,_out_having_some_exercise.jpg
000044.jpg,https://d17fnq9dkz9hgj.cloudfront.net/breed-uploads/2018/08/bloodhound-card-medium.jpg?bust=1535569310&width=560
000045.jpg,https://static1.viovet.co.uk/petphotos/2823_128774a94ad14218feba5a202dae386a.jpg
000046.jpg,https://www.petguide.com/wp-content/uploads/2013/02/american-foxhound.jpg
000047.jpg,https://www.pedigree.com/images/default-source/breed-images/large3922078ea3f66930bcd1ff00004ce6f7.jpg?sfvrsn=6fd46e49_0
000048.jpg,https://images.ctfassets.net/w00x6p5qkejz/pqmz9P06dMgKkcieaUIIu/a226cbcfcfe04db282c187c5a177022c/English_Foxhound2.png
000049.jpg,http://static.ddmcdn.com/en-us/apl/breedselector/images/breed-selector/dogs/breeds/english-foxhound_03_lg.jpg
000050.jpg,https://image.jimcdn.com/app/cms/image/transf/dimension=330x10000:format=jpg/path/s94e13824f247b001/image/ia1e898f0244cd2dd/version/1368048767/image.jpg
