image,source
000001.jpg,https://upload.wikimedia.org/wikipedia/commons/c/cc/Westgort_Anticipation_17_months.JPG
000002.jpg,https://d17fnq9dkz9hgj.cloudfront.net/breed-uploads/2018/08/mastiff-detail.jpg?bust=1535566122&width=355
000003.jpg,https://vetstreet.brightspotcdn.com/dims4/default/94eaf65/2147483647/thumbnail/645x380/quality/90/?url=https%3A%2F%2Fvetstreet-brightspot.s3.amazonaws.com%2F72%2F32%2Ff2a109cc4a59aec759fca90db449%2Fmastiff-ap-1czd1n-645.jpg
000004.jpg,https://vetstreet.brightspotcdn.com/dims4/default/355383e/2147483647/thumbnail/645x380/quality/90/?url=https%3A%2F%2Fvetstreet-brightspot.s3.amazonaws.com%2F0d%2Fe08b40a7df11e0a0d50050568d634f%2Ffile%2FMastiff-5-645mk062111.jpg
000005.jpg,https://www.yourpurebredpuppy.com/dogbreeds/photos-MNOP/mastiffs2.jpg
000006.jpg,https://d17fnq9dkz9hgj.cloudfront.net/breed-uploads/2018/08/mastiff-card-small.jpg?bust=1535568270
000007.jpg,https://s3.amazonaws.com/cdn-origin-etr.akc.org/wp-content/uploads/2017/11/12230915/Mastiff-Care.jpg
000008.jpg,https://s3.amazonaws.com/cdn-origin-etr.akc.org/wp-content/uploads/2017/11/12230849/Mastiff-On-White-03.jpg
000009.jpg,https://cdn1-www.dogtime.com/assets/uploads/2011/01/file_22934_mastiff-460x290.jpg
000010.jpg,http://3.bp.blogspot.com/-nO51inr4iuk/T1cTYMNoK-I/AAAAAAAAAds/kaksB0KcTx4/s320/English+Mastiff+Dog02.jpg
000011.jpg,https://vetstreet-brightspot.s3.amazonaws.com/f1/0ad6d0a10611e087a80050568d634f/file/mastiff-2-645mk062411.jpg
000012.jpg,https://i.pinimg.com/originals/45/ec/c3/45ecc3d5e87fe26cbaf96e7d2506a1d6.jpg
000013.jpg,https://www.dogbreedinfo.com/images20/EnglishMastiffLeo8Weeks14Pounds1.JPG
000014.jpg,https://i.pinimg.com/originals/a0/ae/90/a0ae90374d00903d5b58c1195eef24b3.jpg
000015.jpg,https://i.ytimg.com/vi/MQQkX3pmsQE/hqdefault.jpg
000016.jpg,https://gfp-2a3tnpzj.stackpathdns.com/wp-content/uploads/2016/07/English-Mastiff-e1533690192732.jpg
000017.jpg,https://i.pinimg.com/originals/7e/41/bb/7e41bb3db756dbdbe82fed28e769245c.jpg
000018.jpg,https://epi.azureedge.net/website-images/images/default-album/english-mastiff.png?sfvrsn=9793d37b_2
000019.jpg,https://qph.fs.quoracdn.net/main-qimg-e1cde4520c37c67ed841f93600d6e18e
000020.jpg,https://dogspot.in/userfiles/images/old%20english%20mastiff.jpg
000021.jpg,https://cf.ltkcdn.net/dogs/images/std/65535-250x369-English_Mastiff_pup.jpg
000022.jpg,http://www.oldbulldogs.com/wp-content/uploads/2014/12/tysonnew2.jpg
000023.jpg,http://poochinfo.com/wp-content/uploads/2018/04/Dark-Fawn-brindle-English-Mastiff.jpg
000024.jpg,http://www.dogsindia.com/images/mastiff_english_akershika_litter1_sire_1b_BP_22-5-17.jpg
000025.jpg,http://canislupusbreeds.weebly.com/uploads/2/6/4/4/26444622/4263984.jpg
000026.jpg,https://cdn.akc.org/Marketplace/Breeds/Mastiff_SERP.jpg
000027.jpg,http://www.dogzone.com/images/breeds/english-mastiff.jpg
000028.jpg,http://cdn2.shopify.com/s/files/1/0002/0175/2636/articles/brim1_1024x1024.JPG?v=1548067425
000029.jpg,https://mastiffmaster.com/wp-content/uploads/2017/12/happy-english-mastiff.jpg
000030.jpg,https://www.zooplus.ie/magazine/CACHE_IMAGES/768/content/uploads/2018/12/English-Mastiff-Dog-Breed.jpg
000031.jpg,https://i.redd.it/3tbz796avhq01.jpg
000032.jpg,https://www.gilpa.co.uk/wp-content/uploads/2018/01/english-mastiff-web.jpg
000033.jpg,http://cdn.akc.org/content/article-body-image/panala_kinzie_bom.jpg
000034.jpg,https://www.k9rl.com/wp-content/uploads/2016/01/Old-English-Mastiff.jpg
000035.jpg,https://gfp-2a3tnpzj.stackpathdns.com/wp-content/uploads/2016/07/English-Mastiff-Puppies-For-Sale.jpg
000036.jpg,https://www.petlandrobinson.com/wp-content/uploads/2018/11/2598-0-8a00ec80ff69597f831c4a0136dd5f57.jpg
000037.jpg,http://pixdaus.com/files/items/pics/4/35/567435_b16c0e911ea8bc436a3899160663808d_large.jpg
000038.jpg,https://www.101dogbreeds.com/wp-content/uploads/2018/10/English-Mastiff-Training.jpg
000039.jpg,http://www.northstarlivestock.com/Main/wp-content/uploads/2015/02/grizzly1-2.jpg
000040.jpg,https://tribwpmt.files.wordpress.com/2017/04/mastiff1.jpg?quality=85&strip=all
000041.jpg,https://epi.azureedge.net/website-images/images/default-album/mastiff.jpg?sfvrsn=b688d37b_2
000042.jpg,https://i.ytimg.com/vi/YfzzpJHOCEY/maxresdefault.jpg
000043.jpg,https://poochinfo.com/wp-content/uploads/2018/04/English-Mastiff-Breed-Info.jpg
000044.jpg,https://thehappypuppysite.com/wp-content/uploads/2018/08/mastiff-long-1-1024x555.jpg
000045.jpg,https://images-na.ssl-images-amazon.com/images/I/51ggsBQBhVL._SX425_.jpg
000046.jpg,http://bigdogshugepaws.com/sites/default/files/Neo%20Mastiff%20500.jpg
000047.jpg,https://www.purina.com.au/-/media/Project/Purina/Main/Breeds/Dog/Mobile/Dog_English-Mastiff_Mobile.jpg?h=300&la=en&w=375&hash=4518F4F1B7F9E535A7DC8D080ED9ED02
000048.jpg,https://www.europuppy.com/wp-content/uploads/2018/09/KORN10enm180726_F2_18.jpg
000049.jpg,https://static1.squarespace.com/static/5afdec4dd274cbe010a5c51c/t/5b15be476d2a73b8bd0d5259/1528151652792/Basket+of+Puppies.jpg
000050.jpg,https://vetstreet-brightspot.s3.amazonaws.com/c1/1af540a10611e087a80050568d634f/file/mastiff-1-645mk062411.jpg
