image,source
000001.jpg,https://www.pets4homes.co.uk/images/breeds/207/large/637c3ce42db4ea6c8f327c189ddd1ff1.jpg
000002.jpg,https://upload.wikimedia.org/wikipedia/commons/thumb/f/f5/English_Toy_Terrier_600_01.jpg/220px-English_Toy_Terrier_600_01.jpg
000003.jpg,https://static2.viovet.co.uk/petphotos/36448_2f0b44d0c3d1d47c469f38ac668ccb51.jpg
000004.jpg,https://www.petguide.com/wp-content/uploads/2015/12/english-toy-terrier.jpg
000005.jpg,http://www.english-toy-terrier-club.co.uk/wp-content/uploads/2017/09/Ludo-amend.jpg
000006.jpg,https://i.pinimg.com/originals/31/b8/c9/31b8c97e8e20cb9456c6e7b83af1c09f.jpg
000007.jpg,https://www.purina.com.au/-/media/Project/Purina/Main/Breeds/Dog/Mobile/Dog_English-Toy-Terrier-Black-and-Tan_Mobile.jpg?h=300&la=en&w=375&hash=601059BE60184DC6D7851E4DC0C57AA5
000008.jpg,https://nimages.champdogs.net/breeds/black-and-tan-english-toy-terrier.jpg
000009.jpg,https://images.ctfassets.net/w00x6p5qkejz/1krX994tKCsgyc6YQQSWcy/569e694af1fe5801dc91db6c6103a722/English_Toy_Terrier_300x300-1.jpg
000010.jpg,https://images.ctfassets.net/w00x6p5qkejz/3IxA9mI3igIOAUaskaK2mm/fd6f3f10ff40954d0f2ddddeb729436d/English_Toy_Terrier__Black_and_Tan_1.png
000011.jpg,https://i.pinimg.com/originals/bf/0d/d2/bf0dd2607c3f4048d06db6b7a0792635.jpg
000012.jpg,https://www.worldlifeexpectancy.com/images/a/d/d/b/english_toy_terrier_black_tan/english_toy_terrier_black_tan_1.jpg
000013.jpg,http://pets-place.net/Breeds/E/EnglishToyTerrierImage1.jpg
000014.jpg,http://azure.wgp-cdn.co.uk/app-yourdog/posts/ETT-1.jpg?&width=1200&height=630&mode=crop
000015.jpg,https://c8.alamy.com/comp/PFPYWT/a-black-and-tan-english-toy-terrier-side-view-PFPYWT.jpg
000016.jpg,https://i.pinimg.com/originals/8f/e3/c7/8fe3c735b11a44e8c1414a0dc4330b1e.jpg
000017.jpg,http://www.orlock.co.uk/wp-content/uploads/English-Toy-Terrier.jpg
000018.jpg,https://c8.alamy.com/comp/XBWKX8/domestic-dog-english-toy-terrier-adult-laying-XBWKX8.jpg
000019.jpg,https://images-eu.ssl-images-amazon.com/images/I/41Jf3hhYO9L.jpg
000020.jpg,http://www.dogwallpapers.net/wallpapers/english-toy-terrier-black-tan-on-the-road-photo.jpg
000021.jpg,https://static1.viovet.co.uk/petphotos/55896_28e1fce94bf4dd9ff0af081b6784dc97.jpg
000022.jpg,http://www.dogwallpapers.net/wallpapers/cute-english-toy-terrier-black-tan-dog-photo.jpeg
000023.jpg,https://images.ctfassets.net/w00x6p5qkejz/5rP4WcoRaMq6ioGoaYC0I4/9aa5994e0a6e9a79dbabe92eb88cd699/English_Toy_Terrier__Black___Tan__B_W_Small_File.png
000024.jpg,https://media.gettyimages.com/photos/english-toy-terrier-black-and-tan-sitting-side-view-picture-id104573125
000025.jpg,https://www.english-toy-terrier-club.co.uk/wp-content/uploads/2019/06/header-english-toy-terrier-beach5.jpg
000026.jpg,https://c8.alamy.com/comp/PFP25E/english-toy-terrier-black-and-tan-sitting-front-view-PFP25E.jpg
000027.jpg,https://cdn.imgbin.com/6/21/20/imgbin-dobermann-manchester-terrier-english-toy-terrier-miniature-pinscher-german-pinscher-puppies-CMqZtxLnX25mf0DnvQWSQYGJB.jpg
000028.jpg,https://i.pinimg.com/originals/33/e0/41/33e041e004db17eba94ba18f1bb9da6e.jpg
000029.jpg,http://www.dogwallpapers.net/wallpapers/english-toy-terrier-black-tan-near-the-bushes-photo.jpg
000030.jpg,https://www.dogsnsw.org.au/media/img/BrowseAllBreed/English-Toy-Terrier-Black-Tan.jpg
000031.jpg,http://www.dogwallpapers.net/wallpapers/english-toy-terrier-black-tan-on-couch-photo.jpeg
000032.jpg,https://c8.alamy.com/comp/KKM07R/terrier-english-toy-english-toy-terrier-black-and-tan-toy-terrier-KKM07R.jpg
000033.jpg,https://i.pinimg.com/originals/96/1d/a7/961da71f3a7bc718c8083980e2053afa.jpg
000034.jpg,https://banner2.kisspng.com/20180327/xvw/kisspng-english-toy-terrier-manchester-terrier-dogs-5aba1a34b2c869.8311298115221458447323.jpg
000035.jpg,http://www.zooclub.biz/img/katalog/17/77/196_28.jpg
000036.jpg,https://c8.alamy.com/comp/KKM07M/terrier-english-toy-english-toy-terrier-black-and-tan-toy-terrier-KKM07M.jpg
000037.jpg,https://static2.viovet.co.uk/petphotos/36452_6c57b4ac593f0054ebff85947206415f.jpg
000038.jpg,https://nannypet.info/wp-content/uploads/2019/02/difference-between-manchester-terrier-and-miniature-pinscher-fresh-manchester-terrier-english-toy-terrier-black-and-tan-terrier-of-difference-between-manchester-terrier-and-miniature-pinsche-600x320.jpg
000039.jpg,http://lasagesse-ett.co.uk/wp-content/uploads/2018/11/english-toy-terrier-breed-standard-022-copy.jpg
000040.jpg,https://i.pinimg.com/originals/ac/2b/a3/ac2ba3865f3934acbcb1be7a07d4475d.jpg
000041.jpg,https://c8.alamy.com/comp/PFN6AA/english-toy-terrier-black-and-tan-lying-down-side-view-PFN6AA.jpg
000042.jpg,http://cdn.simplesite.com/i/6e/8f/284571209762377582/i284571214491655400._szw480h1280_.jpg
000043.jpg,http://4.bp.blogspot.com/_LYxGQn08RU4/SETd-dRQH5I/AAAAAAAAAiE/zkmACxZ7Yw4/s320/ENGLISH+TOY+TERRIER+(BLACK+and+TAN).bmp
000044.jpg,https://static1.viovet.co.uk/petphotos/69806_9b5ff759df6bc4cd41da61d8f89b7be5.jpg
000045.jpg,https://www.worldlifeexpectancy.com/images/a/d/d/b/toy_manchester_terrier/toy_manchester_terrier_1.jpg
000046.jpg,https://as1.ftcdn.net/jpg/02/08/44/20/500_F_208442001_8V1fGbHHF8HmDS9l6dnbzTk2MmIBBJoA.jpg
000047.jpg,http://www.fci.be/Nomenclature/Illustrations/013g03.jpg
000048.jpg,https://i.ebayimg.com/images/g/De0AAOxyyjpRyVhu/s-l300.jpg
000049.jpg,https://images.prod.meredith.com/product/3a1bb78bd8691695746de51c96ddd2da/1501701751358/l/english-toy-terrier-black-and-tan-dog-all-purpose-16oz-libbey-can-glass
000050.jpg,http://www.dogwallpapers.net/wallpapers/two-lovely-english-toy-terrier-black-tan-dogs-photo.jpg
