image,source
000001.jpg,http://www.dogzone.com/images/breeds/estonian-hound.jpg
000002.jpg,https://upload.wikimedia.org/wikipedia/commons/c/c3/Go%C5%84czy_esto%C5%84ski_MB_01.jpg
000003.jpg,https://www.dogbreedplus.com/dog_breeds/images/estonian-hound-picture.jpg
000004.jpg,https://www.dogbreedinfo.com/images12/Estonian%20houndOscar%206%20months.JPG
000005.jpg,https://www.dogzone.com/images/breeds/estonian-hound-800.jpg
000006.jpg,https://images.wagwalkingweb.com/media/breed/estonian-hound/hero/Estonian-Hound.jpg
000007.jpg,https://www.dogzone.com/images/breeds/estonian-hound-puppy.jpg
000008.jpg,http://www.easypetmd.com/sites/default/files/Estonian%20Hound.jpg
000009.jpg,https://www.dogbreedinfo.com/images11/Estonian%20Hound%20Nike%20kodus%2007%2011%2004.JPG
000010.jpg,https://upload.wikimedia.org/wikipedia/commons/a/a9/Estonian_Hound_1.JPG
000011.jpg,https://images-na.ssl-images-amazon.com/images/I/51Hi-w576tL._SX466_.jpg
000012.jpg,https://i.ytimg.com/vi/v1YWjT3xJyc/maxresdefault.jpg
000013.jpg,https://i.pinimg.com/originals/7d/9b/bf/7d9bbffeb187469b8c19d16ec2b39322.jpg
000014.jpg,https://i.pinimg.com/originals/dd/08/e9/dd08e9cfa0d62b59cec7fb8514a512db.jpg
000015.jpg,https://thumbs.dreamstime.com/z/dog-harrier-dog-breed-estonian-hound-112571126.jpg
000016.jpg,https://alchetron.com/cdn/estonian-hound-998aebd3-cf79-4263-9a00-e1d8102acfc-resize-750.jpeg
000017.jpg,https://previews.123rf.com/images/mvolodymyr/mvolodymyr1808/mvolodymyr180800019/105784319-three-puppies-of-the-breed-are-estonian-hound-in-a-cardboard-box-put-up-for-sale.jpg
000018.jpg,https://www.petpaw.com.au/wp-content/uploads/2015/01/Estonian-Hound-Dog-Posing-by-the-Beach.jpg
000019.jpg,http://farm4.static.flickr.com/3042/2499428704_4f6014a8f9.jpg?v=0
000020.jpg,http://dogzonenyc.com/wp-content/uploads/Estonian-Hound-Dogs2.jpg
000021.jpg,http://www.palmse.ee/sites/default/files/styles/gallery_thumb/public/gallery/13d2333.jpg?itok=TXtebODp
000022.jpg,https://dogphotoblog.files.wordpress.com/2011/01/estonian-hound.jpg
000023.jpg,https://www.europetnet.com/images/dogbreeds/estonianhound.jpg
000024.jpg,https://upload.wikimedia.org/wikipedia/commons/d/de/Estonian_Hound_2.JPG
000025.jpg,http://allourpaws.com/wp-content/uploads/2016/07/estonian-hound-head.jpg
000026.jpg,https://www.dogbreedinfo.com/images12/Estonian%20houndOscar%202%20months.JPG
000027.jpg,https://st3.depositphotos.com/1324210/18892/i/1600/depositphotos_188921204-stock-photo-portrait-estonian-hound-snow-background.jpg
000028.jpg,http://www.palmse.ee/sites/default/files/gallery/13d2333.jpg
000029.jpg,http://www.dogwallpapers.net/wallpapers/cute-estonian-hound-photo.jpg
000030.jpg,https://previews.123rf.com/images/dashamuller/dashamuller1604/dashamuller160400503/55873893-young-hipster-girl-with-her-pet-estonian-hound-dog-playing-and-having-fun-outdoor-in-the-park-.jpg
000031.jpg,https://comps.canstockphoto.com/coursing-dogs-estonian-hound-finish-pictures_csp54882882.jpg
000032.jpg,https://media.istockphoto.com/photos/young-hipster-girl-with-her-pet-estonian-hound-dog-playing-and-having-picture-id1090888070
000033.jpg,https://i.pinimg.com/originals/a0/33/a8/a033a8ba18661e079b73a6568caa02f6.jpg
000034.jpg,https://dogbreedcartoon.com/wp-content/uploads/2017/01/Estonian-Hound-1024.jpg
000035.jpg,https://cdn1.vectorstock.com/i/1000x1000/79/50/estonian-hound-cartoon-dog-vector-20157950.jpg
000036.jpg,http://balticzoo.lv/uploads/Estonian_Hound_by_%D0%A2%D0%BE%D0%BC%D0%B0%D1%81%D0%B8%D0%BD%D0%B0.JPG
000037.jpg,https://c8.alamy.com/comp/FR7R4Y/newborn-baby-and-estonian-hound-lying-on-sofa-FR7R4Y.jpg
000038.jpg,https://t4.ftcdn.net/jpg/02/48/04/65/500_F_248046513_yfLxtRN1lmxvy9XHiKI0dPQS8a1tuYoi.jpg
000039.jpg,https://as2.ftcdn.net/jpg/01/36/60/21/500_F_136602171_wPGoIEwCyvX55nb0Vr727d5MlDxTJwT6.jpg
000040.jpg,https://c8.alamy.com/comp/JDE5M3/young-hipster-girl-with-her-pet-estonian-hound-dog-playing-and-having-JDE5M3.jpg
000041.jpg,https://live.staticflickr.com/3133/2829511003_d87d6178a1_z.jpg
000042.jpg,https://www.petpremium.com/wp-content/uploads/ppbr/breeds/estonian-hound_profile_350x400.jpg
000043.jpg,https://img3.akspic.com/image/82187-dog-english_foxhound-pet-dog_breed-estonian_hound-1920x1272.jpg
000044.jpg,https://get.wallhere.com/photo/eyes-dog-waiting-ears-Harrier-puppy-mammal-vertebrate-dog-like-mammal-dog-breed-hound-beagle-muzzle-basset-art-sien-normand-scent-hound-basset-hound-estonian-hound-american-foxhound-english-foxhound-finnish-hound-treeing-walker-coonhound-hamiltonst-vare-coonhound-719887.jpg
000045.jpg,https://thumbs.dreamstime.com/z/portrait-estonian-hound-puppy-field-78120126.jpg
000046.jpg,https://icon2.kisspng.com/20180705/isy/kisspng-beagle-pet-sitting-jack-russell-terrier-puppy-germ-no-worry-5b3e36e5e338f7.3647838015308039419307.jpg
000047.jpg,https://images-na.ssl-images-amazon.com/images/I/61FyVHIhQdL._SX425_.jpg
000048.jpg,http://dogzonenyc.com/wp-content/uploads/Estonian-Hound-Dogs3.jpg
000049.jpg,https://upload.wikimedia.org/wikipedia/commons/thumb/2/21/Beagle_GRUMPY2.JPG/220px-Beagle_GRUMPY2.JPG
000050.jpg,https://icon2.kisspng.com/20180412/qpq/kisspng-beagle-harrier-beagle-harrier-shiba-inu-puppy-dog-5ad01e64700b65.832031641523588708459.jpg
