image,source
000001.jpg,https://cdn1-www.dogtime.com/assets/uploads/2011/01/file_23258_finnish-lapphund-460x290.jpg
000002.jpg,https://vetstreet.brightspotcdn.com/dims4/default/5751e41/2147483647/thumbnail/645x380/quality/90/?url=https%3A%2F%2Fvetstreet-brightspot.s3.amazonaws.com%2Faa%2F6f35c0a80611e0a0d50050568d634f%2Ffile%2FFinnish-Lapphund-3-645mk070411.jpg
000003.jpg,https://4.bp.blogspot.com/-M3ZcTHGeINE/VzBUA5EDJJI/AAAAAAAAEuw/AsmgRxqxSQoRQT6AHV0f5fwHmBpKGbYiQCLcB/s1600/Finnish-Lapphund-Dog-Pair.jpg
000004.jpg,https://s3.amazonaws.com/cdn-origin-etr.akc.org/wp-content/uploads/2017/11/12233323/Finnish-Lapphund-On-White-01.jpg
000005.jpg,https://s3.amazonaws.com/cdn-origin-etr.akc.org/wp-content/uploads/2017/11/12233325/Finnish-Lapphund-MP-e1522428751905.jpg
000006.jpg,http://cdn.akc.org/content/hero/Finnish_Lapphund_Hero.jpg?cachebuster:49
000007.jpg,https://www.dogalize.com/wp-content/uploads/2017/04/Finnish-Lapphund.jpg
000008.jpg,https://upload.wikimedia.org/wikipedia/commons/a/a6/Finnish_Lapphund_Glenchess_Revontuli.jpg
000009.jpg,https://www.purina.com.au/-/media/Project/Purina/Main/Breeds/Dog/Mobile/Dog_Finnish-Lapphund_Mobile.jpg?h=300&la=en&w=375&hash=6454E9045930430FAA30302A71C3A0AB
000010.jpg,https://caleebra.com/pb/content/images/xlarge/70.jpg
000011.jpg,https://vetstreet-brightspot.s3.amazonaws.com/b9/45/22af847d411386126d32f6baee92/finnish-lapphund-ap-1o7o8q-645-x-380.jpg
000012.jpg,http://cdn.akc.org/content/article-body-image/FL_in_Snow.jpg
000013.jpg,https://www.dogzone.com/images/breeds/finnish-lapphund.jpg
000014.jpg,https://d17fnq9dkz9hgj.cloudfront.net/breed-uploads/2018/08/finnish-lapphund-detail.jpg?bust=1535565743&width=355
000015.jpg,https://www.pets4homes.co.uk/images/articles/3044/large/is-a-finnish-lapphund-the-right-dog-for-you-559fa9405466d.jpg
000016.jpg,https://www.101dogbreeds.com/wp-content/uploads/2018/06/Finnish-Lapphund.jpg
000017.jpg,https://nimages.champdogs.net/breeds/finnish-lapphund.jpg
000018.jpg,https://cdn2-www.dogtime.com/assets/uploads/gallery/finnish-lapphund-dog-breed-pictures/facewhite-1.jpg
000019.jpg,https://i1.wp.com/dogloversshow.com.au/brisbane/wp-content/uploads/sites/5/2017/10/Finnish-Lapphund-Club.jpg?fit=420%2C350&ssl=1&w=640
000020.jpg,http://www.dogshub.in/wp-content/uploads/2018/07/Finnish-Lapphund-Dog-india.jpg
000021.jpg,https://i.ytimg.com/vi/BANecUsSFFw/hqdefault.jpg
000022.jpg,http://www.finnishlapphund.ca/sites/default/files/fluffydog.jpg
000023.jpg,https://www.101dogbreeds.com/wp-content/uploads/2018/06/Finnish-Lapphund-Dog.jpg
000024.jpg,https://www.taigakoira.net/uploads/4/3/5/1/4351038/9752138_orig.jpg
000025.jpg,http://rhousewife.com/wp-content/uploads/2018/12/onnie2-576x1024.jpg
000026.jpg,https://doglime.com/wp-content/uploads/2019/03/All-About-Finnish-Lapphund-Dog-Breed.jpg
000027.jpg,https://www.mypetzilla.co.uk/files/5914/7913/8911/Finnish-Lapphund.jpg
000028.jpg,https://www.petful.com/wp-content/uploads/2013/12/finnish-lapphund-beautiful-2-300x300.png
000029.jpg,https://i.ytimg.com/vi/Zh8yYrY5y8s/maxresdefault.jpg
000030.jpg,https://www.k9rl.com/wp-content/uploads/2016/08/Finnish-Lapphund-dogs.jpg
000031.jpg,http://www.pavoskasfinnishlapphunds.co.uk/uploads/1/2/7/2/12723283/5592703_orig.jpg
000032.jpg,https://www.finnishlapphund.org/images/living1.jpg
000033.jpg,https://res.cloudinary.com/fleetnation/image/private/c_fit,w_1120/g_south,l_text:style_gothic2:%C2%A9%20Hakan%20Bergqvist,o_20,y_10/g_center,l_watermark4,o_25,y_50/v1546190648/dtm4iyyxzskrphhr7ids.jpg
000034.jpg,https://www.carealotpets.com/images/breeding/dog-breeds/FinnishLapphund.jpg
000035.jpg,https://images.wagwalkingweb.com/media/breed/finnish-lapphund/appearance/finnish-lapphund.png
000036.jpg,http://www.finnishlapphund.ca/sites/default/files/shakehands.jpg
000037.jpg,https://s3.amazonaws.com/cdn-origin-etr.akc.org/wp-content/uploads/2017/11/12233335/Finnish-Lapphund-Care.jpg
000038.jpg,https://3.bp.blogspot.com/-IcYDj2HbiXQ/VzBTYnvnyjI/AAAAAAAAEuk/ZdRj610VsAYyJ6OLTAy-NbPDEST6uZtewCLcB/s1600/Finnish_Lapphund_Puppy.jpg
000039.jpg,https://doggiedesigner.com/wp-content/uploads/2018/04/28754202_1554384344681294_6067591163387314176_n.jpg
000040.jpg,https://www.dogbreedplus.com/dog_breeds/images/Finnish-Lapphund-003.jpg
000041.jpg,https://www.pets4homes.co.uk/images/articles/2548/large/finnish-lapphund-54c610cfd1e60.jpg
000042.jpg,https://cdn.omlet.co.uk/images/cache/582/768/Dog-Finnish_Lapphund-A_mature_Finnish_Lapphund_with_a_wonderful_thick_coat.jpg
000043.jpg,https://i.pinimg.com/originals/a0/41/44/a04144ca44611921484123838b8733ea.jpg
000044.jpg,https://images.wagwalkingweb.com/media/breed/finnish-lapphund/hero/finnish-lapphund.jpg
000045.jpg,https://images.ctfassets.net/w00x6p5qkejz/3lIAhGldgAwQEQUYCOuyA8/78aec219b558d3c796e1e648a1c3a9d7/Finnish_Lapphund1.png
000046.jpg,https://cdn.shopify.com/s/files/1/2548/4866/articles/basics-of-dog-breed-finnish-lapphund_800x.jpg?v=1543807402
000047.jpg,http://static.naturallyhappydogs.com/img/vid/l/breed-finnish-lapphund.jpg
000048.jpg,https://i.ytimg.com/vi/yUECE9Q3Jpo/maxresdefault.jpg
000049.jpg,http://www.dogexpress.in/wp-content/uploads/2016/04/Finnish-lapphund-4-Copy.jpg
000050.jpg,https://s3.amazonaws.com/cdn-origin-etr.akc.org/wp-content/uploads/2017/11/12233320/Finnish-Lapphund-On-White-02-400x267.jpg
