image,source
000001.jpg,https://upload.wikimedia.org/wikipedia/commons/d/d5/Finnish_Hound.jpg
000002.jpg,https://www.dogbreedslist.info/uploads/allimg/dog-pictures/Finnish-Hound-1.jpg
000003.jpg,https://www.petguide.com/wp-content/uploads/2016/07/finnish-hound-2.jpg
000004.jpg,https://www.petguide.com/wp-content/uploads/2016/07/finnish-hound.jpg
000005.jpg,https://www.dogbreedplus.com/dog_breeds/images/finnish-hound.jpg
000006.jpg,https://dogsaholic.com/wp-content/uploads/2018/04/Finnish-hound-lying-on-stone-680x369.jpg
000007.jpg,https://www.dogbreedslist.info/uploads/allimg/dog-pictures/Finnish-Hound-2.jpg
000008.jpg,https://live.staticflickr.com/2567/3680990115_a2372aa398.jpg
000009.jpg,https://38vtm736ybavjl8ghz51n2ed-wpengine.netdna-ssl.com/wp-content/uploads/2015/05/Finnish-Hound.jpg
000010.jpg,https://images.ctfassets.net/w00x6p5qkejz/2Glb7he1tY8esyukMQycys/4d1416318efd23964792d9039fa6cdc7/Finnish_Hound1.jpg
000011.jpg,https://i.redd.it/w9j2aq4ywhm01.jpg
000012.jpg,https://i.pinimg.com/originals/4c/9a/f3/4c9af35b2d29af2332acb4edd105e976.jpg
000013.jpg,https://images.wagwalkingweb.com/media/breed/finnish-hound/hero/Finnish-Hound.jpg
000014.jpg,https://cdn1-www.dogtime.com/assets/uploads/2011/01/file_23258_finnish-lapphund-460x290.jpg
000015.jpg,http://www.petpaw.com.au/wp-content/uploads/2015/01/Finnish-Hound-Dog1.jpg
000016.jpg,https://wds2018.com/wp-content/uploads/2017/05/Finse_Brak.jpg
000017.jpg,https://www.dogbreedslist.info/uploads/allimg/dog-pictures/Finnish-Hound-3.jpg
000018.jpg,https://www.colourbox.com/preview/18095800-finnish-hound.jpg
000019.jpg,https://www.ukcdogs.com/images/breeds/finnish-hound.jpg
000020.jpg,http://www.ucadogs.com/images/finnish_hound.jpg
000021.jpg,https://www.kennelliitto.fi/sites/default/files/styles/mobile_large_header_640x430/public/images/02helmikuu_IdaPhotography.jpg?h=cf7e3af7&itok=D1M_Uebc
000022.jpg,http://www.sabinemiddelhaufeshundundnatur.net/immagini/hunderassen/finnenbracke/IMG_2281.jpg
000023.jpg,http://3.bp.blogspot.com/_LYxGQn08RU4/SZXb1LUfUCI/AAAAAAAAD_g/w5LGF_4Te0k/s400/Suomenajokoira+FINNISH+HOUND8.jpg
000024.jpg,https://i.pinimg.com/originals/c1/f6/42/c1f642e7603464ef6855ddc82be5db25.jpg
000025.jpg,https://cdn.shopify.com/s/files/1/2548/4866/files/basics-of-dog-breed-finnish-hound_large.jpg?v=1542855259
000026.jpg,https://c8.alamy.com/comp/G66HAK/finnish-hound-G66HAK.jpg
000027.jpg,https://s3.amazonaws.com/cdn-origin-etr.akc.org/wp-content/uploads/2017/11/12233323/Finnish-Lapphund-On-White-01.jpg
000028.jpg,https://dogsaholic.com/wp-content/uploads/2018/04/Finnish-hound-running-on-water-680x334.jpg
000029.jpg,https://www.worldlydogs.com/uploads/5/2/2/3/52234445/3551744_orig.png
000030.jpg,https://i.pinimg.com/originals/01/1a/53/011a534c043aec2bacc62925cff2c690.jpg
000031.jpg,https://images-na.ssl-images-amazon.com/images/I/51xSLWoRT0L._SX466_.jpg
000032.jpg,https://cdn.imgbin.com/11/12/6/imgbin-basset-art-sien-normand-basset-hound-finnish-hound-puppy-dog-breed-puppy-FnpFTkGHKe5zdt2p6NcTPkx7R.jpg
000033.jpg,https://c8.alamy.com/comp/PFKW4K/finnish-hound-head-and-shoulders-of-hunting-dog-PFKW4K.jpg
000034.jpg,https://t3.ftcdn.net/jpg/02/47/05/24/500_F_247052444_mDrg5BDt4Ph12hYVEsoMBLe402CKxRia.jpg
000035.jpg,https://4.bp.blogspot.com/-G1gwPeAEW5Q/VzBCr1in3bI/AAAAAAAAEt4/IKDxTUAMVG8fkCwNcaJzgKLcbInjyi60QCLcB/s1600/Finnish-Lapphund-Colour-variation-FLCNSW.jpg
000036.jpg,https://i.pinimg.com/originals/93/6f/31/936f31f4198f37f8e47aebe5ef6c0404.jpg
000037.jpg,https://cdn.imgbin.com/20/3/5/imgbin-beagle-harrier-finnish-hound-beagle-harrier-hamilton-hound-puppy-d6YwnaeFMePaZVMkatcmAR8fH.jpg
000038.jpg,https://banner2.kisspng.com/20180714/cyg/kisspng-basset-artsien-normand-basset-hound-finnish-houn-hunde-5b49f4fc3eeaa5.5203454615315735002577.jpg
000039.jpg,https://previews.123rf.com/images/blindfire/blindfire1010/blindfire101000024/8035861-a-tired-3-weeks-old-finnish-hound-puppy-lying-on-pillow-looking-at-camera-.jpg
000040.jpg,https://www.petguide.com/wp-content/uploads/2016/07/finnish-hound-1.jpg
000041.jpg,https://s3.amazonaws.com/cdn-origin-etr.akc.org/wp-content/uploads/2017/11/12233325/Finnish-Lapphund-MP-e1522428751905.jpg
000042.jpg,https://dogwellnet.com/uploads/monthly_2016_11/finnish-hound-800x800-fci51.png.1f257adb22e62271c6d0d8971292327e.png
000043.jpg,http://3.bp.blogspot.com/_LYxGQn08RU4/SZXb2lH9YOI/AAAAAAAAD_4/owvG6fQzr_c/s400/Suomenajokoira+FINNISH+HOUND5.JPG
000044.jpg,https://cdn.webshopapp.com/shops/245883/files/169555898/dtr-finnish-hound.jpg
000045.jpg,https://images-wixmp-ed30a86b8c4ca887773594c2.wixmp.com/f/6eabedab-ad42-4ffe-8d4e-3f59c025ff5f/d4j0d7v-d6089ec3-5a93-4c29-9224-91f0f2a31347.jpg?token=eyJ0eXAiOiJKV1QiLCJhbGciOiJIUzI1NiJ9.eyJzdWIiOiJ1cm46YXBwOjdlMGQxODg5ODIyNjQzNzNhNWYwZDQxNWVhMGQyNmUwIiwiaXNzIjoidXJuOmFwcDo3ZTBkMTg4OTgyMjY0MzczYTVmMGQ0MTVlYTBkMjZlMCIsIm9iaiI6W1t7InBhdGgiOiJcL2ZcLzZlYWJlZGFiLWFkNDItNGZmZS04ZDRlLTNmNTljMDI1ZmY1ZlwvZDRqMGQ3di1kNjA4OWVjMy01YTkzLTRjMjktOTIyNC05MWYwZjJhMzEzNDcuanBnIn1dXSwiYXVkIjpbInVybjpzZXJ2aWNlOmZpbGUuZG93bmxvYWQiXX0.vDGLjLLPWgMIPUDP9VD-G4FEpSfNpDmmda0iEsi90cI
000046.jpg,https://i.pinimg.com/originals/fb/50/75/fb50757fdc3dacaf43e429b9cf8bf7d5.jpg
000047.jpg,https://banner2.kisspng.com/20180327/klw/kisspng-beagle-harrier-english-foxhound-finnish-hound-amer-dogs-5aba19b43f5415.2535126315221457162594.jpg
000048.jpg,https://dogsaholic.com/wp-content/uploads/2018/04/Finnish-hound-lying-on-grass-680x458.jpg
000049.jpg,https://dogbreedcartoon.com/wp-content/uploads/2016/12/Finnish-Hound-Special.png
000050.jpg,https://image.shutterstock.com/image-photo/finnish-hound-pregnant-dog-walking-260nw-1232044258.jpg
