image,source
000001.jpg,https://d17fnq9dkz9hgj.cloudfront.net/breed-uploads/2018/08/Flat-coated-retriever-01.jpg?bust=1539030652&width=355
000002.jpg,https://cdn2-www.dogtime.com/assets/uploads/gallery/flat-coated-retriever-dogs-and-puppies/flat-coated-retriever-dogs-puppies-1.jpg
000003.jpg,https://upload.wikimedia.org/wikipedia/commons/a/aa/Flat_Coated_Retriever_-_black.jpg
000004.jpg,https://d17fnq9dkz9hgj.cloudfront.net/breed-uploads/2018/08/flat-coated-retriever-card-small.jpg?bust=1535567488
000005.jpg,https://www.dogzone.com/images/breeds/flat-coated-retriever.jpg
000006.jpg,https://s3.amazonaws.com/cdn-origin-etr.akc.org/wp-content/uploads/2017/11/12233222/Flat-Coated-Retriever-On-White-03.jpg
000007.jpg,https://s3.amazonaws.com/cdn-origin-etr.akc.org/wp-content/uploads/2017/11/12233228/Flat-Coated-Retriever-MP.jpg
000008.jpg,https://www.dogbreedslist.info/uploads/allimg/dog-pictures/Flat-Coated-Retriever-2.jpg
000009.jpg,https://vetstreet-brightspot.s3.amazonaws.com/fe/7fd7f0a74811e0a0d50050568d634f/file/Flat-Coat-Retriever-4-645mk062311.jpg
000010.jpg,https://vetstreet-brightspot.s3.amazonaws.com/8d/b1f990a74811e0a0d50050568d634f/file/Flat-Coat-Retriever-1-645mk062311.jpg
000011.jpg,https://cdn2-www.dogtime.com/assets/uploads/2011/01/file_22974_flat-coated-retriever-460x290.jpg
000012.jpg,https://i.pinimg.com/originals/84/49/f3/8449f3293ddbb4d88a0850a6143d576a.jpg
000013.jpg,https://i.etsystatic.com/5302623/r/il/a1ece9/1177154922/il_794xN.1177154922_884m.jpg
000014.jpg,https://www.dogbreedslist.info/uploads/allimg/dog-pictures/Flat-Coated-Retriever-1.jpg
000015.jpg,https://images-na.ssl-images-amazon.com/images/I/81FgA8uPshL.jpg
000016.jpg,http://gamekprs.com/wp-content/uploads/2018/01/PC_FCRSA2017_0517Cutout10x13FINALWeb.jpg
000017.jpg,https://previews.123rf.com/images/capturelight/capturelight1608/capturelight160800097/61242092-typical-flat-coated-retriever-in-the-spring-garden.jpg
000018.jpg,https://i.pinimg.com/originals/60/ea/15/60ea15eb8529af3cc3f63bdf18d68464.jpg
000019.jpg,https://www.omlet.de/images/originals/flat-coated-retriever-hunde-an-adult-flat-coated-retriever-d6e64e72_0a9495da.jpg
000020.jpg,https://www.dogtemperament.com/wp-content/uploads/2018/09/flat-coated-retrievers-2-min.jpg
000021.jpg,http://www.pethealthnetwork.com/sites/default/files/styles/large/public/the-flat-coated-retriever164156748.jpg?itok=fbn9YeWE
000022.jpg,https://img.dog-learn.com/dog-breeds/flat-coated-retriever/flat-coated-retriever-i1-sz14.jpg
000023.jpg,https://www.petmd.com/sites/default/files/breedopedia/02262.JPG
000024.jpg,https://render.fineartamerica.com/images/rendered/default/poster/8/10/break/images-medium-5/2-black-flat-coated-retriever-with-puppy-dog-photos.jpg
000025.jpg,https://render.fineartamerica.com/images/rendered/default/poster/8/10/break/images-medium-5/liver-flat-coated-retriever-dogs-john-daniels.jpg
000026.jpg,https://www.calendars.com/img/p/orig/202000004314.jpg
000027.jpg,http://knowledgebase.lookseek.com/images/animals/dogs/Flat-Coated-Retriever.jpg
000028.jpg,https://img.pixers.pics/pho_wat(s3:700/FO/38/38/57/47/700_FO38385747_93f3ac012c0be3cfa607d3a296538a57.jpg,700,467,cms:2018/10/5bd1b6b8d04b8_220x50-watermark.png,over,480,417,jpg)/wall-murals-flat-coated-retriever.jpg.jpg
000029.jpg,https://s3-eu-west-1.amazonaws.com/w3.cdn.gpd/gb.pedigree.56/large_f5693a4f-9a88-4d4c-8f53-e31c413c1a74.jpg
000030.jpg,http://www.wine-hill.com/wp-content/uploads/2017/10/Flat-Coated-Retriever-Breeding.jpg
000031.jpg,https://www.pets4homes.co.uk/images/breeds/86/large/c9ceafa98b29f46d3ee5f3d6e6de865c.jpg
000032.jpg,https://images-na.ssl-images-amazon.com/images/I/51LgxLec0GL.jpg
000033.jpg,http://doglover.in/wp-content/uploads/2018/06/flat-coated-retriever-charakter-wesen.jpg
000034.jpg,https://vetstreet-brightspot.s3.amazonaws.com/d5/8f0a00a74811e0a0d50050568d634f/file/Flat-Coat-Retriever-3-645mk062311.jpg
000035.jpg,https://lh3.googleusercontent.com/X-ch04rujhtCrjrH6q7ZCQy7NAyKbamGhp6PlAuhZ1qqZ4pJkkPftHv1wrgpgkZ7T8i783ACyAbz9_nCNN69LXB5Zrnzb4Fb6fp9oiaEoyerOz2eZT6fVs37JXRzXQrvOX_tk4E0qlKNmV9Ln48mkFDldhN8oS7gNgxYlbhUpon7JBnqI3WaeWpFLTVyz9JZQC2bZIwy5pmPLy6bi1btcttE4hkppghVO5WyK5sclZ9fFjJWw2zyJeWiPNoLJgxVWdkd3sSkHzLodimpvJriNqVt0Ma4JNbGRVsIRR6HKPGTsGgomsKFG9WrsmC1DPfkl1TT4YZ-s54qwc7PiIWKHD9dWO-RArQ-ZZef1ie9-1Xa6jJ0rnkxDpIFTri6CDesq9q5PvbKLBOFCoYoqhuRM2Pk-j866Q5E7R2ruM-UJc2LstwPOxkg2n81NBqPMMDechx0pE0Ns7LFg94CkYFUn-RoH2L4PrGXSpOWmqaoaXtxBU7ffkJWCQ8awE0gcD4DkjLjR4bmcdIISOIujLyyKVQUeFzPqRR86z-tjm74z4wqM5hDZGLCamUKnjO6rksYzNCIvweVClKBecHmIyZOok24lJhGqJEIkEH9x_O9WJeOIiYeG2xKNNSk0TwLrzTVq0mTzO_bAn-KE1SrLeuI5zv_oKFkCnPP=s1000-no
000036.jpg,https://cdn.europosters.eu/image/750/calendar/flat-coated-retrievers-i27449.jpg
000037.jpg,https://nimages.champdogs.net/breeds/flat-coated-retriever.jpg
000038.jpg,https://i.pinimg.com/originals/f3/ca/61/f3ca61e2f8b477bb3084814e87c30138.jpg
000039.jpg,https://canadiandogs.com/wp-content/uploads/Retriever-Flat-Coated.jpg
000040.jpg,https://render.fineartamerica.com/images/rendered/default/greeting-card/images-medium-5/black-flat-coated-retriever-puppy-mark-taylor.jpg?&targetx=0&targety=-146&imagewidth=700&imageheight=793&modelwidth=700&modelheight=500&backgroundcolor=171612&orientation=0
000041.jpg,https://www.thelittledog.co.uk/wp-content/uploads/2015/05/SQD54.jpg
000042.jpg,https://dog-supplements.com/wp-content/uploads/2017/09/Flat-Coated-Retriever-F.jpg
000043.jpg,https://i.ytimg.com/vi/rSo2NfZWjiw/maxresdefault.jpg
000044.jpg,https://www.myfamily.it/content/images/thumbs/0026707_flat-coated-retriever-dog-tag.jpeg
000045.jpg,http://www.dogbreedhealth.com/wp-content/uploads/2011/04/Maisie.jpg
000046.jpg,http://www.easypetmd.com/sites/default/files/Flat-Coated%20Retriever.jpg
000047.jpg,https://www.k9rl.com/wp-content/uploads/2016/04/Flat-Coated-Retriever-dog-breed-825x510.jpg
000048.jpg,https://st4.depositphotos.com/15619840/23508/i/1600/depositphotos_235086704-stock-photo-beautiful-brown-flat-coated-retriever.jpg
000049.jpg,https://www.calendarclub.co.uk/resize/main/-/media/productimages/24/10/241031_main.jpg
000050.jpg,https://cdn.shopify.com/s/files/1/0065/4917/6438/products/dog-collection-6-002_1024x1024@2x.jpg?v=1549165259
