image,source
000001.jpg,https://images-na.ssl-images-amazon.com/images/I/6164ose4TgL._SX425_.jpg
000002.jpg,https://cdn3-www.dogtime.com/assets/uploads/gallery/french-bulldog-dog-breed-pictures/1-puppy.jpg
000003.jpg,https://cdn1-www.dogtime.com/assets/uploads/2011/01/file_23150_french-bulldog-460x290.jpg
000004.jpg,https://images-na.ssl-images-amazon.com/images/I/91c08TmQLoL.jpg
000005.jpg,https://d17fnq9dkz9hgj.cloudfront.net/breed-uploads/2018/08/french-bulldog-detail.jpg?bust=1535565800&width=355
000006.jpg,https://www.pets4homes.co.uk/images/breeds/56/9b8f8158056fc5420a03372c9772678e.jpeg
000007.jpg,https://images2.minutemediacdn.com/image/upload/c_crop,h_1189,w_2121,x_0,y_51/f_auto,q_auto,w_1100/v1554737610/shape/mentalfloss/63568-istock-150430784.jpg
000008.jpg,https://ichef.bbci.co.uk/news/660/cpsprodpb/4353/production/_105353271_mediaitem105353270.jpg
000009.jpg,https://www.purina.com.au/-/media/Project/Purina/Main/Breeds/Dog/Mobile/Dog_French-Bulldog_Mobile.jpg?h=300&la=en&w=375&hash=A0D4B1D77392A3447BA4E1CD842BAC80
000010.jpg,https://vetstreet.brightspotcdn.com/dims4/default/abbb834/2147483647/crop/0x0%2B0%2B0/resize/645x380/quality/90/?url=https%3A%2F%2Fvetstreet-brightspot.s3.amazonaws.com%2F66%2F74b3b0a0d411e0a2380050568d634f%2Ffile%2FFrench-Bulldog-2-645mk062111.jpg
000011.jpg,https://www.pets4homes.co.uk/images/articles/5271/large/blue-frenchies-all-about-blue-french-bulldogs-5c503cb882316.jpeg
000012.jpg,https://secure.img2-fg.wfcdn.com/im/69600741/resize-h700-p1-w700%5Ecompr-r85/4307/43074644/Sleeping++French+Bulldog+Puppy+Statue.jpg
000013.jpg,https://upload.wikimedia.org/wikipedia/commons/thumb/2/29/Confucius_De_la_Parure.jpg/220px-Confucius_De_la_Parure.jpg
000014.jpg,https://s3.amazonaws.com/cdn-origin-etr.akc.org/wp-content/uploads/2017/11/12145606/20121215-_MG_3384.jpg
000015.jpg,https://d17fnq9dkz9hgj.cloudfront.net/breed-uploads/2018/08/french-bulldog-card-small.jpg?bust=1535568664
000016.jpg,https://images-na.ssl-images-amazon.com/images/I/9134bZ1iKQL.jpg
000017.jpg,https://cdn.shopify.com/s/files/1/1133/5028/files/FRENCH-BULLDOG-ALL6.jpg?v=1552515724
000018.jpg,https://www.thekennelclub.org.uk/media/1159803/french-bulldog-i-c-diane-pearce-collection-the-kennel-club.jpg
000019.jpg,https://thehappypuppysite.com/wp-content/uploads/2017/04/french-bulldog-puppy.jpg
000020.jpg,https://dd0f2wgjtus3v.cloudfront.net/img/628x470/91642efe10a22812010973f4c35417d40b50cd3b15368.jpg
000021.jpg,https://s3.amazonaws.com/cdn-origin-etr.akc.org/wp-content/uploads/2017/11/12233202/French-Bulldog-History-04-e1517584724186.jpg
000022.jpg,http://www.frenchbulldogbreed.net/wp-content/uploads/2018/06/The-magnificent-appeal-of-rare-Blue-French-Bulldogs-01.jpg
000023.jpg,https://www.rover.com/blog/wp-content/uploads/2015/01/6010672769_37d4c66e7f_b-960x540.jpg
000024.jpg,https://images.homedepot-static.com/productImages/d2195dc5-45df-4f8a-8919-fcb5a1099357/svn/hi-line-gift-garden-statues-87710-h-64_1000.jpg
000025.jpg,https://cdn.incollect.com/sites/default/files/zoom/19th-Century-Sculpture-of-a-French-Bulldog-290711-907613.jpg
000026.jpg,https://vetstreet-brightspot.s3.amazonaws.com/3d/174bd0a0d511e0a2380050568d634f/file/French-Bulldog-5-645mk062111.jpg
000027.jpg,https://johnlewis.scene7.com/is/image/JohnLewis/237289196?$rsp-pdp-port-1440$
000028.jpg,https://studiopets.com/132-large_default/shady-studio-pets-plush-french-bulldog-puppy-.jpg
000029.jpg,https://www.pets4homes.co.uk/images/articles/4232/large/tips-and-advice-on-feeding-a-french-bulldog-595c8e304ce37.jpg
000030.jpg,https://images-na.ssl-images-amazon.com/images/I/61PaPZePWvL._SX425_.jpg
000031.jpg,https://frenchbulldogclub.org/wp-content/uploads/2014/01/slider6.jpg
000032.jpg,https://data.jigsawpuzzle.co.uk/castorland.21/french-bulldog-puppies-jigsaw-puzzle-1000-pieces.67087-1.fs.jpg
000033.jpg,https://cdn.shopify.com/s/files/1/1133/5028/files/FRENCH-BULLDOG-CREAM-PUPPIES_1500x_a3d83868-493c-4e61-9ea0-9b8067e38ac0.jpg?v=1552519036
000034.jpg,https://s7d2.scene7.com/is/image/homedepotcanada/p_1001209118.jpg?$pipGallery$&hei=1000&wid=1000&fmt=jpg&fit=constrain
000035.jpg,https://junkmailimages.blob.core.windows.net/large/1c4e4a4c2cdc4585ba1fbc3351dfa190.jpg
000036.jpg,https://i.ebayimg.com/images/g/ZS0AAOSwo1pa6Zd6/s-l300.jpg
000037.jpg,https://s3.amazonaws.com/cutepuppytime/wp-content/uploads/2018/07/10115712/French-Bulldog-Puppy-Female-1.jpg
000038.jpg,https://i.pinimg.com/originals/a2/07/78/a207785ece9d08a17326f9709207f0a8.jpg
000039.jpg,https://www.calendarclub.co.uk/-/media/productimages/24/17/241797_main.jpg
000040.jpg,https://secure.img1-fg.wfcdn.com/im/29942997/resize-h800-w800%5Ecompr-r85/3584/35846420/Dog+French+Bulldog+Statue.jpg
000041.jpg,https://www.petinsurancereview.com/sites/default/files/inline-images/french%20bulldog%20body%20resized.jpg
000042.jpg,https://fetchstock.com/wp-content/uploads/2017/11/Fetch_Stock_SIE4817_gallery_thumb-e1519525472524.jpg
000043.jpg,https://www.hillspet.com/content/dam/cp-sites/hills/hills-pet/en_us/img/breeds/white-black-french-bulldog-outside.jpg
000044.jpg,https://target.scene7.com/is/image/Target/GUEST_c61826ab-99e8-4160-a0de-ac4fec64d73d?wid=488&hei=488&fmt=pjpeg
000045.jpg,https://ak7.picdn.net/shutterstock/videos/1016957437/thumb/10.jpg
000046.jpg,https://images-na.ssl-images-amazon.com/images/I/61dKYtcKecL._SY450_.jpg
000047.jpg,https://s3.amazonaws.com/cdn-origin-etr.akc.org/wp-content/uploads/2017/11/12194929/French-Bulldog-on-White-12-400x267.jpg
000048.jpg,https://ddcfq0gxiontw.cloudfront.net/Review/93379388/84444321/original.jpg?1559836262
000049.jpg,https://img.chewy.com/is/image/catalog/81122_MAIN._AC_SL1500_V1550511656_.jpg
000050.jpg,https://previews.123rf.com/images/jlundyphotos/jlundyphotos1608/jlundyphotos160800004/61092623-french-bulldog-puppy-with-a-butterfly-on-his-nose.jpg
