image,source
000001.jpg,https://i.pinimg.com/originals/fe/86/26/fe862601b06d5dffacbd57d67231a0ca.jpg
000002.jpg,https://upload.wikimedia.org/wikipedia/commons/thumb/1/18/Petit_Gascon_Saintongeois_croped.JPG/220px-Petit_Gascon_Saintongeois_croped.JPG
000003.jpg,https://i.pinimg.com/originals/63/b9/3a/63b93a5cca8ff33d06f7647bbcd4e2ef.jpg
000004.jpg,http://eurosportk9.eu/wp-content/uploads/Ilustracne_FOTO_clanky/Grand_Gascon_Saintongeois/gas6.jpg
000005.jpg,http://1.bp.blogspot.com/-qadlRuAaCQA/TrD8YvKVjNI/AAAAAAAAAt8/qFRzOEy-Rws/s1600/grand%252520gascon%252520saintongeois2.jpg
000006.jpg,http://eurosportk9.eu/wp-content/uploads/Ilustracne_FOTO_clanky/Grand_Gascon_Saintongeois/gas11-e1546869951599.jpg
000007.jpg,http://1.bp.blogspot.com/-WiZGi2gjnf4/UWppGfGiaaI/AAAAAAAAAIU/l-JTvjYOBtg/s1600/XBH+Hero.JPG
000008.jpg,http://www.princedegascogne.com/images/img_variables/lices/sandy_id.jpg
000009.jpg,https://upload.wikimedia.org/wikipedia/commons/f/f3/Virelade_from_1915.JPG
000010.jpg,https://c8.alamy.com/comp/GDA2XK/small-gascon-saintongeois-male-on-grass-GDA2XK.jpg
000011.jpg,http://www.pedigreedatabase.com/pictures/2246606.jpg
000012.jpg,https://c8.alamy.com/comp/X5YNAB/small-gascon-saintongeois-male-on-grass-X5YNAB.jpg
000013.jpg,http://www.princedegascogne.com/images/img_variables/etalons/bachus_id.jpg
000014.jpg,https://i.ytimg.com/vi/nYxt9KO59BM/hqdefault.jpg
000015.jpg,https://alchetron.com/cdn/gascon-saintongeois-92fdca3b-b724-4035-89de-657afc7179c-resize-750.jpeg
000016.jpg,https://images.wagwalkingweb.com/media/breed/gascon-saintongeois/hero/Gascon-Saintongeois.jpg
000017.jpg,http://www.princedegascogne.com/images/img_variables/lices/chipie_id.jpg
000018.jpg,http://www.dogwallpapers.net/wallpapers/gascon-saintongeois-puppies-photo.jpg
000019.jpg,http://www.dutch-stafford.com/Site_P/Petit%20Gascon-Saintongeois/SAINTONGEOIS%201.jpg
000020.jpg,https://www.mascotarios.org/wp-content/uploads/2011/04/GasconSaintongeois.jpg
000021.jpg,https://c8.alamy.com/comp/XC36HP/small-gascon-saintongeois-male-on-grass-XC36HP.jpg
000022.jpg,http://www.worldlifeexpectancy.com/images/a/d/d/b/grand_gascon_saintongeois/grand_gascon_saintongeois_1.jpg
000023.jpg,https://c8.alamy.com/comp/GDA2XH/small-gascon-saintongeois-male-on-grass-GDA2XH.jpg
000024.jpg,https://upload.wikimedia.org/wikipedia/commons/e/e6/Gascon-saintongeois.png
000025.jpg,https://i.ytimg.com/vi/_eUR3cM3O4g/hqdefault.jpg
000026.jpg,http://eurosportk9.eu/wp-content/uploads/Ilustracne_FOTO_clanky/Grand_Gascon_Saintongeois/gas7.jpg
000027.jpg,http://www.apagi.fr/media/filer_public/2d/a2/2da26f4f-dfad-41d4-9415-9412b1285b31/fergy-chien-femelle-grand-gascon-saintongeois-tricolore-1.jpg
000028.jpg,https://c8.alamy.com/comp/PFRH0D/grand-gascon-saintongeois-dog-side-view-PFRH0D.jpg
000029.jpg,https://i.pinimg.com/originals/71/b0/19/71b019395983ce7564a2c3d840e43057.jpg
000030.jpg,https://editorial01.shutterstock.com/wm-preview-1500/4085405a/c9d7736f/various-shutterstock-editorial-4085405a.jpg
000031.jpg,https://www.mindenpictures.com/cache/pcache2/80158388.jpg
000032.jpg,https://www.worldlydogs.com/uploads/5/2/2/3/52234445/7173486_orig.png
000033.jpg,https://i.ytimg.com/vi/p_qCOkxxHPs/hqdefault.jpg
000034.jpg,https://www.petpremium.com/wp-content/uploads/ppbr/breeds/small-gascons-saintongeois_profile_350x400.jpg
000035.jpg,https://www.worldlydogs.com/uploads/5/2/2/3/52234445/7892536_orig.png
000036.jpg,https://editorial01.shutterstock.com/wm-preview-1500/1655477a/88d42c90/stock-shutterstock-editorial-1655477a.jpg
000037.jpg,https://i.pinimg.com/originals/db/ce/95/dbce957664c49d8f5bc553354bb252dd.jpg
000038.jpg,https://c.stocksy.com/a/TUV900/z9/2266005.jpg?1553017385
000039.jpg,http://saintongeois.tangor.net/genealogie/site_saintongeois/images/saintongeois.jpg
000040.jpg,https://imgc.allpostersimages.com/img/crop/posters/thomas-ivester-llyod-gascon-saintongeois-hounds-of-the-levesque-type_a-G-2905125-4985690.jpg
000041.jpg,http://www.dogwallpapers.net/wallpapers/drinking-gascon-saintongeois-dogs-photo.jpg
000042.jpg,http://www.furrycritter.com/fcn/assets/img/dogs/Gascon_Saintongeois_Hound.jpg
000043.jpg,http://mfs3.cdnsw.com/fs/Root/normal/6nql3-2011_07_14_16_40_46.jpg
000044.jpg,http://4.bp.blogspot.com/_LYxGQn08RU4/SFBKHbQ0KCI/AAAAAAAAAo4/cTPYgBQalac/s320/GASCON+SAINTONGEOIS+Petit+gascon+saintongeois+Small+Gascon+saintongeois.bmp
000045.jpg,https://i.ytimg.com/vi/6evIACTqgPk/hqdefault.jpg
000046.jpg,https://i.pinimg.com/originals/d9/05/93/d90593dd278961e4d3fa8c4b132274af.jpg
000047.jpg,http://www.tiptopglobe.com/big-photo/gascon-saintongeois-great-dog-standard-1.jpg
000048.jpg,https://www.ukcdogs.com/images/breeds/grand-gascon-saintongeois.jpg
000049.jpg,https://nationalpurebreddogday.com/wp-content/uploads/2018/06/Screen-Shot-2018-06-01-at-5.26.37-PM.png
000050.jpg,http://www.princedegascogne.com/images/img_variables/etalons/diego_id.jpg
