image,source
000001.jpg,https://cdn3-www.dogtime.com/assets/uploads/gallery/german-shepherd-dog-breed-pictures/standing-7.jpg
000002.jpg,https://d17fnq9dkz9hgj.cloudfront.net/breed-uploads/2018/08/german-shepherd-dog-detail.jpg?bust=1535565817&width=355
000003.jpg,https://vetstreet.brightspotcdn.com/dims4/default/daea1bb/2147483647/thumbnail/645x380/quality/90/?url=https%3A%2F%2Fvetstreet-brightspot.s3.amazonaws.com%2F98%2F5c%2Fa89605db40e5bfd72ff6d0e41ae2%2Fgerman-shepherd-ap-aozjlq-645.jpg
000004.jpg,https://cdn3-www.dogtime.com/assets/uploads/2011/01/file_23188_german-shepherd-dog-460x290.jpg
000005.jpg,https://thehappypuppysite.com/wp-content/uploads/2018/07/your-female-german-shepherd-SC-long.jpg
000006.jpg,https://upload.wikimedia.org/wikipedia/commons/a/a8/02.Owczarek_niemiecki_u%C5%BCytkowy_kr%C3%B3tkow%C5%82osy_suka.jpg
000007.jpg,https://s3.amazonaws.com/cdn-origin-etr.akc.org/wp-content/uploads/2017/11/12213218/German-Shepherd-on-White-00.jpg
000008.jpg,https://s3.amazonaws.com/cdn-origin-etr.akc.org/wp-content/uploads/2017/11/11181218/German-Shepherd-puppies.jpg
000009.jpg,https://thehappypuppysite.com/wp-content/uploads/2018/12/silver-german-shepherd-long.jpg
000010.jpg,https://vetstreet-brightspot.s3.amazonaws.com/75/4b4300a74a11e0a0d50050568d634f/file/German-Shepherd-2-645mk062411.jpg
000011.jpg,https://s3.amazonaws.com/cdn-origin-etr.akc.org/wp-content/uploads/2017/11/12233102/German-Shepherd-Dog-Care.jpg
000012.jpg,https://www.insidedogsworld.com/wp-content/uploads/2017/06/German-Shepherd-Standard-Coat-GSC-1000x575-1-1-1-1.jpg
000013.jpg,https://www.pets4homes.co.uk/images/breeds/10/large/5f8a5db4ce053562ca46cfb48806087f.jpg
000014.jpg,https://www.ctvsh.com/sites/default/files/styles/large/adaptive-image/public/german-shepherd-dog-breed-info.jpg?itok=mPeDrQWU
000015.jpg,https://vetstreet.brightspotcdn.com/dims4/default/1d87d20/2147483647/thumbnail/645x380/quality/90/?url=https%3A%2F%2Fvetstreet-brightspot.s3.amazonaws.com%2F3a%2Fc3%2F424ee1bf4768973966bde73acda8%2Fgerman-shepherd-AP-1S7FRX-645sm12913.jpg
000016.jpg,https://www.insidedogsworld.com/wp-content/uploads/2017/07/GermanShepherd.jpg
000017.jpg,https://i.pinimg.com/736x/72/98/be/7298be620d1a7130be8c3fa035b215ff.jpg
000018.jpg,https://www.hillspet.com/content/dam/cp-sites/hills/hills-pet/en_us/img/breeds/german-shepherd-tongue-out-outside.jpg
000019.jpg,https://g77v3827gg2notadhhw9pew7-wpengine.netdna-ssl.com/wp-content/uploads/2017/10/german-shepherd-dog-1071592_1920-1024x683.jpg
000020.jpg,https://i.ytimg.com/vi/YlyY9U8q84s/maxresdefault.jpg
000021.jpg,https://www.thesprucepets.com/thmb/dFVEYXXkx2OK4RUzXWCd3VJZzPM=/1080x1080/filters:no_upscale():max_bytes(150000):strip_icc()/1_Training-5ba51359c9e77c0025ca6a5c.jpg
000022.jpg,https://i.redd.it/54fst046zxr11.jpg
000023.jpg,https://www.purina.com.au/-/media/Project/Purina/Main/Breeds/Dog/Mobile/Dog_Belgian-Shepherd_Mobile.jpg?h=300&la=en&w=375&hash=8003BCDF19AC7D5181D9C493FE306932
000024.jpg,https://upload.wikimedia.org/wikipedia/commons/thumb/d/d8/Black-german-shepherd.jpg/400px-Black-german-shepherd.jpg
000025.jpg,https://globalk9protection.com/wp-content/uploads/2019/02/German-Shepherd.jpg
000026.jpg,https://g77v3827gg2notadhhw9pew7-wpengine.netdna-ssl.com/wp-content/uploads/2017/10/german-shepherd-2254252_1920-1024x681.jpg
000027.jpg,https://germanshepherdcountry.com/wp-content/uploads/2016/10/GSD-Standing-GSC-600x425.jpg
000028.jpg,https://newsroom.unsw.edu.au/sites/default/files/styles/full_width/public/thumbnails/image/kirayoung_3.jpg?itok=aaUHzH0d
000029.jpg,https://www.schaeferhunde.de/fileadmin/_processed_/3/c/csm_verein-fuer-deutsche-schaeferhunde-zucht-EN_e19c1267d7.jpg
000030.jpg,https://usercontent2.hubstatic.com/12713429_f520.jpg
000031.jpg,https://www.zooplus.co.uk/magazine/CACHE_IMAGES/768/content/uploads/2019/04/german-shepherd-dog.jpg
000032.jpg,https://i1.adis.ws/i/petsathome/German-Sheperd-Image-1-composite.jpg?qlt=75
000033.jpg,https://vetstreet-brightspot.s3.amazonaws.com/ec/70/8823f84f49a496fbfb4c0cef1d4c/german-shepherd-ap-0hh8kp-645.jpg
000034.jpg,https://images-na.ssl-images-amazon.com/images/I/81Ql5AhhK4L.jpg
000035.jpg,https://www.pets4homes.co.uk/images/breeds/10/large/bad52e221a0911e32e548dc12d72366f.jpg
000036.jpg,https://upload.wikimedia.org/wikipedia/commons/thumb/2/2c/Deutscher_Schaeferhund01.2.jpg/440px-Deutscher_Schaeferhund01.2.jpg
000037.jpg,http://marshallspetzone.com/blog/wp-content/uploads/2016/12/german-shepherd-puppy-image.jpg
000038.jpg,http://uploads-cdn.thgblogs.com/wp-content/uploads/sites/12/2015/05/26100207/20350278-935-600x600.jpg
000039.jpg,https://images2.minutemediacdn.com/image/upload/c_fill,g_auto,h_1248,w_2220/f_auto,q_auto,w_1100/v1555437374/shape/mentalfloss/istock_000012020816_small.jpg
000040.jpg,https://d17fnq9dkz9hgj.cloudfront.net/breed-uploads/2018/08/german-shepherd-dog-card-small.jpg?bust=1535567471
000041.jpg,https://www.purinaproclub.com/sites/g/files/auxxlc346/files/styles/facebook_share/public/German%20Shepherd%201%20gsd_043007_hp_md_2.jpg?itok=bDvMygBH
000042.jpg,https://images.unsplash.com/photo-1555573710-118d1049ed07?ixlib=rb-1.2.1&ixid=eyJhcHBfaWQiOjEyMDd9&w=1000&q=80
000043.jpg,https://www.louisdonald.com/uploads/2/7/3/7/27379747/editor/gv129-kronos-anatomy-english-with-upperline_4.png?1524022497
000044.jpg,https://embarkvet.com/wp-content/uploads/2018/10/embark-german-shepherd-guide-featured-image.jpg
000045.jpg,https://www.gilpa.co.uk/wp-content/uploads/2016/11/German-Shepherd-Dog-web.jpg
000046.jpg,https://www.thesprucepets.com/thmb/MEwLdtpjZ1IQ7Xu-dmuq0Pvy_sc=/450x0/filters:no_upscale():max_bytes(150000):strip_icc()/german-shepherd-puppy-142059143-581b921a3df78cc2e86dd779.jpg
000047.jpg,https://cbsnews1.cbsistatic.com/hub/i/2018/09/05/1ccc2263-cd33-462c-9938-0415b5653775/dog.png
000048.jpg,https://i.redd.it/ojp966pna3s21.jpg
000049.jpg,https://k9deb.com/wp-content/uploads/2019/02/American-German-Shepherd-1000x550.png
000050.jpg,https://www.rvc.ac.uk/Media/Default/Press%20Release/German%20Shepherd%20Dogs.jpg
