image,source
000001.jpg,https://upload.wikimedia.org/wikipedia/commons/2/2b/GermanWirehrPtr1_wb.jpg
000002.jpg,https://s3.amazonaws.com/cdn-origin-etr.akc.org/wp-content/uploads/2017/11/12232911/German-Wirehaired-Pointer-On-White-01.jpg
000003.jpg,https://s3.amazonaws.com/cdn-origin-etr.akc.org/wp-content/uploads/2017/11/12232926/German-Wirehaired-Pointer-Care.jpg
000004.jpg,https://i.ytimg.com/vi/GzeLLxNM-8w/hqdefault.jpg
000005.jpg,https://s3.amazonaws.com/cdn-origin-etr.akc.org/wp-content/uploads/2017/11/12232913/German-Wirehaired-Pointer-MP.jpg
000006.jpg,https://www.dogbreedslist.info/uploads/allimg/dog-pictures/German-Wirehaired-Pointer-2.jpg
000007.jpg,https://vetstreet-brightspot.s3.amazonaws.com/79/001e90a75311e0a0d50050568d634f/file/German-Wirehair-Pointer-3-645mk062411.jpg
000008.jpg,https://i.dailymail.co.uk/i/newpix/2018/08/03/01/4EC0994400000578-6021595-The_police_said_the_German_Wirehaired_Pointer_stock_was_seized_b-a-21_1533257417890.jpg
000009.jpg,http://www.dogzone.com/images/breeds/german-wirehaired-pointer.jpg
000010.jpg,https://upload.wikimedia.org/wikipedia/commons/7/7e/AKC_German_Wirehaired_Pointer_Dog_Show_2013.jpg
000011.jpg,http://cdn.akc.org/content/hero/German_Wirehaired_Pointer_hero.jpg
000012.jpg,https://www.dogtemperament.com/wp-content/uploads/2018/10/german-wirehaired-pointers-sitting-in-grass-portrait-min-min.jpg
000013.jpg,https://i.pinimg.com/originals/04/77/d0/0477d0d48a07760295a14f75e7706d43.jpg
000014.jpg,http://doglover.in/wp-content/uploads/2018/06/German-Wirehaired-Pointer.jpg
000015.jpg,https://images.ctfassets.net/w00x6p5qkejz/YWZtRKOzOCccASIocWiSa/d70bd903510c0f50a6ab3a3051ff401c/German_Wirehaired_Pointer2.png
000016.jpg,https://c8.alamy.com/comp/HAHA83/german-wirehaired-pointer-dog-HAHA83.jpg
000017.jpg,https://doglime.com/wp-content/uploads/2019/03/German-Wirehaired-Pointer-dog_information.jpg
000018.jpg,https://coveyrisemagazine.com/wp-content/uploads/2019/03/GWP-2-full-shot-18-wide_WEB.jpg
000019.jpg,https://i.pinimg.com/originals/69/b6/9a/69b69af8fce0b349b2fc08cfcf771585.jpg
000020.jpg,https://www.dogbreedslist.info/uploads/allimg/dog-pictures/German-Wirehaired-Pointer-3.jpg
000021.jpg,https://st4.depositphotos.com/4049585/20750/i/1600/depositphotos_207506574-stock-photo-hunting-dog-german-wirehaired-pointer.jpg
000022.jpg,https://www.selectadogbreed.com/media/1655/germanwirehairedpointer_adult.jpg
000023.jpg,https://animals.net/wp-content/uploads/2018/08/German-Wirehaired-Pointer-3-650x425.jpg
000024.jpg,https://www.ukpets.com/oc-content/uploads/breeds/0/1143.png
000025.jpg,https://i.pinimg.com/originals/62/b4/ef/62b4efbecb9610a9a98959e4fc534805.jpg
000026.jpg,https://nimages.champdogs.net/breeds/german-wirehaired-pointer.jpg
000027.jpg,https://s3-eu-west-1.amazonaws.com/w3.cdn.gpd/gb.pedigree.56/large_cf60c787-60b9-415d-a3b6-c2e7cf53744e.jpg
000028.jpg,https://media.gettyimages.com/photos/german-wirehaired-pointer-picture-id83677966?s=612x612
000029.jpg,https://www.pets4homes.co.uk/images/breeds/228/large/a878d3e1c9ea92e56081f926be5fb367.jpg
000030.jpg,http://yachtaparusmystoboj.space/wp-content/uploads/2013/02/german-wirehaired-pointer.jpg
000031.jpg,https://s3.amazonaws.com/cdn-origin-etr.akc.org/wp-content/uploads/2017/11/12191213/German-Shorthaired-Pointer-Care-2.jpg
000032.jpg,https://vetstreet.brightspotcdn.com/dims4/default/3cbd2c4/2147483647/thumbnail/645x380/quality/90/?url=https%3A%2F%2Fvetstreet-brightspot.s3.amazonaws.com%2F0a%2Fa47670a80811e0a0d50050568d634f%2Ffile%2Fgerman-wirehaired-pointer-4-645070111.jpg
000033.jpg,https://d17fnq9dkz9hgj.cloudfront.net/breed-uploads/2018/08/German-Wirehaired-Pointer-02.jpg?bust=1539030761&width=355
000034.jpg,https://upload.wikimedia.org/wikipedia/commons/thumb/9/97/Metsosuon_kennel_1.jpg/220px-Metsosuon_kennel_1.jpg
000035.jpg,https://i.redd.it/9xl1gr9m376z.jpg
000036.jpg,https://media.gettyimages.com/photos/hunters-with-german-shorthaired-pointers-in-catalonia-spain-picture-id874497720?s=612x612
000037.jpg,https://indulgeyourpet.com/wp-content/uploads/German-Wirehaired-Pointer-Puppy.png
000038.jpg,https://cdn.akc.org/Marketplace/Breeds/German_Wirehaired_Pointer_SERP.jpg
000039.jpg,https://www.k9rl.com/wp-content/uploads/2016/01/German_Wirehaired_Pointer_dog_breed.jpg
000040.jpg,https://happydoginstitute.com/wp-content/uploads/2017/06/german-wirehaired-pointer-240x300.jpg
000041.jpg,https://doggiedesigner.com/wp-content/uploads/2018/04/66.1-1.jpg
000042.jpg,https://vetstreet.brightspotcdn.com/dims4/default/bcb354b/2147483647/crop/0x0%2B0%2B0/resize/645x380/quality/90/?url=https%3A%2F%2Fvetstreet-brightspot.s3.amazonaws.com%2Fa6%2F0f7570a75311e0a0d50050568d634f%2Ffile%2FGerman-Wirehair-Pointer-4-645mk062411.jpg
000043.jpg,https://static1.squarespace.com/static/58c46d182994cae7ec682790/t/595859723e00bea5c5fc3122/1498962295340/10559748_4423489402137_8095512149293667149_n.jpg?format=1500w
000044.jpg,https://images.ctfassets.net/w00x6p5qkejz/3vNHhhnT1ma0s0asQsYuUE/b9d5bb4ecb790a1c28a16db704f647a2/German_Wirehaired_Pointer5.png
000045.jpg,https://www.petguide.com/wp-content/uploads/2018/12/german-longhaired-pointer-1.jpg
000046.jpg,https://cdn1-www.dogtime.com/assets/uploads/gallery/german-wirehaired-pointer-dogs-and-puppies/german-wirehaired-pointer-dogs-puppies-1.jpg
000047.jpg,http://www.willamettegwp.com/yahoo_site_admin1/assets/images/riddickdown1_resized.311144119_std.jpg
000048.jpg,https://s3.amazonaws.com/cdn-origin-etr.akc.org/wp-content/uploads/2017/11/12232941/German-Shorthaired-Pointer-On-White-07.jpg
000049.jpg,https://i.pinimg.com/originals/98/e4/61/98e4614616caf99ef133ea061fce726c.jpg
000050.jpg,https://media.gettyimages.com/photos/german-wirehaired-pointer-grey-bitch-female-portrait-picture-id949686520?s=612x612
