image,source
000001.jpg,https://d17fnq9dkz9hgj.cloudfront.net/breed-uploads/2018/08/golden-retriever-detail.jpg?bust=1535565857&width=355
000002.jpg,https://vetstreet.brightspotcdn.com/dims4/default/21dc2d6/2147483647/thumbnail/645x380/quality/90/?url=https%3A%2F%2Fvetstreet-brightspot.s3.amazonaws.com%2F9f%2F9b%2F6ff000df4e4d8e8c70608cf6e0f5%2Fgolden-retriever-ap-0johoo-645.jpg
000003.jpg,https://upload.wikimedia.org/wikipedia/commons/thumb/9/93/Golden_Retriever_Carlos_%2810581910556%29.jpg/1200px-Golden_Retriever_Carlos_%2810581910556%29.jpg
000004.jpg,https://www.thesprucepets.com/thmb/skYeQH255WxPaNzYWREDRfLgqFQ=/450x0/filters:no_upscale():max_bytes(150000):strip_icc()/golden-retriever-sitting-down-in-a-farm-837898820-5c7854ff46e0fb00011bf29a.jpg
000005.jpg,https://www.purina.com.au/-/media/Project/Purina/Main/Breeds/Dog/Mobile/Dog_Golden-Retriever_Mobile.jpg?h=300&la=en&w=375&hash=DBFCDEEEF817147AD7CAD45DB3B68511
000006.jpg,https://s3.amazonaws.com/cdn-origin-etr.akc.org/wp-content/uploads/2017/11/12121353/GoldenRetriever1_stacked.jpg
000007.jpg,https://s3.amazonaws.com/cdn-origin-etr.akc.org/wp-content/uploads/2017/11/12130118/Golden-Retriever-Standing1-400x267.jpg
000008.jpg,https://www.rover.com/blog/wp-content/uploads/2018/11/goldenre.jpg
000009.jpg,https://www.ctvsh.com/sites/default/files/styles/large/adaptive-image/public/golden-retriever-dog-breed-info.jpg?itok=KV7Ojj-C
000010.jpg,https://thehappypuppysite.com/wp-content/uploads/2018/07/how-long-do-golden-retrievers-live-KH-long.jpg
000011.jpg,https://cdn2-www.dogtime.com/assets/uploads/2011/01/file_22980_golden-retriever-460x290.jpg
000012.jpg,https://images2.minutemediacdn.com/image/upload/c_fill,g_auto,h_1248,w_2220/f_auto,q_auto,w_1100/v1555378804/shape/mentalfloss/istock_000009655750_small.jpg
000013.jpg,https://thehappypuppysite.com/wp-content/uploads/2016/01/golden-retriever.jpg
000014.jpg,https://www.pets4homes.co.uk/images/articles/2916/large/five-universal-personality-traits-of-the-golden-retriever-556d979a5dbc8.jpg
000015.jpg,https://www.thesprucepets.com/thmb/pWXl_CJ26PCPcRraiXwPpaXH-3Y=/450x0/filters:no_upscale():max_bytes(150000):strip_icc()/31170124_355309831644176_4994517524629422080_n-5b3a4d0ec9e77c003771e6a6.jpg
000016.jpg,https://d17fnq9dkz9hgj.cloudfront.net/breed-uploads/2018/08/golden-retriever-card-small.jpg?bust=1535568541
000017.jpg,https://assets.blog.slice.ca/imageserve/wp-content/uploads/2018/12/12153856/golden-retrievers-face/x.jpg
000018.jpg,https://vetstreet-brightspot.s3.amazonaws.com/98/d98250a0d311e0a2380050568d634f/file/Golden-Retriever-3-645mk062411.jpg
000019.jpg,https://www.pdsa.org.uk/media/4033/golden-retriever-og.png
000020.jpg,https://bowwowinsurance.com.au/wp-content/uploads/2018/10/golden-retriever-700x700.jpg
000021.jpg,https://puppyintraining.com/wp-content/uploads/2017/11/golden-retriever-puppies-week8-1.jpg
000022.jpg,https://vetstreet-brightspot.s3.amazonaws.com/fa/d15000a0d311e0a2380050568d634f/file/Golden-Retriever-3-645mk062111.jpg
000023.jpg,https://www.petful.com/wp-content/uploads/2012/04/golden-retriever-1-750x532.jpg
000024.jpg,https://ichef.bbci.co.uk/news/976/cpsprodpb/184E/production/_102622260_goldenone.jpg
000025.jpg,https://scgrrescue.org/wp-content/uploads/2019/07/benjamin3sm-385x355.jpg
000026.jpg,https://cbsboston.files.wordpress.com/2019/05/dogs.jpg?w=1024
000027.jpg,https://qph.fs.quoracdn.net/main-qimg-4c534da7f1e4a263f4e6acca91b8b97b
000028.jpg,https://i1.wp.com/www.wagpets.com/wp-content/uploads/2017/12/gold-golden-retriever.jpeg?fit=1920%2C1080&ssl=1
000029.jpg,https://t2.ea.ltmcdn.com/en/images/9/2/2/img_caring_for_a_golden_retriever_s_coat_229_600.jpg
000030.jpg,https://i.ytimg.com/vi/RKD3fakO6hs/maxresdefault.jpg
000031.jpg,https://www.gilpa.co.uk/wp-content/uploads/2017/07/golden-retriever-web.jpg
000032.jpg,https://s.abcnews.com/images/GMA/190123_gma_digital_golden_hpMain_16x9_992.jpg
000033.jpg,http://digest.thefarmersdog.com/wp-content/uploads/2018/05/GoodDoggo_Golden_V002.jpg
000034.jpg,https://epi.azureedge.net/website-images/images/default-album/golden2.jpg?sfvrsn=a0cd77b_2
000035.jpg,https://www.dailydot.com/wp-content/uploads/48b/e9/Golden_Retriever_with_tennis_ball.jpg
000036.jpg,https://www.keystonepuppies.com/wp-content/uploads/2018/09/Golden-Retriever-Category.jpg
000037.jpg,https://www.purina.com/sites/g/files/auxxlc196/files/styles/kraken_generic_max_width_240/public/SPORTING_Golden-Retriever.jpg?itok=o8CZlHMJ
000038.jpg,https://www.k9web.com/wp-content/uploads/2019/03/Mini-Golden-Retrievers.jpg
000039.jpg,https://i.ytimg.com/vi/a6KGPBflhiM/hqdefault.jpg
000040.jpg,https://puppyintraining.com/wp-content/uploads/2017/08/golden-retriever-puppies-week4-1.jpg
000041.jpg,https://www.totallygoldens.com/wp-content/uploads/2018/04/White-Golden-Retriever-One.jpg
000042.jpg,https://upload.wikimedia.org/wikipedia/commons/thumb/7/7b/Golden_Retriever_Carlos_im_herbstlichen_Heessener_Wald_%2810577994213%29.jpg/220px-Golden_Retriever_Carlos_im_herbstlichen_Heessener_Wald_%2810577994213%29.jpg
000043.jpg,https://media.gannett-cdn.com/36517057001/36517057001_5736624912001_5736623758001-vs.jpg
000044.jpg,https://www.marshallspetzone.com/blog/wp-content/uploads/2018/06/featured-image.jpg
000045.jpg,https://images.unsplash.com/photo-1515870672913-a4c298575776?ixlib=rb-1.2.1&ixid=eyJhcHBfaWQiOjEyMDd9&w=1000&q=80
000046.jpg,https://media4.s-nbcnews.com/i/newscms/2018_29/1354823/golden-retrievers-anniversary-today-180721-tease-01_55e137c89688734a7294102f55d23bd7.jpg
000047.jpg,https://www.dogster.com/wp-content/uploads/2016/08/Golden-Retriever_225.jpg
000048.jpg,https://www.cheknews.ca/wp-content/uploads/2018/10/LynnKendell1-e1541035325416.jpg
000049.jpg,https://localtvwqad.files.wordpress.com/2018/07/todd-the-golden.jpg?quality=85&strip=all&w=400&h=225&crop=1
000050.jpg,https://www.denverpost.com/wp-content/uploads/2017/12/fe16goldenstudy.jpg?w=525
