image,source
000001.jpg,https://upload.wikimedia.org/wikipedia/commons/1/16/Large_Vend%C3%A9en_Griffon.JPG
000002.jpg,https://upload.wikimedia.org/wikipedia/commons/thumb/4/44/Grand_griffon_vend%C3%A9en_aka_Large_Vend%C3%A9en_Griffon.JPG/220px-Grand_griffon_vend%C3%A9en_aka_Large_Vend%C3%A9en_Griffon.JPG
000003.jpg,https://www.petguide.com/wp-content/uploads/2016/06/grand-griffon-vendeen-1.jpg
000004.jpg,https://static.wamiz.fr/images/animaux/chiens/large/grand-griffon-vendeen.jpg
000005.jpg,http://www.dogspotters.com/dog-breed-photos/grbagrve.jpg
000006.jpg,https://wds2018.com/wp-content/uploads/2017/05/Grand-Griffon-vendeen.jpg
000007.jpg,https://s3.amazonaws.com/cdn-origin-etr.akc.org/wp-content/uploads/2018/01/04112228/Grand-Basset-Griffon-Vendeen-on-White-01.jpg
000008.jpg,http://www.easypetmd.com/sites/default/files/Grand%20Griffon%20Vendeen_0.jpg
000009.jpg,http://static.pedigreedatabase.com/dogbreeds/grand_griffon_vendeen.jpg
000010.jpg,https://upload.wikimedia.org/wikipedia/commons/4/41/Grand_griffon_vend%C3%A9en_aka_Large_Vend%C3%A9en_Griffon_3.JPG
000011.jpg,https://www.petguide.com/wp-content/uploads/2016/06/grand-griffon-vendeen-2.jpg
000012.jpg,https://s3.amazonaws.com/cdn-origin-etr.akc.org/wp-content/uploads/2018/01/12194812/GBGV-Trio.jpg
000013.jpg,https://cdn.omlet.co.uk/images/cache/510/768/Dog-Basset_Griffon_Vendeen_(Grand)-A_happy_Basset_Griffon_vendeen_grand_lying_on_the_grass.jpg
000014.jpg,https://media.ooreka.fr/public/image/3-307443-3035-full-13454985.jpg
000015.jpg,http://www.dogwallpapers.net/wallpapers/grand-griffon-vend%C3%A9en-dog-with-a-prize-photo.jpg
000016.jpg,http://www.adopt-a-griffon.eu/en/wp-content/uploads/2015/05/petit-basset-griffon-vendeen-pup.jpg
000017.jpg,https://static.wamiz.fr/images/animaux/chiens/large/grand-basset-griffon-vendeen.jpg
000018.jpg,http://d2f0ora2gkri0g.cloudfront.net/bkpam2239944_e.jpg
000019.jpg,https://www.petguide.com/wp-content/uploads/2016/06/grand-griffon-vendeen.jpg
000020.jpg,https://s3.amazonaws.com/cdn-origin-etr.akc.org/wp-content/uploads/2017/11/12212321/Petit-Basset-Griffon-Vendeen-Care.jpg
000021.jpg,https://i.pinimg.com/originals/2f/28/41/2f2841b6e6ffbe94254dc3eb2abb1c27.jpg
000022.jpg,https://img.chien.com/img/races-de-chiens/139_big-grand-griffon-vendeen.jpg
000023.jpg,https://wds2018.com/wp-content/uploads/2017/05/Grand-Basset-GV-1.jpg
000024.jpg,https://www.club-griffon-vendeen.fr/s/cc_images/teaserbox_43082742.jpg?t=1427319897
000025.jpg,https://s3.amazonaws.com/cdn-origin-etr.akc.org/wp-content/uploads/2017/11/12212335/Petit-Basset-Griffon-Vendeen-On-White-03.jpg
000026.jpg,https://www.nbcsports.com/sites/nbcsports.com/files/2018/11/21/nbc_dog_hound_grandbassetgriffonsvendeen_181119.jpg
000027.jpg,http://thegreendogshow.com/wp-content/uploads/2016/12/Grand-Griffon-vend%C3%A9en.jpg
000028.jpg,https://www.dogproductpicker.com/wp-content/uploads/2018/05/Petit-Basset-Griffon-Vendeen-Dog-Breed-300x214.jpg
000029.jpg,http://www.dogwallpapers.net/wallpapers/lovely-grand-griffon-vend%C3%A9en-dog-photo.jpg
000030.jpg,http://www.adopt-a-griffon.eu/en/wp-content/uploads/2016/01/grand-grif-vend.jpg
000031.jpg,https://d17fnq9dkz9hgj.cloudfront.net/breed-uploads/2018/08/petit-basset-griffon-vendeen-detail.jpg?bust=1535566272&width=355
000032.jpg,http://breedfinder.ikc.ie/Content/images/breeds/25_petit_basset_griffon_vendeen.jpg
000033.jpg,https://www.nbcsports.com/sites/nbcsports.com/files/2017/11/28/nds_hou_petitbassetgriffonvendeen_171120.jpg
000034.jpg,https://images.wagwalkingweb.com/media/breed/petit-basset-griffon-vendeen/hero/petit-basset-griffon-vendeen-1.jpg
000035.jpg,https://www.pets4homes.co.uk/images/breeds/198/large/fca1292036e29950431ab0f953245221.jpg
000036.jpg,https://cdn2-www.dogtime.com/assets/uploads/gallery/petit-basset-griffon-vendeen-dog-breed-pictures/1-face.jpg
000037.jpg,https://i.ytimg.com/vi/3VwldzPP0c8/hqdefault.jpg
000038.jpg,https://www.iams.com/breedselector/images/a319ea4f6f84a9a0efd8eea8c763cde5.jpg
000039.jpg,https://upload.wikimedia.org/wikipedia/commons/6/6d/Grand_Basset_Griffon_Vend%C3%A9en_in_Tallinn_6.JPG
000040.jpg,https://vetstreet.brightspotcdn.com/dims4/default/6d11633/2147483647/thumbnail/645x380/quality/90/?url=https%3A%2F%2Fvetstreet-brightspot.s3.amazonaws.com%2Fa8%2F5eab00c82011e09b940050568d6ceb%2Ffile%2FPetit-basset-griffon-vendeen-1-AP-645km081611.jpg
000041.jpg,https://www.101dogbreeds.com/wp-content/uploads/2016/09/PBGV.jpg
000042.jpg,https://images.ctfassets.net/w00x6p5qkejz/2sAxD02TfiYyK2CoYMwsYy/2423c83e65b4ba0ba75211c72d9cc337/Basset_Griffon_Vendeen__Grand_2.png
000043.jpg,https://upload.wikimedia.org/wikipedia/commons/3/38/Large_Vend%C3%A9en_Griffon_Grand_Griffon_Vend%C3%A9en.jpg
000044.jpg,https://static.wamiz.fr/images/animaux/chiens/large/petit-basset-griffon-vendeen.jpg
000045.jpg,https://i.ytimg.com/vi/HYcn3sAM2so/maxresdefault.jpg
000046.jpg,https://vetstreet-brightspot.s3.amazonaws.com/ca/4bd170c82011e09b940050568d6ceb/file/Petit-basset-griffon-vendeen-2-AP-645km081611.jpg
000047.jpg,http://cdn.akc.org/content/article-body-image/pbgv1.jpg
000048.jpg,https://www.dogzone.com/images/breeds/briquet-griffon-vendeen.jpg
000049.jpg,https://nationalpurebreddogday.com/wp-content/uploads/2018/11/7ff66190b9f6b06d08eba6f970505a87.jpg
000050.jpg,https://www.dogbreedslist.info/uploads/allimg/dog-pictures/PBGV-3.jpg
