image,source
000001.jpg,https://d17fnq9dkz9hgj.cloudfront.net/breed-uploads/2018/08/great-pyrenees-detail.jpg?bust=1535565877&width=355
000002.jpg,https://s3.amazonaws.com/cdn-origin-etr.akc.org/wp-content/uploads/2017/11/12232533/Great-Pyrenees-Care.jpg
000003.jpg,https://s3.amazonaws.com/cdn-origin-etr.akc.org/wp-content/uploads/2017/11/12200322/Great-Pyrenees-on-White-031.jpg
000004.jpg,https://s3.amazonaws.com/cdn-origin-etr.akc.org/wp-content/uploads/2017/11/12193932/Slovensky-Cuvac-On-White-01-400x267.jpg
000005.jpg,https://vetstreet-brightspot.s3.amazonaws.com/87/5a/fb48bee3434bb5463d7ffa923e3f/great-pyrenees-ap-09zyfm-645.jpg
000006.jpg,https://dl5zpyw5k3jeb.cloudfront.net/photos/pets/44266520/1/?bust=1553034430&width=720
000007.jpg,https://upload.wikimedia.org/wikipedia/commons/a/a0/3_year_old_rescue_Great_Pyrenees_from_Cleveland_Ohio_USA.jpg
000008.jpg,https://s3.amazonaws.com/cdn-origin-etr.akc.org/wp-content/uploads/2017/11/12232526/Great-Pyrenees-MP.jpg
000009.jpg,https://cdn1-www.dogtime.com/assets/uploads/2011/01/file_23202_great-pyrenees-460x290.jpg
000010.jpg,https://upload.wikimedia.org/wikipedia/commons/c/c7/Great_Pyrenees_Mountain_Dog.jpg
000011.jpg,https://vetstreet-brightspot.s3.amazonaws.com/ff/3691e0a75511e0a0d50050568d634f/file/Great-Pyrenees-3-645mk062411.jpg
000012.jpg,https://s3.amazonaws.com/cdn-origin-etr.akc.org/wp-content/uploads/2017/11/12213453/Great-Pryenees-History-02.jpg
000013.jpg,https://d17fnq9dkz9hgj.cloudfront.net/breed-uploads/2018/08/great-pyrenees-card-small.jpg?bust=1535568555
000014.jpg,https://3d4igz27oxtl2iwox73y9smh-wpengine.netdna-ssl.com/wp-content/uploads/2018/06/great-pyrenees-dog-looks-out-in-the-distance.jpg
000015.jpg,https://www.dogbreedslist.info/uploads/allimg/dog-pictures/Great-Pyrenees-2.jpg
000016.jpg,https://cf-s3.petcoach.co/uploads/breed/146/1529680139-greatpyrenees-jpg
000017.jpg,https://s3.amazonaws.com/cdn-origin-etr.akc.org/wp-content/uploads/2017/11/12212157/Great-Pyrenees-on-White-01.jpg
000018.jpg,http://www.greatpyratlanta.com/wp-content/uploads/2016/11/home_photo1.png
000019.jpg,http://www.pethealthnetwork.com/sites/default/files/content/images/great-pyrenees170204586.png
000020.jpg,https://www.petmd.com/sites/default/files/breedopedia/Toes-es%20'n%20%20Nose-es%20'n%20Eyes-es%20'n%20Ears-es.jpg
000021.jpg,https://i.imgur.com/PRcnfWd.jpg
000022.jpg,https://www.spgpc.com/static/sitefiles/images/about_us.jpg
000023.jpg,http://carolinapyrrescue.com/wp-content/uploads/2017/01/IMG_3113-300x225.jpg
000024.jpg,https://www.dogbreedinfo.com/images32/GreatPyreneesLargeBreedPurebredDogApollo9MonthsOld1.jpg
000025.jpg,https://rachelmannphd.com/wp-content/uploads/2018/05/Rachel-in-heaven-2-300x263.jpg
000026.jpg,https://i.pinimg.com/originals/1b/83/dd/1b83dd9c099c1cca71b544876e9bb82d.jpg
000027.jpg,https://cdn3-www.dogtime.com/assets/uploads/gallery/great-pyrenees-dog-breed-pictures/laying-3.jpg
000028.jpg,https://www.showsightmagazine.com/files/news_gallery/5bbb5a25f04c4.jpg
000029.jpg,https://thehappypuppysite.com/wp-content/uploads/2018/08/great-pyrenees-long.jpg
000030.jpg,https://gfp-2a3tnpzj.stackpathdns.com/wp-content/uploads/2016/07/Great-Pyrenees-e1534276474618.jpg
000031.jpg,https://d32l83enj9u8rg.cloudfront.net/wp-content/uploads/great-pyrenees-620-403-shutterstock-210799417-1.jpg
000032.jpg,http://nebula.wsimg.com/80d3ba4999e097d58f221f43a90a11ad?AccessKeyId=BE03ADCCB58FA8D71850&disposition=0&alloworigin=1
000033.jpg,https://vetstreet-brightspot.s3.amazonaws.com/d2/a4/d098647a4608ae9f9171a6507ca0/great-pyrenees-ap-0arbvs-lc102014.jpg
000034.jpg,https://i.ytimg.com/vi/l6Fg9iYlbYs/hqdefault.jpg
000035.jpg,https://upload.wikimedia.org/wikipedia/commons/thumb/4/4d/Chien_de_Montagne_des_Pyr%C3%A9n%C3%A9es_K_01.jpg/220px-Chien_de_Montagne_des_Pyr%C3%A9n%C3%A9es_K_01.jpg
000036.jpg,https://www.denverpost.com/wp-content/uploads/2016/05/20120601__20120602_C1_FE16AHRESCUERSp3.jpg?w=600
000037.jpg,https://live.staticflickr.com/139/401292265_6952751129_b.jpg
000038.jpg,http://swpapyr.org/uploads/3/4/8/7/34877427/img-3091_orig.jpg
000039.jpg,https://thehappypuppysite.com/wp-content/uploads/2019/01/great-pyrenees-mixes-long.jpg
000040.jpg,https://scoutknows-web-production.s3.amazonaws.com/images/27018446_1915253578502582_1944684895_o.width-800.jpg
000041.jpg,http://themaneater.com/media/2015/0304/photos/BigDogs022O.jpg
000042.jpg,https://images-na.ssl-images-amazon.com/images/I/613mtpSvgwL._SX258_BO1,204,203,200_.jpg
000043.jpg,https://i2.wp.com/kanecountyconnects.com/wp-content/uploads/2017/11/Snowball-2.jpg?resize=470%2C260
000044.jpg,https://i.ytimg.com/vi/MV6yN5XkHE0/maxresdefault.jpg
000045.jpg,https://www.reshareworthy.com/wp-content/uploads/2016/09/lazarus-1.jpg
000046.jpg,https://www.nbcsports.com/sites/nbcsports.com/files/2016/11/28/nbc_nds_worgreatpyrenees_161121.jpg
000047.jpg,https://www.nbcsports.com/sites/nbcsports.com/files/2019/04/17/nbc_dog_working_greatpyrenees_190405.jpg
000048.jpg,http://nebula.wsimg.com/141207cf0f049c8fbaf3205253af85ca?AccessKeyId=235AA53403D773023A78&disposition=0&alloworigin=1
000049.jpg,https://www.hillspet.com/content/dam/cp-sites/hills/hills-pet/en_us/img/breeds/great-pyrenees-standing-while-being-pet.jpg
000050.jpg,https://i0.wp.com/itsdogornothing.com/wp-content/uploads/2018/09/Want-a-Great-Pyrenees-Puppy-3.jpg?fit=1280%2C800&ssl=1
