image,source
000001.jpg,https://www.petguide.com/wp-content/uploads/2018/11/greek-harehound.jpg
000002.jpg,https://i.pinimg.com/236x/cd/01/95/cd019575919b31e199f49e5fb52a80e9--ancient-greece-the-breed.jpg
000003.jpg,https://i.pinimg.com/originals/db/74/1c/db741c98303c2bbc63bfbff31c34d4cc.jpg
000004.jpg,https://www.dogzone.com/images/breeds/greek-harehound.jpg
000005.jpg,https://www.dogbreedinfo.com/images19/HellenicHoundMachiFemaleXerovasilasPetros.JPG
000006.jpg,https://vignette.wikia.nocookie.net/dog-breed4080/images/1/16/Greek-Harehound-Dog-Face-Photo-800x599.jpg/revision/latest?cb=20171203154952
000007.jpg,https://38vtm736ybavjl8ghz51n2ed-wpengine.netdna-ssl.com/wp-content/uploads/2015/05/Greek-Harehound.jpg
000008.jpg,https://previews.123rf.com/images/f8grapher/f8grapher1310/f8grapher131000052/22996817-a-young-beautiful-black-and-tan-hellinikos-inchnilatis-dog-standing-on-the-lawn-the-greek-harehound-.jpg
000009.jpg,https://www.dogbreedinfo.com/images8/HELLENIKOS_ICHNILATISAda_head.jpg
000010.jpg,https://alchetron.com/cdn/greek-harehound-945e556d-b98a-4d1c-823b-eea6740fe76-resize-750.jpeg
000011.jpg,http://s6004.pcdn.co/wp-content/uploads/2019/03/luca3-1.jpg
000012.jpg,https://live.staticflickr.com/4375/36695424085_61538e7e7b_b.jpg
000013.jpg,http://sarpbekirozu.tripod.com/sitebuildercontent/sitebuilderpictures/dscf0194.jpg
000014.jpg,https://i.ytimg.com/vi/gpfdDOo-tu0/maxresdefault.jpg
000015.jpg,https://i.ytimg.com/vi/ca2bKfJZQZs/hqdefault.jpg
000016.jpg,http://www.dogwallpapers.net/wallpapers/two-greek-harehound-dogs-wallpaper.jpg
000017.jpg,https://www.pets4homes.co.uk/images/classifieds/2019/01/21/2189231/large/greek-harehound-looking-for-her-forever-home-5c45b5da0d516.jpg
000018.jpg,http://www.dogwallpapers.net/wallpapers/greek-harehound-dog-in-the-forest-photo.jpg
000019.jpg,https://live.staticflickr.com/4509/37834340061_2f9ee5ae3f_b.jpg
000020.jpg,http://petshoptop.ru/media/b8/5b/19/b85b19cea2f0268e105f30d78f668250/56fb9a6f230ed.jpg
000021.jpg,https://i.pinimg.com/originals/de/bb/fd/debbfdc2a128d5bc3ace560a84971b9e.jpg
000022.jpg,https://purebreddogsforsale.files.wordpress.com/2015/02/fxvbg.jpg
000023.jpg,http://i.pinger.pl/pgr387/99b8a4ad000922724b13b698/452px-Go%25C5%2584czy_grecki.jpg
000024.jpg,https://gudog.s3.amazonaws.com/dog/avatar/204433/big_703f5ada-40e3-4314-ae47-94543c589495.jpeg
000025.jpg,http://www.dogbreedinfo.com/images4/GreekHoundRedmas1.jpg
000026.jpg,http://www.tiptopglobe.com/big-photo/hellenic-hound-dog-standard-2.jpg
000027.jpg,https://spng.pngfly.com/20180622/obl/kisspng-austrian-black-and-tan-hound-black-and-tan-coonhou-vizsla-5b2d3d29e1b258.6071377715296914339245.jpg
000028.jpg,https://images-wixmp-ed30a86b8c4ca887773594c2.wixmp.com/f/87a6f783-c728-42f9-ad0a-7d52aece52d2/d3i74p0-bbdb29da-4580-4bde-8763-1f116e038ffd.png?token=eyJ0eXAiOiJKV1QiLCJhbGciOiJIUzI1NiJ9.eyJzdWIiOiJ1cm46YXBwOjdlMGQxODg5ODIyNjQzNzNhNWYwZDQxNWVhMGQyNmUwIiwiaXNzIjoidXJuOmFwcDo3ZTBkMTg4OTgyMjY0MzczYTVmMGQ0MTVlYTBkMjZlMCIsIm9iaiI6W1t7InBhdGgiOiJcL2ZcLzg3YTZmNzgzLWM3MjgtNDJmOS1hZDBhLTdkNTJhZWNlNTJkMlwvZDNpNzRwMC1iYmRiMjlkYS00NTgwLTRiZGUtODc2My0xZjExNmUwMzhmZmQucG5nIn1dXSwiYXVkIjpbInVybjpzZXJ2aWNlOmZpbGUuZG93bmxvYWQiXX0.HeAGk-TglVCp_WgV3bJ8ef8tUGuIHMX_Be4XG2irISQ
000029.jpg,https://bigdogbreeds.info/wp-content/uploads/2018/10/Greek-Harehound-dog-food3-300x225.jpg
000030.jpg,https://i.ebayimg.com/images/g/k9EAAOSw05tagAK3/s-l300.jpg
000031.jpg,https://t4.ftcdn.net/jpg/02/15/43/79/500_F_215437945_SU498YWgQeMDsAjvVeqzyK0UewoagIoz.jpg
000032.jpg,https://i.pinimg.com/originals/3d/5b/a5/3d5ba50c4b4f1ef346704edede8c6ced.jpg
000033.jpg,http://sarpbekirozu.tripod.com/sitebuildercontent/sitebuilderpictures/.pond/dscf0147.jpg.w300h225.jpg
000034.jpg,https://pbs.twimg.com/media/Dv_5A9_XQAEE7Wn.jpg
000035.jpg,http://www.dogwallpapers.net/wallpapers/cute-greek-harehound-dog-photo.jpg
000036.jpg,https://i5.walmartimages.com/asr/3cfb633a-c1ee-405d-8aa2-aa8b5ee86f65_1.eee771c60f9f2d640e02f24751c18e25.jpeg?odnHeight=450&odnWidth=450&odnBg=FFFFFF
000037.jpg,https://www.pixoto.com/images-photography/animals---dogs/portraits/greek-hare-hound-5860383672238080.jpg
000038.jpg,https://images-na.ssl-images-amazon.com/images/I/41t7GhzXWnL._SX331_BO1,204,203,200_.jpg
000039.jpg,http://molosserdogs.com/gallery/albums/userpics/10001/GreekHarehound.jpg
000040.jpg,http://static-17.sinclairstoryline.com/resources/media/a62e7a56-cb06-4a40-a95c-af63251c0376-smallScale_2V7A2536.jpg?1556740959024
000041.jpg,https://i.ytimg.com/vi/jYPgKIhxHDg/maxresdefault.jpg
000042.jpg,https://i.imgur.com/dX0zksml.jpg
000043.jpg,http://s6004.pcdn.co/wp-content/uploads/2015/04/52e530993146236205083c8895adcdd8.jpg
000044.jpg,https://live.staticflickr.com/4779/38941206140_24dcfef7ed_b.jpg
000045.jpg,https://farm1.static.flickr.com/807/41117038281_01c76bafaa.jpg
000046.jpg,https://spdc.org.uk/wp-content/uploads/2017/03/RhonaSarah-2-of-24-1.jpg
000047.jpg,http://www.petmed.net.au/wp-content/uploads/2015/04/Greek-Harehound.jpg
000048.jpg,https://banner2.kisspng.com/20190614/zyr/kisspng-dobermann-black-and-tan-coonhound-greek-harehound-5d0324b9717911.1748595915604870974648.jpg
000049.jpg,https://images1.americanlisted.com/nlarge/greek-hellenic-hare-hound-puppies-americanlisted_44566811.jpg
000050.jpg,http://static-18.sinclairstoryline.com/resources/media/6a5d7cdf-6c3d-425c-a646-986ca7934a72-smallScale_2V7A2636.jpg?1555601010583
