image,source
000001.jpg,https://upload.wikimedia.org/wikipedia/commons/a/a5/Greek_shepherd_male.jpg
000002.jpg,https://filoneikos.gr/wp-content/uploads/2018/08/%CE%95%CE%BB%CE%BB%CE%B7%CE%BD%CE%B9%CE%BA%CF%8C%CF%82-%CE%A0%CE%BF%CE%B9%CE%BC%CE%B5%CE%BD%CE%B9%CE%BA%CF%8C%CF%82.jpg
000003.jpg,https://www.101dogbreeds.com/wp-content/uploads/2017/05/Greek-Shepherd-Dog-Images.jpg
000004.jpg,https://www.101dogbreeds.com/wp-content/uploads/2017/05/Greek-Sheepdog.jpg
000005.jpg,https://www.101dogbreeds.com/wp-content/uploads/2017/05/Greek-Shepherd-Dog.jpg
000006.jpg,https://www.dogbreedplus.com/dog_breeds/images/greek-sheepdog_001.jpg
000007.jpg,https://i.redd.it/ba2nyte4zom01.jpg
000008.jpg,https://www.101dogbreeds.com/wp-content/uploads/2017/05/Greek-Shepherd-Dog-Puppy.jpg
000009.jpg,https://i.pinimg.com/originals/b0/c1/53/b0c1534c6f66f9bf35a4ccc0f3ef1926.jpg
000010.jpg,https://www.101dogbreeds.com/wp-content/uploads/2017/05/Greek-Shepherd-Puppy.jpg
000011.jpg,https://www.researchgate.net/profile/Orhan_Yilmaz5/publication/273257326/figure/fig5/AS:294700855644160@1447273567069/Greek-Shepherd-Dog.png
000012.jpg,http://www.molosserdogs.com/gallery/albums/userpics/alspics/GreekShepherdDog534.jpg
000013.jpg,https://www.dogbreedinfo.com/images4/GreekSheepdogBobtail.jpg
000014.jpg,https://www.dogbreedinfo.com/images4/GreekSheepdogBrindl2.jpg
000015.jpg,https://filoneikos.gr/wp-content/uploads/2018/08/%CE%95%CE%BB%CE%BB%CE%B7%CE%BD%CE%B9%CE%BA%CF%8C%CF%82-%CE%A0%CE%BF%CE%B9%CE%BC%CE%B5%CE%BD%CE%B9%CE%BA%CF%8C%CF%8202.jpg
000016.jpg,http://globaldogbreeds.com/wp-content/uploads/2018/10/Greek-Shepherd-Dog.jpg
000017.jpg,https://i.redd.it/7k28mzkpuyj11.jpg
000018.jpg,http://epicrides.gr/wp-content/uploads/2018/11/31d5e50f7a1e6d116e0ed54cb308e5eb-1024x596.jpg
000019.jpg,https://www.dogbreedinfo.com/images28/GreekSheepdogRareDogBreedGreekShepherdPurebredDogMegaraPuppy3MonthsOld1.jpg
000020.jpg,https://i.pinimg.com/originals/8a/44/98/8a449879f6d31b2eb37d9db5527e8e8e.jpg
000021.jpg,https://i.ytimg.com/vi/G5hlOwTSt7Y/hqdefault.jpg
000022.jpg,https://static1.squarespace.com/static/57125c2c2b8dde54a34b537f/t/5c2f9e004ae237878165a054/1546624530069/flat%2C1000x1000%2C075%2Cf.u49.jpg
000023.jpg,https://c8.alamy.com/comp/CX1631/greek-shepherd-sitting-in-snow-CX1631.jpg
000024.jpg,http://dogschool.gr/wp-content/uploads/2015/05/IMG_20150506_174332-773x1030.jpg
000025.jpg,https://www.101dogbreeds.com/wp-content/uploads/2017/05/Greek-Shepherd-White.jpg
000026.jpg,https://i.ytimg.com/vi/NRqBjge-Nro/maxresdefault.jpg
000027.jpg,https://i.pinimg.com/originals/59/d4/27/59d4277ab1a42e3864ea19bb61468ccb.jpg
000028.jpg,https://straypawsfromgreece.com/ciniki-web-cache/3/3f104509-33a1-11e7-9058-1204fe47b286/w400/0000027569.jpg
000029.jpg,https://previews.123rf.com/images/gioiak2/gioiak21808/gioiak2180800186/106445851-greek-shepherd-dog-white-brown-and-black-outdoors-blurry-garden-background.jpg
000030.jpg,https://www.dogbreedinfo.com/images19/HELLINIKOSPIMENIKOSLEONGreekSheepdog.JPG
000031.jpg,https://i.pinimg.com/originals/5d/c8/8c/5dc88c5d3ab5be0daaf1f26215525204.jpg
000032.jpg,https://images.puppyfinder.com/AdInfo/4/d/a/4daca9adc2e07d7d_o_1b8k9vqll1pld1ug082v14k415ckm_medium.JPG
000033.jpg,http://www.gopetsamerica.com/dog_breeds/pics/sarplaninac.jpg
000034.jpg,https://thumbs.dreamstime.com/z/side-close-up-view-white-brown-greek-shepherd-dog-open-mouth-against-blurry-side-close-up-view-white-brown-131683779.jpg
000035.jpg,https://dl5zpyw5k3jeb.cloudfront.net/photos/pets/44007520/3/?bust=1550091812&width=720
000036.jpg,http://globaldogbreeds.com/wp-content/uploads/2018/10/Greek-Shepherd-Puppy.jpg
000037.jpg,https://purebreddogsforsale.files.wordpress.com/2015/02/shr.jpg
000038.jpg,https://c8.alamy.com/comp/AC4J37/portrait-of-greek-shepherd-in-rural-greece-AC4J37.jpg
000039.jpg,https://www.researchgate.net/profile/Orhan_Yilmaz5/publication/273257326/figure/fig4/AS:294700851449870@1447273567015/Carpatin-Shepherd-Dog_Q320.jpg
000040.jpg,https://image.shutterstock.com/image-photo/portrait-faithful-greek-shepherd-dog-450w-256881535.jpg
000041.jpg,http://globaldogbreeds.com/wp-content/uploads/2018/10/Greek-Shepherd-Puppies.jpg
000042.jpg,https://www.arcturos.gr/files/temp/AF3FE8F242C9D6B52EFB92134549C54E.jpg
000043.jpg,https://t3.ftcdn.net/jpg/02/52/68/78/500_F_252687829_jgdkdgu6WpUT8gABDw0gpCKa8tPPIC9s.jpg
000044.jpg,http://kanali-apartment.gr/index.php?view=image&format=raw&type=orig&id=28&option=com_joomgallery&Itemid=2&lang=en
000045.jpg,https://image.shutterstock.com/image-photo/greek-shepherd-dog-canis-lupus-600w-1010253403.jpg
000046.jpg,https://www.jaha.org/edu/discovery_center/push-pull/img/oldcountry_album/images/shepherds-greece.jpg
000047.jpg,https://static1.squarespace.com/static/5986eaae414fb5ac5451f4e8/5bead039cd8366439d569646/5bead1170ebbe846eb4ba9af/1542147874295/photostories-greek-shepherds-www.stemajourneys.com-22.jpg?format=500w
000048.jpg,https://www.dogbreedinfo.com/images4/GreekSheepdogWhiteg1.jpg
000049.jpg,https://i.ytimg.com/vi/SWF3opJlDvY/hqdefault.jpg
000050.jpg,https://live.staticflickr.com/1165/909213254_2f4238df03_z.jpg
