image,source
000001.jpg,https://cdn2-www.dogtime.com/assets/uploads/2011/01/file_23024_greyhound-460x290.jpg
000002.jpg,https://images1.miaminewtimes.com/imager/u/745xauto/11060736/greyhound-adoption.jpg
000003.jpg,https://img.maximummedia.ie/her_ie/eyJkYXRhIjoie1widXJsXCI6XCJodHRwOlxcXC9cXFwvbWVkaWEtaGVyLm1heGltdW1tZWRpYS5pZS5zMy5hbWF6b25hd3MuY29tXFxcL3dwLWNvbnRlbnRcXFwvdXBsb2Fkc1xcXC8yMDE4XFxcLzA0XFxcLzE1MTIwNDA4XFxcL2Rvd25sb2FkLTEuanBnXCIsXCJ3aWR0aFwiOjc2NyxcImhlaWdodFwiOjQzMSxcImRlZmF1bHRcIjpcImh0dHBzOlxcXC9cXFwvd3d3Lmhlci5pZVxcXC9hc3NldHNcXFwvaW1hZ2VzXFxcL2hlclxcXC9uby1pbWFnZS5wbmc_aWQ9YjYzYjA3MWIxM2EwZDk0ZWM2MTNcIixcIm9wdGlvbnNcIjpbXX0iLCJoYXNoIjoiMDFiOWJmN2U5YjgxMzViZDZhYWM4YmYyNzhiYmU0OGNhNjQ0OTUwOCJ9/download-1.jpg
000004.jpg,https://upload.wikimedia.org/wikipedia/commons/e/ef/GraceTheGreyhound.jpg
000005.jpg,https://i1.wp.com/www.wagpets.com/wp-content/uploads/2017/10/greyhound.jpeg?fit=808%2C1216&ssl=1
000006.jpg,https://s3.amazonaws.com/cdn-origin-etr.akc.org/wp-content/uploads/2017/11/12232417/Greyhound-MP.jpg
000007.jpg,https://d1wn0q81ehzw6k.cloudfront.net/additional/thul/media/71a48b88641d8ad3?w=890&h=590&crop=1
000008.jpg,https://www.gapnsw.com.au/wp-content/uploads/Greyhounds_Cent_Park_160520_0170.jpg
000009.jpg,https://bloximages.chicago2.vip.townnews.com/sentinelsource.com/content/tncms/assets/v3/editorial/d/44/d44fc837-a2b1-5b95-8e61-87bd8648f89e/5be9fd4cc5d7c.image.jpg
000010.jpg,https://www.pets4homes.co.uk/images/articles/5047/large/familial-enamel-hypoplasia-or-amelogenesis-imperfecta-in-the-italian-greyhound-5bc85195ebe5a.jpg
000011.jpg,https://www.vetcarepethospital.ca/wp-content/uploads/sites/17/2018/11/shutterstock_523160830.jpg
000012.jpg,https://floridapolitics.com/wp-content/uploads/2017/11/greyhound-shelters.jpg
000013.jpg,http://www.greyhoundcrossroads.com/uploads/Taking%20Greyt%20Photos/Sugar427c.jpg?1488389681482
000014.jpg,https://thespinoff.co.nz/wp-content/uploads/2018/11/GM-Zandie-gets-used-to-being-brushed-350-850x510.jpg
000015.jpg,https://a57.foxnews.com/static.foxnews.com/foxnews.com/content/uploads/2018/11/640/320/greyhound-dogs-istock.jpg?ve=1&tl=1
000016.jpg,https://3c1703fe8d.site.internapcdn.net/newman/csz/news/800/2018/easypetsorfa.jpg
000017.jpg,http://img1.wsimg.com/isteam/ip/7a3ed918-e000-4735-9538-0cd2eaf96e0e/e710ff4b-0676-4ff4-a5ab-2ef71430e2eb.JPG
000018.jpg,https://blog.humanesociety.org/wp-content/uploads/2018/04/GREYHOUNDS-ALAMYEAWDH7_311303-1158x820.jpg
000019.jpg,https://images-na.ssl-images-amazon.com/images/I/81%2BHI8zmJ2L.jpg
000020.jpg,https://deframedia.blog.gov.uk/wp-content/uploads/sites/208/2019/02/greyhound-620x402.jpg
000021.jpg,http://arizonaadoptagreyhound.org/wp-content/uploads/2018/09/ZacklyBody.jpg
000022.jpg,http://nebula.wsimg.com/48b20976beafd1dc14d929345fe4c5eb?AccessKeyId=35F3DF90D0843B00E28C&disposition=0&alloworigin=1
000023.jpg,https://www.tefaf.com/en-us/medialibrary/artobject?path=TM2019%5Caaro%5Ccf918822-f60b-4ff7-9943-bc14982017c3%5C1_T-OUDRYb.jpg&type=ArtFull
000024.jpg,https://img.huffingtonpost.com/asset/5be70d712200000f03de3b33.jpeg?ops=scalefit_720_noupscale
000025.jpg,https://www.grv.org.au/wp-content/uploads/2019/03/Orson-7-640.jpg
000026.jpg,https://s3.amazonaws.com/cdn-origin-etr.akc.org/wp-content/uploads/2017/11/12231757/Italian-Greyhound-On-White-03.jpg
000027.jpg,https://www.animalfriends.co.uk/app/uploads/2017/09/28085455/iStock-93429124.jpg
000028.jpg,https://www.peta.org/wp-content/uploads/2018/11/Lennon-Hemopet.jpg
000029.jpg,https://www.radiokerry.ie/wp-content/uploads/sites/16/Greyhound-1.jpg
000030.jpg,http://www.greyhound-data.com/gfx/adoption-classified.jpg
000031.jpg,https://www.irishtimes.com/polopoly_fs/1.3588984.1533660297!/image/image.jpg_gen/derivatives/box_620_330/image.jpg
000032.jpg,https://news.wjct.org/sites/wjct/files/styles/x_large/public/201712/Greyhound_Racing_2_amk_0.jpg
000033.jpg,https://i.redd.it/uoknxbg5ixe21.jpg
000034.jpg,http://www.thetimes.co.uk/imageserver/image/methode%2Ftimes%2Fprod%2Fweb%2Fbin%2Fd310587e-27d4-11e8-bb7d-85110f4c5caa.jpg?crop=1600%2C900%2C0%2C0&resize=685
000035.jpg,http://mediad.publicbroadcasting.net/p/shared/npr/styles/medium/nprshared/201705/528922039.jpg
000036.jpg,https://cdnph.upi.com/svc/sv/i/9211543913950/2018/1/15440153236740/Rescue-groups-prep-for-greyhound-influx-after-Florida-bans-racing.jpg
000037.jpg,https://www.ctvsh.com/sites/default/files/styles/large/adaptive-image/public/greyhound-dog-breed-info.jpg?itok=TwHdB7d6
000038.jpg,https://www.gpac.ca/wp-content/uploads/2018/05/Trudys-dogs.jpg
000039.jpg,http://d279m997dpfwgl.cloudfront.net/wp/2018/11/1112_dog-racing-1000x659.jpg
000040.jpg,https://cdn.newsapi.com.au/image/v1/2b64679ef7d6fe03ebbe12bde50772ab?width=1024
000041.jpg,https://cdn.racenet.com.au/images/news/news_images/1939w/greyhound-trainer-charged-with-match-fixing-.jpg
000042.jpg,https://www.abc.net.au/news/image/9986882-3x2-700x467.jpg
000043.jpg,https://www.thesprucepets.com/thmb/lt-t9XuwViK3CiW8es-EboQs6nU=/450x0/filters:no_upscale():max_bytes(150000):strip_icc()/Greyhounddog-GettyImages-1125069028-7530ab0f7b8644f38e6ce03552f97ab0.jpg
000044.jpg,https://www.greyhoundsaspets.com.au/wp-content/uploads/2018/04/IMG_5337.jpg
000045.jpg,https://e3.365dm.com/18/05/768x432/skynews-greyhound-dog_4303007.jpg?20180506212301
000046.jpg,https://thebark.com/sites/default/files/styles/full/public/content/article/full/greyhounds.jpg?itok=4NRviDmZ
000047.jpg,https://s3.amazonaws.com/cdn-origin-etr.akc.org/wp-content/uploads/2017/11/17171017/Greyhounds.jpg
000048.jpg,https://www.nbcsports.com/sites/nbcsports.com/files/2018/03/31/nbc_bhds_hound_greyhound_180327.jpg
000049.jpg,http://america.aljazeera.com/content/dam/ajam/images/shows/AmericaTonight/2015/01/greyhounds2.jpg
000050.jpg,https://www.dogstrust.ie/whats-happening/news/160195lrg_untitled-design-(9).png
