image,source
000001.jpg,https://mediasv6.truffaut.com/Articles/jpg/0296000/296208_001_1000.jpg
000002.jpg,http://www.dogzone.com/images/breeds/griffon-bruxellois.jpg
000003.jpg,https://i.etsystatic.com/12928818/r/il/2d9d1e/1451725836/il_794xN.1451725836_diyp.jpg
000004.jpg,https://img.pixers.pics/pho_wat(s3:700/FO/39/81/71/63/700_FO39817163_60e0659bf97eee78780edcd5ff147716.jpg,454,700,cms:2018/10/5bd1b6b8d04b8_220x50-watermark.png,over,234,650,jpg)/wall-murals-griffon-bruxellois-puppy.jpg.jpg
000005.jpg,https://www.pets4homes.co.uk/images/breeds/139/0b17e5505a7b8bfa0f3f5394a5649329.jpg
000006.jpg,https://cmkt-image-prd.global.ssl.fastly.net/0.1.0/ps/2426268/910/1274/m2/fpnw/wm1/vd98mwtwn99ztfltucckkjfwaogzh8zh0vj3jkqqttvujhoi6jpxv15ngsn9e3bg-.jpg?1489870568&s=86aa5a626a85c4e2d0f2d21ffbd9acca
000007.jpg,https://previews.123rf.com/images/fotojagodka/fotojagodka1311/fotojagodka131100258/23734292-griffon-bruxellois-puppy-on-a-white-background.jpg
000008.jpg,https://upload.wikimedia.org/wikipedia/commons/thumb/b/b3/0709_gucci_stolt.jpg/220px-0709_gucci_stolt.jpg
000009.jpg,https://previews.123rf.com/images/koljambus/koljambus1202/koljambus120200030/12507863-griffon-bruxellois-isolated-over-white-background.jpg
000010.jpg,https://fscomps.fotosearch.com/compc/FSD/FSD504/griffon-bruxellois-puppy-5-months-old-stock-photo__x12517247.jpg
000011.jpg,https://i.pinimg.com/originals/24/36/80/243680f63803fbf7445d5aebad4e03b9.jpg
000012.jpg,https://static.passeportsante.net/200x200/i47966-griffon-bruxellois.jpg
000013.jpg,https://s3.envato.com/files/3423797/2007_193_024_004.jpg
000014.jpg,https://images.freeart.com/comp/art-print/fa20955470/griffon-bruxellois-and-petit-brabancon.jpg
000015.jpg,https://i.ebayimg.com/images/g/SUQAAMXQAF5RgKLK/s-l300.jpg
000016.jpg,https://www.woopets.fr/assets/races/000/206/mobile/griffon-bruxellois.jpg
000017.jpg,https://www.featurepics.com/StockImage/20141222/griffon-bruxellois-dog-stock-picture-3391759.jpg
000018.jpg,https://azure.wgp-cdn.co.uk/app-yourdog/posts/griffon.jpg
000019.jpg,https://media.ooreka.fr/public/image/3-307435-3127-full-13126785.jpg
000020.jpg,https://s3.envato.com/files/3438223/2008_137_006_034.jpg
000021.jpg,https://static9.depositphotos.com/1006876/1114/i/950/depositphotos_11144751-stock-photo-griffon-bruxellois-portrait.jpg
000022.jpg,http://www.griffonnsw.com/images/page_226.jpg
000023.jpg,http://thegriffonclub1897.co.uk/photos/Coco.jpg
000024.jpg,https://images-na.ssl-images-amazon.com/images/I/41-rceZUsCL._SX331_BO1,204,203,200_.jpg
000025.jpg,http://www.dogwallpapers.net/wallpapers/griffon-bruxellois-puppy-photo.jpg
000026.jpg,https://cdn3-www.dogtime.com/assets/uploads/2011/01/file_23098_brussels-griffon-460x290.jpg
000027.jpg,https://i2.wp.com/dogloversshow.com.au/directory/wp-content/uploads/sites/4/2016/06/Griffon-Bruxellois_LR.jpg?fit=420%2C350&ssl=1
000028.jpg,https://c8.alamy.com/comp/BGG26K/griffon-bruxellois-dog-BGG26K.jpg
000029.jpg,https://i.etsystatic.com/12269032/r/il/926b2a/1440739461/il_570xN.1440739461_l66b.jpg
000030.jpg,https://www.dogslife.com.au/wp-content/uploads/2008/12/Griffon-Bruxellois_large.jpg
000031.jpg,https://i.imgur.com/7kUKRLp.jpg
000032.jpg,https://cmkt-image-prd.global.ssl.fastly.net/0.1.0/ps/2426269/910/606/m2/fpnw/wm1/jwsv6ikijf8qihhzifeq8brlr0equozshoeswwavuqn3nbuwyq0em5icpkfdproy-.jpg?1489870568&s=da198481781250d84d544a2baa2a1f6b
000033.jpg,https://render.fineartamerica.com/images/rendered/default/metal-print/6.250/8.000/break/images-medium-5/griffon-bruxellois-puppy-fotojagodka.jpg
000034.jpg,https://www.thesprucepets.com/thmb/0zIkFFwvGfnDsu1spwZAKM5Ff2s=/1500x1500/filters:no_upscale():max_bytes(150000):strip_icc()/kevin-5a748721303713003752cf84.jpg
000035.jpg,https://i.ytimg.com/vi/1Ujfn98JVD8/hqdefault.jpg
000036.jpg,https://previews.123rf.com/images/isselee/isselee0712/isselee071200223/2214121-griffon-bruxellois-2-years-in-front-of-a-white-background.jpg
000037.jpg,https://comps.canstockphoto.com/griffon-bruxellois-puppy-picture_csp39789917.jpg
000038.jpg,https://images.freeart.com/comp/art-print/fa20955259/griffon-bruxellois-and-petit-brabancon.jpg
000039.jpg,http://www.noahsdogs.com/m/photos/get_image/file/111520c39fdc600dd5451dde410efa2b.jpg
000040.jpg,https://www.omlet.fr/images/cache/512/768/Dog-Brussels_Griffon-An_adult_Brussels_Griffon_with_a_beatifully_groomed_brown_coat.jpg
000041.jpg,https://i.thenile.io/r1000/9781526945778.jpg
000042.jpg,https://images-na.ssl-images-amazon.com/images/I/61jIQRBvh3L.jpg
000043.jpg,https://img.pixers.pics/pho_wat(s3:700/FO/42/73/49/39/700_FO42734939_cb49ec0aa9b1b1326a3b79bdddaaa912.jpg,700,467,cms:2018/10/5bd1b6b8d04b8_220x50-watermark.png,over,480,417,jpg)/wall-murals-griffon-bruxellois-lying.jpg.jpg
000044.jpg,https://www.featurepics.com/StockImage/20141222/griffon-bruxellois-dog-stock-picture-3391757.jpg
000045.jpg,https://da1urhpfd469z.cloudfront.net/uploads/advertphotos/19/0210/37424695-807-640x866.jpg
000046.jpg,https://d17fnq9dkz9hgj.cloudfront.net/breed-uploads/2018/08/brussels-griffon-detail.jpg?bust=1535565381&width=355
000047.jpg,https://fscomps.fotosearch.com/compc/CSP/CSP620/griffon-bruxellois-and-petit-brabancon-stock-photo__k20955469.jpg
000048.jpg,https://azure.wgp-cdn.co.uk/app-yourdog/posts/griffon2.jpg
000049.jpg,https://media.gettyimages.com/photos/light-brown-griffon-bruxellois-dog-with-a-bristling-beard-and-shining-picture-iddor60005762
000050.jpg,http://www.charlottereeves.com.au/wp-content/uploads/2015/02/Griffon-Bruxellois-Brisbane-02.jpg
