image,source
000001.jpg,https://upload.wikimedia.org/wikipedia/commons/thumb/d/dc/Belgian_Groenendael_-_MEN.jpg/220px-Belgian_Groenendael_-_MEN.jpg
000002.jpg,https://upload.wikimedia.org/wikipedia/commons/3/35/Groenendael.jpg
000003.jpg,https://www.purina.com.au/-/media/Project/Purina/Main/Breeds/Dog/Mobile/Dog_Belgian-Shepherd-Groenendael_Mobile.jpg?h=300&la=en&w=375&hash=6AD164388110B7F98D349B2EC6DD185B
000004.jpg,https://www.dogsnsw.org.au/media/img/BrowseAllBreed/Belgian-Shepherd-Dog-Groenendael.jpg
000005.jpg,https://www.dogzone.com/images/breeds/groenendael-dog.jpg
000006.jpg,https://www.petful.com/wp-content/uploads/2016/05/Groenendael-dog-photo-big-750x423.jpg
000007.jpg,https://i.pinimg.com/originals/a1/32/5d/a1325d3ad53897908111cb89ca47ec3c.jpg
000008.jpg,https://www.pets4homes.co.uk/images/classifieds/2018/06/23/1964365/large/belgian-shepherd-dog-groenendael-puppy-5b6726a09adfa.jpg
000009.jpg,http://www.easypetmd.com/sites/default/files/Belgian%20Shepherd%20Dog-%20Groenendael%20(2).jpg
000010.jpg,https://st3.depositphotos.com/4055297/17464/i/1600/depositphotos_174643484-stock-photo-groenendael-belgian-shepherd-dog.jpg
000011.jpg,https://www.petful.com/wp-content/uploads/2016/05/Groenendael-750x498.png
000012.jpg,https://www.yourpurebredpuppy.com/dogbreeds/photos-AB/belgiansheepdogsf7.jpg
000013.jpg,https://i1.wp.com/puppytoob.com/wp-content/uploads/2018/06/Belgian-Shepherd-Groenendael3.jpg?fit=1280%2C852&ssl=1
000014.jpg,https://www.pets4homes.co.uk/images/breeds/162/large/6a378bc9b2c128b9ad26f111b5bd49f5.jpg
000015.jpg,https://cdn2-www.dogtime.com/assets/uploads/gallery/belgian-sheepdog-dog-breed-pictures/1-multi.jpg
000016.jpg,https://s3.amazonaws.com/cdn-origin-etr.akc.org/wp-content/uploads/2017/11/28172010/Belgian-Sheepdog.jpg
000017.jpg,https://i.ytimg.com/vi/m6LKA03C8bY/hqdefault.jpg
000018.jpg,https://cdn.omlet.co.uk/images/cache/1024/679/Dog-Belgian_Shepherd_Dog_(Groenendael)-The_four_types_of_belgian_shepherd_dog_(Groenendael,_Laekenois,_Malinois,_Tervueren).jpg
000019.jpg,https://i.pinimg.com/originals/4d/96/6e/4d966ead8837ef9d72d1f1c01fe1b53f.jpg
000020.jpg,https://cdn.omlet.co.uk/images/cache/555/768/Dog-Belgian_Shepherd_Dog_(Groenendael)-A_loving_Belgian_Shepherd_Dog_(Groenendael)_with_her_puppy.jpg
000021.jpg,https://ckcusa.com/media/147462/belgian-sheepdog-groenendael.jpg?preset=ckcBreedImage375
000022.jpg,https://cdn.omlet.co.uk/images/cache/519/768/Dog-Belgian_Shepherd_Dog_(Groenendael)-A_beautiful_Belgian_Shepherd_Dog_(Groenendael)_sitting_down.jpg
000023.jpg,https://cdn.omlet.co.uk/images/cache/1024/766/Dog-Belgian_Shepherd_Dog_(Groenendael)-A_fluffy_Belgian_Shepherd_Dog_(Groenendael)_puppy.jpg
000024.jpg,https://i.ytimg.com/vi/0y-pjHtjaWo/maxresdefault.jpg
000025.jpg,https://www.pets4homes.co.uk/images/breeds/162/large/1ea4c6c7682273f1b366f3ed144e14e1.jpg
000026.jpg,https://www.dogbreedinfo.com/images23/BelgianSheepdogGroenendaelerGroenendaelIndyt5.jpg
000027.jpg,https://i.pinimg.com/originals/d7/ac/f9/d7acf9fa5b1cb241aad6196079dbf60e.jpg
000028.jpg,https://allbigdogbreeds.com/wp-content/gallery/belgian-groenendael/2013HIT2.jpg
000029.jpg,https://i.pinimg.com/originals/a6/0d/f8/a60df8fef5d80701cb8c27c8a1ca3ecb.jpg
000030.jpg,https://purebreddogsforsale.files.wordpress.com/2015/02/pastor_belga_groenendael_large.jpg
000031.jpg,https://www.petpursuits.com.au/wp-content/uploads/2015/11/Dog-training-a-sit-stay-with-a-Belgian-Shepherd-Groenendael1.jpg
000032.jpg,https://www.pets4homes.co.uk/images/classifieds/2017/10/02/1727016/large/groenendael-pup-5a06124b0c345.jpg
000033.jpg,http://platpets.com/wp-content/uploads/2018/09/Groenendael-puppies-and-diet.jpg
000034.jpg,https://images.fineartamerica.com/images-medium-large-5/groenendael-dogs-jean-michel-labat.jpg
000035.jpg,https://i.ytimg.com/vi/RJABI-Tq-nE/maxresdefault.jpg
000036.jpg,https://res.cloudinary.com/petrescue/image/upload/h_638,w_638,c_pad,q_auto:best/petrescue-production-s3/uploads/pet_photos/2014/8/10/312067_b5528_orig.jpg
000037.jpg,https://www.petbarn.com.au/petspot/app/uploads/2016/08/108.-Belgian-Shepherd-Groenendael-Belgian-Sheepdog.jpg
000038.jpg,https://i.pinimg.com/originals/a5/6d/17/a56d17f99da2882dae35725b0a85ffa8.jpg
000039.jpg,https://st3.depositphotos.com/4055297/17464/i/1600/depositphotos_174643526-stock-photo-groenendael-belgian-shepherd-dog.jpg
000040.jpg,https://thumbs.dreamstime.com/z/beautiful-fun-groenendael-dog-playing-outdoors-green-grass-long-hair-dog-beautiful-fun-groenendael-dog-puppy-waiting-black-103984525.jpg
000041.jpg,https://i3.cpcache.com/merchandise/37_300x300_Front_Color-NA.jpg?Size=NA&AttributeValue=NA&region={%22name%22:%22FrontCenter%22,%22width%22:5.25,%22height%22:4.375,%22alignment%22:%22MiddleCenter%22,%22orientation%22:0,%22dpi%22:200,%22crop_x%22:0,%22crop_y%22:0,%22crop_h%22:800,%22crop_w%22:1000,%22scale%22:0,%22template%22:{%22id%22:55045084,%22params%22:{}}}&Filters=[{%22name%22:%22background%22,%22value%22:%22ddddde%22,%22sequence%22:2}]
000042.jpg,https://thumbs.dreamstime.com/z/beautiful-fun-groenendael-dog-puppy-waiting-black-belgian-shepherd-groenendael-autumn-portrait-beautiful-fun-groenendael-dog-103984870.jpg
000043.jpg,https://previews.agefotostock.com/previewimage/medibigoff/b0709318e1858290b0d1ac6e876d60a5/mev-10753289.jpg
000044.jpg,http://www.dogwallpapers.net/wallpapers/black-belgian-shepherd-dog-groenendael-wallpaper.jpg
000045.jpg,https://www.selectadogbreed.com/media/1517/belgianshepherdgroenendael_adult.jpg
000046.jpg,https://comps.canstockphoto.co.uk/groenendael-dog-picture_csp52555810.jpg
000047.jpg,http://moussalafricain.com/wp-content/uploads/2019/04/tervueren-and-groenendael-belgian-shepherds-breeders-puppies-and-belgian-shepherd-dog-groenendael.jpg
000048.jpg,https://st3.depositphotos.com/10440072/13251/i/1600/depositphotos_132517808-stock-photo-beautiful-groenendael-dog-puppy-running.jpg
000049.jpg,https://a0.amlimg.com/NTE3MzQxZDdkZTg2NjIwN2M1NDUyOGU3YWM2OTc5YWSxSCmbL9n_uvNL24C1tJMZaHR0cDovL21lZGlhLmFkc2ltZy5jb20vZTAzZjJhNzZhZjdkNTJjY2NjY2I2MzBjN2EzYWEyYzIyYWExNTY0Y2RkNTk1YTQ3YTI0ZDdhZWNlZTUzNzk3Ny5qcGd8fHx8fHwyMTl4MjkyfGh0dHA6Ly93d3cuYWR2ZXJ0cy5pZS9zdGF0aWMvaS93YXRlcm1hcmsucG5nfHx8.jpg
000050.jpg,https://i.pinimg.com/originals/88/f1/70/88f170f4b2955996ffa53f29a0c40154.jpg
