image,source
000001.jpg,https://i.ytimg.com/vi/yffmJxJJs50/hqdefault.jpg
000002.jpg,https://upload.wikimedia.org/wikipedia/commons/thumb/d/d8/GULL_TERR_%28PAKISTANI_BULL_TERRIER%29.jpg/220px-GULL_TERR_%28PAKISTANI_BULL_TERRIER%29.jpg
000003.jpg,https://upload.wikimedia.org/wikipedia/commons/thumb/7/78/Rawalakoti_Gull_Terrier.jpg/220px-Rawalakoti_Gull_Terrier.jpg
000004.jpg,https://i.ytimg.com/vi/uGlHz3VqudI/hqdefault.jpg
000005.jpg,https://i.pinimg.com/originals/87/bb/57/87bb57f640e8a3200150407235f20929.jpg
000006.jpg,https://i.pinimg.com/originals/3f/13/4b/3f134b60ed709578bf3c9f78162950dc.jpg
000007.jpg,https://i.pinimg.com/originals/f5/a2/9e/f5a29e10dc424008ba351bc97772aa88.jpg
000008.jpg,https://i.ytimg.com/vi/Q8xyj6_EKic/hqdefault.jpg
000009.jpg,https://www.dog-breeds-expert.com/images/Gull_Terr_dotwallpapersDOTnet.jpg
000010.jpg,https://www.dogbreedinfo.com/images24/PakistaniBullTerrierGullTerrFemalePakistanKalMcMillanUK4.jpg
000011.jpg,https://upload.wikimedia.org/wikipedia/commons/8/89/Gull_Terrier.jpg
000012.jpg,https://s3.amazonaws.com/cdn-origin-etr.akc.org/wp-content/uploads/2017/11/12235410/Bull-Terrier-Care.jpg
000013.jpg,https://i.pinimg.com/236x/b3/37/7d/b3377d96528a4276475fcbc535e01078--pakistani-gull.jpg
000014.jpg,https://i.pinimg.com/236x/73/31/b4/7331b4dcfc52b184c3d013ae94d03786--pakistani-gull.jpg
000015.jpg,https://www.dog-breeds-expert.com/images/Gull_Terr_rawalpindiDOTolxDOTcomDOTpk.jpg
000016.jpg,https://s3.amazonaws.com/cdn-origin-etr.akc.org/wp-content/uploads/2017/11/12235406/Bull-Terrier-History-01.jpg
000017.jpg,https://i.ytimg.com/vi/OR273CtdDmg/hqdefault.jpg
000018.jpg,https://upload.wikimedia.org/wikipedia/commons/1/19/A_Gull_Terr.png
000019.jpg,http://canineheritage.weebly.com/uploads/5/7/0/1/57017963/white-wonder-sherbourne-queen-1890-s-gully-the-great-x-kit.jpg?325
000020.jpg,https://www.dog-breeds-expert.com/images/gull_terr_large_k2bullykutta_com.jpg
000021.jpg,https://www.dogbreedinfo.com/images27/PakistaniBullTerrierGullTerrierPurebredDogPakistan1.jpg
000022.jpg,https://upload.wikimedia.org/wikipedia/commons/2/2f/Differences_between_Bull_Terrier_and_Gull_Terrier.png
000023.jpg,http://www.easypetmd.com/sites/default/files/Gull%20Dong%20(2).jpg
000024.jpg,https://66.media.tumblr.com/9abcc64ae6ed91bfd02cda5aa2242247/tumblr_oq0zaixMRu1qd3x24o1_1280.jpg
000025.jpg,http://www.dogbreedinfo.com/images24/PakistaniGullTerrierBullTerrChakwalPunjabPakistan9.jpg
000026.jpg,https://i.pinimg.com/originals/81/3d/2a/813d2a02c748be3e483e0d411b8c11f0.jpg
000027.jpg,https://www.pets4homes.co.uk/images/breeds/4/large/aa9b912771c4477d373b95d60259ba3d.jpg
000028.jpg,https://www.dogbreedinfo.com/images24/PakistaniGullTerrierBullTerrChakwalPunjabPakistan4.jpg
000029.jpg,http://www.easypetmd.com/sites/default/files/Gull%20Dong%20(4).jpg
000030.jpg,http://www.easypetmd.com/sites/default/files/Gull%20Dong%20(8).jpg
000031.jpg,http://i1189.photobucket.com/albums/z433/bravoindian/HB1.jpg
000032.jpg,https://www.pets4homes.co.uk/images/breeds/4/large/c068461eb3dcda2e4efa37dd53d80232.jpg
000033.jpg,https://www.dogvog.com/wp-content/uploads/2018/05/PAKISTANI-GULL-TERRIER.jpg
000034.jpg,https://www.dogbreedinfo.com/images27/PakistaniBullTerrierGullTerrierPurebredDogPakistan2.jpg
000035.jpg,https://www.insidedogsworld.com/wp-content/uploads/2016/12/bullterrier5.png
000036.jpg,http://4.bp.blogspot.com/-ajaHXC4rsNk/UTkarji9NAI/AAAAAAAABbA/J6t-OfT6GSA/s1600/IMG_9349.jpg
000037.jpg,http://www.molosserdogs.com/gallery/albums/userpics/10019/gulter4.jpg
000038.jpg,http://top-dawg-kennels.tripod.com/sitebuildercontent/sitebuilderpictures/gullterrpup.jpg
000039.jpg,https://i.ytimg.com/vi/oF0jda16xPs/hqdefault.jpg
000040.jpg,https://steemitimages.com/640x0/http://aboutpetlife.com/wp-content/uploads/2016/11/1-Gull-Dong-Pakistani-fighting-dog-breed-2.jpg
000041.jpg,https://i.pinimg.com/236x/89/f3/76/89f376e1e0dc6f6811c77a0ff0bc0d19.jpg
000042.jpg,https://www.dogbreedinfo.com/images30/GullTerrPakistaniBullTerrierCesarJulia4YearsOld3.jpg
000043.jpg,https://www.insidedogsworld.com/wp-content/uploads/2016/12/bullterrier9.png
000044.jpg,https://www.forum.breedia.com/proxy.php?image=http%3A%2F%2Fwww.pitbull-chat.com%2Fattachment.php%3Fattachmentid%3D40664%26d%3D1337437211&hash=5fd0a3e7670eb283f8b383292a2cc16a
000045.jpg,http://www.easypetmd.com/sites/default/files/Bull%20and%20Terrier%20(6)_0.jpg
000046.jpg,http://www.pakfiles.com/thumb/?v=MTI1NDYxNg==
000047.jpg,https://s3.amazonaws.com/cdn-origin-etr.akc.org/wp-content/uploads/2017/11/12235403/Bull-Terrier-History-02.jpg
000048.jpg,http://www.dogwallpapers.net/wallpapers/cute-gull-terr-dog-wallpaper.jpg
000049.jpg,https://i.ytimg.com/vi/uH3RmPXdt0I/maxresdefault.jpg
000050.jpg,https://www.insidedogsworld.com/wp-content/uploads/2018/12/Bull_Terrier_Breed_Information.jpg
