image,source
000001.jpg,https://www.pets4homes.co.uk/images/breeds/308/large/87d2b4e7eec70120ba5e5d493077de76.jpg
000002.jpg,https://upload.wikimedia.org/wikipedia/commons/5/52/Hamiltonstovare_600.jpg
000003.jpg,https://s3.amazonaws.com/cdn-origin-etr.akc.org/wp-content/uploads/2017/11/20110654/Hamiltonstovare-on-White-011.jpg
000004.jpg,https://img.webme.com/pic/f/flixtonia/molly.jpg
000005.jpg,https://s3.amazonaws.com/cdn-origin-etr.akc.org/wp-content/uploads/2017/11/20111030/Hamiltonstovare-History-04-e1521559237784.jpg
000006.jpg,https://static1.squarespace.com/static/58dd2fefb3db2b59d24667dd/t/58dd31b49de4bbfb246a3a92/1490891365310/IMG_1411.jpg?format=1500w
000007.jpg,https://s3.amazonaws.com/cdn-origin-etr.akc.org/wp-content/uploads/2017/11/20111037/Hamiltonstovare-History-06.jpg
000008.jpg,http://www.fci.be/Nomenclature/Illustrations/132g06.jpg
000009.jpg,https://i.pinimg.com/originals/06/16/cd/0616cd4fe7746b0e66f5e8cc3739d8ce.jpg
000010.jpg,https://i.pinimg.com/originals/e5/86/e9/e586e9395786813ff1014d8ecab681ac.jpg
000011.jpg,https://s3.amazonaws.com/cdn-origin-etr.akc.org/wp-content/uploads/2017/11/28120734/Hamiltonstovare-care1-500x750.jpg
000012.jpg,http://breedfinder.ikc.ie/Content/images/breeds/21_hamiltonstovare.jpg
000013.jpg,https://i.pinimg.com/736x/f0/66/af/f066af19a6e609f8451bf019437238f9.jpg
000014.jpg,https://www.101dogbreeds.com/wp-content/uploads/2018/06/Hamiltonstovare-Photos.jpg
000015.jpg,http://hamiltonstovare.se/wp-content/uploads/2018/09/johannaflinta-hund-720x500.jpg
000016.jpg,https://jagareforbundet.se/contentassets/77f93b6a0dc84c7baa7f7605569391d9/hamiltonstovareca5_s.jpg?maxwidth=996
000017.jpg,https://www.101dogbreeds.com/wp-content/uploads/2018/06/Hamiltonstovare-Images.png
000018.jpg,https://topicimages.mrowl.com/large/vanessasaprincess/dogbreeds/foundationstoc/hamiltonst_vare_1.jpg
000019.jpg,http://www.skk.se//contentassets/b81197e644d34437836fb68a9d18aa49/642-hamiltonstovare.jpg
000020.jpg,http://www.umgasmagazine.com/wp-content/uploads/11116429_10206755681194428_90396437181893319_o.jpg
000021.jpg,https://i.pinimg.com/originals/3c/44/e5/3c44e51a7cf3e6a7c9a43882869db961.jpg
000022.jpg,https://www.petguide.com/wp-content/uploads/2018/01/hamiltonst%C3%B6vare-2.jpg
000023.jpg,https://images.ctfassets.net/w00x6p5qkejz/6msgRGpaGkaUgikkcU4CgO/d067622679f8dc8f17edcd291177db57/Hamiltonstovare_3.jpg
000024.jpg,http://www.dogshub.in/wp-content/uploads/2018/08/Hamiltonst%C3%B6vare-dog-india.jpg
000025.jpg,https://www.skk.se/globalassets/nku/filer/images/nordic-breeds/medlemsbilder/hamiltonstovare-medlem.jpg
000026.jpg,https://www.101dogbreeds.com/wp-content/uploads/2018/06/Hamiltonstovare-Dog.jpg
000027.jpg,https://i.ytimg.com/vi/Pgu8pi8HnAw/maxresdefault.jpg
000028.jpg,https://i.pinimg.com/originals/b1/fb/b7/b1fbb70db617af0e59a2f6e1607b5a24.jpg
000029.jpg,https://vignette.wikia.nocookie.net/dog-breed4080/images/a/aa/Hamiltonstovare_longman.jpg/revision/latest?cb=20170903145418
000030.jpg,https://wds2018.com/wp-content/uploads/2017/05/Hamilton-Stovare.jpg
000031.jpg,http://trollmyrberget.se/wp-content/uploads/2016/04/Raja-2000.jpg
000032.jpg,https://img.webme.com/pic/f/flixtonia/Louis%20and%20Roland%20copy.jpg
000033.jpg,https://thumb.mp-farm.com/8937361/preview.jpg
000034.jpg,http://2.bp.blogspot.com/-FO5wotmRQn4/UslBHHosEkI/AAAAAAAAfPI/mcO-V5LrEWo/s1600/a+(18).jpg
000035.jpg,http://www.skk.se//link/8b5a9dbddb1842a0bff853ecfd2fcd77.jpg
000036.jpg,https://www.petguide.com/wp-content/uploads/2018/01/hamiltonst%C3%B6vare-1.jpg
000037.jpg,http://dogbreedstandards.com/wp-content/uploads/2012/11/hamiltonstovare.jpg
000038.jpg,https://4.bp.blogspot.com/--FWDi3s3d5c/XM0pxKBg4mI/AAAAAAAA1hM/WSEizM0mI1g1RxP2jCTbSgOQzcZKj1GEwCLcBGAs/s1600/a%2B%25281%2529.JPG
000039.jpg,https://www.worldlydogs.com/uploads/5/2/2/3/52234445/1337090_orig.png
000040.jpg,https://doglime.com/wp-content/uploads/2019/03/Hamilton-Hound-information..jpg
000041.jpg,https://www.purina-arabia.com/sites/default/files/hamiltonstovare_400x378.jpg
000042.jpg,https://i.pinimg.com/originals/37/ee/0d/37ee0dcf1ea2bffa5aaec41c34bf4a9b.jpg
000043.jpg,https://researchbreeder.com/images/hamiltonstovare-puppy.jpg
000044.jpg,https://images.ctfassets.net/w00x6p5qkejz/7bUsrVc0Viq8sCaQ80QAWQ/5fe1980190c30c62f96fc3f78999c39d/Hamiltonstovare_1.jpg
000045.jpg,https://www.dogzone.com/images/breeds/hamiltonstovare.jpg
000046.jpg,https://s3.amazonaws.com/cdn-origin-etr.akc.org/wp-content/uploads/2017/11/12233653/English-Foxhound-On-White-01-400x267.jpg
000047.jpg,https://www.skk.se/globalassets/nku/filer/images/nordic-breeds/hamiltonstovare.jpg
000048.jpg,https://t4.ftcdn.net/jpg/02/10/36/63/500_F_210366348_ufWx4kl7ORRHhA4j5QUqKynP0mJpY5SJ.jpg
000049.jpg,https://s3.amazonaws.com/cdn-origin-etr.akc.org/wp-content/uploads/2017/11/28120015/Hamiltonstovare-puppy.jpg
000050.jpg,https://static1.squarespace.com/static/54032e7ce4b0b0a7e186652f/t/540e22e5e4b047fc05acbee0/1410212596453/243748_10100255133966617_1127109458_o.jpg
