image,source
000001.jpg,https://upload.wikimedia.org/wikipedia/commons/7/76/Hannoverscher_Schweisshund.jpg
000002.jpg,https://www.petguide.com/wp-content/uploads/2017/03/hanover-hound.jpg
000003.jpg,https://www.petguide.com/wp-content/uploads/2017/03/hanover-hound-2.jpg
000004.jpg,https://i.pinimg.com/originals/b6/13/89/b61389d8edcdfd4de60add0ddc507495.jpg
000005.jpg,https://i.pinimg.com/236x/63/77/18/63771838e128d079ac4141bb7b6dbf41.jpg
000006.jpg,https://www.101dogbreeds.com/wp-content/uploads/2018/05/Hanover-Hound-Images.jpg
000007.jpg,https://images.wagwalkingweb.com/media/breed/hanover-hound/hero/Hanover-Hound.jpg
000008.jpg,https://www.101dogbreeds.com/wp-content/uploads/2018/05/Hanover-Hound-Puppy.jpg
000009.jpg,https://www.101dogbreeds.com/wp-content/uploads/2018/05/Hanover-Hound-Photos.jpg
000010.jpg,https://www.dogzone.com/images/breeds/hanover-hound-800.jpg
000011.jpg,https://www.101dogbreeds.com/wp-content/uploads/2018/05/Hanover-Hound-Pictures.jpg
000012.jpg,https://www.backyardchickens.com/proxy.php?image=http%3A%2F%2Fwww.hondenpage.com%2Ffoto%2Fcollect%2F496.jpg&hash=0bf380dec4add9c0924aaaa0eeff3f5b
000013.jpg,https://doggiedesigner.com/wp-content/uploads/2018/03/4.1.jpg
000014.jpg,https://c8.alamy.com/comp/BJBP28/hanover-hound-hunting-dog-germany-BJBP28.jpg
000015.jpg,https://www.dogbreedplus.com/dog_breeds/images/hanover-hound-puppy.jpg
000016.jpg,https://c8.alamy.com/comp/XD72FR/hanover-hound-dog-standing-meadow-XD72FR.jpg
000017.jpg,https://i.ytimg.com/vi/2gQb34IbIL0/hqdefault.jpg
000018.jpg,https://vignette.wikia.nocookie.net/dog-breed4080/images/d/d3/Hanover-hound-dog-face-wallpaper.jpg/revision/latest?cb=20170916203016
000019.jpg,http://dogbreedstandards.com/wp-content/uploads/2013/04/Hanover-Hound.jpg
000020.jpg,https://alchetron.com/cdn/hanover-hound-bfa440c4-6da1-454d-ad8b-ab8de06a6ce-resize-750.jpeg
000021.jpg,https://previews.123rf.com/images/dneprstock/dneprstock1807/dneprstock180700271/105336069-hanover-hound-hanoverian-hound-hanoverian-scenthound-dog-digital-art-illustration-isolated-on-white-.jpg
000022.jpg,https://i.pinimg.com/originals/78/31/09/783109e6731e7ff2170306e3b88bf08a.jpg
000023.jpg,http://www.dogwallpapers.net/wallpapers/watching-hanover-hound-dog-wallpaper.jpg
000024.jpg,https://c8.alamy.com/comp/BNKNHF/hanover-hound-dog-standing-meadow-BNKNHF.jpg
000025.jpg,https://s3.amazonaws.com/cdn-origin-etr.akc.org/wp-content/uploads/2017/11/03190519/Hanoverian-Scenthound.1.jpg
000026.jpg,https://2puppies.com/api/media/cache/breed_photo/Hanoverian-Scenthound/Hanoverian-Scenthound-2.jpg
000027.jpg,https://doggiedesigner.com/wp-content/uploads/2018/03/4.3.jpg
000028.jpg,https://images-na.ssl-images-amazon.com/images/I/513Yq-QO88L._SX425_.jpg
000029.jpg,http://www.dogwallpapers.net/wallpapers/three-cute-hanover-hound-puppies-photo.jpg
000030.jpg,https://s3.amazonaws.com/cdn-origin-etr.akc.org/wp-content/uploads/2017/11/13191700/Bavarian.190758538-400x267.jpg
000031.jpg,https://www.ursusbooks.com/pictures/medium/149653.jpg
000032.jpg,https://c8.alamy.com/comp/X8PDDH/hanover-hound-dog-standing-meadow-X8PDDH.jpg
000033.jpg,https://bigdogbreeds.info/wp-content/uploads/2018/10/Hanover-Hound-dog-temperament.jpg
000034.jpg,https://kekiongacomics.files.wordpress.com/2016/03/bumpus1-blog.jpg
000035.jpg,https://breedinfo.ru/uploads/posts/2015-12/3_hanover_hound.jpg
000036.jpg,https://previews.agefotostock.com/previewimage/medibigoff/022b7518e02f40944a64d287086a81be/mev-10792005.jpg
000037.jpg,https://cdn.fotofits.com/responsive/1200x1200/petzlover/gallery/img/l/hanover-hound-710145.jpg
000038.jpg,https://www.petpremium.com/wp-content/uploads/ppbr/breeds/hanover-hound_profile_350x400.jpg
000039.jpg,https://s3-eu-west-1.amazonaws.com/dogsandpuppies.co.uk/uploads/image/677101_677200/hanoverian-bavarian-working-hounds-677127-5_300X225.jpg?fd2e37e9a6f10c53
000040.jpg,https://2puppies.com/api/media/cache/breed_photo/Hanoverian-Scenthound/Hanoverian-Scenthound-1.jpg
000041.jpg,https://images.fineartamerica.com/images-medium-large-5/hanover-hound-duncan-usher.jpg
000042.jpg,https://i.ytimg.com/vi/zpY2z_O9ryE/hqdefault.jpg
000043.jpg,http://gak9.com/wp-content/uploads/2018/10/KURUK.jpg
000044.jpg,https://image.shutterstock.com/image-photo/hanover-hound-450w-513594067.jpg
000045.jpg,https://icon2.kisspng.com/20180530/sos/kisspng-plott-hound-black-and-tan-coonhound-redbone-coonho-redbone-coonhound-5b0ef404e58e00.2701778715277066289403.jpg
000046.jpg,https://images-na.ssl-images-amazon.com/images/I/61-wY7fqDML._SX425_.jpg
000047.jpg,https://upload.wikimedia.org/wikipedia/commons/5/5d/Zoran_Spod_Ruskiej_Granicy_the_Bavarian_Mountain_Hound.jpg
000048.jpg,https://bigdogbreeds.info/wp-content/uploads/2018/10/Hanover-Hound-dog-puppies1-300x225.jpg
000049.jpg,https://cdn.tzy.li/tzy/previews/images/001/609/096/858/original/hanover-hound-shirt-for-men-women.jpg?1551773190
000050.jpg,https://www.hanoverhounds.com/uploads/3/4/1/1/34118952/1505742769_orig.jpg
