image,source
000001.jpg,https://upload.wikimedia.org/wikipedia/commons/b/ba/Hareindiandog.jpg
000002.jpg,https://i.pinimg.com/originals/c7/91/5d/c7915df54385d181b172d01bf5c18994.jpg
000003.jpg,https://vignette.wikia.nocookie.net/novum-terram/images/7/73/Haredog1.jpg/revision/latest/scale-to-width-down/220?cb=20180808190206
000004.jpg,https://retrieverman.files.wordpress.com/2011/12/hare-indian-dog.jpg
000005.jpg,http://www.indiandogs.com/images/map/hare%20old%202.jpg
000006.jpg,https://pictures.royalsociety.org/assets/object_images/8/47/12748/v0_web.jpg
000007.jpg,http://www.indiandogs.com/images/map/hare%20old%204.jpg
000008.jpg,http://www.indiandogs.com/images/map/hare%20new%205.jpg
000009.jpg,https://c8.alamy.com/comp/B7PW48/hairy-indian-dog-the-hare-indian-dog-is-an-extinct-breed-of-dog-formerly-B7PW48.jpg
000010.jpg,https://www.audubonart.com/web/image/product.image/5887/image?unique=8a5317b
000011.jpg,http://www.indiandogs.com/images/map/hare%20new%202.jpg
000012.jpg,https://c8.alamy.com/comp/P7TGGN/hare-indian-dog-1859-2-037-hare-indian-dog-P7TGGN.jpg
000013.jpg,https://i.etsystatic.com/11246694/r/il/6eb9be/1286223518/il_fullxfull.1286223518_ppe6.jpg
000014.jpg,http://www.dogwallpapers.net/wallpapers/hare-indian-dog-pic.jpg
000015.jpg,http://www.dogwallpapers.net/wallpapers/drawn-hare-indian-dog-picture.jpg
000016.jpg,https://c8.alamy.com/comp/MCK70B/fig-3deerhound-bran-chaptek-iii-domesticated-dogs-hunting-chiefly-by-the-eye-and-killing-their-game-for-mans-use-the-rough-scotch-greyhound-and-deerhoundthe-smooth-or-english-greyhound-the-gazehound-the-irish-greyhound-or-wolf-dogthe-french-matinthe-hare-indian-dogthe-albanian-dogthe-grecian-greyhoundthe-turkish-grey-houndthe-persian-greyhoundthe-russian-greyhoundthe-italian-greyhound-the-rough-scotch-greyhound-and-deerhound-this-breed-of-dogs-is-i-believe-one-of-the-oldest-and-purest-in-existence-but-it-is-now-rapidly-becoming-extinct-being-supplanted-in-MCK70B.jpg
000017.jpg,https://www.trendrr.net/wp-content/uploads/2017/05/Hare-Indian-Dog.jpg
000018.jpg,https://www.sleddogcentral.com/features/little_wolf/little_wolf_hareIndiandogaudubon.jpg
000019.jpg,https://cdn.shopify.com/s/files/1/0863/9544/products/Audubon_Hare_Indian_Dog_26ea8108-3820-48e9-8165-372e7e4c14b6_large.jpeg?v=1436486455
000020.jpg,https://i.pinimg.com/originals/61/34/82/613482de8acf7bb1ae1332e2a22ad9e7.jpg
000021.jpg,https://images-wixmp-ed30a86b8c4ca887773594c2.wixmp.com/f/19c1eabe-1662-46bb-85d9-6c2d522d7ec1/d5aqgsv-b57a3307-3154-4d35-adc9-9494a4255ee3.jpg/v1/fill/w_717,h_1115,q_70,strp/free_hare_indian_dogs__closed_by_sedillo_kennels_d5aqgsv-pre.jpg?token=eyJ0eXAiOiJKV1QiLCJhbGciOiJIUzI1NiJ9.eyJzdWIiOiJ1cm46YXBwOjdlMGQxODg5ODIyNjQzNzNhNWYwZDQxNWVhMGQyNmUwIiwiaXNzIjoidXJuOmFwcDo3ZTBkMTg4OTgyMjY0MzczYTVmMGQ0MTVlYTBkMjZlMCIsIm9iaiI6W1t7ImhlaWdodCI6Ijw9MTM5OSIsInBhdGgiOiJcL2ZcLzE5YzFlYWJlLTE2NjItNDZiYi04NWQ5LTZjMmQ1MjJkN2VjMVwvZDVhcWdzdi1iNTdhMzMwNy0zMTU0LTRkMzUtYWRjOS05NDk0YTQyNTVlZTMuanBnIiwid2lkdGgiOiI8PTkwMCJ9XV0sImF1ZCI6WyJ1cm46c2VydmljZTppbWFnZS5vcGVyYXRpb25zIl19.98vRwJqXth9hi-pKyiDqkM0jXm8tN_8TvBMAC18XNgk
000022.jpg,https://bigdogbreeds.info/wp-content/uploads/2019/01/Hare-Indian-Dog-images-750x450.jpg
000023.jpg,http://www.indiandogs.com/images/map/hare%20old%201.jpg
000024.jpg,http://www.barkingbad.ca/wp-content/uploads/bfi_thumb/Hare-Indian-Dog1-1-69s3hlk18ly51ligmvetm0b1opq3eev8zam5ap17qtq-69tae2vm9zk5or6fu7e049l251pgb9l0byyxyfa6opa.jpg
000025.jpg,https://retrieverman.files.wordpress.com/2011/12/alco-and-carrier-dog.jpg
000026.jpg,http://gallery.oldprintshop.com/public/uploads/jpg/23053_product.jpg
000027.jpg,https://c8.alamy.com/comp/MKP73F/hare-indian-dog-MKP73F.jpg
000028.jpg,http://alisanswers.com/wp-content/uploads/2018/09/Coydog.jpg
000029.jpg,https://upload.wikimedia.org/wikipedia/commons/1/13/Hare_Indian_Dog%2C_lithograph_by_John_Woodhouse_Audubon.jpg
000030.jpg,http://www.dogwallpapers.net/wallpapers/cute-hare-indian-dogs-photo.jpg
000031.jpg,https://images-na.ssl-images-amazon.com/images/I/51N-UlD9EnL._SX425_.jpg
000032.jpg,https://media.mutualart.com/Images/2017_06/20/16/161823930/71a6b150-a8ab-4e29-bb65-2137b8713326_570.Jpeg
000033.jpg,http://www.audubonimages.org/images/Plates%2081-155/132%20Hare%20Indian%20Dog.jpg
000034.jpg,https://c8.alamy.com/comp/MCKD3R/the-hare-indian-dog-youatt-the-hare-indian-dog-the-specimen-belonging-to-the-zoological-society-from-which-the-above-cut-was-taken-is-now-dead-and-i-believe-there-is-no-longer-one-of-the-variety-in-england-at-one-time-there-were-three-in-the-gardens-of-the-society-but-for-want-of-exercise-none-of-the-dogs-throve-there-and-they-now-are-entirely-absent-from-the-MCKD3R.jpg
000035.jpg,https://image.jimcdn.com/app/cms/image/transf/dimension=1920x400:format=jpg/path/sb3acc0fbe18f1b6f/image/ia621c0f79c310faf/version/1495007059/image.jpg
000036.jpg,https://www.sleddogcentral.com/features/little_wolf/little_wolf_canadian_eskimo_dog.jpg
000037.jpg,https://c7.uihere.com/files/195/408/900/hare-indian-dog-dog-breed-drawing-sketch-dog-letter-thumb.jpg
000038.jpg,https://www.dogbreedinfo.com/images31/HareIndianDogExtinctDogBreedInfoDrawing1.jpg
000039.jpg,https://c8.alamy.com/comp/RG3AAC/the-canadian-field-naturalist-the-canadian-field-naturalist-vol-li-ottawa-canada-april-1937-no-4-a-hare-indian-dog-by-d-jenness-d-own-to-the-i7th-century-the-indians-of-canada-possessed-several-different-breeds-of-dogs-most-of-which-had-evolved-perhaps-on-this-continent-two-at-least-disappeared-entirely-before-the-close-of-the-19th-century-thus-the-historian-of-martin-frobishers-voyage-to-baffin-bay-reported-that-the-eskimo-of-frobisher-bay-on-baffin-island-raised-two-distinct-breeds-of-dogs-a-large-one-for-drawing-the-sleds-and-a-smaller-one-for-eating-but-later-explorers-note-RG3AAC.jpg
000040.jpg,https://blog.gudog.co.uk/wp-content/uploads/2014/07/hare-indian-dog.jpg
000041.jpg,https://www.pets4you.com/pages/jaaces/images/08-06-2011image003.jpg
000042.jpg,https://img.encore-editions.com/small-archival-canvas-18201-18598-fm400.jpg
000043.jpg,http://www.indiandogs.com/images/map/hare%20old%205.jpg
000044.jpg,https://i.ebayimg.com/images/g/fKIAAOSwEIJanxzN/s-l300.jpg
000045.jpg,https://i.pinimg.com/originals/69/ab/b0/69abb0352ec67a0aab2899a34d926545.jpg
000046.jpg,https://images-na.ssl-images-amazon.com/images/I/51IsDQkrnIL._SX425_.jpg
000047.jpg,https://image.invaluable.com/housePhotos/trillium/66/631666/H20843-L152459349.jpg
000048.jpg,http://www.indiandogs.com/images/map/hare%20old%203.jpg
000049.jpg,http://www.conservationindia.org/wp-content/files_mf/dogsci.jpg
000050.jpg,http://godsdogs1.com/uploads/3/4/5/8/34586246/dscn0966-1024x758_orig.jpg
