image,source
000001.jpg,https://cdn2-www.dogtime.com/assets/uploads/2011/01/file_23026_harrier-460x290.jpg
000002.jpg,https://vetstreet.brightspotcdn.com/dims4/default/5dff89f/2147483647/crop/0x0%2B0%2B0/resize/645x380/quality/90/?url=https%3A%2F%2Fvetstreet-brightspot.s3.amazonaws.com%2Fb5%2F4191b09eb411e0a2380050568d634f%2Ffile%2FHarrier-4-645mk062411.jpg
000003.jpg,https://vetstreet.brightspotcdn.com/dims4/default/27a4733/2147483647/crop/0x0%2B0%2B0/resize/645x380/quality/90/?url=https%3A%2F%2Fvetstreet-brightspot.s3.amazonaws.com%2Fc2%2F2a9f709eb411e0a2380050568d634f%2Ffile%2FHarrier-5-645mk062411.jpg
000004.jpg,https://d17fnq9dkz9hgj.cloudfront.net/breed-uploads/2018/08/harrier-detail.jpg?bust=1535565908&width=355
000005.jpg,https://upload.wikimedia.org/wikipedia/commons/thumb/c/cc/Harrier_tricolour.jpg/220px-Harrier_tricolour.jpg
000006.jpg,https://s3.amazonaws.com/cdn-origin-etr.akc.org/wp-content/uploads/2017/11/22174432/Harrier3.jpg
000007.jpg,https://s3.amazonaws.com/cdn-origin-etr.akc.org/wp-content/uploads/2017/11/22161426/Harrier-CARE2.jpg
000008.jpg,https://www.petmd.com/sites/default/files/breedopedia/Laurel%2001.jpg
000009.jpg,https://www.pets4homes.co.uk/images/breeds/368/large/a20f0aaec42fa751756f84f131625e7a.jpg
000010.jpg,https://thehappypuppysite.com/wp-content/uploads/2018/12/harrier-dog-long-1-1024x555.jpg
000011.jpg,https://vetstreet.brightspotcdn.com/dims4/default/bb139d0/2147483647/thumbnail/645x380/quality/90/?url=https%3A%2F%2Fvetstreet-brightspot.s3.amazonaws.com%2F47%2F10%2F9a7d80834e58b70436852367f516%2Fharrier-ap-1fr3px-645-x-380.jpg
000012.jpg,https://d17fnq9dkz9hgj.cloudfront.net/breed-uploads/2018/08/harrier-card-small.jpg?bust=1535568607
000013.jpg,https://thehappypuppysite.com/wp-content/uploads/2018/12/harrier-dog-tall-1-488x1024.jpg
000014.jpg,https://dogsaholic.com/wp-content/uploads/2016/07/Harrier-dog-breed-810x600.jpg
000015.jpg,https://www.dogbreedslist.info/uploads/allimg/dog-pictures/Harrier-dog-2.jpg
000016.jpg,https://www.petguide.com/wp-content/uploads/2013/04/harrier.jpg
000017.jpg,https://3d4igz27oxtl2iwox73y9smh-wpengine.netdna-ssl.com/wp-content/uploads/2019/01/harrier-dog-staring-with-trees-in-background.jpg
000018.jpg,https://www.dogbreedinfo.com/images30/HarrierHoundDogAustinPurebred1.jpg
000019.jpg,https://i.ytimg.com/vi/xw2HN3V9bl8/maxresdefault.jpg
000020.jpg,https://www.dogtemperament.com/wp-content/uploads/2018/09/harrier-1-min.jpg
000021.jpg,https://www.petmd.com/sites/default/files/breedopedia/harrier.jpg
000022.jpg,https://vetstreet.brightspotcdn.com/dims4/default/35fd71a/2147483647/crop/0x0%2B0%2B0/resize/645x380/quality/90/?url=https%3A%2F%2Fvetstreet-brightspot.s3.amazonaws.com%2F98%2Fec74d09eb411e0a2380050568d634f%2Ffile%2FHarrier-2-645mk062411.jpg
000023.jpg,https://s3.amazonaws.com/cdn-origin-etr.akc.org/wp-content/uploads/2017/11/12233653/English-Foxhound-On-White-01-400x267.jpg
000024.jpg,https://images-ra.adoptapet.com/seo/1/ff/206_ff.jpg
000025.jpg,https://perfectpets.com.au/uploads/files/getfile/type/breed/id/215/file/7150244995347cc50531883.49851026-breed-215.gif
000026.jpg,https://dogbreedatlas.com/images/dog-breed-photos/harrier/001/harrier-1489920204-2.jpg
000027.jpg,https://www.101dogbreeds.com/wp-content/uploads/2018/01/Harrier-Hound-Puppies.jpg
000028.jpg,http://knowledgebase.lookseek.com/images/animals/dogs/Harrier-Dog.JPG
000029.jpg,https://www.101dogbreeds.com/wp-content/uploads/2016/07/Beagle-Harrier-Puppy.jpg
000030.jpg,https://www.k9rl.com/wp-content/uploads/2017/02/Harrier-puppies.jpg
000031.jpg,https://www.dogtemperament.com/wp-content/uploads/2018/09/harrier-3-min.jpg
000032.jpg,https://vetstreet.brightspotcdn.com/dims4/default/b4f1fef/2147483647/crop/0x0%2B0%2B0/resize/645x380/quality/90/?url=https%3A%2F%2Fvetstreet-brightspot.s3.amazonaws.com%2F86%2Fc452f09eb411e0a2380050568d634f%2Ffile%2FHarrier-1-645mk062411.jpg
000033.jpg,https://www.petbarn.com.au/petspot/app/uploads/2016/08/161.-Harrier-Hound.png
000034.jpg,https://i.pinimg.com/236x/46/00/b4/4600b4d78ea4c2b84dfc9166b03d80ef--beagle-pictures-dog-names.jpg
000035.jpg,https://3d4igz27oxtl2iwox73y9smh-wpengine.netdna-ssl.com/wp-content/uploads/2019/02/brown-and-white-harrier-dog-sitting-in-snow.jpg
000036.jpg,https://www.purina.com.au/-/media/Project/Purina/Main/Breeds/Dog/Dog_Harrier-Hound_Desktop.jpg?h=475&la=en&w=825&hash=8A3C697C7A039BB8973CEE129564A2F0
000037.jpg,https://www.petguide.com/wp-content/uploads/2013/04/harrier-1-300x224.jpg
000038.jpg,https://www.dogbreedplus.com/dog_breeds/images/Harrier-Dog-001.jpg
000039.jpg,https://cdn3-www.dogtime.com/assets/uploads/gallery/harrier-dog-breed-pictures/2-forwardlay.jpg
000040.jpg,https://www.dogbreedinfo.com/images23/HarrierBrandy6YearsOld4.jpg
000041.jpg,https://www.greatdogbreeds.com/wp-content/uploads/2015/12/harrier-dog.png
000042.jpg,http://1.bp.blogspot.com/-_aWa0IvZKF0/U2Pe8cFI1jI/AAAAAAAAAaY/ZSq4mIvxZEQ/s1600/beagle-harrier-dog-breed+(1).jpg
000043.jpg,https://perfectpets.com.au/uploads/files/getfile/type/breed/id/215/file/19921035905347ccb7b95b33.29576427-breed-215.gif
000044.jpg,https://animalsadda.com/wp-content/uploads/2017/08/Beagle-Harrier.jpg
000045.jpg,http://www.dogshub.in/wp-content/uploads/2018/08/Harrier-dog-india.jpg
000046.jpg,https://www.101dogbreeds.com/wp-content/uploads/2018/01/Harrier-Hounds.jpg
000047.jpg,https://i.ytimg.com/vi/unvBDZ3ga7k/hqdefault.jpg
000048.jpg,http://www.harrierclubofamerica.com/storage/Dunston%202.JPG?__SQUARESPACE_CACHEVERSION=1287078991826
000049.jpg,http://static.ddmcdn.com/en-us/apl/breedselector/images/breed-selector/dogs/breeds/harrier_01_lg.jpg
000050.jpg,https://www.dogbreedslist.info/uploads/allimg/dog-pictures/English-Foxhound-1.jpg
