image,source
000001.jpg,https://vetstreet.brightspotcdn.com/dims4/default/fc602e2/2147483647/crop/0x0%2B0%2B0/resize/645x380/quality/90/?url=https%3A%2F%2Fvetstreet-brightspot.s3.amazonaws.com%2Fa9%2Fcaa7d0a0f411e087a80050568d634f%2Ffile%2FHavanese-2-645mk062111.jpg
000002.jpg,https://cdn1-www.dogtime.com/assets/uploads/2011/01/file_23108_havanese-460x290.jpg
000003.jpg,https://epi.azureedge.net/website-images/images/default-album/havanese.png?sfvrsn=438ed37b_2
000004.jpg,https://s3.amazonaws.com/cdn-origin-etr.akc.org/wp-content/uploads/2017/11/12232252/Havanese-On-White-01.jpg
000005.jpg,https://images.wagwalkingweb.com/media/breed/havanese/hero/havanese.jpg
000006.jpg,https://cdn1-www.dogtime.com/assets/uploads/gallery/havanese-dog-breed-pictures/7-twosmiles.jpg
000007.jpg,https://s3.amazonaws.com/cdn-origin-etr.akc.org/wp-content/uploads/2017/11/12232313/Havanese-Care.jpg
000008.jpg,https://s3.amazonaws.com/cdn-origin-etr.akc.org/wp-content/uploads/2017/11/19160330/Havanese-puppy.jpg
000009.jpg,https://vetstreet.brightspotcdn.com/dims4/default/b2b2d13/2147483647/thumbnail/645x380/quality/90/?url=https%3A%2F%2Fvetstreet-brightspot.s3.amazonaws.com%2F76%2F5a%2F47656d6547e29b48f42c4fdf3fd0%2FHavanese-AP-6EGICI-645lc050913.jpg
000010.jpg,https://thehappypuppysite.com/wp-content/uploads/2018/07/havanese-MG-long.jpg
000011.jpg,https://www.pets4homes.co.uk/images/breeds/229/large/89d57da46fb2e1068e22b711f06fe712.jpg
000012.jpg,https://3d4igz27oxtl2iwox73y9smh-wpengine.netdna-ssl.com/wp-content/uploads/2018/07/Red-Parti-Havanese-Dog.jpg
000013.jpg,https://vetstreet.brightspotcdn.com/dims4/default/8d883b5/2147483647/crop/0x0%2B0%2B0/resize/645x380/quality/90/?url=https%3A%2F%2Fvetstreet-brightspot.s3.amazonaws.com%2F8c%2Fff7090a0f411e087a80050568d634f%2Ffile%2FHavanese-1-645mk062111.jpg
000014.jpg,https://www.dogster.com/wp-content/uploads/2017/10/Havenese-1.jpg
000015.jpg,https://upload.wikimedia.org/wikipedia/commons/e/ed/A_Havanese_judging.jpg
000016.jpg,https://i.pinimg.com/originals/84/1b/4b/841b4bb0bbf7e6d8686ded3b2b4ecbb5.jpg
000017.jpg,https://i0.wp.com/puppytoob.com/wp-content/uploads/2017/04/Havanese-Puppy.jpg?resize=750%2C390
000018.jpg,https://images.wagwalkingweb.com/media/breed/havanese/appearance/havanese.png
000019.jpg,https://i.pinimg.com/originals/20/27/cf/2027cfbd47ae66c1f25e2a253a8dde23.jpg
000020.jpg,https://www.rover.com/blog/wp-content/uploads/2019/04/havanese-2780122_1920-960x540.jpg
000021.jpg,https://i.ytimg.com/vi/1878Rk2JhYU/maxresdefault.jpg
000022.jpg,https://www.thesprucepets.com/thmb/bdHJyFaF4pEqsMZe9GVRZF6HiPw=/450x0/filters:no_upscale():max_bytes(150000):strip_icc()/havanese-HansSurfer-Moment-GettyImages-462845543-58a4777a3df78c47586a596f.jpg
000023.jpg,https://www.petbarn.com.au/petspot/app/uploads/2016/08/131.-Havanese.jpg
000024.jpg,https://gfp-2a3tnpzj.stackpathdns.com/wp-content/uploads/2016/07/Havanese-1600x700.jpg
000025.jpg,https://www.petmd.com/sites/default/files/breedopedia/havanese.jpg
000026.jpg,http://static.ddmcdn.com/en-us/apl/breedselector/images/breed-selector/dogs/breeds/havanese_01_lg.jpg
000027.jpg,https://i.pinimg.com/236x/af/a7/79/afa779509c3b921f89a8e7adf859c362--havanese-grooming-havanese-puppies.jpg
000028.jpg,https://thehappypuppysite.com/wp-content/uploads/2019/07/Havanese-%E2%80%93-A-Complete-Guide-to-the-Cuban-Pint-Sized-Pup-HP-long.jpg
000029.jpg,https://indulgeyourpet.com/wp-content/uploads/Havanese-Puppy.png
000030.jpg,https://core.pupcdn.com/assets/puppyspot/img/schema/breed/havanese_aspect-ratio_1x1.jpg
000031.jpg,https://cdn.omlet.co.uk/images/cache/827/768/Dog-Havanese-a_cheeky_black_and_sandy_Havanese_puppy_with_his_tongue_out.jpg
000032.jpg,https://www.dogtrainingnation.com/wp-content/uploads/2016/12/dog-breed-of-the-week-havanese.jpg
000033.jpg,https://www.dogster.com/wp-content/uploads/2017/10/Havenese-2-600x400.jpg
000034.jpg,https://vetstreet-brightspot.s3.amazonaws.com/b6/b53c30a0f411e087a80050568d634f/file/Havanese-3-645mk062111.jpg
000035.jpg,https://www.petmd.com/sites/default/files/breedopedia/SDC10040-2.JPG
000036.jpg,https://bowwowinsurance.com.au/wp-content/uploads/2018/10/3-havanese-dogs-by-the-sea.jpg
000037.jpg,https://www.rover.com/blog/wp-content/uploads/2016/12/meet-the-havanese-dog-breed.jpg
000038.jpg,https://i.pinimg.com/236x/f9/23/ec/f923ec42d29223b0910ab86b3294bbe9.jpg
000039.jpg,https://www.dognutrition.com/wp-content/uploads/2019/05/Havanese-Dog-Breed-Adult.png
000040.jpg,https://i1.wp.com/www.simplypets.com/wp-content/uploads/2019/05/Havanese-4.jpg?fit=625%2C417&ssl=1
000041.jpg,http://www.havaneseakc.com/uploads/2/0/0/6/20066875/header_images/1543607237.png
000042.jpg,https://howtotrainthedog.com/wp-content/uploads/2017/06/Havanese-dog-price.jpg
000043.jpg,https://www.smalldogplace.com/images/Havanese-puppy.jpg
000044.jpg,https://i.ytimg.com/vi/9lmbjW616yU/maxresdefault.jpg
000045.jpg,https://www.allthingsdogs.com/wp-content/uploads/2018/10/Havapoo-Dogs.jpg
000046.jpg,https://www.doggoneproblems.com/wp-content/uploads/2017/10/Truffles-Brentwood-Havanese.jpg
000047.jpg,https://www.dogbreedplus.com/dog_breeds/images/havanese-dogs-cool.jpg
000048.jpg,https://www.hillspet.com/content/dam/cp-sites/hills/hills-pet/en_us/img/breeds/havanese-puppy-laying-on-womans-lap.jpg
000049.jpg,https://res.cloudinary.com/fwkc-production/image/upload/c_fit,dpr_3.0,f_auto,g_center,h_430,q_auto,w_768/v1/fwkc/import/980
000050.jpg,http://cdn.akc.org/content/article-body-image/havanese-body1.jpg
