image,source
000001.jpg,https://images.wagwalkingweb.com/media/breed/himalayan-sheepdog/hero/Himalayan-Sheepdog.jpg
000002.jpg,https://www.dogbreedinfo.com/images31/HimalayanSheepdogPurebredDogJacky2YearsOld1.jpg
000003.jpg,https://usercontent1.hubstatic.com/13824884_f520.jpg
000004.jpg,https://www.dogbreedinfo.com/images31/HimalayanSheepdogPurebredDogBosko2YearsOld1.jpg
000005.jpg,https://i.pinimg.com/236x/fb/67/b7/fb67b7caa48e4f4ca66f8efb35fbf2d8--really-big-dogs-the-western.jpg
000006.jpg,https://i.ytimg.com/vi/6JQvo1dV7qI/hqdefault.jpg
000007.jpg,https://www.dogbreedplus.com/dog_breeds/images/himalayan_sheepdog.jpg
000008.jpg,https://www.101dogbreeds.com/wp-content/uploads/2017/05/Bhutey-Kukur.jpg
000009.jpg,https://www.101dogbreeds.com/wp-content/uploads/2017/05/Bhote-Kukur-Himalayan-Sheepdog.jpg
000010.jpg,https://i.ytimg.com/vi/VnQVqfTIyAM/maxresdefault.jpg
000011.jpg,https://www.101dogbreeds.com/wp-content/uploads/2017/05/Himalayan-Sheepdog-Pictures.jpg
000012.jpg,http://globaldogbreeds.com/wp-content/uploads/2018/05/Himalayan-Shepherd-Dog.jpg
000013.jpg,https://vignette.wikia.nocookie.net/dog-breed4080/images/f/f5/277_28.jpg/revision/latest?cb=20171227112312
000014.jpg,https://usercontent1.hubstatic.com/12601906_f520.jpg
000015.jpg,https://upload.wikimedia.org/wikipedia/commons/thumb/0/04/Himalayan_sheep_dog_1.jpg/440px-Himalayan_sheep_dog_1.jpg
000016.jpg,http://globaldogbreeds.com/wp-content/uploads/2018/05/Himalayan-Sheepdog-Pictures.jpg
000017.jpg,https://upload.wikimedia.org/wikipedia/commons/d/dc/WangdurivoiraTM.jpg
000018.jpg,https://www.doglib.com/wp-content/uploads/sites/2/hi/himalayan-display-breed.jpg
000019.jpg,https://upload.wikimedia.org/wikipedia/commons/8/8e/Himalayan_sheepdog.jpg
000020.jpg,https://upload.wikimedia.org/wikipedia/commons/4/4a/Jackie_Himalayan_Shephard.jpg
000021.jpg,https://i.pinimg.com/236x/83/f5/0e/83f50ec36578a62f2f7e4bdba11a7b87--himalayan-places.jpg
000022.jpg,https://i.ytimg.com/vi/VmltEQhPGGA/maxresdefault.jpg
000023.jpg,http://www.dogbreedinfo.com/images19/HimalayanSheepdogRani10Months2.JPG
000024.jpg,http://www.dogbreedstandards.com/wp-content/uploads/2015/02/Bhutia_Sheepdogs.jpg
000025.jpg,https://www.101dogbreeds.com/wp-content/uploads/2017/05/Himalayan-Sheepdog-Black.jpg
000026.jpg,https://allthatsinteresting.com/wordpress/wp-content/uploads/2019/03/mera-himalaya-dog-yawning-featured.jpg
000027.jpg,https://images-na.ssl-images-amazon.com/images/I/51u0kLrzUqL._SX355_.jpg
000028.jpg,http://www.easypetmd.com/sites/default/files/Bisben%20(Himalayan%20Sheepdog)%20(2).jpg
000029.jpg,https://cdn.imgbin.com/10/15/14/imgbin-tibetan-mastiff-english-mastiff-caucasian-shepherd-dog-himalayan-sheepdog-puppy-3v4BSwstkKhuJpvkW4kJb5YaC.jpg
000030.jpg,http://www.easypetmd.com/sites/default/files/Bisben%20(Himalayan%20Sheepdog)%20(3).jpg
000031.jpg,https://alchetron.com/cdn/himalayan-sheepdog-0537b055-294d-4ae8-8b6a-955f70810e2-resize-750.jpeg
000032.jpg,https://www.dogbreedinfo.com/images25/HimalayanMastiffGuardDogIndigenousTibetanMastiffDogsGurinderPartapSinghBasra2.jpg
000033.jpg,https://live.staticflickr.com/4184/34312503640_3d77b19580_b.jpg
000034.jpg,https://i.pinimg.com/originals/f5/05/eb/f505ebd7ef8aea6c6635c828ea8cf14f.jpg
000035.jpg,http://globaldogbreeds.com/wp-content/uploads/2018/05/Himalayan-Sheepdog-Puppies.jpg
000036.jpg,https://t4.ftcdn.net/jpg/02/17/49/15/500_F_217491563_DAWecWhrTrCFYkAzvfoV4PZw9rxYVS6Z.jpg
000037.jpg,https://i.ytimg.com/vi/EkK6kaIyyHY/hqdefault.jpg
000038.jpg,https://www.dogbreedinfo.com/images31/HimalayanSheepdogPurebredDogJacky2YearsOld2.jpg
000039.jpg,https://bigdogbreeds.info/wp-content/uploads/2019/01/Himalayan-Sheepdog-characteristics.jpg
000040.jpg,https://www.101dogbreeds.com/wp-content/uploads/2017/05/Gaddi-Kutta.jpg
000041.jpg,https://cdn.fotofits.com/responsive/1200x1200/petzlover/gallery/img/l/himalayan-sheepdog-217728.jpeg
000042.jpg,http://www.dogwallpapers.net/wallpapers/himalayan-sheepdog-in-the-snow-wallpaper.jpg
000043.jpg,https://newsfrombhavin.files.wordpress.com/2018/10/himalayansheepdogpurebreddogbrock8monthsoldindia11.jpg?w=350&h=302
000044.jpg,https://www.dicker.in/oc-content/uploads/6/1106.jpg
000045.jpg,http://www.easypetmd.com/sites/default/files/Bisben%20(Himalayan%20Sheepdog).jpg
000046.jpg,https://images.fineartamerica.com/images/artworkimages/mediumlarge/1/himalayan-sheepdog-dinesh-maneer.jpg
000047.jpg,http://globaldogbreeds.com/wp-content/uploads/2018/05/Bhote-Kukur-Himalayan-Sheepdog.jpg
000048.jpg,https://cms.qz.com/wp-content/uploads/2017/04/bakharwal.jpg?quality=75&strip=all&w=450&h=285.6687898089172&crop=1
000049.jpg,https://www.uttarakhand.org.in/wp-content/uploads/2015/04/31760126405351.jpg
000050.jpg,https://nationalpurebreddogday.com/wp-content/uploads/2017/10/b-427x320.jpg
