image,source
000001.jpg,https://images.wagwalkingweb.com/media/breed/hygenhund/hero/HygenHound.jpg
000002.jpg,http://www.dogzone.com/images/breeds/hygen-hound.jpg
000003.jpg,https://upload.wikimedia.org/wikipedia/commons/d/d6/Norwegian_Hygenhound.jpg
000004.jpg,https://www.skk.se/globalassets/nku/filer/images/nordic-breeds/hygenhund-052_vibeke-brath.jpg
000005.jpg,http://www.gopetsamerica.com/dog_breeds/pics/hygen_hound.jpg
000006.jpg,https://www.dogbreedplus.com/dog_breeds/images/Hygenhund-dog.jpg
000007.jpg,https://alchetron.com/cdn/hygen-hound-41f708de-7ddc-4761-8810-e363e8bc2ae-resize-750.jpeg
000008.jpg,https://2puppies.com/api/media/cache/breed_photo/Hygen-Hound/Hygen-Hound-1.jpg
000009.jpg,http://thedogsbone.com/wp-content/uploads/2012/03/Hygen-hound.jpg
000010.jpg,https://c8.alamy.com/comp/GATXGP/hygen-hound-GATXGP.jpg
000011.jpg,https://c8.alamy.com/comp/GATXGR/hygen-hound-GATXGR.jpg
000012.jpg,https://d2gg9evh47fn9z.cloudfront.net/800px_COLOURBOX17629488.jpg
000013.jpg,https://i.pinimg.com/236x/eb/01/3b/eb013b2566dda4098fafe253a3229b35--ain-dog-love.jpg
000014.jpg,https://c8.alamy.com/comp/GATXGG/hygen-hound-GATXGG.jpg
000015.jpg,https://www.worldlifeexpectancy.com/images/a/d/d/b/harrier/harrier_1.jpg
000016.jpg,http://custom-car.ca/wp-content/uploads/2012/hygen-hound-505.bmp
000017.jpg,https://c8.alamy.com/comp/GATXH0/hygen-hound-GATXH0.jpg
000018.jpg,https://live.staticflickr.com/4011/4600848288_9bab51f6bb.jpg
000019.jpg,https://d2gg9evh47fn9z.cloudfront.net/800px_COLOURBOX17629495.jpg
000020.jpg,https://dogwellnet.com/uploads/monthly_2017_08/hygen-hound-800x800px-fci266.png.d32f045e67c5ee48e6a38b5ca09b8bf9.png
000021.jpg,https://images-wixmp-ed30a86b8c4ca887773594c2.wixmp.com/f/64859843-230e-4889-8bd6-c320b262668c/dbq2l1z-86d65d80-a108-49d6-8e40-07d958df518a.png/v1/fill/w_956,h_836,strp/hygen_hound_import_set_1___3_4_open_by_skywolfspirit_dbq2l1z-pre.png?token=eyJ0eXAiOiJKV1QiLCJhbGciOiJIUzI1NiJ9.eyJzdWIiOiJ1cm46YXBwOjdlMGQxODg5ODIyNjQzNzNhNWYwZDQxNWVhMGQyNmUwIiwiaXNzIjoidXJuOmFwcDo3ZTBkMTg4OTgyMjY0MzczYTVmMGQ0MTVlYTBkMjZlMCIsIm9iaiI6W1t7ImhlaWdodCI6Ijw9ODk1IiwicGF0aCI6IlwvZlwvNjQ4NTk4NDMtMjMwZS00ODg5LThiZDYtYzMyMGIyNjI2NjhjXC9kYnEybDF6LTg2ZDY1ZDgwLWExMDgtNDlkNi04ZTQwLTA3ZDk1OGRmNTE4YS5wbmciLCJ3aWR0aCI6Ijw9MTAyNCJ9XV0sImF1ZCI6WyJ1cm46c2VydmljZTppbWFnZS5vcGVyYXRpb25zIl19.mnQYl7tAZ7a_QpYBXWXG1t8sd3ZSrSp_9JnW3VnahYs
000022.jpg,https://dogbreedcartoon.com/wp-content/uploads/2017/01/Hygen-Hound-1024-1.jpg
000023.jpg,https://www.skk.se/globalassets/nku/filer/images/nordic-breeds/1-haldenstover-026_vibeke-brath.jpg
000024.jpg,https://render.fineartamerica.com/images/rendered/default/t-shirt/23/30/images/artworkimages/medium/1/hygen-hound-in-watercolor-pablo-romero-transparent.png?targetx=-38&targety=-1&imagewidth=497&imageheight=397&modelwidth=430&modelheight=575
000025.jpg,https://i.etsystatic.com/11685718/r/il/84c00e/912340732/il_794xN.912340732_qygl.jpg
000026.jpg,https://scontent-lga3-1.cdninstagram.com/vp/5e5444e744e32a393534a43200a8488a/5DACE6B6/t51.2885-15/e35/61174720_411331836126745_8467855613540686285_n.jpg?_nc_ht=scontent-lga3-1.cdninstagram.com
000027.jpg,https://www.colourbox.com/preview/17629494-hygen-hound.jpg
000028.jpg,https://i.pinimg.com/236x/8b/f6/45/8bf64585da1c5e0e979ffbf48dd92cde--beautiful-dogs-beautiful-pictures.jpg
000029.jpg,https://image.shutterstock.com/z/stock-photo-hygenhund-hygen-hound-dog-digital-art-illustration-isolated-on-white-background-norwegian-origin-1154223982.jpg
000030.jpg,http://www.zooclub.biz/img/katalog/17/77/88_28.jpg
000031.jpg,https://www.worldlydogs.com/uploads/5/2/2/3/52234445/hygenhund300_orig.png
000032.jpg,https://www.worldlifeexpectancy.com/images/a/d/d/b/bavarian_mountain_hound/bavarian_mountain_hound_1.jpg
000033.jpg,https://www.petpaw.com.au/wp-content/uploads/2015/04/Hygenhund-Sitting-in-the-Front-Porch.jpg
000034.jpg,https://images-wixmp-ed30a86b8c4ca887773594c2.wixmp.com/f/abb77c2a-1ae5-4624-b220-1da069ba667e/dd07uri-5754b28d-8bdd-4503-9cc6-c68f5675808c.png?token=eyJ0eXAiOiJKV1QiLCJhbGciOiJIUzI1NiJ9.eyJzdWIiOiJ1cm46YXBwOjdlMGQxODg5ODIyNjQzNzNhNWYwZDQxNWVhMGQyNmUwIiwiaXNzIjoidXJuOmFwcDo3ZTBkMTg4OTgyMjY0MzczYTVmMGQ0MTVlYTBkMjZlMCIsIm9iaiI6W1t7InBhdGgiOiJcL2ZcL2FiYjc3YzJhLTFhZTUtNDYyNC1iMjIwLTFkYTA2OWJhNjY3ZVwvZGQwN3VyaS01NzU0YjI4ZC04YmRkLTQ1MDMtOWNjNi1jNjhmNTY3NTgwOGMucG5nIn1dXSwiYXVkIjpbInVybjpzZXJ2aWNlOmZpbGUuZG93bmxvYWQiXX0.xMd6gm6UaCW1ZYMeW0Zywh-SLmkXbnSgOu7-uaupIKs
000035.jpg,https://upload.wikimedia.org/wikipedia/commons/thumb/4/48/Posavac_hound_female_%28cropped%29.jpg/220px-Posavac_hound_female_%28cropped%29.jpg
000036.jpg,https://www.ukcdogs.com/images/breeds/hygen-hound.jpg
000037.jpg,https://dogbreedcartoon.com/wp-content/uploads/2016/12/Hygen-Hound-Linear.png
000038.jpg,https://nationalpurebreddogday.com/wp-content/uploads/2018/03/e4cb3c28ab07006781a6dcc7e2eaf291.jpg
000039.jpg,https://images-na.ssl-images-amazon.com/images/I/61s%2BltYlR6L.jpg
000040.jpg,https://t3.ftcdn.net/jpg/02/46/15/26/500_F_246152684_heStNmAechRxGGMm1scrRHKBjS2iR1jz.jpg
000041.jpg,https://images-na.ssl-images-amazon.com/images/I/41JlR%2B-3PrL._SX331_BO1,204,203,200_.jpg
000042.jpg,http://www.sabinemiddelhaufeshundundnatur.net/immagini/hunderassen/dunker/100609%20Gjall_%20effective%20movement.jpg
000043.jpg,https://vignette.wikia.nocookie.net/dog-breed4080/images/6/6c/Hygenhund.jpg/revision/latest?cb=20170725102123
000044.jpg,https://prodimage.images-bn.com/pimages/9781979430265_p0_v1_s550x406.jpg
000045.jpg,https://www.vitalityinnovation.no/wp-content/uploads/2018/10/Nala-pokal1.jpg
000046.jpg,https://thornews.files.wordpress.com/2012/01/dunker-hound.jpg?w=550&h=430
000047.jpg,https://i.ytimg.com/vi/4A-Y82-5XhE/hqdefault.jpg
000048.jpg,https://upload.wikimedia.org/wikipedia/commons/c/c3/Go%C5%84czy_esto%C5%84ski_MB_01.jpg
000049.jpg,https://images-na.ssl-images-amazon.com/images/I/61m4y2gur-L._UX385_.jpg
000050.jpg,https://upload.wikimedia.org/wikipedia/commons/thumb/e/ed/PolishHound-MlChPl-OKSANA-ZOstregoBoru-wl.JoannaZembrzuska_3.JPG/1200px-PolishHound-MlChPl-OKSANA-ZOstregoBoru-wl.JoannaZembrzuska_3.JPG
