image,source
000001.jpg,https://d17fnq9dkz9hgj.cloudfront.net/breed-uploads/2018/08/icelandic-sheepdog-detail.jpg?bust=1535565937&width=355
000002.jpg,https://vetstreet.brightspotcdn.com/dims4/default/1440b75/2147483647/thumbnail/645x380/quality/90/?url=https%3A%2F%2Fvetstreet-brightspot.s3.amazonaws.com%2F11%2F83%2F36f409c74b0a854b4292bce970f0%2FIcelandic-Sheepdog-AP-QO1HKX-645sm5814.jpg
000003.jpg,https://cdn1-www.dogtime.com/assets/uploads/2011/01/file_23274_icelandic-sheepdog-460x290.jpg
000004.jpg,https://cdn3-www.dogtime.com/assets/uploads/gallery/icelandic-sheepdog-dog-breed-pictures/walking-5.jpg
000005.jpg,https://upload.wikimedia.org/wikipedia/commons/thumb/7/74/Icelandic_Sheepdog_Alisa_von_Lehenberg.jpg/220px-Icelandic_Sheepdog_Alisa_von_Lehenberg.jpg
000006.jpg,https://s3.amazonaws.com/cdn-origin-etr.akc.org/wp-content/uploads/2017/11/14115933/Icelandic-Sitting.jpg
000007.jpg,https://s3.amazonaws.com/cdn-origin-etr.akc.org/wp-content/uploads/2017/11/14120650/Icelandic-puppy.jpg
000008.jpg,http://www.pethealthnetwork.com/sites/default/files/styles/large/public/the-icelandic-sheepdog.jpg?itok=o4x2lzyo
000009.jpg,https://vetstreet.brightspotcdn.com/dims4/default/740ea95/2147483647/thumbnail/645x380/quality/90/?url=https%3A%2F%2Fvetstreet-brightspot.s3.amazonaws.com%2F64%2F36%2F37b5e6be46adaf354b93bfd0b427%2Ficelandic-sheepdog-ap-pdcmwb-645-x-380.jpg
000010.jpg,https://s3.amazonaws.com/cdn-origin-etr.akc.org/wp-content/uploads/2017/11/14115958/Icelandic-Face.jpg
000011.jpg,https://www.nbcsports.com/sites/nbcsports.com/files/2017/11/28/nds_her_icelandicsheepdog_171120.jpg
000012.jpg,https://www.dogbreedinfo.com/images12/Icelandic%20SheepdogLoki-stand.JPG
000013.jpg,https://02f0a56ef46d93f03c90-22ac5f107621879d5667e0d7ed595bdb.ssl.cf2.rackcdn.com/sites/14269/photos/555966/Snati_960x.jpg
000014.jpg,http://www.lukehavenicelandics.com/uploads/9/5/6/4/95649654/icie_2_orig.jpg
000015.jpg,https://static1.squarespace.com/static/5613c2f5e4b09b70719e1e33/56200932e4b0eea7940cedf7/56200933e4b08932fb35523e/1444940085545/IMG_2648b.jpg?format=1000w
000016.jpg,https://images.ctfassets.net/w00x6p5qkejz/7AG23J8lDqEuGUA2KcUi24/c609ace75346ff944118dbcbf5e65936/Icelandic_Sheepdog2.png
000017.jpg,https://animals.net/wp-content/uploads/2019/01/Icelandic-Sheepdog-1-650x425.jpg
000018.jpg,https://www.dogbreedslist.info/uploads/allimg/dog-pictures/Icelandic-Sheepdog-1.jpg
000019.jpg,https://s3.amazonaws.com/adventureblogbucket/assets/uploads/2019/02/14092649/Askur-Icelandic-Sheepdog-3.jpg
000020.jpg,https://www.101dogbreeds.com/wp-content/uploads/2017/03/Iceland-Dog.jpg
000021.jpg,https://doggiedesigner.com/wp-content/uploads/2018/04/119.2.jpg
000022.jpg,https://www.centerhotels.com/wp-content/uploads/2018/10/%C3%8Dslenski-fj%C3%A1rhundurinn.jpg
000023.jpg,https://m2.mbl.is/5AXvzVRUXQTcBRt_lEl6i1ax6tY=/758x505/smart/frimg/1/6/7/1060790.jpg
000024.jpg,https://i.ytimg.com/vi/yQaWpFcFijQ/hqdefault.jpg
000025.jpg,https://vetstreet.brightspotcdn.com/dims4/default/586b6fa/2147483647/thumbnail/645x380/quality/90/?url=https%3A%2F%2Fvetstreet-brightspot.s3.amazonaws.com%2F7e%2F11%2F4cbf5a4d403d92cedfe865b7b702%2FIcelandic-Sheepdog-AP-FOVSVR-645sm5814.jpg
000026.jpg,https://nisrablog.files.wordpress.com/2015/09/12524205_782151848563243_2835976054007404278_n.jpg?w=640
000027.jpg,https://www.dogbreedplus.com/dog_breeds/images/Icelandic-Sheepdog-002.jpg
000028.jpg,https://i.ytimg.com/vi/O0iYY897uOg/maxresdefault.jpg
000029.jpg,http://www.easypetmd.com/sites/default/files/Icelandic%20Sheepdog.jpg
000030.jpg,http://www.dogspotters.com/dog-breed-photos/icelshee.jpg
000031.jpg,http://www.lukehavenicelandics.com/uploads/9/5/6/4/95649654/brooke-puppy-crop_orig.jpg
000032.jpg,https://dogsaholic.com/wp-content/uploads/2016/10/Icelandic-Sheepdog.jpg
000033.jpg,https://animalsbreeds.com/wp-content/uploads/2018/05/Icelandic-Sheepdog.jpg
000034.jpg,https://images.ctfassets.net/w00x6p5qkejz/2lbVLD8P6gYaYiuIkgUIKk/d2ab4df2df4df6cf8210b9ca1ef6c492/Icelandic_Sheepdog1.png
000035.jpg,https://i1.wp.com/dogbreedsjournal.com/wp-content/uploads/2019/03/z3-1.jpg?resize=696%2C464
000036.jpg,https://dogbreedatlas.com/images/dog-breed-photos/icelandic-sheepdog/001/icelandic-sheepdog-1489060704-2.jpg
000037.jpg,https://upload.wikimedia.org/wikipedia/commons/thumb/5/5b/Icleand_Sheepdog_001.jpg/220px-Icleand_Sheepdog_001.jpg
000038.jpg,http://primitivedogs.com/wp-content/uploads/2015/08/Lovely-Icelandic-Sheepdog-couple.jpg
000039.jpg,https://s3.amazonaws.com/adventureblogbucket/assets/uploads/2019/02/13192352/friends-forever-2-4.jpg
000040.jpg,https://www.dogbreedslist.info/uploads/allimg/dog-pictures/Icelandic-Sheepdog-2.jpg
000041.jpg,https://www.k9rl.com/wp-content/uploads/2016/07/Iceland-Sheepdog-photo.jpg
000042.jpg,https://doggiedesigner.com/wp-content/uploads/2018/04/119.1.jpg
000043.jpg,https://researchbreeder.com/images/Icelandic-Sheepdog-Puppy-Picture.jpg
000044.jpg,https://www.dogbreedinfo.com/images12/Icelandic%20Sheepdogs1Copy%20of%20KoKo04sm.JPG
000045.jpg,https://m2.mbl.is/Xfg1Bj6NJfzrezZP9_9xf50mmD0=/758x505/smart/frimg/1/12/70/1127026.jpg
000046.jpg,http://static.pedigreedatabase.com/dogbreeds/icelandic_sheepdog.jpg
000047.jpg,https://puppydogweb.com/caninebreeds/images/icelandsheepdog_private.jpg
000048.jpg,https://nisrablog.files.wordpress.com/2015/09/10620616_10152350162426932_7264811960188685401_n.jpg?w=640
000049.jpg,https://primitivedogs.com/wp-content/uploads/2015/08/Icelandic-Sheepdog-featured-800x324.jpg
000050.jpg,https://thehappypuppysite.com/wp-content/uploads/2019/04/icelandic-sheepdog-HP-long.jpg
