image,source
000001.jpg,http://cdn.dogspot.in/new/breed_engine/images/dog_images/indian-pariah.jpg
000002.jpg,https://www.dogspot.in/puppies/images/IMG_20180324_123123.jpg
000003.jpg,https://upload.wikimedia.org/wikipedia/commons/thumb/b/b9/Pariah_Dog.jpg/220px-Pariah_Dog.jpg
000004.jpg,http://www.dogzone.com/images/breeds/indian-pariah-dog.jpg
000005.jpg,https://www.petsworld.in/blog/wp-content/uploads/2014/07/Indian-Pariah-Image-3-1.jpg
000006.jpg,https://www.dogspot.in/puppies/images/IMG_20151203_160820.jpg
000007.jpg,https://www.petsworld.in/blog/wp-content/uploads/2014/07/Indian-Pariah-2.jpg
000008.jpg,https://www.dogzone.com/images/breeds/indian-pariah-dog-puppy.jpg
000009.jpg,https://i.ytimg.com/vi/kjauYmXoElc/hqdefault.jpg
000010.jpg,https://madrascourier.com/wp-content/uploads/2017/06/Street-Dog-Madras-Courier-04.jpg
000011.jpg,https://i.pinimg.com/originals/0c/c6/5f/0cc65f2a7f03e716a813535280d22d0e.jpg
000012.jpg,https://upload.wikimedia.org/wikipedia/commons/4/46/Dog_00154.JPG
000013.jpg,https://pet-uploads.adoptapet.com/9/5/0/251688464.jpg
000014.jpg,https://usercontent2.hubstatic.com/13860381_f520.jpg
000015.jpg,http://indog.co.in/wp/wp-content/uploads/2017/05/dog_breeds_from_harmsworth_natural_.jpg
000016.jpg,https://i.ytimg.com/vi/bpyc-2ut51Q/hqdefault.jpg
000017.jpg,https://www.dogexpress.in/wp-content/uploads/2016/02/Indian_Pariah_Dog-552x330.jpg
000018.jpg,http://indog.co.in/wp/wp-content/uploads/2017/07/Pakhiraloy_Sundarbans2__2.jpg
000019.jpg,https://www.dogbreedinfo.com/images32/PariahDogPepper7YearsOld.jpg
000020.jpg,https://upload.wikimedia.org/wikipedia/commons/0/01/The_Indian_Pariah_Dog.jpg
000021.jpg,https://www.pets4homes.co.uk/images/articles/2324/large/what-is-a-pariah-dog-54731b7f80466.jpg
000022.jpg,https://i.ytimg.com/vi/5KcqEhXqWuU/maxresdefault.jpg
000023.jpg,https://res.cloudinary.com/roundglass/image/upload/c_fill,ar_1.1,g_auto/w_1079,q_auto:best,f_auto/v1535362267/roundglass/sustain/indian-pariah-dog-03-sustain-team_ngim2x.jpg
000024.jpg,http://cdn2.walkthroughindia.com/wp-content/uploads/2017/12/Indian_Dog-600x400.jpg
000025.jpg,https://proudtohave.weebly.com/uploads/1/9/2/5/19251795/184368_orig.jpg?124
000026.jpg,https://i.pinimg.com/originals/17/49/60/1749607a21fde2adbf511333f5d3c12e.jpg
000027.jpg,https://dogzadda.com/wp-content/uploads/2018/07/Indian-Pariah-Dog.jpg
000028.jpg,https://pet-uploads.adoptapet.com/9/d/7/249981571.jpg
000029.jpg,https://www.dogbreedinfo.com/images28/IndianPariahsINDogsIndianStreetDogINDogRick8YearsOld1.jpg
000030.jpg,https://usercontent2.hubstatic.com/12585117.jpg
000031.jpg,https://usercontent2.hubstatic.com/9123643_f520.jpg
000032.jpg,https://i.imgur.com/6ZATbnB.jpg
000033.jpg,https://www.dogbreedinfo.com/images21/IndianPariahsINDogsTommy.jpg
000034.jpg,https://dawgiebowl.com/wp-content/uploads/2019/01/Facebook-Thumbnail-Indian-Pariah-Dog-INDog-Desi-Dog-Indie-Dog-Breed-Information-1080x675.jpg
000035.jpg,https://previews.123rf.com/images/drpgayen/drpgayen1611/drpgayen161100009/68884968-indian-pariah-dog-looking-at-the-camera-relaxed-mood-portrait-.jpg
000036.jpg,https://retrieverman.files.wordpress.com/2012/08/indian-pariah-dog.jpg
000037.jpg,https://pet-uploads.adoptapet.com/f/9/c/253352088.jpg
000038.jpg,https://upload.wikimedia.org/wikipedia/commons/3/36/Indian_pariah_dog_07904.jpg
000039.jpg,https://www.thenewsminute.com/sites/default/files/styles/news_detail/public/Ivory%20and%20Bugsy1.jpg?itok=BF3MoEad
000040.jpg,https://cdn.telanganatoday.com/wp-content/uploads/2018/08/BULLY_KUTTA-597x400.jpg
000041.jpg,https://2puppies.com/api/media/cache/breed_photo/Indian-Pariah-Dog/Indian-Pariah-dog-foto.jpg
000042.jpg,https://www.dogbreedinfo.com/images21/IndianPariahsINDogsRobinNight.jpg
000043.jpg,https://helpanimalsindia.org/images/general/_metadata/dogs_2.jpg
000044.jpg,https://tailsbuddy.com/tbadmin/assets/images/indian-pariah-breed-overview.jpg
000045.jpg,https://helpanimalsindia.org/images/general/dogs_1.jpg
000046.jpg,http://indog.co.in/wp/wp-content/uploads/2017/05/from_beast_and_man_in_india.jpg
000047.jpg,https://media.mnn.com/assets/images/2014/06/shutterstock_64983883.jpg.638x0_q80_crop-smart.jpg
000048.jpg,https://gorirajkumari.files.wordpress.com/2012/04/pariah-dog1.jpg
000049.jpg,https://qph.fs.quoracdn.net/main-qimg-bb00faa19e5156a91376318452621d98
000050.jpg,https://thumbs.dreamstime.com/z/puppy-indian-domestic-dogindian-pariah-dog-cute-puppy-indian-domestic-dog-indian-pariah-dog-resting-sunlight-over-soil-111240187.jpg
