image,source
000001.jpg,https://cdn1-www.dogtime.com/assets/uploads/2011/01/file_23068_irish-terrier-460x290.jpg
000002.jpg,https://upload.wikimedia.org/wikipedia/commons/thumb/5/56/IrishTerrierSydenhamHillWoods.jpg/220px-IrishTerrierSydenhamHillWoods.jpg
000003.jpg,https://d17fnq9dkz9hgj.cloudfront.net/breed-uploads/2018/08/irish-terrier-detail.jpg?bust=1535565949&width=355
000004.jpg,https://upload.wikimedia.org/wikipedia/commons/thumb/7/75/Terier_irlandzki_g%C5%82owa_pl.jpg/220px-Terier_irlandzki_g%C5%82owa_pl.jpg
000005.jpg,https://s3.amazonaws.com/cdn-origin-etr.akc.org/wp-content/uploads/2017/11/27172953/Irish-Terrier-puppy.jpg
000006.jpg,https://www.dogbreedslist.info/uploads/allimg/dog-pictures/Irish-Terrier-2.jpg
000007.jpg,https://s3.amazonaws.com/cdn-origin-etr.akc.org/wp-content/uploads/2017/11/12213034/Irish-Terrier-on-white-01.jpg
000008.jpg,https://i.pinimg.com/originals/b8/41/5b/b8415b13c049206fca14e9f1f47e527b.jpg
000009.jpg,https://i.pinimg.com/736x/3d/8d/d5/3d8dd56d7f1393929d07abf81208c3d3.jpg
000010.jpg,https://www.pets4homes.co.uk/images/breeds/89/large/b7b8b19de737523a4c40dcff1ca7782b.jpg
000011.jpg,https://cdn.omlet.co.uk/images/cache/554/768/Dog-Irish_Terrier-Two_beautiful_Irish_Terriers_sitting_neatly,_waiting_for_a_command.jpg
000012.jpg,https://images-na.ssl-images-amazon.com/images/I/41aNcYBpHIL._SX331_BO1,204,203,200_.jpg
000013.jpg,https://cdn.britannica.com/s:300x300/34/148434-004-6EFDF698.jpg
000014.jpg,https://vetstreet-brightspot.s3.amazonaws.com/ea/df8540a75911e0a0d50050568d634f/file/Irish-Terrier-2-645mk062411.jpg
000015.jpg,https://vetstreet-brightspot.s3.amazonaws.com/cc/4d70b0a75911e0a0d50050568d634f/file/Irish-Terrier-1-645mk062411.jpg
000016.jpg,https://previews.123rf.com/images/isselee/isselee1810/isselee181001406/110985910-irish-terrier-puppy-12-weeks-old-standing-against-white-background.jpg
000017.jpg,https://upload.wikimedia.org/wikipedia/commons/thumb/a/a6/Terier_irlandzki_portret_pl.jpg/220px-Terier_irlandzki_portret_pl.jpg
000018.jpg,https://www.dogsnsw.org.au/media/img/BrowseAllBreed/Irish-Terrier.jpg
000019.jpg,https://animals.net/wp-content/uploads/2018/09/Irish-Terrier-2-650x425.jpg
000020.jpg,http://img1.wsimg.com/isteam/ip/7c8f7c9c-495f-40b5-8c6f-e9581261315c/fb72abf8-f639-497d-a9ef-b210a7e5b14e.jpg
000021.jpg,https://www.purina.com.au/-/media/Project/Purina/Main/Breeds/Dog/Mobile/Dog_Irish-Terrier_Mobile.jpg?h=300&la=en&w=375&hash=FA9415FB874CFF393DF2E47519924D4D
000022.jpg,https://www.dogbreedplus.com/dog_breeds/images/irish_terrier.jpg
000023.jpg,https://c8.alamy.com/comp/X28DMY/domestic-dog-irish-terrier-puppy-standing-on-lawn-X28DMY.jpg
000024.jpg,https://images.ctfassets.net/w00x6p5qkejz/4zfJOKIxfq4uQus2MYwcKq/a2fa63022f7b06da090172ea01f5d99f/Irish_Terrier5.png
000025.jpg,https://www.dogbreedinfo.com/images/IrishTerrierwest1.jpg
000026.jpg,https://i.pinimg.com/originals/32/4d/99/324d992f22591ab583ec87e14b94aae2.jpg
000027.jpg,http://www.pethealthnetwork.com/sites/default/files/content/images/prev_irish-terrier139882207.jpg
000028.jpg,https://s3.amazonaws.com/cdn-origin-etr.akc.org/wp-content/uploads/2017/11/12232004/Irish-Terrier-On-White-01-400x267.jpg
000029.jpg,https://previews.123rf.com/images/isselee/isselee1002/isselee100200487/6378856-irish-terrier-2-years-old-sitting-in-front-of-white-background.jpg
000030.jpg,http://7wallpapers.net/wp-content/uploads/20_Irish-Terrier.jpg
000031.jpg,http://2.bp.blogspot.com/-16DwmhV4yFY/UNyYXtoFwMI/AAAAAAAAA0o/jY1tuL3OPaE/s1600/irish_terrier_1.jpg
000032.jpg,https://s3.amazonaws.com/cdn-origin-etr.akc.org/wp-content/uploads/2017/11/12231224/Lakeland-Terrier-On-White-02-400x267.jpg
000033.jpg,https://www.dogbreedslist.info/uploads/allimg/dog-pictures/Irish-Terrier-3.jpg
000034.jpg,https://www.pets4homes.co.uk/images/breeds/89/large/b12bd4699a966df2dd7d8ece0695aa17.jpg
000035.jpg,https://nimages1.champdogs.net/34129/l16425384.jpg
000036.jpg,https://www.selectadogbreed.com/media/1705/irishterrier_adult.jpg
000037.jpg,https://images-eu.ssl-images-amazon.com/images/I/515jPXWbzkL._SR600%2C315_PIWhiteStrip%2CBottomLeft%2C0%2C35_SCLZZZZZZZ_.jpg
000038.jpg,https://i.pinimg.com/originals/9b/7e/be/9b7ebe623692c203893d2ce61c877672.jpg
000039.jpg,https://cdn.simplesite.com/i/67/49/286260059084835175/i286260064245345288._szw1280h1280_.jpg
000040.jpg,https://bowwowinsurance.com.au/wp-content/uploads/2018/10/cute-irish-terrier-puppy-close-up-face.jpg
000041.jpg,https://img.dog-learn.com/dog-breeds/irish-terrier/irish-terrier-i1-sz6.jpg
000042.jpg,https://s3.amazonaws.com/cdn-origin-etr.akc.org/wp-content/uploads/2017/11/27171856/Irish-Terrier.jpg
000043.jpg,https://i.ytimg.com/vi/fTSpghksCvg/hqdefault.jpg
000044.jpg,https://keyassets.timeincuk.net/inspirewp/live/wp-content/uploads/sites/8/2014/05/Irish_Terrier_Thumbnail.jpg
000045.jpg,https://nimages4.champdogs.net/37520/p79304555.jpg
000046.jpg,http://static.pedigreedatabase.com/dogbreeds/irish_terrier.jpg
000047.jpg,https://s3.eu-west-1.amazonaws.com/bmd-production/uploads/03d922aef016b5d177fa505267961236.jpg
000048.jpg,https://thumbs.dreamstime.com/z/irish-terrier-plays-snow-winter-89265491.jpg
000049.jpg,https://www.defendanimals.com/images_designs/irish-terrier-d001014618579.png
000050.jpg,https://researchbreeder.com/images/Irish_Terrier_Puppy.jpg
