image,source
000001.jpg,https://cdn1-www.dogtime.com/assets/uploads/gallery/irish-water-spaniel-dogs-and-puppies/irish-water-spaniel-1.jpg
000002.jpg,https://d17fnq9dkz9hgj.cloudfront.net/breed-uploads/2018/08/irish-water-spaniel-detail.jpg?bust=1535565960&width=355
000003.jpg,https://www.pets4homes.co.uk/images/breeds/214/large/8edcc746af241c30f6cf1d838d0599fb.jpg
000004.jpg,https://vetstreet.brightspotcdn.com/dims4/default/346ab96/2147483647/crop/0x0%2B0%2B0/resize/645x380/quality/90/?url=https%3A%2F%2Fvetstreet-brightspot.s3.amazonaws.com%2F12%2Fa18cf0a38511e087a80050568d634f%2Ffile%2FIrish-Water-Spaniel-4-645mk062411.jpg
000005.jpg,https://i.pinimg.com/originals/a7/1d/32/a71d32b7fb087c6ff1b8abbd284e1f21.jpg
000006.jpg,https://cdn1-www.dogtime.com/assets/uploads/2011/01/file_22986_irish-water-spaniel-460x290.jpg
000007.jpg,https://s3.amazonaws.com/cdn-origin-etr.akc.org/wp-content/uploads/2017/11/12231921/Irish-Water-Spaniel-On-White-01.jpg
000008.jpg,http://www.petsworld.in/blog/wp-content/uploads/2014/11/Irish_Water_Spaniel.jpg
000009.jpg,https://www.petguide.com/wp-content/uploads/2013/04/irish-water-spaniel.jpg
000010.jpg,https://www.dogbreedslist.info/uploads/allimg/dog-pictures/Irish-Water-Spaniel-1.jpg
000011.jpg,https://images.ctfassets.net/w00x6p5qkejz/42GTEL3IEE2OwWmUuiOoQa/4008cd03ff8d7b2fc0a27f59ba569e6a/Irish_Water_Spaniel1.png
000012.jpg,https://www.petmd.com/sites/default/files/breedopedia/irish_water_spaniel.jpg
000013.jpg,https://previews.123rf.com/images/capturelight/capturelight1608/capturelight160800092/61242088-typical-irish-water-spaniel-in-the-spring-garden.jpg
000014.jpg,https://www.dogbreedslist.info/uploads/allimg/dog-pictures/Irish-Water-Spaniel-2.jpg
000015.jpg,https://images.ctfassets.net/w00x6p5qkejz/48lAEDvMjYAAmW06Qow2II/ef1ae30a9cfae0242b6f342b58948b6b/Irish_Water_Spaniel2.png
000016.jpg,https://i.pinimg.com/originals/dd/31/90/dd31900699ad849f1881fd400753c92f.jpg
000017.jpg,https://perfectpets.com.au/uploads/files/getfile/type/breed/id/219/file/11332751355347d1900ada45.90992271-breed-219.gif
000018.jpg,https://vetstreet.brightspotcdn.com/dims4/default/061b835/2147483647/thumbnail/645x380/quality/90/?url=https%3A%2F%2Fvetstreet-brightspot.s3.amazonaws.com%2Fe5%2F7d0060a38411e087a80050568d634f%2Ffile%2FIrish-Water-Spaniel-2-645mk062411.jpg
000019.jpg,https://i.pinimg.com/originals/8a/88/2b/8a882b0371087f91b5966d72a257972c.jpg
000020.jpg,https://www.petguide.com/wp-content/uploads/2013/04/irish-water-spaniel-2.jpg
000021.jpg,https://i.ytimg.com/vi/6H-NtlQwzwA/maxresdefault.jpg
000022.jpg,https://doglime.com/wp-content/uploads/2019/04/Irish-Water-Spaniel..jpg
000023.jpg,https://animalsbreeds.com/wp-content/uploads/2018/05/Irish-Water-Spaniel.jpg
000024.jpg,https://upload.wikimedia.org/wikipedia/commons/6/67/Irlandzki_spaniel_wodny_676.jpg
000025.jpg,http://www.pethealthnetwork.com/sites/default/files/the-irish-water-spaniel177636431.jpg
000026.jpg,https://www.dogbreedslist.info/uploads/allimg/dog-pictures/Irish-Water-Spaniel-3.jpg
000027.jpg,https://cdn.britannica.com/s:300x300/83/162383-004-0B1A03FF.jpg
000028.jpg,http://www.dogzone.com/images/breeds/irish-water-spaniel.jpg
000029.jpg,https://pbs.twimg.com/media/DgOIWayX0AAQqRf.jpg
000030.jpg,https://sites.google.com/site/dawgs4u/_/rsrc/1357176740669/how_to_find_a_dog_4_you/hairy-dogs---no-fur-allowed/irish-water-spaniel/irish_water_spaniel.jpg
000031.jpg,http://www.petsworld.in/blog/wp-content/uploads/2014/11/irish-water-spaniel_05_lg.jpg
000032.jpg,http://www.askaboutireland.ie/_internal/gxml!0/2ocqn930ubywvi8z0wl9dhefnm6z926$sq0u9xdlrx5jb8z7meagjn9tl4v63y3
000033.jpg,https://www.pedigree.com/images/default-source/breed-images/largef21f078ea3f66930bcd1ff00004ce6f7.jpg?sfvrsn=b0e96e49_0
000034.jpg,https://i1.wp.com/sciencewows.ie/wp-content/uploads/2014/03/IrishNativeDog.jpg?resize=334%2C350
000035.jpg,http://bib.ge/dogs/big/961.jpg
000036.jpg,http://caninechronicle.com/wp-content/uploads/2013/04/Irish-Water-Spaniel--300x224.jpg
000037.jpg,https://www.vetarena.org/gallery/image-541.l.jpg
000038.jpg,https://c8.alamy.com/comp/X3D6HD/irish-water-spaniel-portrait-of-adult-X3D6HD.jpg
000039.jpg,http://siggysparadise.com/wp-content/uploads/2018/07/Cuardach-Irish-Water-Spaniels.jpg
000040.jpg,https://mypetworld.in/wp-content/uploads/2018/08/Irish-Water-Spaniel-3.jpg
000041.jpg,https://www.pets4homes.co.uk/images/classifieds/2015/08/12/1049982/large/irish-water-spaniels-puppies-55d9fec9e71bf.jpg
000042.jpg,https://images.ctfassets.net/w00x6p5qkejz/3WKMqf5rT2kwgiWMA2Gsw2/b02262ca6eab82fc50ba29462cf1e3d9/Irish_Water_Spaniel3.png
000043.jpg,https://c8.alamy.com/comp/XADW6F/irish-water-spaniel-dog-portrait-of-adult-with-tongue-out-XADW6F.jpg
000044.jpg,http://www.veanimals.com/images/stories/dog/irishWaterSpaniel.jpg
000045.jpg,https://www.mascotarios.org/wp-content/uploads/2011/09/irishwaterspaniel.jpg
000046.jpg,http://1.bp.blogspot.com/-9D_cK7KtltY/UNx-9UJSz8I/AAAAAAAAAz0/Oj2H7zt6o-U/s1600/irish_water_spaniel2.jpg
000047.jpg,https://i.etsystatic.com/17475143/r/il/7e630c/1656605869/il_794xN.1656605869_enhw.jpg
000048.jpg,http://www.petmania.ie/images/default-source/dog/irish-water-spaniel.png?sfvrsn=2
000049.jpg,https://dogbreedatlas.com/images/dog-breed-photos/irish-water-spaniel/001/irish-water-spaniel-1486720900-1.jpg
000050.jpg,https://dogpack.com/img/breeds/images/photopost/708/medium/irish_water_spaniel.JPG?w=285&h=285&fm=jpg&q=70&dpr=2&s=8a368221aceb95bfdbc6c37ca3550a78
