image,source
000001.jpg,https://upload.wikimedia.org/wikipedia/commons/d/da/%282%29_Irish_Wolfhound_4.jpg
000002.jpg,https://cdn1-www.dogtime.com/assets/uploads/gallery/irish-wolfhound-dog-breed-pictures/1-size.jpg
000003.jpg,https://s3.amazonaws.com/cdn-origin-etr.akc.org/wp-content/uploads/2017/11/12231907/Irish-Wolfhound-Care.jpg
000004.jpg,https://vetstreet.brightspotcdn.com/dims4/default/a18b0ee/2147483647/thumbnail/645x380/quality/90/?url=https%3A%2F%2Fvetstreet-brightspot.s3.amazonaws.com%2F5b%2Fa7%2Fc2d1a9e1482dbaefef2f547c466b%2FIrish-Wolfhound-AP-1KMJNX-%28645%29lc061813.jpg
000005.jpg,https://www.pets4homes.co.uk/images/breeds/66/large/db268edb05abe810b7d9841905d2857a.jpg
000006.jpg,https://vetstreet-brightspot.s3.amazonaws.com/a0/c1/9925e3ac4090aff4c3cd3ead2c2b/irish-wolfhound-ap-0qrfi8-645-x-380.jpg
000007.jpg,https://s3.amazonaws.com/cdn-origin-etr.akc.org/wp-content/uploads/2017/11/12211902/Irish-Wolfhound-on-White-12.jpg
000008.jpg,https://s3.amazonaws.com/cdn-origin-etr.akc.org/wp-content/uploads/2017/11/19185809/Irish-Wolfhound-puppies.jpg
000009.jpg,https://thehappypuppysite.com/wp-content/uploads/2018/11/scottish-deerhound-vs-irish-wolfhound-long.jpg
000010.jpg,https://i1.wp.com/puppytoob.com/wp-content/uploads/2015/09/465457668.jpg?resize=640%2C427
000011.jpg,https://vetstreet-brightspot.s3.amazonaws.com/42/760180a75a11e0a0d50050568d634f/file/Irish-Wolfhound-2-645mk062411.jpg
000012.jpg,https://i.pinimg.com/originals/c9/73/f9/c973f9bcf2447e22717c793c8a077c98.jpg
000013.jpg,https://www.birthsdeathsmarriages.ie/wp-content/uploads/Anna-Harvey-and-Wolfhound-370x555.jpg
000014.jpg,https://thehappypuppysite.com/wp-content/uploads/2018/08/irish-wolfhound-long.jpg
000015.jpg,https://www.yourpurebredpuppy.com/dogbreeds/photos-IJKL/irishwolfhoundsf4.jpg
000016.jpg,https://a-z-animals.com/media/animals/images/470x370/irish_wolfhound.jpg
000017.jpg,https://www.pviwc.org/images/pdf/2019Specialty/BestOfBreed.jpg
000018.jpg,https://i.pinimg.com/originals/b5/d5/8e/b5d58e769a58800a327536d0ebec8b71.jpg
000019.jpg,http://fishmusic.scot/wp-content/uploads/2018/07/wolfhoundpair_H1A0152.jpg
000020.jpg,https://keyassets.timeincuk.net/inspirewp/live/wp-content/uploads/sites/8/2018/02/Marmaduke-the-Irish-Wolfhound-24_162140581_238260442.jpg
000021.jpg,https://www.petguide.com/wp-content/uploads/2013/02/irish-wolfhound1.jpg
000022.jpg,https://moderndogmagazine.com/sites/default/files/images/articles/top_images/scottishdeerhoundvsirishdeerhound_hd.jpg
000023.jpg,https://i.pinimg.com/originals/aa/63/e0/aa63e0b953ceb418fe747799ecdbc81c.jpg
000024.jpg,https://files.brightside.me/files/news/part_68/681060/9340110-image-crop-568x439-1548154327-728-5ef0091dd8-1548334343.jpg
000025.jpg,https://upload.wikimedia.org/wikipedia/commons/0/03/Irish_Wolfhound_3.jpg
000026.jpg,https://www.hillspet.com/content/dam/cp-sites/hills/hills-pet/en_us/img/breeds/gray-irish-wolfhound-running-through-meadow.jpg
000027.jpg,http://www.theirishworld.com/wp-content/uploads/2018/02/Irish-Wolfhounds-Bunratty-0032.jpg
000028.jpg,https://www.irishcentral.com/uploads/article/115310/cropped_Main_twins_identical_Irish_wolfhounds_Kurt_De_Cramer.jpg?t=1490727501
000029.jpg,https://s3.amazonaws.com/adbc/Breeds/irish+wolfhound+wearing+dog+boots.jpg
000030.jpg,https://www.irelandsown.ie/wp-content/uploads/2017/10/wolfhound.jpg
000031.jpg,https://www.pets4homes.co.uk/images/articles/1066/large/all-about-the-irish-wolfhound-5220972ccecc7.jpg
000032.jpg,https://dogsnet.com/wp-content/uploads/2019/01/Black-Irish-Wolfhound-long.jpg
000033.jpg,https://static.boredpanda.com/blog/wp-content/uploads/2018/12/BrbMlMBAmyv-png__700.jpg
000034.jpg,https://i.redd.it/hquvbp0gx5b21.jpg
000035.jpg,https://i1.wp.com/thewildstare.com/wp-content/uploads/2017/08/WIldthnang.png?fit=1000%2C1166&ssl=1
000036.jpg,https://www.gilpa.co.uk/wp-content/uploads/2017/01/irish-wolfhound-web.jpg
000037.jpg,https://www.calendars.com/img/p/orig/202000004307.jpg
000038.jpg,https://www.dogbreedslist.info/uploads/allimg/dog-pictures/Irish-Wolfhound-2.jpg
000039.jpg,https://s3.amazonaws.com/cdn-origin-etr.akc.org/wp-content/uploads/2017/11/12231858/Irish-Wolfhound-History-02.jpg
000040.jpg,https://www.irishtimes.com/polopoly_fs/1.3076941.1494537070!/image/image.jpg_gen/derivatives/box_620_330/image.jpg
000041.jpg,https://www.petmd.com/sites/default/files/breedopedia/irish_wolfhound.jpg
000042.jpg,https://keyassets.timeincuk.net/inspirewp/live/wp-content/uploads/sites/8/2018/02/TrudieStyler-MP-078_162085622_238260442.jpg
000043.jpg,http://static-20.sinclairstoryline.com/resources/media/c2d74286-8c63-4ed7-b0ab-f34c2a99cda4-large16x9_irishwolfhound.png
000044.jpg,https://i.ytimg.com/vi/QuiTCfBgJJM/hqdefault.jpg
000045.jpg,https://www.certapet.com/wp-content/uploads/2018/06/Irish-Wolfhound-A-Medieval-Favorite-in-Modern-Times.jpg
000046.jpg,http://poochinfo.com/wp-content/uploads/2018/04/White-Irish-Wolfhound.jpg
000047.jpg,https://www.selectadogbreed.com/media/1667/irishwolfhound_puppy.jpg
000048.jpg,https://i.pinimg.com/originals/53/20/d0/5320d0795207816edb09003146861430.jpg
000049.jpg,https://cdn.britannica.com/s:300x300/22/8122-004-54129390.jpg
000050.jpg,https://s3-eu-west-1.amazonaws.com/w3.cdn.gpd/gb.pedigree.56/large_f4f1dc2f-fa71-454a-95d9-99e9d4f85473.jpg
