image,source
000001.jpg,https://cdn3-www.dogtime.com/assets/uploads/gallery/italian-greyhound-dog-breed-pictures/1-puppy.jpg
000002.jpg,https://i.etsystatic.com/6071694/r/il/2f2adc/736478493/il_794xN.736478493_shrm.jpg
000003.jpg,https://cdn1-www.dogtime.com/assets/uploads/2011/01/file_23110_italian-greyhound-460x290.jpg
000004.jpg,https://www.purina.com.au/-/media/Project/Purina/Main/Breeds/Dog/Mobile/Dog_Italian-Greyhound_Mobile.jpg?h=300&la=en&w=375&hash=CD062F82F3EF1A6F21CE1E0A7542DD8E
000005.jpg,https://s3.amazonaws.com/cdn-origin-etr.akc.org/wp-content/uploads/2017/11/12213025/Italian-Greyhound-on-white-01.jpg
000006.jpg,https://s3.amazonaws.com/cdn-origin-etr.akc.org/wp-content/uploads/2017/11/12231757/Italian-Greyhound-On-White-03.jpg
000007.jpg,https://s3.amazonaws.com/cdn-origin-etr.akc.org/wp-content/uploads/2017/11/12231830/Italian-Greyhound-Care.jpg
000008.jpg,https://www.dogster.com/wp-content/uploads/2019/04/DSTR-1906-Italian-Greyhound.jpg
000009.jpg,https://i.redd.it/5gwo8u6wnjj01.jpg
000010.jpg,https://vetstreet-brightspot.s3.amazonaws.com/b0/1b5d90a0f511e087a80050568d634f/file/Italian-Greyhound-1-645mk062111.jpg
000011.jpg,https://bowwowinsurance.com.au/wp-content/uploads/2018/10/italian-greyhound-700x700.jpg
000012.jpg,https://d17fnq9dkz9hgj.cloudfront.net/breed-uploads/2018/08/italian-greyhound-detail.jpg?bust=1535565985&width=355
000013.jpg,https://vetstreet-brightspot.s3.amazonaws.com/72/9a5650a38511e087a80050568d634f/file/Italian-Greyhound-2-645mk062111.jpg
000014.jpg,https://upload.wikimedia.org/wikipedia/commons/thumb/3/36/ItalianGreyhound.jpg/220px-ItalianGreyhound.jpg
000015.jpg,https://images-na.ssl-images-amazon.com/images/I/71Afa03DuhL.jpg
000016.jpg,https://vetstreet-brightspot.s3.amazonaws.com/95/0426d0a38511e087a80050568d634f/file/Italian-Greyhound-3-645mk062111.jpg
000017.jpg,https://thehappypuppysite.com/wp-content/uploads/2018/10/whippet-vs-italian-greyhound-long-2.jpg
000018.jpg,https://www.pets4homes.co.uk/images/breeds/230/large/e3a97b6ca319598aff16d632e688ff51.jpg
000019.jpg,https://images-ra.adoptapet.com/seo/1/ff/69_ff.jpg
000020.jpg,https://i.etsystatic.com/9972616/r/il/5f7ddd/1790961463/il_794xN.1790961463_qi2j.jpg
000021.jpg,https://www.pets4homes.co.uk/images/articles/1806/large/owning-an-italian-greyhound-53b695cfdfaec.jpg
000022.jpg,https://cmkt-image-prd.global.ssl.fastly.net/0.1.0/ps/3775205/910/1365/m2/fpnw/wm1/jrpmuziekmql1clpzapdmlvfjexkmkrzrmz0wlnitvxxfbyks4ghqttdcaf9mhes-.jpg?1514202744&s=51c6f009c3aa55864034383cb2e7b523
000023.jpg,https://cdn.shopify.com/s/files/1/1143/3588/products/wc-ig-bk-1000_8b4b8b4e-03e8-4a4f-86d3-503ae557ae47_2000x.jpg?v=1539214678
000024.jpg,https://i.pinimg.com/originals/90/20/b2/9020b2343ddcc0f47e02da247e335efc.jpg
000025.jpg,https://www.petbarn.com.au/petspot/app/uploads/2016/08/53.-Italian-Greyhound.jpg
000026.jpg,https://previews.123rf.com/images/cynoclub/cynoclub1709/cynoclub170900233/86368665-puppy-italian-greyhound-in-front-of-white-background.jpg
000027.jpg,https://s3-eu-west-1.amazonaws.com/w3.cdn.gpd/gb.pedigree.56/large_daf769e0-69ed-43db-ae76-c1e6a834832d.jpg
000028.jpg,http://lokopetapparel.com/wp-content/uploads/2015/12/DSC_1862.jpg
000029.jpg,https://images.fineartamerica.com/images/artworkimages/mediumlarge/1/italian-greyhound-dog-jumping-hangs-in-air-looking-camera-isolated-sergey-taran.jpg
000030.jpg,https://i.ytimg.com/vi/wQfC0uEUfjU/hqdefault.jpg
000031.jpg,https://dgicdplf3pvka.cloudfront.net/images/dogbreeds/large/Italian-Greyhound.jpg
000032.jpg,https://thehappypuppysite.com/wp-content/uploads/2018/07/italian-greyhound-long.jpg
000033.jpg,https://images-na.ssl-images-amazon.com/images/I/41gqZEP%2BdIL._SX258_BO1,204,203,200_.jpg
000034.jpg,https://cdn.omlet.co.uk/images/cache/588/768/Dog-Italian_Greyhound-An_incredible_little_Italian_Greyhound_puppy_with_one_ear_folder_back.jpg
000035.jpg,https://s3.amazonaws.com/cdn-origin-etr.akc.org/wp-content/uploads/2017/11/12231804/Italian-Greyhound-MP.jpg
000036.jpg,https://lh6.googleusercontent.com/6oRmATQGv7oguj_oh2SvORa6LnEJG8gRreBJooaof-Ozcq8sOdyu2yaI-n8QCIUvqXIkMBRUGPq_GhIhGyK83QzBsmpEqmzyr2ZR306JSu0fyW_B9ui2ij4ld_Ysb8Z8nN0smWEN
000037.jpg,https://www.featurepics.com/StockImage/20090403/puppy-stock-image-1140094.jpg
000038.jpg,https://vetstreet.brightspotcdn.com/dims4/default/615618f/2147483647/crop/0x0%2B0%2B0/resize/645x380/quality/90/?url=https%3A%2F%2Fvetstreet-brightspot.s3.amazonaws.com%2Fbd%2Ff32000a38511e087a80050568d634f%2Ffile%2FItalian-Greyhound-5-062411.jpg
000039.jpg,https://images.ctfassets.net/wy4h2xf1swlt/asset_12101/6e4eee600a542db60df92fa5c5020784/the-perfect-apartment-dog.jpg
000040.jpg,https://breedguide.trupanion.com/images/breed/dog/italiangreyhound.jpg
000041.jpg,https://cdn.shopify.com/s/files/1/1133/5028/products/IG_RICH_BITCH_SHAMPOO_DOG_REV1.jpg?v=1551913524
000042.jpg,https://www.calendars.com/img/p/orig/202000004308.jpg
000043.jpg,https://cmkt-image-prd.global.ssl.fastly.net/0.1.0/ps/3791052/1820/2730/m1/fpnw/wm1/qq2qbpiucw4dbs8vix1tzwb0onkirxlriobpmmedodtggczttxmxbvwjwrfhuvez-.jpg?1514718536&s=eadbc60ca61ca9a49d540a3b7184a6b1
000044.jpg,https://i.ytimg.com/vi/b1K2u7uvfrQ/maxresdefault.jpg
000045.jpg,https://i.etsystatic.com/6146319/r/il/aa977c/1828513436/il_794xN.1828513436_p8b3.jpg
000046.jpg,https://images-na.ssl-images-amazon.com/images/I/71lcrFQT%2BvL.jpg
000047.jpg,https://www.offtheleash.com.au/wp-content/uploads/2019/03/dog-3810479_960_720.jpg
000048.jpg,http://static1.squarespace.com/static/5b962b3f70e80221c4a39776/5b9631d470a6adfadf48abb4/5c69585b085229f2876ca7c0/1556969956676/IMG_0121+copy.jpg
000049.jpg,https://www.marchwindigs.net/Media/Default/SiteMedia/ContentMedia/News/formaggio%202.jpg
000050.jpg,http://dev.petcentral.chewy.com/wp-content/uploads/italian-greyhound-620-403-shutterstock-205583947-1.jpg
