image,source
000001.jpg,https://upload.wikimedia.org/wikipedia/commons/thumb/1/1a/Jonangi_worked_out.jpg/220px-Jonangi_worked_out.jpg
000002.jpg,https://upload.wikimedia.org/wikipedia/commons/b/b3/Jonangi_Pup_Shakthi.jpg
000003.jpg,https://upload.wikimedia.org/wikipedia/commons/6/6f/Jonangi_from_Konkan_Coast.jpg
000004.jpg,https://upload.wikimedia.org/wikipedia/commons/6/65/Jonangi.jpg
000005.jpg,https://i.ytimg.com/vi/YTGarqU5GRQ/maxresdefault.jpg
000006.jpg,https://upload.wikimedia.org/wikipedia/commons/b/b8/Pair_Guarding.jpg
000007.jpg,https://i.ytimg.com/vi/bWqQ2SADLwk/hqdefault.jpg
000008.jpg,https://i.ytimg.com/vi/KOvEi9YYghQ/maxresdefault.jpg
000009.jpg,https://www.inetfarms.com/img/dogs/Jonangi-1.jpg
000010.jpg,https://usercontent2.hubstatic.com/13827153_f520.jpg
000011.jpg,http://i604.photobucket.com/albums/tt126/123venkat/Jonangi-kolleti%20jagila/Picture062.jpg
000012.jpg,https://i.ytimg.com/vi/YTGarqU5GRQ/hqdefault.jpg
000013.jpg,http://www.dogwallpapers.net/wallpapers/jonangi-dog-wallpaper.jpg
000014.jpg,https://i.pinimg.com/474x/1d/62/8c/1d628c1e05d0477ceadc393cdaef322d--kind.jpg
000015.jpg,https://i.ytimg.com/vi/UXeKiYEzuYc/hqdefault.jpg
000016.jpg,https://usercontent2.hubstatic.com/9079615_f520.jpg
000017.jpg,https://i.ytimg.com/vi/KOvEi9YYghQ/hqdefault.jpg
000018.jpg,https://usercontent2.hubstatic.com/13827139_f520.jpg
000019.jpg,https://i.pinimg.com/originals/39/24/dc/3924dc7875e82c85012138edee56221c.jpg
000020.jpg,https://i.ytimg.com/vi/hEELvW7BHb8/maxresdefault.jpg
000021.jpg,https://www.inetfarms.com/img/dogs/Jonangi-2.jpg
000022.jpg,https://scontent-lga3-1.cdninstagram.com/vp/88f0b0d7f37653bcd054ef4110eb9a7b/5DA37B62/t51.2885-15/e35/53856008_278335673058627_3379330743370292285_n.jpg?_nc_ht=scontent-lga3-1.cdninstagram.com
000023.jpg,https://pbs.twimg.com/media/DBVc3kBUAAEOXpG.jpg
000024.jpg,https://teja8.kuikr.com/i4/20190712/World-class-Siberian-husky-pups-avlb-wit-paper-VB201705171774173-ak_LWBP1520161404-1562903578.jpeg
000025.jpg,https://images.outlookindia.com/public/uploads/gallery/20190307/Indian-dogs_6_20190318_600_855.jpg
000026.jpg,https://66.media.tumblr.com/07c2029f4fc4e68b1af1d16232801c24/tumblr_pc5clozewx1wvejs4o1_400.jpg
000027.jpg,https://scontent-ort2-2.cdninstagram.com/vp/79059d1afbff8834e29bc91c9a0d471e/5DBABD26/t51.2885-15/e35/61969774_318854792348200_1197111857092367234_n.jpg?_nc_ht=scontent-ort2-2.cdninstagram.com
000028.jpg,https://i.ytimg.com/vi/pHtgZL2W1jc/hqdefault.jpg
000029.jpg,https://yt3.ggpht.com/a/AGF-l791dQc6lfv_1t1h-9tHqEwlfnietuIM_-YO5w=s800-mo-c-c0xffffffff-rj-k-no
000030.jpg,https://i604.photobucket.com/albums/tt126/123venkat/Jonangi-kolleti%20jagila/Picture089.jpg?width=200&height=200&crop=1:1,smart
000031.jpg,http://3.bp.blogspot.com/_AVIcqznMG5U/STAXkPd4Z9I/AAAAAAAABb0/FlzUJ2G4W78/s400/untitled.jpg
000032.jpg,https://i604.photobucket.com/albums/tt126/123venkat/Jonangi-kolleti%20jagila/Picture051.jpg?width=200&height=200&crop=1:1,smart
000033.jpg,https://i604.photobucket.com/albums/tt126/123venkat/Jonangi-kolleti%20jagila/Picture073.jpg?width=200&height=200&crop=1:1,smart
000034.jpg,https://d1k5w7mbrh6vq5.cloudfront.net/images/cache/d5/b6/c9/d5b6c933576b53d4438ffe7e4890a11d.jpg
000035.jpg,https://i3.cpcache.com/merchandise/110_550x550_Front_Color-White.jpg?Size=Large&AttributeValue=NA&region={%22name%22:%22FrontCenter%22,%22width%22:8,%22height%22:6.4,%22alignment%22:%22MiddleCenter%22,%22orientation%22:0,%22dpi%22:100,%22crop_x%22:0,%22crop_y%22:0,%22crop_h%22:600,%22crop_w%22:800,%22scale%22:0,%22template%22:{%22id%22:32761892,%22params%22:{}}}
000036.jpg,http://www.dogwallpapers.net/wallpapers/jonangi-dog-face-photo.jpg
000037.jpg,https://www.wikilistia.com/wp-content/uploads/2018/12/French-Bulldog-1.jpg
000038.jpg,https://i.ytimg.com/vi/DEb-VEhIw-o/hqdefault.jpg
000039.jpg,https://cdn.fotofits.com/petzlover/gallery/img/l/akbash-dog-puppies-657843.jpg
000040.jpg,https://images-wixmp-ed30a86b8c4ca887773594c2.wixmp.com/f/a99b85b7-eaf2-4dc0-aa24-e40238e2098d/d5m9wnk-a6ac82ef-e1a8-42d4-a690-4c4986187f6b.png/v1/fill/w_333,h_250,q_70,strp/at_the_beach_by_jonangi_d5m9wnk-250t.jpg?token=eyJ0eXAiOiJKV1QiLCJhbGciOiJIUzI1NiJ9.eyJzdWIiOiJ1cm46YXBwOjdlMGQxODg5ODIyNjQzNzNhNWYwZDQxNWVhMGQyNmUwIiwiaXNzIjoidXJuOmFwcDo3ZTBkMTg4OTgyMjY0MzczYTVmMGQ0MTVlYTBkMjZlMCIsIm9iaiI6W1t7ImhlaWdodCI6Ijw9Njc1IiwicGF0aCI6IlwvZlwvYTk5Yjg1YjctZWFmMi00ZGMwLWFhMjQtZTQwMjM4ZTIwOThkXC9kNW05d25rLWE2YWM4MmVmLWUxYTgtNDJkNC1hNjkwLTRjNDk4NjE4N2Y2Yi5wbmciLCJ3aWR0aCI6Ijw9OTAwIn1dXSwiYXVkIjpbInVybjpzZXJ2aWNlOmltYWdlLm9wZXJhdGlvbnMiXX0.PYk9cqXmJaD9X_-bCl7iKWzxH9vGo8JtXNTbaQ5mma8
000041.jpg,https://cdn.fotofits.com/petzlover/gallery/img/l/akita-657830.jpg
000042.jpg,https://i.ebayimg.com/images/g/1EEAAMXQjq5Q9~E0/s-l300.jpg
000043.jpg,https://i604.photobucket.com/albums/tt126/123venkat/Jonangi-kolleti%20jagila/Picture090.jpg?width=200&height=200&crop=1:1,smart
000044.jpg,https://i.ytimg.com/vi/qq6z2MUBRA0/hqdefault.jpg
000045.jpg,https://2.bp.blogspot.com/-EcgE5_ZfkKE/XFxtsIVIWmI/AAAAAAAAFSA/sjdJ1BO3-kcG0KOo81uWdoCW3ceydTsswCLcBGAs/s1600/IMG-20190207-WA0016.jpg
000046.jpg,http://cdn.pedegru.com/Photos/619c4c14-7782-43c4-9ce9-4851e84ebfb1/p_thumb-212x212.png
000047.jpg,https://scontent.cdninstagram.com/vp/8591d86151aeebb1e6fe1b066b4211f0/5D811FB0/t51.2885-15/e35/c0.90.720.720/s480x480/53067100_801247473573178_3067594012374565850_n.jpg?_nc_ht=scontent-otp1-1.cdninstagram.com
000048.jpg,https://usercontent1.hubstatic.com/14233388_f520.jpg
000049.jpg,https://i.ytimg.com/vi/B30lzdNw1r4/hqdefault.jpg
000050.jpg,https://scontent-lga3-1.cdninstagram.com/vp/f9502af74e1c89a92533c15bd2368745/5D96F0B4/t51.2885-15/sh0.08/e35/s640x640/61474271_143397043466261_1880872193303355585_n.jpg?_nc_ht=scontent-lga3-1.cdninstagram.com
