image,source
000001.jpg,https://upload.wikimedia.org/wikipedia/commons/5/55/J%C3%A4mthund.jpg
000002.jpg,https://www.dogzone.com/images/breeds/jamthund-800.jpg
000003.jpg,https://www.skk.se/globalassets/nku/filer/images/nordic-breeds/jamthund.jpg
000004.jpg,https://i.pinimg.com/originals/a4/ee/d5/a4eed5e3f31ad1e07e0bee0ce264175f.jpg
000005.jpg,https://i.pinimg.com/originals/ce/6b/75/ce6b75278499ecb1d2a647244e190304.jpg
000006.jpg,http://www.dogzone.com/images/breeds/jamthund.jpg
000007.jpg,https://www.101dogbreeds.com/wp-content/uploads/2018/07/J%C3%A4mthund-Photos.jpg
000008.jpg,http://pm1.narvii.com/6379/ce2785139ba98e095aef2760163b9177427aec81_00.jpg
000009.jpg,https://www.101dogbreeds.com/wp-content/uploads/2018/07/J%C3%A4mthund-Dog.jpg
000010.jpg,https://bilder.svenskjakt.se/EoDbcrXfhlQ/w:2048/h:1426/q:auto/https://svenskjakt.se/wp-content/uploads/2018/01/6DEV4KTIOL037NQ.jpg
000011.jpg,https://dogbreedatlas.com/images/dog-breed-photos/jamthund/001/jamthund-1490446829-1.jpg
000012.jpg,https://i.pinimg.com/originals/c7/13/64/c713649f8ec2adb9a7cd7a27b345db6e.jpg
000013.jpg,https://www.skk.se/globalassets/nku/filer/images/nordic-breeds/medlemsbilder/jamthund-medlem.png
000014.jpg,https://www.dogbreedslist.info/uploads/allimg/dog-pictures/Jamthund-2.jpg
000015.jpg,http://2.bp.blogspot.com/_LYxGQn08RU4/SFcholc-EuI/AAAAAAAAA4Q/EFGGOy2ZkvY/s320/J%C3%84MTHUND+J%C3%A4mthund+Swedish+Elkhound2.bmp
000016.jpg,https://www.101dogbreeds.com/wp-content/uploads/2018/07/J%C3%A4mthund.jpg
000017.jpg,https://i.redd.it/uritp6uipdk21.jpg
000018.jpg,https://www.petpaw.com.au/wp-content/uploads/2015/03/J%C3%A4mthund-Dog-1030x1030.jpg
000019.jpg,https://www.dogbreedslist.info/uploads/allimg/dog-pictures/Jamthund-1.jpg
000020.jpg,http://primitivedogs.com/wp-content/uploads/2016/02/Swedish-Elkhound.jpg
000021.jpg,http://www.gopetsamerica.com/spitz/swedish-elkhound.jpg
000022.jpg,https://i.ytimg.com/vi/0ev6mmqYAz4/maxresdefault.jpg
000023.jpg,https://www.mascotarios.org/wp-content/uploads/2011/05/J%C3%A4mthund.jpg
000024.jpg,https://i.vimeocdn.com/video/529417286_1280x720.jpg
000025.jpg,https://alchetron.com/cdn/jmthund-3fd7a2ce-8c40-4b1c-9211-e9b74700d25-resize-750.jpeg
000026.jpg,https://www.kamiakennels.ca/Aina/images/Aina-17-Months-lrg.jpg
000027.jpg,https://dogwellnet.com/uploads/monthly_2017_03/swedish-elkhound-800x800-fci42.png.c1e6e4b99387de4dd670468e9b350afc.png
000028.jpg,http://resources.mynewsdesk.com/image/upload/c_limit,dpr_2.625,f_auto,h_700,q_auto,w_360/idlnh17yl1oxag8vsyue.jpg
000029.jpg,https://www.dogzone.com/images/breeds/jamthund-puppy.jpg
000030.jpg,http://www.fci.be/Nomenclature/Illustrations/042g05.jpg
000031.jpg,https://i.ytimg.com/vi/DE4QhXcis28/maxresdefault.jpg
000032.jpg,https://www.kamiakennels.ca/Aina/images/elkhound-types-2lrg.jpg
000033.jpg,https://c8.alamy.com/comp/BB5C86/dogs-playing-in-the-snow-BB5C86.jpg
000034.jpg,http://petshoptop.ru/media/81/f7/46/81f746c301dac7c69b449a75520a45d8/56fb89867e280.jpg
000035.jpg,http://www.dogwallpapers.net/wallpapers/j%C3%A4mthund-dog-in-the-grass-photo.jpg
000036.jpg,https://upload.wikimedia.org/wikipedia/commons/3/38/J%C3%A4mthund_drvd.png
000037.jpg,https://c8.alamy.com/comp/CMKF2F/the-lappland-sweden-14th-july-2013-a-jamthund-in-the-lappland-sweden-CMKF2F.jpg
000038.jpg,https://i.imgur.com/HOhnmyb.jpg?1
000039.jpg,https://retrieverman.files.wordpress.com/2013/10/jc3a4mthund-killed-by-wolves.jpg
000040.jpg,http://lh5.ggpht.com/_qq4ZSRmWLe4/SWSeqv26vfI/AAAAAAAAA6I/ZJGkdkL2Cf0/s1600/PB010086.JPG
000041.jpg,https://brit-petfood.com/file/nodes/product/Jamthund.jpg
000042.jpg,https://i.vimeocdn.com/video/645692057.jpg?mw=1920&mh=1080&q=70
000043.jpg,https://www.dogimals.com/wp-content/uploads/2018/06/Lupa-and-Bella-Friday-Walk-Test-1024x576.jpg
000044.jpg,https://upload.wikimedia.org/wikipedia/commons/1/1e/J%C3%A4mthund_%28Swedish_Elkhound%29_in_the_woods-_2_years_old_male-_2013-07-06_13-55.jpg
000045.jpg,https://jagareforbundet.se/contentassets/03f3fcc9a45946e8a65f57dbc3efd41f/manadens_hundbild_feb.jpg?maxwidth=996
000046.jpg,https://i.redd.it/4kd3tsg4vwzz.jpg
000047.jpg,https://www.pets4homes.co.uk/images/classifieds/2018/02/21/1848366/large/jamthund-swedish-elkhounds-5ac2a7b064421.jpg
000048.jpg,https://i.imgur.com/uKzEedc.jpg
000049.jpg,https://www.101dogbreeds.com/wp-content/uploads/2018/07/J%C3%A4mthund-Puppies.jpg
000050.jpg,http://www.harligahund.se/wp-content/uploads/2015/09/jamthund2.jpg
