image,source
000001.jpg,https://i.ytimg.com/vi/qCM2z-yju1g/maxresdefault.jpg
000002.jpg,https://upload.wikimedia.org/wikipedia/commons/thumb/2/21/Dropping_Ear_Kanni.jpg/392px-Dropping_Ear_Kanni.jpg
000003.jpg,https://upload.wikimedia.org/wikipedia/commons/a/a5/Kanni.jpg
000004.jpg,https://upload.wikimedia.org/wikipedia/commons/thumb/6/6e/Paal_kanni_a.k.a_Fawn_with_black_coloured_Kanni.jpg/367px-Paal_kanni_a.k.a_Fawn_with_black_coloured_Kanni.jpg
000005.jpg,https://2.bp.blogspot.com/-eu_c-x5d5N4/W7ThRJ-m3HI/AAAAAAAAEgc/R_z_sl9c1wYyfBuecFEAzrV-FAkdBaK-ACLcBGAs/s1600/kani.jpg
000006.jpg,https://upload.wikimedia.org/wikipedia/commons/1/11/Kanni.png
000007.jpg,https://1.bp.blogspot.com/-NuU58mjxwco/XFUYF_msQ2I/AAAAAAAAADA/x81ZO9PQ6doDCOZ_Y9PHhdRzSFeaaFQ4ACLcBGAs/s1600/kanni_dog_breed.jpg
000008.jpg,https://tamildogbreeds.com/wp-content/uploads/2017/12/kanni-dog-breeds-720x445.jpg
000009.jpg,https://www.petguide.com/wp-content/uploads/2018/06/kanni-2.jpg
000010.jpg,https://i.pinimg.com/originals/a5/ed/2b/a5ed2bcc466d2a3d5e1cd811e956b810.jpg
000011.jpg,https://www.dogspot.in/puppies/images/1330448516.jpg
000012.jpg,https://i.ytimg.com/vi/K5H3TBOAJ6w/maxresdefault.jpg
000013.jpg,https://pbs.twimg.com/media/CtXOMiXVIAEVcVr.png
000014.jpg,https://upload.wikimedia.org/wikipedia/commons/thumb/1/14/Semi_Curved_Tail_Kanni.jpg/364px-Semi_Curved_Tail_Kanni.jpg
000015.jpg,https://66.media.tumblr.com/f0a1f833c1acc96dd7c9ca5fa94d223d/tumblr_owl4drTafw1qjcdw9o1_400.png
000016.jpg,http://www.dogwallpapers.net/wallpapers/kanni-dog-photo.jpg
000017.jpg,https://tamildogbreeds.com/wp-content/uploads/2017/12/cropped-031be551306c10e64fbcc0fc8163a71b-4.jpg
000018.jpg,https://4.bp.blogspot.com/-aTn69KHjP24/WgfxEyEWOVI/AAAAAAAAUXk/9tp7LAVnHRIb202tpz6KfjmYIRIo4BCHgCLcBGAs/s1600/kanni2.jpg
000019.jpg,https://www.kennelsindia.com/root_upld/puppysale/PSD8438070446/t4_98030201810080458.jpg
000020.jpg,https://alchetron.com/cdn/kanni-7fec2238-3071-491a-9643-f72c667a54b-resize-750.jpg
000021.jpg,https://www.dogspot.in/puppies/images/1328783367.jpg
000022.jpg,https://www.thehindu.com/migration_catalog/article13274771.ece/ALTERNATES/LANDSCAPE_615/07YTNEWRAJAPALAYAM.jpg
000023.jpg,https://i.pinimg.com/originals/0f/ab/98/0fab984e6cd292bce4866c6fe0a19b10.jpg
000024.jpg,https://www.zamroo.com/images/product-images/pets/pets-for-adoption/medium/20170911053349-49492.jpg
000025.jpg,https://dogshealthcare.in/wp-content/uploads/2018/03/417627_3305589677436_1970239841_n-e1521203138383.jpg
000026.jpg,https://www.zamroo.com/images/product-images/pets/pets-for-adoption/medium/20171123030533-24464.jpg
000027.jpg,https://upload.wikimedia.org/wikipedia/commons/thumb/0/04/Thin_%26_Erect_tail_Kanni.jpg/382px-Thin_%26_Erect_tail_Kanni.jpg
000028.jpg,http://upload.wikimedia.org/wikipedia/commons/3/3c/Semi_Dropping_Ear_Kanni.jpg
000029.jpg,http://findvs.com/photos-images/greyhound-dog.jpg
000030.jpg,https://bigdogbreeds.info/wp-content/uploads/2018/10/Kanni-dog-size.jpg
000031.jpg,https://4.imimg.com/data4/JY/LY/ANDROID-2798453/product-500x500.jpeg
000032.jpg,https://www.doglib.com/wp-content/uploads/sites/2/ka/kanni-kanni-puppies-kanni-puppies-for-sale-dogs-for-sale-r-breed.jpg
000033.jpg,https://chennaifocus.files.wordpress.com/2012/02/pic1.jpg
000034.jpg,https://img.dtnext.in/Images/Article/201801220223108458_Kanni-dog-festival-throws-light-on-native-breeds_SECVPF.gif
000035.jpg,https://upload.wikimedia.org/wikipedia/commons/9/9b/Well_Built_Female_Kanni.jpg
000036.jpg,http://www.dogwallpapers.net/wallpapers/cute-kanni-dog-photo.jpg
000037.jpg,https://images-na.ssl-images-amazon.com/images/I/51dKCH8ZFbL._SX450_.jpg
000038.jpg,https://www.thehindu.com/life-and-style/homes-and-gardens/t0z28o/article26150953.ece/alternates/FREE_660/IMG-20190125-WA0097
000039.jpg,http://www.sapplpp.org/interactive-maps/registered-indigenous-goat-breeds-of-india/kanni-adu/image_newsthumb
000040.jpg,https://tamildogbreeds.com/wp-content/uploads/2018/11/Kanni-Dogs-Project--720x445.jpg
000041.jpg,https://indiapups.com/wp-content/uploads/2018/05/caab4a8a384eef4156cb15cbbbe40d87-whippet-dog-dog-information.jpg
000042.jpg,https://www.doglib.com/wp-content/uploads/sites/2/ka/kanni-kanni-puppies-for-sale-the-kanni-is-a-unique-dog-that-is-found-breed.jpg
000043.jpg,https://static2.visitestonia.com/images/3208544/Kanni-holiday-home-visit-tartu-visit-estonia_.jpg
000044.jpg,https://file.wikipediam.org/wikipedia/commons/thumb/d/d4/Good_Face_Kanni.jpg/505px-Good_Face_Kanni.jpg
000045.jpg,https://cdn1.foap.com/images/058f067f-bd71-4245-9eef-bec5b1e031b3/w640.png?1532785895
000046.jpg,https://www.petbutty.com/blog/wp-content/uploads/2019/07/kanni-tamilian-dog-1.jpg
000047.jpg,https://media-cdn.tripadvisor.com/media/photo-s/15/18/9f/8a/silk-carpets-and-indian.jpg
000048.jpg,http://www.pedigreedatabase.com/pictures/2721838.jpg
000049.jpg,https://ahseeit.com/tamil/king-include/uploads/2019/02/thumb_fb_img_1551184177930-9975749356.jpg
000050.jpg,http://findvs.com/photos-images/chippiparai-dog.jpg
