image,source
000001.jpg,https://upload.wikimedia.org/wikipedia/commons/thumb/4/45/Karelo-Finnish_Laika_%28Lambert%29.JPG/220px-Karelo-Finnish_Laika_%28Lambert%29.JPG
000002.jpg,https://upload.wikimedia.org/wikipedia/commons/thumb/6/67/KARELO_FINSKAYA_LAYKA.jpg/220px-KARELO_FINSKAYA_LAYKA.jpg
000003.jpg,https://i.ytimg.com/vi/Hn7Euj_EvYg/maxresdefault.jpg
000004.jpg,http://www.easypetmd.com/sites/default/files/Karelo%20Finnish%20Laika%20(4)_0.jpg
000005.jpg,http://www.easypetmd.com/sites/default/files/Karelo%20Finnish%20Laika%20(1)_0.jpg
000006.jpg,http://www.easypetmd.com/sites/default/files/Karelo%20Finnish%20Laika%20(2)_0.jpg
000007.jpg,http://www.easypetmd.com/sites/default/files/Karelo%20Finnish%20Laika%20(3)_0.jpg
000008.jpg,https://upload.wikimedia.org/wikipedia/commons/9/9e/Karelo_Finnish_Laika_puppy.jpg
000009.jpg,https://images.wagwalkingweb.com/media/breed/%7Bslug%7D/hero/1532693094.46/Karelo-Finnish-Laika.jpg
000010.jpg,http://www.easypetmd.com/sites/default/files/Karelo%20Finnish%20Laika%20(5)_0.jpg
000011.jpg,https://thumbs.dreamstime.com/z/young-karelo-finnish-laika-dog-tail-ring-staying-hill-winter-forest-young-karelo-finnish-laika-dog-staying-139438121.jpg
000012.jpg,https://i.pinimg.com/originals/19/38/24/193824856e1fd49be45bf72d4d46e125.jpg
000013.jpg,https://t4.ftcdn.net/jpg/01/31/35/47/500_F_131354751_I0m23Kx2a5uQFwpwYSc4hVcumjE16QcE.jpg
000014.jpg,https://st3.depositphotos.com/6760754/16115/i/1600/depositphotos_161158808-stock-photo-karelo-finnish-laika-hunting-dog.jpg
000015.jpg,https://image.shutterstock.com/z/avopix-307097165.jpg
000016.jpg,http://www.bryceresorts.com/uploads/posts/images/karelo-finskaya-lajka-foto-i-opisanie-porodi-finskij-shpic-harakteristiki-uhod-harakter-dressirovka.jpg
000017.jpg,https://image.shutterstock.com/image-photo/karelo-finnish-laika-redhaired-dog-450w-1056302012.jpg
000018.jpg,https://upload.wikimedia.org/wikipedia/commons/thumb/4/47/Karelo_Finnish_Laikas_sleeping.jpg/200px-Karelo_Finnish_Laikas_sleeping.jpg
000019.jpg,https://image.shutterstock.com/display_pic_with_logo/182026758/1070426696/stock-photo-portrait-of-a-dog-karelo-finnish-laika-1070426696.jpg
000020.jpg,https://g.rrrather.com/img/q/167448a.jpg
000021.jpg,https://st3.depositphotos.com/6760754/16115/i/1600/depositphotos_161158820-stock-photo-karelo-finnish-laika-hunting-dog.jpg
000022.jpg,https://images.puppyfinder.com/Breed/6/3/8/638485947654a9b9_592_image1_medium.jpg
000023.jpg,https://t4.ftcdn.net/jpg/01/31/35/47/500_F_131354786_m1Qaoo4gLSfEq7kyvNtTw5ISXiYPEMRr.jpg
000024.jpg,https://c8.alamy.com/comp/ENN60M/karelo-finnish-laikanorthern-breeds-ENN60M.jpg
000025.jpg,https://as1.ftcdn.net/jpg/01/31/35/48/500_F_131354854_46OXMGPKfwSlNI24jl1FQy4hfarXzYzu.jpg
000026.jpg,https://t3.ftcdn.net/jpg/01/31/35/48/500_F_131354803_k4glU01COJiwXEzWydBcxqbBgDqjUU44.jpg
000027.jpg,http://www.bryceresorts.com/uploads/posts/images/karelo-finskaya-lajka-foto_4.jpg
000028.jpg,https://thumbs.dreamstime.com/z/red-dog-karelo-finnish-laika-looks-water-quay-iron-fence-sunset-red-dog-karelo-finnish-laika-looks-125170700.jpg
000029.jpg,https://petsymptoms.com/wp-content/uploads/2017/09/Finnish-Spitz-feature-karelo-finnish-laika-snowcovered-forest-spitz-ss.jpg
000030.jpg,https://upload.wikimedia.org/wikipedia/commons/thumb/2/27/Finnish_Spitz_600.jpg/320px-Finnish_Spitz_600.jpg
000031.jpg,https://www.defendanimals.com/images/351-2-1032509666_tshirt-karelo-finnish-laika.png
000032.jpg,https://thumbs.dreamstime.com/z/little-puppy-karelo-finnish-laika-sports-outdoors-played-outside-snow-87452188.jpg
000033.jpg,https://i.etsystatic.com/10899954/r/il/b2e8d8/1186062597/il_794xN.1186062597_gpiu.jpg
000034.jpg,https://image.shutterstock.com/image-photo/karelo-finnish-laika-redhaired-dog-450w-1056301973.jpg
000035.jpg,https://as2.ftcdn.net/jpg/01/38/80/99/500_F_138809973_TtGlmhqHRSAthtOgzp0181X1zpOHRull.jpg
000036.jpg,https://www.defendanimals.com/images/231-2-1035786412_kids-tshirt-karelo-finnish-laika.png
000037.jpg,https://i.pinimg.com/236x/ae/a4/df/aea4df36ccb4edbae6e85d8edfe7ddc0.jpg
000038.jpg,https://t3.ftcdn.net/jpg/01/38/81/02/500_F_138810215_mcpQOnd37KqrhTYsR9GuijT4oSsZ8F0k.jpg
000039.jpg,https://cdn.fotofits.com/responsive/500x500/petzlover/gallery/img/l/french-bulldog-658471.jpg
000040.jpg,https://www.defendanimals.com/images/6-2-1035771490_hoodie-karelo-finnish-laika.png
000041.jpg,https://i.pinimg.com/236x/e0/62/41/e062410b86ff79ba4d6acf3769f31eae--animal-kingdom-foxes.jpg
000042.jpg,https://cdn1.vectorstock.com/i/1000x1000/01/60/portrait-of-karelo-finnish-laika-vector-21260160.jpg
000043.jpg,https://image.shutterstock.com/image-photo/karelo-finnish-laika-redhaired-dog-450w-1056302030.jpg
000044.jpg,https://img.zoo-club.org/img/karelofinskayalaykadlyaoxoti_CE4723A3.jpg
000045.jpg,https://cdn.fotofits.com/responsive/500x500/petzlover/gallery/img/l/american-cocker-spaniel-658565.jpg
000046.jpg,http://img.bizator.com/a/2003202557/wmb/10-west-siberian-east-siberian-russian-european-karelo-finnish-laika.jpg
000047.jpg,https://thumbs.dreamstime.com/z/little-puppy-karelo-finnish-laika-sports-outdoors-played-outside-snow-87451630.jpg
000048.jpg,https://dogbreedcartoon.com/wp-content/uploads/2016/12/Karelo-Finnish-Laika-Special.png
000049.jpg,https://gearhunts.com/wp-content/uploads/2019/04/20_151.fd_img_9273_color_1480_final-1024x740.jpg
000050.jpg,https://as2.ftcdn.net/jpg/01/38/80/99/500_F_138809908_S9zzbgCGR6sSQ8kJ3HR6EBLaMCxJrqm9.jpg
