image,source
000001.jpg,https://upload.wikimedia.org/wikipedia/commons/2/26/Keeshond_Majic_standing_cropped.jpg
000002.jpg,https://vetstreet.brightspotcdn.com/dims4/default/07f94a8/2147483647/thumbnail/645x380/quality/90/?url=https%3A%2F%2Fvetstreet-brightspot.s3.amazonaws.com%2F29%2Fda%2F884e8de246cba583d2fb3859b885%2Fkeeshond-AP-0VDABK-590sm52313.jpg
000003.jpg,https://cdn3-www.dogtime.com/assets/uploads/gallery/keeshond-dog-breed-pictures/6-senior.jpg
000004.jpg,https://d17fnq9dkz9hgj.cloudfront.net/breed-uploads/2018/08/keeshond-detail.jpg?bust=1535566010&width=355
000005.jpg,https://s3.amazonaws.com/cdn-origin-etr.akc.org/wp-content/uploads/2017/11/12231652/Keeshond-On-White-01.jpg
000006.jpg,https://s3.amazonaws.com/cdn-origin-etr.akc.org/wp-content/uploads/2017/11/12231654/Keeshond-MP.jpg
000007.jpg,https://vetstreet-brightspot.s3.amazonaws.com/70/cbc5a0a75b11e0a0d50050568d634f/file/Keeshond-3-645mk062411.jpg
000008.jpg,https://cdn1-www.dogtime.com/assets/uploads/2011/01/file_23152_keeshond-460x290.jpg
000009.jpg,https://s3.amazonaws.com/cdn-origin-etr.akc.org/wp-content/uploads/2017/11/12231712/Keeshond-History-02-500x500.jpg
000010.jpg,https://www.petguide.com/wp-content/uploads/2013/04/keeshond.jpg
000011.jpg,https://www.keeshond.org/sites/default/files/inline-images/k17.jpg
000012.jpg,https://i.ytimg.com/vi/su69EqTGf-g/maxresdefault.jpg
000013.jpg,https://cdn.shopify.com/s/files/1/0994/0236/files/keeshond-fun-facts-crate-size_6c392efc-c9ca-40cd-8710-dd162052c364_large.jpg?v=1522273243
000014.jpg,https://www.dogbreedinfo.com/images29/KeeshondPurebredDog10YearsOldFluffyGrayFletcher1.jpg
000015.jpg,http://static1.squarespace.com/static/595d0ea86a4963f70cb32af6/595d0f253a04118d34a82632/5a00b9bb9140b7f434ed92ef/1514652325150/Gotham+12+Weeks.png?format=1500w
000016.jpg,http://cdn.akc.org/Keeshond_Blankenship_bitch_1_(1).jpg
000017.jpg,https://i.pinimg.com/originals/e8/84/fa/e884fab862e8fcaacceb32c4b48ad4f1.jpg
000018.jpg,https://doglime.com/wp-content/uploads/2019/03/Keeshond-Dog-Breed..jpg
000019.jpg,https://www.petful.com/wp-content/uploads/2012/08/keeshond.jpg
000020.jpg,https://carolinakeeshondclub.com/wp-content/uploads/2018/02/IMG-0085.jpg
000021.jpg,http://www.dogspotters.com/dog-breed-photos/keeshond.jpg
000022.jpg,http://cdn.akc.org/Keeshound_Hero.png
000023.jpg,https://3.bp.blogspot.com/-Kk32pgNXKR8/WH4OTVXx6YI/AAAAAAAAFvo/goTj--xIBrYd5xEINayAWU1wm-v26mTaACLcB/s1600/Keeshond.jpg
000024.jpg,https://www.omlet.co.uk/images/originals/keeshond-dogs-dutch-and-cuba-c8e6bbf7_8be23650.jpg
000025.jpg,https://i.ytimg.com/vi/AySnNCMOMOA/maxresdefault.jpg
000026.jpg,https://championshipbreeders.com/wp-content/uploads/2016/08/Keeshond-by-Evasuik_picmonkeyed.jpg
000027.jpg,https://wagbrag.com/wp-content/uploads/2014/06/keeshond.jpg
000028.jpg,https://upload.wikimedia.org/wikipedia/commons/thumb/f/f6/Keeshond_image_001.jpg/220px-Keeshond_image_001.jpg
000029.jpg,http://keeshondrescue.org/web/wp-content/uploads/2019/02/LokiNelson-e1550866436472.jpg
000030.jpg,https://www.petmd.com/sites/default/files/breedopedia/DSCF6310.JPG
000031.jpg,https://3d4igz27oxtl2iwox73y9smh-wpengine.netdna-ssl.com/wp-content/uploads/2018/09/keeshond-puppies-for-sale.jpg
000032.jpg,https://s3.amazonaws.com/cdn-origin-etr.akc.org/wp-content/uploads/2017/11/14115933/Icelandic-Sitting-400x267.jpg
000033.jpg,https://i2.wp.com/dogloversshow.com.au/melbourne/wp-content/uploads/sites/2/2017/01/Keeshond-Club-of-VIC-logo-new.jpg?fit=420%2C350&ssl=1
000034.jpg,https://www.keeshond.org/sites/default/files/inline-images/running.jpg
000035.jpg,https://breedguide.trupanion.com/images/breed/dog/Keeshond.jpg
000036.jpg,https://dogbreedatlas.com/images/dog-breed-photos/keeshond/001/keeshond-1490036572-1.jpg
000037.jpg,http://keeshondrescue.org/web/wp-content/uploads/2019/02/CalypsoUKC-sm.jpg
000038.jpg,https://www.doggoneproblems.com/wp-content/uploads/2016/07/Odin.jpg
000039.jpg,https://wds2018.com/wp-content/uploads/2017/05/GWS-OU-0009.jpg
000040.jpg,http://www.passionatefordogs.com/wp-content/uploads/2017/12/Keeshond_4.jpg
000041.jpg,http://www.keshetkennels.com/wp-content/uploads/2015/06/PicMonkey-Collage.jpg
000042.jpg,https://petland-orlando-east.com/wp-content/uploads/2019/01/1284361_800.jpg
000043.jpg,http://www.keeshondpups.com/images/testimonials/crusher.jpg
000044.jpg,https://www.dogfocus.co.uk/imgs/dogfocus/breeds/keeshond_6028.jpg
000045.jpg,https://www.selectadogbreed.com/media/1670/keeshond_adult.jpg
000046.jpg,https://t2.ea.ltmcdn.com/en/razas/1/9/0/img_91_wolfspitz-keeshond_0_600.jpg
000047.jpg,https://www.europetnet.com/images/dogbreeds/keeshond.jpg
000048.jpg,https://www.dogbreedslist.info/uploads/allimg/dog-pictures/Keeshond-3.jpg
000049.jpg,https://i.pinimg.com/originals/90/cb/35/90cb3583319dcb683c01b5315713ac2e.jpg
000050.jpg,https://media.arkansasonline.com/img/photos/2017/02/11/85564697_Tipsy_t600.JPG?4326734cdb8e39baa3579048ef63ad7b451e7676
