image,source
000001.jpg,https://www.petmd.com/sites/default/files/breedopedia/kerry_beagle_0.jpg
000002.jpg,https://www.petguide.com/wp-content/uploads/2015/07/kerry-beagle-1.jpg
000003.jpg,https://www.petmd.com/sites/default/files/breedopedia/patrick.jpg
000004.jpg,https://www.petmd.com/sites/default/files/breedopedia/IMG_0316.jpg
000005.jpg,https://images.puppyfinder.com/Breed/7/e/c/7ec5ca84fcc50d05_595_image1_medium.jpg
000006.jpg,https://www.petguide.com/wp-content/uploads/2015/07/kerry-beagle.jpg
000007.jpg,https://ckcusa.com/media/147667/kerry-beagle.jpg?preset=ckcBreedImage375
000008.jpg,https://i.pinimg.com/originals/79/5d/49/795d49ff19df61d3b7d024fe6d8ea04d.png
000009.jpg,https://nationalpurebreddogday.com/wp-content/uploads/2015/12/Screen-Shot-2015-12-20-at-9.53.13-PM-e1450730061529.png
000010.jpg,http://dogzonenyc.com/wp-content/uploads/kerry3-413x390.jpg
000011.jpg,https://cdn.shopify.com/s/files/1/2570/4610/files/kerry_beag_large.jpg?v=1521018422
000012.jpg,http://breedfinder.ikc.ie/Content/images/breeds/24_kerry_beagle.jpg
000013.jpg,http://www.theirishworld.com/wp-content/uploads/2015/12/Kerry-Beagle-Pup.jpg
000014.jpg,https://i.ytimg.com/vi/M0B9_1RGY0k/maxresdefault.jpg
000015.jpg,https://i.pinimg.com/originals/cd/27/b0/cd27b08860c2c1ef0410832b141c6fa2.jpg
000016.jpg,https://c8.alamy.com/comp/PFFX14/a-tan-and-black-kerry-beagle-lies-with-its-forelegs-extended-PFFX14.jpg
000017.jpg,https://upload.wikimedia.org/wikipedia/commons/4/4d/Kerry_Beagle.jpg
000018.jpg,https://i.ytimg.com/vi/Ua3UwPdHXYM/maxresdefault.jpg
000019.jpg,http://www.dogwallpapers.net/wallpapers/kerry-beagle-dog-in-flowers-photo.jpg
000020.jpg,https://66.media.tumblr.com/8ce233adab26b5e7ad7093c71b17251a/tumblr_ocqc2myUtQ1qjcdw9o2_500.jpg
000021.jpg,https://www.irishtimes.com/polopoly_fs/1.3047441!/image/image.jpg_gen/derivatives/landscape_620/image.jpg
000022.jpg,http://2.bp.blogspot.com/-RgB67vI26M4/UjoCrMLQXTI/AAAAAAAABNc/AT3PS1h8eEc/s1600/Drag+Photo.jpg
000023.jpg,https://www.petguide.com/wp-content/uploads/2015/07/The-Irish-Kerry-Beagle-dog-breed-445x668.jpg
000024.jpg,https://i.pinimg.com/originals/c3/5b/30/c35b30975e938311e846d9f887fa9235.jpg
000025.jpg,https://www.independent.ie/incoming/article30340868.ece/ALTERNATES/h342/IL%20CHRIS%20RYAN316325.jpg
000026.jpg,https://upload.wikimedia.org/wikipedia/commons/7/75/Kerry_Beagle_from_1915.JPG
000027.jpg,http://thumbs.modthesims2.com/img/1/0/4/0/5/5/MTS_FreelanceWolf-412022-kerrybeagle.jpg
000028.jpg,https://global-free-classified-ads-s02.r.worldssl.net/user_images/8770956.jpg
000029.jpg,https://www.doglib.com/wp-content/uploads/sites/2/ke/kerry-beagle-breed.jpg
000030.jpg,https://d3fxc45vnyc74f.cloudfront.net/static/cache/0a/fa/0afa3bbe56875f037d745043e0873fe5.jpg
000031.jpg,http://1.bp.blogspot.com/-MhaEKe19pvg/Tezo6OCsyqI/AAAAAAAAApY/RUrS3mcNCVM/s1600/champion+photos2010+019.jpg
000032.jpg,https://live.staticflickr.com/3802/13185349295_cc32eee85c_b.jpg
000033.jpg,http://www.petdocclub.ie/wp-content/uploads/2018/04/kerry-beagle.jpg
000034.jpg,https://i.ytimg.com/vi/Ci6QOwE5yOc/maxresdefault.jpg
000035.jpg,http://ikc-ie.access.secure-ssl-servers.info/sites/default/files/sites/default/files/uploads/kbeagle.jpg
000036.jpg,https://bigdogbreeds.info/wp-content/uploads/2018/10/Kerry-Beagle-dog-size.jpg
000037.jpg,https://currachbooks.com/wp-content/uploads/2018/09/stephane-juban-579135-unsplash-415x380.jpg
000038.jpg,https://t4.ftcdn.net/jpg/02/22/69/93/500_F_222699333_4WI082b6FN1VN4yKyAiqZmOMyCall4of.jpg
000039.jpg,https://i.ytimg.com/vi/baTlhNE2788/hqdefault.jpg
000040.jpg,https://www.pets4homes.co.uk/images/classifieds/2019/02/24/2219935/thumbs/kerry-beagle-and-beagle-cross-for-adoption-5caa7173dc14e.jpg
000041.jpg,https://www.petmd.com/sites/default/files/breedopedia/hello%20ted66.jpg
000042.jpg,https://images-na.ssl-images-amazon.com/images/I/71RBkwoo1CL._SY355_.jpg
000043.jpg,https://image.shutterstock.com/image-photo/beagle-hunting-hounds-county-kerry-260nw-723936862.jpg
000044.jpg,http://thumbs.modthesims2.com/img/1/0/4/0/5/5/MTS_FreelanceWolf-412023-kerrybeagle2.jpg
000045.jpg,https://live.staticflickr.com/5027/5551450888_5b5839641b_z.jpg
000046.jpg,https://www.pets4homes.co.uk/images/classifieds/2019/04/27/2277377/large/very-rare-kerry-beagle-5cc44babaf7c7.jpg
000047.jpg,https://img.chien.com/img/races-de-chiens/460_big-kerry-beagle.jpg
000048.jpg,https://panik-design.com/wp-content/uploads/2018/10/waterford-irish-dogs-beagle-decanter-701587402347-alt1.jpg
000049.jpg,http://2.bp.blogspot.com/_-iURlm-4WMs/TR5L3ALRuHI/AAAAAAAAAoM/PLrMGhiGwtY/s1600/Skipper%2BSmall.JPG
000050.jpg,https://cdn.shopify.com/s/files/1/0112/8710/1497/files/Beagle_large.jpg?v=1537019463
