image,source
000001.jpg,https://animalso.com/wp-content/uploads/2018/04/king-shepherd.jpg
000002.jpg,https://i.ytimg.com/vi/ud3Hk2xri2Q/maxresdefault.jpg
000003.jpg,https://upload.wikimedia.org/wikipedia/commons/1/1d/Diablo_1.jpg
000004.jpg,https://i.pinimg.com/originals/66/0c/3a/660c3a120fcca1eb6f7d13c440fdd768.jpg
000005.jpg,https://i0.wp.com/puppytoob.com/wp-content/uploads/2018/09/King-Shepherd-1.jpg?resize=749%2C564
000006.jpg,https://animalso.com/wp-content/uploads/2018/04/king-shepherd-4.jpg
000007.jpg,https://www.dogbreedslist.info/uploads/allimg/dog-pictures/King-Shepherd-2.jpg
000008.jpg,https://www.allthingsdogs.com/wp-content/uploads/2018/09/King-Shepherd.jpg
000009.jpg,https://i.pinimg.com/originals/24/68/69/2468690553495fbda555f708bd2482ba.jpg
000010.jpg,https://animalsbreeds.com/wp-content/uploads/2018/06/King-Shepherd.jpg
000011.jpg,https://www.puppyfind.com/breed/king_shepherd/m_rr202r25j0.jpg
000012.jpg,https://www.101dogbreeds.com/wp-content/uploads/2018/03/King-Shepherd-Pictures.jpg
000013.jpg,https://www.101dogbreeds.com/wp-content/uploads/2018/03/King-Shepherd-Dogs.jpg
000014.jpg,http://www.pioneergermanshepherds.com/ashstand2012-4.jpg
000015.jpg,https://i.ytimg.com/vi/utlz_yiJOqs/hqdefault.jpg
000016.jpg,http://2.bp.blogspot.com/-EwSeA3hxgok/UNczxd5-VwI/AAAAAAAAAuE/SYz7IUFoRs0/s1600/King+Shepherd-2.jpg
000017.jpg,https://static1.squarespace.com/static/591e52151b10e3a2b2c7bb11/t/591fcf8fd1758e1295eeb92b/1495256982758/Baby%2BLambs%2B11.jpg?format=1500w
000018.jpg,https://www.petguide.com/wp-content/uploads/2016/12/king-shepherd.jpg
000019.jpg,http://www.pioneergermanshepherds.com/ashxjava_buck5years.jpg
000020.jpg,http://www.kingshepherd.com/media/1025/kk-cash-and-his-plane.jpg?width=253&height=400
000021.jpg,https://www.dogbreedinfo.com/images27/KingShepherdMia2YearsOldPurebredDog1.jpg
000022.jpg,https://kingshepherddogs.com/wp-content/uploads/2019/01/Shuksan-2.jpg
000023.jpg,https://nationalpurebreddogday.com/wp-content/uploads/2017/05/thisone.jpg
000024.jpg,https://live.staticflickr.com/3387/3213255159_7027bfe305.jpg
000025.jpg,https://images.wagwalkingweb.com/media/breed/king-shepherd/hero/King-Shepherd.jpg
000026.jpg,https://i.ytimg.com/vi/jFzSq_tDDaI/hqdefault.jpg
000027.jpg,https://thehappypooch.com/wp-content/uploads/2016/11/king-shepherd.jpg
000028.jpg,http://www.adirondackmtkingshepherds.com/pb/wp_da1bf831/images/img269294f63960db1de5.jpg
000029.jpg,https://upload.wikimedia.org/wikipedia/commons/thumb/6/69/King_Shepherd.jpg/220px-King_Shepherd.jpg
000030.jpg,http://www.kingshepherd.com/media/1027/ch-coltrane.jpg?width=415&height=363
000031.jpg,https://i.pinimg.com/736x/40/81/62/408162cb36dd04febc5d68e03793d63d.jpg
000032.jpg,http://4.bp.blogspot.com/-G3ai0TsMTeE/UNcz1foToXI/AAAAAAAAAuM/1gDqlchN2Ws/s1600/King+Shepherd-3.jpg
000033.jpg,https://dogsnet.com/wp-content/uploads/2019/03/King-Shepherd-DN-long.jpg
000034.jpg,https://www.thesprucepets.com/thmb/G5l6HNhs9dGsPcTsZGywjSbkjSY=/450x0/filters:no_upscale():max_bytes(150000):strip_icc()/german-shepherd-4115361_1920-09f579af44b2465da0c43b14064079e5.jpg
000035.jpg,https://www.dogbreedplus.com/dog_breeds/images/king_shepherd.JPG
000036.jpg,https://www.dogbreedslist.info/uploads/allimg/dog-pictures/King-Shepherd-3.jpg
000037.jpg,https://i.redd.it/z3acrdawgs201.jpg
000038.jpg,https://i.imgur.com/ocdhMnu.jpg
000039.jpg,https://www.101dogbreeds.com/wp-content/uploads/2018/03/Kings-Shepherd.jpg
000040.jpg,https://vignette.wikia.nocookie.net/dog-breed4080/images/a/a4/Bear.png/revision/latest?cb=20170924093246
000041.jpg,http://www.adirondackmtkingshepherds.com/pb/wp_5fcbb599/images/img13085588ff3051e9e0.JPG
000042.jpg,https://66.media.tumblr.com/506a72510aaac433729209f3a733bcd2/tumblr_p4b03v94XB1w71lqmo1_400.jpg
000043.jpg,http://lpckingshepherd.com/image/130154642_scaled_607x748.jpg
000044.jpg,https://images.reference.com/amg-cms-reference-images/prod/difference-between-king-shepherd-vs-german-shepherd_c949d0dd1ae737c3.jpg?width=760&height=411&fit=crop
000045.jpg,https://animalso.com/wp-content/uploads/2018/04/german-shepherd-look-809x539.jpg
000046.jpg,http://pets-place.net/Breeds/KingShepherdPhoto1.jpg
000047.jpg,http://lpckingshepherd.com/image/125297806_scaled_640x553.jpg
000048.jpg,http://www.kingshepherd.com/media/1028/coltrane-bruin-son.jpg?width=309.04183535762485&height=500
000049.jpg,http://gsdsite.com/uploads/images/1895-big-1-1371276065.jpg
000050.jpg,http://americankingshepherdclubinc.com/myPictures/April%20AKSC%20EXTR%20BOW%201%20Zeus.jpg
