image,source
000001.jpg,https://d17fnq9dkz9hgj.cloudfront.net/breed-uploads/2018/08/komondor-detail.jpg?bust=1535566031&width=355
000002.jpg,https://d17fnq9dkz9hgj.cloudfront.net/breed-uploads/2018/08/komondor-card-small.jpg?bust=1535568482
000003.jpg,https://myanimals.com/wp-content/uploads/2018/08/Komondor-history.jpg
000004.jpg,https://www.purina.com.au/-/media/Project/Purina/Main/Breeds/Dog/Mobile/Dog_Komondor_Mobile.jpg?h=300&la=en&w=375&hash=692347C0618C68BD48AD00C0DEA245C6
000005.jpg,https://s3.amazonaws.com/cdn-origin-etr.akc.org/wp-content/uploads/2017/11/12231525/Komondor-On-White-01.jpg
000006.jpg,https://www.dogbreedslist.info/uploads/allimg/dog-pictures/Komondor-2.jpg
000007.jpg,https://s3.amazonaws.com/cdn-origin-etr.akc.org/wp-content/uploads/2017/11/12231552/Komondor-Care.jpg
000008.jpg,https://vetstreet-brightspot.s3.amazonaws.com/30/f40350a75d11e0a0d50050568d634f/file/Komondor-4-645mk062411.jpg
000009.jpg,https://vetstreet-brightspot.s3.amazonaws.com/b4/c84b10a75c11e0a0d50050568d634f/file/Komondor-3-645mk062411.jpg
000010.jpg,https://www.pawsplaygrounds.com/wp-content/uploads/2017/01/white-komondor.jpg
000011.jpg,https://vetstreet-brightspot.s3.amazonaws.com/97/6f2bb0a75c11e0a0d50050568d634f/file/Komondor-2-645mk062411.jpg
000012.jpg,https://upload.wikimedia.org/wikipedia/commons/thumb/6/66/Komondor_dog_breed.jpg/280px-Komondor_dog_breed.jpg
000013.jpg,https://www.animalhub.com/wp-content/uploads/2014/01/Screen-Shot-2016-06-04-at-6.42.37-PM-899x640.png
000014.jpg,https://vetstreet-brightspot.s3.amazonaws.com/3f/e34150a75d11e0a0d50050568d634f/file/Komondor-5-645mk062411.jpg
000015.jpg,https://thumbs.dreamstime.com/z/man-komondor-dog-outdoors-70429063.jpg
000016.jpg,https://image.jimcdn.com/app/cms/image/transf/dimension=4096x4096:format=jpg/path/sedc436d9c56ca394/image/ic30be849450728bd/version/1549130539/image.jpg
000017.jpg,http://i.imgur.com/CZTEBYy.jpg
000018.jpg,https://i.pinimg.com/originals/db/1e/80/db1e80ea277f3b3d28c5e9888c1e58ed.jpg
000019.jpg,https://upload.wikimedia.org/wikipedia/commons/thumb/8/8b/Komondor_delvin.jpg/220px-Komondor_delvin.jpg
000020.jpg,https://animalsbreeds.com/wp-content/uploads/2018/05/Komondor-2.png
000021.jpg,https://cdn3-www.dogtime.com/assets/uploads/2011/01/file_22930_komondor-460x290.jpg
000022.jpg,https://brit-petfood.com/file/nodes/product/Komondor.jpg
000023.jpg,https://s3.amazonaws.com/cdn-origin-etr.akc.org/wp-content/uploads/2017/11/12220922/Komondor-Illo-2-500x500.jpg
000024.jpg,https://lasvegas-k9.com/content/images/thumbs/0006397_komondor_550.jpeg
000025.jpg,http://www.mykomondors.com/static/files/Kuty%C3%A1im/uj//DSC09090.JPG
000026.jpg,https://www.dogzone.com/images/breeds/komondor.jpg
000027.jpg,https://cdn1-www.dogtime.com/assets/uploads/gallery/komondor-dogs-and-puppies/komondor-dogs-puppies-1.jpg
000028.jpg,https://www.pets4homes.co.uk/images/articles/3744/large/history-of-the-komondor-58089a26a40c0.jpg
000029.jpg,http://www.easypetmd.com/sites/default/files/Komondor%20(1).jpg
000030.jpg,https://tythedogguy.com/wp-content/uploads/2015/01/How-to-Train-a-Komondor.jpg
000031.jpg,https://vetstreet.brightspotcdn.com/dims4/default/ec5f653/2147483647/thumbnail/645x380/quality/90/?url=https%3A%2F%2Fvetstreet-brightspot.s3.amazonaws.com%2Ff7%2Fe8bfc0a80a11e0a0d50050568d634f%2Ffile%2Fkomondor-1-645mk070411.jpg
000032.jpg,http://www.pethealthnetwork.com/sites/default/files/content/images/komondor77748296.png
000033.jpg,http://3.bp.blogspot.com/-wQlF5qyBCFU/TjBezFFbF5I/AAAAAAAAAbI/LFTtibR5jps/s1600/BOR_0277.JPG
000034.jpg,http://www.mykomondors.com/static/files/Komondor-k%C3%A9pek/DSC_0361_.JPG
000035.jpg,http://7wallpapers.net/wp-content/uploads/10_Komondor.jpg
000036.jpg,https://c8.alamy.com/comp/X86WPK/komondor-dog-adult-standing-on-lawn-X86WPK.jpg
000037.jpg,https://i.pinimg.com/originals/53/26/da/5326da59f7c6e5dcbb47b5c49117914d.jpg
000038.jpg,https://www.nbcsports.com/sites/nbcsports.com/files/2016/11/28/nbc_nds_workomondor_161121.jpg
000039.jpg,https://dgicdplf3pvka.cloudfront.net/images/dogbreeds/large/Komondor.jpg
000040.jpg,https://i.pinimg.com/originals/6d/ff/35/6dff35849969f63a1b0ce00a82f2a9d2.jpg
000041.jpg,https://dogell.com/uploads/breed/thumb_komondor.jpg
000042.jpg,https://s3.amazonaws.com/cdn-origin-etr.akc.org/wp-content/uploads/2017/11/12231547/Komondor-History-01.jpg
000043.jpg,https://www.pets4homes.co.uk/images/articles/4037/large/bergamasco-or-komondor-which-is-best-for-you-58f8c03fa0ed3.jpg
000044.jpg,https://www.nbcsports.com/sites/nbcsports.com/files/2018/11/21/nbc_dog_working_komondor_181120.jpg
000045.jpg,https://i1.wp.com/welovebudapest.com/en/wp-content/uploads/sites/2/2015/01/74cb128fdb932694970e8c586941c023.png?resize=1920%2C1080&ssl=1
000046.jpg,https://s3.amazonaws.com/cdn-origin-etr.akc.org/wp-content/uploads/2017/11/12231529/Komondor-MP.jpg
000047.jpg,https://i.pinimg.com/originals/02/5c/3d/025c3d2a9a8976180b32d491e856d635.jpg
000048.jpg,https://images.ctfassets.net/w00x6p5qkejz/6UmNuTqGcwsQmkk4YIOei2/13856fb6f15a7d8df9963d48917cf1e7/Komondor_B_W_Small_File.png
000049.jpg,https://animalsfocus.com/wp-content/uploads/2018/10/Komondor1-600x381.jpg
000050.jpg,https://www.russiandog.net/wp-content/uploads/2014/01/Puli-Dog_283475-e1430302501700.jpg
