image,source
000001.jpg,https://i.pinimg.com/originals/01/43/3e/01433e11261dc842f0e856e01f52fa68.jpg
000002.jpg,https://s3.amazonaws.com/cdn-origin-etr.akc.org/wp-content/uploads/2017/11/07133650/Kromfohrlander.6.jpg
000003.jpg,https://wds2018.com/wp-content/uploads/2017/05/Kromfohrlander.jpg
000004.jpg,https://upload.wikimedia.org/wikipedia/commons/thumb/6/65/Kromfohrlander_standing_in_snow%2C_North_Carolina%2C_USA..png/220px-Kromfohrlander_standing_in_snow%2C_North_Carolina%2C_USA..png
000005.jpg,https://vetstreet-brightspot.s3.amazonaws.com/66/ac/b1354fb1470a889b357b4e9add35/kromfohrlander-ap-005xkq-645.jpg
000006.jpg,https://www.egcn.nl/images/kromfohrlander/1/kromfohrlander.jpg
000007.jpg,https://www.pets4homes.co.uk/images/breeds/371/large/9a3a01e11b44514fe993472737e912f4.jpg
000008.jpg,https://image.jimcdn.com/app/cms/image/transf/dimension=4096x4096:format=jpg/path/sa6c31d56d4a6b544/image/i2a888c4d6bd7ff16/version/1434628678/image.jpg
000009.jpg,https://www.mypetzilla.co.uk/files/1414/7921/4329/Kromfohrlander.jpg
000010.jpg,https://image.jimcdn.com/app/cms/image/transf/dimension=342x1024:format=jpg/path/s82f58ec73c0ee820/image/ib4e0130f99af073d/version/1522362712/image.jpg
000011.jpg,https://image.jimcdn.com/app/cms/image/transf/dimension=1920x400:format=jpg/path/sdf15056e3a24feb1/image/ie1fd77d45221c28c/version/1463895456/image.jpg
000012.jpg,https://vignette.wikia.nocookie.net/akc-dog-breeds/images/4/47/Kromfohrlander.jpg/revision/latest?cb=20180219120741
000013.jpg,http://www.skk.se//contentassets/6a4681e5e81d4da3b83d9a96055ec36a/918-kromfohrlander.jpg
000014.jpg,https://s3.amazonaws.com/cdn-origin-etr.akc.org/wp-content/uploads/2017/11/09094711/Kromfohrlander.puppy_.jpg
000015.jpg,https://www.igrk-kromfohrlaender.de/files/igrk/Bilder/Titel/10_Okt_Bienzle.jpg
000016.jpg,https://www.petguide.com/wp-content/uploads/2016/01/kromfohrlander.jpg
000017.jpg,https://c8.alamy.com/comp/X187T0/kromfohrlander-X187T0.jpg
000018.jpg,https://i.ytimg.com/vi/b3jRNbcmAuI/maxresdefault.jpg
000019.jpg,https://www.dogbreedslist.info/uploads/allimg/dog-pictures/Kromfohrlander-1.jpg
000020.jpg,https://www.vdh.de/welpen/uploads/zrfancy/767_800.jpg
000021.jpg,https://c8.alamy.com/comp/X2MA20/sitting-kromfohrlander-X2MA20.jpg
000022.jpg,https://www.101dogbreeds.com/wp-content/uploads/2018/03/Wirehaired-Kromfohrlander.jpg
000023.jpg,https://www.harligahund.se/wp-content/uploads/2016/03/kromfohr3-326x293.jpg
000024.jpg,https://image.jimcdn.com/app/cms/image/transf/dimension=383x10000:format=jpg/path/sa6c31d56d4a6b544/image/i004a7db5c234ae0d/version/1398269960/image.jpg
000025.jpg,http://www.kromiclub.com/uploads/2/3/0/6/23065150/published/img-7500.jpg?1535255836
000026.jpg,https://i.pinimg.com/736x/a7/71/9c/a7719c0823ab1cd8d0ce1aacbbb5fbed--rare-dogs-dog-portraits.jpg
000027.jpg,https://upload.wikimedia.org/wikipedia/commons/0/05/Kromfohrl%C3%A4nder_Glatthaar_Holzem.JPG
000028.jpg,https://futalis.de/media/rasseseiten/kromfohrlaender-kachel1.jpg
000029.jpg,https://image.jimcdn.com/app/cms/image/transf/dimension=1920x400:format=jpg/path/sdf15056e3a24feb1/image/ie5a07581b26f6b66/version/1463258766/image.jpg
000030.jpg,https://t00.deviantart.net/KrAnAtAMFLG_5wxBvOLWWbhMAKA=/500x250/filters:fixed_height(100,100):origin()/pre00/795f/th/pre/i/2015/115/6/a/memories_by_kooikarella-d4srl0r.jpg
000031.jpg,http://www.dogwallpapers.net/wallpapers/kromfohrl%C3%A4nder-dogs-faces-photo.jpg
000032.jpg,https://dogwellnet.com/uploads/monthly_2016_03/jtocover.png.ed719c1dfe653a066ae126ac6a466103.png
000033.jpg,https://image.jimcdn.com/app/cms/image/transf/none/path/s33f13d97b32410c1/image/i2ea991b42993cfbb/version/1482939324/rauhaar-kromfohrl%C3%A4nder-vom-flawenjup%C3%A9-kromfohrl%C3%A4nderzucht-in-verl-kromfohrl%C3%A4nderz%C3%BCchter.jpg
000034.jpg,https://i.ytimg.com/vi/Ggv3lnp6YH4/hqdefault.jpg
000035.jpg,https://partner-hund.de/sites/partner-hund.de/files/ehft_08842.jpg
000036.jpg,https://image.jimcdn.com/app/cms/image/transf/dimension=1920x400:format=jpg/path/s7700f74fa5882a2a/image/ib7e6100ab9ee2712/version/1458741498/image.jpg
000037.jpg,http://4.bp.blogspot.com/_LYxGQn08RU4/SLMzaZNxpaI/AAAAAAAABHw/pMbQGyjpSdo/s400/KROMFOHRL%C3%84NDER.bmp
000038.jpg,https://c8.alamy.com/comp/X46P5P/kromfohrlander-puppy-sitting-cut-out-X46P5P.jpg
000039.jpg,https://www.dogbreedslist.info/uploads/allimg/dog-pictures/Kromfohrlander-2.jpg
000040.jpg,https://thumbs.dreamstime.com/z/cute-dog-green-grass-41072677.jpg
000041.jpg,https://vetstreet.brightspotcdn.com/dims4/default/5516623/2147483647/thumbnail/645x380/quality/90/?url=https%3A%2F%2Fvetstreet-brightspot.s3.amazonaws.com%2F36%2F23%2F04a962ac41bbbff8cdb1fa31fae7%2Fkromfohrlander-ap-0yydh3-645.jpg
000042.jpg,https://i.pinimg.com/originals/c7/1d/23/c71d23fb3c7ebbb63839dc7cd69555a7.jpg
000043.jpg,https://i.ytimg.com/vi/JRaMidVSXlA/maxresdefault.jpg
000044.jpg,https://image.jimcdn.com/app/cms/image/transf/none/path/s33f13d97b32410c1/image/ie8989a052cf63e5a/version/1482939160/image.jpg
000045.jpg,https://www.martinruetter.com/typo3temp/_processed_/csm_201805_Kromfohrlaender_3f6e2633c4.jpg
000046.jpg,https://www.pets4homes.co.uk/images/breeds/371/large/0accaf0b54f3d60369fc94f488ea5193.jpg
000047.jpg,https://image.jimcdn.com/app/cms/image/transf/none/path/sf126923ea631066d/image/id2c5618b71b6e2ed/version/1467271823/kromfohrl%C3%A4nder-vom-steenbrook-im-verein-prokromfohrl%C3%A4nder-finden-bei-google.jpg
000048.jpg,https://www.kromfohrlaender-von-der-kapuzineraue.de/assets/images/Brit_vom_Andromedanebel-1-hp.jpg
000049.jpg,https://previews.agefotostock.com/previewimage/medibigoff/bbe9f2254227d28c4fdd686db5216b31/rdc-ad-218666.jpg
000050.jpg,https://www.igrk-kromfohrlaender.de/files/igrk/Bilder/Titel/Junior%20%2821%29.JPG
