image,source
000001.jpg,https://i.ytimg.com/vi/9b4xZNveIdg/hqdefault.jpg
000002.jpg,https://www.petsworld.in/blog/wp-content/uploads/2015/07/Mastif_hiszpanski_7512.jpg
000003.jpg,https://www.101dogbreeds.com/wp-content/uploads/2017/05/Kumaon-Mastiff-Images.jpg
000004.jpg,https://www.101dogbreeds.com/wp-content/uploads/2017/05/Kumaon-Mastiff-Pictures.jpg
000005.jpg,https://www.101dogbreeds.com/wp-content/uploads/2017/05/Kumaon-Mastiff-Pics.jpg
000006.jpg,https://i.pinimg.com/originals/1c/16/1a/1c161a75df09f31230a41e4c27d395e6.jpg
000007.jpg,https://www.101dogbreeds.com/wp-content/uploads/2017/05/Indian-Mastiff.jpg
000008.jpg,https://www.101dogbreeds.com/wp-content/uploads/2017/05/Images-of-Kumaon-Mastiff.jpg
000009.jpg,https://www.doglib.com/wp-content/uploads/sites/2/ku/kumaon-koreanmastiff-breed.jpg
000010.jpg,https://usercontent2.hubstatic.com/13556799.jpg
000011.jpg,https://i.ytimg.com/vi/uBUZLGxyvKI/hqdefault.jpg
000012.jpg,https://usercontent1.hubstatic.com/9067394_f520.jpg
000013.jpg,https://www.101dogbreeds.com/wp-content/uploads/2017/05/Cypro-Kukur.jpg
000014.jpg,http://globaldogbreeds.com/wp-content/uploads/2018/03/Kumaon-Mastiff-Pics.jpeg
000015.jpg,https://i.ytimg.com/vi/oP5BjI908zE/hqdefault.jpg
000016.jpg,https://www.doglib.com/wp-content/uploads/sites/2/ku/kumaon-a-fact-about-mastiffs-the-korean-mastiff-is-also-breed.jpg
000017.jpg,https://i.pinimg.com/originals/80/fb/6c/80fb6c6e8632b4503028f0e7ae692f92.png
000018.jpg,https://upload.wikimedia.org/wikipedia/commons/6/68/1815_Alpine_Mastiff.jpg
000019.jpg,http://globaldogbreeds.com/wp-content/uploads/2018/03/Images-of-Kumaon-Mastiff-2.jpg
000020.jpg,https://images-na.ssl-images-amazon.com/images/I/51ojne9JO2L._SX425_.jpg
000021.jpg,https://images-eu.ssl-images-amazon.com/images/I/51NR6Z4LcnL._SR600%2C315_PIWhiteStrip%2CBottomLeft%2C0%2C35_SCLZZZZZZZ_.jpg
000022.jpg,https://i.pinimg.com/236x/df/c4/a6/dfc4a6690ccd557e335b3adfba1c8a9b.jpg?nii=t
000023.jpg,https://usercontent1.hubstatic.com/13556802.jpg
000024.jpg,https://i.ytimg.com/vi/M5wAXGXehY0/hqdefault.jpg
000025.jpg,https://usercontent2.hubstatic.com/14210295.png
000026.jpg,https://bigdogbreeds.info/wp-content/uploads/2018/10/Kumaon-Mastiff-dog-food-600x450.jpg
000027.jpg,https://qph.fs.quoracdn.net/main-qimg-b53168abc45071885d3df3a5f11fc50a
000028.jpg,http://cdn.walkthroughindia.com/wp-content/uploads/2018/03/Indian_Dog-450x298.jpg
000029.jpg,http://uttarakhandheritage.in/wp-content/uploads/2018/10/IMG-20181008-WA0041.jpg
000030.jpg,https://caninecorralwebsite.s3.amazonaws.com/static/cache/14/7e/147e6859fc76c19ed340ec8450ba28a1.jpg
000031.jpg,https://images-na.ssl-images-amazon.com/images/I/41TMIlAFtlL._SX331_BO1,204,203,200_.jpg
000032.jpg,https://upload.wikimedia.org/wikipedia/commons/thumb/b/b1/Mastif_brazylijski_g56.jpg/320px-Mastif_brazylijski_g56.jpg
000033.jpg,http://globaldogbreeds.com/wp-content/uploads/2018/03/Cypro-Kukur.jpeg
000034.jpg,http://upload.wikimedia.org/wikipedia/commons/4/45/French_Mastiff_aka_Dogue_de_Bordeaux_2.JPG
000035.jpg,https://www.wikilistia.com/wp-content/uploads/2018/12/Chippiparai-Dog-1.jpg
000036.jpg,https://upload.wikimedia.org/wikipedia/commons/thumb/4/4d/%D0%98%D0%A1%D0%9F%D0%90%D0%9D%D0%A1%D0%9A%D0%98%D0%99_%D0%9C%D0%90%D0%A1%D0%A2%D0%98%D0%A4.JPG/220px-%D0%98%D0%A1%D0%9F%D0%90%D0%9D%D0%A1%D0%9A%D0%98%D0%99_%D0%9C%D0%90%D0%A1%D0%A2%D0%98%D0%A4.JPG
000037.jpg,https://usercontent1.hubstatic.com/12502312_f520.jpg
000038.jpg,https://animalsfacts.net/wp-content/uploads/2017/06/751860569aca7aad80f45427aa7c5c81.jpg
000039.jpg,https://i.pinimg.com/originals/db/dc/91/dbdc918631927304f190a41b73dfbef7.jpg
000040.jpg,http://www.indianmastiff.com/images/img.jpg
000041.jpg,http://globaldogbreeds.com/wp-content/uploads/2018/03/Kumaon-Mastiff-Pictures-1-1920x1440.jpg
000042.jpg,http://3.bp.blogspot.com/-hkFAgUaQZ4U/UExrJ-10pRI/AAAAAAAABMA/MO1Ir5qBDoo/s1600/64802015_1-wanted-indian-alangu-mastiff-thiruchi.jpg
000043.jpg,https://www.russiandog.net/wp-content/uploads/2017/09/Chippiparai.jpg
000044.jpg,https://teja8.kuikr.com/i5/20190625/9711436622-High-quality-Saint-Bernard--Golden-retriever---French-mastiff-and-Rottweiler-available-VB201705171774173-ak_LWBP966074695-1561463373.png
000045.jpg,https://usercontent2.hubstatic.com/12502231.jpg
000046.jpg,https://teja8.kuikr.com/i6/20190702/English---Dog-with-top-quality-call-9212501257-VB201705171774173-ak_LWBP924012446-1562051352.jpeg
000047.jpg,https://1.bp.blogspot.com/-lXsGuaoU66o/W70Kts6YsCI/AAAAAAAAEm0/9plDWXgtEkECJ-m7fPrQGSO8rROXbAMOACLcBGAs/s1600/kumao.jpg
000048.jpg,https://d3fxc45vnyc74f.cloudfront.net/static/cache/d5/07/d507eb968b6034ea4628ce27dd52d8ee.jpg
000049.jpg,https://i.ebayimg.com/images/g/ANEAAOSw8a1ZsoBw/s-l300.jpg
000050.jpg,https://t2.ea.ltmcdn.com/en/images/4/3/3/breed_of_indian_dog_rampur_greyhound_1334_9_600.jpg
