image,source
000001.jpg,https://i.ytimg.com/vi/8DpHRa3XCOg/maxresdefault.jpg
000002.jpg,https://upload.wikimedia.org/wikipedia/commons/3/30/Kunming_Dog.jpg
000003.jpg,https://i.ytimg.com/vi/9Gzly3KJOMA/maxresdefault.jpg
000004.jpg,https://www.101dogbreeds.com/wp-content/uploads/2017/11/Kunming-Wolfdog.jpg
000005.jpg,https://animalso.com/wp-content/uploads/2018/08/kunming-head-on-ground-809x809.jpg
000006.jpg,https://animalso.com/wp-content/uploads/2018/07/Czechoslovakian-Wolfdog-1-809x540.jpg
000007.jpg,https://www.101dogbreeds.com/wp-content/uploads/2017/11/Chinese-Wolfdog.jpg
000008.jpg,https://www.101dogbreeds.com/wp-content/uploads/2017/11/Kunming-Wolfdog-Images.jpg
000009.jpg,https://www.101dogbreeds.com/wp-content/uploads/2017/11/Kunming-Wolfdog-Photos.jpg
000010.jpg,https://i.pinimg.com/originals/22/cc/ff/22ccffff3d50f718fd0346ab0a960ebf.jpg
000011.jpg,https://www.101dogbreeds.com/wp-content/uploads/2017/11/Kunming-Wolfdog-Pictures.jpg
000012.jpg,https://areiel.files.wordpress.com/2012/07/1_5_1_0.jpg
000013.jpg,https://animalso.com/wp-content/uploads/2018/08/kunming-puppy.jpg
000014.jpg,https://www.101dogbreeds.com/wp-content/uploads/2017/11/Kunming-Wolfdogs.jpg
000015.jpg,https://areiel.files.wordpress.com/2012/07/kunming-wolf-dog.jpg
000016.jpg,https://i.pinimg.com/originals/7b/83/04/7b8304f7f86d3fad02003b2af4ae1796.jpg
000017.jpg,https://get.pxhere.com/photo/german-shepherd-dog-dog-like-mammal-german-shepherd-dog-dog-breed-kunming-wolfdog-old-german-shepherd-dog-king-shepherd-snout-carnivoran-dog-breed-group-1457765.jpg
000018.jpg,https://www.101dogbreeds.com/wp-content/uploads/2017/11/Kunming-Wolfdog-Puppies.jpg
000019.jpg,https://images.instapainting.com/581eedef87456ffe6b8b456a.jpg?w=600&h=600&fp-x=0.5&fp-y=0.5&fp-z=1.2&fit=crop&crop=focalpoint&auto=enhance%2Ccompress%2Cformat
000020.jpg,https://www.doglib.com/wp-content/uploads/sites/2/ku/kunming-thread-breed.jpg
000021.jpg,http://www.dogwallpapers.net/wallpapers/lovely-kunming-wolfdog-photo.jpg
000022.jpg,https://banner2.kisspng.com/20180510/yuq/kisspng-german-shepherd-kunming-wolfdog-siberian-husky-anc-5af42c02511998.3535448215259514903322.jpg
000023.jpg,https://banner2.kisspng.com/20180718/wep/kisspng-german-shepherd-kunming-wolfdog-collar-leather-dog-to-observe-and-learn-from-real-life-5b4ec476e8d0d4.1221959315318887589536.jpg
000024.jpg,https://www.101dogbreeds.com/wp-content/uploads/2017/11/Images-of-Kunming-Wolfdog.jpg
000025.jpg,https://get.pxhere.com/photo/german-sheperd-dog-old-german-shepherd-dog-dog-like-mammal-german-shepherd-dog-dog-breed-mammal-kunming-wolfdog-king-shepherd-east-european-shepherd-snout-carnivoran-tervuren-dog-breed-group-shiloh-shepherd-dog-1454733.jpg
000026.jpg,https://banner2.kisspng.com/20181124/lbf/kisspng-german-shepherd-tervuren-kunming-wolfdog-dog-breed-similiar-fake-wolf-keywords-5bfa1498a740a8.7834096115431159286851.jpg
000027.jpg,https://thumbs.dreamstime.com/z/portrait-kunming-wolfdog-posing-tulip-field-131565050.jpg
000028.jpg,https://img1.akspic.com/image/13125-golden_retriever-old_german_shepherd_dog-kunming_wolfdog-dachshund-dog_breed-2048x1152.jpg
000029.jpg,https://www.trzcacak.rs/myfile/detail/308-3084933_german-king-kunming-wolfdog-dog-transprent-png-german.png
000030.jpg,https://cdn.imgbin.com/21/18/14/imgbin-kunming-wolfdog-german-shepherd-dog-breed-willow-woods-bunny-boarding-ryibpgNCb04VPSKHmuvnxW7kC.jpg
000031.jpg,https://get.pxhere.com/photo/german-shepherd-dog-old-german-shepherd-dog-dog-like-mammal-german-shepherd-dog-dog-breed-mammal-kunming-wolfdog-king-shepherd-east-european-shepherd-shiloh-shepherd-dog-snout-carnivoran-tervuren-belgian-shepherd-malinois-dog-breed-group-1457769.jpg
000032.jpg,https://banner2.kisspng.com/20180706/kve/kisspng-kunming-wolfdog-norwegian-elkhound-king-shepherd-r-german-shepherd-puppies-5b3f82f845e104.0747490215308889522862.jpg
000033.jpg,https://i.pinimg.com/originals/32/3b/cb/323bcba350ba52d2e5cd04a0f309aff9.jpg
000034.jpg,https://www.trzcacak.rs/myfile/detail/411-4111997_dog-wolf-kunming-wolfdog.png
000035.jpg,https://cdn.imgbin.com/9/3/22/imgbin-german-shepherd-kunming-wolfdog-dog-breed-others-mTh83p5qqSH1vA9xrWASg9QbC.jpg
000036.jpg,https://as1.ftcdn.net/jpg/02/37/16/02/500_F_237160268_eJ5KuAvnJuhN7bMCIHzDYj5eUele8w5d.jpg
000037.jpg,https://www.petpaw.com.au/wp-content/uploads/2015/03/Kunming-Wolfdog-Pup.jpg
000038.jpg,https://mpng.pngfly.com/20190417/jiz/kisspng-old-german-shepherd-dog-king-shepherd-kunming-wolf-german-shepherd-logo-free-dog-png-image-png-se-5cb76f549fa301.2280394815555254606539.jpg
000039.jpg,https://img2.akspic.com/image/95303-kunming_wolfdog-labrador_retriever-dog_breed_group-dog_like_mammal-snout-2880x1800.jpg
000040.jpg,https://dnl7t01l0fo05.cloudfront.net/wp-content/uploads/2016/04/kunming-index-breed-1024x683.jpg
000041.jpg,https://library.kissclipart.com/20190604/gbq/kissclipart-kunming-wolfdog-deinonychus-italian-wolf-czechoslo-7882ab5e3142b503.png
000042.jpg,http://wolffacts.org/thecontent/images/2014/01/Czechoslovakian%20wolfdog.jpg
000043.jpg,https://c8.alamy.com/comp/K2M467/mushing-dog-in-the-snow-K2M467.jpg
000044.jpg,https://get.pxhere.com/photo/dog-friend-boy-mammal-vertebrate-dog-breed-canidae-carnivore-kunming-wolfdog-east-european-shepherd-german-shepherd-dog-king-shepherd-dutch-shepherd-dog-shiloh-shepherd-dog-old-german-shepherd-dog-rare-breed-dog-sporting-group-Kai-ken-1590645.jpg
000045.jpg,https://thumbs.dreamstime.com/z/dog-dog-breed-dog-like-mammal-kunming-wolfdog-108523456.jpg
000046.jpg,https://c7.uihere.com/files/392/564/998/czechoslovakian-wolfdog-kunming-wolfdog-arctic-wolf-coyote-wolf.jpg
000047.jpg,https://bigdogbreeds.info/wp-content/uploads/2019/01/Kunming-Wolfdog.jpg
000048.jpg,https://banner2.kisspng.com/20180809/vsg/kisspng-german-shepherd-kunming-wolfdog-puppy-dog-breed-muoth-colsed-german-shepherd-drawing-bing-images-5b6c31f0afe1f0.9747600315338173287204.jpg
000049.jpg,https://c7.uihere.com/files/142/935/632/dog-breed-german-shepherd-kunming-wolfdog-norwegian-elkhound-king-shepherd-pet-adoption.jpg
000050.jpg,http://wolfpark.org/wp-content/uploads/2013/05/figure003.jpg
