image,source
000001.jpg,https://images-ra.adoptapet.com/seo/1/mj/822_m1.jpg
000002.jpg,https://www.dogbreedslist.info/uploads/allimg/dog-pictures/Kyi-Leo-2.jpg
000003.jpg,http://globaldogbreeds.com/wp-content/uploads/2018/03/Lhasa-Apso-Maltese-Mix-Puppies-2-225x300.jpg
000004.jpg,https://i2.wp.com/dogbreedsjournal.com/wp-content/uploads/2019/03/k3.jpg?resize=625%2C416
000005.jpg,https://38vtm736ybavjl8ghz51n2ed-wpengine.netdna-ssl.com/wp-content/uploads/2015/06/Kyi-Leo.png
000006.jpg,https://dogbreeds.wiki/uploads/k/kyi-leo-photo-10.jpg
000007.jpg,https://www.pets4homes.co.uk/images/classifieds/2014/06/29/679560/large/dce151e7ecd63a0b00a9e356f3963edd.jpg
000008.jpg,http://globaldogbreeds.com/wp-content/uploads/2018/03/Kyi-Leo-Full-Grown-1.jpg
000009.jpg,https://images-ra.adoptapet.com/seo/1/sc/822_sc.png
000010.jpg,https://i.pinimg.com/originals/5b/5f/4b/5b5f4bb8b4300dcbf9aaafa6ed0f0db3.jpg
000011.jpg,https://i.pinimg.com/originals/8c/8c/12/8c8c1283bb3141f426fb0e8b212008ac.jpg
000012.jpg,https://www.101dogbreeds.com/wp-content/uploads/2016/08/Kyi-Leo-Dog.jpg
000013.jpg,https://images-na.ssl-images-amazon.com/images/I/51kT7htVkCL._SX425_.jpg
000014.jpg,https://www.dogbreedinfo.com/images17/KyiLeoCadillac10Months.JPG
000015.jpg,https://www.101dogbreeds.com/wp-content/uploads/2016/08/Kyi-Leo-Puppies.jpg
000016.jpg,http://www.dogvills.com/wp-content/uploads/2016/06/kyi-leo-hypoallergenic-dog-breed-f.jpg
000017.jpg,https://www.pets4homes.co.uk/images/classifieds/2014/04/01/594784/large/f2-kyi-leo-puppy-maltese-x-lhasa-5373abde45239.jpg
000018.jpg,https://upload.wikimedia.org/wikipedia/commons/thumb/0/00/KyiLeoGus.jpg/512px-KyiLeoGus.jpg
000019.jpg,https://i.pinimg.com/originals/a6/ae/1c/a6ae1c55e01ffb0e90daf4ce948166e7.jpg
000020.jpg,https://www.dogvills.com/wp-content/uploads/2016/06/kyi-leo-hypoallergenic-dog-breed.jpg
000021.jpg,https://images.wagwalkingweb.com/media/breed/kyi-leo/hero/Kyi-Leo.jpg
000022.jpg,https://www.101dogbreeds.com/wp-content/uploads/2016/08/Kyi-Leo-Pictures.jpg
000023.jpg,https://ckcusa.com/media/147677/kyi-leo.jpg?preset=ckcBreedImage375
000024.jpg,https://res.cloudinary.com/hellowdog/image/upload/v1533200265/Kyi-Leo-puppies_dg2fz9.png
000025.jpg,https://i.pinimg.com/236x/36/10/1d/36101d20bf4e0596b188d82a9fea14cd--kyi-leo-i-love.jpg
000026.jpg,https://www.dogbreedslist.info/uploads/allimg/dog-pictures/Kyi-Leo-3.jpg
000027.jpg,https://i2.wp.com/www.simplypets.com/wp-content/uploads/2019/05/k1.jpg?fit=980%2C549&ssl=1
000028.jpg,https://www.pets4homes.co.uk/images/classifieds/2014/12/07/835814/large/a642e4e15498459e2fdbfd555f7debe8.jpg
000029.jpg,https://bigdogbreeds.info/wp-content/uploads/2018/10/Kyi-Leo-dog-size4.jpg
000030.jpg,https://pbs.twimg.com/profile_images/1069067382121992192/WX1s4Ufp.jpg
000031.jpg,http://i.imgur.com/5FGSTZzl.jpg
000032.jpg,http://www.dogwallpapers.net/wallpapers/sad-kyi-leo-dog-wallpaper.jpg
000033.jpg,https://res.cloudinary.com/hellowdog/image/upload/v1533200264/Kyi-Leo-Dog-1-1_rvhpou.png
000034.jpg,https://www.pets4homes.co.uk/images/classifieds/2012/12/31/199094/large/2c0ed74b1ff57a1b43406d6f86dde0d0.jpg
000035.jpg,https://images-na.ssl-images-amazon.com/images/I/515ajg%2BdYeL._SX355_.jpg
000036.jpg,https://c8.alamy.com/comp/PFP113/kyi-leo-dog-looking-up-PFP113.jpg
000037.jpg,http://www.dogwallpapers.net/wallpapers/nice-kyi-leo-dog-wallpaper.jpg
000038.jpg,https://www.doglib.com/wp-content/uploads/sites/2/ky/kyi-leo-adopt-a-kyi-leo-find-dogs-for-adoption-breed.jpg
000039.jpg,https://www.101dogbreeds.com/wp-content/uploads/2016/08/Kyi-Leo-Full-Grown.jpg
000040.jpg,https://c8.alamy.com/comp/X9TYC6/a-black-and-white-kyi-leo-dog-with-a-long-silky-coat-draping-from-its-head-and-body-X9TYC6.jpg
000041.jpg,https://banner2.kisspng.com/20180611/zct/kisspng-lhasa-apso-german-shorthaired-pointer-kyi-leo-pupp-lhasa-apso-5b1ef4b93c2d13.0073946015287553852465.jpg
000042.jpg,https://thumbs.dreamstime.com/z/kyi-leo-dog-25240691.jpg
000043.jpg,https://c8.alamy.com/comp/XAX3YP/kyi-leo-dog-standing-in-side-on-position-XAX3YP.jpg
000044.jpg,https://dl5zpyw5k3jeb.cloudfront.net/photos/pets/45137174/2/?bust=1562586766&width=720
000045.jpg,https://www.pets4homes.co.uk/images/classifieds/2015/06/21/997910/large/kyi-leo-maltese-x-lhasa-apso-5586c677c2a86.jpg
000046.jpg,https://images.bonanzastatic.com/afu/images/3008/9177/62/s-l1600.jpg
000047.jpg,https://www.breedyourdog.com/uploads/listing_images/24115/62990/thumb_image.jpeg
000048.jpg,https://www.pets4homes.co.uk/images/classifieds/2016/08/12/1357995/large/kyi-leo-maltese-lhasa-apso-57adbd077099b.JPG
000049.jpg,https://i.pinimg.com/236x/0d/80/f3/0d80f3e71a2eb92ffc54fa3a7e5257f5--kyi-leo-silken-windhound.jpg
000050.jpg,https://pawsnpups.com/wp-content/themes/PNP/images/breeds/Kyi_Leo.jpeg
