image,source
000001.jpg,http://www.dogzone.com/images/breeds/labrador-husky.jpg
000002.jpg,https://www.petguide.com/wp-content/uploads/2015/12/labrador-husky.jpg
000003.jpg,https://upload.wikimedia.org/wikipedia/commons/thumb/2/25/Labrador_husky_pup.JPG/220px-Labrador_husky_pup.JPG
000004.jpg,http://kicker.cna-nl.com/wp-content/uploads/2017/09/IMG_9421-1024x683.jpg
000005.jpg,https://www.thelabradorsite.com/wp-content/uploads/2017/10/huskador.jpg
000006.jpg,https://i.pinimg.com/originals/28/e4/31/28e431563f89f638db7373add1ffec91.jpg
000007.jpg,https://i.ytimg.com/vi/RAeaSDcPPDU/hqdefault.jpg
000008.jpg,https://www.k9ofmine.com/wp-content/uploads/2017/03/huskador-mix.jpeg
000009.jpg,https://www.thelabradorsite.com/wp-content/uploads/2017/10/husky-lab-mix.jpg
000010.jpg,https://i.imgur.com/LI8dLHK.jpg
000011.jpg,https://i.pinimg.com/originals/d2/f7/0e/d2f70e56fedead411bfdfe4adb80b1b2.jpg
000012.jpg,https://www.dogbreedinfo.com/images19/LabradorHuskypurebredNorthernLightsMissy%20may2007.JPG
000013.jpg,https://www.perfectdogbreeds.com/wp-content/uploads/2018/12/Husky-on-Beach.jpg
000014.jpg,https://i0.wp.com/officiallypets.com/wp-content/uploads/2019/01/dog-2450228_1920-e1546701057542.jpg?fit=960%2C643&ssl=1
000015.jpg,https://i.ytimg.com/vi/ProEU8zO9PE/hqdefault.jpg
000016.jpg,https://petgearlab.com/wp-content/uploads/2017/02/husky-lab-mix.jpg
000017.jpg,https://animalso.com/wp-content/uploads/2017/01/labrador-husky-mix_4.jpg
000018.jpg,https://i.pinimg.com/236x/87/c7/06/87c706bb01539cc2f7ed811ef993d80c--labrador-husky-husky-lab-mixes.jpg
000019.jpg,https://www.thelabradorsite.com/wp-content/uploads/2017/10/lab-husky-mix.jpg
000020.jpg,https://animalso.com/wp-content/uploads/2017/01/labrador-husky-mix_2.jpg
000021.jpg,https://1001doggy.com/wp-content/uploads/2016/09/husky-labrador.jpg
000022.jpg,https://images.wagwalkingweb.com/media/breed/%7Bslug%7D/hero/1532693126.93/Labrador-Husky.jpg
000023.jpg,https://www.k9ofmine.com/wp-content/uploads/2017/03/husky-lab-puppy.jpg
000024.jpg,https://www.pets4homes.co.uk/images/classifieds/2017/12/30/1803828/large/8-labrador-husky-pups-for-sale-5a478dc90b317.jpg
000025.jpg,https://upload.wikimedia.org/wikipedia/commons/thumb/4/43/Labrador_huskies.JPG/220px-Labrador_huskies.JPG
000026.jpg,https://thehappypuppysite.com/wp-content/uploads/2018/08/husky-lab-mix-long.jpg
000027.jpg,https://www.101dogbreeds.com/wp-content/uploads/2015/07/Siberian-Retriever-Mix.jpg
000028.jpg,http://www.labradorretrieverguide.com/wp-content/uploads/2016/02/Amazing-Chimera-Dog-Is-Half-Labrador-Retriever-Half-Siberian-Husky-.png
000029.jpg,https://i.pinimg.com/originals/85/69/95/85699525a8b2ecc1c828d2b33b0cfd51.jpg
000030.jpg,https://apollo-singapore.akamaized.net/v1/files/hmijsyg1icn3-PH/image;s=1000x700;olx-st/_1_.jpg
000031.jpg,http://www.dogactionwelfaregroup.ie/dawg/wp-content/uploads/2017/03/17758468_1522558551088262_1959389120674755744_o-745x525.jpg
000032.jpg,http://4.bp.blogspot.com/-aV5G_aOarKk/WjQ_NIaFdNI/AAAAAAAAEsE/6sKMtb3WkgcwhkaK-EGYoWHOg8UthsVkQCK4BGAYYCw/s1600/picture-792101.jpg
000033.jpg,https://www.perfectdogbreeds.com/wp-content/uploads/2018/12/Husky-Lab-Mix.jpg
000034.jpg,https://www.doglib.com/wp-content/uploads/sites/2/la/labrador-husky-lab-mix-breed.jpg
000035.jpg,https://dogsnet.com/wp-content/uploads/2019/03/husky-lab-mix-long.jpg
000036.jpg,https://animalso.com/wp-content/uploads/2017/01/lab-husky-mix_1.jpg
000037.jpg,https://dl5zpyw5k3jeb.cloudfront.net/photos/pets/37542621/1/?bust=1493656375
000038.jpg,https://images-cdn.9gag.com/photo/a7bp82A_700b.jpg
000039.jpg,https://images.wagwalkingweb.com/media/daily_wag/name_guides/%7Bslug%7D/hero/1544053528.66/labrador-husky-dog-names.jpg
000040.jpg,https://thumbs.dreamstime.com/z/yellow-labrador-retriever-siberian-husky-mixed-breed-dog-outdoor-humane-society-adoption-photo-pet-photography-walton-county-89390174.jpg
000041.jpg,https://cdn2.designermixes.org/designermixes-cdn/pictures/4/uploads/475/Labrador_Husky_1293_R.jpg
000042.jpg,https://www.dogzone.com/images/breeds/labrador-husky-800.jpg
000043.jpg,https://1001doggy.com/wp-content/uploads/2016/09/black-labrador-husky-mix.jpg
000044.jpg,https://2.bp.blogspot.com/-8oRWbp0u_0g/WzTILyBwIWI/AAAAAAAAH8A/h-MAeu3AWGYjzr_AXG51X5CEtk_k4gZvQCLcBGAs/s1600/Labrador%2BHusky.jpg
000045.jpg,https://www.perfectdogbreeds.com/wp-content/uploads/2018/12/Husky-Lab-Mix-The-Definitive-Guide-Banner-678x381.jpg
000046.jpg,https://petaware.com/wp-content/uploads/bfi_thumb/german-shepherd-lab-mix-6pjgfdg517ldbysv8vg9yxx02lyms7837c6zbymcyl6.jpg
000047.jpg,https://www.thelabradorsite.com/wp-content/uploads/2017/10/husky-labrador-mix-pin.jpg
000048.jpg,https://image.freepik.com/free-vector/dogs-breed-flat-icons-set-pets-animal-labrador-siberian-husky-dachshund-yorkshire_53562-2419.jpg
000049.jpg,http://www.rosieanimaladoption.ca/images/sized/images/uploads/49577974_2290130761094629_8401656162184855552_o-585x786.jpg
000050.jpg,https://animalso.com/wp-content/uploads/2017/01/husky-lab-mix_8.png
