image,source
000001.jpg,https://vetstreet.brightspotcdn.com/dims4/default/11181d0/2147483647/thumbnail/645x380/quality/90/?url=https%3A%2F%2Fvetstreet-brightspot.s3.amazonaws.com%2F4f%2F7769d0ad5b11e088ab0050568d634f%2Ffile%2FBelgian-Laekenois-3-645km071211.jpg
000002.jpg,https://s3.amazonaws.com/cdn-origin-etr.akc.org/wp-content/uploads/2017/11/12210239/Belgian-Laekenois-On-White-03.jpg
000003.jpg,https://www.petguide.com/wp-content/uploads/2013/04/belgian-laekenois.jpg
000004.jpg,https://s3.amazonaws.com/cdn-origin-etr.akc.org/wp-content/uploads/2017/11/09145136/Belgian-Laekenois.jpg
000005.jpg,https://www.purina.co.uk/sites/g/files/mcldtz2481/files/2017-12/belgianshepherdlaekenois_400x378_0.jpg
000006.jpg,https://i.ytimg.com/vi/GQ8z7AyWuLk/hqdefault.jpg
000007.jpg,http://www.dogspotters.com/dog-breed-photos/belglaek.jpg
000008.jpg,https://images.wagwalkingweb.com/media/breed/belgian-laekenois/appearance/belgian-laekenois.png
000009.jpg,https://dogbreedatlas.com/images/dog-breed-photos/laekenois/001/laekenois-1490086418-1.jpg
000010.jpg,https://www.101dogbreeds.com/wp-content/uploads/2018/07/Laekenois.jpg
000011.jpg,https://www.petbarn.com.au/petspot/app/uploads/2016/08/106.-Belgian-Shepherd-Dog-Laekenois.jpg
000012.jpg,http://caninechronicle.com/wp-content/uploads/2015/03/DSCN13161-300x224.jpg
000013.jpg,https://vetstreet-brightspot.s3.amazonaws.com/61/05e3c0ad5b11e088ab0050568d634f/file/Belgian-Laekenois-2-484km071211.jpg
000014.jpg,https://www.dogbreedslist.info/uploads/allimg/dog-pictures/Belgian-Shepherd-Laekenois-2.jpg
000015.jpg,https://vignette.wikia.nocookie.net/dog-breed4080/images/c/c7/Belgian_laekenois.jpg/revision/latest?cb=20170916015043
000016.jpg,https://www.dogzone.com/images/breeds/laekenois-dog-800.jpg
000017.jpg,https://cdn.omlet.co.uk/images/cache/512/768/Dog-Belgian_Shepherd_Dog_(Laekenois)-A_cheeky_Belgian_Shepherd_Dog's_(Laekenois)_head.jpg
000018.jpg,https://dgicdplf3pvka.cloudfront.net/images/dogbreeds/1100031.jpg
000019.jpg,https://upload.wikimedia.org/wikipedia/commons/thumb/7/71/Fang-sitt-040728.jpg/220px-Fang-sitt-040728.jpg
000020.jpg,https://i.pinimg.com/236x/68/16/b9/6816b91e33fc6645cc4267c29b0062ad--belgian-shepherd-shepherd-dogs.jpg
000021.jpg,https://alldogsworld.com/wp-content/uploads/2014/08/belgian-shepherd-laekenois.jpg
000022.jpg,https://dogbreedatlas.com/images/dog-breed-photos/laekenois/001/laekenois-1490086418-2.jpg
000023.jpg,https://www.101dogbreeds.com/wp-content/uploads/2018/07/Belgian-Shepherd-Dog-Laekenois.jpg
000024.jpg,https://www.dogingtonpost.com/wp-content/uploads/2012/02/belgian-laekenois-300x270.jpg
000025.jpg,https://www.iams.com/breedselector/images/71b7047976f9a15171e40dc3ff75dc58.jpg
000026.jpg,https://azure.wgp-cdn.co.uk/app-yourdog/posts/Laekenois_small.jpg
000027.jpg,https://images-ra.adoptapet.com/seo/1/ff/1168_ff.jpg
000028.jpg,https://dogs.pedigreeonline.com/images/breeds/dogs/belgian-laekenois.jpg
000029.jpg,http://www.noahsdogs.com/m/photos/get_image/file/689d5f982aca858bd8243dce5936c398.jpg
000030.jpg,https://www.dogbreedinfo.com/images14/BelgianShepherdLaekenoisj01.JPG
000031.jpg,https://www.pets4homes.co.uk/images/classifieds/2017/03/16/1540630/large/kc-reg-belgian-laekenois-dog-58da23d5f1651.jpg
000032.jpg,https://cdn.omlet.co.uk/images/cache/767/768/Dog-Belgian_Shepherd_Dog_(Laekenois)-A_happy_Belgian_Shepherd_Dog_(Laekenois)_lying_down.jpg
000033.jpg,https://i.pinimg.com/736x/61/e9/6e/61e96e240b82a35e2d97193433bb4850.jpg
000034.jpg,https://www.dogbreedinfo.com/images14/BelgiansheppardLaekenoispierrewit8.JPG
000035.jpg,https://s3.amazonaws.com/cdn-origin-etr.akc.org/wp-content/uploads/2017/11/28140401/Belgian-Laekenois-puppy.jpg
000036.jpg,https://www.purina.co.uk/sites/g/files/mcldtz2481/files/2017-12/lakenois_400x378_0.jpg
000037.jpg,http://caninechronicle.com/wp-content/uploads/2015/03/IMG_5601-300x224.jpg
000038.jpg,https://vetstreet.brightspotcdn.com/dims4/default/d874182/2147483647/crop/0x0%2B0%2B0/resize/645x380/quality/90/?url=https%3A%2F%2Fvetstreet-brightspot.s3.amazonaws.com%2F38%2F0d74b0ad5b11e088ab0050568d634f%2Ffile%2FBelgian-Laekenois-1-645km071211.jpg
000039.jpg,https://live.staticflickr.com/65535/47110263504_7f06a9a49a_z.jpg
000040.jpg,https://azure.wgp-cdn.co.uk/app-yourdog/posts/Belgian-Laekenois.jpg
000041.jpg,https://images.wagwalkingweb.com/media/breed/belgian-laekenois/hero/belgian-laekenois.jpg
000042.jpg,https://www.dogsnsw.org.au/media/img/BrowseAllBreed/Belgian-Shepherd-Dog-Lakenois.jpg
000043.jpg,https://previews.123rf.com/images/cynoclub/cynoclub1704/cynoclub170400183/76697261-puppy-belgian-shepherd-dog-laekenois-in-front-of-white-background.jpg
000044.jpg,https://www.k9rl.com/wp-content/uploads/2016/01/Belgian-Shepherd-Dogs-Groenendael-Tervuren-Malinois-Laekenois.jpg
000045.jpg,https://www.dogstrust.org.uk/dogimages/1214585_fala_20190308010716_fala-d_800.JPG
000046.jpg,https://previews.agefotostock.com/previewimage/medibigoff/83c469241a05c9b059e18161e104ec0c/rdc-ad_7596.jpg
000047.jpg,https://www.dogstrust.org.uk/dogimages/1214585_fala_20190308010641_fala-a_800.JPG
000048.jpg,https://c8.alamy.com/comp/D1N8R6/dog-four-belgian-shepherd-laekenois-groenendael-malinois-tervuren-D1N8R6.jpg
000049.jpg,https://i0.wp.com/kanimall.com/wp-content/uploads/2018/10/Belgian-Laekenois.jpg?fit=389%2C500&ssl=1
000050.jpg,https://i0.wp.com/allbigdogbreeds.com/wp-content/uploads/2015/05/Picard_Delice_Stacked.jpg?ssl=1
