image,source
000001.jpg,https://i.ytimg.com/vi/Ah5LXJc8W9w/hqdefault.jpg
000002.jpg,https://upload.wikimedia.org/wikipedia/commons/thumb/9/9f/Lagotto_Romagnolo.jpg/220px-Lagotto_Romagnolo.jpg
000003.jpg,https://s3.amazonaws.com/cdn-origin-etr.akc.org/wp-content/uploads/2017/11/12231306/Lagotto-Romagnolo-On-White-03.jpg
000004.jpg,https://vetstreet.brightspotcdn.com/dims4/default/227ccdd/2147483647/thumbnail/645x380/quality/90/?url=https%3A%2F%2Fvetstreet-brightspot.s3.amazonaws.com%2Ffe%2Fb9%2F0f15a76c4275a4656d6cf16ee95a%2Flagotto-romagnolo-ap-jaywmj.jpg
000005.jpg,https://vetstreet-brightspot.s3.amazonaws.com/49/d9/34bbb3cb427795659cd34361b12c/lagotto-romagnolo-ap-1k1dsr-645.jpg
000006.jpg,https://i.pinimg.com/736x/94/81/36/9481365eb2f5fd2cfd7ce00a0a27ac28.jpg
000007.jpg,https://canadiandogs.com/wp-content/uploads/Lagotto-Romagnolo-of-Canada-Web.jpg
000008.jpg,https://perfectpets.com.au/uploads/files/getfile/type/breed/id/475/file/122034086058f803cd99ab22.12408027-breed-475.PNG
000009.jpg,https://www.selectadogbreed.com/media/1720/lagottoromagnolo_adult.jpg
000010.jpg,https://i2.wp.com/meowlogy.com/wp-content/uploads/2017/07/Lagotto-Romagnolo-41.jpg?fit=3284%2C3061&ssl=1
000011.jpg,https://i.pinimg.com/originals/6f/26/b4/6f26b40fbf8794b967a25ab6e7284e8c.jpg
000012.jpg,https://images.wagwalkingweb.com/media/breed/lagotto-romagnolo/hero/lagotto-romagnolo-1.jpg
000013.jpg,https://i1.wp.com/dogloversshow.com.au/directory/wp-content/uploads/sites/4/2016/06/Lagotto-Romagnolo_LR.jpg?fit=420%2C350&ssl=1
000014.jpg,https://www.pets4homes.co.uk/images/breeds/307/large/a22ad2d5ee732df8df016898f913e713.jpg
000015.jpg,https://www.pets4homes.co.uk/images/articles/4693/large/improper-coat-in-the-lagotto-romagnolo-5ab3af24cd0bb.jpg
000016.jpg,https://animalsbreeds.com/wp-content/uploads/2015/07/Lagotto-Romagnolo-7.jpg
000017.jpg,https://upload.wikimedia.org/wikipedia/commons/thumb/e/e0/Bellalagotto1.jpg/250px-Bellalagotto1.jpg
000018.jpg,http://www.dogzone.com/images/breeds/lagotto-romagnolo.jpg
000019.jpg,https://dogsaholic.com/wp-content/uploads/2018/06/Lagotto-Romagnolo-standing-in-grass-810x486.jpg
000020.jpg,https://www.petmd.com/sites/default/files/lagotto-romagnolo-dog-picture-id594072766.jpg
000021.jpg,https://s3.amazonaws.com/cdn-origin-etr.akc.org/wp-content/uploads/2017/11/12231312/Lagotto-Romagnolo-On-White-01.jpg
000022.jpg,https://www.101dogbreeds.com/wp-content/uploads/2018/01/Lagotto-Romagnolo-Images.jpg
000023.jpg,https://image.jimcdn.com/app/cms/image/transf/none/path/sa7dc1def27d898ec/image/i153f1cddf54bbedb/version/1543404979/image.jpg
000024.jpg,http://ipfactly.com/wp-content/uploads/2015/12/Lagotto_romagnolo_photo.jpg?31623f
000025.jpg,http://www.trbimg.com/img-5c2cc4af/turbine/dp-video-cannoli-the-lagotto-romagnolo-20160212
000026.jpg,https://thehappypuppysite.com/wp-content/uploads/2019/03/Lagotto-Romagnolo-Price-HP-long.jpg
000027.jpg,https://lagottodelcarpinonero.it/wp-content/uploads/2015/01/EB0_8192-2-1024x683.jpg
000028.jpg,https://images.ctfassets.net/w00x6p5qkejz/1v1j6xvkSA2WamkgAgAqgU/03b57f6f6d37464fce7e9390d7964e08/Lagotto_Romagnolo2.png
000029.jpg,https://1.bp.blogspot.com/-XqQw11wVF_M/WjwtGAYm8dI/AAAAAAAAG50/Xfvm-AkzTIUqL6-NS_Oprs9vnwuzP081ACLcBGAs/s1600/Lagotto%2BRomagnolo.jpg
000030.jpg,https://vetstreet-brightspot.s3.amazonaws.com/51/29/7248e64a4eac9c23ad78b753f73c/lagotto-romagnolo-ap-0x0op5-645.jpg
000031.jpg,http://www.rocadog.com/uploads/5/4/8/7/54876749/lagotto-romagnolo_orig.jpg
000032.jpg,https://www.dogbreedslist.info/uploads/allimg/dog-pictures/Lagotto-Romagnolo-2.jpg
000033.jpg,https://3.bp.blogspot.com/-7nyX482G5iY/WjwzguY3hVI/AAAAAAAAG68/74BttugdX3Yob6hBJ_ft3tB91MJd_dZAACLcBGAs/s1600/Lagotto-Romagnolo2.jpg
000034.jpg,https://www.warrenphotographic.co.uk/photography/bigs/47341-Lagotto-Romagnolo-in-play-bow-white-background.jpg
000035.jpg,https://www.petful.com/wp-content/uploads/2014/09/Lagotto-Romagnolo-breed-profile.jpg
000036.jpg,https://cdn.omlet.co.uk/images/cache/960/768/Dog-Lagotto_Romagnolo-A_beautiful_Lagotto_Romagnolo_with_lovely_soft_ears_and_a_gorgeous_face.jpg
000037.jpg,https://i.ytimg.com/vi/yrizX_9p9SU/maxresdefault.jpg
000038.jpg,https://www.warrenphotographic.co.uk/photography/bigs/43788-Lagotto-Romagnolo-dog-white-background.jpg
000039.jpg,https://www.selectadogbreed.com/media/1722/lagottoromagnolo_puppy.jpg
000040.jpg,https://lagottoromagnoloofcanada.com/dogs/wp-content/gallery/lagotto/IMG_1464.JPG
000041.jpg,https://www.rozebottels.nl/WP/wp-content/uploads/health.jpg
000042.jpg,https://dogbreedatlas.com/images/dog-breed-photos/lagotto-romagnolo/001/lagotto-romagnolo-1490383838-1.jpg
000043.jpg,https://res.cloudinary.com/fwkc-production/image/upload/c_fit,dpr_3.0,f_auto,g_center,h_430,q_auto,w_768/v1/fwkc/import/719
000044.jpg,http://pclagottokennel.com/uploads/3/5/8/3/35834517/the-crew_orig.jpg
000045.jpg,https://brit-petfood.com/file/nodes/product/lagottoromagnolo.jpg
000046.jpg,https://www.nbcsports.com/sites/nbcsports.com/files/2017/11/28/nds_spo_lagottoromagnolo_171120.jpg
000047.jpg,https://st3.depositphotos.com/11531248/18304/i/1600/depositphotos_183045650-stock-photo-lagotto-romagnolo-truffle-dog.jpg
000048.jpg,https://www.lagottous.com/resources/Pictures/puppy%20tan%20points.jpg
000049.jpg,http://www.noahsdogs.com/m/photos/get_image/file/417c7b025074d01ad623f5a7f14f1184.jpg
000050.jpg,https://www.pets4homes.co.uk/images/articles/2414/large/more-information-on-the-lagotto-romagnolo-dog-breed-56279acab1a30.jpg
