image,source
000001.jpg,https://upload.wikimedia.org/wikipedia/commons/thumb/e/e7/East_Siberian_Laika_03.jpg/220px-East_Siberian_Laika_03.jpg
000002.jpg,https://i.pinimg.com/originals/5b/b9/4a/5bb94a35dd40eedbc138ca5ffab2b5b7.jpg
000003.jpg,https://www.petguide.com/wp-content/uploads/2016/08/east-siberian-laika.jpg
000004.jpg,http://primitivedogs.com/wp-content/uploads/2016/06/Russko-Evropeiskaya-Laika.jpg
000005.jpg,https://s3.amazonaws.com/cdn-origin-etr.akc.org/wp-content/uploads/2017/11/21194342/Yakutian-Laika1.jpg
000006.jpg,https://primitivedogs.com/wp-content/uploads/2016/07/West-Siberian-Laika-featured.jpg
000007.jpg,https://ckcusa.com/media/147800/russo-european-laika.jpg?preset=ckcBreedImage375
000008.jpg,https://i.ytimg.com/vi/CDkI5qsBO6s/hqdefault.jpg
000009.jpg,https://www.russiandog.net/wp-content/uploads/2016/01/laika-dogs-run.jpg
000010.jpg,https://s3.amazonaws.com/cdn-origin-etr.akc.org/wp-content/uploads/2017/11/06103204/Yakutian-Laika-history.jpg
000011.jpg,https://upload.wikimedia.org/wikipedia/commons/2/2b/West_Siberian_Laika.jpg
000012.jpg,http://www.dogzone.com/images/breeds/west-siberian-laika.jpg
000013.jpg,https://www.101dogbreeds.com/wp-content/uploads/2017/07/East-Siberian-Laika-Dog.jpg
000014.jpg,http://www.laikabreeds.com/graphics/wsl_male.jpg
000015.jpg,https://i.pinimg.com/originals/1f/bc/a0/1fbca0c6489344f06a2a701c53308434.jpg
000016.jpg,https://i.ytimg.com/vi/wDNI2p4zRKA/maxresdefault.jpg
000017.jpg,https://www.dogbreedinfo.com/images24/WestSiberianLaikaREY2005Ukraine2.jpg
000018.jpg,https://images.puppyfinder.com/Breed/2/7/e/27e6455532eefd76_799_image1_medium.jpg
000019.jpg,http://doglover.in/wp-content/uploads/2018/05/Laika-1140x855.jpg
000020.jpg,https://www.dogbreedslist.info/uploads/allimg/dog-pictures/West-Siberian-Laika-2.jpg
000021.jpg,https://fairvet.com/uploads/dog_breeds/full/West-Siberian-Laika1438089633.jpeg
000022.jpg,https://www.petguide.com/wp-content/uploads/2016/08/east-siberian-laika-2.jpg
000023.jpg,https://vignette.wikia.nocookie.net/akc-dog-breeds/images/5/51/Yakutian-Laika-Gallery-2.jpg/revision/latest?cb=20180318111205
000024.jpg,https://www.dogbreedslist.info/uploads/allimg/dog-pictures/West-Siberian-Laika-3.jpg
000025.jpg,https://www.dogbreedplus.com/dog_breeds/images/east-siberian-laika-white.jpg
000026.jpg,http://www.spineusart.be/westsiberischelaika/wp-content/uploads/2010/07/laikarennend.jpg
000027.jpg,https://primitivedogs.com/wp-content/uploads/2016/06/Russo-European-Laika-featured.jpg
000028.jpg,http://dogbreedstandards.com/wp-content/uploads/2013/04/West-Siberian-Laika.jpg
000029.jpg,https://www.dogbreedinfo.com/images5/WestSibarianLaikaVlad1.jpg
000030.jpg,https://vetstreet-brightspot.s3.amazonaws.com/ec/27/9f9f0f6748b0ae0ea154f31d518f/Russian-European-Laika-AP-07BX26-590sm12814.jpg
000031.jpg,https://images.wagwalkingweb.com/media/breed/west-siberian-laika/hero/West-Siberian-Laika.jpg
000032.jpg,http://www.easypetmd.com/sites/default/files/imagecache/Portrait/West_Siberian_Laika_1%20%289%29.jpg
000033.jpg,https://s3.amazonaws.com/cdn-origin-etr.akc.org/wp-content/uploads/2017/11/06103546/Yakuitian-Laika-MP1-400x267.jpg
000034.jpg,http://www.molosserdogs.com/gallery/albums/userpics/13920/Guska2.jpg
000035.jpg,https://thehappypuppysite.com/wp-content/uploads/2018/04/russian-yakutian-laika.jpg
000036.jpg,https://www.dogzone.com/images/breeds/west-siberian-laika-800.jpg
000037.jpg,https://dogsbreedusa.online/yakutian-laika/yakutian-laika-photos/
000038.jpg,https://upload.wikimedia.org/wikipedia/commons/thumb/8/83/Russo_European_Laika_2.jpg/220px-Russo_European_Laika_2.jpg
000039.jpg,https://nationalpurebreddogday.com/wp-content/uploads/2017/11/B2Iiu2VCAAAHyjG-272x320.jpg
000040.jpg,https://www.101dogbreeds.com/wp-content/uploads/2018/04/Yakutian-Laika.jpg
000041.jpg,https://s3.amazonaws.com/cdn-origin-etr.akc.org/wp-content/uploads/2017/11/21194822/Yakutian-Laika-Care.jpg
000042.jpg,https://c8.alamy.com/comp/X81P0X/siberian-laika-dog-a-breed-from-russia-X81P0X.jpg
000043.jpg,https://cdn.mos.cms.futurecdn.net/nooiJLC8QurFHZcTtqmmZf-320-80.jpg
000044.jpg,https://previews.123rf.com/images/denyskuvaiev/denyskuvaiev1804/denyskuvaiev180400009/99650643-the-dog-breed-east-european-laika.jpg
000045.jpg,https://primitivedogs.com/wp-content/uploads/2016/07/East-Siberian-Laika-featured-800x323.jpg
000046.jpg,https://c8.alamy.com/comp/GDA2XN/siberian-laika-dog-a-breed-from-russia-GDA2XN.jpg
000047.jpg,https://i.pinimg.com/originals/06/ed/9b/06ed9b723e4436dfbdbb8e586edbb36d.jpg
000048.jpg,https://2puppies.com/api/media/cache/breed_photo/East-Siberian-La%C3%AFka/East-Siberian-La%C3%AFka-3.jpg
000049.jpg,https://www.russiandog.net/wp-content/uploads/2015/11/laika-dog-head.jpg
000050.jpg,https://americandogblog.files.wordpress.com/2011/01/russian-dog.jpg
