image,source
000001.jpg,https://upload.wikimedia.org/wikipedia/commons/d/d3/Lapskvallhund.jpg
000002.jpg,https://s-media-cache-ak0.pinimg.com/736x/bb/12/05/bb1205f465e3cca2df095736aa9a4d15.jpg
000003.jpg,http://www.dogzone.com/images/breeds/lapponian-herder.jpg
000004.jpg,https://i.pinimg.com/236x/86/80/57/868057b0c2d5fe4bb028bbf2ae743441--dog-photos-saami.jpg
000005.jpg,https://i.pinimg.com/236x/20/fc/50/20fc50a651f1bdec91f5cbbd708bb1c0--dog-photos-dog-pictures.jpg
000006.jpg,http://www.pethealthnetwork.com/sites/default/files/styles/large/public/the-finnish-lapphund181280447.jpg?itok=C2Pbq3R8
000007.jpg,https://animalsbreeds.com/wp-content/uploads/2015/11/Lapponian-Herder-2.jpg
000008.jpg,https://reindeerlakeresort.fi/userassets/uploads/2017/08/DSCN0280-Copy-Copy-1170x588.jpg
000009.jpg,https://stockdogsavvy.files.wordpress.com/2010/01/lappalaiskoirat-ft1.gif?w=620
000010.jpg,https://www.101dogbreeds.com/wp-content/uploads/2017/12/Lapp-Reindeer-Dog.jpg
000011.jpg,https://2.bp.blogspot.com/-GufD1GF1a5g/WjxC1Qq3zoI/AAAAAAAAG78/3QxAV-XDRxwhPyIkpQ0ZiOwaoYcLOREiwCLcBGAs/s1600/Finnish%2BLapphund.jpg
000012.jpg,https://c8.alamy.com/comp/M6MD73/finnish-lapphund-chewing-bone-M6MD73.jpg
000013.jpg,https://brit-petfood.com/file/nodes/product/lapinporokoira.JPG
000014.jpg,https://get.pxhere.com/photo/view-dog-animal-collie-pet-portrait-space-brown-mammal-cloth-snout-hybrid-head-vertebrate-tongue-good-dog-breed-bitch-purebred-dog-straw-bales-awakened-hundeportrait-vigilant-protector-brown-eyes-old-german-shepherd-dog-dog-like-mammal-dog-breed-group-vulnerable-native-breeds-german-shepherd-dog-rough-collie-bohemian-shepherd-lapponian-herder-tervuren-scotch-collie-721336.jpg
000015.jpg,https://s3.amazonaws.com/cdn-origin-etr.akc.org/wp-content/uploads/2017/11/12231210/Lapponian-Herder-On-White-01.jpg
000016.jpg,https://images.wagwalkingweb.com/media/breed/lapponian-herder/hero/Lapponian-Herder.jpg
000017.jpg,https://mir-s3-cdn-cf.behance.net/project_modules/disp/4a160c17210607.562b72d788661.png
000018.jpg,https://i.pinimg.com/originals/7b/ad/24/7bad248fce778c82cf0c73a40b9d402e.jpg
000019.jpg,https://get.pxhere.com/photo/grass-puppy-dog-mammal-black-german-shepherd-vertebrate-dog-breed-old-german-shepherd-dog-belgian-shepherd-malinois-dutch-shepherd-dog-dog-like-mammal-carnivoran-dog-breed-group-shiloh-shepherd-dog-east-european-shepherd-vulnerable-native-breeds-german-shepherd-dog-bohemian-shepherd-lapponian-herder-lancashire-heeler-australian-kelpie-australian-stumpy-tail-cattle-dog-1020109.jpg
000020.jpg,https://mir-s3-cdn-cf.behance.net/project_modules/disp/f8753517210607.562b71ee6a400.png
000021.jpg,https://s3.amazonaws.com/cdn-origin-etr.akc.org/wp-content/uploads/2017/11/12191206/Lapponian-Herder-History-03.jpg
000022.jpg,https://animalsbreeds.com/wp-content/uploads/2015/11/Lapponian-Herder-4.jpg
000023.jpg,https://dogwellnet.com/uploads/monthly_2016_06/575e2869572f6_lapponianherder2.jpg.fa1cf0f138931ae63db65832f1f5d0d4.jpg
000024.jpg,https://animalsbreeds.com/wp-content/uploads/2015/11/Lapponian-Herder.jpg
000025.jpg,https://i.ytimg.com/vi/8LJrDEX1KL8/hqdefault.jpg
000026.jpg,https://i.pinimg.com/originals/d0/08/aa/d008aa50511805cad04e01f695336ac3.jpg
000027.jpg,https://get.pxhere.com/photo/snow-winter-dog-animal-mammal-vertebrate-sled-dog-breed-shikoku-dog-like-mammal-saarloos-wolfdog-wolfdog-czechoslovakian-wolfdog-dog-breed-group-greenland-dog-east-siberian-laika-west-siberian-laika-j-mthund-dog-crossbreeds-shiloh-shepherd-dog-norwegian-elkhound-east-european-shepherd-lapponian-herder-1363289.jpg
000028.jpg,https://get.pxhere.com/photo/dog-stone-collie-mammal-border-collie-vertebrate-dog-breed-mindful-alaskan-malamute-karelian-bear-dog-street-dog-dog-like-mammal-saarloos-wolfdog-wolfdog-dog-breed-group-greenland-dog-east-siberian-laika-west-siberian-laika-dog-crossbreeds-east-european-shepherd-lapponian-herder-finnish-lapphund-australia-shepherd-1060771.jpg
000029.jpg,https://dl5zpyw5k3jeb.cloudfront.net/photos/pets/45106943/2/?bust=1561908546&width=720
000030.jpg,https://s3.amazonaws.com/cdn-origin-etr.akc.org/wp-content/uploads/2017/11/12191208/Lapponian-Herder-History-01.jpg
000031.jpg,https://i.pinimg.com/236x/94/0a/51/940a51831c00c3771f7f712333b07308--amazing-ideas-world-maps.jpg
000032.jpg,https://4.bp.blogspot.com/-G1gwPeAEW5Q/VzBCr1in3bI/AAAAAAAAEt4/IKDxTUAMVG8fkCwNcaJzgKLcbInjyi60QCLcB/s1600/Finnish-Lapphund-Colour-variation-FLCNSW.jpg
000033.jpg,https://ih1.redbubble.net/image.636218539.4711/scarfflat%2C210x230-pad%2C210x230%2Cf8f8f8.lite-1u2.jpg
000034.jpg,https://cdn.imgbin.com/4/14/16/imgbin-norwegian-lundehund-lapponian-herder-dutch-shepherd-dog-breed-barking-glad-vj5aaRe20N1UmFkXtYEHsqC9S.jpg
000035.jpg,https://get.pxhere.com/photo/working-dog-animal-canine-looking-pet-portrait-usa-mammal-wolf-close-up-outdoors-husky-eyes-head-vertebrate-domestic-alaska-dog-breed-sled-dog-karelian-bear-dog-dog-like-mammal-saarloos-wolfdog-wolfdog-czechoslovakian-wolfdog-carnivoran-dog-breed-group-greenland-dog-east-siberian-laika-west-siberian-laika-canis-lupus-tundrarum-shiloh-shepherd-dog-norwegian-elkhound-native-american-indian-dog-east-european-shepherd-eurasier-lapponian-herder-tervuren-819878.jpg
000036.jpg,https://vetstreet.brightspotcdn.com/dims4/default/ae3f8da/2147483647/thumbnail/645x380/quality/90/?url=https%3A%2F%2Fvetstreet-brightspot.s3.amazonaws.com%2F2d%2F9e89f0a32f11e087a80050568d634f%2Ffile%2FAustralian-Kelpie-2-645mk062411.jpg
000037.jpg,http://cdn.akc.org/content/article-body-image/FL_in_Snow.jpg
000038.jpg,https://i.redd.it/l5csdxql24x11.jpg
000039.jpg,https://www.skk.se/globalassets/nku/filer/images/nordic-breeds/finnish_lapphund-hres-13.jpg
000040.jpg,https://get.pxhere.com/photo/dog-standing-pet-mammal-shepherd-vertebrate-german-dog-breed-purebred-old-german-shepherd-dog-alsatian-belgian-shepherd-karelian-bear-dog-dog-like-mammal-wolfdog-carnivoran-dog-breed-group-east-siberian-laika-dog-crossbreeds-shiloh-shepherd-dog-east-european-shepherd-german-shepherd-dog-bohemian-shepherd-lapponian-herder-tervuren-mudi-950778.jpg
000041.jpg,https://i.pinimg.com/originals/46/e7/5f/46e75fdf7b251a64fa78a5e5b91a7911.jpg
000042.jpg,https://get.wallhere.com/photo/animals-nature-dog-wildlife-Australian-Shepherd-fauna-mammal-vertebrate-dog-like-mammal-dog-breed-group-greenland-dog-carnivoran-dog-breed-east-siberian-laika-german-spitz-icelandic-sheepdog-finnish-spitz-lapponian-herder-128750.jpg
000043.jpg,https://get.pxhere.com/photo/dog-animal-mammal-border-collie-furry-vertebrate-dog-breed-purebred-dog-three-coloured-australian-shepherd-karelian-bear-dog-dog-like-mammal-dog-breed-group-lapponian-herder-appenzeller-sennenhund-australia-shepherd-1060772.jpg
000044.jpg,https://cdn.imgbin.com/6/5/5/imgbin-dog-breed-german-shepherd-lapponian-herder-kunming-wolfdog-siberian-husky-others-aX7BfVen2JcyKqpBf7NnMyUfi.jpg
000045.jpg,https://c8.alamy.com/comp/M6MD7D/finnish-lapphund-laying-on-a-lawn-with-a-bone-M6MD7D.jpg
000046.jpg,https://dl5zpyw5k3jeb.cloudfront.net/photos/pets/44621761/5/?bust=1557070914
000047.jpg,https://s3.amazonaws.com/cdn-origin-etr.akc.org/wp-content/uploads/2017/11/03092437/lapponian-herder-1-800x600.jpg
000048.jpg,https://i.pinimg.com/236x/79/56/2e/79562edc3caec4ea5a3ef6f90c98b0b7--beauty-german-shepherds.jpg
000049.jpg,https://image.shutterstock.com/display_pic_with_logo/536035/1308967714/stock-photo-lapponian-herder-lapinporokoira-or-lapp-reindeer-dog-or-lapsk-vallhund-is-licking-on-background-1308967714.jpg
000050.jpg,https://images-na.ssl-images-amazon.com/images/I/41tS04pheCL.jpg
