image,source
000001.jpg,https://cdn2-www.dogtime.com/assets/uploads/gallery/leonberger-dog-breed-pictures/face-9.jpg
000002.jpg,https://upload.wikimedia.org/wikipedia/commons/5/5a/Leonberger_Norway.JPG
000003.jpg,https://s3.amazonaws.com/cdn-origin-etr.akc.org/wp-content/uploads/2017/11/12194744/Leonberger-on-White-05.jpg
000004.jpg,https://s3.amazonaws.com/cdn-origin-etr.akc.org/wp-content/uploads/2017/11/12194747/Leonberger-Care-2.jpg
000005.jpg,https://s3.amazonaws.com/cdn-origin-etr.akc.org/wp-content/uploads/2017/11/29105035/Leonberger-Puppy.jpg
000006.jpg,https://s3.amazonaws.com/cdn-origin-etr.akc.org/wp-content/uploads/2017/11/13173254/Beau-400x267.jpg
000007.jpg,https://thehappypuppysite.com/wp-content/uploads/2018/07/leonberger-long.jpg
000008.jpg,https://cdn.omlet.co.uk/images/cache/505/768/Dog-Leonberger-A_lovely,_mature_Leonberger_sitting_neatly,_waiting_for_some_attention.jpg
000009.jpg,https://www.zooplus.co.uk/magazine/CACHE_IMAGES/768/content/uploads/2018/01/fotolia_122141544-1.jpg
000010.jpg,https://3d4igz27oxtl2iwox73y9smh-wpengine.netdna-ssl.com/wp-content/uploads/2018/07/Leonberger-full-grown-looking-out-over-a-field.jpg
000011.jpg,http://doglover.in/wp-content/uploads/2018/06/Leonberger-1140x760.jpg
000012.jpg,https://www.pets4homes.co.uk/images/breeds/145/large/0a09003b9f6c13cdd6185eb0fcb92e24.jpg
000013.jpg,https://www.thesprucepets.com/thmb/0fCQZYsY3OGIunpSLhFOtwsOjvg=/450x0/filters:no_upscale():max_bytes(150000):strip_icc()/leonberger-dog-in-marram-grass-909262012-6604e5c2e271481996d6309eab1f3bca.jpg
000014.jpg,https://i2.wp.com/puppytoob.com/wp-content/uploads/2017/11/Leonberger-1.jpg?resize=750%2C499
000015.jpg,https://i.pinimg.com/originals/be/9e/b5/be9eb5d4f1d8c4d7b2453a02bec56b3a.jpg
000016.jpg,https://i.pinimg.com/originals/76/5b/af/765baf1d5f129d26d633ab5f0793b461.jpg
000017.jpg,https://www.purina.com.au/-/media/Project/Purina/Main/Breeds/Dog/Mobile/Dog_Leonberger_Mobile.jpg?h=300&la=en&w=375&hash=9152CCBC4CEB7A14D21DED3C7D850595
000018.jpg,https://ichef.bbci.co.uk/news/660/cpsprodpb/16B3B/production/_86578929_hagrid1.jpg
000019.jpg,https://static1.viovet.co.uk/breeds/s0b192-breeds-c275x500.jpeg
000020.jpg,https://cdn2-www.dogtime.com/assets/uploads/2011/01/file_23272_leonberger-dog-breed.jpg
000021.jpg,https://www.aussieprices.com.au/wp-content/uploads/2017/08/Leonberger-Prices-in-Australia.jpg
000022.jpg,https://www.thekennelclub.org.uk/media/1160424/leonberger-photo-by-diane-pearce-the-kennel-club.jpg
000023.jpg,https://www.leonbergerclubofamerica.com/wp-content/uploads/2019/05/2020-300x227.jpg
000024.jpg,https://images2.minutemediacdn.com/image/upload/c_fill,g_auto,h_1248,w_2220/f_auto,q_auto,w_1100/v1555345659/shape/mentalfloss/istock_000027869640_small.jpg
000025.jpg,https://i.ytimg.com/vi/k11KWIEZ8RY/maxresdefault.jpg
000026.jpg,https://www.feedfond.com/wp-content/uploads/2017/09/9-Reasons-why-Leonbergers-are-the-coolest-dog-ever-1-10-768x384.png
000027.jpg,https://d17fnq9dkz9hgj.cloudfront.net/breed-uploads/2018/08/leonberger-detail.jpg?bust=1535566066&width=355
000028.jpg,http://cdn.akc.org/content/article-body-image/14642211_10154007957716446_7895032559699428912_n.jpg
000029.jpg,https://www.hillspet.com/content/dam/cp-sites/hills/hills-pet/en_us/img/breeds/woman-walking-leonberger-by-water.jpg
000030.jpg,https://d25ynr0tqe9wpe.cloudfront.net/uploads/977681cf089bef3caa5a08716b5a8dac.jpg
000031.jpg,https://www.certapet.com/wp-content/uploads/2018/07/The-Mighty-Leonberger-1-Guide-to-This-Lion-Dog-Breed.jpg
000032.jpg,https://d25ynr0tqe9wpe.cloudfront.net/uploads/d100dfcad237911179a7c705f66cc8d0.jpg
000033.jpg,https://i.pinimg.com/originals/c6/cc/5c/c6cc5c2e3d36b9f1f5d67ad80a658863.jpg
000034.jpg,https://www.omlet.co.uk/images/originals/leonberger-dogs-ragnar--freya-waiting-to-go-out-for-a-walk-7f665796_8f54d7a6.jpg
000035.jpg,http://cdn.akc.org/Leonberger_With_Kitten_hero.jpg
000036.jpg,https://phz8.petinsurance.com/-/media/all-phz-images/2016-images-850/leonberger850.jpg
000037.jpg,https://i2.wp.com/www.border-wars.com/wp-content/uploads/2012/01/leonberger.jpg
000038.jpg,http://www.stonycreekleonbergers.com/uploads/1/1/7/7/117767739/morpheus-2015-5-3_orig.jpg
000039.jpg,https://d25ynr0tqe9wpe.cloudfront.net/uploads/f6f2e12f55935c4d1d1f5e5d4d727b76.jpg
000040.jpg,https://www.nbcsports.com/sites/nbcsports.com/files/2016/11/28/nbc_nds_worleonberger_161121.jpg
000041.jpg,https://dogsnet.com/wp-content/uploads/2018/10/leonberger-german-shepherd-mix-long.jpg
000042.jpg,https://media.gettyimages.com/photos/little-girl-hiding-behind-a-6-month-old-leonberger-puppy-picture-id157379239
000043.jpg,https://www.pets4homes.co.uk/images/articles/4985/large/intussusception-in-the-leonberger-dog-breed-5ba4dba9becd3.jpg
000044.jpg,http://www.leonbergerclubofamerica.com/wp-content/uploads/2017/03/kellnor1.jpg
000045.jpg,https://www.ncnews.co.nz/wp-content/uploads/2017/03/Hur740chaia.jpg
000046.jpg,https://i.ytimg.com/vi/x1ncXDfDxZo/maxresdefault.jpg
000047.jpg,https://d25ynr0tqe9wpe.cloudfront.net/uploads/0f7c57db5e1a8942aae0b85c4f292edd.jpg
000048.jpg,https://dogsnet.com/wp-content/uploads/2018/10/leonberger-golden-retriever-mix-AO-long.jpg
000049.jpg,https://doglime.com/wp-content/uploads/2019/03/Leonbergerdog_information.jpg
000050.jpg,https://usercontent2.hubstatic.com/12063755_f520.jpg
