image,source
000001.jpg,https://cdn3-www.dogtime.com/assets/uploads/gallery/lhasa-apso-dog-breed-pictures/10-fullbody.jpg
000002.jpg,https://cdn1-www.dogtime.com/assets/uploads/2011/01/file_23154_lhasa-apso-460x290.jpg
000003.jpg,https://www.pets4homes.co.uk/images/breeds/91/538d4a66ea3973921229923c6d31d412.jpg
000004.jpg,https://d17fnq9dkz9hgj.cloudfront.net/breed-uploads/2018/08/lhasa-apso-card-small.jpg?bust=1535568438
000005.jpg,https://vetstreet.brightspotcdn.com/dims4/default/fc1653a/2147483647/thumbnail/645x380/quality/90/?url=https%3A%2F%2Fvetstreet-brightspot.s3.amazonaws.com%2F3a%2F601510a38811e087a80050568d634f%2Ffile%2Flhasa-apso-1-645mk062411.jpg
000006.jpg,https://s3.amazonaws.com/cdn-origin-etr.akc.org/wp-content/uploads/2017/11/12231104/Lhasa-Apso-On-White-01.jpg
000007.jpg,https://media.istockphoto.com/photos/lhasa-apso-dog-8-months-old-lying-against-white-background-picture-id959889944?k=6&m=959889944&s=170667a&w=0&h=YeRbezpaUis5DNVjcb6yGRxngcOzsViDe2sXcblKhLY=
000008.jpg,http://www.petstorenepal.com/image/cache/catalog/dog/puppiesforsale/2014-02-bigstock-lhasa-apso-puppy-3604621-3E54BB79-600x450-XL-900x1050.jpg
000009.jpg,https://s3.amazonaws.com/cdn-origin-etr.akc.org/wp-content/uploads/2017/11/09130555/Lhasa-Apso.jpg
000010.jpg,https://thehappypuppysite.com/wp-content/uploads/2018/07/lhasa-apso-SC-long.jpg
000011.jpg,https://www.petguide.com/wp-content/uploads/2013/02/lhasa-apso1.jpg
000012.jpg,https://d17fnq9dkz9hgj.cloudfront.net/breed-uploads/2018/08/lhasa-apso-detail.jpg?bust=1535566077&width=355
000013.jpg,https://www.dogbreedinfo.com/images32/LhasaApsoPurebredRescueDogAndy1.jpg
000014.jpg,https://www.bravotv.com/sites/bravo/files/styles/blog-post-embedded--mobile/public/field_blog_image/2018/03/unleashed-lhasa-apso.jpg?itok=zWyEPQGg
000015.jpg,https://s3.amazonaws.com/cdn-origin-etr.akc.org/wp-content/uploads/2017/11/12231057/Lhasa-Apso-On-White-03-400x267.jpg
000016.jpg,https://www.argospetinsurance.co.uk/assets/uploads/2015/08/4638461_S1.jpg
000017.jpg,https://www.myfamily.it/content/images/thumbs/0026897_lhasa-apso-dog-tag.jpeg
000018.jpg,https://thumbs.dreamstime.com/z/lhasa-apso-white-background-dog-portrait-58528169.jpg
000019.jpg,https://images-na.ssl-images-amazon.com/images/I/516aGpnqoRL._SX258_BO1,204,203,200_.jpg
000020.jpg,https://s3.amazonaws.com/static-factory.gocase.com.br/mockups/image/3/iphone6/product_standard-iphone6-lhasaapso-en.jpg
000021.jpg,https://i3.cpcache.com/merchandise/124_300x300_Front_Color-NA.jpg?Size=NA&AttributeValue=NA&region={%22name%22:%22FrontCenter%22,%22width%22:3.25,%22height%22:3.25,%22alignment%22:%22MiddleCenter%22,%22orientation%22:0,%22dpi%22:200,%22crop_x%22:0,%22crop_y%22:0,%22crop_h%22:600,%22crop_w%22:600,%22scale%22:0,%22template%22:{%22id%22:90134710,%22params%22:{}}}
000022.jpg,https://www.dogtemperament.com/wp-content/uploads/2018/12/Lhasa-Apso8-in-chair-min.jpg
000023.jpg,https://gfp-2a3tnpzj.stackpathdns.com/wp-content/uploads/2016/07/Lhasa-Apso-1600x700.jpg
000024.jpg,https://www.dogbreedslist.info/uploads/allimg/dog-pictures/Lhasa-Apso-2.jpg
000025.jpg,https://cdn.omlet.co.uk/images/cache/1024/682/Dog-Lhasa_Apso-A_beautiful_adult_Lhasa_Apso_with_a_long,_well_groomed_coat.jpg
000026.jpg,https://animals.net/wp-content/uploads/2018/09/Lhasa-Apso-1-650x425.jpg
000027.jpg,https://images-na.ssl-images-amazon.com/images/I/519cotWoFcL._SX425_.jpg
000028.jpg,https://previews.123rf.com/images/isselee/isselee1810/isselee181000736/110571947-lhasa-apso-dog-8-months-old-sitting-in-front-of-white-background.jpg
000029.jpg,https://cdn5.vectorstock.com/i/1000x1000/74/39/lhasa-apso-02-vector-4687439.jpg
000030.jpg,https://images.freeart.com/comp/art-print/fa3225829/lhasa-apso.jpg
000031.jpg,https://www.petbarn.com.au/petspot/app/uploads/2014/07/77.-Lhasa-Apso.jpg
000032.jpg,https://4.imimg.com/data4/BM/DG/IMOB-48632014/img-20180802-wa0003-jpg-500x500.jpg
000033.jpg,https://images-na.ssl-images-amazon.com/images/I/51JCqOC46fL._SX331_BO1,204,203,200_.jpg
000034.jpg,https://img.pixers.pics/pho_wat(s3:700/FO/20/30/15/62/700_FO20301562_1a6874aeadb9012d463cccf85aa6d6ef.jpg,700,664,cms:2018/10/5bd1b6b8d04b8_220x50-watermark.png,over,480,614,jpg)/wall-murals-lhasa-apso-1-year-old-standing-in-front-of-white-background.jpg.jpg
000035.jpg,https://d32l83enj9u8rg.cloudfront.net/wp-content/uploads/lhasaaspo-1.jpg
000036.jpg,https://breedguide.trupanion.com/images/breed/dog/Lhasa-Apso.jpg
000037.jpg,https://dogsnet.com/wp-content/uploads/2018/09/lhasa-apso-vs-shih-tzu-KH-long.jpg
000038.jpg,https://i.pinimg.com/originals/3a/5a/c4/3a5ac43799df2443cd679ab968cdaa29.jpg
000039.jpg,https://previews.123rf.com/images/ruthblack/ruthblack0809/ruthblack080900006/3546476-lhasa-apso-puppy.jpg
000040.jpg,http://www.petstorenepal.com/image/cache/catalog/dog/puppiesforsale/Lhasa-Apso-Dogs-and-Puppies-01-900x1050.jpg
000041.jpg,https://img.pixers.pics/pho_wat(s3:700/FO/12/53/26/73/700_FO12532673_144a03ab9ccf926702c6ea1049cd009e.jpg,500,700,cms:2018/10/5bd1b6b8d04b8_220x50-watermark.png,over,280,650,jpg)/wall-murals-lhasa-apso-puppy.jpg.jpg
000042.jpg,https://i5.walmartimages.com/asr/a55321c0-c09e-4a00-8d48-196d9bc1106d_1.bb928dc6776bc25bac07b8f7af0c66f5.jpeg
000043.jpg,https://secure.img1-fg.wfcdn.com/im/98932275/resize-h800-w800%5Ecompr-r85/4068/40685234/%2527Portrait+of+a+Lhasa+Apso%2527+Graphic+Art+Print+on+Wrapped+Canvas.jpg
000044.jpg,https://cdn8.dissolve.com/p/D869_64_212/D869_64_212_1200.jpg
000045.jpg,https://thehappypuppysite.com/wp-content/uploads/2019/01/lhasa-apso-mixes-long.jpg
000046.jpg,https://www.petful.com/wp-content/uploads/2016/05/Lhasa-Apso-big-750x450.jpg
000047.jpg,https://cdn.omlet.co.uk/images/cache/668/768/Dog-Lhasa_Apso-A_lovely_little_Lhasa_Apso_with_a_short_puppy_cut_and_floppy_ears.jpg
000048.jpg,https://www.calendarclub.co.uk/-/media/productimages/24/10/241038_main.jpg
000049.jpg,https://lhasaapsoowner.com/wp-content/uploads/2019/01/44.jpg
000050.jpg,https://vetstreet-brightspot.s3.amazonaws.com/11/225fa0a38811e087a80050568d634f/file/Lhasa-Apso-2-645mk062111.jpg
