image,source
000001.jpg,https://i.pinimg.com/236x/2f/8f/72/2f8f725bd2f4025126ea2ddc4c6742c4--lithuania-th-century.jpg
000002.jpg,http://www.dogzone.com/images/breeds/lithuanian-hound.jpg
000003.jpg,https://i.redd.it/6efl76c92em01.jpg
000004.jpg,https://www.dogbreedinfo.com/images7/Lithuanian_Hound_1.jpg
000005.jpg,http://www.europetnet.com/images/dogbreeds/lithuanianhound.jpg
000006.jpg,https://www.lb.lt/uploads/gallery/images/595x396_far/f_3ee5b219ff095232972333012c069007_17180_355277ea95a094094e1c04cbf1dfa176.jpg
000007.jpg,https://i.pinimg.com/236x/06/05/f1/0605f1708feaf190efc16d7c37ed2963--hound-dog-animal-pics.jpg
000008.jpg,https://i.pinimg.com/736x/8f/ea/38/8fea3838148e27993b152150261030a0--black-coats-hunting-dogs.jpg
000009.jpg,https://i.ytimg.com/vi/s9Dx0fo9sOY/maxresdefault.jpg
000010.jpg,https://st3.depositphotos.com/1000129/17775/i/1600/depositphotos_177751378-stock-photo-lithuanian-hound-dog.jpg
000011.jpg,https://www.petpaw.com.au/wp-content/uploads/2015/04/Lithuanian-Hound-is-cute-copy.jpg
000012.jpg,https://thumbs.dreamstime.com/z/lithuanian-hound-dog-sitting-autumn-leaves-lithuanian-hound-dog-sitting-autumn-leaves-background-102952934.jpg
000013.jpg,https://thumbs.dreamstime.com/z/lithuanian-hound-dog-portrait-lithuanian-hound-rural-baskgraund-108885710.jpg
000014.jpg,https://c8.alamy.com/comp/ENN5YA/lithuanian-houndscent-hounds-ENN5YA.jpg
000015.jpg,https://alchetron.com/cdn/lithuanian-hound-cc4ebfc4-d264-4803-902e-871d96205a0-resize-750.jpeg
000016.jpg,https://i.ytimg.com/vi/c5bjQvFa5gA/maxresdefault.jpg
000017.jpg,https://images.puppyfinder.com/Breed/e/d/3/ed3862e918f36f76_612_image1.jpg
000018.jpg,http://www.dogsfiles.com/mkportal/modules/dogsbase/albums/172/17555/foto12169.jpg
000019.jpg,https://thumbs.dreamstime.com/z/lithuanian-hound-dogs-playing-grass-102952876.jpg
000020.jpg,https://pics.uniteddogs.com/animal_pics/thumb/340000/339121.jpg
000021.jpg,http://cdn.greatdogsite.com/watermark/Lithuanian%20Hound-2%20months-Black%20with%20dapples-1200319342.jpg
000022.jpg,https://i.ytimg.com/vi/AIsUMYBz7wc/sddefault.jpg#404_is_fine
000023.jpg,https://www.clarksonvillagevet.com/wp-content/uploads/sites/58/2018/10/transylvanian-hound.jpg
000024.jpg,http://dogbreedstandards.com/wp-content/uploads/2013/04/Lithuanian-Hound.jpg
000025.jpg,https://thumbs.dreamstime.com/z/lithuanian-hound-dogs-playing-grass-lithuanian-hound-dogs-playing-grass-102953164.jpg
000026.jpg,https://www.doglib.com/wp-content/uploads/sites/2/li/lithuanian-finnish-hound-breed.jpg
000027.jpg,https://i.pinimg.com/236x/2b/85/34/2b85343ecccc1791c438baef0bf8fa12--hard-to-pet-dogs.jpg
000028.jpg,http://www.dogwallpapers.net/wallpapers/nice-lithuanian-hound-wallpaper.jpg
000029.jpg,https://www.lb.lt/uploads/gallery/images/595x396_far/f_3ee5b219ff095232972333012c069007_17184_6a4753f6d6626ec4ba5a7c9d6e46287e.jpg
000030.jpg,https://i.ytimg.com/vi/ZTeQ7_ml5xQ/hqdefault.jpg
000031.jpg,http://www.just2euro.lt/wp-content/uploads/2017/09/1.5-euro-moneta-zemaitukui-ir-skalikui-korteleje.jpg
000032.jpg,https://s3.amazonaws.com/filestore.rescuegroups.org/3699/pictures/animals/11576/11576277/46497264_500x334.jpg
000033.jpg,http://balticzoo.lv/uploads/Latvijas-dzinejsuns-1-2.jpg
000034.jpg,https://www.doglib.com/wp-content/uploads/sites/2/li/lithuanian-hungarian-hound-transylvanian-scenthound-dog-standard-breed.jpg
000035.jpg,https://pics.awwmemes.com/dogs-of-the-dog-native-to-lithuania-lithuanian-hound-the-35310704.png
000036.jpg,https://i.pinimg.com/236x/4d/f5/13/4df513f4c5f1848aad2f3c71b9a21b71---year-olds-year-.jpg
000037.jpg,https://i.ytimg.com/vi/uzkv0fVKdUs/maxresdefault.jpg
000038.jpg,http://agaunews.com/wp-content/uploads/2017/07/2017-LIT-Lithuanian-Hound-Horses-FEAT.jpg
000039.jpg,https://images-wixmp-ed30a86b8c4ca887773594c2.wixmp.com/f/79bfe097-174b-44cc-9be5-db194ecb01cf/d4ezd45-0e2f587a-3a19-430a-b2d2-bfbb063bc18f.png?token=eyJ0eXAiOiJKV1QiLCJhbGciOiJIUzI1NiJ9.eyJzdWIiOiJ1cm46YXBwOjdlMGQxODg5ODIyNjQzNzNhNWYwZDQxNWVhMGQyNmUwIiwiaXNzIjoidXJuOmFwcDo3ZTBkMTg4OTgyMjY0MzczYTVmMGQ0MTVlYTBkMjZlMCIsIm9iaiI6W1t7InBhdGgiOiJcL2ZcLzc5YmZlMDk3LTE3NGItNDRjYy05YmU1LWRiMTk0ZWNiMDFjZlwvZDRlemQ0NS0wZTJmNTg3YS0zYTE5LTQzMGEtYjJkMi1iZmJiMDYzYmMxOGYucG5nIn1dXSwiYXVkIjpbInVybjpzZXJ2aWNlOmZpbGUuZG93bmxvYWQiXX0.Cr-15qrZ9BwaQADXIm8g8pXjSHkDAsDrqcTuznJe38o
000040.jpg,https://thumbs.dreamstime.com/z/lithuanian-hound-dogs-playing-grass-102953038.jpg
000041.jpg,http://www.dogzone.com/images/breeds/transylvanian-hound.jpg
000042.jpg,https://c8.alamy.com/comp/XBCYEF/jura-or-bruno-hound-a-switzerland-breed-XBCYEF.jpg
000043.jpg,http://dogbreedstandards.com/wp-content/uploads/2013/04/Hungarian-Hound.jpg
000044.jpg,https://pics.me.me/thumb_meet-josh-the-hunting-dog-that-quivers-in-fear-of-39491833.png
000045.jpg,https://m.smedata.sk/api-media/media/image/spectator/2/13/13732/13732_1200x.jpeg?rev=3
000046.jpg,https://brit-petfood.com/file/nodes/product/slovenskykopov.jpg/294x294/FIT
000047.jpg,https://i0.wp.com/www.travel-slovenia.si/wp-content/uploads/2014/08/travel-slovenia-mountain-hound.jpg?resize=300%2C248&ssl=1
000048.jpg,https://d17fnq9dkz9hgj.cloudfront.net/breed-uploads/2018/08/bluetick-coonhound-detail.jpg?bust=1535565279&width=355
000049.jpg,https://cdn.images.express.co.uk/img/dynamic/128/590x/secondary/1769070.jpg?r=1551896919086
000050.jpg,https://www.purina.com.au/-/media/Project/Purina/Main/Breeds/Dog/Mobile/Dog_Manchester-Terrier_Mobile.jpg?h=300&la=en&w=375&hash=FFA364C1BB4146960F23159B4774507B
