image,source
000001.jpg,https://i.pinimg.com/originals/95/a7/d2/95a7d29321d1ac103e4e6c4ae8cb74b2.jpg
000002.jpg,https://s3.amazonaws.com/cdn-origin-etr.akc.org/wp-content/uploads/2017/11/14120959/AdobeStock_51048478.jpg
000003.jpg,https://s3.amazonaws.com/cdn-origin-etr.akc.org/wp-content/uploads/2017/11/12211404/Catahoula-Leopard-Dog-on-White-02.jpg
000004.jpg,https://i.pinimg.com/originals/38/cd/c0/38cdc06566dc1f84c8c40d9afb619ccc.jpg
000005.jpg,https://vetstreet-brightspot.s3.amazonaws.com/05/7297c0a8c311e0a0d50050568d634f/file/catahoula-2-645mk070111.jpg
000006.jpg,https://upload.wikimedia.org/wikipedia/commons/4/49/CatahoulaCurBlueMerle.jpg
000007.jpg,https://cdn0.wideopenpets.com/wp-content/uploads/2016/01/catahoula.jpg
000008.jpg,https://media.istockphoto.com/photos/young-louisiana-catahoula-leopard-dog-staying-on-asphalt-at-autumn-picture-id627454680
000009.jpg,https://live.staticflickr.com/8042/8071062470_eff2ccea6b_b.jpg
000010.jpg,https://vetstreet-brightspot.s3.amazonaws.com/1c/d44f80a8c311e0a0d50050568d634f/file/catahoula-3-645mk070111.jpg
000011.jpg,https://cdn0.wideopenpets.com/wp-content/uploads/2016/01/bigstock-Typical-Louisiana-Catahoula-Do-54935585.jpg
000012.jpg,https://www.dogbreedslist.info/uploads/allimg/dog-pictures/Catahoula-Leopard-Dog-2.jpg
000013.jpg,https://i0.wp.com/animalsbreeds.com/wp-content/uploads/2015/01/Catahoula-Leopard-Dog-14.jpg
000014.jpg,http://thezoozoom.com/wp-content/uploads/2015/11/Louisiana-Catahoula-Leopard-Dog-e1448351631569.jpg
000015.jpg,https://www.101dogbreeds.com/wp-content/uploads/2014/11/Louisiana-Catahoula-Leopard-Dog-Pictures.jpg
000016.jpg,https://pm1.narvii.com/5797/351b046c0833fdb1fefdb0cb6721f06598fc39ae_hq.jpg
000017.jpg,https://media.gettyimages.com/photos/louisiana-catahoula-leopard-dog-picture-id642354565?s=612x612
000018.jpg,https://cdn1-www.dogtime.com/assets/uploads/2011/01/file_23278_catahoula-leopard-dog-460x290.jpg
000019.jpg,https://media.gettyimages.com/photos/louisiana-catahoula-leopard-dog-picture-id640891249?s=612x612
000020.jpg,https://images.wagwalkingweb.com/media/breed/catahoula-leopard-dog/appearance/catahoula-leopard-dog.png
000021.jpg,https://images.ctfassets.net/uto9522qu1os/photo-101330/6d5889cd1435ed37885429d56884557f/101330-catahoula-leopard-dog-look.jpg
000022.jpg,https://www.worldatlas.com/r/w728-h425-c728x425/upload/86/c8/66/louisiana-catahoula-state-dog-breed.jpg
000023.jpg,http://www.notinthedoghouse.com/wp-content/uploads/2013/09/Louisiana-Catahoula-Leopard-Dog_52469f7ca1527.jpg
000024.jpg,https://vetstreet-brightspot.s3.amazonaws.com/2e/ef7910a8c311e0a0d50050568d634f/file/catahoula-4-645mk070111.jpg
000025.jpg,http://www.catahoula-leopard-dog.de/wp-content/uploads/2018/01/11059548_1003800846326215_5487747158365504689_n.jpg
000026.jpg,https://cdn1-www.dogtime.com/assets/uploads/gallery/catahoula-leopard-dog-breed-pictures/side-7_1.jpg
000027.jpg,https://www.dogbreedinfo.com/images24/LouisianaCatahoulaLeopardDogBushPurebredDogs.jpg
000028.jpg,https://3milliondogs.com/blog-assets-two/2015/03/all-about-the-catahoula-leopard-dog-breed-535ba87f580ef.jpg
000029.jpg,https://3d4igz27oxtl2iwox73y9smh-wpengine.netdna-ssl.com/wp-content/uploads/2018/03/shutterstock_1047590233-300x218.jpg
000030.jpg,http://pets-place.net/Breeds/C/CatahoulaLeopardDogImage3.jpg
000031.jpg,http://4.bp.blogspot.com/_2V0y62kSFu4/TG_SnMPWCbI/AAAAAAAAA04/790g_oecRnQ/s1600/catahoula.jpg
000032.jpg,https://img.dog-learn.com/dog-breeds/catahoula-leopard-dog/catahoula-leopard-puppy-i6-sz3.jpg
000033.jpg,https://www.101dogbreeds.com/wp-content/uploads/2014/11/Louisiana-Catahoula-Leopard-Dog-Eyes.jpg
000034.jpg,https://images-na.ssl-images-amazon.com/images/I/81siIf2VVtL.jpg
000035.jpg,https://animalsbreeds.com/wp-content/uploads/2015/01/Catahoula-Leopard-Dog.jpg
000036.jpg,https://c8.alamy.com/comp/XAX5BJ/louisiana-catahoula-leopard-dog-puppy-standing-on-a-tree-trunk-germany-XAX5BJ.jpg
000037.jpg,https://www.petmd.com/sites/default/files/breedopedia/catahoula_leopard.jpg
000038.jpg,https://c8.alamy.com/comp/X0BA5H/louisiana-catahoula-leopard-dog-X0BA5H.jpg
000039.jpg,https://upload.wikimedia.org/wikipedia/commons/d/d1/Louisiana_Catahoula_Leopard_Dog_-_Red_Leopard.jpg
000040.jpg,https://leopard.dog/wp-content/uploads/2016/12/DSC_2261.jpg
000041.jpg,https://i.ytimg.com/vi/qb5D4qsvAbM/hqdefault.jpg
000042.jpg,https://www.selectadogbreed.com/media/1675/louisianacatahoulaleoparddog_adult.jpg
000043.jpg,https://www.ukcdogs.com/images/breeds/louisiana-catahoula-leopard-dog.jpg
000044.jpg,http://www.notinthedoghouse.com/wp-content/uploads/2013/09/Louisiana-Catahoula-Leopard-Dog_52469f7c430a6.jpg
000045.jpg,http://www.ereferencedesk.com/resources/state-mammal/images/la-catahoula-leopard-dog2.jpg
000046.jpg,https://vignette.wikia.nocookie.net/thecompletedog/images/c/ce/Cld.jpg/revision/latest/scale-to-width-down/350?cb=20140318175232
000047.jpg,http://media.gettyimages.com/photos/the-portrait-of-louisiana-catahoula-leopard-dog-at-autumn-background-picture-id621482340?s=170667a&w=1007
000048.jpg,http://www.easypetmd.com/sites/default/files/Louisiana%20Catahoula%20Leopard%20Dog%20(5).JPG
000049.jpg,https://www.dogbreedinfo.com/images31/LouisianaCatahoulaLeopardBoxerDogMix%20BreedDogBrownie8MonthsOld.jpg
000050.jpg,https://images-cdn.9gag.com/photo/adLbR19_460s.jpg
