image,source
000001.jpg,http://cdn.tipresentoilcane.com/wp-content/uploads/2011/08/06072037/lupo_italiano.jpg
000002.jpg,https://upload.wikimedia.org/wikipedia/commons/5/5f/LupoItaliano.jpg
000003.jpg,https://i.pinimg.com/originals/70/e8/d6/70e8d6c65f1b758ffb7f22217a2b7990.jpg
000004.jpg,https://www.101dogbreeds.com/wp-content/uploads/2017/09/Lupo-Italiano-Images.jpg
000005.jpg,https://i.pinimg.com/originals/f9/20/0c/f9200c5bf59feed671dc845b3eeb54a9.jpg
000006.jpg,https://live.staticflickr.com/113/286706221_11b4f4f224_z.jpg
000007.jpg,https://www.101dogbreeds.com/wp-content/uploads/2017/09/Lupo-Italiano-Pictures.jpg
000008.jpg,https://www.101dogbreeds.com/wp-content/uploads/2017/09/Images-of-Lupo-Italiano.jpg
000009.jpg,http://eng.agraria.org/dog/lupoitaliano1.JPG
000010.jpg,https://www.101dogbreeds.com/wp-content/uploads/2017/09/Italian-Wolfdog.jpg
000011.jpg,https://www.101dogbreeds.com/wp-content/uploads/2017/09/Lupo-Italiano-Photos.jpg
000012.jpg,https://img.pixers.pics/pho_wat(s3:700/FO/30/26/26/71/700_FO30262671_562e59c0608cf1c06b466fc234123720.jpg,700,469,cms:2018/10/5bd1b6b8d04b8_220x50-watermark.png,over,480,419,jpg)/stickers-lupo-italiano.jpg.jpg
000013.jpg,http://dogbreeds.bulldoginformation.com/lupo-italiano-2.jpg
000014.jpg,https://ar.allevamentirazze.it/public/immagini/articoli/cb/3dc5b1d6-0e78-46f5-8b54-d416bbd28f64/lupo-italiano-gioca-muso-Bn4pb1.jpg
000015.jpg,https://i.pinimg.com/originals/08/b8/c1/08b8c18163977941ca7f17a49430b530.jpg
000016.jpg,http://www.dogbreedsnow.com/dogbreed/lupo_italiano/lupo_italiano_2.jpg
000017.jpg,https://i.pinimg.com/originals/4b/94/02/4b94025ca03e0231cfa37f589771b95e.jpg
000018.jpg,https://live.staticflickr.com/4722/40391736982_f0e4b365f9_b.jpg
000019.jpg,http://www.menandpets.com/cani/images/1lupoitalianoscheda4.jpg
000020.jpg,http://www.uniat.it/wp-content/themes/_advanced-newspaper/timthumb.php?src=http://www.uniat.it/wp-content/uploads/2017/05/lupo-italiano.jpg&q=90&w=479&zc=1
000021.jpg,http://www.agraria.org/cani/canedapastoreitaliano.jpg
000022.jpg,https://www.101dogbreeds.com/wp-content/uploads/2017/09/Lupo-Italiano-Puppies.jpg
000023.jpg,https://www.dogalize.com/wp-content/uploads/2017/01/dog-1527299_1920.jpg
000024.jpg,https://alchetron.com/cdn/lupo-italiano-b906877a-58bf-4e3a-8aae-6ae2ea597d9-resize-750.jpeg
000025.jpg,http://www.internationalwebpost.org/set/files/fotogallery/cms_4979/6.gif
000026.jpg,https://st3.depositphotos.com/11531248/18304/i/1600/depositphotos_183046128-stock-photo-portrait-of-italian-wolf-dog.jpg
000027.jpg,http://italianowithjodina.com/wp-content/uploads/2009/11/lupo-e-peccora.jpg
000028.jpg,https://images.agi.it/pictures/agi/agi/2019/04/30/200357391-11931a70-9d28-4854-9fdd-a84c7bd978da.jpg
000029.jpg,https://miro.medium.com/max/1313/1*Yz9ekYrnd7n_9YtWYSToGA.jpeg
000030.jpg,https://assets.change.org/photos/4/dg/jy/sYDgJYxyEPcYhut-800x450-noPad.jpg?1486044040
000031.jpg,https://live.staticflickr.com/1938/30345858497_f25f5a491f_b.jpg
000032.jpg,https://s3.amazonaws.com/media.jungledragon.com/images/330/24082_medium.JPG?AWSAccessKeyId=05GMT0V3GWVNE7GGM1R2&Expires=1564012810&Signature=Wt%2Fy5jp2zNH4dvrVPNFajGu%2FgiQ%3D
000033.jpg,https://i.ytimg.com/vi/zPtRRdceToI/hqdefault.jpg
000034.jpg,https://st.depositphotos.com/1038377/4803/i/950/depositphotos_48031201-stock-photo-lupo-italiano-shaking-off-water.jpg
000035.jpg,https://live.staticflickr.com/4657/40391809122_a6354d3c19_b.jpg
000036.jpg,https://i.pinimg.com/originals/e4/28/06/e42806f8870a9fa2cf5309374cd3ab55.jpg
000037.jpg,https://www.101dogbreeds.com/wp-content/uploads/2017/09/Pictures-of-Lupo-Italiano.jpg
000038.jpg,https://guidominciotti.blog.ilsole24ore.com/wp-content/uploads/sites/98/2017/01/lupo_no.jpg
000039.jpg,http://cdn.tipresentoilcane.com/wp-content/uploads/2011/08/06072039/messi.jpg
000040.jpg,https://live.staticflickr.com/4222/34163727274_79f366fbf6_b.jpg
000041.jpg,http://www.internationalwebpost.org/set/files/fotogallery/cms_4979/4.jpg
000042.jpg,https://clc-italia.it/img/01cani.jpg
000043.jpg,https://media-cdn.tripadvisor.com/media/photo-s/14/b9/bb/bf/lupo-italiano.jpg
000044.jpg,https://thewolfintelligencerdotcom.files.wordpress.com/2019/01/094315431-e4e4f380-ec67-4dc5-8658-e1fae4edf81e.jpg?w=347
000045.jpg,https://as2.ftcdn.net/jpg/02/03/76/47/500_F_203764795_VvXg07wUzTzkS76dxP1dvITP74ugRmnn.jpg
000046.jpg,https://www.siua.it/notizie/wp-content/uploads/sites/10/2017/01/lupo_italiano_sito_ok.jpeg
000047.jpg,https://st.depositphotos.com/1038377/4803/i/950/depositphotos_48031757-stock-photo-lupo-italiano-portrait.jpg
000048.jpg,http://www.comitatoparchi.it/wp-content/uploads/gruppo-lupo-224x300.jpg
000049.jpg,https://www.faidateingiardino.com/wp-content/uploads/2018/03/lupo-grigio.jpg
000050.jpg,https://www.ilmessaggero.it/photos/MED/87/30/4148730_1803_lupo_di_remo_sabatini.jpg
