image,source
000001.jpg,https://cdn3-www.dogtime.com/assets/uploads/2011/01/file_23156_lowchen-460x290.jpg
000002.jpg,https://i0.wp.com/www.thelowchenclubofamerica.org/wp/wp-content/uploads/2015/06/Tenor-Edit.jpg
000003.jpg,https://www.pets4homes.co.uk/images/articles/2600/large/lowchen-dog-hereditary-health-and-genetic-diversity-5bb6080342b8a.jpg
000004.jpg,https://upload.wikimedia.org/wikipedia/commons/5/5c/Lowchen.jpg
000005.jpg,https://s3.amazonaws.com/cdn-origin-etr.akc.org/wp-content/uploads/2017/11/12213956/Lowchen-On-White-01.jpg
000006.jpg,https://www.petguide.com/wp-content/uploads/2013/04/lowchen.jpg
000007.jpg,http://www.pethealthnetwork.com/sites/default/files/content/images/the-lowchen.jpg
000008.jpg,https://s3.amazonaws.com/cdn-origin-etr.akc.org/wp-content/uploads/2017/11/12213953/Lowchen-On-White-02.jpg
000009.jpg,https://www.yourpurebredpuppy.com/dogbreeds/photos-IJKL/lowchenf1.jpg
000010.jpg,https://i.pinimg.com/originals/b7/22/15/b72215c9ce217f372882dd42825e43a5.jpg
000011.jpg,https://www.dogbreedplus.com/dog_breeds/images/Lowchen.jpg
000012.jpg,https://images-ra.adoptapet.com/seo/1/sc/1187_sc.png
000013.jpg,http://www.dogspotters.com/dog-breed-photos/lowchen_.jpg
000014.jpg,https://images.ctfassets.net/w00x6p5qkejz/3f7e1xHB7WMKswYK0O0e4A/f8330ff7a0f4cbead4fb02a0531e71ec/Lowchen1.png
000015.jpg,https://vetstreet.brightspotcdn.com/dims4/default/00c0edf/2147483647/thumbnail/645x380/quality/90/?url=https%3A%2F%2Fvetstreet-brightspot.s3.amazonaws.com%2F00%2F7cc4b0a7de11e0a0d50050568d634f%2Ffile%2FLowchen-2-645mk062711.jpg
000016.jpg,https://www.dogbreedslist.info/uploads/allimg/dog-pictures/Lowchen-1.jpg
000017.jpg,https://images-ra.adoptapet.com/seo/1/ff/1187_ff.jpg
000018.jpg,http://static.pedigreedatabase.com/dogbreeds/lowchen.jpg
000019.jpg,https://www.animalbehaviorcollege.com/blog/images/lowchen-grooming.jpg
000020.jpg,http://pet-quest.com/wp-content/uploads/2018/02/L%C3%B6wchen-000015.jpg
000021.jpg,http://www.biharlowchen.com/uploads/3/4/4/8/34480223/6733790_orig.jpg
000022.jpg,https://dgicdplf3pvka.cloudfront.net/images/dogbreeds/large/Lowchen.jpg
000023.jpg,http://cdn.akc.org/The_Lowchen_BODY_1.jpg
000024.jpg,https://www.purina.com/sites/g/files/auxxlc196/files/styles/kraken_generic_max_width_240/public/NonSporting_Lowchen.jpg?itok=WOAXRE1n
000025.jpg,https://i1.wp.com/www.mascotarios.org/wp-content/uploads/2011/08/Lowchen.jpg
000026.jpg,http://static.ddmcdn.com/en-us/apl/breedselector/images/breed-selector/dogs/breeds/lowchen_01_lg.jpg
000027.jpg,https://perfectpets.com.au/uploads/files/getfile/type/breed/id/254/file/189367638953493c5c919642.99033149-breed-254.gif
000028.jpg,http://pet-quest.com/wp-content/uploads/2018/02/L%C3%B6wchen-000006.jpg
000029.jpg,https://previews.123rf.com/images/volofin/volofin1712/volofin171200001/92716127-little-lion-dog-full-face-the-l%C3%B6wchen-is-on-the-grass-in-park-.jpg
000030.jpg,https://i.pinimg.com/originals/73/d9/0d/73d90d98e5d53947f1059535feff4375.jpg
000031.jpg,https://www.dogbreedinfo.com/images31/LowchenPurebredDogDavidHancockRareDogBreed.jpg
000032.jpg,https://images.ctfassets.net/w00x6p5qkejz/y9RibSiv2o6oUmAIIaQEK/da5c3e356b73d8336577f683ed8b9230/Lowchen2.png
000033.jpg,http://www.dogwallpapers.net/wallpapers/two-cute-l%C3%B6wchen-dogs-photo.jpg
000034.jpg,http://www.potrerolowchen.com/uploads/5/5/3/2/5532203/8646075.jpg?411
000035.jpg,http://www.disneylands-loewchen.com/Welpe_1_5.jpg
000036.jpg,https://www.petmd.com/sites/default/files/breedopedia/l%C3%B6wchen.jpg
000037.jpg,https://i.ytimg.com/vi/jXw2iYsA39A/hqdefault.jpg
000038.jpg,https://doglime.com/wp-content/uploads/2019/03/Lowchen..jpg
000039.jpg,https://www.purina.com.au/-/media/Project/Purina/Main/Breeds/Dog/Mobile/Dog_Lowchen_Mobile.jpg?h=300&la=en&w=375&hash=FBF4C7179715BDE64BAAD7C89F89E979
000040.jpg,http://lowchenclubofcanada.com/wp-content/uploads/photo-gallery/imported_from_media_libray//puppy_cut_long_style_fs.jpg
000041.jpg,https://www.europetnet.com/images/dogbreeds/lowchen.jpg
000042.jpg,https://static3.bigstockphoto.com/9/1/2/large1500/219787885.jpg
000043.jpg,https://www.nbcsports.com/sites/nbcsports.com/files/2017/11/23/nds_nonspo_lowchen_171120.jpg
000044.jpg,http://www.allsmalldogbreeds.com/breeds/lowchen.jpg
000045.jpg,https://cdn.pixabay.com/photo/2016/04/15/09/08/dog-1330537_960_720.jpg
000046.jpg,http://www.skk.se//contentassets/f368ea83ca9c436cacb42ab6c354199b/920-lowchen.jpg
000047.jpg,https://dogbreedatlas.com/images/dog-breed-photos/tibetan-terrier/001/tibetan-terrier-1491495130-2.jpg
000048.jpg,https://www.vetarena.org/gallery/image-584.l.jpg
000049.jpg,https://www.dogbreedslist.info/uploads/allimg/dog-pictures/Lowchen-2.jpg
000050.jpg,https://nimages2.champdogs.net/34058/p38405040.jpg
