image,source
000001.jpg,https://sites.google.com/site/annassite2014/_/rsrc/1417207345930/breeds/mackenzie-river-husky/mackenzie.jpg?height=213&width=320
000002.jpg,https://upload.wikimedia.org/wikipedia/commons/d/d8/MackenzieRiverHusky.jpg
000003.jpg,https://i.pinimg.com/originals/c1/44/84/c144844d6b6eda26e81668088651a3b0.jpg
000004.jpg,https://sites.google.com/site/annassite2014/_/rsrc/1417207369120/breeds/mackenzie-river-husky/Mackenzie_River_Husky.jpg?height=240&width=320
000005.jpg,http://4.bp.blogspot.com/-1HMgtq4X6Dk/UYgNvhW27BI/AAAAAAAAAcU/hoQ7g9fsjCU/s1600/adkinson_dogs.jpg
000006.jpg,https://i.pinimg.com/originals/54/3a/dc/543adc7fb9cd81b245c786f3666cdec9.jpg
000007.jpg,https://i1.wp.com/cosmodoggyland.com/wp-content/uploads/2017/05/mackenzie-river-husky-advrider-com-copy.jpg?fit=960%2C540&ssl=1
000008.jpg,http://1.bp.blogspot.com/--gQmhQCrKqs/UYgM3fMiUZI/AAAAAAAAAbg/mTv5A51qY6Y/s1600/kuva1377.jpg
000009.jpg,http://www.angelfire.com/on3/happyhuskies2/images/kelty.jpg
000010.jpg,https://www.worldlydogs.com/uploads/5/2/2/3/52234445/9493512_orig.png
000011.jpg,https://www.worldlydogs.com/uploads/5/2/2/3/52234445/818758_orig.png
000012.jpg,http://www.angelfire.com/on3/happyhuskies2/images/makteam.jpg
000013.jpg,https://selectdogbreeds.com/wp-content/uploads/2018/06/Siberian-Husky-on-White-12-800x600-1.jpg
000014.jpg,https://media.buzzle.com/media/images-en/photos/mammals/dogs/1200-12816195-alaskan-malamute-dog.jpg
000015.jpg,https://photos.travelblog.org/Photos/16346/425944/f/4152071-a-mackenzie-river-husky-0.jpg
000016.jpg,https://www.dogbreedinfo.com/images28/ArticDogsSledDogsSiberianHuskyShane6YearsGirlAlaskanMalamuteMarco18Months.jpg
000017.jpg,http://1.bp.blogspot.com/-jXgOwhLzduk/UYgNq4oubcI/AAAAAAAAAb0/R-GtX2Max24/s1600/The_Mackenzie_River_Husky_is__65.jpg
000018.jpg,https://upload.wikimedia.org/wikipedia/commons/thumb/6/61/Woody_Puppy.jpg/220px-Woody_Puppy.jpg
000019.jpg,https://i.pinimg.com/originals/79/17/4c/79174ce732fc83a80f2b6e3b3fb6cf91.jpg
000020.jpg,https://www.perfectdogbreeds.com/wp-content/uploads/2018/09/Malamute-Vs-Husky.jpg
000021.jpg,http://www.easypetmd.com/sites/default/files/Alaskan%20Husky%20(9).jpg
000022.jpg,https://cdn-www.trails.com/ImageCache/articles/98/9864/husky_dog-167272517.jpg
000023.jpg,https://bigdogbreeds.info/wp-content/uploads/2018/10/Mackenzie-River-Husky-dog.jpg
000024.jpg,http://www.mahoosuc.com/wp-content/uploads/2015/11/Angus-2.jpg
000025.jpg,https://images.unsplash.com/photo-1520848315518-b991dd16a625?ixlib=rb-1.2.1&ixid=eyJhcHBfaWQiOjEyMDd9&w=1000&q=80
000026.jpg,https://images2.minutemediacdn.com/image/upload/c_fill,g_auto,h_1248,w_2220/f_auto,q_auto,w_1100/v1555274406/shape/mentalfloss/istock-146773846.jpg
000027.jpg,http://www.angelfire.com/on3/happyhuskies2/images/kola.jpg
000028.jpg,https://i.pinimg.com/originals/ec/04/3d/ec043d9a6578d8ad72d163b363040e50.jpg
000029.jpg,https://www.huskyrescuenz.com/.cm4all/uproc.php/0/.7%20resize_1.jpg/scale?_=160631cb168
000030.jpg,https://fsmedia.imgix.net/aa/b2/37/54/ff17/4585/962d/c357a9d28d33/ancient-american-dogs-were-similar-to-modern-day-siberian-dogs.png?rect=0%2C76%2C737%2C369&auto=format%2Ccompress&dpr=2&w=650
000031.jpg,https://i.redd.it/j34x75rpu1o01.jpg
000032.jpg,https://cdn-image.travelandleisure.com/sites/default/files/styles/1600x1000/public/1539101335/husky-DOGCAFETHAI1018.jpg?itok=ZAyVnURn
000033.jpg,https://dl5zpyw5k3jeb.cloudfront.net/photos/pets/42749590/5/?bust=1545882167&width=720
000034.jpg,https://photos.donedeal.ie/ddimg/ZTBkN2JlZmEzYWY3ZDIxZTAwNmRiMTE3Yzg1ZmM0MzkctDoKGS8TIS0tmWx5UHovaHR0cDovL3MzLWV1LXdlc3QtMS5hbWF6b25hd3MuY29tL2RvbmVkZWFsLmllLXBob3Rvcy9waG90b18xMjc4MjE4ODJ8fHx8fHw2MDB4NDUwfHx8fHw=.jpeg
000035.jpg,http://static1.squarespace.com/static/5a535a92914e6b0b434727b1/5a536665e4966ba79a312014/5ad4b6448a922d7931c30255/1529736732480/yuki-husky.jpg?format=1500w
000036.jpg,http://underdognz.co.nz/wp-content/uploads/2018/06/Breaker.png
000037.jpg,https://static.workaway.info/gfx/foto/4/8/9/3/3/489332424494/thumb/489332424494_144839518104199.jpg
000038.jpg,http://cdn0.wideopenpets.com/wp-content/uploads/2017/05/AdobeStock_126472771.jpeg
000039.jpg,https://www.rover.com/blog/wp-content/uploads/2017/12/basket-of-husky-puppies-HERO.jpg
000040.jpg,https://www.dogbreedinfo.com/images17/SledDogsPiccolaLASKADreamWinnie2.JPG
000041.jpg,http://underdognz.co.nz/wp-content/uploads/2018/06/Eva.jpeg
000042.jpg,https://epi.azureedge.net/website-images/images/default-album/siberian-husky.jpg?sfvrsn=19bfd37b_2
000043.jpg,https://dl5zpyw5k3jeb.cloudfront.net/photos/pets/45085571/1/?bust=1561762212&width=300
000044.jpg,https://i.ebayimg.com/00/s/ODAwWDYwMA==/z/CgUAAOSwYV5dK1M3/$_35.JPG
000045.jpg,https://cdn.abcotvs.com/dip/images/5331609_060419-kgo-husky-img_Image_18-41-43,00.jpg?w=800&r=16%3A9
000046.jpg,https://www.siberianhuskyrescue.org/wp-content/uploads/husky-chart.jpg
000047.jpg,https://i.ytimg.com/vi/g4UEvq3EDpQ/maxresdefault.jpg
000048.jpg,https://cdn.pixabay.com/photo/2018/05/07/10/48/husky-3380548_960_720.jpg
000049.jpg,https://www.petmd.com/sites/default/files/gotdog.jpg
000050.jpg,https://apollo-singapore.akamaized.net/v1/files/j0jv20ahl8c2-PK/image;s=272x0
