image,source
000001.jpg,https://upload.wikimedia.org/wikipedia/commons/thumb/7/7c/Ca_de_Bestiar.JPG/220px-Ca_de_Bestiar.JPG
000002.jpg,https://i.pinimg.com/236x/0a/db/7b/0adb7b20539fa26182c13aef2e9e7a95--beautiful-dogs-shepherd-dogs.jpg
000003.jpg,https://www.petguide.com/wp-content/uploads/2016/11/majorca-shepherd-dog-2.jpg
000004.jpg,https://www.101dogbreeds.com/wp-content/uploads/2017/08/Majorca-Shepherd-Dog-Images.jpg
000005.jpg,https://www.petguide.com/wp-content/uploads/2016/11/majorca-shepherd-dog.jpg
000006.jpg,https://www.101dogbreeds.com/wp-content/uploads/2017/08/Majorca-Shepherd-Dog-Photos.jpg
000007.jpg,https://www.101dogbreeds.com/wp-content/uploads/2017/08/Ca-de-Bestiar.jpg
000008.jpg,https://i.pinimg.com/originals/cb/32/2d/cb322de5c562859ce291d398f9221165.jpg
000009.jpg,https://brit-petfood.com/file/nodes/product/malorsky%20ovcak.jpg
000010.jpg,http://globaldogbreeds.com/wp-content/uploads/2018/03/Majorca-Shepherd-Dog-Images-248x300.jpg
000011.jpg,https://www.101dogbreeds.com/wp-content/uploads/2017/08/Majorca-Shepherd-Dog-Puppy.jpg
000012.jpg,https://i.pinimg.com/236x/14/6c/9d/146c9d62b3137e828c10a13b51eac14d--majorca-pastor.jpg
000013.jpg,http://globaldogbreeds.com/wp-content/uploads/2018/03/Majorca-Shepherd-Dog-Photos-300x225.jpg
000014.jpg,https://www.101dogbreeds.com/wp-content/uploads/2017/08/Majorca-Shepherd-Dog-Puppies.jpg
000015.jpg,https://mallorcaphotoblog.files.wordpress.com/2008/09/ca_de_bestiar.jpg
000016.jpg,http://www.gopetsamerica.com/breeds/majorca-shepherd-dog.jpg
000017.jpg,http://globaldogbreeds.com/wp-content/uploads/2018/03/Majorca-Shepherd-326x245-1.jpg
000018.jpg,http://www.gopetsamerica.com/dog_breeds/pics/ca_de_bestiar1.jpg
000019.jpg,https://alchetron.com/cdn/majorca-shepherd-dog-bde40085-ed61-44b2-9932-9f396c681dc-resize-750.jpeg
000020.jpg,https://i.pinimg.com/originals/a7/eb/b4/a7ebb4d41636fc5397e1ab807d7f9f28.jpg
000021.jpg,https://t1.ea.ltmcdn.com/en/images/2/3/1/24_majorca_shepherd_dog_3132_23_600.jpg
000022.jpg,https://nationalpurebreddogday.com/wp-content/uploads/2019/06/10891638_387099628123805_1265492795983813604_n.jpg
000023.jpg,https://www.101dogbreeds.com/wp-content/uploads/2017/08/Majorca-Shepherd-Dog.jpg
000024.jpg,https://wds2018.com/wp-content/uploads/2017/05/Perro-de-Pastor-Mallorquin.jpg
000025.jpg,https://thumbs.dreamstime.com/z/majorca-shepherd-dog-perro-de-pastor-mallorqu-n-digital-art-illustration-pet-originated-spain-domestic-animal-mammal-showing-128690166.jpg
000026.jpg,https://c8.alamy.com/comp/PFRHPB/majorca-shepherd-dog-perro-de-pastor-mallorquin-ca-de-bestiar-side-view-PFRHPB.jpg
000027.jpg,https://images.fineartamerica.com/images/artworkimages/mediumlarge/1/majorca-shepherd-dog-in-watercolor-pablo-romero.jpg
000028.jpg,https://dynamic.indigoimages.ca/books/1526921510.jpg?altimages=false&scaleup=true&maxheight=515&width=380&quality=85&sale=0&lang=en
000029.jpg,https://previews.123rf.com/images/omelnickiy/omelnickiy1607/omelnickiy160700019/62062781-the-majorcan-shepherd-dog-on-the-grass-court-in-the-background-of-a-wooden-fence.jpg
000030.jpg,https://st2.depositphotos.com/5018017/11723/i/950/depositphotos_117233766-stock-photo-the-majorcan-shepherd-dog-on.jpg
000031.jpg,https://www.doglib.com/wp-content/uploads/sites/2/ma/majorca-belgian-shepherd-dog-groenendael-breed.jpg
000032.jpg,https://i.ytimg.com/vi/-N5CAkOlX7w/hqdefault.jpg
000033.jpg,http://www.molosserdogs.com/gallery/albums/userpics/cadebestiar.jpg
000034.jpg,https://www.worldlifeexpectancy.com/images/a/d/d/b/croatian_sheepdog/croatian_sheepdog_1.jpg
000035.jpg,https://t3.ftcdn.net/jpg/01/16/27/08/500_F_116270809_D70c1OZV7kMjpxbxNQc4hHoxYza67geB.jpg
000036.jpg,http://i.imgur.com/BsrdgJm.jpg
000037.jpg,https://images-wixmp-ed30a86b8c4ca887773594c2.wixmp.com/f/abb77c2a-1ae5-4624-b220-1da069ba667e/dcsgir7-af6c5bb5-d53b-4acd-be65-a7e6e96280d7.png?token=eyJ0eXAiOiJKV1QiLCJhbGciOiJIUzI1NiJ9.eyJzdWIiOiJ1cm46YXBwOjdlMGQxODg5ODIyNjQzNzNhNWYwZDQxNWVhMGQyNmUwIiwiaXNzIjoidXJuOmFwcDo3ZTBkMTg4OTgyMjY0MzczYTVmMGQ0MTVlYTBkMjZlMCIsIm9iaiI6W1t7InBhdGgiOiJcL2ZcL2FiYjc3YzJhLTFhZTUtNDYyNC1iMjIwLTFkYTA2OWJhNjY3ZVwvZGNzZ2lyNy1hZjZjNWJiNS1kNTNiLTRhY2QtYmU2NS1hN2U2ZTk2MjgwZDcucG5nIn1dXSwiYXVkIjpbInVybjpzZXJ2aWNlOmZpbGUuZG93bmxvYWQiXX0.DM5DYaaIfVO0D2CJC4GOtdHKLs4SUGQRo7Tce4YN4D4
000038.jpg,https://puppyproject.org/wp-content/uploads/2015/04/Majorca-Shepard.jpg
000039.jpg,https://seedogpictures.com/wp-content/uploads/2012/03/Ca_de_Bestiar___Perro_de_Pastor_Mallorquin_895.jpg
000040.jpg,https://images.homedepot-static.com/productImages/5912768e-253d-5d7b-87c5-944b3d60cb76/svn/multi-color-caroline-s-treasures-door-mats-bb8346mat-64_1000.jpg
000041.jpg,https://dogbreedcartoon.com/wp-content/uploads/2016/12/Majorca-Shepherd-Dog-Special.png
000042.jpg,https://static1.bigstockphoto.com/9/3/1/large1500/139243349.jpg
000043.jpg,https://c1.neweggimages.com/NeweggImage/ProductImage/A5XC_1_201707251994621557.jpg
000044.jpg,https://images-na.ssl-images-amazon.com/images/I/41szuxJdefL._SX331_BO1,204,203,200_.jpg
000045.jpg,https://www.defendanimals.com/images_designs/majorca-shepherd-dog-d001014618474.png
000046.jpg,https://www.101dogbreeds.com/wp-content/uploads/2017/08/Majorca-Sheepdog.jpg
000047.jpg,https://images.homedepot-static.com/productImages/6bd60fe2-5272-54fc-928e-fe77fe58d636/svn/multi-color-caroline-s-treasures-christmas-rugs-doormats-bb8508mat-64_1000.jpg
000048.jpg,https://www.worldlifeexpectancy.com/images/a/d/d/b/white_shepherd/white_shepherd_1.jpg
000049.jpg,https://as1.ftcdn.net/jpg/02/37/16/06/500_F_237160689_QfNf1NH6yk6uPybvYF2oMTBNpPCgpca6.jpg
000050.jpg,http://petshoptop.com/media/42/99/8c/42998cf32d552343bc8e460416382dca/56541b1fdc149.jpg
