image,source
000001.jpg,http://www.dogzone.com/images/breeds/majorca-ratter.jpg
000002.jpg,https://www.doglib.com/wp-content/uploads/sites/2/ma/majorca-majorca-ratter-breed.jpg
000003.jpg,https://upload.wikimedia.org/wikipedia/commons/thumb/7/7a/Prague_Ratter.jpg/320px-Prague_Ratter.jpg
000004.jpg,http://www.dogzone.com/images/breeds/prague-ratter.jpg
000005.jpg,http://www.clubcaratermallorqui.com/images/stories/ca-rater-3.jpg
000006.jpg,https://upload.wikimedia.org/wikipedia/commons/5/52/Ca_rater_mallorqu%C3%AD.JPG
000007.jpg,http://www.dogipedia.co.uk/wp-content/uploads/2016/05/majorca-ratter-774x320.jpg
000008.jpg,https://images-na.ssl-images-amazon.com/images/I/41e0cSUALgL._SX331_BO1,204,203,200_.jpg
000009.jpg,https://as1.ftcdn.net/jpg/02/37/16/06/500_F_237160671_KLSQqL7pM7Hfpqls7hYiCFRxOl9gm6Yw.jpg
000010.jpg,https://i.ytimg.com/vi/IF5vm4F00cw/maxresdefault.jpg
000011.jpg,https://thumbs.dreamstime.com/z/majorca-ratter-breed-ratonero-mallorqu-n-digital-art-illustration-ca-rater-mallorqu-ratonero-mallorqu-n-spanish-dog-long-m-128690173.jpg
000012.jpg,https://www.dogzone.com/images/breeds/prague-ratter-800.jpg
000013.jpg,https://www.masmallorca.es/wp-content/uploads/2010/08/Ca-Rater-Mallorqui-2.jpg
000014.jpg,https://i3.cpcache.com/merchandise/90_300x300_Front_Color-White.jpg?Size=NA&AttributeValue=NA&region={%22name%22:%22FrontCenter%22,%22width%22:10.5,%22height%22:3.5,%22alignment%22:%22MiddleCenter%22,%22orientation%22:0,%22dpi%22:200,%22crop_x%22:0,%22crop_y%22:0,%22crop_h%22:800,%22crop_w%22:2000,%22scale%22:0,%22template%22:{%22id%22:113210861,%22params%22:{}}}
000015.jpg,https://t4.ftcdn.net/jpg/01/55/11/23/240_F_155112375_jsYJTYiNYSIiGCgZAh95Qj2emPFqAu1j.jpg
000016.jpg,https://t4.ftcdn.net/jpg/02/22/25/41/240_F_222254199_gku8p9ctiGndMBH9YfzLBPmM6uutT1H0.jpg
000017.jpg,https://i3.cpcache.com/merchandise/493_300x300_Front_Color-NA.jpg?Size=NA&AttributeValue=NA&region={%22name%22:%22FrontCenter%22,%22width%22:1.846667,%22height%22:2.5,%22alignment%22:%22MiddleCenter%22,%22orientation%22:0,%22dpi%22:200,%22crop_x%22:0,%22crop_y%22:0,%22crop_h%22:400,%22crop_w%22:400,%22scale%22:0,%22template%22:{%22id%22:111782856,%22params%22:{}}}
000018.jpg,https://t3.ftcdn.net/jpg/00/51/63/22/240_F_51632215_WQlmXTStuEmLS04cYJ3GdpBF3FQIB3qY.jpg
000019.jpg,https://cdn.tzy.li/tzy/previews/images/001/609/164/158/original/majorca-ratter-shirt-for-dog-owners.jpg?1551776234
000020.jpg,https://banner2.kisspng.com/20180626/wtg/kisspng-french-bulldog-toy-bulldog-scottish-deerhound-majo-french-bulldog-5b330acf9e7222.441729381530071759649.jpg
000021.jpg,https://upload.wikimedia.org/wikipedia/commons/thumb/9/9f/Dogo_Espa%C3%B1ol_hembra.jpg/220px-Dogo_Espa%C3%B1ol_hembra.jpg
000022.jpg,https://d1k5w7mbrh6vq5.cloudfront.net/images/cache/3b/07/e3/3b07e33b1f068aaf53d3bd3902722ec5.jpg
000023.jpg,https://images-na.ssl-images-amazon.com/images/I/41wiRn2xSaL._SX331_BO1,204,203,200_.jpg
000024.jpg,http://www.ashunas-hundepension.com/hunde_und_besitzer/bilder_hunde_und_besitzer/2013/010_raaijman_lola/002.jpg
000025.jpg,https://i3.cpcache.com/merchandise/496_300x300_Front_Color-NA.jpg?Size=NA&AttributeValue=NA&region={%22name%22:%22FrontCenter%22,%22width%22:12.5,%22height%22:6.75,%22alignment%22:%22MiddleCenter%22,%22orientation%22:0,%22dpi%22:100,%22crop_x%22:0,%22crop_y%22:0,%22crop_h%22:700,%22crop_w%22:1200,%22scale%22:0,%22template%22:{%22id%22:105702472,%22params%22:{}}}&Filters=[{%22name%22:%22background%22,%22value%22:%22ddddde%22,%22sequence%22:2}]
000026.jpg,https://upload.wikimedia.org/wikipedia/commons/thumb/0/0b/Kayfront.jpg/220px-Kayfront.jpg
000027.jpg,https://dogell.com/uploads/breed/thumb_miniature-schnauzer.jpg
000028.jpg,https://c8.alamy.com/comp/B01FJ6/ratero-ca-rater-mallorqun-mallorcan-dog-race-subform-of-the-spanish-B01FJ6.jpg
000029.jpg,https://previews.agefotostock.com/previewimage/medibigoff/793f5cded52474e6b20824b885a628db/ibr-1268805.jpg
000030.jpg,https://images-na.ssl-images-amazon.com/images/I/61W2ABP5RwL._UX569_.jpg
000031.jpg,https://dogell.com/uploads/breed/thumb_beagle.jpg
000032.jpg,http://upload.wikimedia.org/wikipedia/commons/thumb/7/7d/Ratonero_valenciano_hell.jpg/500px-Ratonero_valenciano_hell.jpg
000033.jpg,https://i5.walmartimages.com/asr/a004d20c-6908-4749-beef-9906845e3454_1.b8c7e837e8ee1f0cd068d5529cc999c0.jpeg?odnHeight=450&odnWidth=450&odnBg=FFFFFF
000034.jpg,https://images-na.ssl-images-amazon.com/images/I/419CQgQ8KtL._SL1010_.jpg
000035.jpg,https://d2gg9evh47fn9z.cloudfront.net/800px_COLOURBOX32373293.jpg
000036.jpg,https://image.spreadshirtmedia.com/image-server/v1/mp/products/T993A1MPA2168PT10X76Y51D1013843511S40/views/1,width=378,height=378,appearanceId=1,backgroundColor=F2F2F2,version=1549948607/hund-dog-rather-love-bei-my-majorca-ratter-mouse-pad.jpg
000037.jpg,https://image.spreadshirtmedia.com/image-server/v1/mp/products/T842A2MPA3172PT17X49Y0D1014186381FS2113/views/1,width=378,height=378,appearanceId=2,backgroundColor=F2F2F2,version=1557379016/dad-vater-papa-dog-hund-majorca-ratter-tote-bag.jpg
000038.jpg,https://as1.ftcdn.net/jpg/00/52/29/92/500_F_52299257_hGOEwiLjVZwSMEAaKDEVfOMmlTobamg8.jpg
000039.jpg,https://images-na.ssl-images-amazon.com/images/I/41wiRn2xSaL._SR600%2C315_PIWhiteStrip%2CBottomLeft%2C0%2C35_PIAmznPrime%2CBottomLeft%2C0%2C-5_SCLZZZZZZZ_.jpg
000040.jpg,https://c8.alamy.com/comp/XBX4WG/prague-ratter-stands-on-meadow-XBX4WG.jpg
000041.jpg,https://image.spreadshirtmedia.com/image-server/v1/mp/products/T127A1MPA215PT21X8Y7D1014186381FS600/views/1,width=378,height=378,appearanceId=1,backgroundColor=F2F2F2,modelId=2846,crop=list,version=1531597475,modelImageVersion=1556091141/dad-vater-papa-dog-hund-majorca-ratter-small-buttons.jpg
000042.jpg,https://c8.alamy.com/comp/RMXK62/sad-ca-de-bou-puppy-is-standing-in-the-green-grass-majorca-mastiff-or-majorcan-bulldog-pet-animals-six-month-old-RMXK62.jpg
000043.jpg,https://rlv.zcache.co.uk/valencian_ratter_dog_love_bumper_sticker-r75f7b923723b45188227459eef744188_v9wht_8byvr_307.jpg
000044.jpg,https://c8.alamy.com/comp/ERW811/prague-ratter-stands-on-meadow-ERW811.jpg
000045.jpg,https://t4.ftcdn.net/jpg/00/51/68/31/240_F_51683169_Sx3YIrS1x4klp4h2wHexwirKdPxPCw0U.jpg
000046.jpg,https://upload.wikimedia.org/wikipedia/commons/thumb/4/4e/AmRatTerr2_wb.jpg/220px-AmRatTerr2_wb.jpg
000047.jpg,https://as1.ftcdn.net/jpg/02/58/05/46/500_F_258054650_QWGMOdP5NrFa1r8gSXVTSXi8aI65j4u0.jpg
000048.jpg,http://eng.sobaka.lv/img/K1301/Large/213-0408-9625-K-Krys.jpg
000049.jpg,https://image.spreadshirtmedia.com/image-server/v1/mp/products/T993A1MPA2168PT10X84Y51D1013986739FS3999/views/1,width=378,height=378,appearanceId=1,backgroundColor=F2F2F2,version=1549962843/never-underestimate-dog-girl-woman-majorca-ratter-mouse-pad.jpg
000050.jpg,https://i.pinimg.com/originals/51/8d/e4/518de4550bdc9b4a61ec7709530afa2d.jpg
