image,source
000001.jpg,https://vetstreet.brightspotcdn.com/dims4/default/871f72c/2147483647/thumbnail/645x380/quality/90/?url=https%3A%2F%2Fvetstreet-brightspot.s3.amazonaws.com%2F2b%2F03%2F045cdbe54bd98ab051ece28a144f%2FBelgian-Malinois-AP-1PTFPZ-645sm101513.jpg
000002.jpg,https://www.pets4homes.co.uk/images/articles/1497/large/belgian-malinois-shepherd-dog-temperament-and-handling-533bce47beea8.jpg
000003.jpg,http://cdn.akc.org/content/article-body-image/malinois_police_dawg.jpg
000004.jpg,https://www.purina.com.au/-/media/Project/Purina/Main/Breeds/Dog/Mobile/Dog_Belgian-Shepherd-Dog-Malinois_Mobile.jpg?h=300&la=en&w=375&hash=EA56511439023B790B15438DCB7128B7
000005.jpg,https://cdn3-www.dogtime.com/assets/uploads/gallery/belgain-malinois-dog-breed-pictures/2-face.jpg
000006.jpg,https://s3.amazonaws.com/cdn-origin-etr.akc.org/wp-content/uploads/2017/11/13000724/Belgian-Malinois-On-White-01.jpg
000007.jpg,https://dogzone-tcwebsites.netdna-ssl.com/wp-content/uploads/2018/09/Belgian-Malinois-vs-German-Shepherd-3.jpg
000008.jpg,https://thehappypuppysite.com/wp-content/uploads/2019/02/Belgian-Malinois-Temperament-long.jpg
000009.jpg,https://www.pets4homes.co.uk/images/articles/3935/large/four-interesting-insights-into-the-belgian-malinois-dog-breed-58a20ae80305b.jpg
000010.jpg,https://vetstreet-brightspot.s3.amazonaws.com/ca/b0d030a67311e087a80050568d634f/file/Belgium-Malinois-3-645mk062311.jpg
000011.jpg,https://upload.wikimedia.org/wikipedia/commons/thumb/5/5a/Female_Malinois_2005-01-29.jpg/1200px-Female_Malinois_2005-01-29.jpg
000012.jpg,https://dogzone-tcwebsites.netdna-ssl.com/wp-content/uploads/2018/09/Belgian-Malinois-vs-German-Shepherd-2.jpg
000013.jpg,https://www.nylabone.com/-/media/Images/Nylabone-NA/US/Dog101/Breeds-A-Z/Belgian-Malinois-jpg.jpg
000014.jpg,https://woofdog.org/wp-content/uploads/2017/05/German-Shepherd-vs-Belgian-Malinois.jpg
000015.jpg,https://cdn.akc.org/Marketplace/Breeds/Belgian_Malinois_SERP.jpg
000016.jpg,https://i.pinimg.com/originals/eb/03/3e/eb033ec81df3ca6348211cd63b8c26ac.jpg
000017.jpg,https://www.ctvsh.com/sites/default/files/styles/large/adaptive-image/public/belgian-malinois-dog-breed-info.jpg?itok=svcunEWH
000018.jpg,https://www.dognutrition.com/wp-content/uploads/2019/04/Belgian-Malinois-Dog-Breed-Adult.png
000019.jpg,https://i.pinimg.com/originals/3e/a6/33/3ea6339eabb428afee4c016f2e470d69.jpg
000020.jpg,https://www.thesprucepets.com/thmb/A9Ylu2I8SQyquurBMmWwkOq9gQU=/450x0/filters:no_upscale():max_bytes(150000):strip_icc()/belgian-malinois-152227033-resized-56a26a9f5f9b58b7d0c9ff39.jpg
000021.jpg,https://thehappypuppysite.com/wp-content/uploads/2018/03/belgian-malinois-vs-german-shepherd.jpg
000022.jpg,https://vignette.wikia.nocookie.net/dog/images/0/03/5-sidesitting.jpg/revision/latest?cb=20190324030237
000023.jpg,https://thehappypuppysite.com/wp-content/uploads/2018/08/belgian-malinois-tall-488x1024.jpg
000024.jpg,https://cdn1-www.dogtime.com/assets/uploads/2011/01/file_23172_belgian-malinois-460x290.jpg
000025.jpg,http://www.timesnews.net/image/2015/06/24/x700_q30/5fae7b7455a0d9497a6a4939495fde3e-jpg.jpg
000026.jpg,https://www.allthingsdogs.com/wp-content/uploads/2019/01/Dog-Agility-Course.jpg
000027.jpg,https://www.petbarn.com.au/petspot/app/uploads/2016/08/107.-Belgian-Shepherd-Dog-Malinois.jpg
000028.jpg,https://www.allthingsdogs.com/wp-content/uploads/2019/01/Belgian-Malinois-vs-German-Shepherd.jpg
000029.jpg,https://www.pets4homes.co.uk/images/articles/2495/large/longevity-health-and-hereditary-conditions-within-the-belgian-malinois-dog-breed-54b40ece1a255.jpg
000030.jpg,https://cdn.omlet.co.uk/images/cache/740/768/Dog-Belgian_Shepherd_Dog_(Malinois)-A_lovely_Belgian_Shepherd_Dog_(Malinois)_sitting_down.jpg
000031.jpg,https://indulgeyourpet.com/wp-content/uploads/Belgian-Malinois-Puppy.png
000032.jpg,https://loveandkissespetsitting.net/wp-content/uploads/2015/06/11412190_691271804312670_7422305132663660835_n-1.jpg
000033.jpg,https://s3.amazonaws.com/cdn-origin-etr.akc.org/wp-content/uploads/2017/11/29203834/Belgian-Malinois.1-400x267.jpg
000034.jpg,https://d17fnq9dkz9hgj.cloudfront.net/breed-uploads/2018/08/belgian-shepherd-malinois-card-small.jpg?bust=1535567396
000035.jpg,https://thehappypuppysite.com/wp-content/uploads/2018/08/belgian-malinois-long-1024x555.jpg
000036.jpg,http://knowledgebase.lookseek.com/images/animals/dogs/Belgian-Malinois.jpg
000037.jpg,https://ccprotectiondogs.com/wp-content/uploads/2018/06/Belgian-Malinois-Protection-Dogs.jpg
000038.jpg,https://i.pinimg.com/originals/31/93/7f/31937f66780b0340b5241f9cbec1d1bc.jpg
000039.jpg,http://geniusvets.s3.amazonaws.com/gv-dog-breeds/belgian-malinois-3.jpg
000040.jpg,https://petgearlab.com/wp-content/uploads/2017/04/german-shepherd-vs-belgian-malinois-.jpg
000041.jpg,http://psdkennels.com/wp-content/uploads/2017/10/aiden_2_12_27.jpg
000042.jpg,https://images.wagwalkingweb.com/media/breed/belgian-malinois/appearance/belgian-malinois.png
000043.jpg,https://www.dog-breeds-expert.com/images/belgian-malinois300.jpg
000044.jpg,https://c8.alamy.com/comp/BHKD90/belgian-shepherd-dog-malinois-canis-lupus-familiaris-pup-sitting-in-BHKD90.jpg
000045.jpg,https://t2.ea.ltmcdn.com/en/images/2/9/2/img_caring_for_a_malinois_dog_292_600.jpg
000046.jpg,https://www.pets4homes.co.uk/images/articles/1497/large/belgian-malinois-shepherd-dog-temperament-and-handling-533bce5deb202.jpg
000047.jpg,https://www.dognutrition.com/wp-content/uploads/2019/04/Belgian-Malinois-Dog-Breed-Puppy.png
000048.jpg,https://hesc.co.za/wp-content/uploads/2018/10/Bullet.jpg
000049.jpg,https://images-ra.adoptapet.com/seo/1/ff/191_ff.jpg
000050.jpg,https://d17fnq9dkz9hgj.cloudfront.net/breed-uploads/2018/08/belgian-shepherd-malinois-detail.jpg?bust=1535565203&width=355
