image,source
000001.jpg,https://www.pets4homes.co.uk/images/breeds/59/large/01e27b0f2537a90e1ad799474b9939e2.jpg
000002.jpg,https://thehappypuppysite.com/wp-content/uploads/2016/09/The-Maltese-HP-long.jpg
000003.jpg,https://upload.wikimedia.org/wikipedia/commons/8/86/Maltese_puppy.jpeg
000004.jpg,https://s3.amazonaws.com/cdn-origin-etr.akc.org/wp-content/uploads/2017/11/12231006/Maltese-On-White-04.jpg
000005.jpg,https://www.petmd.com/sites/default/files/breedopedia/maltese3.jpg
000006.jpg,https://cdn.akc.org/Marketplace/Breeds/Maltese_SERP.jpg
000007.jpg,https://www.pets4homes.co.uk/images/breeds/59/large/8c3b0c3c446367c40710a1f8ee764095.jpg
000008.jpg,https://images2.minutemediacdn.com/image/upload/c_fill,g_auto,h_1248,w_2220/f_auto,q_auto,w_1100/v1555383129/shape/mentalfloss/istock_000040230564_small.jpg
000009.jpg,https://upload.wikimedia.org/wikipedia/commons/e/eb/Maltezer_Vereniging_Belgie.jpg
000010.jpg,https://i.pinimg.com/originals/66/eb/fa/66ebfa7a9a57f8206996ad912180f573.jpg
000011.jpg,https://www.dogbreedslist.info/uploads/allimg/dog-pictures/Maltese-2.jpg
000012.jpg,https://www.aspcapetinsurance.com/media/2325/facts-about-maltese-dogs.jpg
000013.jpg,https://www.101dogbreeds.com/wp-content/uploads/2018/10/Maltese-Dogs.jpg
000014.jpg,https://dogsaholic.com/wp-content/uploads/2018/11/Maltese-Dog-810x577.jpg
000015.jpg,https://cdn2-www.dogtime.com/assets/uploads/2018/05/30-Mighty-Maltese-Dog-Names-PICTURES-Dogtime.jpg
000016.jpg,https://www.petsworld.in/blog/wp-content/uploads/2015/07/Emily_Maltese.jpg
000017.jpg,https://img-aws.ehowcdn.com/600x600p/photos.demandstudios.com/getty/article/88/22/87490389.jpg
000018.jpg,https://www.dogbreedinfo.com/images29/MaltesePurebredDogPearl.jpg
000019.jpg,https://thehappypuppysite.com/wp-content/uploads/2019/01/Maltese-Temperament-long.jpg
000020.jpg,https://www.yourpurebredpuppy.com/dogbreeds/photos-MNOP/maltesef2.jpg
000021.jpg,https://vetstreet-brightspot.s3.amazonaws.com/7b/5d0b90a38811e087a80050568d634f/file/Maltese-1-645mk062111.jpg
000022.jpg,https://i0.wp.com/puppytoob.com/wp-content/uploads/2016/09/Teacup-Maltese.jpg?resize=746%2C496
000023.jpg,https://d32l83enj9u8rg.cloudfront.net/wp-content/uploads/maltesedogbreed-1.jpg
000024.jpg,https://irp-cdn.multiscreensite.com/c096e00e/dms3rep/multi/tablet/cute-maltese-dog+%28282+x+335%29-min-282x335.jpg
000025.jpg,https://i.pinimg.com/originals/9c/2d/c3/9c2dc3a899b501c93ba29d30ecf123d2.png
000026.jpg,https://i.barkpost.com/wp-content/uploads/2016/07/13423558_1262167337140652_61291435_n.jpg?q=70&fit=crop&crop=entropy&w=808&h=500
000027.jpg,http://doglover.in/wp-content/uploads/2018/05/Maltese-1140x761.jpg
000028.jpg,https://4.bp.blogspot.com/-tzBH4CSttNU/VjWCl5mrLcI/AAAAAAAABSE/-mdpzrCfv48/s1600/dog-breed-maltese-dog-grass.jpg
000029.jpg,https://topdogtips.com/wp-content/uploads/2017/09/Maltese-Dog-Breed-1.jpg
000030.jpg,https://s3-eu-west-1.amazonaws.com/w3.cdn.gpd/gb.pedigree.56/large_491f81c2-a286-4d2a-b736-b00d44ebde92.jpg
000031.jpg,https://islanddomains.earth/wp-content/uploads/2019/03/1.jpg
000032.jpg,https://www.holidogtimes.com/wp-content/uploads/2017/11/maltese-list-cover.png
000033.jpg,https://i.ytimg.com/vi/9c-CtHhI_bs/hqdefault.jpg
000034.jpg,https://www.rover.com/blog/wp-content/uploads/2015/01/maltese.jpg
000035.jpg,https://dogsaholic.com/wp-content/uploads/2015/08/Maltese-dog-810x506.jpg
000036.jpg,https://www.purina.com.au/-/media/Project/Purina/Main/Breeds/Dog/Mobile/Dog_Maltese_Mobile.jpg?h=300&la=en&w=375&hash=7EF05585DBFC78BEF9BC98C499A4D8A2
000037.jpg,http://www.foxstonemaltese.com/Lego_1_18_19.jpg
000038.jpg,https://t1.ea.ltmcdn.com/en/images/0/6/9/maltese_dogs_2960_0_600.jpg
000039.jpg,https://www.101dogbreeds.com/wp-content/uploads/2018/10/Teacup-Maltese-Dog.jpg
000040.jpg,https://www.petmd.com/sites/default/files/breedopedia/Yogi%202.jpg
000041.jpg,https://vetstreet.brightspotcdn.com/dims4/default/5a0d711/2147483647/crop/0x0%2B0%2B0/resize/645x380/quality/90/?url=https%3A%2F%2Fvetstreet-brightspot.s3.amazonaws.com%2Fcb%2F730f30a38811e087a80050568d634f%2Ffile%2Fmaltese-2-645mk062411.jpg
000042.jpg,https://www.thesprucepets.com/thmb/IeUI1ZOzf2ljzu55ex99pr56R2E=/450x0/filters:no_upscale():max_bytes(150000):strip_icc()/Malteseportrait-GettyImages-153520182-1eb5302d0f184d02b509fcf05348d64e.jpg
000043.jpg,https://getyourpet.com/wp-content/uploads/2018/06/maltese-1024x806.jpg
000044.jpg,https://gfp-2a3tnpzj.stackpathdns.com/wp-content/uploads/2016/07/Maltese-1600x700.jpg
000045.jpg,https://thehappypuppysite.com/wp-content/uploads/2016/09/2.jpg
000046.jpg,https://qph.fs.quoracdn.net/main-qimg-136028eaf65b7a15ecbb0cbcdf09b9d0
000047.jpg,https://i.ytimg.com/vi/hnd8b-k8yu8/maxresdefault.jpg
000048.jpg,https://www.nylabone.com/-/media/Images/Nylabone-NA/US/Dog101/Breeds-A-Z/Maltese-jpg.ashx
000049.jpg,https://i.etsystatic.com/9373158/c/891/707/0/52/il/b2191a/1371302174/il_340x270.1371302174_cjxd.jpg
000050.jpg,https://images-na.ssl-images-amazon.com/images/I/61lfD9aj-pL._AC_UL320_SR208,320_.jpg
