image,source
000001.jpg,https://upload.wikimedia.org/wikipedia/commons/thumb/8/8f/Karta_FP_Marquesa_isl.PNG/250px-Karta_FP_Marquesa_isl.PNG
000002.jpg,https://www.dogzone.com/images/breeds/extinct/hawaiian-poi-dog.jpg
000003.jpg,https://upload.wikimedia.org/wikipedia/commons/e/ee/Kuri%2C_Maori_or_native_dog%2C_Dominion_Museum_collection%2C_1924.jpg
000004.jpg,https://www.enrouteavecaile.com/posts/92/20100504_chasseur.JPG
000005.jpg,https://d1k5w7mbrh6vq5.cloudfront.net/images/cache/12/d7/85/12d78573d3bc6f848e2bf3224d850a26.jpg
000006.jpg,https://upload.wikimedia.org/wikipedia/commons/thumb/4/4b/Africanis_%281%29.jpg/1200px-Africanis_%281%29.jpg
000007.jpg,https://upload.wikimedia.org/wikipedia/commons/0/09/Tiki_Maki%CA%BBi_Tau%CA%BBa_Pepe_or_the_Flying_Tiki%2C_at_me%CA%BBae_I%CA%BBipona%2C_Puama%CA%BBu_Village%2C_Hiva_Oa%2C_Marquesas_Islands%2C_photograph_by_Moth_Clark%2C_2009.jpg
000008.jpg,https://upload.wikimedia.org/wikipedia/commons/thumb/d/da/Tahltan_Bear_Dog_sketch2.jpg/1200px-Tahltan_Bear_Dog_sketch2.jpg
000009.jpg,https://upload.wikimedia.org/wikipedia/commons/f/f0/Dog_relief_from_me%CA%BBae_I%CA%BBipona%2C_Puama%CA%BBu_Village%2C_Hiva_Oa%2C_Marquesas_Islands%2C_photograph_by_Moth_Clark%2C_2009_%28levels_adjusted%29.jpg
000010.jpg,https://upload.wikimedia.org/wikipedia/commons/8/84/Pilas_Argentinos-Felix-%26-Fortuna-04-1912.jpg
000011.jpg,https://aldebaran42.files.wordpress.com/2017/10/21316207_1632512113435987_5606598014886811905_o.jpg
000012.jpg,https://upload.wikimedia.org/wikipedia/commons/9/93/Otago_Museum_Kuri_-_OMNZVT2162_03_%28cropped%29.jpg
000013.jpg,https://www.researchgate.net/publication/326241820/figure/fig3/AS:645564400164864@1530925955040/Combining-words-for-dog-in-Samoan-Hawaiian-North-Marquesan-and-Anuta-into-a-multiple_Q320.jpg
000014.jpg,https://flyingfishsail.files.wordpress.com/2018/05/henri-wife-sm.jpg?w=1040
000015.jpg,https://i.pinimg.com/originals/f0/eb/d9/f0ebd9208e5279e5955d24215864e7a9.jpg
000016.jpg,https://scontent.cdninstagram.com/vp/0c5bd1a7e5b37d7efc60e7ef0bf23986/5D4EFBDE/t51.2885-15/e35/s480x480/36148674_231903860748771_5109721071632777216_n.jpg?_nc_ht=scontent-ort2-2.cdninstagram.com
000017.jpg,https://upload.wikimedia.org/wikipedia/commons/b/b9/Pariah_Dog.jpg
000018.jpg,https://photos.smugmug.com/STORIES1/FRENCH-POLYNESIA/MARQUESAS/Matavaa-Le-Festival-des-Arts-Marquisiens/i-Zk7QsZS/0/98bd80dc/L/DSC_4080-L.jpg
000019.jpg,https://dogell.com/uploads/breed/thumb_miniature-schnauzer.jpg
000020.jpg,https://i.pinimg.com/originals/c4/30/e4/c430e4866fb3cef8c034f3ec27667eea.jpg
000021.jpg,https://www.researchgate.net/profile/Simon_Greenhill/publication/325193364/figure/fig2/AS:627166073085953@1526539452915/Combining-words-for-dog-in-Samoan-Hawaiian-North-Marquesan-and-Anuta-into-a-multiple_Q320.jpg
000022.jpg,https://www.swulinski.com/Images/Oceania/HivaOa/Iipona/Iipona09-big.jpg
000023.jpg,https://upload.wikimedia.org/wikipedia/commons/thumb/4/4d/Double_canoes._Tipaerua%2C_1769-71_%28crop_of_dog%29.jpg/320px-Double_canoes._Tipaerua%2C_1769-71_%28crop_of_dog%29.jpg
000024.jpg,http://www.theequinest.com/images/marquesas-isle-1.jpg
000025.jpg,https://i.pinimg.com/originals/a3/71/72/a37172a954f49c749e865db4662c24d4.jpg
000026.jpg,https://i.vimeocdn.com/video/620887861.jpg?mw=1920&mh=1080&q=70
000027.jpg,https://www.pgcruises.com/sites/default/files/styles/ports_landing__570_x_420_/public/M/S%20Paul%20Gauguin/Ports/Generic/Shore%20Excursions/hapatonidiscovery_772x520.jpg?itok=3ax5OIsF
000028.jpg,http://www.queerarthistory.com/wp-content/uploads/2017/08/the-sorcerer-of-hiva-oa-marquesan-man-in-the-red-cape-1902.jpg
000029.jpg,http://marquesanfarm.yolasite.com/resources/DSC_7157ed.jpg.opt849x607o0%2C0s849x607.jpg
000030.jpg,https://cdn.discover-the-world.com/app/uploads/2018/10/french-polynesia-marquesas-tahuta-aran5-800x600-c-default.jpg
000031.jpg,https://www.dogzone.com/images/breeds/extinct/fuegian-dog.jpg
000032.jpg,https://upload.wikimedia.org/wikipedia/commons/b/bb/BIR_Grupp_5-_MEXIKANSK_NAKENHUND%2C_Lokal_Hero%E2%80%99s_King_Og_Hart%E2%80%99s_Istas_%2823607403303%29.jpg
000033.jpg,https://i.pinimg.com/originals/51/00/e2/5100e2c098ed8bcce9ff4de173360031.jpg
000034.jpg,https://flyingfishsail.files.wordpress.com/2018/05/marquesas-bay-sm.jpg
000035.jpg,https://topdogtips.com/wp-content/uploads/2017/11/Tesem-dog-breed.jpg
000036.jpg,https://i.pinimg.com/originals/1b/89/d6/1b89d6b97d623848636a0cb68b40481b.jpg
000037.jpg,https://www.swulinski.com/Images/Oceania/HivaOa/Iipona/Iipona04-big.jpg
000038.jpg,https://upload.wikimedia.org/wikipedia/commons/thumb/5/57/Basenji_mix_photo.jpg/440px-Basenji_mix_photo.jpg
000039.jpg,https://resources.stuff.co.nz/content/dam/images/1/a/8/o/9/s/image.related.StuffLandscapeSixteenByNine.710x400.1a8ao5.png/1457655037049.jpg
000040.jpg,https://i.pinimg.com/originals/a3/5e/0e/a35e0e35b7a4866ba61b6adf0c1f1440.jpg
000041.jpg,https://cdn.discover-the-world.com/app/uploads/2018/06/french-polynesia-marquesas-ship-in-bay-aranc.jpg
000042.jpg,https://www.swulinski.com/Images/Oceania/HivaOa/Iipona/Iipona10-big.jpg
000043.jpg,https://cdn2.wanderlust.co.uk/media/2068/articles-the-marquesas-islands.jpg?anchor=center&mode=crop&width=600&height=225&rnd=131480761150000000
000044.jpg,https://t3.ftcdn.net/jpg/02/42/92/78/500_F_242927888_sHNVzZlT7MgKqyU0mYSRAuKwDjYrqYPZ.jpg
000045.jpg,https://upload.wikimedia.org/wikipedia/commons/f/f5/Phu_Quoc_dog.jpg
000046.jpg,https://upload.wikimedia.org/wikipedia/commons/thumb/5/5f/Typee_1st_edition.jpg/207px-Typee_1st_edition.jpg
000047.jpg,https://image.spreadshirtmedia.com/image-server/v1/mp/products/T611A2MPA1245PT17X47Y19D1020000620FS1035/views/1,width=378,height=378,appearanceId=2,backgroundColor=F2F2F2,version=1556270543/maori-marquesan-cross-tribal-tattoo-gift-idea-dog-bandana.jpg
000048.jpg,https://i.pinimg.com/originals/a7/fb/0b/a7fb0b455ab80fd9c6f6cebe45597eb9.jpg
000049.jpg,https://scontent-lga3-1.cdninstagram.com/vp/5bfd02238e4bc0a9a4fc7b3854bc3ff9/5DAF8299/t51.2885-15/sh0.08/e35/s640x640/65026852_472663726870902_3818269952146458427_n.jpg?_nc_ht=scontent-lga3-1.cdninstagram.com
000050.jpg,http://pswishyouwereheretravel.com/wp-content/uploads/2017/11/P2_03_Ua-Huka_750A3222_%C2%A9-Tahiti-Tourisme-1-1024x683.jpg
