image,source
000001.jpg,https://www.dogbreedinfo.com/images27/XoloitzcuintliXoloMexicanHairlessTepeizeuintliXoloitzcuintleRelic11MonthsOld1.jpg
000002.jpg,https://vetstreet.brightspotcdn.com/dims4/default/9c92a03/2147483647/thumbnail/645x380/quality/90/?url=https%3A%2F%2Fvetstreet-brightspot.s3.amazonaws.com%2F81%2F203540c85211e096760050568d6ceb%2Ffile%2FXoloitzquintli-3-AL-645km081611.jpg
000003.jpg,https://i.redd.it/g9smv1tka3131.jpg
000004.jpg,https://www.petmd.com/sites/default/files/breedopedia/xolo2.jpg
000005.jpg,https://www.dogspot.in/wordpress/wp-content/uploads/2018/05/Xoloitzcuintle-2.jpg
000006.jpg,https://s3.amazonaws.com/cdn-origin-etr.akc.org/wp-content/uploads/2017/11/12222734/Xoloitzcuintli-On-White-01.jpg
000007.jpg,https://s3.amazonaws.com/cdn-origin-etr.akc.org/wp-content/uploads/2017/11/22191549/Xolo.Care_.jpg
000008.jpg,https://www.pets4homes.co.uk/images/articles/3328/large/how-to-avoid-skin-problems-in-the-mexican-hairless-dog-5647250cdcda9.jpg
000009.jpg,https://d17fnq9dkz9hgj.cloudfront.net/uploads/2018/03/Mexican-Hairless-Dogs_01.jpg
000010.jpg,https://www.pets4homes.co.uk/images/breeds/149/large/844aa6880d1d7b7e47397b78ccba8a7e.jpg
000011.jpg,https://www.petful.com/wp-content/uploads/2011/11/Xoloitzcuintli-dog-photo-750x392.jpg
000012.jpg,https://www.dogtrophy.com/wp-content/uploads/2018/03/Xoloitzcuintli-dogtrophy.jpg
000013.jpg,https://www.101dogbreeds.com/wp-content/uploads/2015/01/Mexican-Hairless-Dog-Images.jpg
000014.jpg,https://i.pinimg.com/originals/16/9e/b8/169eb8d8fcd8983ee8246fa69a55272a.jpg
000015.jpg,https://news.nationalgeographic.com/content/dam/news/2017/10/30/xoloitzcuintli/mexican_hairless_dog2_GettyImages-578260776.jpg
000016.jpg,https://s3.amazonaws.com/cdn-origin-etr.akc.org/wp-content/uploads/2017/11/21120747/Xolo-puppy.jpg
000017.jpg,https://images.ctfassets.net/w00x6p5qkejz/6pAImV0QBaa8wiIiWoOUie/26963fcd114385b50d11e70d5e520d36/Xoloitzcuintli1.png
000018.jpg,https://res.cloudinary.com/jacepharm/image/upload/v1548866195/Depositphotos_120109940_original-min_dycqsc.jpg
000019.jpg,https://i.pinimg.com/originals/96/75/0a/96750af0d0e20ea4f5acca56ece22d8d.jpg
000020.jpg,https://3.bp.blogspot.com/-23SiyRY4JQc/WUhqXVOZvaI/AAAAAAAAN68/E7vrTVi8fSg3Tvp60sMSggwLKRHsnTK4ACLcBGAs/s1600/Xoloitzcuintle-Mexican-Hairless-Dog-Breed-Profile-Lead.jpg
000021.jpg,https://vetstreet-brightspot.s3.amazonaws.com/21/4b7ea0e7b811e19ff5005056ad4734/file/Xolo-AP-0KVMWN-breed-slideshow-lc081612.jpg
000022.jpg,https://upload.wikimedia.org/wikipedia/commons/c/c2/Mexico.Xoloitzcuintle.01.jpg
000023.jpg,https://www.york.ac.uk/media/archaeology/images/news/2018/mexican_hairless_dog.jpg
000024.jpg,https://res.cloudinary.com/fwkc-production/image/upload/c_fit,dpr_3.0,f_auto,g_center,h_430,q_auto,w_768/v1/fwkc/import/1050
000025.jpg,http://beta.ems.ladbiblegroup.com/s3/content/c5672f385c38fb00f4be0a3cdde5f108.jpg
000026.jpg,https://www.pets4homes.co.uk/images/breeds/149/large/0bf403a5f26084416d2971dc34cc3dc0.jpg
000027.jpg,https://i.ytimg.com/vi/sWd_Lz0ohsc/maxresdefault.jpg
000028.jpg,https://minepuppy.com/wp-content/uploads/2018/03/Xoloitzcuintli-minepuppy.jpg
000029.jpg,https://image.jimcdn.com/app/cms/image/transf/none/path/s6f3732ab97012cdd/image/i60ebaf77d094de28/version/1540223634/image.jpg
000030.jpg,https://img-aws.ehowcdn.com/600x600p/photos.demandstudios.com/91/219/fotolia_7311010_XS.jpg
000031.jpg,https://cdn2-www.dogtime.com/assets/uploads/2012/02/file_23296_Xoloitzcuintli-dog-breed-460x290.jpg
000032.jpg,https://i.ytimg.com/vi/F7oJ66knlg0/maxresdefault.jpg
000033.jpg,https://animalsadda.com/wp-content/uploads/2016/01/xoloitzcuintli-4.jpg
000034.jpg,https://upload.wikimedia.org/wikipedia/commons/thumb/2/2b/Xoloitzcuintli_-_GCH_Bayshore_Georgio_Armani_09_%2816397731930%29.jpg/220px-Xoloitzcuintli_-_GCH_Bayshore_Georgio_Armani_09_%2816397731930%29.jpg
000035.jpg,https://www.101dogbreeds.com/wp-content/uploads/2015/01/Mexican-Hairless-Dog-Pictures.jpg
000036.jpg,https://www.dogbreedslist.info/uploads/allimg/dog-pictures/Xoloitzcuintle-1.jpg
000037.jpg,https://image.jimcdn.com/app/cms/image/transf/dimension=274x10000:format=png/path/s6f3732ab97012cdd/image/i1c435b8b0884839f/version/1438951307/image.png
000038.jpg,https://www.ukpets.com/oc-content/uploads/breeds/0/1710.jpg
000039.jpg,https://www.tamoanchankennels.co.uk/s/cc_images/teaserbox_498108.jpg?t=1521596124
000040.jpg,http://www.easypetmd.com/sites/default/files/Xoloitzcuintli1%20(4)_0.jpg
000041.jpg,https://www.lifewithdogs.tv/wp-content/uploads/2016/07/xolo-Diana-Andersen-Fab-4.jpg
000042.jpg,https://thumbs.dreamstime.com/z/close-up-portrait-mexican-hairless-dog-xoloitzcuintle-xolo-background-green-grass-trees-park-close-up-portrait-140704128.jpg
000043.jpg,https://www.pets4homes.co.uk/images/breeds/149/large/b5e08d44bea438c467628218c8e6948e.jpg
000044.jpg,https://xolocom.files.wordpress.com/2019/06/aantah062019.jpg?w=660
000045.jpg,https://perfectpets.com.au/uploads/files/getfile/type/breed/id/550/file/1554619244580c4397545402.92580740-breed-550.JPG
000046.jpg,https://www.yourpurebredpuppy.com/dogbreeds/photos-TZ/xoloitzcuintlef2.jpg
000047.jpg,https://www.rover.com/blog/wp-content/uploads/2015/10/xolo-874x540.jpg
000048.jpg,https://img.dog-learn.com/dog-breeds/xoloitzcuintle/xoloitzcuintle.jpg
000049.jpg,https://d.newsweek.com/en/full/723421/mexican-hairless-dog.jpg
000050.jpg,http://www.dogzone.com/images/breeds/xoloitzcuintle.jpg
