image,source
000001.jpg,https://upload.wikimedia.org/wikipedia/commons/thumb/1/13/Middle_east.jpg/260px-Middle_east.jpg
000002.jpg,https://upload.wikimedia.org/wikipedia/commons/thumb/d/d7/Map_of_Middle_East.svg/400px-Map_of_Middle_East.svg.png
000003.jpg,https://res.cloudinary.com/fen-learning/image/upload/c_limit,w_511,h_605/infopls_images/images/mapmiddleeast.gif
000004.jpg,https://miro.medium.com/max/878/0*otMmaOqfFJt1SATe.
000005.jpg,https://cdn.britannica.com/s:300x500/08/89908-131-D73216FB.jpg
000006.jpg,https://www.worldatlas.com/r/w728-h425-c728x425/upload/44/e6/cc/untitled-design-316.jpg
000007.jpg,https://www.worldatlas.com/img/areamap/continent/middle_east_map.gif
000008.jpg,https://countries.bridgat.com/wp-content/uploads/2019/06/Map-of-Countries-in-Middle-East.jpg
000009.jpg,http://www.worldstadiums.com/middle_east/maps/middle_east.gif
000010.jpg,https://www.thegreatcoursesdaily.com/wp-content/uploads/2017/10/Middle-East-Body.jpg
000011.jpg,http://usegtours.com/wp-content/uploads/2019/03/ME-USEG-Map-2019-Fall.jpg
000012.jpg,https://news.unl.edu/sites/default/files/styles/large_aspect/public/2-map%20of%20the%20middle%20east.jpg?itok=LLo27vb6
000013.jpg,https://legacy.lib.utexas.edu/maps/middle_east_and_asia/txu-oclc-192062619-middle_east_pol_2008.jpg
000014.jpg,http://www.lonelyplanet.com/maps/middle-east/map_of_middle-east.jpg
000015.jpg,http://teachmideast.org/wp-content/uploads/2015/09/MapMENA.jpeg
000016.jpg,https://upload.wikimedia.org/wikipedia/commons/thumb/8/83/Oil_and_Gas_Infrastructure_Persian_Gulf_%28large%29.gif/300px-Oil_and_Gas_Infrastructure_Persian_Gulf_%28large%29.gif
000017.jpg,https://legacy.lib.utexas.edu/maps/middle_east_and_asia/middle_east.gif
000018.jpg,https://images.theconversation.com/files/209067/original/file-20180306-146666-1yoxlej.jpg?ixlib=rb-1.1.0&rect=379%2C342%2C3769%2C2226&q=45&auto=format&w=926&fit=clip
000019.jpg,https://www.roughguides.com/wp-content/uploads/2015/08/area%E2%80%93map%E2%80%93of%E2%80%93MiddleEast.png
000020.jpg,https://www.thetimesinplainenglish.com/wp-content/uploads/2018/04/Middle-east-1-map-1024x834.jpg
000021.jpg,https://www.worldatlas.com/r/w728-h425-c728x425/upload/2d/e3/71/shutterstock-316837232.jpg
000022.jpg,https://www.meobserver.org/wp-content/uploads/2018/02/middle-east.jpg
000023.jpg,https://i.ytimg.com/vi/0ZvYJmzvgLo/maxresdefault.jpg
000024.jpg,https://resolvenet.org/sites/default/files/2017-08/greater-middle-east-and-levant_0.png
000025.jpg,https://www.usarice.com/images/default-source/international-markets/middle-east.png?sfvrsn=854ad88d_4
000026.jpg,https://www.projectvisa.com/images/maps/middle_east.gif
000027.jpg,https://www.worldatlas.com/r/w728-h425-c728x425/upload/f1/62/6d/shutterstock-619943927-2.jpg
000028.jpg,https://mondediplo.com/local/cache-vignettes/L640xH413/arton2057-84656-9bebc.jpg?1519064601
000029.jpg,https://www.allaroundthisworld.com/wp-content/uploads/2016/12/All-Around-This-World-West-Asia-Everywhere-Map.jpg
000030.jpg,https://media.gettyimages.com/photos/middle-east-persian-gulf-and-pakistanafganistan-region-map-iii-picture-id157530029
000031.jpg,https://www.alaraby.co.uk/english/file/getimagecustom/514748bd-5dfd-456d-aa6c-fdc11c6c6d8f/850/479
000032.jpg,https://d11yoeluzb5ina.cloudfront.net/wp-content/uploads/2013/11/04213800/dubai-middle-east-arab-gulf-africa-india.jpeg
000033.jpg,https://miro.medium.com/max/3200/0*z4hZGHqpfRlbnaMW.jpg
000034.jpg,https://qph.fs.quoracdn.net/main-qimg-27269507a1463d4c261c7dd7c8942322
000035.jpg,https://vignette.wikia.nocookie.net/vyondiverse/images/1/17/Main-qimg-b506e6bc68453ccc920107709c2dcc3c-c.jpg/revision/latest?cb=20180920173507
000036.jpg,http://www.aircraft-charter-world.com/images/countries/middleeast/middleeast.gif
000037.jpg,http://go.grolier.com/map?id=mgwr009&pid=go
000038.jpg,https://www.freedomsphoenix.com/Uploads/Graphics/522-0729060411-a.gif
000039.jpg,http://www.landinfo.com/images/MiddleEastCountries.jpg
000040.jpg,https://www.profellow.com/wp-content/uploads/2018/09/82943127_s-e1537814193782.jpg
000041.jpg,http://cdn1.globalissues.org/i/countries/mideast.gif
000042.jpg,https://s3.amazonaws.com/libapps/accounts/13379/images/middleeastmap.gif
000043.jpg,https://www.theworldofmaps.com/sites/theworldofmaps.com/files/styles/product_image/public/ENG_CON_MO_633_Complete_6000pix-INT.jpg?itok=-_wrp5gD
000044.jpg,https://vortexglobal-vortex.netdna-ssl.com/wp-content/uploads/2016/07/MiddleEasternFlags.jpg
000045.jpg,http://ilikum.org/wp-content/uploads/2016/09/mid_east_regions.jpg
000046.jpg,https://www.aljazeera.com/mritems/imagecache/mbdxxlarge/mritems/Images/2018/12/31/c61b4b24202947428000ceaa989feee2_18.jpg
000047.jpg,https://www.ecfr.eu/ecfr_map/static/images/Iran%20map%2007-07.jpg
000048.jpg,https://c8.alamy.com/comp/JGDMM3/a-vector-illustration-of-middle-east-countries-map-in-cartoon-style-JGDMM3.jpg
000049.jpg,https://spectator.imgix.net/content/uploads/2018/09/Map-of-the-Middle-East.jpg?auto=compress,enhance,format&crop=faces,entropy,edges&fit=crop&w=820&h=550
000050.jpg,http://www.section117.com/wp-content/uploads/2017/08/IMG_1232-300x256.jpg
