image,source
000001.jpg,https://upload.wikimedia.org/wikipedia/commons/thumb/b/bf/Molossian_Hound%2C_British_Museum.jpg/220px-Molossian_Hound%2C_British_Museum.jpg
000002.jpg,https://i.ytimg.com/vi/ly1t5SkhcHw/maxresdefault.jpg
000003.jpg,https://3.bp.blogspot.com/-oJgAusNOx7w/VwDUBSkVljI/AAAAAAAAEJc/S8HlqOTQQkwftd9jkrpEagFnpn6P_1iKw/s1600/American%2BMollossus.png
000004.jpg,https://2.bp.blogspot.com/-OiNZcBwbQEY/VwDaXVXfUjI/AAAAAAAAEJw/e0HFgaMUCbsxV1CbwzW4klfCUmn8gvrvw/s1600/old%2Bren.png
000005.jpg,http://www.storytrender.com/wp-content/uploads/2018/03/7_CATERS_WORLDS_BIGGEST_PUPPY_WEIGHT_12_STONE_08-1024x1024.jpg
000006.jpg,https://upload.wikimedia.org/wikipedia/commons/thumb/e/e6/Afghan_Shepherd.jpg/220px-Afghan_Shepherd.jpg
000007.jpg,https://peopledotcom.files.wordpress.com/2018/03/biggest-puppy.jpg
000008.jpg,https://i.dailymail.co.uk/i/newpix/2018/03/16/14/4A3F681E00000578-5509831-image-a-22_1521209632616.jpg
000009.jpg,https://i.pinimg.com/originals/44/53/27/44532792a8e6ba2b23b134f753870e5a.jpg
000010.jpg,https://thenypost.files.wordpress.com/2018/03/180316-worlds-biggest-puppy-01.jpg?quality=90&strip=all&w=618&h=410&crop=1
000011.jpg,https://i.pinimg.com/originals/f4/e9/1f/f4e91fdbabf940a58ff7d2495b6df5d5.jpg
000012.jpg,https://www.dogideas.net/wp-content/uploads/american-molossus-size.jpg
000013.jpg,https://i.ytimg.com/vi/2o6Z0SkkDfw/maxresdefault.jpg
000014.jpg,https://i.dailymail.co.uk/i/newpix/2018/03/16/14/4A3F697E00000578-5509831-image-a-43_1521209838097.jpg
000015.jpg,https://i.pinimg.com/originals/ec/8d/e3/ec8de3470426b67bdea6e5f6e85370aa.jpg
000016.jpg,https://www.rover.com/blog/wp-content/uploads/2015/04/the-jennings-dog-molossus-british-museum.jpg
000017.jpg,https://i.ytimg.com/vi/ElPiZj5HcKQ/maxresdefault.jpg
000018.jpg,https://i.pinimg.com/originals/9d/1a/0d/9d1a0d150f00476b92e1fae747112e2c.jpg
000019.jpg,https://i.pinimg.com/originals/2a/e3/18/2ae318de0033b6a32f1b4001b4e3384d.jpg
000020.jpg,https://www.doglib.com/wp-content/uploads/sites/2/mo/molossus-ancient-roman-dogs-of-war-breed.jpg
000021.jpg,http://www.storytrender.com/wp-content/uploads/2018/05/0_CATERS_WORLDS_BIGGEST_PUPPIES_BACK_FROM_THE_DEAD_01.jpg
000022.jpg,http://www.dogbreedstandards.com/wp-content/uploads/2013/04/Molossus.jpg
000023.jpg,https://s3-eu-west-1.amazonaws.com/assets.barcroft.tv/6c68d6de-14c0-4f6d-b084-a673391450e2.jpg
000024.jpg,https://i.ytimg.com/vi/CueyCm5z9yU/maxresdefault.jpg
000025.jpg,https://i.pinimg.com/originals/cc/eb/64/cceb6432ce8a3941e983a1ec7a55d216.jpg
000026.jpg,https://www.101dogbreeds.com/wp-content/uploads/2018/03/Molossus-of-Epirus.jpg
000027.jpg,https://usercontent1.hubstatic.com/535636_f260.jpg
000028.jpg,https://www.rover.com/blog/wp-content/uploads/2015/04/st-johns-water-dog-extinct-dog-breed.jpg
000029.jpg,http://www.storytrender.com/wp-content/uploads/2018/03/6_CATERS_WORLDS_BIGGEST_PUPPY_WEIGHT_12_STONE_07-777x1024.jpg
000030.jpg,https://www.101dogbreeds.com/wp-content/uploads/2018/03/Images-of-Molossus-of-Epirus.jpg
000031.jpg,https://i.pinimg.com/originals/91/7b/91/917b9118281541a3ee36072f2ea94abd.jpg
000032.jpg,https://4.bp.blogspot.com/-yQsKyKDnwZg/VwDUBe1sPxI/AAAAAAAAEJg/_HrcMUMTskki526Jf6UTwBHB4KofK6DrA/s1600/d6bcbd_3d79a45927b24cdb81a3266faeb0fb1d.jpg.png
000033.jpg,https://www.modernmolosser.com/sites/default/files/Neo%20brace.png
000034.jpg,https://i.ytimg.com/vi/2o6Z0SkkDfw/hqdefault.jpg
000035.jpg,http://copparistorante.com/images/img01.jpg
000036.jpg,https://i.ytimg.com/vi/ZWsh0McETac/maxresdefault.jpg
000037.jpg,http://albanianstudies.weebly.com/uploads/3/4/6/9/3469404/528646_orig.jpg
000038.jpg,https://i.ytimg.com/vi/kDi8wMu3N1s/maxresdefault.jpg
000039.jpg,http://albanianstudies.weebly.com/uploads/3/4/6/9/3469404/2229349.jpg?274
000040.jpg,http://www.molosserdogs.com/gallery/albums/userpics/11586/PAO512.JPG
000041.jpg,http://www.majesticanimals.net/wp-content/uploads/2019/03/32.jpg
000042.jpg,https://i.ytimg.com/vi/IzNtUUI1qUw/maxresdefault.jpg
000043.jpg,https://www.americandogfederation.com/images/am4.jpg
000044.jpg,https://www.designerbreedregistry.com/sitebuilder/images/am8-390x390.jpg
000045.jpg,https://bigdogbreeds.info/wp-content/uploads/2018/10/Molossus-dog-size.jpg
000046.jpg,https://i.ytimg.com/vi/Qw_G44AkdvY/hqdefault.jpg
000047.jpg,https://www.101dogbreeds.com/wp-content/uploads/2018/03/Molossus-of-Epirus-Dog.jpg
000048.jpg,http://www.storytrender.com/wp-content/uploads/2018/03/9_CATERS_WORLDS_BIGGEST_PUPPY_WEIGHT_12_STONE_10-1024x765.jpg
000049.jpg,https://www.dogbreedinfo.com/images31/MolossusExtinctDogBreedInfoDrawingLargeDog2.jpg
000050.jpg,https://peopledotcom.files.wordpress.com/2018/03/biggest-puppy.jpg?crop=0px%2C0px%2C2000px%2C1051px&resize=1200%2C630
