image,source
000001.jpg,https://upload.wikimedia.org/wikipedia/commons/thumb/8/8a/Montenegrin_Mountain_Hound_2.jpg/220px-Montenegrin_Mountain_Hound_2.jpg
000002.jpg,https://images.wagwalkingweb.com/media/breed/montenegrin-mountain-hound/hero/Montenegrin-Mountain-Hound.jpg
000003.jpg,https://i.pinimg.com/236x/65/69/8b/65698b79bc64b8eb73099eb0c5b35c29.jpg
000004.jpg,http://www.zooclub.biz/img/katalog/17/77/406_28.jpg
000005.jpg,https://images.wagwalkingweb.com/media/activity_guides/hero/1536317162.5/activities-for-montenegrin-mountain-hounds.jpg
000006.jpg,http://2.bp.blogspot.com/_LYxGQn08RU4/SEMoepHeQ2I/AAAAAAAAAXk/hbrAM3-kZ3E/s320/Crnogorski+Planinski+Goni%C4%8D+MONTENEGRIN+MOUNTAIN+HOUND.bmp
000007.jpg,http://www.fci.be/Nomenclature/Illustrations/279g06.jpg
000008.jpg,https://c8.alamy.com/comp/PFM14G/montenegrin-mountain-hound-sitting-side-view-PFM14G.jpg
000009.jpg,https://2puppies.com/api/media/cache/breed_photo/Montenegrin-Mountain-Hound/Montenegrin-Mountain-Hound-1.jpg
000010.jpg,https://www.biggamehunt.net/sites/default/files/files/cezarbar_750.jpg
000011.jpg,https://media.gettyimages.com/photos/montenegrin-mountain-hound-male-dog-sitting-picture-id98954610
000012.jpg,https://i.pinimg.com/originals/ac/82/af/ac82af62e98f9beaa686cd80612a57e0.jpg
000013.jpg,https://bigdogbreeds.info/wp-content/uploads/2018/10/Montenegrin-Mountain-Hound-dog-temperament.jpg
000014.jpg,http://www.dogwallpapers.net/wallpapers/montenegrin-mountain-hound-by-the-ocean-wallpaper.jpg
000015.jpg,https://upload.wikimedia.org/wikipedia/commons/4/4b/Montenegrin_Mountain_Hound.jpg
000016.jpg,https://s3.amazonaws.com/cdn-origin-etr.akc.org/wp-content/uploads/2017/11/13191700/Bavarian.190758538.jpg
000017.jpg,https://i.pinimg.com/originals/f6/25/39/f62539839c18a0fb795f62d84126f39c.jpg
000018.jpg,https://i1.wp.com/www.farmandpetplace.co.uk/blog/wp-content/uploads/2014/05/Montenegro.jpg?ssl=1
000019.jpg,http://www.dogwallpapers.net/wallpapers/montenegrin-mountain-hound-near-the-house-photo.jpg
000020.jpg,https://banner2.kisspng.com/20180619/hlz/kisspng-field-spaniel-gordon-setter-picardy-spaniel-monten-5b28dff2c91a29.7822821615294054268237.jpg
000021.jpg,https://previews.123rf.com/images/dneprstock/dneprstock1810/dneprstock181000028/109735692-montenegrin-mountain-hound-dog-of-crnogorski-planinski-goni-breed-digital-art-illustration-pet-from-.jpg
000022.jpg,https://banner2.kisspng.com/20180330/edw/kisspng-austrian-black-and-tan-hound-black-and-tan-coonhou-dogs-5abe41f8b01220.2970795815224181687212.jpg
000023.jpg,http://www.dogbreedstandards.com/wp-content/uploads/2013/04/Montenegrin-Mountain-Hound.jpg
000024.jpg,http://www.kscg.co.me/images/CRNOGORKICE.jpg
000025.jpg,http://www.kscg.co.me/images/Berta%20Sutormanska%20-%20Berta.jpg
000026.jpg,https://www.ukcdogs.com/images/breeds/montenegrin-mountain-hound.jpg
000027.jpg,https://images-na.ssl-images-amazon.com/images/I/61xHwzZzTOL._UX385_.jpg
000028.jpg,http://www.dogwallpapers.net/wallpapers/sleeping-montenegrin-mountain-hound-wallpaper.jpg
000029.jpg,https://www.worldlydogs.com/uploads/5/2/2/3/52234445/252179.png
000030.jpg,https://images-wixmp-ed30a86b8c4ca887773594c2.wixmp.com/f/abb77c2a-1ae5-4624-b220-1da069ba667e/dcpnj1h-94614b60-9fab-4b6f-a3a7-eed6f1f01cb9.png/v1/fill/w_912,h_876,q_70,strp/year_of_the_dog___montenegrin_mountain_hound_by_kelgrid_dcpnj1h-pre.jpg?token=eyJ0eXAiOiJKV1QiLCJhbGciOiJIUzI1NiJ9.eyJzdWIiOiJ1cm46YXBwOjdlMGQxODg5ODIyNjQzNzNhNWYwZDQxNWVhMGQyNmUwIiwiaXNzIjoidXJuOmFwcDo3ZTBkMTg4OTgyMjY0MzczYTVmMGQ0MTVlYTBkMjZlMCIsIm9iaiI6W1t7ImhlaWdodCI6Ijw9OTYwIiwicGF0aCI6IlwvZlwvYWJiNzdjMmEtMWFlNS00NjI0LWIyMjAtMWRhMDY5YmE2NjdlXC9kY3BuajFoLTk0NjE0YjYwLTlmYWItNGI2Zi1hM2E3LWVlZDZmMWYwMWNiOS5wbmciLCJ3aWR0aCI6Ijw9MTAwMCJ9XV0sImF1ZCI6WyJ1cm46c2VydmljZTppbWFnZS5vcGVyYXRpb25zIl19.NrO6lM5KOYUeSe9R7Jieq7EMk9R8ksJoICwJPrRlXZs
000031.jpg,https://cdn.tzy.li/tzy/previews/images/001/609/447/571/original/montenegrin-mountain-hound-shirt-gift.jpg?1551791347
000032.jpg,https://images-na.ssl-images-amazon.com/images/I/51zcceiAr4L._SL1010_.jpg
000033.jpg,https://www.biggamehunt.net/sites/default/files/files/boki6_168.jpg
000034.jpg,https://www.doglib.com/wp-content/uploads/sites/2/mo/montenegrin-picture-of-array-russkiy-toy-toy-terrier-welpen-terrier-breed.jpg
000035.jpg,https://images.prod.meredith.com/product/043bf88bc36d3b13413cd5b0dc6a28eb/1501616145308/l/montenegrin-mountain-hound-dog-themed-etched-all-purpose-16oz-libbey-can-glass
000036.jpg,https://images.fineartamerica.com/images/artworkimages/mediumlarge/1/montenegrin-mountain-hound-in-watercolor-pablo-romero.jpg
000037.jpg,https://bigdogbreeds.info/wp-content/uploads/2018/10/Montenegrin-Mountain-Hound-dog-characteristics4.jpg
000038.jpg,https://upload.wikimedia.org/wikipedia/commons/5/50/Sardog.jpg
000039.jpg,https://get.pxhere.com/photo/animal-background-animals-nature-winter-lemur-white-head-mammal-tiger-beautiful-wild-wildlife-cat-zoo-cage-enclosure-portrait-cute-park-domestic-face-field-scene-funny-dog-breed-dog-austrian-black-and-tan-hound-dachshund-polish-hunting-dog-dog-like-mammal-hound-montenegrin-mountain-hound-hunting-dog-1429585.jpg
000040.jpg,https://images-na.ssl-images-amazon.com/images/I/41tFw9LpQbL._SX425_.jpg
000041.jpg,http://www.tiptopglobe.com/big-photo/montenegrin-mountain-hound-dog-standard-1.jpg
000042.jpg,https://www.dogtrophy.com/wp-content/uploads/2018/03/bosanskibarak.jpg
000043.jpg,http://www.dogwallpapers.net/wallpapers/montenegrin-mountain-hound-photo.jpg
000044.jpg,https://upload-2.dogzer.net/image_global/4-251-dog-montenegrin-mountain-hound/_light-137057-maddy.jpg
000045.jpg,https://images-na.ssl-images-amazon.com/images/I/41yHmW3dzkL._SX342_.jpg
000046.jpg,http://www.dogwallpapers.net/wallpapers/montenegrin-mountain-hound-dog-wallpaper.jpg
000047.jpg,https://images-na.ssl-images-amazon.com/images/I/611RGFcjE%2BL._SY355_.jpg
000048.jpg,https://st.hzcdn.com/simgs/8501999108beec93_4-6834/home-design.jpg
000049.jpg,https://www.lovac.info/media/k2/items/cache/2ee6f501a6569cf213987ad1c50a88aa_XL.jpg
000050.jpg,https://ih1.redbubble.net/image.661106037.0481/stf,small,600x600-pad,750x1000,f8f8f8.jpg
