image,source
000001.jpg,https://i.ytimg.com/vi/du0G7dFI46s/hqdefault.jpg
000002.jpg,https://upload.wikimedia.org/wikipedia/commons/0/02/Moscow_watchdog_4.JPG
000003.jpg,https://www.dogbreedslist.info/uploads/allimg/dog-pictures/Moscow-Watchdog-1.jpg
000004.jpg,https://dogsaholic.com/wp-content/uploads/2018/06/Moscow-Watchdog-standing-in-the-forest-810x516.jpg
000005.jpg,https://www.russiandog.net/wp-content/uploads/2009/11/russian-watchdog.jpg
000006.jpg,https://dogsaholic.com/wp-content/uploads/2018/06/Moscow-Watchdog-puppies-680x487.jpg
000007.jpg,https://www.europuppy.com/wp-content/uploads/2016/01/Moscow-Watchdog-480x360.jpg
000008.jpg,https://www.russiandog.net/wp-content/uploads/2012/10/moscow_watchdog.jpg
000009.jpg,https://i.pinimg.com/originals/4f/de/b1/4fdeb1cd50fa27b6b61edef11612ae21.jpg
000010.jpg,http://www.molosserdogs.com/albums/album09/akl.jpg
000011.jpg,https://www.101dogbreeds.com/wp-content/uploads/2017/12/Images-of-Moscow-Watchdog.jpg
000012.jpg,https://www.dogbreedslist.info/uploads/allimg/dog-pictures/Moscow-Watchdog-2.jpg
000013.jpg,https://i.ytimg.com/vi/LwUmh4tKTS8/hqdefault.jpg
000014.jpg,https://www.101dogbreeds.com/wp-content/uploads/2017/12/Moscow-Watchdog-Pictures.jpg
000015.jpg,https://www.petguide.com/wp-content/uploads/2016/11/moscow-watchdog.jpg
000016.jpg,https://upload.wikimedia.org/wikipedia/commons/e/e4/Moscow_watchdog_4_years.jpg
000017.jpg,http://sapurebredpets.co.za/wp-content/uploads/2016/07/moscow-watchdog.jpg
000018.jpg,https://thumbs.dreamstime.com/z/portrait-puppy-moscow-watchdog-sentry-dog-white-background-103095691.jpg
000019.jpg,https://i.ytimg.com/vi/YFv05WcbSEs/hqdefault.jpg
000020.jpg,https://st4.depositphotos.com/4311229/20066/i/1600/depositphotos_200664932-stock-photo-moscow-watchdog-looks-aside-moscow.jpg
000021.jpg,https://nationalpurebreddogday.com/wp-content/uploads/2016/07/Moscow_watchdog_puppy.jpg
000022.jpg,https://i.pinimg.com/originals/5a/76/6a/5a766a251ac02bd0428efd8c39d7b855.jpg
000023.jpg,https://www.101dogbreeds.com/wp-content/uploads/2017/12/Moscow-Watchdog.jpg
000024.jpg,https://dogsaholic.com/wp-content/uploads/2018/06/Moscow-Watchdog-puppies-playing-680x382.jpg
000025.jpg,https://www.dogzone.com/images/breeds/moscow-watchdog-800.jpg
000026.jpg,https://images-na.ssl-images-amazon.com/images/I/51mBU7iZp7L._SX331_BO1,204,203,200_.jpg
000027.jpg,https://www.europuppy.com/wp-content/uploads/temp45-1024x640.jpg
000028.jpg,https://live.staticflickr.com/8148/7297564752_fe74b1220a_b.jpg
000029.jpg,https://s3-eu-west-2.amazonaws.com/metro-news-s3-prod/wp-content/uploads/2018/11/Header_2095793_16.9-1024x576.jpg
000030.jpg,https://i.ytimg.com/vi/ZdKACmbXq5k/maxresdefault.jpg
000031.jpg,http://cdn.greatdogsite.com/resources/photos/from_owners/Moscow%20Watchdog-watermarked-1244109624.jpg
000032.jpg,https://www.dog-harnesses-store.co.uk/images/large/Nylon-Harness-Moscow-watchdog_LRG.JPG
000033.jpg,http://www.europetnet.com/images/dogbreeds/moscowwatchdog.jpg
000034.jpg,https://www.dogbreedslist.info/uploads/allimg/dog-pictures/Moscow-Watchdog-3.jpg
000035.jpg,https://cdn.imgbin.com/22/6/2/imgbin-st-bernard-dog-breed-moscow-watchdog-puppy-companion-dog-puppy-UEvyZt5phtAGmtsKVHNrDdUcd.jpg
000036.jpg,https://www.101dogbreeds.com/wp-content/uploads/2017/12/Moscow-Watchdog-Images.jpg
000037.jpg,https://c8.alamy.com/comp/ERENHP/moscow-watchdog-ERENHP.jpg
000038.jpg,https://www.petguide.com/wp-content/uploads/2016/11/moscow-watchdog-2.jpg
000039.jpg,https://www.fordogtrainers.com/images/dog-harnesses/Moscow-Watchdog-Harness-Nylon-Pulling-H6-small.jpg
000040.jpg,https://n4.sdlcdn.com/imgs/d/8/0/Moscow-Watchdog-Activities-Moscow-Watchdog-SDL905494047-1-cc0f2.jpg
000041.jpg,http://www.dogwallpapers.net/wallpapers/resting-moscow-watchdog-photo.jpg
000042.jpg,https://www.dogbreedinfo.com/images6/Moscow_WAtchdog_pics3.jpg
000043.jpg,https://www.russiandog.net/wp-content/uploads/2018/08/Moscow-Watchdog-breed.jpg
000044.jpg,https://www.europuppy.com/wp-content/uploads/desc45-1024x640.jpg
000045.jpg,https://upload.wikimedia.org/wikipedia/commons/d/d6/Moscow_watchdog_Apollon.JPG
000046.jpg,http://en.happybowwow.org/12_-_25d1_2581_25d1_2582_25d0_25be_25d1_2580_25d0_25be_25d0_25b6_25d0_25b5_25d0_25b2_25d0_25b0_25d1_2580fea1ba762.jpg
000047.jpg,https://alchetron.com/cdn/moscow-watchdog-d1a08c07-c0e3-494c-8aff-886a046fffd-resize-750.jpeg
000048.jpg,https://previews.123rf.com/images/ingamiv/ingamiv1702/ingamiv170200067/73671797-moscow-watchdog-on-green-grass-close-up.jpg
000049.jpg,https://i.imgur.com/dhpMCyz.jpg
000050.jpg,https://cdn.imgbin.com/25/14/3/imgbin-pyrenean-mastiff-st-bernard-dog-breed-moscow-watchdog-landseer-dog-newfoundland-dog-AtAqZ4MXvcNfcCk6JWzASt9YR.jpg
