image,source
000001.jpg,https://i.ytimg.com/vi/48szI1aKLBs/maxresdefault.jpg
000002.jpg,https://upload.wikimedia.org/wikipedia/commons/thumb/4/41/Mtncur.png/220px-Mtncur.png
000003.jpg,https://i.ytimg.com/vi/JsrJHQaU1N0/hqdefault.jpg
000004.jpg,https://s3.amazonaws.com/cdn-origin-etr.akc.org/wp-content/uploads/2017/11/12230641/Mountain-Cur-On-White-01.jpg
000005.jpg,http://upload.wikimedia.org/wikipedia/commons/a/a7/MountainCur.jpg
000006.jpg,https://www.dogster.com/wp-content/uploads/2018/09/Mountain-Cur-dog-breed.jpg
000007.jpg,https://animalso.com/wp-content/uploads/2017/11/Treeing-Tennessee-Brindle-1024x1024.jpg
000008.jpg,https://thehappypuppysite.com/wp-content/uploads/2017/11/mountain-cur.jpg
000009.jpg,https://animalso.com/wp-content/uploads/2017/11/mountain-cur.jpg
000010.jpg,https://i0.wp.com/puppytoob.com/wp-content/uploads/2015/10/mountain-cur.jpg?zoom=2.625&resize=380%2C264
000011.jpg,https://dl5zpyw5k3jeb.cloudfront.net/photos/pets/44544355/5/?bust=1556208608
000012.jpg,https://live.staticflickr.com/4628/38844263135_2278263af1_b.jpg
000013.jpg,http://3.bp.blogspot.com/-ctAA21nEDzY/UOhP-Gt5hwI/AAAAAAAABKg/DzC4urSd6u4/s1600/mountain_cur_5.jpg
000014.jpg,https://petaware.com/wp-content/uploads/2018/08/mountain-cur-canine.jpg
000015.jpg,https://i.pinimg.com/originals/45/d5/fb/45d5fb29bc98e6ce942cb5bf8723ed58.jpg
000016.jpg,https://www.101dogbreeds.com/wp-content/uploads/2014/11/Mountain-Cur-Dog.jpg
000017.jpg,https://dogsaholic.com/wp-content/uploads/2018/07/Mountain-Cur-standing-in-the-yard.png
000018.jpg,https://dogsnet.com/wp-content/uploads/2019/03/mountain-cur-mix.jpg
000019.jpg,https://topicimages.mrowl.com/large/vanessasaprincess/dogbreeds/foundationstoc/mountaincur_1.jpg
000020.jpg,https://www.101dogbreeds.com/wp-content/uploads/2014/11/Mountain-Cur-Photos.jpg
000021.jpg,https://dogsaholic.com/wp-content/uploads/2018/07/Mountain-Cur-puppy-sitting-680x568.jpg
000022.jpg,https://i0.wp.com/puppytoob.com/wp-content/uploads/2015/09/Mountain-Curs-are-great-family-dogs.jpg?zoom=2.625&resize=380%2C288
000023.jpg,https://www.allthingsdogs.com/wp-content/uploads/2019/04/Mountain-Cur-Feature.jpg
000024.jpg,https://img.dog-learn.com/dog-breeds/mountain-cur/mountain-cur-puppy-i1.jpg
000025.jpg,https://www.k9web.com/wp-content/uploads/2019/05/Mountain-Cur.jpg
000026.jpg,https://www.101dogbreeds.com/wp-content/uploads/2014/11/Mountain-Cur-Images.jpg
000027.jpg,https://dogsnet.com/wp-content/uploads/2019/03/mountain-cur.jpg
000028.jpg,https://www.dogmal.com/wp-content/uploads/2017/04/cur_mountain_puppies.jpg
000029.jpg,https://doglime.com/wp-content/uploads/2019/03/Mountain-Cur-Information..jpg
000030.jpg,https://www.101dogbreeds.com/wp-content/uploads/2014/11/Mountain-Cur-Pictures.jpg
000031.jpg,https://img.dog-learn.com/dog-breeds/mountain-cur/mountain-cur-sz14.jpg
000032.jpg,https://www.k9web.com/wp-content/uploads/2019/05/mountain-cur-swimming-370x247.jpg
000033.jpg,http://lasthopeanimalrescue.org/wp-content/uploads/2017/06/sheila-1-300x259.jpg
000034.jpg,https://i.pinimg.com/originals/d6/c9/17/d6c91788db4485c9dc70e93ff30409ab.jpg
000035.jpg,http://globaldogbreeds.com/wp-content/uploads/2018/05/Mountain-Cur-Pictures.jpg
000036.jpg,https://www.k9web.com/wp-content/uploads/2019/05/mountain-cur-profile-780x519.jpg
000037.jpg,https://doggiedesigner.com/wp-content/uploads/2018/09/Mountain-Cur-1.jpg
000038.jpg,https://i.pinimg.com/originals/c4/fc/5c/c4fc5c4aa5f7851960fbdeceaf0e0782.jpg
000039.jpg,http://globaldogbreeds.com/wp-content/uploads/2018/05/Mountain-Cur-Dog-Pictures.jpg
000040.jpg,https://s3.amazonaws.com/cdn-origin-etr.akc.org/wp-content/uploads/2017/11/12205430/Treeing-Tennessee-Brindle-on-White-01-400x267.jpg
000041.jpg,https://gundoglisting.com/wp-content/uploads/2016/09/Kemmer-Stock.png
000042.jpg,https://www.allthingsdogs.com/wp-content/uploads/2019/04/Mountain-Cur-Mix.jpg
000043.jpg,https://petaware.com/wp-content/uploads/2018/08/mountain-cur-dog1.jpg
000044.jpg,https://pet-uploads.adoptapet.com/0/a/f/186538511.jpg
000045.jpg,https://i.pinimg.com/originals/d4/e2/c2/d4e2c244536a9605e0535412b50c8be5.jpg
000046.jpg,https://www.dogbreedslist.info/uploads/allimg/dog-pictures/Mountain-Cur-2.jpg
000047.jpg,https://i.redd.it/fvmw6t105ww01.jpg
000048.jpg,https://animalso.com/wp-content/uploads/2017/11/English-pointer-d-1024x683.jpg
000049.jpg,https://dogsaholic.com/wp-content/uploads/2018/07/Mountain-Cur-standing-680x382.jpg
000050.jpg,https://www.101dogbreeds.com/wp-content/uploads/2014/11/Mountain-Cur-Dog-Pictures.jpg
