image,source
000001.jpg,https://www.dogspot.in/new/breed_engine/images/dog_images/mudhol_hound.jpg
000002.jpg,https://th.thgim.com/society/uk3baw/article26149884.ece/alternates/FREE_660/31VZNATIVEDOG1
000003.jpg,https://static.topyaps.com/wp-content/uploads/2017/11/Named-after-a-village.jpg
000004.jpg,https://upload.wikimedia.org/wikipedia/commons/2/2b/Caravan_hound_Closeupfire.jpg
000005.jpg,https://i.ytimg.com/vi/eugqsd2nvII/hqdefault.jpg
000006.jpg,https://d1u4oo4rb13yy8.cloudfront.net/article/72725-lfvoeruhio-1509604099.jpg
000007.jpg,http://nammabagalkot.in/files/2012/11/1295146734_156867090_3-Mudhol-houndCaravan-Hound-Pups-Available-Animals.jpg
000008.jpg,https://static.topyaps.com/wp-content/uploads/2017/11/Descendants.jpg
000009.jpg,http://www.easypetmd.com/sites/default/files/Mudhol%20Hound%20(1).jpg
000010.jpg,https://qph.fs.quoracdn.net/main-qimg-00b4037b32d8f9d0f0c0262b8df7e573
000011.jpg,https://www.deccanherald.com/sites/dh/files/styles/article_detail/public/article_images/2018/12/16/Mudhol%20Hound%20DH-1544967162.jpg?itok=6K9a71xv
000012.jpg,http://www.caravanhound.in/home/wp-content/uploads/2017/02/Mudhol.jpg
000013.jpg,https://www.thehindu.com/society/uk3baw/article26149884.ece/ALTERNATES/LANDSCAPE_615/31VZNATIVEDOG1
000014.jpg,https://images.wagwalkingweb.com/media/breed/mudhol-hound/hero/Mudhol-Hound.jpg
000015.jpg,https://i.ytimg.com/vi/rZGgmSP9yl8/maxresdefault.jpg
000016.jpg,https://www.oneindia.com/img/2017/11/mudhol-02-1509586621.jpg
000017.jpg,https://c8.alamy.com/comp/GD6F8C/caravan-hound-GD6F8C.jpg
000018.jpg,https://www.dogspot.in/puppies/images/1223053205.jpg
000019.jpg,http://nattumadu.in/wp-content/uploads/2018/02/The-mascot-of-the-2002-Indian-National-Games-was-Veera-an-Ongole-Bull.-11.png
000020.jpg,https://www.k9rl.com/wp-content/uploads/2016/04/Mudhol-Hound.jpg
000021.jpg,https://www.k9rl.com/wp-content/uploads/2016/04/Mudhol-Hound-hunting-hare.jpg
000022.jpg,https://3.bp.blogspot.com/-59qUdVGWNWM/W8G0lEZ-xEI/AAAAAAAAEnc/9jIW1z7CRnIWQTcTjoG5Eqg8eOzQsfKMwCLcBGAs/s1600/pashmi.jpg
000023.jpg,https://c8.alamy.com/comp/XA922W/caravan-hound-XA922W.jpg
000024.jpg,https://i.pinimg.com/originals/ae/23/34/ae233408e5fe684a762d4128067e50b3.jpg
000025.jpg,https://www.frontline.in/migration_catalog/article23016603.ece/alternates/FREE_615/FL26dog4jpg
000026.jpg,https://doggiebazaar.com/stories/wp-content/uploads/2018/05/mud.png
000027.jpg,http://rebellionvoice.com/wp-content/uploads/2017/11/Mudhol_dog_760x400.jpg
000028.jpg,https://i0.wp.com/defencelover.in/wp-content/uploads/2017/11/modul.jpg?resize=696%2C545
000029.jpg,https://th.thgim.com/news/national/karnataka/yj4oiq/article25274729.ece/alternates/FREE_660/21BG-MUDOLDOG-1
000030.jpg,https://www.newskarnataka.com/storage/photos/shares/mudhol_hound.jpg
000031.jpg,https://cdn.shopify.com/s/files/1/1199/8502/files/Mudhol_hound_2048x2048.jpg?3539970748156249425
000032.jpg,https://animalsadda.com/wp-content/uploads/2017/12/Mudhol-Hound-3.jpg
000033.jpg,https://images.jdmagicbox.com/comp/porbandar/a2/9999px286.x286.170619141501.y1a2/catalogue/i-love-my-pet-porbandar-ho-porbandar-pet-shops-dlrz78u.jpg
000034.jpg,https://static.topyaps.com/wp-content/uploads/2017/11/Completing-tasks.jpg
000035.jpg,https://www.dogbreedinfo.com/images25/MudholHoundCaravanDogSadhu2YearsOldPurebredKCI2.jpg
000036.jpg,https://www.bobhata.com/sites/default/files/styles/home_page_latest_articles/public/field/image/Full%20grown%20mudhol%20hound.jpeg?itok=VbewtyiS
000037.jpg,http://images.newindianexpress.com/uploads/user/imagelibrary/2019/2/26/w900X450/cats.jpg
000038.jpg,https://www.k9rl.com/wp-content/uploads/2016/04/Mudhol-Hounds.jpg
000039.jpg,https://www.thedailypao.com/wp-content/uploads/2017/03/ChippiparaisMAIN.jpg
000040.jpg,https://www.4petneeds.com/uploads/breeds/mudhol-hound-banner.jpg
000041.jpg,https://s3.ap-southeast-1.amazonaws.com/cdn.deccanchronicle.com/sites/default/files/dog_10.jpg
000042.jpg,https://www.deccanherald.com/sites/dh/files/styles/article_detail/public/article_images/2015/01/26/455843.gif?itok=dyeTyYJz
000043.jpg,https://im.indiatimes.in/content/2017/Nov/61428523_1509602681.jpg
000044.jpg,https://www.oneindia.com/image/560x292x81/2017/11/44682255-mudhol-hound-first-indian-breed-of-dog-to-be-inducted-into-army.jpg
000045.jpg,http://images.newindianexpress.com/uploads/user/imagelibrary/2015/10/30/3/original/Baga.jpg
000046.jpg,https://www.hindustantimes.com/rf/image_size_960x540/HT/p2/2019/04/20/Pictures/_bb74b400-6377-11e9-bb04-32a78a0b0bbe.jpg
000047.jpg,https://i.ytimg.com/vi/DUwpu6i8XD0/hqdefault.jpg
000048.jpg,https://i.pinimg.com/originals/92/2d/d0/922dd0655474661861531061c565c90f.jpg
000049.jpg,https://new-img.patrika.com/upload/2018/12/18/mudhol_dog_3853019_835x547-m.jpg
000050.jpg,https://th.thgim.com/migration_catalog/article10107667.ece/alternates/FREE_660/06bg_BJFIR_onli+07MN_MUDHOL.jpg.jpg
