image,source
000001.jpg,https://cdn3-www.dogtime.com/assets/uploads/gallery/mudi-dog-breed-pictures/mudi-dog-breed-pictures-1.jpg
000002.jpg,https://s3.amazonaws.com/cdn-origin-etr.akc.org/wp-content/uploads/2017/11/02190758/Mudi-care.jpg
000003.jpg,https://cdn1-www.dogtime.com/assets/uploads/2018/04/mudi-dog-breed-pictures-header-460x260.jpg
000004.jpg,https://s3.amazonaws.com/cdn-origin-etr.akc.org/wp-content/uploads/2017/11/12230639/Mudi-On-White-01.jpg
000005.jpg,https://vetstreet-brightspot.s3.amazonaws.com/ca/44/a0728a0647d5a51a526285efac11/mudi-ap-0nbax4-645sm63014.jpg
000006.jpg,https://s3.amazonaws.com/cdn-origin-etr.akc.org/wp-content/uploads/2017/11/02190743/Mudi-puppy.jpg
000007.jpg,https://upload.wikimedia.org/wikipedia/commons/c/c4/Hondenras_Mudi.jpg
000008.jpg,https://vetstreet-brightspot.s3.amazonaws.com/1c/24/d921890343588c4ff4e324c67dc8/mudi-ap-0hpgbv-645sm63014.jpg
000009.jpg,https://images.ctfassets.net/w00x6p5qkejz/3dDhqoTGBq0uwSiCcy0Q66/bfc30314315eaf64e6d0d4e5bc6425d5/Mudi2.png
000010.jpg,https://doglime.com/wp-content/uploads/2019/04/Mudi-Dog-Breed..jpg
000011.jpg,https://i.ytimg.com/vi/EypFmr6QLbA/maxresdefault.jpg
000012.jpg,https://www.k9rl.com/wp-content/uploads/2016/08/Mudi-colours.jpg
000013.jpg,http://www.dogzone.com/images/breeds/mudi.jpg
000014.jpg,https://vetstreet.brightspotcdn.com/dims4/default/0eafbff/2147483647/crop/641x378%2B0%2B236/resize/645x380/quality/90/?url=https%3A%2F%2Fvetstreet-brightspot.s3.amazonaws.com%2F1c%2F24%2Fd921890343588c4ff4e324c67dc8%2Fmudi-ap-0hpgbv-645sm63014.jpg
000015.jpg,https://www.petguide.com/wp-content/uploads/2013/04/mudi.jpg
000016.jpg,https://animalsbreeds.com/wp-content/uploads/2015/03/Mudi-2.jpg
000017.jpg,http://kovesbercibetyarkennel2.weebly.com/uploads/1/3/6/1/13616168/1350480078.jpg
000018.jpg,https://media.mercola.com/ImageServer/Public/2017/February/mudi-hungarian-herding-dog.jpg
000019.jpg,https://www.petguide.com/wp-content/uploads/2013/04/mudi-2-300x209.jpg
000020.jpg,https://www.europuppy.com/wp-content/uploads/349-1024x640.jpg
000021.jpg,https://vetstreet-brightspot.s3.amazonaws.com/20/59/8ddf6cd6407e96bbc2a1e9d017fd/mudi-ap-1yn2ih-700sm63014.jpg
000022.jpg,https://brit-petfood.com/file/nodes/product/mudi.JPG
000023.jpg,https://media.mnn.com/assets/images/2017/05/mudi-breed.jpg.638x0_q80_crop-smart.jpg
000024.jpg,https://dogsaholic.com/wp-content/uploads/2018/06/Mudi-Dog-standing-on-grass-810x608.jpg
000025.jpg,https://www.dierenhofdebrabandere.be/fotos/rassen-groot/122/9716afdf3379e92da0c0fae8b1308f00.jpg?Mudi
000026.jpg,https://nationalpurebreddogday.com/wp-content/uploads/2019/01/12496209_535806513253115_1923558138798648058_o.jpg
000027.jpg,https://www.dierenhofdebrabandere.be/fotos/rassen-groot/122/6628c3194326a3a806b81f14ebb27ef9.JPG?Mudi
000028.jpg,http://bib.ge/dogs/big/23212.jpg
000029.jpg,https://dogbreedatlas.com/images/dog-breed-photos/mudi/001/mudi-1461069323-2.jpg
000030.jpg,https://www.101dogbreeds.com/wp-content/uploads/2016/10/Mudi-Dog.jpg
000031.jpg,https://i.redd.it/yvau8yqac1n21.jpg
000032.jpg,https://researchbreeder.com/images/Breed%20Pictures/M/Mudi.jpg
000033.jpg,https://researchbreeder.com/images/Mudi-Puppies.jpg
000034.jpg,http://www.dognotebook.com/wp-content/uploads/2016/01/Mudi-cover.jpg
000035.jpg,https://www.dogbreedplus.com/dog_breeds/images/mudi_dog_002.jpg
000036.jpg,https://www.dogbreedinfo.com/images23/MudiBreederQuetalcoatlSmoke.jpg
000037.jpg,https://sites.google.com/site/twistedacreskennel/_/rsrc/1494722946341/our-mudi/Ryder1.jpg?height=400&width=266
000038.jpg,https://www.dogbreedslist.info/uploads/allimg/dog-pictures/Mudi-3.jpg
000039.jpg,https://images.ctfassets.net/w00x6p5qkejz/4xASQbIOPuoI0QisWuKGeG/7662474098b305cb29e6cf2df52c534f/Mudi3.png
000040.jpg,https://www.dierenhofdebrabandere.be/fotos/rassen-groot/122/cfd52e385ef02d21c280b12d2e16ab24.jpg
000041.jpg,https://doglime.com/wp-content/uploads/2019/03/Mudi-information..jpg
000042.jpg,https://i.ytimg.com/vi/hu3S6wI2Jy4/hqdefault.jpg
000043.jpg,https://media.mnn.com/assets/images/2016/12/mudi-dog.jpg.638x0_q80_crop-smart.jpg
000044.jpg,https://dogell.com/uploads/photos/mudi/big_cute-hungarian-mudi-puppy-485.jpg
000045.jpg,https://dogell.com/uploads/breed/thumb_mudi.jpg
000046.jpg,https://i.pinimg.com/originals/89/75/b1/8975b1602b57175c063316532e046ec1.jpg
000047.jpg,https://www.europuppy.com/wp-content/uploads/mudi1.jpg
000048.jpg,https://www.k9rl.com/wp-content/uploads/2016/08/blue-merle-Mudi.jpg
000049.jpg,https://previews.123rf.com/images/eriklam/eriklam1006/eriklam100600205/7108095-black-and-merle-mudi-dog-sticking-out-tongue.jpg
000050.jpg,https://www.mudi-canada.ca/uploads/1/1/3/4/11345441/7910676_orig.jpg
