image,source
000001.jpg,https://upload.wikimedia.org/wikipedia/commons/4/43/New_Guinea_Singing_Dog_on_trail-Cropped.jpg
000002.jpg,https://media.mnn.com/assets/images/2014/06/pariah-dog-new-guniea-singing.jpg.638x0_q80_crop-smart.jpg
000003.jpg,https://www.petguide.com/wp-content/uploads/2018/01/new-guinea-singing-dog.jpg
000004.jpg,http://wildspiritwolfsanctuary.org/wp-content/uploads/Shy-Princess-Often-Looks-Worried-1.jpg
000005.jpg,https://www.pets4homes.co.uk/images/articles/3407/large/all-about-the-extremely-rare-new-guinea-singing-dog-56851692de23b.jpg
000006.jpg,https://www.dogster.com/wp-content/uploads/2015/07/new-guinea-singing-dog.jpg
000007.jpg,https://www.lafayette.in.gov/ImageRepository/Document?documentID=4706
000008.jpg,https://www.petguide.com/wp-content/uploads/2015/04/new-guinea-singing-dog.jpg
000009.jpg,https://ckcusa.com/media/147721/new-guinea-singing-dog.jpg?preset=ckcBreedImage375
000010.jpg,https://www.dogbreedslist.info/uploads/allimg/dog-pictures/New-Guinea-Singing-Dog-2.jpg
000011.jpg,https://primitivedogs.com/wp-content/uploads/2016/12/New-Guinea-Dingo-featured.jpg
000012.jpg,https://i.pinimg.com/236x/ab/3a/82/ab3a823284b84dc771d3edecf78b5911--rare-dogs-wild-dogs.jpg
000013.jpg,https://live.staticflickr.com/2701/4188127062_8a1d13eb0b_b.jpg
000014.jpg,https://animals.sandiegozoo.org/sites/default/files/2016-12/SingingDog_ZN.jpg
000015.jpg,https://i.ytimg.com/vi/wd0R9qmU8-I/hqdefault.jpg
000016.jpg,http://www.spockthedog.com/wp-content/uploads/2016/03/New-Guinea-Singing-Dog.jpg
000017.jpg,https://www.conservatorscenter.org/wp-content/uploads/2016/08/Hagen-1-340x224.jpg
000018.jpg,http://dogbreedsaz.com/wp-content/uploads/2018/10/New-Guinea-Singing-Dog.jpg
000019.jpg,https://www.zooborns.com/.a/6a010535647bf3970b0120a6c905c7970b-pi
000020.jpg,https://images.boredomfiles.com/wp-content/uploads/sites/5/2018/09/singing-dog-731x417.jpg
000021.jpg,https://www.dogalize.com/wp-content/uploads/2017/11/New-Guinea-Singing-Dog.jpg
000022.jpg,https://dgicdplf3pvka.cloudfront.net/images/dogbreeds/1100183.jpg
000023.jpg,http://www.dogzone.com/images/breeds/new-guinea-singing-dog.jpg
000024.jpg,http://www.spockthedog.com/wp-content/uploads/2016/03/New-Guinea-Singing-Dog1.jpg
000025.jpg,https://naples.floridaweekly.com/wp-content/uploads/images/2018-02-15/2p1.jpg
000026.jpg,https://www.nasa.gov/centers/goddard/images/content/663996main_kumi_logs.jpg
000027.jpg,http://bransonswildworld.com/wp-content/uploads/2013/04/Dingos.jpg
000028.jpg,http://www.panhandleexotics.com/images/ngsd.jpg
000029.jpg,https://i.pinimg.com/originals/b6/57/a1/b657a14cf1fb661f54df2a2fff097eeb.jpg
000030.jpg,https://static1.squarespace.com/static/599614f9893fc0950a1350ad/t/5b0c5d770e2e723b747fac52/1527537020292/New-Guinea-Singing-Dog-3.jpg
000031.jpg,https://www.zoochat.com/community/media/new-guinea-singing-dog-exmoor-zoo-22-may-2015.297084/full?d=1436018741
000032.jpg,https://i.redd.it/nb2jknighcy01.jpg
000033.jpg,http://padsociety.org/wp-content/uploads/2014/03/NGSD-adult-pair.jpg
000034.jpg,http://primitivedogs.com/wp-content/uploads/2016/12/Singing-Dog-carnassials.jpg
000035.jpg,https://animals.sandiegozoo.org/sites/default/files/2016-09/animals_hero_singingdog02_0.jpg
000036.jpg,https://www.petpremium.com/wp-content/uploads/ppbr/breeds/new-guinea-singing-dog_profile_350x400.jpg
000037.jpg,http://wildspiritwolfsanctuary.org/wp-content/uploads/Bono-Princess-and-Reba.jpg
000038.jpg,https://i0.wp.com/twolittlecavaliers.com/wp-content/uploads/2013/11/New-Guinea-Singing-dogs.png?resize=540%2C300
000039.jpg,https://upload.wikimedia.org/wikipedia/commons/d/d9/Mother_New_Guinea_Singing_Dog_with_litter_of_puppies.jpg
000040.jpg,https://stevedebbiemiller.net/wp-content/uploads/2017/03/2017-03-10-New-Guinea-Singing-Dogs.jpg
000041.jpg,https://vignette.wikia.nocookie.net/zt2downloadlibrary/images/2/27/New_Guinea_Singing_Dog_%28Whalebite%29.png/revision/latest?cb=20160130201641
000042.jpg,https://storage.googleapis.com/wzukusers/user-27134375/images/58acbe02a220eY0XjZOk/dingo-face-2-370.jpg
000043.jpg,http://3.bp.blogspot.com/-qNQXKEQIHjM/VB3uf8sQJbI/AAAAAAAAsqw/Zpt7FUXcMH0/s1600/ScreenShot2243.jpg
000044.jpg,https://images.fineartamerica.com/images/artworkimages/mediumlarge/2/new-guinea-singing-dog-shoal-hollingsworth.jpg
000045.jpg,https://c8.alamy.com/comp/P4JKE2/new-guinea-singing-dog-P4JKE2.jpg
000046.jpg,https://api.discovery.com/v1/images/58a255c76b66d13009d3a98c?aspectRatio=16x9&width=1200&key=3020a40c2356a645b4b4
000047.jpg,https://i.ytimg.com/vi/6Yo3-MWwJxw/hqdefault.jpg
000048.jpg,https://a4.pbase.com/o2/26/152326/1/121763111.OuaymCkI.NewGuineaSingingDogPuppies10.jpg
000049.jpg,https://www.sciencesource.com/Doc/TR1_WATERMARKED/3/e/7/a/SS2245870.jpg?d63641713529
000050.jpg,http://allpetnews.com/wp-content/uploads/2013/03/new-guinea-singing-dog.jpg
