image,source
000001.jpg,http://www.easypetmd.com/sites/default/files/North%20Country%20Beagle.jpg
000002.jpg,https://upload.wikimedia.org/wikipedia/commons/6/6b/Beagle_%28PSF%29.png
000003.jpg,http://www.easypetmd.com/sites/default/files/North%20Country%20Beagle%20(1).JPG
000004.jpg,http://www.easypetmd.com/sites/default/files/North%20Country%20Beagle%20(3).jpg
000005.jpg,https://i.ytimg.com/vi/BhRXNAS9Xws/hqdefault.jpg
000006.jpg,http://www.easypetmd.com/sites/default/files/North%20Country%20Beagle%20(4).jpg
000007.jpg,http://www.easypetmd.com/sites/default/files/North%20Country%20Beagle%20(2).jpg
000008.jpg,https://vignette.wikia.nocookie.net/dog-breed4080/images/1/1b/North-country-beagle-photo.jpg/revision/latest?cb=20170917194947
000009.jpg,https://www.dogbreedinfo.com/images31/NorthCountryBeagleExtinctDogBreedInfoDrawing2.jpg
000010.jpg,https://i.pinimg.com/originals/40/21/f8/4021f8bb6f00d40a953c5f77a7ab15de.jpg
000011.jpg,https://i.pinimg.com/originals/88/84/ab/8884ab32a5812da2713773bd14a95ef5.png
000012.jpg,https://i.pinimg.com/originals/f5/9e/d6/f59ed6d87a8df619f9e9967f8e07f678.jpg
000013.jpg,https://images-na.ssl-images-amazon.com/images/I/61b3FFieEEL._SR600%2C315_PIWhiteStrip%2CBottomLeft%2C0%2C35_SCLZZZZZZZ_.jpg
000014.jpg,https://upload.wikimedia.org/wikipedia/commons/5/55/Beagle_600.jpg
000015.jpg,https://retrieverman.files.wordpress.com/2009/08/southern-hound.jpg?w=500
000016.jpg,http://www.dogwallpapers.net/wallpapers/cute-north-country-beagles-pic.jpg
000017.jpg,https://images-na.ssl-images-amazon.com/images/I/61b3FFieEEL.jpg
000018.jpg,https://i.ytimg.com/vi/K4ZR6Evrncs/hqdefault.jpg
000019.jpg,https://alchetron.com/cdn/north-country-beagle-68c3275d-c6aa-4440-932e-1246a45d201-resize-750.jpeg
000020.jpg,https://breedinfo.ru/uploads/posts/2015-12/4_north_country_beagle.jpg
000021.jpg,https://i.pinimg.com/originals/59/6b/d9/596bd90dbd831affe3cb20c935cf8d5b.jpg
000022.jpg,https://images-na.ssl-images-amazon.com/images/I/41eopLJjWoL._SX331_BO1,204,203,200_.jpg
000023.jpg,https://www.ncal.com/wp-content/uploads/2017/12/elmo5-2-e1512396267904-1080x675.jpg
000024.jpg,https://images-na.ssl-images-amazon.com/images/I/51CXlVVFqXL._SX425_.jpg
000025.jpg,https://www.wiki-pet.com/images/breeds/dog/breed-images/25/super-size/beagle-3.jpg
000026.jpg,https://www.ncal.com/wp-content/uploads/2017/08/Flora3-e1503677674642-1080x675.jpg
000027.jpg,https://i.ytimg.com/vi/tlVaWpr2TBQ/hqdefault.jpg
000028.jpg,https://images-na.ssl-images-amazon.com/images/I/41t6M5dTyKL._SX331_BO1,204,203,200_.jpg
000029.jpg,https://www.thedailytail.com/wp-content/uploads/2019/01/pet-3635986_1280.jpg
000030.jpg,https://i2.wp.com/planetabeagle.com/wp-content/uploads/2018/10/apolo-beagle-tricolor.jpg?resize=688%2C516
000031.jpg,https://www.ncal.com/wp-content/uploads/2019/04/gail-2-1080x675.jpg
000032.jpg,https://i.ebayimg.com/images/g/sQcAAOSwW8Ra~~uZ/s-l300.jpg
000033.jpg,https://keyassets.timeincuk.net/inspirewp/live/wp-content/uploads/sites/8/2018/05/Pat-Sutton-Beagles-for-CL-11_190421941_261563551.jpg
000034.jpg,http://nebula.wsimg.com/f5098f2e907202813c4097b0baeea908?AccessKeyId=810977F2E5B0338D621D&disposition=0&alloworigin=1
000035.jpg,https://cdn.shopify.com/s/files/1/0980/7550/products/front_b7a1f4f3-91f0-4c4d-a4dd-966b39d6c79d_large.png?v=1520767611
000036.jpg,https://irp-cdn.multiscreensite.com/e5dbb6fb/dms3rep/multi/mobile/beagles-year-1885-500x345.dm.edit_TIk1Gg.jpg
000037.jpg,https://images-na.ssl-images-amazon.com/images/I/71sqITXLB4L._SY355_.jpg
000038.jpg,https://www.laneraebeagles.com/TattleTC.jpg
000039.jpg,http://www.puppy-4-sale.net/beagle-puppy-2.jpg
000040.jpg,https://vetstreet-brightspot.s3.amazonaws.com/75/371580ca7a11e0ad9e12313817c323/file/Beagle-1-645mk062311.jpg
000041.jpg,https://bowwowinsurance.com.au/wp-content/uploads/2018/10/beagle-standing.jpg
000042.jpg,https://www.animalssale.com/uploads/1500x1500/5937abbc2385d.jpg?v8
000043.jpg,http://www.dogbreedindex.com/store/images/c16a5320fa475530d9583c34fd356ef52.jpg
000044.jpg,https://petmela.in/wp-content/uploads/2019/02/Petmela-beagle-canine-730x350.jpg
000045.jpg,https://cdn.32pt.com/public/sl-prod-od-0/images/retail-products/19CA719C47E1A7/19CA719C47E1A7-E3D978D00E56-GS0-TC0-ATH/front/regular.jpg
000046.jpg,http://www.easypetmd.com/sites/default/files/Beagle%20(3).JPG
000047.jpg,https://www.ncal.com/wp-content/uploads/2018/09/Louie-1-1080x675.jpg
000048.jpg,https://thewirecutter.com/wp-content/uploads/2017/11/dog-jackets-lowres-3265.jpg
000049.jpg,https://media-cdn.tripadvisor.com/media/photo-s/10/de/c6/2a/nh-rollinsford-north.jpg
000050.jpg,https://www.barkbusters.com/themes/usa/media/breed-of-the-month/beagle/Beagle9.jpeg
