image,source
000001.jpg,https://cdn2-www.dogtime.com/assets/uploads/2011/01/file_23276_norwegian-lundehund-460x290.jpg
000002.jpg,http://cdn.akc.org/content/hero/Norwegian_Lundehund_Hero.jpg?cachebuster:62
000003.jpg,https://s3.amazonaws.com/cdn-origin-etr.akc.org/wp-content/uploads/2017/11/21194206/Norwegian-Lundehund-puppy.jpg
000004.jpg,https://www.rover.com/blog/wp-content/uploads/2018/05/solan.jpg
000005.jpg,https://s3.amazonaws.com/cdn-origin-etr.akc.org/wp-content/uploads/2017/11/12230304/Norwegian-Lundehund-On-White-03.jpg
000006.jpg,https://s3.amazonaws.com/cdn-origin-etr.akc.org/wp-content/uploads/2017/11/12230414/Norwegian-Buhund-On-White-01-400x267.jpg
000007.jpg,https://vetstreet.brightspotcdn.com/dims4/default/52ac30d/2147483647/thumbnail/645x380/quality/90/?url=https%3A%2F%2Fvetstreet-brightspot.s3.amazonaws.com%2Fc1%2F97%2F8a0cf5ac4a49973425a68a737b78%2FNorwegian-Lundehund-AP-0U6XEX-645sm5814.jpg
000008.jpg,https://d17fnq9dkz9hgj.cloudfront.net/breed-uploads/2018/08/norwegian-lundehund-detail.jpg?bust=1535566189&width=355
000009.jpg,https://s3.amazonaws.com/cdn-origin-etr.akc.org/wp-content/uploads/2017/11/21194215/Norwegian-Lundehund.jpg
000010.jpg,https://dgicdplf3pvka.cloudfront.net/images/dogbreeds/large/Norwegian-Lundehund.jpg
000011.jpg,https://vetstreet-brightspot.s3.amazonaws.com/c8/00/dffca894432483743775f24fbc89/norwegian-lundehund-ap-0s0ajm.jpg
000012.jpg,https://cdn2-www.dogtime.com/assets/uploads/gallery/norwegian-lundehund-dog-breed-pictures/drinking-9.jpg
000013.jpg,https://upload.wikimedia.org/wikipedia/commons/1/10/Lundehund-2003.jpg
000014.jpg,http://www.pethealthnetwork.com/sites/default/files/content/images/norwegian-lundehund187782111.png
000015.jpg,https://www.petguide.com/wp-content/uploads/2013/10/norwegian-lundehund.jpg
000016.jpg,https://images.wagwalkingweb.com/media/breed/norwegian-lundehund/hero/Norwegian-Lundehund1.jpg
000017.jpg,http://puppyfinder.org.uk/wp/wp-content/uploads/2013/01/norwegian_lundehund.jpg
000018.jpg,https://s3.amazonaws.com/cdn-origin-etr.akc.org/wp-content/uploads/2017/11/12230327/Norwegian-Lundehund-History-03.jpg
000019.jpg,https://www.rover.com/blog/wp-content/uploads/2018/05/kissing-lundies.jpg
000020.jpg,https://doggiedesigner.com/wp-content/uploads/2018/03/10.1.jpg
000021.jpg,https://www.skk.se/globalassets/nku/filer/images/nordic-breeds/norsk-lundehund_vibeke-brath.jpg
000022.jpg,https://d17fnq9dkz9hgj.cloudfront.net/breed-uploads/2018/08/norwegian-lundehund-card-small.jpg?bust=1535568234
000023.jpg,https://i.pinimg.com/originals/4c/40/fa/4c40faa9d16093bdf85d847644b3d3e7.jpg
000024.jpg,http://primitivedogs.com/wp-content/uploads/2015/12/Norwegian-Lundehun-flexibility.jpg
000025.jpg,https://thehappypuppysite.com/wp-content/uploads/2018/12/Norwegian-Lundehund-tall.jpg
000026.jpg,https://www.dogbreedslist.info/uploads/allimg/dog-pictures/Norwegian-Lundehund-3.jpg
000027.jpg,https://www.petful.com/wp-content/uploads/2016/05/Norwegian-lundehund.jpg
000028.jpg,https://vetstreet-brightspot.s3.amazonaws.com/c5/1b/f1691d04495ea8355efa79981223/norwegian-lundehund-ap-0ejaat.jpg
000029.jpg,https://images.baklol.com/2_jpega2acee73a397338ea282ab9eb7583e41.jpeg
000030.jpg,https://www.101dogbreeds.com/wp-content/uploads/2016/12/Dog-Norwegian-Lundehund.jpg
000031.jpg,https://www.purina.com/sites/g/files/auxxlc196/files/styles/kraken_generic_max_width_240/public/NonSporting_Norwegian-Lundehund.jpg?itok=hLv_r5Ta
000032.jpg,https://s3.amazonaws.com/cdn-origin-etr.akc.org/wp-content/uploads/2017/11/12230330/Norwegian-Lundehund-History-01.jpg
000033.jpg,https://i.pinimg.com/originals/ca/bc/17/cabc178f12202f1f34c1e903bbf532b6.jpg
000034.jpg,http://www.dogspotters.com/dog-breed-photos/norwlund.jpg
000035.jpg,https://s3.amazonaws.com/cdn-origin-etr.akc.org/wp-content/uploads/2017/11/12220844/Norwegian-Lundehund-Illo-2-500x500.jpg
000036.jpg,https://justmansbestfriendforlife.com/wp-content/uploads/2014/10/Norwegian-Lundehund.jpg
000037.jpg,http://primitivedogs.com/wp-content/uploads/2015/12/Norwegian-Puffin-Dog.jpg
000038.jpg,https://cdn3-www.dogtime.com/assets/uploads/2011/01/file_23284_norwegian-buhund-460x290.jpg
000039.jpg,https://nationalpurebreddogday.com/wp-content/uploads/2017/04/10624678_356421844524917_8015067881447017197_n.jpg
000040.jpg,https://www.pets4homes.co.uk/images/articles/3943/large/five-interesting-facts-about-the-norwegian-buhund-that-you-probably-dont-know-58a6db59bfc08.jpg
000041.jpg,https://www.dogbreedplus.com/dog_breeds/images/Norwegian-lundehund-004.jpg
000042.jpg,https://www.dogbreedinfo.com/images6/Lundehundlynk_2.jpg
000043.jpg,https://dogwellnet.com/uploads/monthly_2017_01/586e815711f4a_BalderisahandsomeF1-malefromaNorwegianLundehundxBuhundcrossPhotographerPlBerg.jpg.a838b74f9c3688b29cebdb195fda667d.jpg
000044.jpg,https://i.ytimg.com/vi/XDDzQBA3PFE/hqdefault.jpg
000045.jpg,https://dogwellnet.com/uploads/monthly_2017_01/586e81560df3d_NorwegianLundehundfemaleShensileftandNorwegianLundehundxBuhundcrossBanzairight.PhotographerJrnOlavLkken.jpg.cb0e7c12dbd60b6cc98b6f09eba4e03e.jpg
000046.jpg,https://thehappypuppysite.com/wp-content/uploads/2018/12/Norwegian-Lundehund-long.jpg
000047.jpg,https://trackidog.com/wp-content/uploads/2019/02/Norwegian-Lundehund.jpg
000048.jpg,https://banner2.kisspng.com/20180719/lel/kisspng-dog-breed-norwegian-lundehund-norway-drawing-m-02-customs-5b50e4c77b7131.6067793315320281035056.jpg
000049.jpg,https://trackidog.com/wp-content/uploads/2019/02/Norwegian-Archipelago.png
000050.jpg,https://www.rover.com/blog/wp-content/uploads/2018/05/Lundehund-Paw.jpg
