image,source
000001.jpg,https://cdn1-www.dogtime.com/assets/uploads/gallery/nova-scotia-duck-tolling-retriever-dog-breed-pictures/1-face.jpg
000002.jpg,https://d17fnq9dkz9hgj.cloudfront.net/breed-uploads/2018/08/nova-scotia-duck-tolling-retriever-card-small.jpg?bust=1535568113
000003.jpg,https://upload.wikimedia.org/wikipedia/commons/thumb/f/f9/2Y4N6-1.jpg/220px-2Y4N6-1.jpg
000004.jpg,https://i.pinimg.com/736x/fe/98/30/fe9830169c9fab41cb813b43c69ddc8f.jpg
000005.jpg,https://cdn1-www.dogtime.com/assets/uploads/2011/01/file_22990_nova-scotia-duck-tolling-retriever-460x290.jpg
000006.jpg,https://previews.123rf.com/images/madrabothair/madrabothair1705/madrabothair170500697/79081035-outdoor-portrait-of-a-nova-scotia-duck-tolling-retriever.jpg
000007.jpg,https://ctl.s6img.com/society6/img/3HqPS-fJORNex30x69dKpXh5FSg/w_700/prints/~artwork/s6-original-art-uploads/society6/uploads/misc/d379da05b73e47f2b0943f81ef94eed2/~~/nova-scotia-duck-tolling-retriever-new-scotland-retriever-toller-dog-prints.jpg
000008.jpg,https://s3.amazonaws.com/cdn-origin-etr.akc.org/wp-content/uploads/2017/11/12212948/Nova-Scotia-Duck-Tolling-Retriever-slide.jpg
000009.jpg,https://images-na.ssl-images-amazon.com/images/I/51pcnc4qgRL._SX331_BO1,204,203,200_.jpg
000010.jpg,https://previews.123rf.com/images/studiovandam/studiovandam1702/studiovandam170200111/72850160-the-nova-scotia-duck-tolling-retriever-or-toller-for-short-is-a-medium-sized-breed-of-gundog-bred-pr.jpg
000011.jpg,https://s3.amazonaws.com/cdn-origin-etr.akc.org/wp-content/uploads/2017/11/12230227/Nova-Scotia-Duck-Tolling-Retriever-MP.jpg
000012.jpg,https://vetstreet-brightspot.s3.amazonaws.com/ec/edb760a8af11e0a0d50050568d634f/file/nova-scotia-duck-tolling-retriever-5-645mk070411.jpg
000013.jpg,https://doglime.com/wp-content/uploads/2019/03/Nova-Scotia-Duck-Tolling-Retriever-dog_information.jpg
000014.jpg,https://images-na.ssl-images-amazon.com/images/I/51Ar7IgNkKL._SX329_BO1,204,203,200_.jpg
000015.jpg,https://cdn.shopify.com/s/files/1/1133/5028/files/Nova_Scotia_Toller_puppy.jpg?v=1491146936
000016.jpg,https://i.redd.it/d83t4dmy0zz01.jpg
000017.jpg,http://www.pethealthnetwork.com/sites/default/files/styles/large/public/the-nova-scotia-duck-tolling-retriever.png?itok=UrSn8u7Q
000018.jpg,https://i.pinimg.com/originals/51/a6/ea/51a6eae1f8f039771e2834b1bae3ac1f.jpg
000019.jpg,https://vetstreet-brightspot.s3.amazonaws.com/d5/a490b0a8af11e0a0d50050568d634f/file/nova-scotia-duck-tolling-retriever-4-645mk070411.jpg
000020.jpg,http://www.dogzone.com/images/breeds/nova-scotia-duck-tolling-retriever.jpg
000021.jpg,https://previews.123rf.com/images/annaav/annaav1612/annaav161200090/66766771-nova-scotia-duck-tolling-retriever-dogs-australian-shepherd-and-jack-russell-terrier-together.jpg
000022.jpg,http://cdn.akc.org/Karat.jpg
000023.jpg,https://images-na.ssl-images-amazon.com/images/I/51294BngKSL._SX450_.jpg
000024.jpg,https://images.saatchiart.com/saatchi/699512/art/3008629/2078522-GTBMHSRG-7.jpg
000025.jpg,https://cdn.shopify.com/s/files/1/1133/5028/products/nova-scotia-duck-tolling-dog-15tube-dog4_90cc99d1-7f0a-4238-8188-6618c18e6901_2048x.jpg?v=1551947969
000026.jpg,https://kbimages1-a.akamaihd.net/3358312d-dace-4ec2-8f04-1d1686a3a5d9/353/569/90/False/a-beginners-guide-to-nova-scotia-duck-tolling-retrievers.jpg
000027.jpg,https://www.purina.com.au/-/media/Project/Purina/Main/Breeds/Dog/Mobile/Dog_Nova-Scotia-Duck-Tolling-Retriever_Mobile.jpg?h=300&la=en&w=375&hash=2F0C475A095ED928F50194561F74B7CD
000028.jpg,https://t1.pixers.pics/img-c676e9e9/posters-nova-scotia-duck-tolling-retriever.jpg?H4sIAAAAAAAAA42PWU7FMAxFt9NKae3MSRfwft8Sqmboo9BJSYGK1ZMC4g8JWfJwZR_rwuuahzGCj-sREyxTCHOEcZrLlLsU8_QRKyRcs7or6lwhYt1tbzH5tO1VI5E0VHCiKBJJdd29D-VyGdJL9XQce-4AMm_36Sy4UnwGv2RgSDWgAWmNNZSPaBV3_T43-RjWMKTQCHlybPf1QfCK_3MNUATpAnXKmYDCmZ4xPCU2v4QvLDeWCKUu9I9LjUj05e5I01IVu1vZPqrn_VHDHz-_eyhXcLuDYiDYla28pP52V0wwxazsBQ_eY4y06Fo5HzAOTmoTg5ZOW9uWL58Vdv_LiwEAAA==
000029.jpg,https://www.rover.com/blog/wp-content/uploads/2016/11/nova-scotia-duck-tolling-retriever.jpg
000030.jpg,https://www.featurepics.com/StockImage/20130216/tolling-retriever-stock-photo-2612331.jpg
000031.jpg,https://i.pinimg.com/originals/f3/bf/24/f3bf243f8a4971c648814a805632abf9.jpg
000032.jpg,https://previews.123rf.com/images/annaav/annaav1610/annaav161000248/64505186-dog-nova-scotia-duck-tolling-retriever-walk-in-the-forest-in-summer.jpg
000033.jpg,https://i.ytimg.com/vi/5Lk-mXlYaRc/maxresdefault.jpg
000034.jpg,https://cmkt-image-prd.global.ssl.fastly.net/0.1.0/ps/6334510/910/1365/m2/fpnw/wm1/t66v8prcuem7qnn4mpoplsx6m0l9vz6oiajzoxy3zpdqeqpac4dsrja6tyj6yosg-.jpg?1556892149&s=99ca7f0d32931b657b46bca7e89b07ba
000035.jpg,https://images.fineartamerica.com/images-medium-large-5/1-nova-scotia-duck-tolling-retriever-john-daniels.jpg
000036.jpg,https://ih1.redbubble.net/image.10095754.7394/flat,550x550,075,f.jpg
000037.jpg,https://www.westhillvet.com/wp-content/uploads/sites/3/2017/10/dogbreedX800-TEST-690x1024.png
000038.jpg,https://www.k9web.com/wp-content/uploads/2019/01/Nova-Scotia-Duck-Tolling-Retrievers-2.jpg
000039.jpg,https://images-na.ssl-images-amazon.com/images/I/511Chp7xBDL.jpg
000040.jpg,https://s3.amazonaws.com/cdn-origin-etr.akc.org/wp-content/uploads/2017/11/12230224/Nova-Scotia-Duck-Tolling-Retriever-On-White-02.jpg
000041.jpg,https://www.nbcsports.com/sites/nbcsports.com/files/2018/11/21/nbc_dog_sporting_novascotiaducktollingretriever_181120.jpg
000042.jpg,https://dogbreedcartoon.com/wp-content/uploads/2016/12/Nova-Scotia-Duck-Tolling-Retriever-Orange-Edition.png
000043.jpg,https://www.yourpurebredpuppy.com/dogbreeds/photos-MNOP/novascotiaducktollingretrieversf3.jpg
000044.jpg,https://d17fnq9dkz9hgj.cloudfront.net/breed-uploads/2018/08/nova-scotia-duck-tolling-retriever-detail.jpg?bust=1535566206&width=355
000045.jpg,https://previews.123rf.com/images/mirawonderland/mirawonderland1707/mirawonderland170700526/81585022-cute-sitting-nova-scotia-duck-tolling-retriever-puppy-looking-up-seen-from-the-side-isolated-on-a-wh.jpg
000046.jpg,https://images.fineartamerica.com/images/artworkimages/mediumlarge/1/beautiful-nova-scotia-duck-tolling-retriever-puppy-dejavu-designs.jpg
000047.jpg,https://www.nbcsports.com/sites/nbcsports.com/files/2016/11/23/nbc_nds_sponovascotiaducktollingretriever_161121.jpg
000048.jpg,https://images.unsplash.com/photo-1536012441472-aae6b3ce330f?ixlib=rb-1.2.1&ixid=eyJhcHBfaWQiOjEyMDd9&w=1000&q=80
000049.jpg,https://images.freeart.com/comp/art-print/fa26560170/nova-scotia-duck-tolling-retriever-dog-sitting-in-a-flower-field.jpg
000050.jpg,http://2.bp.blogspot.com/-2IumeXdLesk/UPQX0MoaViI/AAAAAAAABPo/Dd2h7CqdUB4/s1600/nova_scotia_duck_tolling_retriever_6.jpg
