image,source
000001.jpg,https://upload.wikimedia.org/wikipedia/commons/thumb/1/18/Owczarek_cezar.jpg/220px-Owczarek_cezar.jpg
000002.jpg,https://thehappypuppysite.com/wp-content/uploads/2018/12/Old-German-Shepherd-long.jpg
000003.jpg,https://vetstreet.brightspotcdn.com/dims4/default/1d87d20/2147483647/thumbnail/645x380/quality/90/?url=https%3A%2F%2Fvetstreet-brightspot.s3.amazonaws.com%2F3a%2Fc3%2F424ee1bf4768973966bde73acda8%2Fgerman-shepherd-AP-1S7FRX-645sm12913.jpg
000004.jpg,http://www.dogzone.com/images/breeds/old-german-shepherd-dog.jpg
000005.jpg,https://upload.wikimedia.org/wikipedia/commons/a/a8/02.Owczarek_niemiecki_u%C5%BCytkowy_kr%C3%B3tkow%C5%82osy_suka.jpg
000006.jpg,https://usercontent1.hubstatic.com/14302398_f520.jpg
000007.jpg,http://cdn.akc.org/content/hero/gsd_grooming_header.jpg
000008.jpg,http://www.old-world-shepherds.com/001Nieko2017.JPG
000009.jpg,https://i.pinimg.com/originals/44/58/6a/44586a56a391896732b31177b7cb0a7e.jpg
000010.jpg,http://www.easypetmd.com/sites/default/files/Old%20German%20Shepherd%20(Altdeutscher%20Sch%C3%A4ferhund).jpeg
000011.jpg,https://www.ufaw.org.uk/images/animal-welfare/german-shepherd-main-photo.jpg
000012.jpg,https://www.germanshepherdrescue.co.uk/images/dax.jpg
000013.jpg,https://i.pinimg.com/736x/cf/3d/ea/cf3dea928b1a32cf8b778c4af60ce027.jpg
000014.jpg,http://gsrelite.co.uk/cms/wp-content/uploads/2013/06/download.jpg
000015.jpg,https://usercontent1.hubstatic.com/13971466_f520.jpg
000016.jpg,https://thehappypuppysite.com/wp-content/uploads/2018/12/Old-German-Shepherd-tall.jpg
000017.jpg,https://www.germanshepherdrescue.co.uk/images/chris.jpg
000018.jpg,https://www.purinaproclub.com/sites/g/files/auxxlc346/files/styles/facebook_share/public/German%20Shepherd%201%20gsd_043007_hp_md_2.jpg?itok=bDvMygBH
000019.jpg,https://www.ucdavis.edu/sites/default/files/styles/panopoly_image_full/public/images/article/german_shepherd_dog_getty.jpg?itok=LsVcvmv1
000020.jpg,https://thedogtrainingsecret.com/blog/wp-content/uploads/2017/09/German-Shepherd-Puppy-Training-580x304.png
000021.jpg,https://i.redd.it/qpw46pbt7fxy.jpg
000022.jpg,https://t1.ea.ltmcdn.com/en/images/0/5/5/img_common_diseases_of_german_shepherds_550_600.jpg
000023.jpg,https://cdn.pixabay.com/photo/2018/05/10/19/51/schafer-dog-3388580_960_720.jpg
000024.jpg,https://qph.fs.quoracdn.net/main-qimg-4d10a33bde3a7305e2632262bf15d118
000025.jpg,https://usercontent2.hubstatic.com/12713429_f520.jpg
000026.jpg,https://i.pinimg.com/originals/fc/43/9b/fc439b0fdf8a184140dff59723c675dc.jpg
000027.jpg,https://i.ytimg.com/vi/JInrGRoYly8/maxresdefault.jpg
000028.jpg,https://www.louisdonald.com/uploads/2/7/3/7/27379747/editor/kronos-anatomy-german-shepherd-louis-donald-master-english.png?1520146009
000029.jpg,https://cdn.shopify.com/s/files/1/0994/0236/files/CK3VHGjUMAAb_dt_1_large.jpeg?5774028653612919567
000030.jpg,https://germanshepherdcountry.com/wp-content/uploads/2015/06/Cozmo-12-Weeks-Collage.jpg
000031.jpg,http://www.germanwatchdogs.com/wp-content/uploads/2015/05/photo41.jpg
000032.jpg,https://g77v3827gg2notadhhw9pew7-wpengine.netdna-ssl.com/wp-content/uploads/2017/10/are-german-shepherds-good-with-kids_canna-pet-1024x768.jpg
000033.jpg,https://www.russiandog.net/wp-content/uploads/2018/02/German-Shepherd-smell.jpg
000034.jpg,https://www.pets4homes.co.uk/images/classifieds/2018/07/06/1979024/large/stunning-german-shepherd-female-18-month-old-5b3f5cbf30efb.jpg
000035.jpg,http://s6004.pcdn.co/wp-content/uploads/2015/04/6f1e0237836d51c5e95255e151a7e006.jpg
000036.jpg,https://s3.amazonaws.com/imagesroot.rescuegroups.org/webpages/s2152nruhmyfcbc3.jpg
000037.jpg,https://nimages4.champdogs.net/21397/l82896508.jpg
000038.jpg,https://www.yourpurebredpuppy.com/dogbreeds/photos2-G/german-shepherd-06.jpg
000039.jpg,https://justonemorepet.files.wordpress.com/2009/06/germanshepherddog.jpg
000040.jpg,https://www.barkbusters.com/themes/usa/media/breed-of-the-month/german-shepherd/image46.jpeg
000041.jpg,http://cdn.akc.org/content/article-body-image/gsd_health_body.JPG
000042.jpg,https://i.ytimg.com/vi/5g0-_kwTFWQ/maxresdefault.jpg
000043.jpg,https://www.shepped.com/wp-content/uploads/2016/08/german-shepherd-puppy-eating.jpg
000044.jpg,https://www.barkbusters.com/themes/usa/media/breed-of-the-month/german-shepherd/image43.jpeg
000045.jpg,https://theonlinedogtrainer.com/wp-content/uploads/2017/09/Common-German-Shepherd-Behavioral-Problems-and-Personality-Traits-695.jpg
000046.jpg,https://www.total-german-shepherd.com/images/2-month-old-german-shepherd-bites-everything-and-eats-insects-21430286.jpg
000047.jpg,https://previews.123rf.com/images/macgyverhh/macgyverhh1511/macgyverhh151100032/47899509-old-german-shepherd-dog-running.jpg
000048.jpg,https://www.dogstrust.org.uk/dogimages/1218720_marvel_20190513034710_marvel01a_800.jpg
000049.jpg,http://gsrelite.co.uk/cms/wp-content/uploads/2017/03/Akeela-292x219.jpg
000050.jpg,https://vetstreet.brightspotcdn.com/dims4/default/daea1bb/2147483647/thumbnail/645x380/quality/90/?url=https%3A%2F%2Fvetstreet-brightspot.s3.amazonaws.com%2F98%2F5c%2Fa89605db40e5bfd72ff6d0e41ae2%2Fgerman-shepherd-ap-aozjlq-645.jpg
