image,source
000001.jpg,https://www.pets4homes.co.uk/images/breeds/369/large/71b650d31fb977e206dcb63892369d08.jpg
000002.jpg,https://upload.wikimedia.org/wikipedia/commons/thumb/1/17/UKC_Olde_English_Bulldogge_Male.jpg/220px-UKC_Olde_English_Bulldogge_Male.jpg
000003.jpg,https://i.pinimg.com/originals/9f/6f/ba/9f6fba32c7c112d1f2c00185913fc0fc.jpg
000004.jpg,https://upload.wikimedia.org/wikipedia/commons/f/f7/UKC_Olde_English_Bulldogge_at_8_years_old.jpg
000005.jpg,https://i.pinimg.com/originals/22/39/70/223970540e466a31c062621634a8ac31.jpg
000006.jpg,https://www.dogbreedslist.info/uploads/allimg/dog-pictures/Olde-English-Bulldogge-2.jpg
000007.jpg,https://gfp-2a3tnpzj.stackpathdns.com/wp-content/uploads/2014/09/Rugo_photo-600x600.jpg
000008.jpg,http://r.ddmcdn.com/s_f/o_1/APL/uploads/2014/10/breeds-you-should-know10.jpg
000009.jpg,https://nebula.wsimg.com/32a8f983f121ceddf9f1d95fa9408df9?AccessKeyId=44CD5E9E22971A7D02D4&disposition=0&alloworigin=1
000010.jpg,https://i.ytimg.com/vi/em1IweF5DgI/maxresdefault.jpg
000011.jpg,http://www.ucadogs.com/images/Pheobe%20sonSM.jpg
000012.jpg,https://www.dogbreedinfo.com/images26/OldeEnglishBulldoggePurebredDogBowser2HalfYearsOldTimPic1.jpg
000013.jpg,https://www.petguide.com/wp-content/uploads/2017/01/olde-english-bulldogge.jpg
000014.jpg,https://www.muglestonfarmsthenextgeneration.com/wp-content/uploads/2018/01/Jackal-1.jpg
000015.jpg,https://upload.wikimedia.org/wikipedia/commons/1/11/Bulldog_adult_male.jpg
000016.jpg,https://i.pinimg.com/originals/ff/f4/61/fff4613dd6e30ed10525c76fc7c2a05b.jpg
000017.jpg,http://www.ucadogs.com/images/young_vito.jpg
000018.jpg,https://www.dogbreedinfo.com/images29/OldeEnglishBulldoggeCHOffTheHookBulldoggesCrush3YearsOld.jpg
000019.jpg,https://www.puppyfind.com/breed/olde_english_bulldogge/m_ayz728387a.jpg
000020.jpg,http://www.dogster.com/wp-content/uploads/2016/08/olde-english-bulldogge.jpg
000021.jpg,https://www.oneofakindbulldogs.com/wp-content/uploads/2017/09/FB_IMG_1502134599088_wm-400x450_1.jpg
000022.jpg,https://i.ytimg.com/vi/hJ4OWgoMFW4/maxresdefault.jpg
000023.jpg,https://www.ioeba.net/images/morpheus_joyfulacres_2.jpg
000024.jpg,http://poochinfo.com/wp-content/uploads/2018/03/Male-Olde-English-Bulldogge.jpg
000025.jpg,https://usercontent1.hubstatic.com/14137746_f520.jpg
000026.jpg,https://bodybuilderbulldogs.com/wp-content/uploads/2017/07/grand20slam203-1-1-1.jpg
000027.jpg,https://www.101dogbreeds.com/wp-content/uploads/2018/10/Old-English-Bulldogges.jpg
000028.jpg,https://www.dogbreedplus.com/dog_breeds/images/olde_english_bulldogge_001.jpg
000029.jpg,http://www.pedigreedatabase.com/gallerypictures/188253.jpg
000030.jpg,http://api.ning.com/files/JbqKOpRm*YKvBKipx468RNIEQzC3phhuzZIZYlEMt2c66296IZ3Rqi9RwQRBRw6-E8QQemIQeJZ37pMP4V0Z-9Wmh2yFf89-/OldeEnglishBulldoggeWoodlandBulldogs.jpg
000031.jpg,https://www.certapet.com/wp-content/uploads/2018/07/english-bulldog-1-2.jpg
000032.jpg,https://www.101dogbreeds.com/wp-content/uploads/2018/10/Olde-English-Bulldogge-Pics.jpg
000033.jpg,https://i.ytimg.com/vi/OvmJNBHDs0w/hqdefault.jpg
000034.jpg,https://mk0vitaminsforpt67wc.kinstacdn.com/wp-content/uploads/2013/06/english_bulldog_11.jpg
000035.jpg,https://bodybuilderbulldogs.com/wp-content/uploads/2018/02/creed2030-1-2.jpg
000036.jpg,https://www.dog-breeds-expert.com/images/olde_english_bulldogge_laredo-txDOTamericanlistedDotcom.jpg
000037.jpg,https://i.pinimg.com/originals/7c/d1/34/7cd134a955669104f24a1f32bf977a86.jpg
000038.jpg,https://www.ioeba.net/images/Sasquatch2.jpg
000039.jpg,https://bodybuilderbulldogs.com/wp-content/uploads/2014/03/Cass-70.jpg
000040.jpg,https://www.pets4homes.co.uk/images/classifieds/2015/06/14/991411/large/old-english-bulldog-puppies-for-sale-558046ba48eae.JPG
000041.jpg,https://ckcusa.com/media/147738/olde-english-bulldogge.jpg?preset=ckcBreedImage375
000042.jpg,https://cdn.royalcanin-weshare-online.io/92l7x2UBG95Xk-RBkdzN/v3/bd10h-english-bulldog-adult-in-black-and-white
000043.jpg,https://i2-prod.dailyrecord.co.uk/incoming/article13398755.ece/ALTERNATES/s615/0_dog.jpg
000044.jpg,http://www.barnesbulldogges.com/uploads/6/0/5/0/60506033/bindy-sue-19-sept-2017-zoey-s-second-litter-1_1_orig.jpg
000045.jpg,https://i.pinimg.com/originals/ab/5b/3d/ab5b3de417ede22c1904903f839feb01.jpg
000046.jpg,http://www.riobravobulldogs.com/images/serena01.jpg
000047.jpg,https://evolutionbulldogges.com/wp-content/uploads/2015/08/865.jpg
000048.jpg,https://da1urhpfd469z.cloudfront.net/uploads/advertphotos/19/0519/38319914-687-640x853.jpg
000049.jpg,https://oldenglishbulldogpuppies.com/wp-content/uploads/done3y3.jpg
000050.jpg,https://www.insideedition.com/sites/default/files/styles/931x523/public/images/2018-06/062418-szasza-1280x720.jpg?h=c673cd1c&itok=fMrAkl8P
