image,source
000001.jpg,https://cdn3-www.dogtime.com/assets/uploads/2011/01/file_23190_old-english-sheepdog-460x290.jpg
000002.jpg,https://cdn1-www.dogtime.com/assets/uploads/gallery/old-english-sheepdog-dog-breed-pictures/floof-6.jpg
000003.jpg,https://www.pets4homes.co.uk/images/breeds/49/large/2d28a86690eb641b75e3661f3975b9a5.jpg
000004.jpg,https://live.staticflickr.com/8260/8606062722_ed77b2fa06_b.jpg
000005.jpg,https://d17fnq9dkz9hgj.cloudfront.net/breed-uploads/2018/08/old-english-sheepdog-detail.jpg?bust=1535566218&width=355
000006.jpg,https://upload.wikimedia.org/wikipedia/commons/e/ed/Old_English_Sheepdog_%28side%29.jpg
000007.jpg,https://s3.amazonaws.com/cdn-origin-etr.akc.org/wp-content/uploads/2017/11/12212937/Old-English-Sheepdogs-on-white-02.jpg
000008.jpg,https://i.ytimg.com/vi/og-dUTB-VAA/hqdefault.jpg
000009.jpg,https://www.k9web.com/wp-content/uploads/2019/01/Old-English-Sheepdog-d-3-753x1024.jpg
000010.jpg,https://s3.amazonaws.com/cdn-origin-etr.akc.org/wp-content/uploads/2017/11/25164515/Old_engl-400x267.jpg
000011.jpg,https://www.thesprucepets.com/thmb/Kyze-64ja8PlP-KUIRb6e5pxH6c=/450x0/filters:no_upscale():max_bytes(150000):strip_icc()/old-english-sheepdog-sticking-out-tongue-713838563-5c0a7582c9e77c0001e281c7.jpg
000012.jpg,https://www.yourpurebredpuppy.com/dogbreeds/photos-MNOP/oldenglishsheepdogsf1.jpg
000013.jpg,https://vetstreet.brightspotcdn.com/dims4/default/7d0026e/2147483647/thumbnail/645x380/quality/90/?url=https%3A%2F%2Fvetstreet-brightspot.s3.amazonaws.com%2Fd2%2F0bf180a38911e087a80050568d634f%2Ffile%2Fold-english-sheepdog-3-645mk062411.jpg
000014.jpg,https://lh5.googleusercontent.com/EnNOvaKVXgKa4_Tcg5cHRotyhnl2-12ST2jEtt8CP20ARW7U9K2ylNEO-8LLgMsM-5C42_JvAUTPl2LyHkkS1GAsbKxVcTSwzYrdS4HlujBrIDpG8P9RGRZupT6ViDWk-p09jrWv
000015.jpg,https://cdn.omlet.co.uk/images/cache/1024/682/Dog-Old_English_Sheepdog-A_Old_English_Sheepdog,_sitting_beautifully,_waiting_for_a_command.jpg
000016.jpg,https://vetstreet.brightspotcdn.com/dims4/default/a9c5c31/2147483647/crop/0x0%2B0%2B0/resize/645x380/quality/90/?url=https%3A%2F%2Fvetstreet-brightspot.s3.amazonaws.com%2Fe4%2F038d80a38911e087a80050568d634f%2Ffile%2FOld-English-Sheepdog-1-645mk062111.jpg
000017.jpg,https://www.urbanpawsuk.com/wp-content/uploads/2016/08/22104444_762842800590155_5629943938973435293_o.jpg
000018.jpg,https://i.pinimg.com/originals/4a/b4/e9/4ab4e946652ea0fb4ff4e69b46aba5a5.jpg
000019.jpg,https://www.nbcsports.com/sites/nbcsports.com/files/2017/11/28/nd_her_oldenglishsheepdog_171120.jpg
000020.jpg,http://www.petmd.com/sites/default/files/breedopedia/shagshadow%201.jpg
000021.jpg,http://www.pethealthnetwork.com/sites/default/files/content/images/old-english-sheepdog102106958.png
000022.jpg,https://t1.ea.ltmcdn.com/en/images/5/5/4/img_the_main_difference_between_a_bearded_collie_and_an_old_english_sheepdog_2455_paso_2_600.jpg
000023.jpg,https://images-ra.adoptapet.com/seo/1/ff/302_ff.jpg
000024.jpg,https://www.selectadogbreed.com/media/1135/oldenglishsheepdog_puppy.jpg
000025.jpg,https://i2-prod.mirror.co.uk/incoming/article16527014.ece/ALTERNATES/s615/1_73249064.jpg
000026.jpg,https://lh4.googleusercontent.com/m5GXqdli0qQ4H2egnGEIPGk7K9hh81PQw4KMstH4qXxA9anldeXs4KsSP_Q9xFBzrdpA14zzS6YyR0Mt5aL_FByoJ9fzv-wAMMsmy_DMsMdchFXDPh0202hItpXQKwLG9oL_h6RF
000027.jpg,https://trupanion.com/-/media/trupanion/images/hero/mobile/old-english-sheepdog-mobile.jpg
000028.jpg,https://modernfarmer.com/wp-content/uploads/2013/12/marybloomwestminsterkennelclub.jpg
000029.jpg,https://i.pinimg.com/originals/74/f7/03/74f7030eab0c775478c88ae5ddbd586b.jpg
000030.jpg,https://s3.amazonaws.com/cdn-origin-etr.akc.org/wp-content/uploads/2017/11/12230147/Old-English-Sheepdog-On-White-03.jpg
000031.jpg,https://canadiandogs.com/wp-content/uploads/Old-English-Sheepdog.jpg
000032.jpg,https://www.nbcsports.com/sites/nbcsports.com/files/2018/11/21/nbc_dog_herding_oldenglighsheepdog_181119.jpg
000033.jpg,https://www.k9rl.com/wp-content/uploads/2016/08/Old-English-Sheepdog-image.jpg
000034.jpg,http://static.ddmcdn.com/en-us/apl/breedselector/images/breed-selector/dogs/breeds/old-english-sheepdog_03_lg.jpg
000035.jpg,https://www.thesun.co.uk/wp-content/uploads/2019/06/NINTCHDBPICT000019066053.jpg
000036.jpg,https://images.ctfassets.net/w00x6p5qkejz/15Vje7zj4eiseAQqwYEgms/54ecd765b91789996031a26ccb691333/Old_English_Sheepdog1.png
000037.jpg,https://global-free-classified-ads-s02.r.worldssl.net/user_images/4801609.jpg
000038.jpg,https://bloximages.newyork1.vip.townnews.com/winchesterstar.com/content/tncms/assets/v3/editorial/a/e3/ae3fdfa3-dede-5565-a419-75ca31d587a3/59226c22c999d.image.jpg?resize=1200%2C800
000039.jpg,https://dallasnews.imgix.net/95916557CH021_MADISON_SQUAR_8652829_656374.JPG?auto=format%2Cenhance&crop=faces%2Centropy&fit=crop&q=40&or=0&w=412&h=549
000040.jpg,https://www.showsightmagazine.com/files/news/5b4358340e0812.09322627.jpg
000041.jpg,https://s3.amazonaws.com/cdn-origin-etr.akc.org/wp-content/uploads/2017/11/12230216/Old-English-Sheepdog-Care.jpg
000042.jpg,https://dogsoncamera.com/wp-content/uploads/2018/03/c8388e02-ecf7-4890-84c1-e7e1d3e2f493.jpg
000043.jpg,https://www.gopetplan.com/themes/custom/petplan_subtheme/images/breeds/cc_old_english_sheepdog.jpg
000044.jpg,https://laughingsquid.com/wp-content/uploads/2015/04/sheepdog-dog-sisters-sophie-sarah-beach.jpg?w=750
000045.jpg,https://www.petbarn.com.au/petspot/app/uploads/2016/08/56.-Old-English-Sheep-Dog.jpg
000046.jpg,https://images-na.ssl-images-amazon.com/images/I/61t9FKJU-jL._SX258_BO1,204,203,200_.jpg
000047.jpg,https://c8.alamy.com/comp/BB0KMX/bobtail-old-english-sheepdog-BB0KMX.jpg
000048.jpg,https://www.rescuepledge.org/assets/oldenglishsheepdog_Pg3VEnX.jpg
000049.jpg,https://t2.ea.ltmcdn.com/en/images/5/5/4/img_the_main_difference_between_a_bearded_collie_and_an_old_english_sheepdog_2455_600.jpg
000050.jpg,https://media.gettyimages.com/photos/an-old-english-sheepdog-arrives-on-the-first-day-of-crufts-dog-show-picture-id465259082?s=612x612
