image,source
000001.jpg,https://upload.wikimedia.org/wikipedia/commons/thumb/f/f7/UKC_Olde_English_Bulldogge_at_8_years_old.jpg/200px-UKC_Olde_English_Bulldogge_at_8_years_old.jpg
000002.jpg,https://upload.wikimedia.org/wikipedia/commons/thumb/1/17/UKC_Olde_English_Bulldogge_Male.jpg/220px-UKC_Olde_English_Bulldogge_Male.jpg
000003.jpg,https://i.pinimg.com/originals/22/39/70/223970540e466a31c062621634a8ac31.jpg
000004.jpg,https://i.pinimg.com/736x/c4/a4/7d/c4a47dd5ef367a2f3f51ec87a22fafc1.jpg
000005.jpg,https://nebula.wsimg.com/32a8f983f121ceddf9f1d95fa9408df9?AccessKeyId=44CD5E9E22971A7D02D4&disposition=0&alloworigin=1
000006.jpg,https://www.petguide.com/wp-content/uploads/2017/01/olde-english-bulldogge.jpg
000007.jpg,https://www.dogbreedslist.info/uploads/allimg/dog-pictures/Olde-English-Bulldogge-2.jpg
000008.jpg,http://www.dogster.com/wp-content/uploads/2016/08/olde-english-bulldogge.jpg
000009.jpg,http://poochinfo.com/wp-content/uploads/2018/03/Male-Olde-English-Bulldogge.jpg
000010.jpg,https://www.ioeba.net/images/morpheus_joyfulacres_2.jpg
000011.jpg,https://evolutionbulldogges.com/wp-content/uploads/2016/02/512.jpg
000012.jpg,https://www.dogbreedinfo.com/images26/OldeEnglishBulldoggePurebredDogBowser2HalfYearsOldTimPic1.jpg
000013.jpg,http://www.riobravobulldogs.com/images/Oden_02.jpg
000014.jpg,http://theabkcdogs.org/wp-content/uploads/2019/05/IMG_0008-1-e1558538818116.jpg
000015.jpg,http://www.ucadogs.com/images/Pheobe%20sonSM.jpg
000016.jpg,http://www.ucadogs.com/images/young_vito.jpg
000017.jpg,https://i.pinimg.com/originals/fc/c1/53/fcc15388099a3c573d604b773d8f41da.jpg
000018.jpg,https://www.101dogbreeds.com/wp-content/uploads/2018/10/Old-English-Bulldogges.jpg
000019.jpg,http://r.ddmcdn.com/s_f/o_1/APL/uploads/2014/10/breeds-you-should-know10.jpg
000020.jpg,https://usercontent1.hubstatic.com/14137630_f520.jpg
000021.jpg,http://www.pedigreedatabase.com/gallerypictures/188253.jpg
000022.jpg,http://www.theobkc.com/wp-content/uploads/2018/08/Olde.jpg
000023.jpg,https://www.pets4homes.co.uk/images/breeds/369/71b650d31fb977e206dcb63892369d08.jpg
000024.jpg,http://www.riobravobulldogs.com/images/Oden_03.jpg
000025.jpg,https://gfp-2a3tnpzj.stackpathdns.com/wp-content/uploads/2014/09/Rugo_photo-600x600.jpg
000026.jpg,https://www.muglestonfarmsthenextgeneration.com/wp-content/uploads/2018/01/Jackal-1.jpg
000027.jpg,https://www.petguide.com/wp-content/uploads/2017/01/olde-english-bulldogge-1.jpg
000028.jpg,https://bodybuilderbulldogs.com/wp-content/uploads/2017/07/chocolateoldeenglishbulldogge-1.jpeg
000029.jpg,https://ckcusa.com/media/147738/olde-english-bulldogge.jpg?preset=ckcBreedImage375
000030.jpg,https://i.ytimg.com/vi/ahbhmlOWg98/maxresdefault.jpg
000031.jpg,https://www.oneofakindbulldogs.com/wp-content/uploads/2017/09/FB_IMG_1502134599088_wm-400x450_1.jpg
000032.jpg,https://www.dogbreedinfo.com/images29/OldeEnglishBulldoggeCHOffTheHookBulldoggesCrush3YearsOld.jpg
000033.jpg,https://www.puppyfind.com/breed/olde_english_bulldogge/m_ayz728387a.jpg
000034.jpg,https://oneofakindbulldogs.files.wordpress.com/2012/05/362.jpg
000035.jpg,https://www.oneofakindbulldogs.com/wp-content/uploads/2015/06/male.jpg
000036.jpg,https://www.ioeba.net/images/Sasquatch2.jpg
000037.jpg,https://i.pinimg.com/originals/9f/6f/ba/9f6fba32c7c112d1f2c00185913fc0fc.jpg
000038.jpg,http://poochinfo.com/wp-content/uploads/2018/03/Brindle-and-White-Olde-English-Bulldogge.jpg
000039.jpg,http://www.ucadogs.com/images/olde_english_bulldogge.jpg
000040.jpg,https://www.101dogbreeds.com/wp-content/uploads/2018/10/Black-Olde-English-Bulldogge.jpg
000041.jpg,https://nebula.wsimg.com/3655aa676089a1ee16d9da9ee8a94bfd?AccessKeyId=44CD5E9E22971A7D02D4&disposition=0&alloworigin=1
000042.jpg,http://www.barnesbulldogges.com/uploads/6/0/5/0/60506033/bindy-sue-19-sept-2017-zoey-s-second-litter-1_1_orig.jpg
000043.jpg,http://ibcdogs.org/wp-content/uploads/2015/09/006.jpg
000044.jpg,https://rockytopk9s.com/wp/wp-content/gallery/bulldogge-female-adults/Bambi.jpg
000045.jpg,http://img1.wsimg.com/isteam/ip/377de7b4-6894-4c17-abd3-8cc4cb4689ec/44fd8453-3a8e-4c2d-86f2-c30a9e1ec8ff.jpg
000046.jpg,https://static1.squarespace.com/static/5c01b6487c932723dd8d82c3/5c031170032be4beba1acf83/5c031189aa4a997cdcf6ffee/1543704999460/Panda4.jpg?format=750w
000047.jpg,https://breedingbusiness.com/wp-content/uploads/2018/02/breeding-olde-english-bulldogge-800x400.png
000048.jpg,https://alchetron.com/cdn/old-english-bulldog-29582530-e6ad-4494-b009-7b299a50080-resize-750.jpeg
000049.jpg,https://scienceline.org/wp-content/uploads/2017/09/Top.jpg
000050.jpg,https://oldenglishbulldogpuppies.com/wp-content/uploads/done3y3.jpg
