image,source
000001.jpg,https://upload.wikimedia.org/wikipedia/commons/5/5f/Two_otterhounds.jpg
000002.jpg,https://d17fnq9dkz9hgj.cloudfront.net/breed-uploads/2018/08/Otterhound-01.jpg?bust=1539030962&width=355
000003.jpg,https://s3.amazonaws.com/cdn-origin-etr.akc.org/wp-content/uploads/2017/11/12230108/Otterhound-On-White-03.jpg
000004.jpg,https://s3.amazonaws.com/cdn-origin-etr.akc.org/wp-content/uploads/2017/11/12230118/Otterhound-MP.jpg
000005.jpg,https://s3.amazonaws.com/cdn-origin-etr.akc.org/wp-content/uploads/2017/11/12230139/Otterhound-Care.jpg
000006.jpg,https://cdn1-www.dogtime.com/assets/uploads/2011/01/file_23034_otterhound-460x290.jpg
000007.jpg,https://www.yourpurebredpuppy.com/dogbreeds/photos-MNOP/otterhoundsf2.jpg
000008.jpg,https://vetstreet.brightspotcdn.com/dims4/default/066dcd1/2147483647/crop/641x378%2B1%2B26/resize/645x380/quality/90/?url=https%3A%2F%2Fvetstreet-brightspot.s3.amazonaws.com%2F04%2F07%2F6bfb0acf4c37ac4537ab3dba979b%2Fotterhound-ap-1vhwkg.jpg
000009.jpg,http://cdn.akc.org/content/article-body-image/otterhound_body_image_1.jpg
000010.jpg,http://www.pethealthnetwork.com/sites/default/files/styles/large/public/the-otterhound_0.jpg?itok=bEO1JlFy
000011.jpg,https://i.pinimg.com/originals/2c/86/22/2c86228a8e305852e6f4fca182ba9003.jpg
000012.jpg,http://cdn.akc.org/content/hero/otterhound_hero.jpg
000013.jpg,https://vetstreet-brightspot.s3.amazonaws.com/c6/d03610a8a111e0a0d50050568d634f/file/otterhound-3-645mk070411.jpg
000014.jpg,https://www.petful.com/wp-content/uploads/2012/03/4393061127_617803107c.jpg
000015.jpg,https://images.ctfassets.net/w00x6p5qkejz/2aDRdoNI2sYMoygmUS2EaC/883781e1fcb52c136b2a70ef05cecb5e/Otterhound3.png
000016.jpg,https://www.101dogbreeds.com/wp-content/uploads/2017/12/Otterhound.jpg
000017.jpg,http://cdn.akc.org/content/article-body-image/otterhound-body-image-2.jpg
000018.jpg,https://www.101dogbreeds.com/wp-content/uploads/2017/12/Otterhound-Dog.jpg
000019.jpg,https://nationalpurebreddogday.com/wp-content/uploads/2016/02/Andrea-McIlwaines-Otterhound22DUI22-pronounced-DeweyLisa-Croft-Ellio.jpeg
000020.jpg,https://www.101dogbreeds.com/wp-content/uploads/2017/12/Otterhound-Photos.jpg
000021.jpg,https://www.pets4homes.co.uk/images/breeds/153/large/8e7ade903739869e1786facc34e078ac.jpg
000022.jpg,https://www.petguide.com/wp-content/uploads/2014/02/otterhound-1-260x300.jpg
000023.jpg,https://i.ytimg.com/vi/BnNuBEefAIM/maxresdefault.jpg
000024.jpg,https://cdn.omlet.co.uk/images/cache/510/768/Dog-Otterhound-An_Otterhound_with_a_chocolatey_brown_coat.jpg
000025.jpg,https://www.dogbreedslist.info/uploads/allimg/dog-pictures/Otterhound-2.jpg
000026.jpg,https://thehappypuppysite.com/wp-content/uploads/2019/01/Otterhound-long.jpg
000027.jpg,http://www.otterhoundclub.co.uk/wp-content/uploads/2015/09/DSC_0014-2.jpg
000028.jpg,http://www.otterhound.nl/img/wilson01.JPG
000029.jpg,https://upload.wikimedia.org/wikipedia/commons/thumb/6/65/Huntsman_%28mink_hunting%29_with_his_otterhound..jpg/220px-Huntsman_%28mink_hunting%29_with_his_otterhound..jpg
000030.jpg,http://www.barking-moonbat.com/images/uploads/Larego_and_otterhound.jpg
000031.jpg,https://i.redd.it/1jb9axharg611.jpg
000032.jpg,http://www.otterhoundclub.co.uk/wp-content/themes/otter/images/donate-pic.png
000033.jpg,https://i.pinimg.com/originals/ea/eb/05/eaeb0593505bc409b501f5ad4228d6f2.jpg
000034.jpg,https://www.dogbreedslist.info/uploads/allimg/dog-pictures/Otterhound-1.jpg
000035.jpg,http://www.dogspotters.com/dog-breed-photos/otterhou.jpg
000036.jpg,https://www.dogster.com/wp-content/uploads/2016/08/Otterhound-225.jpg
000037.jpg,https://dogbreedatlas.com/images/dog-breed-photos/otterhound/001/otterhound-1490467936-1.jpg
000038.jpg,https://allbigdogbreeds.com/wp-content/uploads/2015/06/Otterhound-1.jpg
000039.jpg,https://cdn3-www.dogtime.com/assets/uploads/gallery/otterhound-dog-breed-pictures/otterhound-dog-breed-picture-1.jpg
000040.jpg,https://www.dogbreedinfo.com/images21/OtterhoundChBelleRiverDixielandJazzBRjazzySentBetty.jpg
000041.jpg,http://www.magicwoodotterhounds.com/uploads/1/0/4/6/10467629/8179478_orig.jpg
000042.jpg,https://www.101dogbreeds.com/wp-content/uploads/2017/12/Otterhound-Puppies.jpg
000043.jpg,https://images-na.ssl-images-amazon.com/images/I/51%2B0uv0sH7L._SX331_BO1,204,203,200_.jpg
000044.jpg,http://hunterhounds.com/hh/chapters/uploads/2008/03/QShow-300x300.jpg
000045.jpg,https://www.dogbreedinfo.com/images2/OtterhoundGracierelaxess.jpg
000046.jpg,https://vetstreet.brightspotcdn.com/dims4/default/ec68582/2147483647/thumbnail/645x380/quality/90/?url=https%3A%2F%2Fvetstreet-brightspot.s3.amazonaws.com%2F00%2F1ee910a7e511e0a0d50050568d634f%2Ffile%2FOtterhound-4-645mk062711.jpg
000047.jpg,https://images.wagwalkingweb.com/media/breed/otterhound/appearance/otterhound.png
000048.jpg,https://res.cloudinary.com/jacepharm/image/upload/v1548864887/Depositphotos_54641483_xl-2015-min_ti1fax.jpg
000049.jpg,https://www.purina.com/sites/g/files/auxxlc196/files/styles/kraken_generic_max_width_240/public/HOUND_Otterhound.jpg?itok=iJe1po1R
000050.jpg,https://www.otterhounduniversity.com/uploads/1/0/4/6/10467629/6006403_orig.jpg
