image,source
000001.jpg,https://upload.wikimedia.org/wikipedia/commons/thumb/2/25/Pandikona.jpg/512px-Pandikona.jpg
000002.jpg,https://i.ytimg.com/vi/t7yTxLeZ0Yg/maxresdefault.jpg
000003.jpg,https://i.ytimg.com/vi/A8zOaXGrxcI/maxresdefault.jpg
000004.jpg,https://upload.wikimedia.org/wikipedia/commons/3/38/Pandikona_Dog.jpg
000005.jpg,https://i.ytimg.com/vi/8o0tiUhePkI/maxresdefault.jpg
000006.jpg,https://i.pinimg.com/originals/ed/b8/63/edb863a8a017e8e6c36217103e11590c.jpg
000007.jpg,https://i.ytimg.com/vi/tkj_GE_LEpE/maxresdefault.jpg
000008.jpg,https://66.media.tumblr.com/5fd0fcebdb85d7a078b34e980a5d97cd/tumblr_nzzvxaycDp1su8eeno3_1280.jpg
000009.jpg,https://i.ytimg.com/vi/P0hkAc3F4Pk/hqdefault.jpg
000010.jpg,https://www.doglib.com/wp-content/uploads/sites/2/pa/pandikona-list-of-best-dog-breeds-in-india.jpg
000011.jpg,https://images.outlookindia.com/public/uploads/gallery/20190307/Indian-dogs_8_20190318_415_630.jpg
000012.jpg,https://i.ytimg.com/vi/ZNVsulKjHJc/maxresdefault.jpg
000013.jpg,http://www.molosserdogs.com/albums/album19/acd.jpg
000014.jpg,https://i.pinimg.com/originals/2c/d9/7e/2cd97e36b3207c25f623366f9ac8fa9a.jpg
000015.jpg,https://www.animalssale.com/uploads/breed/breeds-2/pandikona.jpg
000016.jpg,https://i.ytimg.com/vi/QePZAyt8fW4/maxresdefault.jpg
000017.jpg,https://i.pinimg.com/originals/b1/e7/b8/b1e7b8ddbd4596392a06b81f80d8f2bf.png
000018.jpg,https://yt3.ggpht.com/a/AGF-l791dQc6lfv_1t1h-9tHqEwlfnietuIM_-YO5w=s800-c-k-c0xffffffff-no-rj-mo
000019.jpg,https://i.ytimg.com/vi/IkEQ1mQX9_Q/maxresdefault.jpg
000020.jpg,https://scontent-yyz1-1.cdninstagram.com/vp/feef1c526c3329110f5f90f7ddae5ccd/5DB73389/t51.2885-15/e35/60032346_1175845495930976_2878767676803905883_n.jpg?_nc_ht=scontent-yyz1-1.cdninstagram.com
000021.jpg,https://alchetron.com/cdn/pandikona-ee1f62b3-29b5-4426-a0ff-0a52816f75b-resize-750.jpeg
000022.jpg,https://i.ytimg.com/vi/s9Wa1RiAzuQ/hqdefault.jpg
000023.jpg,https://i.ytimg.com/vi/xSUQj6fKqds/maxresdefault.jpg
000024.jpg,http://molosserdogs.com/gallery/albums/userpics/26966/1818/100_0042.jpg
000025.jpg,https://i.ytimg.com/vi/C6tV-A-3hs8/hqdefault.jpg
000026.jpg,http://molosserdogs.com/gallery/albums/userpics/10002/1820/100_0066.jpg
000027.jpg,https://bigdogbreeds.info/wp-content/uploads/2019/01/Pandikona-Hunting-Dog-size2-237x300.jpg
000028.jpg,https://i.pinimg.com/originals/29/1b/f1/291bf179763fd0cd85e88341175d52c0.jpg
000029.jpg,https://www.doglib.com/wp-content/uploads/sites/2/pa/pandikona-hopson-the-bluetick-coonhound-dogs-daily-puppy-breed.jpg
000030.jpg,https://i.ytimg.com/vi/s9Wa1RiAzuQ/maxresdefault.jpg
000031.jpg,https://cdn.fotofits.com/petzlover/gallery/img/l/pandikona-397483.jpg
000032.jpg,https://upload.wikimedia.org/wikipedia/commons/4/40/Pandikona_female.jpg
000033.jpg,https://www.wikilistia.com/wp-content/uploads/2018/12/Indian-pariah-dog.jpg
000034.jpg,https://images.outlookindia.com/public/uploads/gallery/20190307/Indian-dogs_2_20190318_415_630.jpg
000035.jpg,https://i.ytimg.com/vi/0c4swuqsHlw/maxresdefault.jpg
000036.jpg,http://petssense.com/wp-content/uploads/2016/08/pexels-photo-92380.jpeg
000037.jpg,https://www.dogbreedinfo.com/images32/PandikonaRareDogBreedInfoIndianDoberman1.jpg
000038.jpg,https://i.ytimg.com/vi/QD8ComISU4I/maxresdefault.jpg
000039.jpg,https://t1.ea.ltmcdn.com/en/images/4/3/3/indian_dog_breed_pandikona_1334_11_600.jpg
000040.jpg,https://instagram.fist4-1.fna.fbcdn.net/vp/10e24a9f946360a9c7d6003f2e7e4bd7/5DC38F21/t51.2885-15/e35/s240x240/52971082_124967425247177_7570612205780131618_n.jpg?_nc_ht=instagram.fist4-1.fna.fbcdn.net&ig_cache_key=MTk5NzI4MTI3ODUwODgxMTMyMg%3D%3D.2
000041.jpg,https://usercontent2.hubstatic.com/12770901_f520.jpg
000042.jpg,https://cdn.fotofits.com/petzlover/gallery/img/l/pandikona-489881.jpg
000043.jpg,https://usercontent1.hubstatic.com/14253622_f520.jpg
000044.jpg,https://khms1.googleapis.com/kh?v=845&hl=en-US&x=5861&y=3740&z=13
000045.jpg,https://www.europetnet.com/images/dummy-dog.jpg
000046.jpg,https://i.ytimg.com/vi/c1x5iT-Z_Io/maxresdefault.jpg
000047.jpg,http://c2.peakpx.com/wallpaper/335/670/445/guilin-china-tourism-dog-sleeping-wallpaper.jpg
000048.jpg,https://d1muy2ct2wkbaz.cloudfront.net/video/178000/177849/580x325/0.jpg
000049.jpg,http://molosserdogs.com/gallery/albums/userpics/26966/1818/100_0043.jpg
000050.jpg,http://furbabies.in/wp-content/uploads/2018/08/Mudhol_hound.jpg
