image,source
000001.jpg,https://cdn2-www.dogtime.com/assets/uploads/2011/01/file_23120_pekingese-460x290.jpg
000002.jpg,https://s3.amazonaws.com/cdn-origin-etr.akc.org/wp-content/uploads/2017/11/12225945/Pekingese-On-White-01.jpg
000003.jpg,https://s3.amazonaws.com/cdn-origin-etr.akc.org/wp-content/uploads/2017/11/12213908/Pekingnese-Care.jpg
000004.jpg,https://s3.amazonaws.com/cdn-origin-etr.akc.org/wp-content/uploads/2017/11/12212930/Pekingese-slide-01.jpg
000005.jpg,https://vetstreet.brightspotcdn.com/dims4/default/c4eff76/2147483647/thumbnail/645x380/quality/90/?url=https%3A%2F%2Fvetstreet-brightspot.s3.amazonaws.com%2F43%2F1f5300a3fb11e087a80050568d634f%2Ffile%2Fpekingese-1-645mk062411.jpg
000006.jpg,https://cdn3-www.dogtime.com/assets/uploads/gallery/pekingese-dog-breed-pictures/6-floof.jpg
000007.jpg,http://cdn.akc.org/content/hero/pekingese_header_.jpg
000008.jpg,https://d17fnq9dkz9hgj.cloudfront.net/breed-uploads/2018/08/pekingese-detail.jpg?bust=1535566246&width=355
000009.jpg,https://thehappypuppysite.com/wp-content/uploads/2018/07/pekingese-long.jpg
000010.jpg,https://www.petguide.com/wp-content/uploads/2013/02/pekingese.jpg
000011.jpg,https://vetstreet-brightspot.s3.amazonaws.com/95/4ec0c0a3fb11e087a80050568d634f/file/Pekingese-4-645mk062411.jpg
000012.jpg,https://s3.amazonaws.com/petfinder-us-east-1-petimages-prod/organization-photos/34047/34047-1.jpg?bust=2018-06-20+18%3A54%3A32
000013.jpg,https://gfp-2a3tnpzj.stackpathdns.com/wp-content/uploads/2016/07/Pekingese-1600x700.jpg
000014.jpg,https://vetstreet-brightspot.s3.amazonaws.com/5a/7ff950a3fb11e087a80050568d634f/file/Pekingese-1-645mk062111.jpg
000015.jpg,https://www.yourpurebredpuppy.com/dogbreeds/photos-MNOP/pekingesef5.jpg
000016.jpg,https://i2.wp.com/www.simplypets.com/wp-content/uploads/2019/05/Pekingese-Dog.jpg?fit=900%2C506&ssl=1
000017.jpg,https://s3.amazonaws.com/cdn-origin-etr.akc.org/wp-content/uploads/2017/11/12225950/Pekingese-MP.jpg
000018.jpg,https://i.pinimg.com/originals/65/56/38/655638239939eb99fbcf6e33d07369e5.jpg
000019.jpg,https://trudog.com/wp-content/uploads/2019/04/Pekingese-Puppies.png
000020.jpg,http://cdn.akc.org/content/hero/pekingese_body_image_1.jpg
000021.jpg,https://www.nylabone.com/-/media/Images/Nylabone-NA/US/Dog101/Breeds-A-Z/Pekingese-jpg.jpg
000022.jpg,https://www.pets4homes.co.uk/images/articles/4891/large/amblyopia-in-the-pekingese-and-other-brachycephalic-dog-breeds-5b5853ada88c0.jpg
000023.jpg,https://i.ytimg.com/vi/h_D4FIyo4Lk/maxresdefault.jpg
000024.jpg,https://images.wagwalkingweb.com/media/breed/pekingese/appearance/pekingese.png
000025.jpg,https://img.dog-learn.com/dog-breeds/pekingese/pekingese-sz5.jpg
000026.jpg,https://cdn.omlet.co.uk/images/cache/1024/682/Dog-Pekingese-A_light_brown_Pekingese_sitting_to_attention.jpg
000027.jpg,https://i.pinimg.com/originals/df/ee/a3/dfeea3cfa66971ced5a3835ac8544c7d.jpg
000028.jpg,https://a57.foxnews.com/video.foxnews.com/thumbnails/021512/640/360/931/524/021512_ingle_dog_640.jpg?ve=1&tl=1
000029.jpg,https://www.pets4homes.co.uk/images/articles/950/large/pekingese-dog-health-and-wellness-51e7ce093d08e.jpg
000030.jpg,https://i.ytimg.com/vi/3cZPJSpBcG4/maxresdefault.jpg
000031.jpg,http://poochinfo.com/wp-content/uploads/2018/03/Gold-Pekingese.jpg
000032.jpg,https://thehappypuppysite.com/wp-content/uploads/2019/03/Pekingese-Chihuahua-Mix-long.jpg
000033.jpg,https://upload.wikimedia.org/wikipedia/commons/2/24/1AKC_Pekingese_Dog_Show_2011.jpg
000034.jpg,https://www.petmd.com/sites/default/files/breedopedia/peking%20cica.jpg
000035.jpg,https://www.ufaw.org.uk/images/animal-welfare/pekingese-main-photo.jpg
000036.jpg,https://thehappypuppysite.com/wp-content/uploads/2019/02/Pekingese-Pug-Mix-long.jpg
000037.jpg,https://azedabooth.com/wp-content/uploads/ugliest-dog-breeds-pin-by-j-san-on-charli-the-pekingese-puppy-baby-of-ugliest-dog-breeds.jpg
000038.jpg,https://vetstreet.brightspotcdn.com/dims4/default/4767184/2147483647/crop/0x0%2B0%2B0/resize/645x380/quality/90/?url=https%3A%2F%2Fvetstreet-brightspot.s3.amazonaws.com%2Fa2%2F4d0430a3fb11e087a80050568d634f%2Ffile%2FPekingese-5-645mk062411.jpg
000039.jpg,https://cdn.omlet.co.uk/images/cache/1024/682/Dog-Pekingese-A_beautiful_soft_Pekingese_sitting_attentively.jpg
000040.jpg,https://s3.amazonaws.com/cdn-origin-etr.akc.org/wp-content/uploads/2017/11/12225938/Pekingese-On-White-03-400x267.jpg
000041.jpg,https://www.pets4homes.co.uk/images/breeds/93/large/c448c1479dc38e1066aaa0099fb827fb.jpg
000042.jpg,https://www.nbcsports.com/sites/nbcsports.com/files/2019/04/17/nbc_dog_toy_pekingnese_190405.jpg
000043.jpg,https://www.dogster.com/wp-content/uploads/2015/05/pekingese-puppies-01.jpg
000044.jpg,https://hips.hearstapps.com/cosmouk.cdnds.net/16/11/1458046476-gettyimages-161499259.jpg
000045.jpg,https://images.ctfassets.net/uto9522qu1os/photo-108778/e085d667f1b06f96ae8c59c01dc8b0cc/108778-pekingese-grass.jpg
000046.jpg,https://www.dogbreedinfo.com/images25/PekingeseDogPurebredHersheyPekePeekAdultDogs.jpg
000047.jpg,https://upload.wikimedia.org/wikipedia/commons/thumb/0/0c/Fenka_pekin%C3%A9ze.jpg/220px-Fenka_pekin%C3%A9ze.jpg
000048.jpg,https://bowwowinsurance.com.au/wp-content/uploads/2018/10/pekingese-adult-standing-isolated-700x700.jpg
000049.jpg,http://d2sh4fq2xsdeg9.cloudfront.net/contentAsset/image/52ca3975-7ac2-4282-acb2-67284a960693/image/byInode/1/filter/Resize,Jpeg/jpeg_q/69/resize_w/604
000050.jpg,https://static1.viovet.co.uk/petphotos/92759_f64530f30e479cef864bb82d28b65eca.jpg
