image,source
000001.jpg,https://cdn1-www.dogtime.com/assets/uploads/gallery/pembroke-welsh-corgi-dog-breed-pictures/prance-8.jpg
000002.jpg,https://www.rover.com/blog/wp-content/uploads/2019/01/6342530545_45ec8696c8_b-960x540.jpg
000003.jpg,https://upload.wikimedia.org/wikipedia/commons/thumb/2/2b/WelshCorgi.jpeg/220px-WelshCorgi.jpeg
000004.jpg,https://cdn1-www.dogtime.com/assets/uploads/2011/01/file_23192_pembroke-welsh-corgi-460x290.jpg
000005.jpg,https://www.dogbreedslist.info/uploads/allimg/dog-pictures/Pembroke-Welsh-Corgi-3.jpg
000006.jpg,https://animals.net/wp-content/uploads/2018/07/Pembroke-Welsh-Corgi-3-650x425.jpg
000007.jpg,https://upload.wikimedia.org/wikipedia/commons/f/fb/Welchcorgipembroke.JPG
000008.jpg,https://www.askideas.com/media/79/Yellow-And-White-Pembroke-Welsh-Corgi-Dog.jpg
000009.jpg,https://www.dogbreedslist.info/uploads/allimg/dog-pictures/Pembroke-Welsh-Corgi-2.jpg
000010.jpg,https://media.istockphoto.com/photos/dog-breed-welsh-corgi-pembroke-picture-id526828202?k=6&m=526828202&s=612x612&w=0&h=eM4ZzIuQP5iJPmA0ZWayLD4UEMkjy7XvRm2sNVjBFaQ=
000011.jpg,https://s3.amazonaws.com/cdn-origin-etr.akc.org/wp-content/uploads/2017/11/25201637/day_2_dec_14_085.jpg
000012.jpg,https://s3.amazonaws.com/cdn-origin-etr.akc.org/wp-content/uploads/2017/11/25204906/Day1_Dec13_52-400x267.jpg
000013.jpg,https://d17fnq9dkz9hgj.cloudfront.net/breed-uploads/2018/08/pembroke-welsh-corgi-card-small.jpg?bust=1535568082
000014.jpg,https://www.pets4homes.co.uk/images/articles/1006/large/the-pembroke-welsh-corgi-and-the-cardigan-welsh-corgi-520ba863cfd1a.jpg
000015.jpg,https://t1.ea.ltmcdn.com/en/razas/0/5/5/img_550_pembroke-welsh-corgi_0_600.jpg
000016.jpg,https://cf-s3.petcoach.co/uploads/breed/202/1521469399-PembrokeCorgi.jpg
000017.jpg,http://media.gettyimages.com/photos/pembroke-welsh-corgi-picture-id471884456?s=170667a&w=1007
000018.jpg,https://res.cloudinary.com/fwkc-production/image/upload/c_fill,dpr_3.0,f_auto,g_center,h_430,q_auto,w_768/v1/fwkc-prod/Pembroke_Welsh_Corgi_
000019.jpg,https://cdn.drmartypets.com/wp-content/uploads/2018/10/AdobeStock_178852279.jpeg
000020.jpg,https://i.pinimg.com/originals/c6/04/4e/c6044ee334f013e49c89c6ba5a280fd2.jpg
000021.jpg,https://thehappypuppysite.com/wp-content/uploads/2018/05/pembroke-welsh-corgi.jpg
000022.jpg,https://imagesvc.timeincapp.com/v3/fan/image?url=https://dogoday.com/wp-content/uploads/getty-images/2017/07/651100650.jpeg&
000023.jpg,https://static.wixstatic.com/media/34fad5_6f12531953bd4106a4e94d22d99b1ef7~mv2_d_1920_1280_s_2.jpg
000024.jpg,https://thehappypuppysite.com/wp-content/uploads/2018/05/pembroke-welsh-corgi-header.jpg
000025.jpg,https://indulgeyourpet.com/wp-content/uploads/Pembroke-Welsh-Corgi.png
000026.jpg,http://www.pethealthnetwork.com/sites/default/files/styles/large/public/pembroke-welsh-corgi.jpg?itok=n5yd42GH
000027.jpg,https://livestock.teghakennel.com/wp-content/uploads/2015/05/20150415180701-1429139182290.jpg
000028.jpg,https://3.bp.blogspot.com/-4aZPIOhWY-s/W51PyWzI84I/AAAAAAAALVY/csGNxcjBhgETMViQo_ZX6_4IVf36j4fiQCLcBGAs/s1600/Pembroke%2BWelsh%2BCorgi.png
000029.jpg,http://www.despradocorgis.com/wp-content/uploads/2013/09/DollyPark1_13.jpg
000030.jpg,https://i.redd.it/uyfxwqqv5wk01.jpg
000031.jpg,https://usercontent.gooddog.com/dog-park-labs-user-content-production/4kKSvbKVe6gWJoBKq2EyzNp4.jpg
000032.jpg,https://vetstreet.brightspotcdn.com/dims4/default/4dca746/2147483647/crop/0x0%2B0%2B0/resize/645x380/quality/90/?url=https%3A%2F%2Fvetstreet-brightspot.s3.amazonaws.com%2F71%2F4f5c00a7f411e0a0d50050568d634f%2Ffile%2FPembroke-Welsh-Corgi-2-645mk62711.jpg
000033.jpg,https://www.nbcsports.com/sites/nbcsports.com/files/2017/11/28/nds_her_pembrokewelshcorgi_171120.jpg
000034.jpg,https://thehappypuppysite.com/wp-content/uploads/2019/04/Cardigan-Welsh-Corgi-Vs-Pembroke-long.jpg
000035.jpg,https://upload.wikimedia.org/wikipedia/commons/thumb/6/6e/A_Smiling_Corgi_with_two_colors.jpg/220px-A_Smiling_Corgi_with_two_colors.jpg
000036.jpg,https://s3.amazonaws.com/cdn-origin-etr.akc.org/wp-content/uploads/2019/03/22124638/Untitled-design-5-800x600.png
000037.jpg,https://img-aws.ehowcdn.com/600x600p/photos.demandstudios.com/getty/article/170/105/89698097.jpg
000038.jpg,https://rafterbperformancehorses.com/images/gunner4.jpg
000039.jpg,https://i.ytimg.com/vi/QSk9e0x4U88/hqdefault.jpg
000040.jpg,http://dev.petcentral.chewy.com/wp-content/uploads/corgi-1.jpg
000041.jpg,https://c8.alamy.com/comp/EXXPBK/dog-pembroke-welsh-corgi-smiling-EXXPBK.jpg
000042.jpg,http://wallpaperswide.com/download/cute_pembroke_welsh_corgi_puppies_running-wallpaper-2880x1800.jpg
000043.jpg,https://dogbreedatlas.com/images/dog-breed-photos/pembroke-welsh-corgi/001/pembroke-welsh-corgi-1488438978-2.jpg
000044.jpg,https://www.yourpurebredpuppy.com/dogbreeds/photos-MNOP/pembrokewelshcorgisf6.jpg
000045.jpg,https://t3.ftcdn.net/jpg/01/71/16/54/500_F_171165445_zbaKXApMJ3j9MtYwPy3HF9ovEcOwYVeO.jpg
000046.jpg,https://get.pxhere.com/photo/welsh-corgi-dog-puppy-fluffy-animal-pet-dog-like-mammal-dog-breed-mammal-pembroke-welsh-corgi-dog-breed-group-icelandic-sheepdog-snout-cardigan-welsh-corgi-companion-dog-carnivoran-dog-crossbreeds-whiskers-herding-dog-elo-1422051.jpg
000047.jpg,https://cdn.akc.org/Marketplace/Breeds/Pembroke_Welsh_Corgi_SERP.jpg
000048.jpg,https://www.askideas.com/media/79/Pembroke-Welsh-Corgi-Dog-In-Fields.jpg
000049.jpg,https://kidskonnect.com/wp-content/uploads/2019/03/welsh-corgi-facts.jpg
000050.jpg,https://images.ctfassets.net/w00x6p5qkejz/10KqoTT2U2AIQqgEwAukWq/7802787ad4bcbc03b532a55beff89801/Pembroke_Welsh_Corgi2.png
