image,source
000001.jpg,https://upload.wikimedia.org/wikipedia/commons/thumb/e/ec/Nagi_meksyka%C5%84czyk_%C5%9Bredni_657.jpg/220px-Nagi_meksyka%C5%84czyk_%C5%9Bredni_657.jpg
000002.jpg,https://i.ytimg.com/vi/KlyMzeZ1pWU/maxresdefault.jpg
000003.jpg,https://images-na.ssl-images-amazon.com/images/I/61m6S2p-AoL.jpg
000004.jpg,https://s3.amazonaws.com/cdn-origin-etr.akc.org/wp-content/uploads/2017/11/29161212/AdobeStock_22387339.1.jpg
000005.jpg,https://images.mentalfloss.com/sites/default/files/styles/insert_main_wide_image/public/iStock_20330842_SMALL.jpg
000006.jpg,https://ancientexplorermagazine.files.wordpress.com/2016/08/a-quite-revolting-peruvian-hairless-dog-pisco.jpg?w=550
000007.jpg,https://s3.amazonaws.com/cdn-origin-etr.akc.org/wp-content/uploads/2017/11/28133152/Peruvian-Inca-Orchid-puppy.jpg
000008.jpg,https://www.dogbreedinfo.com/images24/PeruvianHairlessDogIncaOrchidPeruAdultDog1.jpg
000009.jpg,https://i.pinimg.com/originals/31/43/bb/3143bb1dca6b90bdd5045a290dc11946.jpg
000010.jpg,http://www.chiennoble.com/wpimages/wpe16fda7f_0f.jpg
000011.jpg,https://upload.wikimedia.org/wikipedia/en/5/53/Panasonic_Lumix_Cam_008.jpg
000012.jpg,https://i.pinimg.com/originals/d5/e4/1d/d5e41dd756d37911b3ef56089aa9adad.jpg
000013.jpg,https://www.dogsnsw.org.au/media/img/BrowseAllBreed//Peruvian-Hairless-Dog.jpg
000014.jpg,https://vignette.wikia.nocookie.net/dog-lover/images/8/87/Bald-animals-20.jpg/revision/latest?cb=20140815152456
000015.jpg,https://previews.123rf.com/images/introventure/introventure0708/introventure070800143/1373671-peruvian-hairless-dog.jpg
000016.jpg,http://www.dogzone.com/images/breeds/peruvian-hairless-dog.jpg
000017.jpg,https://i.ytimg.com/vi/le8yAr7PlSE/maxresdefault.jpg
000018.jpg,http://sacred-valley-salt.com/wp-content/uploads/2016/09/Peruvian-Hairless-Closeup.jpg
000019.jpg,https://dogsaholic.com/wp-content/uploads/2018/06/Peruvian-Hairless-Dogs-head-680x340.jpg
000020.jpg,http://whereandwhatintheworld.com/wp-content/uploads/formidable/Salqa2.jpg
000021.jpg,https://images-na.ssl-images-amazon.com/images/I/41674iMu1oL._SX258_BO1,204,203,200_.jpg
000022.jpg,https://s3-ap-southeast-2.amazonaws.com/profile.ppets/502/large/1534067807588d70d02d1fd5.17955810-profile-502.jpg
000023.jpg,https://media.mercola.com/ImageServer/Public/2017/May/hairless-dog-breeds-fb.jpg
000024.jpg,https://www.livinginperu.com/wp-content/uploads/2018/11/falling-in-love-with-hairless-dogs.jpg
000025.jpg,https://www.condetraveladventures.com/images/blog/perritoruanoconde.jpg
000026.jpg,https://images-na.ssl-images-amazon.com/images/I/41s%2BxPCAd6L._SX331_BO1,204,203,200_.jpg
000027.jpg,https://i0.wp.com/chiennuperou.com/wp-content/uploads/2018/12/Chakana-corps-01.jpg?resize=1417%2C797&ssl=1
000028.jpg,http://www.gopetsamerica.com/dog_breeds/peruvian-hairless-dog.jpg
000029.jpg,https://i.pinimg.com/originals/ed/9f/88/ed9f880f9e890ce13feecc2b4d2a1dd8.jpg
000030.jpg,https://brit-petfood.com/file/nodes/product/peruanskynahac.jpg/294x294/FIT
000031.jpg,https://d17fnq9dkz9hgj.cloudfront.net/uploads/2018/03/Mexican-Hairless-Dogs_01.jpg
000032.jpg,https://dogsnet.com/wp-content/uploads/2018/09/Peruvian-Hairless-Dog-tall.jpg
000033.jpg,https://image.jimcdn.com/app/cms/image/transf/none/path/s6f3732ab97012cdd/image/i60ebaf77d094de28/version/1540223634/image.jpg
000034.jpg,http://www.rainshadowfarm.com/testwordpress/wp-content/uploads/2015/05/IMG_0038.jpg
000035.jpg,https://theorphanpet.com/wp-content/uploads/2018/07/1-gead-672x372.jpg
000036.jpg,http://media4.s-nbcnews.com/j/msnbc/Components/Photos/070122/070122_hairlessdog_hmed_7a.grid-6x2.jpg
000037.jpg,https://s3.amazonaws.com/cdn-origin-etr.akc.org/wp-content/uploads/2017/11/12222734/Xoloitzcuintli-On-White-01-400x267.jpg
000038.jpg,http://www.pretoria-south-africa.com/images/shanika-the-peruvian-hairless-dog-21304224.jpg
000039.jpg,https://i.redd.it/skbo3qns3b801.jpg
000040.jpg,https://pbs.twimg.com/media/Du8aLoCX0AAg6dt.jpg
000041.jpg,https://www.dogs4sale.com.au/Breeds/Peruvian_Hairless_Dog/Fact_Sheets/Peruvian_Hairless1.jpg
000042.jpg,https://cdn.shopify.com/s/files/1/0073/0133/3110/products/Peruvian_Hairless_Printed_Pillow_Filled_Pillow-1.jpg?v=1539165071
000043.jpg,https://media.mnn.com/assets/images/2014/06/pariah-dog-hairless.jpg.638x0_q80_crop-smart.jpg
000044.jpg,https://previews.123rf.com/images/vospalej/vospalej0905/vospalej090500138/4925060-peruvian-hairless-dog.jpg
000045.jpg,https://media.pri.org/s3fs-public/styles/story_main/public/story/images/PEDOG-Photo2_crop.jpg?itok=jYaN4Nzo
000046.jpg,https://www.petguide.com/wp-content/uploads/2014/05/peruvian-inca-orchid.jpg
000047.jpg,https://primitivedogs.com/wp-content/uploads/2016/11/Peruvian-Hairless-Dog-featured.jpg
000048.jpg,https://s1.reutersmedia.net/resources/r/?m=02&d=20070121&t=2&i=291122&r=291122&w=1680
000049.jpg,https://www.condetraveladventures.com/images/blog/perroperuanocriaconde.jpg
000050.jpg,https://www.dogbreedslist.info/uploads/allimg/dog-pictures/Peruvian-Inca-Orchid-1.jpg
