image,source
000001.jpg,https://previews.123rf.com/images/capturelight/capturelight1609/capturelight160900167/62513250-typical-petit-basset-griffon-vendeen-in-the-spring-garden.jpg
000002.jpg,https://s3.amazonaws.com/cdn-origin-etr.akc.org/wp-content/uploads/2017/11/12212321/Petit-Basset-Griffon-Vendeen-Care.jpg
000003.jpg,https://img3.dogthelove.com/201810/2019/0430/c9/3/323169/original.jpg
000004.jpg,https://media.ooreka.fr/public/image/3-307443-3035-full-13454985.jpg
000005.jpg,https://s3.amazonaws.com/cdn-origin-etr.akc.org/wp-content/uploads/2017/11/12212335/Petit-Basset-Griffon-Vendeen-On-White-03.jpg
000006.jpg,https://images.wagwalkingweb.com/media/breed/petit-basset-griffon-vendeen/hero/petit-basset-griffon-vendeen-1.jpg
000007.jpg,https://thumbs.dreamstime.com/z/typical-petit-basset-griffon-vendeen-garden-spring-76532219.jpg
000008.jpg,http://www.adopt-a-griffon.eu/en/wp-content/uploads/2015/05/petit-basset-griffon-vendeen-pup.jpg
000009.jpg,https://upload.wikimedia.org/wikipedia/commons/thumb/a/ad/Petit_basset_grifon_vendeenn888.jpg/1200px-Petit_basset_grifon_vendeenn888.jpg
000010.jpg,https://vetstreet-brightspot.s3.amazonaws.com/ca/4bd170c82011e09b940050568d6ceb/file/Petit-basset-griffon-vendeen-2-AP-645km081611.jpg
000011.jpg,http://cdn.akc.org/content/article-body-image/pbgv1.jpg
000012.jpg,https://cdn2-www.dogtime.com/assets/uploads/gallery/petit-basset-griffon-vendeen-dog-breed-pictures/1-face.jpg
000013.jpg,http://www.dogspotters.com/dog-breed-photos/grbagrve.jpg
000014.jpg,https://cdn.omlet.co.uk/images/cache/510/768/Dog-Basset_Griffon_Vendeen_(Grand)-A_happy_Basset_Griffon_vendeen_grand_lying_on_the_grass.jpg
000015.jpg,https://www.dogtemperament.com/wp-content/uploads/2018/11/petit-bassets-griffon-vendeen-3-portrait.jpg
000016.jpg,https://www.101dogbreeds.com/wp-content/uploads/2016/09/PBGV.jpg
000017.jpg,https://ctl.s6img.com/society6/img/UUFq0xuOiUpW4l1Q7zByYfamaC4/w_700/prints/~artwork/s6-original-art-uploads/society6/uploads/misc/4ea486b167e245389fe14ff234c3ab75/~~/the-pbgv-petit-basset-griffon-vendeen-dog-art-portrait-from-an-original-painting-by-lashepard-prints.jpg
000018.jpg,https://s3.amazonaws.com/cdn-origin-etr.akc.org/wp-content/uploads/2018/01/12194812/GBGV-Trio.jpg
000019.jpg,https://wds2018.com/wp-content/uploads/2017/05/Petit-Basset-griffon-vendeen.jpg
000020.jpg,https://d17fnq9dkz9hgj.cloudfront.net/breed-uploads/2018/08/petit-basset-griffon-vendeen-detail.jpg?bust=1535566272&width=355
000021.jpg,https://upload.wikimedia.org/wikipedia/commons/e/e4/P_Basset_Griffon_Vendeen_600.jpg
000022.jpg,http://breedfinder.ikc.ie/Content/images/breeds/25_petit_basset_griffon_vendeen.jpg
000023.jpg,https://www.petguide.com/wp-content/uploads/2016/03/petit-basset-griffon-vendeen.jpg
000024.jpg,https://www.dogproductpicker.com/wp-content/uploads/2018/05/Petit-Basset-Griffon-Vendeen-Dog-Breed-300x214.jpg
000025.jpg,https://i.pinimg.com/originals/4e/56/fd/4e56fdef3470048575c10dd5b6827db5.jpg
000026.jpg,https://www.dogbreedslist.info/uploads/allimg/dog-pictures/PBGV-3.jpg
000027.jpg,https://www.dogster.com/wp-content/uploads/2016/08/Petit-Basset-Griffon-Vendeen_225.jpg
000028.jpg,https://www.k9rl.com/wp-content/uploads/2017/02/Petit-Basset-Griffon-Vendeen-dog-breed.jpg
000029.jpg,https://joytotheworldonline.com/pub/media/catalog/product/cache/207e23213cf636ccdef205098cf3c8a3/p/e/petitbassetgriffonvendeen4104.jpg
000030.jpg,https://www.yourpurebredpuppy.com/dogbreeds/photos-MNOP/petitbassetgriffonvendeenf1.jpg
000031.jpg,https://static.wamiz.fr/images/animaux/chiens/large/grand-basset-griffon-vendeen.jpg
000032.jpg,http://bib.ge/dogs/big/1311.jpg
000033.jpg,https://cdn3-www.dogtime.com/assets/uploads/2011/01/file_23036_petit-basset-griffon-vendeen-460x290.jpg
000034.jpg,https://www.nbcsports.com/sites/nbcsports.com/files/2017/11/28/nds_hou_petitbassetgriffonvendeen_171120.jpg
000035.jpg,http://www.dogbreedhealth.com/wp-content/uploads/2011/05/Bassett-Griffon-Vendeen-Petit.jpg
000036.jpg,https://s3.amazonaws.com/cdn-origin-etr.akc.org/wp-content/uploads/2017/11/12210931/Petit-Basset-Griffon-Vendeen-History-2-500x365.jpg
000037.jpg,https://i.etsystatic.com/5562179/r/il/2b4303/1893124958/il_794xN.1893124958_msch.jpg
000038.jpg,https://www.mascotarios.org/wp-content/uploads/2011/04/BassetGriffon.jpg
000039.jpg,https://images.ctfassets.net/w00x6p5qkejz/1N01Oh6YbuMKu0uEYyyW8w/f5a1b6521de6b861875714ed479ac83e/Basset_Griffon_Vendeen__Petit_1.png
000040.jpg,https://www.nbcsports.com/sites/nbcsports.com/files/2018/11/21/nbc_dog_hound_grandbassetgriffonsvendeen_181119.jpg
000041.jpg,https://www.dogbreedslist.info/uploads/allimg/dog-pictures/Grand-Basset-Griffon-Vendeen-2.jpg
000042.jpg,https://vetstreet.brightspotcdn.com/dims4/default/6d11633/2147483647/thumbnail/645x380/quality/90/?url=https%3A%2F%2Fvetstreet-brightspot.s3.amazonaws.com%2Fa8%2F5eab00c82011e09b940050568d6ceb%2Ffile%2FPetit-basset-griffon-vendeen-1-AP-645km081611.jpg
000043.jpg,https://cdn.images.express.co.uk/img/dynamic/1/590x/crufts1-383383.jpg
000044.jpg,https://www.pet365.co.uk/blog/wp-content/uploads/shutterstock_52491907-resize.jpg
000045.jpg,https://media.ooreka.fr/public/image/3-306717-5455-full-13546239.jpg
000046.jpg,https://bookshow.blurb.com/bookshow/cache/P11760227/md/cover_2.jpeg?access_key=0256b4234255cfc568c3dd31534966d9&version=1467791837
000047.jpg,https://images-na.ssl-images-amazon.com/images/I/519KZ15gDtL._SX425_.jpg
000048.jpg,http://cdn.akc.org/content/article-body-image/pbgv3.jpg
000049.jpg,https://cdn.omlet.co.uk/images/cache/1024/682/Dog-Basset_Griffon_Vendeen_(Petit)-a_Basset_Griffon_Vendeen_Petit_lying_on_the_grass_with_a_flower.jpg
000050.jpg,https://dogsaholic.com/wp-content/uploads/2016/09/PETIT-BASSET-GRIFFON-VENDEEN-dog-810x482.jpg
