image,source
000001.jpg,https://www.dogbreedinfo.com/images10/PetitBleudeGascognetacoma.jpg
000002.jpg,http://www.animal-art.org/fileadmin/_migrated/pics/CCF14-1147.jpg
000003.jpg,https://upload.wikimedia.org/wikipedia/commons/3/33/Ma%C5%82y_go%C5%84czy_gasko%C5%84ski_Cita_z_Beckova_Cb5.jpg
000004.jpg,https://media.ooreka.fr/public/image/3-307445-3043-full-13455525.jpg
000005.jpg,https://images.wagwalkingweb.com/media/breed/petit-bleu-de-gascogne/hero/Petit-Bleu-de-Gascogne.jpg
000006.jpg,http://www.animal-art.org/fileadmin/_migrated/pics/CCF14-1169.jpg
000007.jpg,https://www.dogbreedinfo.com/images10/PetitBleudeGascognetacoma2.jpg
000008.jpg,https://c8.alamy.com/comp/X8TW45/little-blue-gascony-hound-dog-standing-on-grass-X8TW45.jpg
000009.jpg,http://edoglovers.com/uploads/petit_bleu_de_gascogne2.jpg
000010.jpg,https://fairvet.com/uploads/dog_breeds/full/Petit-Bleu-de-Gascogne1438974650.jpg
000011.jpg,https://en.browning-blog.eu/wp-content/uploads/2016/09/petit_bleu_de_gascogne.jpg
000012.jpg,http://home.hccnet.nl/pl.de.haas/images/nbibi2.jpg
000013.jpg,https://upload.wikimedia.org/wikipedia/commons/thumb/1/1b/Ma%C5%82y_go%C5%84czy_gasko%C5%84ski_Cita_z_Beckova_00.jpg/220px-Ma%C5%82y_go%C5%84czy_gasko%C5%84ski_Cita_z_Beckova_00.jpg
000014.jpg,https://media.ooreka.fr/public/image/3-307445-3049-full-13455597.jpg
000015.jpg,https://www.guter-hund.de/wp-content/uploads/2019/03/Petit-Bleu-de-Gascogne.jpg
000016.jpg,https://i.pinimg.com/236x/35/c9/d6/35c9d6e309797134cf0e407b1ba7fd39.jpg
000017.jpg,http://lomets.com/wp-content/uploads/2013/09/Petit-Bleu-de-Gascogne-Dog.jpg
000018.jpg,http://www.animal-art.org/fileadmin/_migrated/pics/44-CCF14-1163.jpg
000019.jpg,https://upload.wikimedia.org/wikipedia/commons/thumb/6/62/Grand_Bleu_de_Gascogne_in_a_blue_dogcollar.jpg/220px-Grand_Bleu_de_Gascogne_in_a_blue_dogcollar.jpg
000020.jpg,https://www.doglib.com/wp-content/uploads/sites/2/bl/bleu-hortaya-borzaya-wikipedia-the-free-encyclopedia-breed.jpg
000021.jpg,https://www.dogbreedinfo.com/images10/PetitBleudeGascognetacomah.jpg
000022.jpg,https://i.ytimg.com/vi/DPqUfsu-phU/maxresdefault.jpg
000023.jpg,http://www.adopt-a-griffon.eu/en/wp-content/uploads/2015/05/Griffon-bleu-de-Gascogne.jpg
000024.jpg,http://www.petpaw.com.au/wp-content/uploads/2012/09/Bleu-de-Gascogne-Petit.jpg
000025.jpg,https://media.ooreka.fr/public/image/3-307445-3047-full-13455599.jpg
000026.jpg,https://www.animal3000.com/assets/img/informations/animals_images/chien/vignette/petitbleudegascogne.jpg
000027.jpg,http://www.adopt-a-griffon.eu/en/wp-content/uploads/2016/01/basset-bleu-gascogne.jpg
000028.jpg,https://render.fineartamerica.com/images/rendered/default/throw-pillow/images-medium-5/petit-bleu-de-gascogne-jean-michel-labat.jpg?&targetx=-119&targety=0&imagewidth=718&imageheight=479&modelwidth=479&modelheight=479&backgroundcolor=60584C&orientation=0&producttype=throwpillow-14-14
000029.jpg,http://www.easypetmd.com/sites/default/files/Basset%20Bleu%20de%20Gascogne.jpg
000030.jpg,https://www.petitbleudegascogne.fr/img/mini/azur.jpg
000031.jpg,https://www.chiens-de-france.com/photo/chiens/2018_03/chiens-Petit-bleu-de-Gascogne-879dcebd-eac2-6984-8d37-2684c99c7be1_min.jpg
000032.jpg,https://upload.wikimedia.org/wikipedia/commons/1/15/04031124_Griffon_Bleu_de_Gascogne.jpg
000033.jpg,https://i.pinimg.com/originals/af/ac/6b/afac6b6d013d0fca66fc24eeb3e0d5ee.jpg
000034.jpg,http://www.dogwallpapers.net/wallpapers/bleu-de-gascogne-petit-dog-with-master-picture.jpg
000035.jpg,https://bepuppyblog-4fef.kxcdn.com/wp-content/uploads/2017/12/Petit-Bleu-De-Gascogne-696x459.jpg
000036.jpg,https://i.pinimg.com/originals/52/a4/21/52a4212d3f091eb5fe191bba804ca348.jpg
000037.jpg,https://i.pinimg.com/originals/87/b7/9e/87b79e9b4a458ac16375500fd20f8bc4.jpg
000038.jpg,http://4.bp.blogspot.com/_wxtdziSoI_M/S9bc9D7HmcI/AAAAAAAACJc/EPFCUFj5LOA/s1600/Grand+Bleu+de+Gascogne+Puppy.jpg
000039.jpg,https://www.dogbreedinfo.com/images10/PetitBleudeGascognetacoma1.jpg
000040.jpg,https://www.vdh.de/welpen/uploads/zrfancy/278_767.jpg
000041.jpg,https://www.deine-tierwelt.de/fotos/117134343_xl.jpg
000042.jpg,https://3.bp.blogspot.com/-GzWYar4irFM/WjrttC7Nu1I/AAAAAAAAG20/ck23ouFYMukJmktjtikpCo9UKTQ7ErpEACLcBGAs/s1600/basset_bleu_de_gascogne_1.jpg
000043.jpg,https://cdn.fotofits.com/petzlover/gallery/img/l/petit-bleu-de-gascogne-477595.jpg
000044.jpg,http://www.skk.se//contentassets/3f416d24dad14e0ebcf2b2cb0ae73eb4/655-petit-bleu-de-gascogne.jpg
000045.jpg,https://www.petitbleudegascogne.fr/img/mini/hera.jpg
000046.jpg,http://www.sabinemiddelhaufeshundundnatur.net/immagini/hunderassen/bleu/Wilma08%20018.jpg
000047.jpg,https://www.petitbleudegascogne.fr/img/mini/groupe.jpg
000048.jpg,https://nationalpurebreddogday.com/wp-content/uploads/2017/06/39e1b47874d2520f1cb90d7f1bd678fc.jpg
000049.jpg,https://media.ooreka.fr/public/image/3-307445-3045-full-13455595.jpg
000050.jpg,https://i.pinimg.com/originals/ff/7c/02/ff7c020675fd19b978a75c6ed24ffb21.jpg
