image,source
000001.jpg,https://cdn2-www.dogtime.com/assets/uploads/gallery/pharaoh-hound-dog-breed-pictures/3-sitesmile.jpg
000002.jpg,https://d17fnq9dkz9hgj.cloudfront.net/breed-uploads/2018/08/pharaoh-hound-detail.jpg?bust=1535566283&width=355
000003.jpg,https://vetstreet.brightspotcdn.com/dims4/default/832eae1/2147483647/thumbnail/645x380/quality/90/?url=https%3A%2F%2Fvetstreet-brightspot.s3.amazonaws.com%2F5f%2Fc5%2F3931e0ae4e64b335655da4af7509%2Fpharaoh-hound-ap-1mqdun.jpg
000004.jpg,https://vetstreet.brightspotcdn.com/dims4/default/e071a2b/2147483647/crop/0x0%2B0%2B0/resize/645x380/quality/90/?url=https%3A%2F%2Fvetstreet-brightspot.s3.amazonaws.com%2F76%2F15ef50a7f511e0a0d50050568d634f%2Ffile%2FPharaoh-Hound-1-645mk062811.jpg
000005.jpg,https://www.purina.com.au/-/media/Project/Purina/Main/Breeds/Dog/Mobile/Dog_Pharaoh-Hound_Mobile.jpg?h=300&la=en&w=375&hash=2FCD293667FBCD8F030FB37E1249EF31
000006.jpg,http://cdn.akc.org/content/hero/pharoah_hound_hero.jpg
000007.jpg,https://s3.amazonaws.com/cdn-origin-etr.akc.org/wp-content/uploads/2017/11/12214239/Pharaoh-Hound-On-White-03.jpg
000008.jpg,https://www.petguide.com/wp-content/uploads/2016/01/pharaoh-hound.jpg
000009.jpg,https://cdn.akc.org/Marketplace/Breeds/Pharaoh_Hound_SERP.jpg
000010.jpg,https://upload.wikimedia.org/wikipedia/commons/thumb/5/51/Pies_faraona_e34.jpg/220px-Pies_faraona_e34.jpg
000011.jpg,https://www.dogbreedslist.info/uploads/allimg/dog-pictures/Pharaoh-Hound-2.jpg
000012.jpg,http://www.dogzone.com/images/breeds/pharoah-hound.jpg
000013.jpg,https://www.dogster.com/wp-content/uploads/2015/08/shutterstock_239493841.jpg
000014.jpg,https://vetstreet-brightspot.s3.amazonaws.com/aa/e586f0a7f511e0a0d50050568d634f/file/Pharaoh-Hound-2-645mk062811.jpg
000015.jpg,https://www.k9rl.com/wp-content/uploads/2017/02/Pharaoh-Hound-pup.jpg
000016.jpg,https://www.caninejournal.com/wp-content/uploads/two-pharaoh-hound-dogs.jpg
000017.jpg,https://www.petful.com/wp-content/uploads/2014/12/Pharaoh-Hound-750x409.jpg
000018.jpg,https://s3.amazonaws.com/cdn-origin-etr.akc.org/wp-content/uploads/2017/11/12214246/Pharaoh-Hound-On-White-01-400x267.jpg
000019.jpg,https://www.pawsplaygrounds.com/wp-content/uploads/2017/01/pharaoh-hound.jpg
000020.jpg,https://thumbs.dreamstime.com/z/pharaoh-hound-background-green-grass-95508859.jpg
000021.jpg,https://images.wagwalkingweb.com/media/daily_wag/name_guides/pharaoh-hound-dog-names/hero/Pharaoh-Hound-Dog-Names.jpg
000022.jpg,https://i.ytimg.com/vi/Extx8IOZCcc/hqdefault.jpg
000023.jpg,https://s3-eu-west-1.amazonaws.com/w3.cdn.gpd/gb.pedigree.56/large_a4864c94-64a0-4776-b4dd-f280d313fccd.jpg
000024.jpg,https://i.pinimg.com/originals/42/2a/66/422a660f2f56ae01508bb51658723b41.jpg
000025.jpg,https://images.ctfassets.net/w00x6p5qkejz/6DroVpcpmECy4WWaqsCCWK/8ef3c4dd1dda74daf1a47a8ffe9e5e77/Pharaoh_Hound3.png
000026.jpg,https://cdn2-www.dogtime.com/assets/uploads/2011/01/file_23038_pharaoh-hound-460x290.jpg
000027.jpg,https://racinevet.com/wp-content/uploads/2018/10/Pharaoh-Hound.jpg
000028.jpg,https://www.k9rl.com/wp-content/uploads/2017/02/Pharaoh-Hound-colors.jpg
000029.jpg,https://www.pets4homes.co.uk/images/breeds/188/large/77a8ae7de5f1de53b47dfa51b8003378.jpg
000030.jpg,https://indulgeyourpet.com/wp-content/uploads/Pharaoh-Hound-Puppy.png
000031.jpg,https://www.purina.com/sites/g/files/auxxlc196/files/HOUND_Ibizan-Hound.jpg
000032.jpg,https://www.dogtemperament.com/wp-content/uploads/2018/10/pharaoh-hounds-4-min.jpg
000033.jpg,https://images.ctfassets.net/w00x6p5qkejz/6zTIjfOJxeOe0EsyaQGUwa/c0b1759a437ce8d85c7a3aedf27b6f66/Pharaoh_Hound1.png
000034.jpg,https://cdn.shopify.com/s/files/1/0994/0236/files/pharaoh-hound-fun-facts-crate-size_large.jpg?v=1544837282
000035.jpg,https://www.petbarn.com.au/petspot/app/uploads/2016/08/142.-Pharaoh-Hound.jpg
000036.jpg,https://www.nbcsports.com/sites/nbcsports.com/files/2017/11/28/nds_hou_pharaohhound_171120.jpg
000037.jpg,https://upload.wikimedia.org/wikipedia/commons/thumb/3/3e/Pharaoh_Hound_near_river.jpg/400px-Pharaoh_Hound_near_river.jpg
000038.jpg,https://i.pinimg.com/originals/d6/17/2d/d6172d94786a1e10efc082a7fddd835e.jpg
000039.jpg,http://breedfinder.ikc.ie/Content/images/breeds/26_pharaoh_hound.jpg
000040.jpg,https://doglime.com/wp-content/uploads/2019/04/Pharoah-Hound-Behavior-information..jpg
000041.jpg,https://c8.alamy.com/comp/CNEMG6/pharaoh-hound-dog-CNEMG6.jpg
000042.jpg,https://cf.ltkcdn.net/dogs/images/std/207322-675x450-Pharaoh-hounds.jpg
000043.jpg,https://www.omlet.co.uk/images/cache/1024/682/Dog-Pharaoh_Hound-A_beautiful,_young_Pembroke_Welsh_Corgi_standing_tall,_showing_off_its_slender_physique.jpg
000044.jpg,https://www.acepharaohhounds.com/uploads/7/4/9/3/7493164/header_images/1487906430.jpg
000045.jpg,https://live.staticflickr.com/4043/4318415136_7c9bf9e1ef_b.jpg
000046.jpg,http://kennelenigma.com/wordpress/wp-content/uploads/2015/12/20916878_10154964565449065_1144140593_n.jpg
000047.jpg,https://www.dogfocus.co.uk/imgs/dogfocus/breeds/pharaoh-hound_5001.jpg
000048.jpg,https://dogsaholic.com/wp-content/uploads/2016/08/Pharaoh-Hound-dog-breed-810x540.jpg
000049.jpg,https://previews.123rf.com/images/alexeitm/alexeitm1604/alexeitm160400039/55938983-pharaoh-hound-dog-attacks-small-jack-russell-terrier-dog.jpg
000050.jpg,http://www.ph-club.org/wp-content/uploads/2012/08/Page-test_1.jpg
