image,source
000001.jpg,https://upload.wikimedia.org/wikipedia/commons/thumb/f/f5/Phu_Quoc_dog.jpg/220px-Phu_Quoc_dog.jpg
000002.jpg,http://foxtravels.net/_img/vietnam/phu-quoc/dogs/phu-quoc-ridgeback-01-1200.jpg
000003.jpg,https://www.phuquocridgeback.com/uploads/phu-quoc.jpg
000004.jpg,https://www.101dogbreeds.com/wp-content/uploads/2018/05/Phu-Quoc-Dog.jpg
000005.jpg,https://www.pets4homes.co.uk/images/classifieds/2016/05/30/1288818/large/phu-quoc-ridgeback-574c6e0fd62aa.jpg
000006.jpg,https://www.phuquocridgeback.com/uploads/D5_2489.jpg
000007.jpg,https://www.dogzone.com/images/breeds/phu-quoc-ridgeback-800.jpg
000008.jpg,https://www.101dogbreeds.com/wp-content/uploads/2018/05/Phu-Quoc-Ridgeback-Photos.jpg
000009.jpg,http://www.dogzone.com/images/breeds/phu-quoc-ridgeback.jpg
000010.jpg,https://cdn.izbooking.com/images/2019/02/user_23/images/phu-quoc-ridgebacks-one-of-the-rarest-and-most-expensive-dogs-in-the-world-2.jpg
000011.jpg,https://www.dogbreedinfo.com/images24/PhuQuocRidgebackDogVietnamLucky1.jpg
000012.jpg,https://f001.backblazeb2.com/b2api/v1/b2_download_file_by_id?fileId=4_z36bbc39865a8cf936d640312_f108a1887964d2c08_d20190124_m180128_c001_v0001001_t0020
000013.jpg,https://phuquoc-vietnam.info/wp-content/uploads/2018/03/1_229261.jpg
000014.jpg,https://honthomisland.com/wp-content/uploads/2017/08/phuquoc_ridgeback-dog-2.jpg
000015.jpg,https://i.pinimg.com/originals/52/16/d6/5216d66314cc49a676d6a4847296b027.jpg
000016.jpg,https://i.ytimg.com/vi/VLZniR093Og/hqdefault.jpg
000017.jpg,http://buffalotrip.com/image/cache/data/2015/Phu-Quoc-island-2/Sights/Phu-Quoc-Dog/phu-quoc-ridgeback-dog-where-to-buy-760x432.jpg
000018.jpg,https://news.images.itv.com/image/file/786225/stream_img.jpg
000019.jpg,https://i.pinimg.com/originals/fd/61/4f/fd614f67fd3fc54c7a793f332a17e971.jpg
000020.jpg,https://ngasih.files.wordpress.com/2014/10/anjing-thai-ridgeback-mah-thai-lang-ahn-atau-phu-quoc-ridgeback.jpg?w=785
000021.jpg,https://www.pqdog.com/wp-content/uploads/group-avatars/1/57f3254670fa1-bpfull.jpg
000022.jpg,https://www.101dogbreeds.com/wp-content/uploads/2018/05/Cho-Phu-Quoc.jpg
000023.jpg,https://www.phuquocridgeback.com/uploads/IMG_3189_DxO.jpg
000024.jpg,https://c8.alamy.com/comp/BAK7W8/phu-quoc-ridgeback-dog-BAK7W8.jpg
000025.jpg,http://foxtravels.net/_img/vietnam/phu-quoc/dogs/phu-quoc-ridgeback-04-800.jpg
000026.jpg,https://ncliedl.files.wordpress.com/2010/01/ridgeback2.jpg
000027.jpg,https://i.redd.it/fb1tsa1ufuqz.jpg
000028.jpg,http://www.vietnamheritage.com.vn/uploads/5220a.jpg
000029.jpg,https://www.101dogbreeds.com/wp-content/uploads/2018/05/Phu-Quoc-Ridgeback-Brindle.jpg
000030.jpg,https://www.pets4homes.co.uk/images/classifieds/2016/05/26/1285711/large/ultra-rare-phu-quoc-ridgeback-puppies-57476b948aaab.jpg
000031.jpg,https://cdn.izbooking.com/images/2019/02/phu-quoc-ridgebacks-one-of-the-rarest-and-most-expensive-dogs-in-the-world-1-1550832067.jpg
000032.jpg,https://images.puppyfinder.com/AdInfo/1/6/d/16d1606b8a4837fd_15625129875b27fe77bdb594_23090936_medium.jpg
000033.jpg,http://foxtravels.net/_img/vietnam/phu-quoc/dogs/phu-quoc-ridgeback-05-1200.jpg
000034.jpg,https://www.pqdog.com/wp-content/uploads/group-avatars/2/57f09da74bf61-bpfull.jpg
000035.jpg,https://live.staticflickr.com/7307/11914103435_8f2945aaca_b.jpg
000036.jpg,http://buffalotrip.com/image/cache/data/2015/Phu-Quoc-island-2/Sights/Phu-Quoc-Dog/phu-quoc-ridgeback-dog-where-to-buy-phu-quoc-island-things-to-see-tourist-attractions-3-760x432.jpg
000037.jpg,https://i.pinimg.com/originals/b0/ac/d5/b0acd5ea3018af37012ea938df4d80bb.jpg
000038.jpg,https://dgicdplf3pvka.cloudfront.net/2530050/thai-ridgeback-puppy-picture-145ef523-3fc4-4c1e-ac75-e9944a764c85.jpg
000039.jpg,https://c8.alamy.com/comp/AAT8EH/phu-quoc-dog-thai-ridgeback-phu-quoc-island-vietnam-AAT8EH.jpg
000040.jpg,http://ipfactly.com/wp-content/uploads/2016/01/Thai_Ridgeback.jpg
000041.jpg,https://cdn.izbooking.com/images/2019/02/user_23/images/phu-quoc-ridgebacks-one-of-the-rarest-and-most-expensive-dogs-in-the-world-3.jpg
000042.jpg,http://foxtravels.net/_img/photos/600/phu-quoc-ridgeback-cc-by-sa-foxtravels.jpg
000043.jpg,https://i.ytimg.com/vi/DVbv1BF93t0/maxresdefault.jpg
000044.jpg,https://images-na.ssl-images-amazon.com/images/I/51P2wC-Z5VL._SX450_.jpg
000045.jpg,https://f001.backblazeb2.com/b2api/v1/b2_download_file_by_id?fileId=4_z36bbc39865a8cf936d640312_f117fce308e40c085_d20181111_m171048_c001_v0001100_t0044
000046.jpg,http://1.bp.blogspot.com/-HgeWQsSF7-U/UpYdhb2AYBI/AAAAAAAADW4/_eE_WxJi7lU/s1600/Images+Phu+Quoc+ridgeback+dog+(1).jpg
000047.jpg,https://upload.wikimedia.org/wikipedia/commons/8/8b/Playing_Phu_Quoc_Ridgebacks.jpg
000048.jpg,https://c8.alamy.com/comp/AAWXBG/phu-quoc-ridgeback-dog-digging-for-crabs-AAWXBG.jpg
000049.jpg,https://www.citypassguide.com/media/slideshow/dog-phu-quoc.jpg.1758x854_q85_crop.jpg
000050.jpg,https://previews.123rf.com/images/mediavn/mediavn1706/mediavn170600059/79462934-phu-quoc-ridgeback.jpg
