image,source
000001.jpg,https://cdn2-www.dogtime.com/assets/uploads/gallery/plott-dog-breed-pictures/1-smileyface.jpg
000002.jpg,https://cdn2-www.dogtime.com/assets/uploads/2011/01/file_23040_plott-460x290.jpg
000003.jpg,https://s3.amazonaws.com/cdn-origin-etr.akc.org/wp-content/uploads/2017/11/12225755/Plott-On-White-03.jpg
000004.jpg,https://s3.amazonaws.com/cdn-origin-etr.akc.org/wp-content/uploads/2017/11/12225817/Plott-Care-500x749.jpg
000005.jpg,https://vetstreet-brightspot.s3.amazonaws.com/06/64af10a7f611e0a0d50050568d634f/file/Plott-Hound-1-645mk062811.jpg
000006.jpg,https://d17fnq9dkz9hgj.cloudfront.net/breed-uploads/2018/08/plott-hound-detail.jpg?bust=1535566296&width=355
000007.jpg,https://dl5zpyw5k3jeb.cloudfront.net/photos/pets/40336989/3/?bust=1517363918&width=720
000008.jpg,https://i.ytimg.com/vi/WbRqm0Upv2M/maxresdefault.jpg
000009.jpg,https://vetstreet-brightspot.s3.amazonaws.com/4a/5fca60a7f611e0a0d50050568d634f/file/Plott-Hound-2-645mk062811.jpg
000010.jpg,https://i.pinimg.com/originals/55/62/de/5562dea898d46698fb16fcffcfbb74ab.jpg
000011.jpg,https://images.wagwalkingweb.com/media/breed/plott-hound/hero/Plott-Hound.jpg
000012.jpg,https://vetstreet.brightspotcdn.com/dims4/default/62f2455/2147483647/thumbnail/645x380/quality/90/?url=https%3A%2F%2Fvetstreet-brightspot.s3.amazonaws.com%2Fe0%2Fe5%2Facbd1dc24401aa93036f1c424d67%2FPlott-Hound-AP-VI263L-645sm71113.jpg
000013.jpg,https://upload.wikimedia.org/wikipedia/commons/thumb/2/27/Bossplotthound.JPG/220px-Bossplotthound.JPG
000014.jpg,http://www.pethealthnetwork.com/sites/default/files/content/images/plott-hound153492033.png
000015.jpg,https://i.pinimg.com/originals/4d/2d/b7/4d2db759b39fa0bc525072c611a03425.jpg
000016.jpg,https://images.ctfassets.net/w00x6p5qkejz/36uOE7nn5CuYaaeQkiU2eq/bd499a1b236feb900d78de66230532cc/Plott_Hound_B_W_Small_File.png
000017.jpg,https://s3.amazonaws.com/cdn-origin-etr.akc.org/wp-content/uploads/2017/11/12225807/Plott-MP.jpg
000018.jpg,https://animalsbreeds.com/wp-content/uploads/2015/03/Plott-Hound-6.jpg
000019.jpg,https://vetstreet.brightspotcdn.com/dims4/default/9222950/2147483647/crop/0x0%2B0%2B0/resize/645x380/quality/90/?url=https%3A%2F%2Fvetstreet-brightspot.s3.amazonaws.com%2F94%2Fbf3ff0a7f611e0a0d50050568d634f%2Ffile%2FPlott-Hound-3-645mk062811.jpg
000020.jpg,https://www.petpremium.com/wp-content/uploads/ppbr/breeds/plott_profile_350x400.jpg
000021.jpg,https://s3.amazonaws.com/cdn-origin-etr.akc.org/wp-content/uploads/2017/11/12221103/Plott-Illo-2.jpg
000022.jpg,https://www.dogbreedinfo.com/images28/PlottHoundPurebredDogBrindleSnoopDoggAbout7YearsOldRescue2.jpg
000023.jpg,https://s3.amazonaws.com/filestore.rescuegroups.org/1023/pictures/animals/4414/4414053/11509412_500x394.jpg
000024.jpg,https://www.101dogbreeds.com/wp-content/uploads/2018/07/Plott-Hound-Dog.jpg
000025.jpg,https://s3.amazonaws.com/cdn-origin-etr.akc.org/wp-content/uploads/2017/11/12212034/Plott-History-07-500x500.jpg
000026.jpg,http://pm1.narvii.com/6642/a345b48348677fae9465b45509fed5d8cff51b65_00.jpg
000027.jpg,https://www.101dogbreeds.com/wp-content/uploads/2018/07/Pictures-of-Plott-Hounds.jpg
000028.jpg,https://i.pinimg.com/originals/7c/f0/64/7cf064ca2cd44ac3bc39cdb2520f99b6.jpg
000029.jpg,https://ckcusa.com/media/147755/plott-hound.jpg?preset=ckcBreedImage375
000030.jpg,https://www.dogbreedslist.info/uploads/allimg/dog-pictures/Plott-Hound-2.jpg
000031.jpg,https://i.pinimg.com/236x/91/95/83/91958369f7efbba3eb414fc8bc450a06--plott-hound-hound-dog.jpg
000032.jpg,http://www.dogzone.com/images/breeds/plott-hound.jpg
000033.jpg,https://statesymbolsusa.org/sites/statesymbolsusa.org/files/primary-images/plotthoundface.jpg
000034.jpg,https://doggiedesigner.com/wp-content/uploads/2018/04/206.1.jpg
000035.jpg,https://www.101dogbreeds.com/wp-content/uploads/2018/07/Pics-of-Plott-Hounds.jpg
000036.jpg,https://dl5zpyw5k3jeb.cloudfront.net/photos/pets/39596912/1/?bust=1507466972&width=720
000037.jpg,http://digitalheritage.org/wp-content/uploads/2014/07/WCU_Plott311-1024x681.jpg
000038.jpg,https://pet-uploads.adoptapet.com/2/a/c/296834252.jpg
000039.jpg,https://cdn.shopify.com/s/files/1/0994/0236/files/plott-hound-fun-facts-crate-size_large.jpg?v=1545073724
000040.jpg,https://www.dogbreedslist.info/uploads/allimg/dog-pictures/Plott-Hound-3.jpg
000041.jpg,http://dogbreedstandards.com/wp-content/uploads/2012/11/Plott.jpg
000042.jpg,https://www.purina.com/sites/g/files/auxxlc196/files/HOUND_Plott.jpg
000043.jpg,https://visitncsmokies.com/wp-content/uploads/2014/06/Plottfest2014-28.jpg
000044.jpg,https://pixfeeds.com/images/36/177464/1280-177464-plott-hound-dog-breed-information.png
000045.jpg,https://bloximages.newyork1.vip.townnews.com/thepilot.com/content/tncms/assets/v3/editorial/9/ad/9ad7da1c-9689-11e8-8980-0fa1ee933836/5b635a5c2e9f4.image.jpg?resize=400%2C630
000046.jpg,https://i.pinimg.com/originals/dc/7a/46/dc7a468949f53d384823a4d824cf55fa.jpg
000047.jpg,http://bear-hunting.com/index.cfm?a=Files.Serve&File_id=18CC0779-59C0-40C7-BF3C-65303585DF73
000048.jpg,http://static.ddmcdn.com/en-us/apl/breedselector/images/breed-selector/dogs/breeds/plott_01_lg.jpg
000049.jpg,https://www.pedigree.com/images/default-source/breed-images/larged920078ea3f66930bcd1ff00004ce6f7.jpg?sfvrsn=8fd66e49_0
000050.jpg,https://www.iams.com/breedselector/images/e62e912a4460320722f4ed730ec86f1c.jpg
