image,source
000001.jpg,https://upload.wikimedia.org/wikipedia/commons/thumb/b/b4/Plummer_Terrier_Nathy.jpg/220px-Plummer_Terrier_Nathy.jpg
000002.jpg,https://i.pinimg.com/originals/4e/68/0a/4e680a4be85d13840ac76bf468882649.jpg
000003.jpg,https://static1.viovet.co.uk/breeds/s0b273-breeds-c275x500.jpeg
000004.jpg,https://www.pets4homes.co.uk/images/breeds/295/large/48a50c1db91a134eed3d411690c4bdfc.jpg
000005.jpg,https://www.dogbreedinfo.com/images21/PlummerTerrierLegionBearWyremeadSuziSaxonMeg.jpg
000006.jpg,https://www.pets4homes.co.uk/images/breeds/295/large/d40287856a23fe939c3035430fb6dda7.JPG
000007.jpg,https://i.pinimg.com/originals/e2/e2/97/e2e29766b2d6c899798009ae61e2baf5.jpg
000008.jpg,http://files.uk2sitebuilder.com/e5/57/e55770b1-7b2a-49ee-a131-04c5201e3fe4.jpg
000009.jpg,https://www.101dogbreeds.com/wp-content/uploads/2017/12/Plummer-Terrier-Dog.jpg
000010.jpg,https://animalsadda.com/wp-content/uploads/2016/01/Plummer-Terrier-6.jpg
000011.jpg,https://www.dogbreedslist.info/uploads/allimg/dog-pictures/Plummer-Terrier-2.jpg
000012.jpg,https://www.101dogbreeds.com/wp-content/uploads/2017/12/Images-of-Plummer-Terrier.jpeg.jpg
000013.jpg,https://animalsbreeds.com/wp-content/uploads/2014/11/Plummer-Terrier-14.jpg
000014.jpg,http://www.molosserdogs.com/gallery/albums/userpics/13006/plummer.jpg
000015.jpg,http://www.onelife-productions.com/wp-content/uploads/2016/09/plummer-terrier.jpg
000016.jpg,http://files.uk2sitebuilder.com/c0/41/c041cc4a-0776-4014-8f87-06a483994835.jpg
000017.jpg,https://www.pets4homes.co.uk/images/breeds/295/large/415c3c95e2ab4e34780782724687aa69.jpg
000018.jpg,https://animalsadda.com/wp-content/uploads/2016/01/Plummer-Terrier-5.jpg
000019.jpg,http://www.saxonplummerterriers.co.uk/images/rosie/rosie.jpg
000020.jpg,https://i.pinimg.com/originals/83/5a/40/835a40b6c2a075b4e520eca7eb75000d.jpg
000021.jpg,https://images.puppyfinder.com/Breed/0/5/e/05e71493995ffb59_675_image1_medium.jpg
000022.jpg,http://i209.photobucket.com/albums/bb307/dazrow/DSC00294.jpg
000023.jpg,https://www.ukpets.com/oc-content/uploads/breeds/0/2214.png
000024.jpg,https://www.dogbreedinfo.com/images21/PlummerTerrierLegionBearWyremeadSuzi.jpg
000025.jpg,https://www.dogbreedslist.info/uploads/allimg/dog-pictures/Plummer-Terrier-3.jpg
000026.jpg,https://keyassets.timeincuk.net/inspirewp/live/wp-content/uploads/sites/6/2016/08/Terrier-2.jpg
000027.jpg,https://upload.wikimedia.org/wikipedia/commons/2/2e/Ratting_on_a_farm_2015_with_the_Plummer_terrier_rat_pack.jpg
000028.jpg,https://www.pets4homes.co.uk/images/classifieds/2014/09/12/755311/large/plummer-terrier-puppies-forsale-54130b1e4d398.JPG
000029.jpg,http://cinqueportsrescue.org.uk/wp-content/uploads/2016/09/image-5.jpeg
000030.jpg,https://get.wallhere.com/photo/animals-grass-dog-Jack-Russell-Terrier-dogs-dog-like-mammal-dog-breed-group-carnivoran-dog-breed-terrier-jackrussell-russell-terrier-parson-russell-terrier-terriers-staffordshirebullterrier-companion-dog-plummer-terrier-849151.jpg
000031.jpg,https://pippahillsculpture.co.uk/wp-content/uploads/2017/11/Plummer-Terrier-Comission-1.jpg
000032.jpg,https://i.ytimg.com/vi/pWRsnYscv30/hqdefault.jpg
000033.jpg,https://i.ebayimg.com/00/s/MzkwWDc4MA==/z/tZ0AAOSwXh9cQQ4G/$_86.JPG
000034.jpg,http://www.plummerterrierclub.com/media/uploads/2017/12/Rocky.png
000035.jpg,http://www.oakfieldplummerterriers.com/images/packindex.jpg
000036.jpg,https://animalsbreeds.com/wp-content/uploads/2014/11/Plummer-Terrier-2.jpg
000037.jpg,https://1.bp.blogspot.com/-1AC37v1ae10/WO9fWBER2eI/AAAAAAAA4qE/dzTWOeEI-cIZQ89QDb21vKgwzSfsz_m3wCLcB/w1200-h630-p-k-no-nu/plummer-terriers-countrymans-weekly.jpg
000038.jpg,https://upload.wikimedia.org/wikipedia/commons/1/1a/Mae%2C_my_working_Plummer_terrier_April_2015.jpg
000039.jpg,https://www.thehuntinglife.com/forums/uploads/monthly_03_2009/post-25364-1237573211.jpg
000040.jpg,https://www.mypetzilla.co.uk/files/8115/4162/7346/Young_Plummer_Terrier.jpg
000041.jpg,http://i23.photobucket.com/albums/b399/philstaff/IMGP0405.jpg
000042.jpg,https://www.dragondriving.co.uk/images/horsecarts/harness136248-1.jpg
000043.jpg,http://www.davidhancockondogs.com/archives/archive_790_899/images/793/793B%20The%20Plummer%20Terrier%20breed%20has%20plenty%20of%20typy%20stock.jpg
000044.jpg,https://www.mypetdesire.com/myadmin/assets/img/post/blog_714_Plummer_Terrier_400X400.png
000045.jpg,https://www.breedyourdog.com/uploads/listing_images/4048/28407/big_securedownloadffserdghgjhujk.jpg
000046.jpg,http://www.onelife-productions.com/wp-content/uploads/2016/11/slide-1.jpg
000047.jpg,https://thumbs.dreamstime.com/z/young-plummer-terrier-abandonet-street-east-europe-137693237.jpg
000048.jpg,https://banner2.kisspng.com/20180615/xk/kisspng-basenji-english-foxhound-plummer-terrier-tenterfie-5b23f0ea994ad8.7036506815290820906279.jpg
000049.jpg,https://editorial01.shutterstock.com/wm-preview-1500/3268337a/cdd5d13f/nature-shutterstock-editorial-3268337a.jpg
000050.jpg,http://www.saxonplummerterriers.co.uk/images/pups/PUPS_PAGE/DSC_0125.jpg
