image,source
000001.jpg,https://upload.wikimedia.org/wikipedia/commons/thumb/9/9c/Podenco_Canario_2.jpg/260px-Podenco_Canario_2.jpg
000002.jpg,https://cazadoresconpodencosespana.files.wordpress.com/2018/02/podenco-canario.jpg?w=740
000003.jpg,https://img.milanuncios.com/fg/2494/39/249439860_1.jpg?VersionId=0RgS8ijaDHUT1oPpB0TU72bfYje1bsTh
000004.jpg,https://piensosloboazul.com/wp-content/uploads/2018/08/perros-podenco-canario-650x380.jpg
000005.jpg,https://www.cazavision.com/sites/default/files/inline-images/PodencoCanario_Ficha4.jpg
000006.jpg,http://www.dogzone.com/images/breeds/podenco-canario.jpg
000007.jpg,https://www.petguide.com/wp-content/uploads/2017/08/podenco-canario.jpg
000008.jpg,http://www.caninanacionalaccam.es/wp-content/uploads/2016/07/Podenco-Canario.jpg
000009.jpg,https://i.pinimg.com/originals/d0/12/35/d01235030b7080ff149f62fe349398a7.jpg
000010.jpg,http://primitivedogs.com/wp-content/uploads/2015/11/Podenco-Canario.jpg
000011.jpg,https://vignette.wikia.nocookie.net/dog-lover/images/d/de/Podenco_canario_0026.jpg/revision/latest?cb=20140815151115
000012.jpg,https://www.canariasconfidencial.com/wp-content/uploads/2019/01/Podenco-Canario-3-750x430.jpg
000013.jpg,http://laperdizroja.com/wp-content/uploads/2017/03/podenco-canario.jpg
000014.jpg,https://perros.paradais-sphynx.com/wp-content/uploads/2017/02/podenco-canario.jpg
000015.jpg,https://upload.wikimedia.org/wikipedia/commons/a/a9/Podenco_canario_hembra.jpg
000016.jpg,https://perro.shop/wp-content/uploads/podenco-canario.jpg
000017.jpg,https://www.101dogbreeds.com/wp-content/uploads/2018/04/Podenco-Canario.jpg
000018.jpg,http://www.gopetsamerica.com/hounds/podenco-canario.jpg
000019.jpg,https://cazaworld.com/blog/wp-content/uploads/2018/07/Podenco-canario-3.jpg
000020.jpg,https://www.ecured.cu/images/thumb/4/4d/Podenco_canario.jpg/260px-Podenco_canario.jpg
000021.jpg,https://images.ctfassets.net/w00x6p5qkejz/4blfTQeS3uY22cAwWQ2uOW/d67a126b72c0e8b0851640cb2843406a/Podenco_Canario1.png
000022.jpg,https://img.milanuncios.com/fg/2088/52/208852012_3.jpg
000023.jpg,http://doglover.in/wp-content/uploads/2018/06/Podenco-Canario-Dog.jpg
000024.jpg,https://piensosloboazul.com/wp-content/uploads/2018/08/cachorros-podenco-canario.jpg
000025.jpg,https://www.elmundodelperro.net/fotos/55/Razas_Europeas-nov11.jpg
000026.jpg,https://i.pinimg.com/originals/fb/5a/18/fb5a1828d6339687779a83dfb9a40a9c.jpg
000027.jpg,https://www.cazavision.com/sites/default/files/inline-images/PodencoCanario_Ficha7.jpg
000028.jpg,https://live.staticflickr.com/5520/11501225816_1d283aee59_b.jpg
000029.jpg,https://img.milanuncios.com/fg/3089/42/308942503_2.jpg?VersionId=1BzHHTQJlTtKki7ILDL_TJNResVZP8KS
000030.jpg,https://www.spiritoffuerteventura.com/images/stories/podenco/FOTO_PAG_53.jpg
000031.jpg,https://imagenes-cdn.laprovincia.es/multimedia/videos/2018/07/08/147724/feria-insular-caza-monografica-podenco-canario-1_g.jpg
000032.jpg,https://piensosloboazul.com/wp-content/uploads/2018/08/raza-podenco-canario.jpg
000033.jpg,https://images-wixmp-ed30a86b8c4ca887773594c2.wixmp.com/f/4617ac62-09c4-4b55-bb14-50f4f8e64f16/d13tkff-2ac0768e-7fe9-462c-b3bd-71e98bdea7f5.jpg/v1/fill/w_600,h_454,q_75,strp/podenco_canario_by_priapos78_d13tkff-fullview.jpg?token=eyJ0eXAiOiJKV1QiLCJhbGciOiJIUzI1NiJ9.eyJzdWIiOiJ1cm46YXBwOjdlMGQxODg5ODIyNjQzNzNhNWYwZDQxNWVhMGQyNmUwIiwiaXNzIjoidXJuOmFwcDo3ZTBkMTg4OTgyMjY0MzczYTVmMGQ0MTVlYTBkMjZlMCIsIm9iaiI6W1t7ImhlaWdodCI6Ijw9NDU0IiwicGF0aCI6IlwvZlwvNDYxN2FjNjItMDljNC00YjU1LWJiMTQtNTBmNGY4ZTY0ZjE2XC9kMTN0a2ZmLTJhYzA3NjhlLTdmZTktNDYyYy1iM2JkLTcxZTk4YmRlYTdmNS5qcGciLCJ3aWR0aCI6Ijw9NjAwIn1dXSwiYXVkIjpbInVybjpzZXJ2aWNlOmltYWdlLm9wZXJhdGlvbnMiXX0.KabszZCoQ8lvep1V6wxVQ-_6cnhoDR320MtUs5kG_yU
000034.jpg,https://dogsoncamera.com/wp-content/uploads/2018/11/351e1e01-a02f-441f-b08a-669706c0c2c3.jpg
000035.jpg,https://c8.alamy.com/comp/C4ATF6/sitting-podenco-canario-C4ATF6.jpg
000036.jpg,https://www.mundoperros.es/wp-content/uploads/2019/04/podenco-canario-caracter.jpg
000037.jpg,https://www.sanbartolome.es/wp-content/uploads/2016/05/podenco1.jpg
000038.jpg,http://www.dogwallpapers.net/wallpapers/resting-podenco-canario-photo.jpg
000039.jpg,https://signatus.es/wp-content/uploads/2015/11/podenco-canario-perros-de-caza.jpg
000040.jpg,https://www.pets4homes.co.uk/images/classifieds/2017/12/13/1792599/large/podenco-canario-5a311496202e0.jpg
000041.jpg,https://www.myndeklubben.dk/racer/pic/podc/06.jpg
000042.jpg,https://www.maxpixel.net/static/photo/1x/Chihuahua-Dog-Breed-Hybrid-Podenco-Canario-1480902.jpg
000043.jpg,https://piensosloboazul.com/wp-content/uploads/2018/08/adiestramiento-del-podenco-canario.jpg
000044.jpg,https://imgredirect.milanuncios.com/fg/3035/84/perros-de-caza/Cachorros-de-podenco-canario-303584997_1.jpg?VersionId=RFJIWhf0d1udD..unGM6XChBr7hSl3Ah
000045.jpg,http://www.dogwallpapers.net/wallpapers/podenco-canario-dogs-wallpaper.jpg
000046.jpg,https://www.dogbreedplus.com/dog_breeds/images/podenco-canario-3.jpg
000047.jpg,https://cdn.imgbin.com/25/8/24/imgbin-ibizan-hound-podenco-canario-pharaoh-hound-portuguese-podengo-others-hbRkqdVLtnfy5F9NYCX0gHXSn.jpg
000048.jpg,https://media.istockphoto.com/photos/podenco-canario-picture-id692008760
000049.jpg,https://image.jimcdn.com/app/cms/image/transf/none/path/scc4975d26ee1665c/image/ic36f7d4d584e9920/version/1391491717/image.jpg
000050.jpg,https://www.webanimales.com/ficheros/2014/03/Podenco-Canario.jpg
