image,source
000001.jpg,https://s3.amazonaws.com/cdn-origin-etr.akc.org/wp-content/uploads/2017/11/02202853/Porcelaine.4.jpg
000002.jpg,https://salondemers.com/415-large_fashion_default/urne-porcelaine-de-limoges.jpg
000003.jpg,https://upload.wikimedia.org/wikipedia/commons/3/3e/Porcelaine_2009_pl4.jpg
000004.jpg,http://traditiondelecriture.com/1072-tm_large_default/encrier-xviiie-en-porcelaine-peinte-et-plomb.jpg
000005.jpg,http://www.authenticite.fr/images/medias/20110523140501porcelainedesevres.jpg
000006.jpg,https://www.porcelainedespins.fr/718-thickbox_default/duo-porcelaine-dinette-service-blanche-miniature.jpg
000007.jpg,https://upload.wikimedia.org/wikipedia/commons/thumb/8/84/Porcelaine_2009_pl.jpg/250px-Porcelaine_2009_pl.jpg
000008.jpg,https://www.lacabanedelours.com/4684-large_default/v-en-porcelaine-blanche.jpg
000009.jpg,https://espritporcelaine.fr/wp-content/uploads/2016/03/0-1-300x300.jpg
000010.jpg,http://www.antiquites-catalogue.com/wp-content/uploads/2014/04/porcelaine-dure.jpg
000011.jpg,https://larouteduthe.com/2320-large_default/tasse-a-the-en-porcelaine-blanche.jpg
000012.jpg,https://i.ebayimg.com/images/g/1h8AAOSw94Ba5f56/s-l300.jpg
000013.jpg,http://porcelaine.emyspot.com/medias/images/porcelaine-de-cozzidsc08676.jpg
000014.jpg,https://laureselignac.com/5004-home_default/oeuf-en-porcelaine.jpg
000015.jpg,https://medias.expertissim.com/media/cache/media_zoom/uploads/object/2013/01/17/12138167/service_porcelaine_1N.jpg
000016.jpg,http://catalogue.drouot.com/images/perso/full/LOT/69/23783/68.jpg
000017.jpg,https://sspc1.b-cdn.net/wp-content/uploads/puppies/Porcelaine-On-White-01.jpg
000018.jpg,https://i.pinimg.com/originals/06/18/d7/0618d78a27a8babf43b01406c0fd22b2.png
000019.jpg,https://laureselignac.com/4839-home_default/service-the-madame-de-pompadour.jpg
000020.jpg,https://bils-ceramiques.com/cb16/2237-home_default/meissen-porcelain-dish-decorated-with-birds-and-insects-eighteenth-century-sold.jpg
000021.jpg,http://porcelainedefes.com/wp-content/uploads/2018/03/c82d8-img_2483.jpg
000022.jpg,https://www.caffe-cataldi.fr/370-large_default/tasses-espresso-en-porcelaine-epaisse.jpg
000023.jpg,https://www.becolor.be/4989-large_default/follow-your-dreams-mug-en-porcelaine-legami.jpg
000024.jpg,https://a.1stdibscdn.com/archivesE/upload/1121189/f_41575131456835236340/4157513_l.jpg
000025.jpg,https://upload.wikimedia.org/wikipedia/commons/thumb/8/80/Coupe_%C3%A0_la_libellule_Limoges_Manufacture_Pouyat.jpg/280px-Coupe_%C3%A0_la_libellule_Limoges_Manufacture_Pouyat.jpg
000026.jpg,https://sep.yimg.com/ay/yhst-65953260967716/pebeo-porcelaine-150-fine-marker-29.png
000027.jpg,http://www.atelierjtruchon.com/wp-content/uploads/2012/05/Tasses-porcelaine-graphik-530x530.jpg
000028.jpg,https://i.pinimg.com/originals/59/cc/f8/59ccf8ad04c16495ac333c27e16efe0e.jpg
000029.jpg,https://www.haviland.fr/wp-content/uploads/2019/01/Tiara.jpg
000030.jpg,https://www.christies.com/img/LotImages/2017/PAR/2017_PAR_14802_0096_002(vase_en_porcelaine_de_la_famille_rose_chine_dynastie_qing_marque_a_six).jpg
000031.jpg,https://medias.maisonsdumonde.com/image/upload/q_auto,f_auto/w_1000/img/assiette-plate-en-porcelaine-imprime-tropical-1000-9-32-184204_1.jpg
000032.jpg,https://a1.amlimg.com/MDhkYzNiZDQ2ZGNlZTFiNzJkNGI4NWE3NGEzODgzMGYoPmarWGxce6xoQX4N0x3YaHR0cDovL21lZGlhLmFkc2ltZy5jb20vMjI4NmY4ZGNiYzExMTFiOTQ0ZWYzYTEwNWQ0MjJiZWFiYWIwMzcyNWIzZTQxYTdmMjMxYTkxMWI5ZDBmZTgwOS5qcGd8fHx8fHwyMTl4MjkyfGh0dHA6Ly93d3cuYWR2ZXJ0cy5pZS9zdGF0aWMvaS93YXRlcm1hcmsucG5nfHx8.jpg
000033.jpg,https://www.jankim-paris.com/wp-content/uploads/2018/11/jankim-porcelaine-assiettes-milos.jpg
000034.jpg,https://laureselignac.com/80-large_01oslo/beurrier-empire.jpg
000035.jpg,https://www.maisonporcelaine.com/upload/products_data/images/news/2_contenu-560x260-a.jpg
000036.jpg,http://www.studioarts.co.uk/images/specialoffers/3213pspecial.jpg
000037.jpg,http://cdn.shopify.com/s/files/1/0009/0442/9623/products/large-armorial-punch-bowl-by-porcelaine-de-paris-serveware-ceramics-silver-and-glass-jacques-antiques-911266_1200x1200.jpg?v=1562348900
000038.jpg,https://www.jaimemonpatrimoine.fr/750-375-0-images/FO_Gallery/porcelaine02_1488298658.jpg
000039.jpg,https://minilabo.fr/2049-thickbox_default/assiette-en-porcelaine-motif-poesie.jpg
000040.jpg,https://www.becolor.be/4990-large_default/today-i-choose-happiness-mug-en-porcelaine-legami.jpg
000041.jpg,https://i.ebayimg.com/00/s/NjU1WDg1NQ==/z/CpMAAOSwoQpcxLTi/$_35.JPG?set_id=880000500F
000042.jpg,http://ettcegypt.com/wp-content/uploads/2019/03/TP8-copy-2DT-.jpg
000043.jpg,https://www.paintspot.ca/wp-content/uploads/2016/12/Porcelaine-350x350.jpg
000044.jpg,https://upload.wikimedia.org/wikipedia/commons/thumb/c/c0/BLW_Bone_China_Chocolate_Cup.jpg/260px-BLW_Bone_China_Chocolate_Cup.jpg
000045.jpg,https://www.usinenouvelle.com/mediatheque/8/5/3/000607358_image_896x598/porcelaine-de-limoges.jpg
000046.jpg,https://medias.maisonsdumonde.com/image/upload/q_auto,f_auto/w_1000/img/assiette-plate-en-porcelaine-blanche-1000-16-29-174402_4.jpg
000047.jpg,https://porcelainesbousquet.qc.ca/images/landing/tasse.jpg
000048.jpg,http://www.antiquites-catalogue.com/wp-content/uploads/2014/04/porcelaine-tendre.jpg
000049.jpg,https://www.galerie-atena.com/images/Image/paire-de-vases-en-porcelaine-valentine-xixe-siecle-2224.jpg
000050.jpg,https://assets.catawiki.nl/assets/2017/10/22/0/1/a/01aecbf8-6354-4902-9679-98f52a5eb683.jpg
