image,source
000001.jpg,https://upload.wikimedia.org/wikipedia/commons/3/3b/Portuguese_pointer_11yo.jpg
000002.jpg,https://s3.amazonaws.com/cdn-origin-etr.akc.org/wp-content/uploads/2017/11/12195500/Portuguese-Pointer-Care-1.jpg
000003.jpg,https://s3.amazonaws.com/cdn-origin-etr.akc.org/wp-content/uploads/2017/11/12195455/Portuguese-Pointer-on-White-01-1.jpg
000004.jpg,https://s3.amazonaws.com/cdn-origin-etr.akc.org/wp-content/uploads/2017/11/12205408/Portuguese-Pointer-History-01.jpg
000005.jpg,https://www.dogbreedslist.info/uploads/allimg/dog-pictures/Portuguese-Pointer-2.jpg
000006.jpg,https://www.dogbreedslist.info/uploads/allimg/dog-pictures/Portuguese-Pointer-3.jpg
000007.jpg,https://www.petguide.com/wp-content/uploads/2013/04/portuguese-pointer.jpg
000008.jpg,https://ckcusa.com/media/147768/portuguese-pointer.jpg?preset=ckcBreedImage375
000009.jpg,https://www.101dogbreeds.com/wp-content/uploads/2017/08/Portuguese-Pointer-Images.jpg
000010.jpg,http://www.dogwallpapers.net/wallpapers/portuguese-pointer-dog-on-the-road-photo.jpg
000011.jpg,https://i.pinimg.com/originals/61/1f/64/611f64d1769dee9be820e8c6c950f747.jpg
000012.jpg,https://s3.amazonaws.com/cdn-origin-etr.akc.org/wp-content/uploads/2017/11/12205414/Portuguese-Pointer-MP.jpg
000013.jpg,https://www.101dogbreeds.com/wp-content/uploads/2017/08/Portuguese-Pointer-Photos.jpg
000014.jpg,http://www.dogzone.com/images/breeds/portuguese-pointer.jpg
000015.jpg,https://researchbreeder.com/images/Breed%20Pictures/P/Portuguese-Pointer.jpg
000016.jpg,https://i.pinimg.com/236x/df/00/5d/df005ddaac13f5a3982beee7de108b3b--pointer-dog-hunting.jpg
000017.jpg,https://www.dogfocus.co.uk/imgs/dogfocus/breeds/portuguese-pointer_6519.jpg
000018.jpg,https://researchbreeder.com/images/Puppies/Portuguese-Pointer-Puppies.jpg
000019.jpg,https://images.baxterboo.com/global/images/article/Portuguese_Pointer1.jpg
000020.jpg,https://www.101dogbreeds.com/wp-content/uploads/2017/08/Portuguese-Pointer-Puppies.jpg
000021.jpg,https://i.pinimg.com/originals/ed/95/2e/ed952e985c2881c67e2738a6416fca3a.jpg
000022.jpg,https://retrieverman.files.wordpress.com/2012/10/portuguese-pointer.jpg?w=500&h=310
000023.jpg,https://www.pets4homes.co.uk/images/classifieds/2018/12/07/2150985/large/portuguese-pointer-puppies-5c2e463e2e0be.jpg
000024.jpg,https://doglime.com/wp-content/uploads/2019/03/Portuguese-Pointer.jpg
000025.jpg,https://secure.i.telegraph.co.uk/multimedia/archive/02729/dog_2729348b.jpg
000026.jpg,https://doggiedesigner.com/wp-content/uploads/2018/10/21.1.jpg
000027.jpg,https://c8.alamy.com/comp/KFXA0H/dog-perdiguero-portugueso-portuguese-pointer-KFXA0H.jpg
000028.jpg,https://www.petbusinessworld.co.uk/UserFiles//Image/Trade%20News%20Pics/2013/dec/bn_PortugesePointer_Full.png
000029.jpg,https://i2.wp.com/www.allaboutdogs.net/wp-content/uploads/2016/06/Portuguese-Pointer.jpg?resize=740%2C414&ssl=1
000030.jpg,http://4.bp.blogspot.com/-6tmL-cEjE_s/TdFeDQtn1-I/AAAAAAAAAkc/iSZ2zREMTRg/s1600/Portugese-3.jpg
000031.jpg,https://www.101dogbreeds.com/wp-content/uploads/2017/08/Images-of-Portuguese-Pointer.jpg
000032.jpg,https://www.europetnet.com/images/dogbreeds/portuguesepointer.jpg
000033.jpg,https://i.pinimg.com/originals/b0/0e/03/b00e03ce965ba8af7965f9914df3b618.jpg
000034.jpg,https://images-wixmp-ed30a86b8c4ca887773594c2.wixmp.com/f/07af64a2-7d6d-4552-9279-33758b2622af/d4r8r1t-dae2f507-547a-42f0-837d-19c6b99ab54b.jpg?token=eyJ0eXAiOiJKV1QiLCJhbGciOiJIUzI1NiJ9.eyJzdWIiOiJ1cm46YXBwOjdlMGQxODg5ODIyNjQzNzNhNWYwZDQxNWVhMGQyNmUwIiwiaXNzIjoidXJuOmFwcDo3ZTBkMTg4OTgyMjY0MzczYTVmMGQ0MTVlYTBkMjZlMCIsIm9iaiI6W1t7InBhdGgiOiJcL2ZcLzA3YWY2NGEyLTdkNmQtNDU1Mi05Mjc5LTMzNzU4YjI2MjJhZlwvZDRyOHIxdC1kYWUyZjUwNy01NDdhLTQyZjAtODM3ZC0xOWM2Yjk5YWI1NGIuanBnIn1dXSwiYXVkIjpbInVybjpzZXJ2aWNlOmZpbGUuZG93bmxvYWQiXX0.Rjhvr2ix6v-KLXxW2LTTlunoji3oLsTPGeMlayACMig
000035.jpg,https://www.101dogbreeds.com/wp-content/uploads/2017/08/Portuguese-Pointers.jpg
000036.jpg,https://dgicdplf3pvka.cloudfront.net/images/dogbreeds/1100326.jpg
000037.jpg,https://www.pets4homes.co.uk/images/classifieds/2013/10/15/451257/large/portuguese-pointer-525d117b4c984.jpg
000038.jpg,https://i.ytimg.com/vi/RajO1QJzbow/maxresdefault.jpg
000039.jpg,https://www.breedersonline.co.uk/uploads/62717_27489_1544458729.jpg
000040.jpg,https://images.wagwalkingweb.com/media/breed/portuguese-pointer/hero/Portuguese-Pointer.jpg
000041.jpg,http://www.dogwallpapers.net/wallpapers/portuguese-pointer-dog-photo.jpg
000042.jpg,https://puppyproject.org/wp-content/uploads/2015/04/Portuguese-Pointer.jpg
000043.jpg,https://www.gundogmag.com/files/2011/10/GD_pointer_103111A.jpg
000044.jpg,https://s3.amazonaws.com/cdn-origin-etr.akc.org/wp-content/uploads/2017/11/12205405/Portuguese-Pointer-History-02.jpg
000045.jpg,http://bib.ge/dogs/big/23361.jpg
000046.jpg,http://www.gopetsamerica.com/portuguese-pointer/portuguese-pointer.jpg
000047.jpg,http://laminapets.com/wp-content/uploads/2017/10/portuguese-pointer-300x225.jpg
000048.jpg,http://www.sabinemiddelhaufeshundundnatur.net/immagini/hunderassen/perdigueiro/USA/Vera%20Retrieving.jpg
000049.jpg,https://previews.123rf.com/images/inferna/inferna0909/inferna090900035/5563321-portuguese-pointer-sitting-on-the-grass-gun-dog.jpg
000050.jpg,https://images.ctfassets.net/w00x6p5qkejz/oMX31tvowCesACqIomSaq/deea02fdbc248683524fde90a55f36f2/Portuguese_Pointer_3.jpg
