image,source
000001.jpg,https://i.pinimg.com/originals/4d/54/24/4d5424f29e5f1fe5708878b6489eba76.jpg
000002.jpg,https://images-na.ssl-images-amazon.com/images/I/41GA5LbmhkL._SX331_BO1,204,203,200_.jpg
000003.jpg,https://images-na.ssl-images-amazon.com/images/I/41DbHvVFMFL._SR600%2C315_PIWhiteStrip%2CBottomLeft%2C0%2C35_PIAmznPrime%2CBottomLeft%2C0%2C-5_SCLZZZZZZZ_.jpg
000004.jpg,https://upload.wikimedia.org/wikipedia/commons/c/c1/Chart_polski_200_LM.jpg
000005.jpg,https://images-na.ssl-images-amazon.com/images/I/41DbHvVFMFL._SX331_BO1,204,203,200_.jpg
000006.jpg,https://i.pinimg.com/originals/d8/4a/b7/d84ab707477b464c90c97218b3df1d33.jpg
000007.jpg,https://images-na.ssl-images-amazon.com/images/I/41GA5LbmhkL._SR600%2C315_PIWhiteStrip%2CBottomLeft%2C0%2C35_PIAmznPrime%2CBottomLeft%2C0%2C-5_SCLZZZZZZZ_.jpg
000008.jpg,https://i.pinimg.com/736x/e8/10/7f/e8107f6c3b14b2cd62b586cf8721b91c.jpg
000009.jpg,https://images.puppyfinder.com/Breed/e/9/3/e931f696e6d1c755_678_image1_medium.jpg
000010.jpg,https://i.pinimg.com/originals/33/fb/fc/33fbfc48c2ecfc6d8df2f48584903b4b.jpg
000011.jpg,https://upload.wikimedia.org/wikipedia/commons/e/ef/GraceTheGreyhound.jpg
000012.jpg,https://upload.wikimedia.org/wikipedia/commons/thumb/3/36/ItalianGreyhound.jpg/640px-ItalianGreyhound.jpg
000013.jpg,https://i.pinimg.com/originals/3a/28/cc/3a28ccc9d1e14efba6e6351f019688e4.jpg
000014.jpg,https://images-na.ssl-images-amazon.com/images/I/51lmeQnoihL._SX355_.jpg
000015.jpg,https://static1.squarespace.com/static/5176fdb5e4b083b631f31303/t/557b2247e4b040ac47b0153b/1434133067542/
000016.jpg,https://images-na.ssl-images-amazon.com/images/I/313RzCrEVpL._AC_SY400_.jpg
000017.jpg,https://upload.wikimedia.org/wikipedia/commons/d/d1/Saluki_in_India.jpg
000018.jpg,https://www.northcountrynow.com/sites/default/files/styles/large/public/images/greyhound.gif?itok=2G2XZFpi
000019.jpg,https://static.greatbigcanvas.com/images/singlecanvas_thick_none/bridgeman-art-library/one-of-frederick-iis-italian-greyhounds,1054590.jpg?max=1000
000020.jpg,https://images-na.ssl-images-amazon.com/images/I/51ETeX-eteL._SL1005_.jpg
000021.jpg,https://i.pinimg.com/originals/d5/2d/c4/d52dc43dc2ef2c20fe9d383edcbbc465.jpg
000022.jpg,https://c8.alamy.com/comp/CXDXKB/potsdam-close-up-of-a-galgo-CXDXKB.jpg
000023.jpg,https://images-na.ssl-images-amazon.com/images/I/61xlOxSY9OL._UL1200_.jpg
000024.jpg,https://i1.wp.com/royalcentral.co.uk/wp-content/uploads/2018/01/Federico_II_Sanssouci_02.jpg?resize=597%2C448
000025.jpg,https://www.trumpetratings.com/assets/img/default_business.jpg
000026.jpg,https://images-na.ssl-images-amazon.com/images/I/41s8NFrCT3L._SX425_.jpg
000027.jpg,https://cdn.abcotvs.com/dip/images/4923943_121818-wpvi-service-dog-diploma-vsd-vid.jpg?w=800&r=16%3A9
000028.jpg,https://scontent-frt3-1.cdninstagram.com/vp/956face485fe4352d9a539cf014dcf2b/5DB4D429/t51.2885-15/e35/s1080x1080/65449143_2335530546719494_7156519637565672661_n.jpg?_nc_ht=scontent-frt3-1.cdninstagram.com
000029.jpg,https://c1.staticflickr.com/6/5777/20712120466_d20d5f0f9c_b.jpg
000030.jpg,https://upload.wikimedia.org/wikipedia/commons/c/c3/Greyhound_Racing_amk.jpg
000031.jpg,https://i.ytimg.com/vi/RJteono3GOU/hqdefault.jpg
000032.jpg,https://upload.wikimedia.org/wikipedia/en/thumb/0/03/Double-suspension.kozmo.jpg/440px-Double-suspension.kozmo.jpg
000033.jpg,https://s3-media4.fl.yelpcdn.com/bphoto/S5iUyBtxcPIBI7TMdbBjqQ/ls.jpg
000034.jpg,https://images.puppyfinder.com/Breed/8/0/4/804094d0bbdc4ae0_775_image1.jpg
000035.jpg,https://66.media.tumblr.com/46d6ae8efc3660d99730a862185f92ed/tumblr_pbpqvm6b8i1xoo8lzo1_1280.png
000036.jpg,https://upload.wikimedia.org/wikipedia/commons/6/6c/Rampurgreyhound.jpg
000037.jpg,http://www.greyhound-data.com/greyhound/1795780/898/Greyhound_Alexandria-big.jpg
000038.jpg,https://hundundherr.com/build/resources/images/home-header-out.png
000039.jpg,https://c8.alamy.com/comp/HTWAP3/curious-greyhound-dog-looking-up-HTWAP3.jpg
000040.jpg,http://www.andremount.net/personal/brooke-2004-2018/images/fullsize/grandpas.jpg
000041.jpg,https://live.staticflickr.com/5646/20614132838_4472e575f2_b.jpg
000042.jpg,https://upload.wikimedia.org/wikipedia/commons/thumb/4/4a/IG_Valerka.jpg/440px-IG_Valerka.jpg
000043.jpg,http://www2.greyhound-data.com/greyhound/2245485/131/Greyhound_Alfa_Tonic-big.jpg
000044.jpg,http://www.andremount.net/personal/brady-2005-2017/images/fullsize/IMG_7855.jpg
000045.jpg,https://upload.wikimedia.org/wikipedia/commons/a/a7/Galgo-Espanol.jpg
000046.jpg,https://image.isu.pub/160929144905-430fcd820ec600f5864be70a07131393/jpg/page_180_thumb_large.jpg
000047.jpg,http://potsdamhumanesociety.org/wp/wp-content/uploads/2013/05/2013%20Pars%20for%20Paws%20poster%20SMALL.jpg
000048.jpg,https://d3vncfkcgt8igh.cloudfront.net/wp-content/uploads/2019/03/15031143/fernandoblaster.jpg
000049.jpg,https://upload.wikimedia.org/wikipedia/commons/thumb/8/8d/Greyhound...JPG/970px-Greyhound...JPG
000050.jpg,https://c8.alamy.com/comp/XD02WN/curious-greyhound-dog-looking-up-XD02WN.jpg
