image,source
000001.jpg,https://cdn3-www.dogtime.com/assets/uploads/2011/01/file_23246_pyrenean-shepherd-460x290.jpg
000002.jpg,https://vetstreet.brightspotcdn.com/dims4/default/b50fd83/2147483647/thumbnail/645x380/quality/90/?url=https%3A%2F%2Fvetstreet-brightspot.s3.amazonaws.com%2Ff8%2F0c4280a8a811e0a0d50050568d634f%2Ffile%2Fpyrenean-sheepdog-3-645mk070111.jpg
000003.jpg,https://s3.amazonaws.com/cdn-origin-etr.akc.org/wp-content/uploads/2017/11/12221127/Pyrenean-Shepherd-Illo-2-500x499.jpg
000004.jpg,https://s3.amazonaws.com/cdn-origin-etr.akc.org/wp-content/uploads/2017/11/12225211/Pyrenean-Shepherd-On-White-04.jpg
000005.jpg,https://vetstreet-brightspot.s3.amazonaws.com/68/69/74516c694aad8cabd0122160feac/pyrenean-shepherd-ap-0ierwa.jpg
000006.jpg,https://upload.wikimedia.org/wikipedia/commons/thumb/9/9d/PyreneanShepSmooth_wb.jpg/220px-PyreneanShepSmooth_wb.jpg
000007.jpg,https://www.pets4homes.co.uk/images/breeds/187/large/c3f8a45d7e2ce3a1c9a00dd361814661.jpg
000008.jpg,https://s3.amazonaws.com/cdn-origin-etr.akc.org/wp-content/uploads/2017/11/12225225/Pyrenean-Shepherd-MP.jpg
000009.jpg,https://d17fnq9dkz9hgj.cloudfront.net/breed-uploads/2018/08/pyrenean-shepherd-card-small.jpg?bust=1535567553
000010.jpg,https://d17fnq9dkz9hgj.cloudfront.net/breed-uploads/2018/08/pyrenean-shepherd-detail.jpg?bust=1535566417&width=355
000011.jpg,http://www.dogspotters.com/dog-breed-photos/pyreshep.jpg
000012.jpg,http://www.pethealthnetwork.com/sites/default/files/styles/large/public/the-pyrenean-shepherd120999801.png?itok=KT0rV_DO
000013.jpg,https://i.pinimg.com/736x/0d/da/f4/0ddaf4164091684d26aa3995bad1ef72.jpg
000014.jpg,https://www.dogbreedslist.info/uploads/allimg/dog-pictures/Pyrenean-Shepherd-1.jpg
000015.jpg,https://upload.wikimedia.org/wikipedia/commons/thumb/1/1d/Berger_des_Pyr%C3%A9n%C3%A9es.jpg/220px-Berger_des_Pyr%C3%A9n%C3%A9es.jpg
000016.jpg,https://nationalpurebreddogday.com/wp-content/uploads/2016/12/pyrenean-shepherd2.jpg
000017.jpg,https://res.cloudinary.com/fwkc-production/image/upload/c_fit,dpr_3.0,f_auto,g_center,h_430,q_auto,w_768/v1/fwkc/import/1104
000018.jpg,https://dogbreedatlas.com/images/dog-breed-photos/pyrenean-shepherd-dog/001/pyrenean-shepherd-dog-1486421502-1.jpg
000019.jpg,https://www.dogbreedslist.info/uploads/allimg/dog-pictures/Pyrenean-Shepherd-2.jpg
000020.jpg,https://www.dogbreedinfo.com/images4/PPyreneanShepBPYR-Quivive.jpg
000021.jpg,http://www.noahsdogs.com/m/photos/get_image/file/bada187fbf0135f4eb5d371fd1f2603f.jpg
000022.jpg,https://images.ctfassets.net/w00x6p5qkejz/1F1eqXuPRCcao6i8AIQ0yi/154a3d77772081aaacd93ffc4d5994c8/Pyrenean_Shepherd2.png
000023.jpg,http://www.dogzone.com/images/breeds/pyrenean-sheepdog.jpg
000024.jpg,https://www.101dogbreeds.com/wp-content/uploads/2016/12/Pyrenean-Shepherd.jpg
000025.jpg,https://cdn3-www.dogtime.com/assets/uploads/gallery/pyrenean-shepherd-dog-breed-pictures/profile-1.jpg
000026.jpg,https://i.ytimg.com/vi/EtGVC1BcdN4/maxresdefault.jpg
000027.jpg,https://www.101dogbreeds.com/wp-content/uploads/2016/12/Berger-des-Pyrenees.jpg
000028.jpg,https://images.ctfassets.net/w00x6p5qkejz/Y94V3pATgOIcOUYOGO64M/43709ccb622c6a5b36a207e9ecbc25ff/Pyrenean_Shepherd_B_W_Small_File.png
000029.jpg,https://espree-53db.kxcdn.com/collateral/CB50F5D6-1943-4B75-BED7-A99F5614F6DC.jpg
000030.jpg,https://dgicdplf3pvka.cloudfront.net/images/dogbreeds/large/Pyrenean-Shepherd.jpg
000031.jpg,https://www.101dogbreeds.com/wp-content/uploads/2016/12/Pyrenean-Shepherds.jpg
000032.jpg,https://www.k9rl.com/wp-content/uploads/2016/01/Pyrenean-Shepherd-Dog-Berger-des-Pyrenees.jpg
000033.jpg,https://animals.net/wp-content/uploads/2018/12/Pyrenean-Shepherd-4-650x425.jpg
000034.jpg,http://www.pyrshepclub.org/wp-content/uploads/bootstrap1_a.jpg
000035.jpg,http://www.easypetmd.com/sites/default/files/Pyrenean%20Shepherd%20(3).JPG
000036.jpg,http://cdn.akc.org/content/hero/pyr_shep_hero_BOD.png?cachebuster:28
000037.jpg,https://d83vwgwvylun0.cloudfront.net/img/s/61-pyrenean-shepherd.jpg
000038.jpg,https://i.pinimg.com/originals/5b/1a/d5/5b1ad51906bbc5b1cba1ac11ebea0da4.jpg
000039.jpg,https://www.k9rl.com/wp-content/uploads/2016/01/Pyrenean-Shepherd-Dog-puppies-Berger-des-Pyrenees.jpg
000040.jpg,https://indulgeyourpet.com/wp-content/uploads/Pyrenean-Shepherd-Puppy.png
000041.jpg,https://static.wixstatic.com/media/286f97_036f99ffc5b5492dbdfbf3033ef00557~mv2_d_3383_2214_s_2.jpg
000042.jpg,https://nimages.champdogs.net/breeds/pyrenean-sheepdog.jpg
000043.jpg,http://dogzonenyc.com/wp-content/uploads/pyrenean-shepherd-668x501.jpg
000044.jpg,https://www.dogbreedslist.info/uploads/allimg/dog-pictures/Pyrenean-Shepherd-3.jpg
000045.jpg,http://www.pethealthnetwork.com/sites/default/files/content/images/pyrenean-shepherd120999801-2.png
000046.jpg,https://st4.depositphotos.com/1004592/22183/i/1600/depositphotos_221831154-stock-photo-pyrenean-shepherd-front-white-background.jpg
000047.jpg,https://upload-2.dogzer.net/image_global/4-124-dog-smooth-faced-pyrenean-shepherd/_light-235840-kola.jpg
000048.jpg,https://images.ctfassets.net/w00x6p5qkejz/4XzDZ5IMS4mIcKYYiaQa4G/049f62ab40c38f9663edbe34e2689742/Pyrenean_Shepherd1.png
000049.jpg,https://rlv.zcache.com/pyrenean_shepherd_in_alert_pose_waiting_for_postcard-r737b6f1c052d4670bd274d3d94d9dd25_vgbaq_8byvr_307.jpg
000050.jpg,https://stockdogsavvy.files.wordpress.com/2010/01/pyr-shep-arlequin.jpg?w=620
