image,source
000001.jpg,http://www.dogzone.com/images/breeds/pyrenean-mastiff.jpg
000002.jpg,https://s3.amazonaws.com/cdn-origin-etr.akc.org/wp-content/uploads/2017/11/12192429/Pyrenean-Mastiff-MP.jpg
000003.jpg,https://s3.amazonaws.com/cdn-origin-etr.akc.org/wp-content/uploads/2017/11/12225240/Pyrenean-Mastiff-On-White-01.jpg
000004.jpg,https://s3.amazonaws.com/cdn-origin-etr.akc.org/wp-content/uploads/2017/11/28131113/Pyrenean-Mastiff-care.jpg
000005.jpg,https://s3.amazonaws.com/cdn-origin-etr.akc.org/wp-content/uploads/2017/11/12192413/Pyrenean-Mastiff-History-03-1.jpg
000006.jpg,https://upload.wikimedia.org/wikipedia/commons/6/68/MasPiri-Lula-ESP.jpg
000007.jpg,https://www.petguide.com/wp-content/uploads/2016/03/pyrenean-mastiff.jpg
000008.jpg,https://images.ctfassets.net/w00x6p5qkejz/32jvUEqGU8yumE0UsgagWm/e2b4b3aa93a84da054c64662c0361b2d/Pyrenean_Mastiff_2.jpg
000009.jpg,http://pmusa.pyreneanmastiffclubs.org/images/BigBeren.jpg?v=5.8
000010.jpg,https://www.ukpets.com/oc-content/uploads/breeds/0/2276.png
000011.jpg,http://www.reisdaragon.com/en/images/Mastin_Pirineo_P1230880_as52zhu2.png
000012.jpg,https://www.101dogbreeds.com/wp-content/uploads/2018/03/Pyrenean-Mastiff-Dog.jpg
000013.jpg,http://pmusa.pyreneanmastiffclubs.org/images/BH1-2.png?v=5.7
000014.jpg,https://www.pets4homes.co.uk/images/breeds/234/large/328bc7112d4e349c53ec39f8ba86b64c.jpg
000015.jpg,http://www.pyreneanmastiff.com/puppies/ivana2017/IMG_2906.JPG
000016.jpg,https://www.101dogbreeds.com/wp-content/uploads/2018/03/Pyrenean-Mastiff.jpg
000017.jpg,https://www.dogbreedplus.com/dog_breeds/images/pyrenean_mastiff_002.jpg
000018.jpg,https://www.dogbreedinfo.com/images16/PyreneanMastiffBretonGrandeYGratoAustraliaannes06005.JPG
000019.jpg,https://i.pinimg.com/originals/c1/60/0f/c1600f61a78275099d0a9da6e1265439.jpg
000020.jpg,https://upload.wikimedia.org/wikipedia/commons/thumb/8/8c/Masif_pirenejski_tr5.jpg/220px-Masif_pirenejski_tr5.jpg
000021.jpg,https://www.gaspalleira.es/ingles/images/thundra_ESTANDAR-mastin.jpg
000022.jpg,http://pmusa.pyreneanmastiffclubs.org/images/loki.jpg?v=5.7
000023.jpg,https://learningfromdogs.files.wordpress.com/2016/05/pyrenean-mastiff-02.jpg
000024.jpg,https://www.worldlifeexpectancy.com/images/a/d/d/b/pyrenean_mastiff/pyrenean_mastiff_1.jpg
000025.jpg,http://softandfluffy.net/wp-content/uploads/2015/05/Pyrenean-Mastiff2-270x300.jpg
000026.jpg,https://janedogs.com/assets/Utility/Utility-Livestock-Guardian/_resampled/ResizedImage200213-Pyrenean-Mtn-Dog-on-Beach.jpg
000027.jpg,https://allbigdogbreeds.com/wp-content/gallery/pyrenean-mastiff/Pyrenean-Mastiff-8.jpg
000028.jpg,https://puppydogweb.com/caninebreeds/dogimages/pymas_iparragirre.jpg
000029.jpg,https://www.dogs4sale.com.au/Breeds/Pyrenean_Mastiff/Fact_Sheets/Breton_BFP.JPG
000030.jpg,http://pmusa.pyreneanmastiffclubs.org/images/Mito.jpg?v=5.7
000031.jpg,https://4.bp.blogspot.com/-O5tIkFjwOQg/VpWZPxzy72I/AAAAAAAACB4/JH_Vz_85dd88-pcdd5YqAG8H2Lpdw40PwCPcB/s1600/IMG_5764.JPG
000032.jpg,https://i.pinimg.com/236x/a2/10/54/a21054ea471cff1e578e2ddd14b1718a--pyrenean-mastiff-huge-dogs.jpg
000033.jpg,https://i.pinimg.com/originals/6e/7e/d8/6e7ed869ce0a52e402e8cfcd490674ea.jpg
000034.jpg,http://www.speranzapyreneanmastiffs.com/uploads/5/7/6/2/57620137/6041904_orig.jpg
000035.jpg,https://s3.amazonaws.com/cdn-origin-etr.akc.org/wp-content/uploads/2017/11/12192410/Pyrenean-Mastiff-History-04-1.jpg
000036.jpg,https://www.101dogbreeds.com/wp-content/uploads/2018/03/Pyrenean-Mastiff-Puppies.jpg
000037.jpg,https://doglime.com/wp-content/uploads/2019/03/Pyrenean-Mastiff.jpg
000038.jpg,https://doggiedesigner.com/wp-content/uploads/2018/04/209.1.jpg
000039.jpg,https://thumbs.dreamstime.com/z/pyrenean-mountain-dog-known-as-great-pyrenees-which-spanish-shepherd-dog-dormant-female-pyrenean-mastiff-120618299.jpg
000040.jpg,https://i.pinimg.com/originals/10/b2/25/10b225da3f3bdb5b800bbcf3efa1cc07.jpg
000041.jpg,https://images.ctfassets.net/w00x6p5qkejz/4LvAEXrsMgSSagUkkkSQC2/efd896c0e63c36a760038f2933ffdae2/Pyrenean_Mastiff_3.jpg
000042.jpg,http://softandfluffy.net/wp-content/uploads/2015/05/Pyrenean-Mastiff3-300x261.jpg
000043.jpg,http://elelur.com/data_images/dog-breeds/pyrenean-mastiff/pyrenean-mastiff-06.jpg
000044.jpg,http://elelur.com/data_images/dog-breeds/pyrenean-mastiff/pyrenean-mastiff-04.jpg
000045.jpg,https://i1.wp.com/allbigdogbreeds.com/wp-content/uploads/2015/08/Pyrenean-Mastiff-1.jpg?ssl=1
000046.jpg,https://doggiedesigner.com/wp-content/uploads/2018/02/pyrenean-mastiff-758x426.jpg
000047.jpg,http://pmusa.pyreneanmastiffclubs.org/images/DonatelloChik.jpg?v=5.7
000048.jpg,http://www.reisdaragon.com/en/images/pyrenean-mastiff-puppies_0021.png
000049.jpg,https://www.ozdoggy.com.au/ozthumbs/300x300/3589/quincy4_web.jpg
000050.jpg,https://i.ytimg.com/vi/6n4PThVJ7oM/maxresdefault.jpg
