image,source
000001.jpg,https://upload.wikimedia.org/wikipedia/commons/thumb/3/34/Jakob_Emanuel_Gaisser_Die_Rache.jpg/220px-Jakob_Emanuel_Gaisser_Die_Rache.jpg
000002.jpg,https://images-na.ssl-images-amazon.com/images/I/515LYSvcbmL._SY355_.jpg
000003.jpg,https://c8.alamy.com/comp/HYB3T0/rache-historiae-animalium-HYB3T0.jpg
000004.jpg,https://i.stack.imgur.com/6KV0Q.png
000005.jpg,https://c8.alamy.com/comp/FY2T97/morocco-view-of-the-port-of-larache-el-araich-la-rache-ships-mallet-FY2T97.jpg
000006.jpg,https://media1.jpc.de/image/w412/front/0/4260252116089.jpg
000007.jpg,https://images-na.ssl-images-amazon.com/images/I/41OnV%2BokceL._SX331_BO1,204,203,200_.jpg
000008.jpg,https://cdn2.images.yourquote.in/post/large/0/0/11/203/x6kv8520.jpg
000009.jpg,https://www.residentadvisor.net/images/events/flyer/2018/5/de-0526-1110948-front.jpg
000010.jpg,https://upload.wikimedia.org/wikipedia/commons/9/9d/Johann_Georg_Platzer_-_Samsons_Rache_-_2410_-_%C3%96sterreichische_Galerie_Belvedere.jpg
000011.jpg,https://www.welt.de/img/politik/ausland/mobile157417891/5012506337-ci102l-w1024/krieg-der-gedemuetigten-Jan-Feindt.jpg
000012.jpg,https://bilder.mundmische.de/bedeutung/32639-Rache_ist_ein_Gericht_das_man_am_besten_kalt_serviert_geniesst.jpg
000013.jpg,https://cdn.shopify.com/s/files/1/0011/8872/4854/products/IMG_9769.jpg?v=1541077419
000014.jpg,https://t4.ftcdn.net/jpg/00/34/34/71/500_F_34347102_297pg73zwi55V7gl0EbKMOnndgL35hIx.jpg
000015.jpg,https://www.welt.de/img/gesundheit/psychologie/mobile101938395/9212507377-ci102l-w1024/rache-DW-Wissenschaft-jpg.jpg
000016.jpg,https://rukminim1.flixcart.com/image/704/704/jnoxa4w0/book/3/4/0/genua-und-rache-original-imafaawwgrbawbyh.jpeg?q=70
000017.jpg,http://thegrifters.org/wp-content/uploads/2017/11/Rache_The_Art_Of_Rage.jpg
000018.jpg,https://f4.bcbits.com/img/a3084670860_10.jpg
000019.jpg,https://img.discogs.com/zEXnTi7jdvUxTfzQGiK2L9XpU6w=/fit-in/600x600/filters:strip_icc():format(jpeg):mode_rgb():quality(90)/discogs-images/R-8375329-1460387962-1179.png.jpg
000020.jpg,https://i.vimeocdn.com/video/485133588_1280x720.jpg
000021.jpg,https://c8.alamy.com/comp/GEHE0W/szenenbild-birds-of-prey-engel-der-rache-GEHE0W.jpg
000022.jpg,https://www.deejay.de/images/xl/3/2/261032b.jpg
000023.jpg,https://i.ytimg.com/vi/GsQnQMns7HA/maxresdefault.jpg
000024.jpg,https://rukminim1.flixcart.com/image/832/832/jo37onk0/book/7/0/1/die-kl-gste-rache-dianens-pr-fungen-die-beiden-unvermutheten-gl-original-imafamyw55ywr9sp.jpeg?q=70
000025.jpg,https://media.qiez.de/uploads/2017/12/07144655/rache-racheagentur-istock-000002040563large-910x511.jpeg
000026.jpg,https://f4.bcbits.com/img/a1204941597_10.jpg
000027.jpg,https://thumbnailer.mixcloud.com/unsafe/1200x628/filters:watermark(graphics/play-button-scaled.png,300,14,0)/extaudio/4/0/b/9/8013-1955-42d8-98ef-9a8e7f599853
000028.jpg,https://pbs.twimg.com/media/DYqGAHuW4AA_r0Z.jpg
000029.jpg,https://static1.squarespace.com/static/580fd40d1b631bede2c136c3/t/59baec992aeba5480b068a46/1556646579676/RachePressReleaseSept-14-2017_DeepEngraving.jpg?format=1500w
000030.jpg,https://images-eu.ssl-images-amazon.com/images/I/41Oi-9Hn5xL.jpg
000031.jpg,https://m.media-amazon.com/images/M/MV5BMWRlYWI5NDUtMDJlMC00Y2E2LWExNDItOWExNjY0MmViMTFmXkEyXkFqcGdeQXVyMzg1ODEwNQ@@._V1_.jpg
000032.jpg,https://cdn.shopify.com/s/files/1/0270/3481/products/The_Art_Of_Rage_Graffiti_Book_Rache_Dsf_The_Grifters_Publishing_Signed1_550x825.jpg?v=1511814960
000033.jpg,https://probaway.files.wordpress.com/2009/08/rache_.jpg?w=529
000034.jpg,https://static1.squarespace.com/static/5b31f481b27e3930fd1a74f1/t/5c457e080e2e72c267d7a0e8/1548058132889/archerrosecollectionsrache
000035.jpg,https://upload.wikimedia.org/wikipedia/commons/2/24/Mozart_drawing_Doris_Stock_1789.jpg
000036.jpg,https://img.scryfall.com/cards/large/front/9/a/9a85da35-6e1c-410e-8c2d-01594eff7309.jpg?1562243685
000037.jpg,https://images.fineartamerica.com/images/artworkimages/mediumlarge/1/fun-in-the-sun-rache-gerber.jpg
000038.jpg,http://www.musicismysanctuary.com/wp-content/uploads/2016/12/a3084670860_10.jpg
000039.jpg,https://karrierebibel.de/wp-content/uploads/2019/05/Rache-Psychologie-Tipps-Beispiele-Grafik-Bild-650x434.jpg
000040.jpg,https://live.staticflickr.com/7426/8729383598_ebdbafaa21_b.jpg
000041.jpg,https://pm1.narvii.com/6758/ca6e25d286a594ef4b2c200688df241affcb4469v2_hq.jpg
000042.jpg,https://probaway.files.wordpress.com/2009/08/rache1.jpg?w=529
000043.jpg,https://c8.alamy.com/comp/J4W2GB/view-of-la-rache-morocco-1685-J4W2GB.jpg
000044.jpg,https://i.pinimg.com/originals/38/cb/fe/38cbfec7b0d6f8f9fb717b1e6cd93de1.jpg
000045.jpg,https://slimages.macysassets.com/is/image/MCY/products/8/optimized/11681078_fpx.tif?op_sharpen=1&wid=500&hei=613&fit=fit,1&$filtersm$
000046.jpg,https://images-wixmp-ed30a86b8c4ca887773594c2.wixmp.com/f/58702435-8ddb-433f-ae6e-c959b4dda6c1/d1cwngo-741acf64-1d7e-497c-93b7-ca1907fb1006.jpg/v1/fill/w_600,h_450,q_75,strp/das_auge_der_rache_by_dracovina_d1cwngo-fullview.jpg?token=eyJ0eXAiOiJKV1QiLCJhbGciOiJIUzI1NiJ9.eyJzdWIiOiJ1cm46YXBwOjdlMGQxODg5ODIyNjQzNzNhNWYwZDQxNWVhMGQyNmUwIiwiaXNzIjoidXJuOmFwcDo3ZTBkMTg4OTgyMjY0MzczYTVmMGQ0MTVlYTBkMjZlMCIsIm9iaiI6W1t7ImhlaWdodCI6Ijw9NDUwIiwicGF0aCI6IlwvZlwvNTg3MDI0MzUtOGRkYi00MzNmLWFlNmUtYzk1OWI0ZGRhNmMxXC9kMWN3bmdvLTc0MWFjZjY0LTFkN2UtNDk3Yy05M2I3LWNhMTkwN2ZiMTAwNi5qcGciLCJ3aWR0aCI6Ijw9NjAwIn1dXSwiYXVkIjpbInVybjpzZXJ2aWNlOmltYWdlLm9wZXJhdGlvbnMiXX0.3zPyAj60wwqMc9jxQATFf9m33sfBU4JOaRjwuVQrINE
000047.jpg,https://f4.bcbits.com/img/0015808930_10.jpg
000048.jpg,http://www.teambenitezphoto.com/wp-content/uploads/2018/03/06-11084-post/Don-x-Rache-W-Blog-96(pp_w768_h511).jpg
000049.jpg,https://i1.sndcdn.com/artworks-000079499100-3azhs1-t500x500.jpg
000050.jpg,https://i.ytimg.com/vi/I-y-mbP41F0/hqdefault.jpg
