image,source
000001.jpg,https://www.dogspot.in/new/breed_engine/images/dog_images/rajapalayam.jpg
000002.jpg,https://upload.wikimedia.org/wikipedia/commons/thumb/5/5c/02._Bheem_the_male_rajapalayam.jpg/220px-02._Bheem_the_male_rajapalayam.jpg
000003.jpg,https://th.thgim.com/migration_catalog/article12252392.ece/alternates/FREE_435/MA15CITY-FEATURE_3
000004.jpg,https://i.ytimg.com/vi/NCvyLknZznU/maxresdefault.jpg
000005.jpg,https://upload.wikimedia.org/wikipedia/commons/2/29/%282%29_Isha_female_rajapalayam.jpg
000006.jpg,https://3.bp.blogspot.com/-BGQIcERXvIE/W8hujzhrafI/AAAAAAAAEqM/8jxMALkpvPMAG0Y7fjGTxnAmhGXxRjdkQCLcBGAs/s1600/FotoJet.jpg
000007.jpg,https://www.dogbreedslist.info/uploads/allimg/dog-pictures/Rajapalayam-dog-2.jpg
000008.jpg,https://www.dogspot.in/puppies/images/1291910181.jpg
000009.jpg,https://i.ytimg.com/vi/kukhAwAsGcQ/hqdefault.jpg
000010.jpg,https://i.ytimg.com/vi/_-LWAiWY44o/hqdefault.jpg
000011.jpg,https://tamildogbreeds.com/wp-content/uploads/2019/03/Rajapalayam-dog-very-fast-strong-and-aggressive-720x445.gif
000012.jpg,https://qph.fs.quoracdn.net/main-qimg-2581cb91fe50da11b337a634a95fb6ee
000013.jpg,https://www.kennelsindia.com/root_upld/puppysale/PSD8438070446/t4_98030201810080458.jpg
000014.jpg,https://i.pinimg.com/236x/8d/ec/58/8dec58b5b749c0390dd119696cdb4fd4--golden-eyes-pet-breeds.jpg
000015.jpg,https://www.kennelsindia.com/root_upld/dogbreed/23243/t3_20130508201348.png
000016.jpg,https://i.ytimg.com/vi/piXhCF0s1BQ/maxresdefault.jpg
000017.jpg,https://i.ytimg.com/vi/_WdODKqYfEU/hqdefault.jpg
000018.jpg,https://www.dogspot.in/puppies/images/1392900257984.jpg
000019.jpg,https://th.thgim.com/life-and-style/homes-and-gardens/gzadfk/article26150952.ece/alternates/FREE_300/AIMG5199
000020.jpg,https://tamildogbreeds.com/wp-content/uploads/2018/12/rajapalayam-dog-indian-breed-720x445.jpg
000021.jpg,https://www.dogexpress.in/wp-content/uploads/2016/02/1-6.jpg
000022.jpg,https://lh3.googleusercontent.com/698OVi2KaeTwhx9wH77dfrQELq6Rom15EMVDdcrBmYujGpEtAnU6vNo0LCKSfcccCFjzrdeU=w1080-h608-p-no-v0
000023.jpg,https://th.thgim.com/migration_catalog/article13275410.ece/alternates/FREE_660/INDIAN_DOGS
000024.jpg,https://i.ytimg.com/vi/OOW1lK5Iet4/maxresdefault.jpg
000025.jpg,http://cdn.walkthroughindia.com/wp-content/uploads/2016/07/Kanni-Dog.png
000026.jpg,https://www.zamroo.com/images/product-images/pets/pets-for-adoption/medium/20170911053349-49492.jpg
000027.jpg,https://i.pinimg.com/originals/97/58/db/9758dba2b0e6087af9971ab429b0e757.jpg
000028.jpg,https://www.dogspot.in/puppies/images/1291910326.jpg
000029.jpg,https://2.bp.blogspot.com/-G60meQUDlSk/W9RkluPkWvI/AAAAAAAAE4Y/3dqTenoLK6c4-LUN2_SIugidXhJEY086QCLcBGAs/s1600/diff.jpg
000030.jpg,https://tuffclassified.com/oc-content/uploads/83326.jpg
000031.jpg,https://www.petsworld.in/blog/wp-content/uploads/2015/12/Kanni-Dog-Image.jpg
000032.jpg,https://3.imimg.com/data3/QP/UD/MY-16374847/pet-training-500x500.png
000033.jpg,https://www.petsworld.in/blog/wp-content/uploads/2015/12/Rajapalyam_Image.jpg
000034.jpg,https://i.pinimg.com/originals/c9/e1/87/c9e18795da0fbd1e5ae2895644716afe.jpg
000035.jpg,https://i.ytimg.com/vi/ueqKMRHxma4/maxresdefault.jpg
000036.jpg,https://www.kennelsindia.com/root_upld/puppysale/50359/t4_20160423120102.jpg
000037.jpg,https://www.4petneeds.com/uploads/blogs/Rajapalayam_Dog_Food.jpg
000038.jpg,https://tamildogbreeds.com/wp-content/uploads/2019/03/Rajapalayam-Dogs-Video.png
000039.jpg,https://dogshealthcare.in/wp-content/uploads/2018/03/417627_3305589677436_1970239841_n-640x401.jpg
000040.jpg,https://i.ytimg.com/vi/kr4B9gzir5E/hqdefault.jpg
000041.jpg,https://tamildogbreeds.com/wp-content/uploads/2019/02/rajapalayam-dog-speed-measured-720x445.jpg
000042.jpg,https://qph.fs.quoracdn.net/main-qimg-048fa080a7bc3cb109db5c635144403a
000043.jpg,https://i.pinimg.com/originals/df/c1/be/dfc1be8378c9d2d987213023bea4a737.jpg
000044.jpg,https://chennaifocus.files.wordpress.com/2012/02/pic1.jpg
000045.jpg,https://tamildogbreeds.com/wp-content/uploads/2017/12/031be551306c10e64fbcc0fc8163a71b.jpg
000046.jpg,https://qph.fs.quoracdn.net/main-qimg-ed9e0d66dc11af88dc81eb45e1f3b467
000047.jpg,https://www.indiavideo.org/share-image/OOW1lK5Iet4/0.jpg
000048.jpg,https://www.dogspot.in/puppies/images/1291910237.jpg
000049.jpg,https://usercontent2.hubstatic.com/12502231.jpg
000050.jpg,https://tuffclassified.com/oc-content/uploads/16445.jpg
