image,source
000001.jpg,https://www.dogspot.in/new/breed_engine/images/dog_images/rampur-hound1.jpg
000002.jpg,https://upload.wikimedia.org/wikipedia/commons/6/6c/Rampurgreyhound.jpg
000003.jpg,https://i.ytimg.com/vi/GXDq1b0Ie3I/hqdefault.jpg
000004.jpg,https://www.dogexpress.in/wp-content/uploads/2016/02/rampur-276x202.jpg
000005.jpg,https://i.pinimg.com/originals/d2/81/35/d2813538ce7c5c9c7e92b44e0f162933.jpg
000006.jpg,https://www.101dogbreeds.com/wp-content/uploads/2016/07/Rampur-Greyhound-Dog.jpg
000007.jpg,https://www.dogexpress.in/wp-content/uploads/2016/02/1-7.jpg
000008.jpg,https://www.101dogbreeds.com/wp-content/uploads/2016/07/Rampur-Greyhound.jpg
000009.jpg,https://c8.alamy.com/comp/PFRWG9/rampur-greyhound-side-view-PFRWG9.jpg
000010.jpg,https://i.ytimg.com/vi/-IJsei_4XTc/maxresdefault.jpg
000011.jpg,http://nattumadu.in/wp-content/uploads/2018/02/The-mascot-of-the-2002-Indian-National-Games-was-Veera-an-Ongole-Bull.-14.png
000012.jpg,https://i.pinimg.com/originals/ac/87/7c/ac877ce2b05734151e8ec1d8f800294a.jpg
000013.jpg,https://upload.wikimedia.org/wikipedia/commons/thumb/f/f6/Rampur_Greyhound_from_1915.JPG/220px-Rampur_Greyhound_from_1915.JPG
000014.jpg,https://www.101dogbreeds.com/wp-content/uploads/2016/07/Rampur-Greyhound-Dogs.jpg
000015.jpg,https://www.dogspot.in/puppies/images/1287742096.jpg
000016.jpg,http://globaldogbreeds.com/wp-content/uploads/2018/03/Rampur-Greyhound-Pictures-300x243.jpg
000017.jpg,https://i.ytimg.com/vi/peXiWqJx9GI/hqdefault.jpg
000018.jpg,http://www.dogwallpapers.net/wallpapers/lovely-rampur-greyhound-photo.jpg
000019.jpg,https://www.dogzone.com/images/breeds/rampur-greyhound.jpg
000020.jpg,https://i.pinimg.com/originals/90/2b/4f/902b4f6b5307d4d4ef2d95e9e0a44e09.png
000021.jpg,http://globaldogbreeds.com/wp-content/uploads/2018/05/Rampur-Greyhound-Pictures-1.jpg
000022.jpg,https://www.thehindu.com/society/uk3baw/article26149884.ece/ALTERNATES/LANDSCAPE_615/31VZNATIVEDOG1
000023.jpg,https://www.dogbreedinfo.com/images31/RampurGreyhoundRarePurebredDogLovely9MonthsOld2.jpg
000024.jpg,http://globaldogbreeds.com/wp-content/uploads/2018/05/Rampur-Greyhound-Pictures-3-1.jpg
000025.jpg,http://www.dogexpress.in/wp-content/uploads/2016/02/Rampur-Hound-6.jpg
000026.jpg,https://i.ytimg.com/vi/DQ2StVSbRAc/maxresdefault.jpg
000027.jpg,https://www.dogspot.in/puppies/images/1315654769.jpg
000028.jpg,https://i.ytimg.com/vi/AlTPEk2-59g/hqdefault.jpg
000029.jpg,https://i.pinimg.com/originals/22/94/c8/2294c80adf30e895c6994a4ff928c2e1.png
000030.jpg,http://royal-rampuri.tripod.com/sitebuildercontent/sitebuilderpictures/devil3web.jpg
000031.jpg,http://www.dogwallpapers.net/wallpapers/rampur-greyhound-puppy-wallpaper.jpg
000032.jpg,https://images-na.ssl-images-amazon.com/images/I/41okARHgmqL._SX331_BO1,204,203,200_.jpg
000033.jpg,https://www.doglib.com/wp-content/uploads/sites/2/ra/rampur-rampur-greyhound-el-galgo-indio-breed.jpg
000034.jpg,http://capitalkhabar.in/images/sundayfeature/nov17/105.jpg
000035.jpg,https://www.k9rl.com/wp-content/uploads/2017/02/Rampur-Greyhound-picture.jpg
000036.jpg,https://images-na.ssl-images-amazon.com/images/I/41ITCiO-NYL._SX331_BO1,204,203,200_.jpg
000037.jpg,https://pixfeeds.com/uploads/images/1/73/5355992-640_848712230-1056601_p.jpg
000038.jpg,http://dogs99.com/uploads/dog-shows/255/Oudh-Kennel-Club-Show-2018-255-0408.JPG
000039.jpg,https://www.dogbreedinfo.com/images31/RampurGreyhoundRarePurebredDogLovely9MonthsOld1.jpg
000040.jpg,https://nationalpurebreddogday.com/wp-content/uploads/2018/05/28167216_903391356494627_3450990980359269231_n-e1526613420934.jpg
000041.jpg,https://www.doglib.com/wp-content/uploads/sites/2/ra/rampur-beautiful-greyhound-dog-breed.jpg
000042.jpg,https://s3.amazonaws.com/cdn-origin-etr.akc.org/wp-content/uploads/2017/11/12232417/Greyhound-MP.jpg
000043.jpg,https://i.pinimg.com/originals/fc/89/c9/fc89c9c6a4400a140f4d4d3f7b6cd00f.png
000044.jpg,http://globaldogbreeds.com/wp-content/uploads/2018/05/Rampur-Greyhound-Puppies-1.jpg
000045.jpg,https://www.vetvoice.com.au/imagevault/publishedmedia/6trmlcmlv7fmm6x1sy3o/Greyhound_-_dog.jpg
000046.jpg,https://usercontent2.hubstatic.com/13556757_f496.jpg
000047.jpg,http://4.bp.blogspot.com/_S51GxfFFO_M/S2FtQ2kRqRI/AAAAAAAAAA4/iyTneTdMwKY/s320/jagga1.jpg
000048.jpg,http://www.canaryzoo.com/Dog%20Species%201/spanish%20greyhound.jpg
000049.jpg,http://www.dogexpress.in/wp-content/uploads/2016/02/Rampur-Hound-3-e1458565497269.jpg
000050.jpg,https://www.101dogbreeds.com/wp-content/uploads/2016/07/Rampur-Greyhound-Puppies.jpg
