image,source
000001.jpg,https://d17fnq9dkz9hgj.cloudfront.net/breed-uploads/2018/08/redbone-coonhound-detail.jpg?bust=1535566441&width=355
000002.jpg,https://d17fnq9dkz9hgj.cloudfront.net/breed-uploads/2018/08/redbone-coonhound-card-small.jpg?bust=1535567930
000003.jpg,https://vetstreet.brightspotcdn.com/dims4/default/74fe4ed/2147483647/crop/0x0%2B0%2B0/resize/645x380/quality/90/?url=https%3A%2F%2Fvetstreet-brightspot.s3.amazonaws.com%2F2b%2Fdea2c0a81711e0a0d50050568d634f%2Ffile%2FRedbone-Coonhound-1-645mk070411.jpg
000004.jpg,https://cdn3-www.dogtime.com/assets/uploads/gallery/redbone-coonhound-dog-breed-pictures/layingwhite-9.jpg
000005.jpg,https://www.thesprucepets.com/thmb/vdIWn-uas8GqYvFxaqC1U8hPUE0=/450x0/filters:no_upscale():max_bytes(150000):strip_icc()/RedboneCoonhoundoutside-GettyImages-1146271897-6f89dc78387c4362b74d0f1c8e6fcde4.jpg
000006.jpg,https://s3.amazonaws.com/cdn-origin-etr.akc.org/wp-content/uploads/2017/11/12225122/Redbone-Coonhound-On-White-01.jpg
000007.jpg,http://2.bp.blogspot.com/-NMtduxjj6Y0/UKu5xCsAq2I/AAAAAAAAApk/UrLEq676hwQ/s400/RedboneCoonhoundLittleMissLou8MonthsPurebredDog.jpg
000008.jpg,https://s3.amazonaws.com/cdn-origin-etr.akc.org/wp-content/uploads/2017/11/12225133/Redbone-Coonhound-Care.jpg
000009.jpg,https://i0.wp.com/www.mascotarios.org/wp-content/uploads/2011/11/RedboneCoonhound.jpg
000010.jpg,https://i.ytimg.com/vi/HyBdIPmEGXM/hqdefault.jpg
000011.jpg,https://www.petmd.com/sites/default/files/breedopedia/IMG_0064.JPG
000012.jpg,https://www.iams.com/breedselector/images/f6b8f2b40224c6581e96d087ab17e4ba.jpg
000013.jpg,https://www.dogbreedinfo.com/images26/RedboneCoonhoundPurebredDogHunter3YearsOld2.jpg
000014.jpg,https://www.thepaws.net/wp-content/uploads/2019/01/Redbone-Coonhound-dog-1.jpg
000015.jpg,https://vetstreet.brightspotcdn.com/dims4/default/be64f73/2147483647/thumbnail/645x380/quality/90/?url=https%3A%2F%2Fvetstreet-brightspot.s3.amazonaws.com%2F12%2F6fb5e0a81711e0a0d50050568d634f%2Ffile%2FRedbone-Coonhound-1-645mk070111.jpg
000016.jpg,https://upload.wikimedia.org/wikipedia/commons/b/bb/Lena_the_Redbone_Coonhound.jpg
000017.jpg,https://cdn.akc.org/Marketplace/Breeds/Redbone_Coonhound_SERP.jpg
000018.jpg,http://lasthopeanimalrescue.org/wp-content/uploads/2016/07/jodi-300x200.jpg
000019.jpg,https://i.pinimg.com/originals/99/ef/e7/99efe7e4c0a45b3946385f04c23f5c5d.jpg
000020.jpg,http://static.ddmcdn.com/en-us/apl/breedselector/images/breed-selector/dogs/breeds/redbone-coonhound_01_lg.jpg
000021.jpg,https://i.ytimg.com/vi/vyWEVF8lF9c/maxresdefault.jpg
000022.jpg,https://www.dogbreedslist.info/uploads/allimg/dog-pictures/Redbone-Coonhound-2.jpg
000023.jpg,https://images.ctfassets.net/w00x6p5qkejz/3G6OPuepWw20iMAwGusCSu/33e7a4bc6008febe83fde9fa1dcd56aa/Redbone_Coonhound1.png
000024.jpg,https://3.bp.blogspot.com/-RTFuUyuOaeM/WCsS-kyH24I/AAAAAAAAFOE/8VwTqbKnb48L9pBoV5EiUAZZPb6664HSwCLcB/s1600/Redbone-Coonhound-final.jpg
000025.jpg,http://www.dogspotters.com/dog-breed-photos/redbcoon.jpg
000026.jpg,https://i.pinimg.com/originals/2f/f8/d1/2ff8d1080f058787e073499199aad3e9.jpg
000027.jpg,http://static.ddmcdn.com/en-us/apl/breedselector/images/breed-selector/dogs/breeds/redbone-coonhound_03_lg.jpg
000028.jpg,https://dogbreedatlas.com/images/dog-breed-photos/redbone-coonhound/001/redbone-coonhound-1486839650-1.jpg
000029.jpg,https://dl5zpyw5k3jeb.cloudfront.net/photos/pets/44483069/2/?bust=1555513172
000030.jpg,https://s3.amazonaws.com/filestore.rescuegroups.org/1023/pictures/animals/5417/5417726/15308330_391x640.jpg
000031.jpg,https://s3.amazonaws.com/filestore.rescuegroups.org/1023/pictures/animals/2251/2251184/4812353_500x500.jpg
000032.jpg,https://www.dogsbestcollection.com/wp-content/uploads/2010/08/redbone-coonhound.jpg
000033.jpg,https://s3.amazonaws.com/filestore.rescuegroups.org/1023/pictures/animals/2251/2251184/4812350_500x500.jpg
000034.jpg,https://cdn2-www.dogtime.com/assets/uploads/2011/01/file_23248_redbone-coonhound-460x290.jpg
000035.jpg,https://cdn.shopify.com/s/files/1/0994/0236/files/redbone-coonhound_large.jpg?v=1524883222
000036.jpg,https://www.nbcsports.com/sites/nbcsports.com/files/2017/04/16/nbc_dog_hound_redbonecoonhound_170412.jpg
000037.jpg,https://doggiedesigner.com/wp-content/uploads/2018/04/211.2.jpg
000038.jpg,https://www.freedoglistings.com/pics/puppies-breeders-rescue/SUB2EVX7J4Zd524nA0m7.jpg
000039.jpg,http://www.europetnet.com/images/dogbreeds/redbone.jpg
000040.jpg,http://www.easypetmd.com/sites/default/files/Redbone%20Coonhound.jpg
000041.jpg,https://www.nbcsports.com/sites/nbcsports.com/files/2018/03/31/nbc_bhds_hound_redbonecoonhound_180327.jpg
000042.jpg,https://i.pinimg.com/originals/2d/16/bc/2d16bc936f8bc094373bbcb3eacb9b5d.jpg
000043.jpg,http://2.bp.blogspot.com/-dGg7sqJY-2A/UKu4pWEwYtI/AAAAAAAAApU/BiY6kDGxY0A/s1600/Redbone.jpg
000044.jpg,https://www.101dogbreeds.com/wp-content/uploads/2014/12/Redbone-Coonhound-Puppy.jpg
000045.jpg,https://dogperday.com/wp-content/uploads/2016/09/dpd-mabel.jpg
000046.jpg,https://homesteadontherangecom.files.wordpress.com/2017/08/redbonec.jpg?w=300&h=225
000047.jpg,https://www.vetarena.org/gallery/image-684.l.jpg
000048.jpg,https://www.optimal-selection.com/assets/BreedLibrary/BreedImage/Detail/Z9Jyl89Y6n8.jpg
000049.jpg,https://animals.net/wp-content/uploads/2019/03/Redbone-Coonhound-3-650x425.jpg
000050.jpg,https://live.staticflickr.com/3472/3373462159_ab0c728cf3_b.jpg
