image,source
000001.jpg,https://upload.wikimedia.org/wikipedia/commons/thumb/8/83/Russo_European_Laika_2.jpg/220px-Russo_European_Laika_2.jpg
000002.jpg,http://www.dogzone.com/images/breeds/russo-european-laika.jpg
000003.jpg,http://www.easypetmd.com/sites/default/files/Russo%20European%20Laika%20(1)_0.jpg
000004.jpg,http://www.easypetmd.com/sites/default/files/Russo%20European%20Laika%20(2)_0.jpg
000005.jpg,https://primitivedogs.com/wp-content/uploads/2016/06/Russo-European-Laika-featured.jpg
000006.jpg,http://primitivedogs.com/wp-content/uploads/2016/06/Russko-Evropeiskaya-Laika.jpg
000007.jpg,https://i.pinimg.com/236x/67/dd/32/67dd321d5cc8159620f9859eb35ce16e--beautiful-dogs-dog-breeds.jpg
000008.jpg,https://images.wagwalkingweb.com/media/breed/russo-european-laika/hero/Russo-European-Laika.jpg
000009.jpg,https://i.ytimg.com/vi/cAVzQoF-y10/maxresdefault.jpg
000010.jpg,https://i.pinimg.com/236x/54/01/75/540175fff9fd734c8d1a6f4d0a865665--leica-mans.jpg
000011.jpg,http://primitivedogs.com/wp-content/uploads/2016/06/Russo-European-Laikas-in-action.jpg
000012.jpg,https://ak4.picdn.net/shutterstock/videos/14079914/thumb/1.jpg
000013.jpg,http://www.molosserdogs.com/gallery/albums/userpics/13920/Guska2.jpg
000014.jpg,https://ckcusa.com/media/147800/russo-european-laika.jpg?preset=ckcBreedImage375
000015.jpg,http://www.molosserdogs.com/gallery/albums/userpics/13920/Guska.jpg
000016.jpg,http://www.laikabreeds.com/content/wp-content/uploads/2012/02/rel1.jpg
000017.jpg,http://www.laikabreeds.com/relpup.jpg
000018.jpg,https://pm1.narvii.com/6748/02ff5430502a335777a958dc6e826f4bcc17e1c4v2_hq.jpg
000019.jpg,https://as2.ftcdn.net/jpg/01/41/26/67/500_F_141266790_62J1SoBaVjOGVidHlcdkTSPQGfZGdufa.jpg
000020.jpg,https://i.pinimg.com/236x/a7/d5/24/a7d52471a2a8066df67b9827d8e480df--dog-portraits-dog-breeds.jpg
000021.jpg,http://www.easypetmd.com/sites/default/files/Russo%20European%20Laika%20(8)_0.jpg
000022.jpg,https://www.doglib.com/wp-content/uploads/sites/2/ru/russo-european-laika-ruso-europeo-breed.jpg
000023.jpg,http://petshoptop.ru/media/42/58/73/4258736785df42c82a6e91629a1dd319/56ea628b5bb95.jpg
000024.jpg,https://vignette.wikia.nocookie.net/dog-breed4080/images/4/4d/Russo-European_Laika.jpg/revision/latest?cb=20170726230158
000025.jpg,https://ak7.picdn.net/shutterstock/videos/14079917/thumb/1.jpg
000026.jpg,https://www.doglib.com/wp-content/uploads/sites/2/ru/russo-european-breed.jpg
000027.jpg,https://previews.123rf.com/images/asphoto777/asphoto7771705/asphoto777170502302/78479239-trendy-girl-at-glasses-and-ripped-jeans-with-russo-european-laika-husky-dog-on-a-leash-against-bench.jpg
000028.jpg,http://www.dogwallpapers.net/wallpapers/playing-russo-european-laika-dogs-wallpaper.jpg
000029.jpg,https://precisionk9work.com/wp-content/uploads/2017/10/Russo-European-Laika.jpg
000030.jpg,https://cdn.imgbin.com/3/3/15/imgbin-dog-breed-east-siberian-laika-norwegian-buhund-west-siberian-laika-russo-european-laika-puppy-dogs-5QCxqwvtjkL52q1HThkj9HmAB.jpg
000031.jpg,https://c8.alamy.com/comp/ENN612/russo-european-laikanorthern-breeds-ENN612.jpg
000032.jpg,https://t3.ftcdn.net/jpg/01/44/05/86/500_F_144058637_jODhWXFEoijoV1ubshISZ5aemqz347Ae.jpg
000033.jpg,https://images-cdn.9gag.com/photo/aMZ0bWA_460s.jpg
000034.jpg,http://www.dogwallpapers.net/wallpapers/happy-russo-european-laika-photo.jpg
000035.jpg,https://image.shutterstock.com/display_pic_with_logo/169502338/604027322/stock-photo-russo-european-laika-hunting-dog-russo-european-laika-in-pursuit-of-the-boar-604027322.jpg
000036.jpg,https://st.hzcdn.com/simgs/382198d009821546_4-4411/home-design.jpg
000037.jpg,https://d1k5w7mbrh6vq5.cloudfront.net/images/cache/84/0e/c9/840ec97fdebcb81f0f158d943e7d0b72.jpg
000038.jpg,https://bigdogbreeds.info/wp-content/uploads/2018/10/Russo-European-Laika-dog-temperament.jpg
000039.jpg,https://get.pxhere.com/photo/dog-sleeping-mammal-vertebrate-dog-breed-sled-dog-siberian-husky-alaskan-malamute-dog-like-mammal-carnivoran-dog-breed-group-greenland-dog-east-siberian-laika-west-siberian-laika-northern-inuit-dog-native-american-indian-dog-miniature-siberian-husky-alaskan-klee-kai-russo-european-laika-604001.jpg
000040.jpg,https://i.ytimg.com/vi/W9vqP7xp6yY/hqdefault.jpg
000041.jpg,https://media.istockphoto.com/photos/adorable-young-puppy-russoeuropean-laika-is-sitting-in-snowy-field-picture-id942242302
000042.jpg,https://images-na.ssl-images-amazon.com/images/I/41uqM2QLtCL._SX331_BO1,204,203,200_.jpg
000043.jpg,https://upload.wikimedia.org/wikipedia/commons/f/fc/Russo-European_Laika_1.jpg
000044.jpg,https://static3.bigstockphoto.com/7/2/2/large1500/227310472.jpg
000045.jpg,http://www.easypetmd.com/sites/default/files/Russo%20European%20Laika%20(9)_0.jpg
000046.jpg,http://www.molosserdogs.com/gallery/albums/userpics/13920/tuli2.jpg
000047.jpg,https://banner2.kisspng.com/20180506/lgq/kisspng-dobermann-siberian-husky-russo-european-laika-mini-5aeeb7d11399a9.2867983415255940650803.jpg
000048.jpg,https://alchetron.com/cdn/russo-european-laika-d0e0920c-1f9a-4cee-808b-e6b061afa94-resize-750.jpeg
000049.jpg,https://thumbs.dreamstime.com/z/portrait-russian-european-laika-natural-background-61111751.jpg
000050.jpg,https://cdn.imgbin.com/22/18/24/imgbin-karelian-bear-dog-east-siberian-laika-russo-european-laika-dog-breed-siberian-husky-owl-heart-y9pncxDSczVFF7wr76Cc7raPt.jpg
