image,source
000001.jpg,https://upload.wikimedia.org/wikipedia/commons/thumb/7/7e/Bow_bow.jpg/220px-Bow_bow.jpg
000002.jpg,https://www.pets4homes.co.uk/images/breeds/154/large/86000f92e7dd9e3ae78d82d5782d96f5.jpg
000003.jpg,https://thehappypuppysite.com/wp-content/uploads/2019/04/saarloos-wolfdog.jpg
000004.jpg,https://www.dogbreedslist.info/uploads/allimg/dog-pictures/Saarloos-wolfdog-1.jpg
000005.jpg,https://www.petguide.com/wp-content/uploads/2017/06/saarloos-wolfhound.jpg
000006.jpg,https://www.pets4homes.co.uk/images/breeds/154/large/c53bcf9408692e4a4c7740956be7b1b9.jpg
000007.jpg,https://www.dogbreedslist.info/uploads/allimg/dog-pictures/Saarloos-wolfdog-3.jpg
000008.jpg,https://www.101dogbreeds.com/wp-content/uploads/2017/07/Saarloos-Wolfdog.jpg
000009.jpg,https://animalsbreeds.com/wp-content/uploads/2018/05/Saarloos-Wolfdog.png
000010.jpg,https://i.ytimg.com/vi/d96SOgY2EN8/maxresdefault.jpg
000011.jpg,https://i.pinimg.com/originals/08/14/55/081455fc248b3be5a4e734360d23bc16.jpg
000012.jpg,https://www.101dogbreeds.com/wp-content/uploads/2017/07/Saarloos-Wolfdogs.jpg
000013.jpg,https://www.101dogbreeds.com/wp-content/uploads/2017/07/European-Wolfdog.jpg
000014.jpg,https://www.dogzone.com/images/breeds/saarloos-wolfdog-800.jpg
000015.jpg,https://pixfeeds.com/images/40/606297/1280-654157194-saarloos-wolfdog.jpg
000016.jpg,https://www.petguide.com/wp-content/uploads/2017/06/saarloos-wolfhound-1.jpg
000017.jpg,http://www.belpatt.fr/img/belpatt_races/Loup-de-Saarloos.jpg
000018.jpg,https://i.ytimg.com/vi/ILUJ7HkRZi8/maxresdefault.jpg
000019.jpg,https://www.ukpets.com/oc-content/uploads/breeds/0/2309.png
000020.jpg,https://www.101dogbreeds.com/wp-content/uploads/2017/07/Saarloos-Wolfdog-Images.jpg
000021.jpg,https://www.pets4homes.co.uk/images/breeds/154/large/32dc0c389e0dbdf03b973e330fb8c2d6.jpg
000022.jpg,https://www.pets4homes.co.uk/images/breeds/154/large/f78c5a4d3b21f999026828c5a0035d76.jpg
000023.jpg,https://dogable.net/wp-content/uploads/2018/01/saarloos-wolfdog.jpg
000024.jpg,https://www.dogbreedslist.info/uploads/allimg/dog-pictures/Saarloos-wolfdog-2.jpg
000025.jpg,https://www.dogmal.com/wp-content/uploads/2018/06/Saarloos_wolfdog.jpg
000026.jpg,https://www.petguide.com/wp-content/uploads/2017/06/saarloos-wolfhound-2.jpg
000027.jpg,https://www.101dogbreeds.com/wp-content/uploads/2017/07/Images-of-Saarloos-Wolfdog.jpg
000028.jpg,https://www.pets4homes.co.uk/images/breeds/154/large/120abaa99088f735877e4dff797e90a3.jpg
000029.jpg,https://i.ytimg.com/vi/ixJq-pi_m70/maxresdefault.jpg
000030.jpg,https://upload.wikimedia.org/wikipedia/commons/8/87/Saarloos_Wolfdog_1.jpg
000031.jpg,https://i.pinimg.com/originals/10/e6/1e/10e61e3ff404830ef1ff12c4b7358ed2.jpg
000032.jpg,http://www.dogzone.com/images/breeds/sarloos-wolfdog.jpg
000033.jpg,https://dogsnet.com/wp-content/uploads/2018/04/saarloos-wolfdog-header.jpg
000034.jpg,https://c8.alamy.com/comp/HH33ME/elsa-the-saarloos-wolfdog-sitting-in-a-field-near-sehnde-germany-10-HH33ME.jpg
000035.jpg,https://i.pinimg.com/originals/1b/38/cd/1b38cd993ddbd3f7b06ec1aa1a5c0030.jpg
000036.jpg,https://previews.agefotostock.com/previewimage/medibigoff/44bd0316721af205740218c50cda8d37/tfa-jh-05707.jpg
000037.jpg,https://c8.alamy.com/comp/X8X6FT/saarloos-wolfdog-germany-X8X6FT.jpg
000038.jpg,https://thumbs.dreamstime.com/z/saarloos-wolfdog-dog-s-head-river-background-136609732.jpg
000039.jpg,https://www.mypetzilla.co.uk/files/5415/4160/8981/Ginger_Saarloos_Wolfdog.jpg
000040.jpg,https://st3.depositphotos.com/1004592/13480/i/1600/depositphotos_134806790-stock-photo-saarloos-wolfdog-in-studio.jpg
000041.jpg,https://banner2.kisspng.com/20180604/pqq/kisspng-czechoslovakian-wolfdog-saarloos-wolfdog-kunming-w-5b15f45c7087d6.0513244115281654684609.jpg
000042.jpg,https://upload-2.dogzer.net/image_global/4-308-dog-saarloos-wolfdog/_light-49171-stybia.jpg
000043.jpg,https://uploads-ssl.webflow.com/5a6eb75492eb9700011b4453/5a775932d8030000011a31a1_Raven-Timeline-10.jpg
000044.jpg,https://upload.wikimedia.org/wikipedia/commons/0/06/Saarloos_Wolfdog.jpg
000045.jpg,https://images-wixmp-ed30a86b8c4ca887773594c2.wixmp.com/f/8a9b6a1c-a2d5-475b-b125-2b98b95c4bb3/d5nvxlk-fcffe381-e05a-4b49-9349-eb4c1b5ed132.jpg/v1/fill/w_1095,h_730,q_70,strp/thais__saarloos_wolfdog_by_kiba67_d5nvxlk-pre.jpg?token=eyJ0eXAiOiJKV1QiLCJhbGciOiJIUzI1NiJ9.eyJzdWIiOiJ1cm46YXBwOjdlMGQxODg5ODIyNjQzNzNhNWYwZDQxNWVhMGQyNmUwIiwiaXNzIjoidXJuOmFwcDo3ZTBkMTg4OTgyMjY0MzczYTVmMGQ0MTVlYTBkMjZlMCIsIm9iaiI6W1t7ImhlaWdodCI6Ijw9ODUzIiwicGF0aCI6IlwvZlwvOGE5YjZhMWMtYTJkNS00NzViLWIxMjUtMmI5OGI5NWM0YmIzXC9kNW52eGxrLWZjZmZlMzgxLWUwNWEtNGI0OS05MzQ5LWViNGMxYjVlZDEzMi5qcGciLCJ3aWR0aCI6Ijw9MTI4MCJ9XV0sImF1ZCI6WyJ1cm46c2VydmljZTppbWFnZS5vcGVyYXRpb25zIl19.FfhycImBBDoCGEvCzx5m50NjvAHYVdb01Ivufn0nKoc
000046.jpg,https://thehappypuppysite.com/wp-content/uploads/2019/04/saarloos-wolfdog-header.jpg
000047.jpg,https://www.101dogbreeds.com/wp-content/uploads/2017/07/Saarloos-Wolfdog-Puppy.jpg
000048.jpg,https://c8.alamy.com/comp/X96GJM/saarloos-wolfdog-germany-X96GJM.jpg
000049.jpg,https://i.pinimg.com/originals/69/76/9d/69769db552c390a03ad579cdc50e39e3.jpg
000050.jpg,http://globaldogbreeds.com/wp-content/uploads/2018/06/Saarloos-Wolfdog-Images.jpg
