image,source
000001.jpg,https://s3-eu-west-1.amazonaws.com/s3.setterbakio.com/uploads/setterbakio/picture_10328_prop_w_240.jpg
000002.jpg,https://image.jimcdn.com/app/cms/image/transf/none/path/scc4975d26ee1665c/image/ia2f424990a34fed8/version/1391491717/image.jpg
000003.jpg,https://www.trofeocaza.com/wp-content/uploads/2016/06/perros-razas-sabueso-espanol-01.jpg
000004.jpg,https://www.trofeocaza.com/wp-content/uploads/2016/08/El-Sabueso-espanol-w-1900x1374_c.jpg
000005.jpg,https://upload.wikimedia.org/wikipedia/commons/a/af/Angoi_de_A_Fonsagrada.JPG
000006.jpg,https://www.sabuesoespanol.com/sites/default/files/img_slideshow/sabuesoespanol.png
000007.jpg,https://www.sabuesoespanol.com/sites/default/files/img_club/sila_y_fiti1_3.jpg
000008.jpg,https://blog.terranea.es/wp-content/uploads/2018/09/sabueso-perro.jpg
000009.jpg,https://www.cazavision.com/sites/default/files/ficha-perro/sabuesoespa%C3%B1ol-2.jpg
000010.jpg,https://image.jimcdn.com/app/cms/image/transf/none/path/scc4975d26ee1665c/image/i3f1a061effc317c9/version/1391491717/image.jpg
000011.jpg,https://perro.shop/wp-content/uploads/Sabueso-Espanol.jpg
000012.jpg,https://myanimallife.com/ow_userfiles/plugins/articles/article_image_5a040781c5b52.jpg
000013.jpg,https://hogarmania.global.ssl.fastly.net/hogarmania/images/images01/2013/06/13/5c00e29b16334d00019192fd/1239x697.jpg
000014.jpg,https://i.pinimg.com/originals/b7/bc/e3/b7bce336053f97240b6ad1961a7a4edb.jpg
000015.jpg,https://www.donpeludo.com/wp-content/uploads/2018/10/sabueso-espa%C3%B1ol-blanco-marron-1024x683.jpg
000016.jpg,http://www.dogwallpapers.net/wallpapers/sabueso-espanol-dog-near-the-water-photo.jpg
000017.jpg,https://i.pinimg.com/originals/32/80/1d/32801dc51be1f5e2db06c11d9cca5cdc.jpg
000018.jpg,http://www.dogwallpapers.net/wallpapers/sabueso-espanol-dog-on-the-grass-wallpaper.jpg
000019.jpg,https://i.ytimg.com/vi/MgnjBVolCJo/maxresdefault.jpg
000020.jpg,http://miperroesunico.com/img/razas-de-perros/raza-de-perro-sabueso-espanol.jpg
000021.jpg,https://www.mundoperros.es/wp-content/uploads/2019/06/perro-de-tamano-pequeno-y-grandes-orejas.jpg
000022.jpg,https://i.pinimg.com/236x/08/af/0b/08af0be09f9e03ababb45e38d8c6261e.jpg
000023.jpg,https://i.ytimg.com/vi/Vus7PF3KdAI/hqdefault.jpg
000024.jpg,https://i1.wp.com/www.mascotarios.org/wp-content/uploads/2011/06/Sabuesoespanol.jpg
000025.jpg,https://c8.alamy.com/comp/PFKW5D/sabueso-espanol-spanish-hound-head-and-shoulders-PFKW5D.jpg
000026.jpg,http://www.dogzone.com/images/breeds/sabueso-espanol.jpg
000027.jpg,https://i.pinimg.com/originals/f9/ad/b5/f9adb5f8d3b4b4afa1371e61507e7b78.jpg
000028.jpg,https://misanimales.com/wp-content/uploads/2018/05/cuidados-del-sabueso-italiano.jpg
000029.jpg,https://www.cazavision.com/sites/default/files/images/sabuesoespa%C3%B1ol-p.jpg
000030.jpg,https://www.wikipets.es/wp-content/uploads/sites/default/files/library/sabuesoespanol3-270x320.jpg
000031.jpg,http://tumamifero.com/wp-content/uploads/2018/06/Sabueso-espa%C3%B1ol-4.jpg
000032.jpg,https://upload.wikimedia.org/wikipedia/commons/8/80/Sabueso_Espanol.jpg
000033.jpg,https://i.pinimg.com/originals/74/81/fb/7481fbad5e473d90c486832cd06df5cd.jpg
000034.jpg,https://misanimales.com/wp-content/uploads/2018/08/sabueso-espan%CC%83ol-caracteristicas-1024x576.jpg
000035.jpg,https://upload.wikimedia.org/wikipedia/commons/thumb/5/5a/Angoi_II.JPG/290px-Angoi_II.JPG
000036.jpg,https://www.royalcanin.es/wp-content/uploads/2016/03/sabueso-espanol.jpg
000037.jpg,https://perro.shop/wp-content/uploads/Sabueso_Espanol_cachorros.jpg
000038.jpg,https://www.wikipets.es/wp-content/uploads/sites/default/files/library/fotos-sabueso-espanol-cachorros.jpg
000039.jpg,https://gudog.s3.amazonaws.com/dog/avatar/80057/big_9c3f5a9f-77f7-42b0-a1d7-40ecb3d43a90.JPG
000040.jpg,https://www.wikipets.es/wp-content/uploads/sites/default/files/library/fotos-sabueso-espanol-cachorros_4.jpg
000041.jpg,http://www.dogwallpapers.net/wallpapers/sabueso-espanol-dog-near-her-owner-wallpaper.jpg
000042.jpg,http://tumamifero.com/wp-content/uploads/2018/06/Sabueso-espa%C3%B1ol-7.jpg
000043.jpg,https://prosabuesos.files.wordpress.com/2012/01/mister.jpg
000044.jpg,https://razascaninas.es/299-303-large/raza-de-perro-sabueso-espanol.jpg
000045.jpg,https://www.hogarmania.com/archivos/201204/mascotas-87-sabueso-espanol-4-1280x720x80xX-1.jpg
000046.jpg,https://www.infoperro.com/wp-content/uploads/2018/05/sabueso-espa%C3%B1ol.jpg
000047.jpg,http://tumamifero.com/wp-content/uploads/2018/06/Sabueso-espa%C3%B1ol-12.jpg
000048.jpg,https://alchetron.com/cdn/sabueso-espaol-d0034c61-3193-4c66-9bb2-10ad895280c-resize-750.jpeg
000049.jpg,https://img.milanuncios.com/fg/3032/52/303252390_1.jpg?VersionId=J3TY8.mSps84r.5yvU8_JnBdktOU7cu_
000050.jpg,https://www.cazavision.com/sites/default/files/images/20130213-sabueso-espa%C3%B1ol.jpg
