image,source
000001.jpg,https://vetstreet.brightspotcdn.com/dims4/default/909c6d6/2147483647/thumbnail/645x380/quality/90/?url=https%3A%2F%2Fvetstreet-brightspot.s3.amazonaws.com%2Fe5%2Fb4%2Fca8e2af94c3883e042c1f610fec4%2Fsaint-bernard-ap-1fjqfu-645-x-380.jpg
000002.jpg,https://s3.amazonaws.com/cdn-origin-etr.akc.org/wp-content/uploads/2017/11/12224843/Saint-Bernard-On-White-01.jpg
000003.jpg,https://s3.amazonaws.com/cdn-origin-etr.akc.org/wp-content/uploads/2017/11/12224917/Saint-Bernard-Care.jpg
000004.jpg,https://upload.wikimedia.org/wikipedia/commons/6/64/Hummel_Vedor_vd_Robandahoeve.jpg
000005.jpg,https://i.ytimg.com/vi/naOv2zipzT4/maxresdefault.jpg
000006.jpg,https://thehappypuppysite.com/wp-content/uploads/2018/12/Bernese-Mountain-Dog-Vs-St-Bernard-long.jpg
000007.jpg,https://www.pets4homes.co.uk/images/articles/2648/large/saint-bernard-dog-hereditary-health-and-health-testing-54eca4923f470.jpg
000008.jpg,https://www.pets4homes.co.uk/images/breeds/68/large/dad979767456361a485ab174599d2759.jpg
000009.jpg,https://vetstreet-brightspot.s3.amazonaws.com/92/94d720a7fc11e0a0d50050568d634f/file/Saint-bernard-3-645mk062811.jpg
000010.jpg,https://static.boredpanda.com/blog/wp-content/uploads/2016/11/giant-saint-bernard-carries-tiny-dog-blizzard-lulu-david-mazzarella-fb3__700-png.jpg
000011.jpg,https://www.dogslife.com.au/wp-content/uploads/2018/02/Cumberland-April-07-130-624x483.jpg
000012.jpg,https://thehappypuppysite.com/wp-content/uploads/2019/01/saint-bernard-Mixes-long-1.jpg
000013.jpg,https://dogsnet.com/wp-content/uploads/2018/03/best-brush-for-st-bernard-header.jpg
000014.jpg,http://www.dogspotters.com/dog-breed-photos/sainbern.jpg
000015.jpg,https://www.selectadogbreed.com/media/1825/stbernard_adult.jpg
000016.jpg,https://www.nbcsports.com/sites/nbcsports.com/files/2018/11/21/nbc_dog_working_saintbernard_181120.jpg
000017.jpg,https://www.thesprucepets.com/thmb/b10dZSBkR7haW5ZU_e7BvOBUDlE=/450x0/filters:no_upscale():max_bytes(150000):strip_icc()/SaintBernard-GettyImages-973528124-0bdea12e02ea4d71a21a7fc7c0acb469.jpg
000018.jpg,https://media.gettyimages.com/photos/kid-with-st-bernard-dog-picture-id471722165?s=612x612
000019.jpg,https://www.petmd.com/sites/default/files/fun-facts-about-st-bernard.jpg
000020.jpg,https://vetstreet.brightspotcdn.com/dims4/default/a892f80/2147483647/crop/0x0%2B0%2B0/resize/645x380/quality/90/?url=https%3A%2F%2Fvetstreet-brightspot.s3.amazonaws.com%2F83%2F3ec100a7fc11e0a0d50050568d634f%2Ffile%2FSaint-bernard-2-645mk062811.jpg
000021.jpg,https://img.dog-learn.com/dog-breeds/saint-bernard/images/saint-bernard-u1-sz14.jpg
000022.jpg,https://i.ytimg.com/vi/qwT_GPkHZrM/maxresdefault.jpg
000023.jpg,https://3d4igz27oxtl2iwox73y9smh-wpengine.netdna-ssl.com/wp-content/uploads/2018/08/saint-bernard-puppies-and-saint-bernard-dog-posing-for-fall-picture.jpg
000024.jpg,https://www.petmd.com/sites/default/files/breedopedia/15474_537379826274049_149427665_n.jpg
000025.jpg,https://www.dogbreedslist.info/uploads/allimg/dog-pictures/St-Bernard-2.jpg
000026.jpg,https://cdn3-www.dogtime.com/assets/uploads/2011/01/file_22944_saint-bernard-460x290.jpg
000027.jpg,https://s3-us-west-2.amazonaws.com/dogtopia-com/wp-content/uploads/2017/04/May-Spaghetti-570x380.jpg
000028.jpg,https://upload.wikimedia.org/wikipedia/commons/thumb/e/e3/Stbernardinsnow.jpg/677px-Stbernardinsnow.jpg
000029.jpg,https://media.marshallspetzone.com/2899-large_default/saint-bernard-puppies-for-sale.jpg
000030.jpg,https://www.houseofswitzerland.org/sites/default/files/styles/portrait/public/story/portrait/Gallia%20et%20son%20tonnelet%20%C2%A9%20Iris%20Kuerschner%2C%20www.powerpress.ch%202%20%28Large%29.jpg?h=4a7d1ed4&itok=xyYCkZ3R
000031.jpg,https://www.mtlblog.com/u/2019/02/19/3c48860186d1147978cb0609bccd7fe4cd47d7e2.jpg_1200x630.jpg
000032.jpg,https://cdn2-www.dogtime.com/assets/uploads/gallery/saint-bernard-dogs-and-puppies/saint-bernard-dogs-puppies-1.jpg
000033.jpg,https://www.tescobank.com/assets/website/img/pet-insurance/dogs/st-bernard-exercise-446x320px.jpg
000034.jpg,https://epi.azureedge.net/website-images/images/default-album/saint-bernard.jpg?sfvrsn=c181d37b_2
000035.jpg,https://s3.amazonaws.com/cdn-origin-etr.akc.org/wp-content/uploads/2017/11/12224852/Saint-Bernard-MP.jpg
000036.jpg,https://thumbs-prod.si-cdn.com/sKiFC6Jmocd0SJ_huae1kqoHWRI=/fit-in/1072x0/https://public-media.si-cdn.com/filer/bb/08/bb089d0c-69a7-4b47-9815-a6d5a864d5b2/st-bernard-dogs-switzerland.jpg
000037.jpg,https://i1.adis.ws/i/petsathome/breed-st-bernard-image-2.jpg?qlt=75
000038.jpg,https://www.yourpurebredpuppy.com/dogbreeds/photos-RS/saintbernardsf3.jpg
000039.jpg,https://i.pinimg.com/originals/65/ce/60/65ce60caa9558c1a59afa7036820a8d5.jpg
000040.jpg,https://c8.alamy.com/comp/XDKAPH/young-women-and-saint-bernard-dog-on-meadow-XDKAPH.jpg
000041.jpg,https://cdn.britannica.com/s:300x300/47/8147-004-47CF0DCB.jpg
000042.jpg,https://img.thedailybeast.com/image/upload/c_crop,d_placeholder_euli9k,h_1440,w_2560,x_0,y_0/dpr_1.5/c_limit,w_1044/fl_lossy,q_auto/v1517420080/180131-rothbaum-stbernard-tease_ltbt82
000043.jpg,http://media.sit.savoie-mont-blanc.com/original/656031/1-4869568.jpg
000044.jpg,https://vetstreet.brightspotcdn.com/dims4/default/21ef6ab/2147483647/thumbnail/645x380/quality/90/?url=https%3A%2F%2Fvetstreet-brightspot.s3.amazonaws.com%2F4d%2Fc0bdf0a81d11e0a0d50050568d634f%2Ffile%2Fst-bernard-1-645mk070411.jpg
000045.jpg,https://www.kegworks.com/media/catalog/product/cache/1/image/9df78eab33525d08d6e5fb8d27136e95/d/o/dogbarrel-1_1.jpg
000046.jpg,https://www.poddarkennel.com/products-images/saint-bernard/saint-bernard1.jpg
000047.jpg,https://www.certapet.com/wp-content/uploads/2018/08/st-bernard-dog-and-st.-bernard-puppy-laying-on-top-on-one-another.jpg
000048.jpg,https://i1.wp.com/metro.co.uk/wp-content/uploads/2017/06/587079173.jpg?quality=90&strip=all&zoom=1&resize=644%2C428&ssl=1
000049.jpg,https://dl5zpyw5k3jeb.cloudfront.net/photos/pets/43758055/2/?bust=1547318098
000050.jpg,https://www.yourpurebredpuppy.com/dogbreeds/photos-RS/saintbernardsf4.jpg
