image,source
000001.jpg,http://www.easypetmd.com/sites/default/files/Sapsali%20(1).jpg
000002.jpg,https://www.petguide.com/wp-content/uploads/2015/10/sapsali.jpg
000003.jpg,https://upload.wikimedia.org/wikipedia/commons/3/38/Korea-Jeonju-Sapsal_dog_in_front_of_a_Hanok_Village-01.jpg
000004.jpg,http://www.easypetmd.com/sites/default/files/Sapsali%20(3).jpg
000005.jpg,https://www.pets4homes.co.uk/images/articles/3374/large/the-sapsali-a-charming-yet-lesser-known-korean-dog-566986aa1d79f.jpg
000006.jpg,https://images.wagwalkingweb.com/media/breed/sapsali/hero/Sapsali1.jpg
000007.jpg,https://i.pinimg.com/originals/ed/55/f7/ed55f7c428d1d6573d814238998767c1.jpg
000008.jpg,https://i.pinimg.com/originals/c1/d2/58/c1d258258cfc0960ca1e720ffc39f3da.jpg
000009.jpg,https://previews.123rf.com/images/ufokim/ufokim1801/ufokim180100003/92819435-new-year-s-greetings-from-sapsali-korean-dog.jpg
000010.jpg,https://www.dogbreedslist.info/uploads/allimg/dog-pictures/Sapsali-2.jpg
000011.jpg,https://i.pinimg.com/236x/6d/a0/51/6da051fd06d9c6aa6985ccb76a7a903e.jpg
000012.jpg,http://www.easypetmd.com/sites/default/files/Sapsali.jpg
000013.jpg,http://www.easypetmd.com/sites/default/files/Sapsali%20(2).jpg
000014.jpg,https://www.dogbreedslist.info/uploads/allimg/dog-pictures/Sapsali-3.jpg
000015.jpg,https://www.scarletmacawpetshop.com/img/dogs/Sapsali.jpg
000016.jpg,https://www.petpremium.com/wp-content/uploads/ppbr/breeds/sapsali_profile_350x400.jpg
000017.jpg,https://c8.alamy.com/comp/PYT9JF/fort-william-scotland-united-kingdom-20110605-sapsali-dog-awaits-its-owner-at-uci-world-cup-mtb-downhill-near-fort-william-PYT9JF.jpg
000018.jpg,https://i.pinimg.com/originals/36/5b/c3/365bc319468b996eb144e20beeb125c1.jpg
000019.jpg,http://www.dogwallpapers.net/wallpapers/white-sapsali-photo.jpg
000020.jpg,https://c8.alamy.com/comp/PYT9JG/fort-william-scotland-united-kingdom-20110605-sapsali-dog-awaits-its-owner-at-uci-world-cup-mtb-downhill-near-fort-william-PYT9JG.jpg
000021.jpg,https://i.ytimg.com/vi/o8idSQg-ke4/hqdefault.jpg
000022.jpg,http://www.dogwallpapers.net/wallpapers/resting-sapsali-dog-wallpaper.jpg
000023.jpg,http://www.geocities.ws/koirasivut03/kang.jpg
000024.jpg,https://static1.squarespace.com/static/54d6844ae4b0b305b8f4e3e0/57c6420a6a496360676ebfa3/57c6424a6a496360676ec22c/1472610891276/14138527_10206544721996146_1438778907_n.jpg?format=1000w
000025.jpg,https://www.petpaw.com.au/wp-content/uploads/2014/09/Sapsali-6-1030x706.jpg
000026.jpg,https://i.pinimg.com/originals/9d/83/2d/9d832dd1aacf5397520bff71a0d4bc13.jpg
000027.jpg,https://s2.reutersmedia.net/resources/r/?m=02&d=20101117&t=2&i=250967574&r=2010-11-17T043756Z_01_BTRE6AG0CVB00_RTROPTP_0_KOREA-DOG-SAVED&w=1280
000028.jpg,https://pbs.twimg.com/media/A-x9cLKCAAAPWuq.jpg
000029.jpg,https://i.pinimg.com/originals/9d/06/40/9d06405388a815f553cbf778895b45d4.jpg
000030.jpg,https://thumbs.dreamstime.com/z/dog-dog-like-mammal-dog-breed-sapsali-117884691.jpg
000031.jpg,https://i.ytimg.com/vi/3qY4ai0NTPg/hqdefault.jpg
000032.jpg,https://i.pinimg.com/originals/68/0d/58/680d589d34dc05a715f8649049034d22.jpg
000033.jpg,https://i.redd.it/1zchjn7sm5x11.jpg
000034.jpg,https://www.doglib.com/wp-content/uploads/sites/2/sa/sapsali-sad-dandie-dinmont-terrier-breed.jpg
000035.jpg,https://www.globalanimal.org/wp-content/uploads/2010/11/A-Sapsaree-puppy-stands-in-its-cage-in-Gyeongsan-October-29-2010.jpeg
000036.jpg,https://get.pxhere.com/photo/dog-beach-blonde-furry-cute-dog-like-mammal-dog-breed-goldendoodle-snout-dutch-smoushond-sapsali-fur-poodle-crossbreed-terrier-irish-soft-coated-wheaten-terrier-briquet-griffon-vend-en-dog-crossbreeds-carnivoran-otterhound-sporting-lucas-terrier-schnoodle-glen-of-imaal-terrier-spanish-water-dog-1424539.jpg
000037.jpg,https://get.pxhere.com/photo/nature-puppy-dog-animal-cute-pet-portrait-mammal-friend-poodle-nose-fun-happy-eye-animals-loving-hairy-look-mammals-vertebrate-beauty-pause-dog-breed-approach-language-tenderness-profile-dog-dog-sleeping-loyalty-miniature-poodle-goldendoodle-puppy-sleeping-irish-soft-coated-wheaten-terrier-dog-running-bolognese-coton-de-tulear-havanese-dog-like-mammal-schnoodle-dandie-dinmont-terrier-glen-of-imaal-terrier-dog-crossbreeds-polish-lowland-sheepdog-poodle-crossbreed-old-english-sheepdog-sapsali-800158.jpg
000038.jpg,https://storage.googleapis.com/picxystatic/cache/2019/2/16/a415952582aba66ae81657a11b5fa9a3.jpg
000039.jpg,https://c8.alamy.com/comp/PYT9JP/fort-william-scotland-united-kingdom-20110605-sapsali-dog-awaits-its-owner-at-uci-world-cup-mtb-downhill-near-fort-william-PYT9JP.jpg
000040.jpg,http://www.dogwallpapers.net/wallpapers/walking-sapsali-dog-wallpaper.jpg
000041.jpg,https://cdn.imgbin.com/10/5/20/imgbin-sapsali-old-english-sheepdog-tibetan-terrier-polish-lowland-sheepdog-bearded-collie-others-P6rUcGywE7AQW69ErKVPBzp7W.jpg
000042.jpg,https://i.pinimg.com/236x/5a/be/c2/5abec2afd2dc6bfa6ef73828beee260b--dog-gates-dog-furniture.jpg
000043.jpg,https://www.pets4homes.co.uk/images/articles/3407/large/all-about-the-extremely-rare-new-guinea-singing-dog-56851692de23b.jpg
000044.jpg,http://www.geocities.ws/koirasivut03/blueandyellow.jpg
000045.jpg,http://petshoptop.com/media/0a/69/87/0a69873505351b9ef0f5f8dec2752e0b/56fe20c3b85cf.jpg
000046.jpg,http://www.dogwallpapers.net/wallpapers/three-sapsali-dogs-photo.jpg
000047.jpg,https://i.ytimg.com/vi/JYwamdGEwAY/hqdefault.jpg
000048.jpg,http://www.dogwallpapers.net/wallpapers/cute-sapsali-dog-photo.jpg
000049.jpg,https://dogsofsf.com/wp-content/uploads/2014/10/IMG_2027.jpg
000050.jpg,https://www.pets4homes.co.uk/images/articles/3375/the-alopekis-a-charming-ancient-greek-dog-566ad5b74fa6e.jpg
