image,source
000001.jpg,https://cdn2-www.dogtime.com/assets/uploads/gallery/schipperke-dog-breed-pictures/9-lookup.jpg
000002.jpg,https://i.pinimg.com/736x/8a/13/29/8a1329a5c3ec38af4c53809ee1fd0b0f.jpg
000003.jpg,https://vetstreet.brightspotcdn.com/dims4/default/b46eb65/2147483647/crop/0x0%2B0%2B0/resize/645x380/quality/90/?url=https%3A%2F%2Fvetstreet-brightspot.s3.amazonaws.com%2Fd2%2F2974f0a80511e0a0d50050568d634f%2Ffile%2FShipperke-1-645mk062811.jpg
000004.jpg,https://s3.amazonaws.com/cdn-origin-etr.akc.org/wp-content/uploads/2017/11/12224700/Schipperke-On-White-01.jpg
000005.jpg,https://www.dogbreedslist.info/uploads/allimg/dog-pictures/Schipperke-2.jpg
000006.jpg,https://vetstreet.brightspotcdn.com/dims4/default/59818e8/2147483647/crop/0x0%2B0%2B0/resize/645x380/quality/90/?url=https%3A%2F%2Fvetstreet-brightspot.s3.amazonaws.com%2Ff2%2F09db70a80511e0a0d50050568d634f%2Ffile%2FShipperke-2-645mk062811.jpg
000007.jpg,https://s3.amazonaws.com/cdn-origin-etr.akc.org/wp-content/uploads/2017/11/12224702/Schipperke-MP.jpg
000008.jpg,https://upload.wikimedia.org/wikipedia/commons/5/58/Schipperke0001.jpg
000009.jpg,https://www.dogbreedslist.info/uploads/allimg/dog-pictures/Schipperke-3.jpg
000010.jpg,https://i.pinimg.com/originals/37/f8/04/37f8041ded07f7c7347c9653d5705e75.jpg
000011.jpg,https://s3.amazonaws.com/cdn-origin-etr.akc.org/wp-content/uploads/2017/11/12224708/Schipperke-History-02.jpg
000012.jpg,https://d17fnq9dkz9hgj.cloudfront.net/breed-uploads/2018/08/schipperke-card-small.jpg?bust=1535567920
000013.jpg,https://www.purina.com.au/-/media/Project/Purina/Main/Breeds/Dog/Mobile/Dog_Schipperke_Mobile.jpg?h=300&la=en&w=375&hash=2A8AE1C24316A0A390A49C19FBE9064B
000014.jpg,http://www.dogzone.com/images/breeds/schipperke.jpg
000015.jpg,https://vetstreet.brightspotcdn.com/dims4/default/5a8ab63/2147483647/thumbnail/645x380/quality/90/?url=https%3A%2F%2Fvetstreet-brightspot.s3.amazonaws.com%2F12%2Fbf8c50f1ea11e1ab7c005056ad4734%2Ffile%2FSchipperke-AP-645-lc082912.jpg
000016.jpg,https://cdn1-www.dogtime.com/assets/uploads/2011/01/file_23158_schipperke-460x290.jpg
000017.jpg,https://www.omlet.de/images/cache/575/768/Dog-Schipperke-A_beautiful_black_Schipperke_with_tall_pointed_ears.jpg
000018.jpg,https://www.omlet.de/images/cache/662/768/Dog-Schipperke-An_incredible_little_Schipperke_sitting,_showing_off_it's_thick_soft_dark_coat.jpg
000019.jpg,https://vetstreet.brightspotcdn.com/dims4/default/fe73139/2147483647/thumbnail/645x380/quality/90/?url=https%3A%2F%2Fvetstreet-brightspot.s3.amazonaws.com%2F00%2F2ec490a80611e0a0d50050568d634f%2Ffile%2FShipperke-3-645mk062811.jpg
000020.jpg,https://www.pets4homes.co.uk/images/articles/2704/large/schipperke-dog-hereditary-health-and-longevity-55112755969e9.jpg
000021.jpg,http://cdn.akc.org/content/article-body-image/dawn_bannister_bom_body_image_1.jpg
000022.jpg,https://www.showsightmagazine.com/files/media/images/5c59972569c9e8.71494469_Schip_bitch_with_tail.jpg
000023.jpg,https://upload.wikimedia.org/wikipedia/commons/9/96/Schipperke_Puppy_Daisy_12-weeks_2015-07-27.jpg
000024.jpg,https://www.dogbreedinfo.com/images18/SchipperkeRuck1.JPG
000025.jpg,https://www.purina.com/sites/g/files/auxxlc196/files/styles/kraken_generic_max_width_240/public/NonSporting_Schipperke_body.jpg?itok=_Pun4zPC
000026.jpg,https://www.petmd.com/sites/default/files/breedopedia/schipperke.jpg
000027.jpg,https://www.petguide.com/wp-content/uploads/2013/02/schipperke.jpg
000028.jpg,https://www.yourpurebredpuppy.com/dogbreeds/photos-RS/schipperkesf5.jpg
000029.jpg,https://i.ytimg.com/vi/vH-uQY-iZe0/hqdefault.jpg
000030.jpg,https://vetstreet.brightspotcdn.com/dims4/default/4ff0b5b/2147483647/thumbnail/645x380/quality/90/?url=https%3A%2F%2Fvetstreet-brightspot.s3.amazonaws.com%2F0f%2F57b030a80611e0a0d50050568d634f%2Ffile%2FShipperke-4-645mk062811.jpg
000031.jpg,https://www.petbarn.com.au/petspot/app/uploads/2016/08/143.-Schipperke.jpg
000032.jpg,https://dogbreedatlas.com/images/dog-breed-photos/schipperke/001/schipperke-1490995155-1.jpg
000033.jpg,https://i.redd.it/bkrjakitrag21.jpg
000034.jpg,https://www.k9rl.com/wp-content/uploads/2017/02/Schipperke-breed.jpg
000035.jpg,http://doglover.in/wp-content/uploads/2018/05/schipperke-charakter.jpg
000036.jpg,https://3.bp.blogspot.com/-dT39K8Rw_yM/V9GYJmHB-PI/AAAAAAAAE5w/NTXDRvEJFHYmc5juLAVaBynQ1EYEajyTgCLcB/s1600/Schipperke-Puppies.jpg
000037.jpg,http://www.pethealthnetwork.com/sites/default/files/styles/large/public/schipperke99779097.png?itok=4DXwq8nQ
000038.jpg,https://images.ctfassets.net/w00x6p5qkejz/2EZsfb45wUWEEWEKY8iO2s/2187c35167d5afd05bbeb91345b40ea0/Schipperke_B_W_Small_File.png
000039.jpg,https://3d4igz27oxtl2iwox73y9smh-wpengine.netdna-ssl.com/wp-content/uploads/2018/07/schipperke-puppy-and-dog-looking-up.jpg
000040.jpg,https://i.pinimg.com/originals/57/d8/cf/57d8cfb01debdfaad3e3f719e8e736a4.jpg
000041.jpg,https://i.ytimg.com/vi/Ov5KY2NLw5Q/maxresdefault.jpg
000042.jpg,https://www.dogtemperament.com/wp-content/uploads/2018/08/schipperke1-min_orig.jpg
000043.jpg,https://www.omlet.de/images/cache/608/768/Dog-Schipperke-The_wonderful_Schipperke_standing_very_sternly,_ready_for_its_next_command.jpg
000044.jpg,https://1.bp.blogspot.com/-yhiwsshPhss/V9GR-SUuPwI/AAAAAAAAE4w/ESM3ftXUh0IR48z60qmydydmeqxWNh2xwCLcB/s1600/schipperkerke-dog-breed.jpg
000045.jpg,https://s3.amazonaws.com/cdn-origin-etr.akc.org/wp-content/uploads/2017/11/12220826/Schipperke-Illo-2.jpg
000046.jpg,http://static.ddmcdn.com/en-us/apl/breedselector/images/breed-selector/dogs/breeds/schipperke_01_lg.jpg
000047.jpg,https://indulgeyourpet.com/wp-content/uploads/Schipperke-Puppy.png
000048.jpg,http://caninechronicle.com/wp-content/uploads/2018/10/021-300x223.jpg
000049.jpg,https://static1.squarespace.com/static/50eb5641e4b0684ae74d6dc0/t/5bb16d3fe5e5f08a8c7c4a7f/1560035241812/IMG_0965.jpg
000050.jpg,https://upload.wikimedia.org/wikipedia/commons/9/9b/G%C5%82owa_gismo_-_schipperke.jpg
