image,source
000001.jpg,https://upload.wikimedia.org/wikipedia/commons/thumb/e/e7/Schillerst%C3%B6vare_bearbeitet.jpg/220px-Schillerst%C3%B6vare_bearbeitet.jpg
000002.jpg,https://www.petguide.com/wp-content/uploads/2018/03/Schillerstovare.jpg
000003.jpg,http://www.fci.be/Nomenclature/Illustrations/131g06.jpg
000004.jpg,https://i.pinimg.com/originals/0d/61/94/0d61945c2f7fa247073ea058c16598b5.jpg
000005.jpg,https://www.skk.se/globalassets/nku/filer/images/nordic-breeds/schillerstovare.jpg
000006.jpg,https://www.skk.se/globalassets/nku/filer/images/nordic-breeds/medlemsbilder/schillerstovare-medlem.jpg
000007.jpg,http://4.bp.blogspot.com/_LYxGQn08RU4/SYyx5us31vI/AAAAAAAADq0/hG7yjkZ-OGw/s400/SCHILLERST%C3%96VARE+Schillerst%C3%B6vare+Schiller+Hound2.jpg
000008.jpg,https://upload.wikimedia.org/wikipedia/commons/thumb/d/d6/Go%C5%84czy_schillera_g%C5%82owa_j87.jpg/266px-Go%C5%84czy_schillera_g%C5%82owa_j87.jpg
000009.jpg,http://4.bp.blogspot.com/_LYxGQn08RU4/SYyx56YG9CI/AAAAAAAADrE/09y8OvBfnjA/s400/SCHILLERST%C3%96VARE+Schillerst%C3%B6vare+Schiller+Hound5.jpg
000010.jpg,https://farm8.static.flickr.com/7840/32196690317_5d728ed910_b.jpg
000011.jpg,https://i.pinimg.com/originals/fc/73/fb/fc73fb50e51105c8c19729b9c3aa2054.jpg
000012.jpg,https://i.pinimg.com/236x/66/28/1c/66281c2f5272f7dafc9fac2868b940f7.jpg
000013.jpg,https://upload.wikimedia.org/wikipedia/commons/9/9f/Schillerst%C3%B6vare_aka_Schiller_Hound_1.JPG
000014.jpg,https://dogwellnet.com/uploads/monthly_2017_01/Schillerstovarecmyk.jpg.7315bf6938123a2e670fe2e9fc0e9f31.jpg
000015.jpg,https://i.pinimg.com/originals/c5/0d/2d/c50d2dc69aeae76f0a81eef17b286af3.jpg
000016.jpg,https://i.pinimg.com/originals/29/9e/de/299edeedc53762122b4132e671148ef1.jpg
000017.jpg,https://www.petguide.com/wp-content/uploads/2018/03/schillerstovare-2.jpg
000018.jpg,https://upload.wikimedia.org/wikipedia/commons/4/47/Schillerst%C3%B6vare_aka_Schiller_Hound_2.JPG
000019.jpg,https://cdn12.picryl.com/photo/2016/12/31/puppy-hound-schillerstovare-904de8-1024.jpg
000020.jpg,https://i.pinimg.com/originals/7b/06/3a/7b063a9710515729313ce9a0c3481d4c.jpg
000021.jpg,http://www.dogwallpapers.net/wallpapers/schillerst%C3%B6vare-dog-on-the-field-photo.jpg
000022.jpg,https://i.pinimg.com/originals/4a/4b/99/4a4b99c52a2fc2f6f74c464851fa811d.jpg
000023.jpg,https://images-na.ssl-images-amazon.com/images/I/51FJ0-6y8DL.jpg
000024.jpg,https://i.pinimg.com/originals/68/1a/b8/681ab88178d9da5ff96bace064c73fe2.jpg
000025.jpg,https://upload.wikimedia.org/wikipedia/commons/b/b3/Schiller_Hound_aka_Schillerst%C3%B6vare_1.jpg
000026.jpg,http://www.gopetsamerica.com/hounds/schiller-hound-1.jpg
000027.jpg,https://pbs.twimg.com/media/Cv77Qd1VMAA7Sxc.jpg
000028.jpg,https://pbs.twimg.com/media/CcKSNPEW8AY_KqS.jpg
000029.jpg,http://www.dogwallpapers.net/wallpapers/drawn-schillerst%C3%B6vare-picture.jpg
000030.jpg,https://thumb.mp-farm.com/14393601/preview.jpg
000031.jpg,http://www.skk.se//link/aec4270463fd49c4a08b86afd762c1c6.aspx
000032.jpg,https://images-wixmp-ed30a86b8c4ca887773594c2.wixmp.com/f/8d838396-2d94-41bc-87f2-799052656eb0/d3g31be-f97774f1-7821-4953-9bc0-1a6851dab428.jpg/v1/fill/w_525,h_350,q_70,strp/schiller_by_sannas_d3g31be-350t.jpg?token=eyJ0eXAiOiJKV1QiLCJhbGciOiJIUzI1NiJ9.eyJzdWIiOiJ1cm46YXBwOjdlMGQxODg5ODIyNjQzNzNhNWYwZDQxNWVhMGQyNmUwIiwiaXNzIjoidXJuOmFwcDo3ZTBkMTg4OTgyMjY0MzczYTVmMGQ0MTVlYTBkMjZlMCIsIm9iaiI6W1t7ImhlaWdodCI6Ijw9NTAwIiwicGF0aCI6IlwvZlwvOGQ4MzgzOTYtMmQ5NC00MWJjLTg3ZjItNzk5MDUyNjU2ZWIwXC9kM2czMWJlLWY5Nzc3NGYxLTc4MjEtNDk1My05YmMwLTFhNjg1MWRhYjQyOC5qcGciLCJ3aWR0aCI6Ijw9NzUwIn1dXSwiYXVkIjpbInVybjpzZXJ2aWNlOmltYWdlLm9wZXJhdGlvbnMiXX0.5TcMa-qyamWuBfhD0TAZfsgIB6PLOgvyZYpKzRD1ES4
000033.jpg,http://www.dogwallpapers.net/wallpapers/schillerst%C3%B6vare-dog-on-the-couch-wallpaper.jpg
000034.jpg,https://images.wagwalkingweb.com/media/breed/schillerstovare/hero/Schillerstovare.jpg
000035.jpg,https://bigdogbreeds.info/wp-content/uploads/2019/01/Schillerst%C3%B6vare-dog-temperament.jpg
000036.jpg,https://i.pinimg.com/originals/68/84/9f/68849fbf9a8d38009d9206302d1dd415.jpg
000037.jpg,https://www.petpremium.com/wp-content/uploads/ppbr/breeds/schiller-hound_profile_350x400.jpg
000038.jpg,https://bigdogbreeds.info/wp-content/uploads/2019/01/Schillerst%C3%B6vare-dog1-300x210.jpg
000039.jpg,https://images-na.ssl-images-amazon.com/images/I/51sd24WAcJL._SX466_.jpg
000040.jpg,http://www.dogbreedstandards.com/wp-content/uploads/2013/04/Schillerstovare.jpg
000041.jpg,https://www.dogsindepth.com/hound_dog_breeds/images/schiller_hound_h02.jpg
000042.jpg,https://pbs.twimg.com/media/Ckef4VrWgAA-_G5.jpg
000043.jpg,https://www.jaktjournalen.se/wp-content/uploads/2016/02/andreas_sm-705x571.jpg
000044.jpg,http://www.luckydogrescue.org/van_pets/BIO0000000378.png
000045.jpg,http://www.agraria.org/cani/schillerstovare1.jpg
000046.jpg,https://www.jaktjournalen.se/wp-content/uploads/2019/03/schillerjamtlandwebben.jpg
000047.jpg,https://upload.wikimedia.org/wikipedia/commons/e/ed/PolishHound-MlChPl-OKSANA-ZOstregoBoru-wl.JoannaZembrzuska_3.JPG
000048.jpg,https://www.sjobergbildbyra.se/fotoweb/cache/5000/Imagearchive/Imagearchive299/TR28954.t550ea784.m600.wsjobergwatermarkbottom.tif.x9VxLTNKy.jpg
000049.jpg,https://www.vdh.de/welpen/uploads/zrfancy/310_767.jpg
000050.jpg,https://www.sjobergbildbyra.se/fotoweb/cache/5000/Imagearchive/Imagearchive299/TR28950.t550ea782.m800.wsjobergwatermarkbottom.tif.x7VyMWoyl.jpg
