image,source
000001.jpg,https://www.petguide.com/wp-content/uploads/2018/02/schweizer-laufhund-1.jpg
000002.jpg,http://www.dogzone.com/images/breeds/schweizer-laufhund.jpg
000003.jpg,https://www.petguide.com/wp-content/uploads/2018/02/schweizer-laufhund.jpg
000004.jpg,http://www.easypetmd.com/sites/default/files/Schweizer%20Laufhund.jpg
000005.jpg,http://laminapets.com/wp-content/uploads/2017/10/schwzer-laufhund-300x212.jpg
000006.jpg,https://i.pinimg.com/originals/bb/33/ca/bb33cafe5b26208d61858ef00e455128.jpg
000007.jpg,https://images-na.ssl-images-amazon.com/images/I/511xfxgXkVL._SX466_.jpg
000008.jpg,https://partner-hund.de/sites/partner-hund.de/files/ehft_02207.jpg
000009.jpg,http://www.dogwallpapers.net/wallpapers/schweizer-laufhund-with-his-owner-photo.jpg
000010.jpg,https://www.vdh.de/welpen/uploads/zrfancy/414_800.jpg
000011.jpg,http://www.grumpi.de/cache/com_zoo/images/schwyzer-laufhund_2f30b4ad5d96e030e6d23b0bdabb5147.jpg
000012.jpg,http://2.bp.blogspot.com/_LYxGQn08RU4/SY3R43xn9QI/AAAAAAAADtE/ODSX8rG_ABk/s400/Schweizer+Laufhund+chien+courant+suisse+SWISS+HOUND4.jpg
000013.jpg,http://www.dogwallpapers.net/wallpapers/schweizer-laufhund-near-the-ocean-wallpaper.jpg
000014.jpg,https://i.pinimg.com/originals/71/11/0c/71110cdbd02d5b6c415825278cae5a72.jpg
000015.jpg,https://live.staticflickr.com/4386/36879167002_652d11e92a_b.jpg
000016.jpg,https://i.pinimg.com/originals/14/56/0e/14560e2a6bfba62c31e694ed67174e11.jpg
000017.jpg,http://www.laufhund.ch/images/actu_716749_neuhaeusler.jpg
000018.jpg,http://www.dogwallpapers.net/wallpapers/hunting-schweizer-laufhund-wallpaper.jpg
000019.jpg,https://i.pinimg.com/originals/c8/d8/fb/c8d8fbff709b190779e6617c2442438a.jpg
000020.jpg,http://www.dogzone.com/images/breeds/small-swiss-hound.jpg
000021.jpg,https://www.royal-canin.de/fileadmin/assets/img/overview/breeds/896283147.jpg
000022.jpg,https://spng.pngfly.com/20180430/wwe/kisspng-gordon-setter-schweizer-laufhund-smaland-hound-bla-black-dog-5ae69d08a02060.7254337015250629206559.jpg
000023.jpg,https://images.ctfassets.net/w00x6p5qkejz/2uIimOdFqMMI48m0WYSKu2/355b68b513d28a8bb1c1f1d0f6c3314d/Swiss_Hound_3.jpg
000024.jpg,https://upload.wikimedia.org/wikipedia/commons/3/3b/Franz_Rudolf_Frisching.jpg
000025.jpg,https://bigdogbreeds.info/wp-content/uploads/2019/01/Schweizer-Laufhund-dog-pictures.jpg
000026.jpg,http://www.easypetmd.com/sites/default/files/Bruno%20Jura%20Hound.jpg
000027.jpg,https://www.vdh.de/welpen/uploads/zrfancy/204_767.jpg
000028.jpg,https://banner2.kisspng.com/20180521/txj/kisspng-basset-hound-puppy-beagle-schweizer-laufhund-pet-s-5b0252d609c204.32930986152687893404.jpg
000029.jpg,https://nationalpurebreddogday.com/wp-content/uploads/2016/03/1044068_547458945421205_7993554170226695186_n.jpg
000030.jpg,https://c8.alamy.com/comp/T8MRFP/schweizer-laufhund-in-front-of-white-background-T8MRFP.jpg
000031.jpg,https://static.hunde.de/upload/1402502546_berner-laufhund-01-wikicommonx-450x315.jpg
000032.jpg,https://i.pinimg.com/originals/30/45/f2/3045f21e2580c5beeaa83be994fc2c8c.jpg
000033.jpg,https://t4.ftcdn.net/jpg/02/42/54/63/500_F_242546376_MgPd1y3pOfrSF9qvMWl6x1VITlnFdjPp.jpg
000034.jpg,https://image.shutterstock.com/display_pic_with_logo/80789/1396163492/stock-photo-schweizer-laufhund-in-front-of-white-background-1396163492.jpg
000035.jpg,https://banner2.kisspng.com/20180526/zzv/kisspng-basset-hound-basset-artsien-normand-schweizer-la-5b0902e357de25.8648086015273172193599.jpg
000036.jpg,https://c8.alamy.com/comp/T8MRE5/schweizer-laufhund-in-front-of-white-background-T8MRE5.jpg
000037.jpg,http://www.dogwallpapers.net/wallpapers/nice-schweizer-laufhund-dog-wallpaper.jpg
000038.jpg,https://banner2.kisspng.com/20180619/ljr/kisspng-finnish-hound-black-and-tan-coonhound-schweizer-la-5b292a879afe50.4345541715294245196349.jpg
000039.jpg,https://i.pinimg.com/originals/5b/ca/2d/5bca2d34899d5f07ba1a71cee2ff8aa1.png
000040.jpg,https://i.pinimg.com/originals/51/7d/7d/517d7dfd26cdfd624b2be341ab297b82.jpg
000041.jpg,https://c8.alamy.com/comp/T8MRC1/schweizer-laufhund-in-front-of-white-background-T8MRC1.jpg
000042.jpg,https://upload.wikimedia.org/wikipedia/commons/thumb/4/4c/Gonczy_bernenski_pl1.jpg/440px-Gonczy_bernenski_pl1.jpg
000043.jpg,https://www.doglib.com/wp-content/uploads/sites/2/sc/schweizer-winter-schweizer-laufhund-breed.jpg
000044.jpg,http://www.dogwallpapers.net/wallpapers/schweizer-laufhund-in-the-field-photo.jpg
000045.jpg,https://i.pinimg.com/474x/bc/11/ab/bc11ab6f7f417729cb83c0c0e8d71068.jpg
000046.jpg,https://c8.alamy.com/comp/TAGDMK/schweizer-laufhund-in-front-of-white-background-TAGDMK.jpg
000047.jpg,https://bigdogbreeds.info/wp-content/uploads/2019/01/Schweizer-Laufhund-dog-characteristics.png
000048.jpg,https://www.hundund.de/hunderassen/schweizerlaufhund/images/Schweizer-Laufhund1.jpg
000049.jpg,https://i.pinimg.com/originals/3d/2d/c9/3d2dc9b298cc03e5bb1c5e279f03a1a8.jpg
000050.jpg,https://www.doglib.com/wp-content/uploads/sites/2/sc/schweizer-know-about-bruno-jura-hound-breed.jpg
