image,source
000001.jpg,https://cdn3-www.dogtime.com/assets/uploads/gallery/scottish-deerhound-dog-breed-pictures/7-play.jpg
000002.jpg,https://s3.amazonaws.com/cdn-origin-etr.akc.org/wp-content/uploads/2017/11/12212344/Scottish-Deerhounds-on-White-Care-e1553012263422-500x474.jpg
000003.jpg,https://s3.amazonaws.com/cdn-origin-etr.akc.org/wp-content/uploads/2017/11/12224620/Scottish-Deerhound-On-White-03.jpg
000004.jpg,https://thehappypuppysite.com/wp-content/uploads/2018/11/scottish-deerhound-vs-irish-wolfhound-long.jpg
000005.jpg,https://cdn3-www.dogtime.com/assets/uploads/2011/01/file_23046_scottish-deerhound-460x290.jpg
000006.jpg,https://s3.amazonaws.com/cdn-origin-etr.akc.org/wp-content/uploads/2017/11/12224617/Scottish-Deerhound-On-White-04-400x267.jpg
000007.jpg,https://www.petguide.com/wp-content/uploads/2013/04/scottish-deerhound.jpg
000008.jpg,https://www.pawsplaygrounds.com/wp-content/uploads/2017/05/scottish-deerhound.jpg
000009.jpg,https://images-ra.adoptapet.com/seo/1/h/219_h.png
000010.jpg,https://s3.amazonaws.com/cdn-origin-etr.akc.org/wp-content/uploads/2019/03/19104834/Screen-Shot-2019-03-19-at-10.47.17-AM-800x485.png
000011.jpg,https://www.yourpurebredpuppy.com/dogbreeds/photos-RS/scottishdeerhoundsf1.jpg
000012.jpg,http://media.oregonlive.com/argus_impact/photo/9699301-large.jpg
000013.jpg,https://animalsbreeds.com/wp-content/uploads/2018/05/Scottish-Deerhound.jpg
000014.jpg,https://d17fnq9dkz9hgj.cloudfront.net/breed-uploads/2018/08/irish-wolfhound-card-medium.jpg?bust=1535568464&width=560
000015.jpg,https://moderndogmagazine.com/sites/default/files/styles/slidehsow-banner/public/images/articles/top_images/scottishdeerhoundvsirishdeerhound_hd.jpg?itok=uJkeDfko
000016.jpg,https://www.pets4homes.co.uk/images/breeds/136/large/ece32d484092d35a2269f1ddc5e4e5d3.jpg
000017.jpg,https://images.ctfassets.net/w00x6p5qkejz/4yMbKpPEFqUoeYKKk0CYOW/b169eb052955bf3cc63c0c0f17eb4a41/Scottish_Deerhound_B_W_Small_File.png
000018.jpg,https://vetstreet.brightspotcdn.com/dims4/default/9e77afd/2147483647/thumbnail/645x380/quality/90/?url=https%3A%2F%2Fvetstreet-brightspot.s3.amazonaws.com%2F6d%2F612980a80211e0a0d50050568d634f%2Ffile%2Fdeerhound-1-645mk070411.jpg
000019.jpg,https://i.ytimg.com/vi/JYioSesSp3w/hqdefault.jpg
000020.jpg,https://i.pinimg.com/originals/ad/dd/61/addd61b8da6f77344a5a2a9e541d1184.jpg
000021.jpg,https://d17fnq9dkz9hgj.cloudfront.net/breed-uploads/2018/08/scottish-deerhound-detail.jpg?bust=1535566521&width=355
000022.jpg,http://static.pedigreedatabase.com/dogbreeds/scottish_deerhound.jpg
000023.jpg,https://s3.amazonaws.com/cdn-origin-etr.akc.org/wp-content/uploads/2017/11/12224648/Scottish-Deerhound-History-01.jpg
000024.jpg,https://www.101dogbreeds.com/wp-content/uploads/2018/01/Scottish-Deerhound-Pictures.jpg
000025.jpg,https://indulgeyourpet.com/wp-content/uploads/Scottish-Deerhound-Puppy.png
000026.jpg,http://www.pethealthnetwork.com/sites/default/files/styles/large/public/the-scottish-deerhound177777899.png?itok=uvEPfvMO
000027.jpg,https://previews.123rf.com/images/antoniagros/antoniagros1709/antoniagros170900016/85724814-scottish-deerhound-wearing-shoes.jpg
000028.jpg,https://vetstreet-brightspot.s3.amazonaws.com/7f/c21930a80311e0a0d50050568d634f/file/Scottish-Deerhound-2-645mk062811.jpg
000029.jpg,https://www.thesprucepets.com/thmb/PgG44uzKz3hQJIxMBZ3YryC7jNQ=/450x0/filters:no_upscale():max_bytes(150000):strip_icc()/Scottishdeerhound-GettyImages-705005207-729a3f3ca2e044bfb65aaee4ca8a7cc9.jpg
000030.jpg,https://dogbreeds10.com/scottish-deerhound/scottish-deerhound-dogs-2/
000031.jpg,https://3d4igz27oxtl2iwox73y9smh-wpengine.netdna-ssl.com/wp-content/uploads/2018/09/scottish-dog-breeds-scottish-deerhound-playing-with-rug-1024x512.jpg
000032.jpg,https://www.pets4homes.co.uk/images/breeds/136/large/523478edf508562482e12a7cd9d419dd.jpg
000033.jpg,https://i1.wp.com/deerhound.org/wp-content/uploads/2016/02/Sitting-Group.jpg?fit=2791%2C1882&ssl=1
000034.jpg,https://www.dogbreedslist.info/uploads/allimg/dog-pictures/Scottish-Deerhound-2.jpg
000035.jpg,https://www.europuppy.com/wp-content/uploads/scottish-deerhound.jpg
000036.jpg,https://canineweekly.com/wp-content/uploads/2018/01/irish-wolfhound-vs-scottish-deerhound-1024x766.jpg
000037.jpg,https://cdn.shopify.com/s/files/1/0994/0236/files/scottish-deerhound-dog-crate-size_large.jpg?v=1540239085
000038.jpg,https://www.ckc.ca/CanadianKennelClub/media/Breed-Images/Hounds/DeerhoundScottish-F.jpg
000039.jpg,https://dogbreedatlas.com/images/dog-breed-photos/scottish-deerhound/001/scottish-deerhound-1491058931-2.jpg
000040.jpg,https://www.nbcsports.com/sites/nbcsports.com/files/2018/11/21/nbc_dog_hound_scottishdeerhound_v2_181119.jpg
000041.jpg,https://animals.net/wp-content/uploads/2019/01/Scottish-Deerhound-1-650x425.jpg
000042.jpg,https://www.purina.com/sites/g/files/auxxlc196/files/styles/kraken_generic_max_width_240/public/HOUND_Scottish-Deerhound.jpg?itok=3KVnc3Lv
000043.jpg,https://dgicdplf3pvka.cloudfront.net/images/dogbreeds/large/Scottish-Deerhound.jpg
000044.jpg,https://puredogtalk.com/wp-content/uploads/2018/08/A31I6744_-Veteran-683x1024.jpg
000045.jpg,https://i.pinimg.com/originals/e4/02/2b/e4022b09288f5de09338ec6a58b17d34.jpg
000046.jpg,https://canineweekly.com/wp-content/uploads/2018/01/irish-wolfhound-vs-scottish-deerhound-2.jpg?x24525&x24525&x24525&x24525
000047.jpg,https://s3.amazonaws.com/cdn-origin-etr.akc.org/wp-content/uploads/2017/11/12220822/Scottish-Deerhound-Illo-2.jpg
000048.jpg,https://i.redd.it/ktomey4g95k21.jpg
000049.jpg,https://2.bp.blogspot.com/-JA_ddh4G61E/WEghwfXeLII/AAAAAAAAFZo/7VDPZ-qfOVs2zAo-up_DKILOh_RTBHWOwCLcB/s1600/scottish-deerhound-dog.jpg
000050.jpg,https://www.purina.com.au/-/media/Project/Purina/Main/Breeds/Dog/Mobile/Dog_Deerhound_Mobile.jpg?h=300&la=en&w=375&hash=1C479C63251EF6BA496249B9CF98637F
