image,source
000001.jpg,http://www.dogzone.com/images/breeds/segugio-italiano.jpg
000002.jpg,http://www.enci.it/media/3125/03.jpg
000003.jpg,https://s3.amazonaws.com/cdn-origin-etr.akc.org/wp-content/uploads/2018/08/07114637/Segugio-Italiano-slideshow-08.jpg
000004.jpg,https://www.razzedicani.net/wp-content/uploads/2016/05/Segugio-italiano-a-pelo-raso-e1463000215664.jpg
000005.jpg,https://s3.amazonaws.com/cdn-origin-etr.akc.org/wp-content/uploads/2018/08/07104543/Segugio-Italiano-MP.jpg
000006.jpg,https://www.petguide.com/wp-content/uploads/2018/06/segugio-italiano.jpg
000007.jpg,https://www.cacciapassione.com/wp-content/uploads/2016/12/Art.-n.4-Segugio-italiano-ben-costruito.jpg
000008.jpg,http://mysocialpet.it/files/thumb/c306c4b8e127a36/x950.pagespeed.ic.QSsX7tYgMD.jpg
000009.jpg,https://cdn.shortpixel.ai/client/q_glossy,ret_img,w_600/https://www.ideegreen.it/wp-content/uploads/2015/12/segugio-italiano6.jpg
000010.jpg,https://www.cacciapassione.com/ImageResizer/resizer.php?file=https://www.cacciapassione.com/wp-content/uploads/awpcp/images/img-20161023-wa0003-813754e9.jpg&width=700&height=662.99559471366&action=resize
000011.jpg,https://st3.depositphotos.com/11531248/18304/i/1600/depositphotos_183048594-stock-photo-segugio-italiano-dog.jpg
000012.jpg,https://s3.amazonaws.com/cdn-origin-etr.akc.org/wp-content/uploads/2018/08/19170330/Segugio-Italiano-care1.jpg
000013.jpg,http://www.allevamento-margian.it/wp-content/uploads/2012/09/Segugio.png
000014.jpg,https://www.dogalize.com/wp-content/uploads/2017/12/Segugio-italiano-carattere-e-prezzo.jpg
000015.jpg,https://www.dogsoul.eu/wp-content/uploads/2017/03/SegugioItaliano.jpg
000016.jpg,http://www.aclonlus.org/wp-content/uploads/2017/10/DSC03385.jpg
000017.jpg,https://st3.depositphotos.com/11531248/18304/i/1600/depositphotos_183048610-stock-photo-segugio-italiano-puppies-dog.jpg
000018.jpg,https://cdn.shortpixel.ai/client/q_glossy,ret_img,w_600/https://www.ideegreen.it/wp-content/uploads/2015/12/segugio-italiano2.jpg
000019.jpg,http://www.amiciconlacoda.com/uploads/4/2/5/8/4258892/6294708.jpg?558
000020.jpg,https://bepuppyblog-4fef.kxcdn.com/wp-content/uploads/2017/10/Segugio-Italiano-a-pelo-forte-696x485.jpg
000021.jpg,http://cdn.tipresentoilcane.com/wp-content/uploads/2013/01/06050444/fondobianco.jpg
000022.jpg,https://www.amoreaquattrozampe.it/wp-content/uploads/2017/02/segugio-italiano2.jpg
000023.jpg,https://amicidicasa.it/wp-content/uploads/2016/02/segugio-it_2raso.jpg
000024.jpg,https://upload.wikimedia.org/wikipedia/commons/6/6d/Segugioitalianopelorasofulvo.JPG
000025.jpg,https://www.amicicani.com/pubblica/cani/big/amicicani_1513593858.jpg
000026.jpg,http://www.breedog.it/wp-content/uploads/2015/12/segugio-001.jpg
000027.jpg,https://cdn.shortpixel.ai/client/q_glossy,ret_img,w_615/https://www.ideegreen.it/wp-content/uploads/2016/08/segugio-italiano-a-pelo-raso-4.jpg
000028.jpg,http://www.breedog.it/wp-content/uploads/2015/12/segugio-002.jpg
000029.jpg,http://www.dogwallpapers.net/wallpapers/segugio-italiano-dog-wallpaper.jpg
000030.jpg,http://www.amoreaquattrozampe.it/wp-content/uploads/2017/02/segugio-italiano-1-400x348.jpg
000031.jpg,https://st3.depositphotos.com/11531248/18304/i/1600/depositphotos_183048438-stock-photo-segugio-italiano-dog.jpg
000032.jpg,https://c8.alamy.com/comp/R7MY9M/portrat-of-puppies-of-segugio-italiano-dog-the-italian-hound-dog-has-a-long-head-and-ears-and-is-used-as-a-hunting-R7MY9M.jpg
000033.jpg,https://www.cacciapassione.com/wp-content/uploads/2016/12/Art.-n.3-Segugio-italiano-fulvo-a-pelo-raso.jpg
000034.jpg,https://www.tuttogreen.it/wp-content/uploads/2016/09/segugio-italiano1-400x250.jpg
000035.jpg,https://www.deabyday.tv/data/articles/cuccioli/classifiche/Le-5-caratteristiche-fondamentali-del-segugio-italiano/text_files/file/document/segugio%20italiano5.jpg
000036.jpg,https://www.cani.com/sites/default/files/importfile/_segugio-italiano-pelo-raso_h91tni.jpg
000037.jpg,https://www.albanesi.it/wp-content/uploads/2014/01/segugio_italiano1.jpg
000038.jpg,http://cdn.tipresentoilcane.com/wp-content/uploads/2013/01/06050410/segugio_aper.jpg
000039.jpg,http://www.strettoweb.com/wp-content/uploads/timthumb.php?src=http://www.strettoweb.com/wp-content/uploads/2017/06/segugio-italiano.jpg&q=100&w=638&h=426&zc=2&cc=FFFFFF&a=t
000040.jpg,http://www.enci.it/media/1303/558550_544100982309324_1906587033_n-1-copy.jpg
000041.jpg,https://st3.depositphotos.com/11531248/18304/i/1600/depositphotos_183048536-stock-photo-segugio-italiano-dog.jpg
000042.jpg,https://i.ytimg.com/vi/lrdpWiBoNzM/maxresdefault.jpg
000043.jpg,https://t4.ftcdn.net/jpg/01/69/09/71/500_F_169097105_CVn9LCelRvb3WpUFYKHcEXDoaKfysYvu.jpg
000044.jpg,https://www.annuncianimali.it/immagini/razze/238.jpg
000045.jpg,https://www.cani.com/sites/default/files/importfile/_segugio-italiano-pelo-raso_9nhcg5.jpg
000046.jpg,http://www.ilcanequotidiano.it/wp-content/uploads/2018/02/il_segugio_italiano.jpg
000047.jpg,https://i.pinimg.com/originals/6f/de/7d/6fde7ddbf78e41e82096fa65ad50dcbd.jpg
000048.jpg,http://www.enci.it/media/3152/segugio-italiano-a-pelo-raso.jpg?width=500&height=285.4077253218884
000049.jpg,https://i.ytimg.com/vi/iymXU4YX9f0/maxresdefault.jpg
000050.jpg,https://s3.amazonaws.com/cdn-origin-etr.akc.org/wp-content/uploads/2018/08/07110459/Segugio-Italiano-history-08.jpg
