image,source
000001.jpg,https://images.wagwalkingweb.com/media/breed/seppala-siberian-sled-dog/hero/Seppala-Siberian-Sled-Dog.jpg
000002.jpg,https://www.dogbreedslist.info/uploads/allimg/dog-pictures/Seppala-Siberian-Sleddog-3.jpg
000003.jpg,https://www.101dogbreeds.com/wp-content/uploads/2017/06/Seppala-Siberian-Sleddog-Images.jpg
000004.jpg,https://www.dogbreedinfo.com/images24/SeppalaSiberianSleddogRiverViewsHurley.jpg
000005.jpg,https://www.seppalakennels.com/sssd_id_photos/yegor-of-seppala-25jul2011.jpg
000006.jpg,https://www.101dogbreeds.com/wp-content/uploads/2017/06/Pictures-of-Seppala-Siberian-Sleddog.jpg
000007.jpg,https://www.seppalakennels.com/sssd_id_photos/lara_of_seppala.jpg
000008.jpg,https://www.dogbreedslist.info/uploads/allimg/dog-pictures/Seppala-Siberian-Sleddog-2.jpg
000009.jpg,https://animalsbreeds.com/wp-content/uploads/2018/05/Seppala-Siberian-Sleddog.jpg
000010.jpg,https://upload.wikimedia.org/wikipedia/commons/3/33/Seppala_Siberian_Sleddog.jpg
000011.jpg,https://www.seppalakennels.com/sssd_id_photos/maraq_of_seppala.jpg
000012.jpg,http://www.dogwallpapers.net/wallpapers/seppala-siberian-sleddog-portrait-wallpaper.jpg
000013.jpg,http://globaldogbreeds.com/wp-content/uploads/2018/10/Pictures-of-Seppala-Siberian-Sleddog.jpg
000014.jpg,https://images-wixmp-ed30a86b8c4ca887773594c2.wixmp.com/f/1bc9097c-64da-4f2b-9de2-9d4c07d17c35/d75er4z-8ebc8eaf-af2b-4332-b016-aac8daf99554.png/v1/fill/w_959,h_833,q_70,strp/foundation_seppala_siberian_sleddogs___closed_by_sumac_ridge_d75er4z-pre.jpg?token=eyJ0eXAiOiJKV1QiLCJhbGciOiJIUzI1NiJ9.eyJzdWIiOiJ1cm46YXBwOjdlMGQxODg5ODIyNjQzNzNhNWYwZDQxNWVhMGQyNmUwIiwiaXNzIjoidXJuOmFwcDo3ZTBkMTg4OTgyMjY0MzczYTVmMGQ0MTVlYTBkMjZlMCIsIm9iaiI6W1t7ImhlaWdodCI6Ijw9ODkwIiwicGF0aCI6IlwvZlwvMWJjOTA5N2MtNjRkYS00ZjJiLTlkZTItOWQ0YzA3ZDE3YzM1XC9kNzVlcjR6LThlYmM4ZWFmLWFmMmItNDMzMi1iMDE2LWFhYzhkYWY5OTU1NC5wbmciLCJ3aWR0aCI6Ijw9MTAyNCJ9XV0sImF1ZCI6WyJ1cm46c2VydmljZTppbWFnZS5vcGVyYXRpb25zIl19.X-sKIftaXw9EEwTVdQI3tSYum0QmzoBt5lS7ET5_uZQ
000015.jpg,http://globaldogbreeds.com/wp-content/uploads/2018/10/Seppala-Siberian-Sleddog-Photos.jpg
000016.jpg,https://www.doglib.com/wp-content/uploads/sites/2/se/seppala-seppala-siberian-sled-dog-puppies-breed.jpg
000017.jpg,https://www.101dogbreeds.com/wp-content/uploads/2017/06/Seppala-Siberian-Sleddog-Puppies.jpg
000018.jpg,https://i.pinimg.com/236x/97/c8/1d/97c81d1251557f82c1294ecc0cc40e54--spitz-dogs-sled.jpg
000019.jpg,http://www.dogwallpapers.net/wallpapers/watching-seppala-siberian-sleddog-photo.jpg
000020.jpg,https://images-na.ssl-images-amazon.com/images/I/91Fta7aoYDL.jpg
000021.jpg,https://cdn.imgbin.com/11/9/13/imgbin-siberian-husky-seppala-siberian-sleddog-1925-serum-run-to-nome-balto-others-JYar04UqiTnJGdN3LuJcmYmTv.jpg
000022.jpg,https://c8.alamy.com/comppt/dtnht9/seppala-sleddog-husky-siberiano-com-olhos-azuis-a-espera-de-ser-aproveitado-para-corridas-de-treno-puxado-por-caes-das-cataratas-marmora-snofest-ontario-canada-dtnht9.jpg
000023.jpg,https://www.seppalakennels.com/photos_2008-09/tonya-of-seppala-13yo-1no08d.jpg
000024.jpg,https://www.101dogbreeds.com/wp-content/uploads/2017/06/Images-of-Seppala-Siberian-Sleddog.jpg
000025.jpg,https://banner2.kisspng.com/20180421/xee/kisspng-siberian-husky-sakhalin-husky-seppala-siberian-sle-siberian-husky-5adb2d23af2016.2147118115243133797173.jpg
000026.jpg,https://www.doglib.com/wp-content/uploads/sites/2/se/seppala-main-breed.jpg
000027.jpg,http://www.members.tripod.com/~snowdogsalberta/baltositchair.jpg
000028.jpg,http://www.mypetdesire.com/myadmin/assets/img/post/blog_810_Seppala_Siberian_Sleddog_400X400.png
000029.jpg,http://1.bp.blogspot.com/_qIH-aXvWv5M/SYS27Ymld_I/AAAAAAAAABY/1nT9QSXhtXM/s320/yana.jpg
000030.jpg,https://www.gealachmor.com/091.JPG
000031.jpg,https://banner2.kisspng.com/20180211/taw/kisspng-siberian-husky-tamaskan-dog-saarloos-wolfdog-utona-winter-snow-wolf-5a8108dedb55e5.0665388915184058548984.jpg
000032.jpg,http://i.imgur.com/hd40xMm.jpg
000033.jpg,https://gealachmor.files.wordpress.com/2010/06/dushka-head-15-april-2010.jpg
000034.jpg,http://www.dogwallpapers.net/wallpapers/cute-seppala-siberian-sleddog-wallpaper.jpg
000035.jpg,http://www.members.tripod.com/~snowdogsalberta/1930leonardanddogspose.jpg
000036.jpg,https://animalso.com/wp-content/uploads/2019/02/Seppala-809x1011.jpg
000037.jpg,https://c8.alamy.com/comp/K2M5MW/mushing-dog-in-the-snow-K2M5MW.jpg
000038.jpg,https://images-na.ssl-images-amazon.com/images/I/51w1w3QWgcL._SX384_BO1,204,203,200_.jpg
000039.jpg,https://lifewithahuskycom.files.wordpress.com/2018/03/9988112_orig.jpg?w=698
000040.jpg,https://i.pinimg.com/originals/6b/1b/a1/6b1ba1e905c9ec9cf6d8df2107b11127.gif
000041.jpg,http://globaldogbreeds.com/wp-content/uploads/2018/10/White-Seppala-Siberian-Sleddog.jpg
000042.jpg,https://cdn.imgbin.com/0/0/5/imgbin-lapponian-herder-siberian-husky-seppala-siberian-sleddog-j-mthund-canaan-dog-spotted-dog-255ZmVVtPGK3dgj6e9k2gaHEP.jpg
000043.jpg,http://www.seppalas.com/PEDIGREES_p17/pedcover_files/image004.jpg
000044.jpg,http://www.seppalas.com/SITE_FILES/what%20is%20a%20seppal_attila.jpg
000045.jpg,https://cdn.fotofits.com/petzlover/gallery/img/l/seppala-siberian-sleddog-661868.jpg
000046.jpg,https://www.seppalakennels.com/sssd_id_photos/volk-of-seppala-apr2017.jpg
000047.jpg,https://media-cdn.tripadvisor.com/media/photo-s/02/32/50/57/one-of-our-seppala-siberian.jpg
000048.jpg,https://www.gealachmor.com/090.JPG
000049.jpg,https://i.ytimg.com/vi/6nZHlb5Ed3g/maxresdefault.jpg
000050.jpg,https://az837918.vo.msecnd.net/publishedimages/Listings/3392/en-CA/images/2/seppala-siberian-tours-L-6.jpg
