image,source
000001.jpg,http://www.dogzone.com/images/breeds/serbian-hound.jpg
000002.jpg,https://i.pinimg.com/originals/b6/59/89/b6598955602a89fc492c180bafeff184.jpg
000003.jpg,https://upload.wikimedia.org/wikipedia/commons/4/4f/Serbian_Hound.JPG
000004.jpg,https://www.pets4homes.co.uk/images/articles/4188/large/all-about-the-serbian-hound-59427894efcc2.jpg
000005.jpg,https://www.pets4homes.co.uk/images/articles/4188/large/all-about-the-serbian-hound-594278d4d51bd.jpg
000006.jpg,https://www.pets4homes.co.uk/images/articles/4188/large/all-about-the-serbian-hound-5942793e722ac.jpg
000007.jpg,https://www.petguide.com/wp-content/uploads/2018/08/serbian-tricolour-hound-1.jpg
000008.jpg,https://www.dogbreedslist.info/uploads/allimg/dog-pictures/Serbian-Hound-1.jpg
000009.jpg,https://i.ytimg.com/vi/dIDRiPjty_Q/hqdefault.jpg
000010.jpg,https://www.petpremium.com/wp-content/uploads/ppbr/breeds/serbian-hound_profile_350x400.jpg
000011.jpg,https://i.pinimg.com/236x/91/9d/99/919d9974bb4e79d438ee98f0ea8cbed2--serbian-awesome-dogs.jpg
000012.jpg,https://alchetron.com/cdn/serbian-hound-5658fd30-04d2-47c7-9016-3aa3370c2c9-resize-750.jpeg
000013.jpg,https://www.featurepics.com/FI/Thumb300/20150617/Serbian-Hound-Dog-3627678.jpg
000014.jpg,http://www.europetnet.com/images/dogbreeds/serbianhound.jpg
000015.jpg,https://www.mypetdesire.com/myadmin/assets/img/post/blog_765_Serbian_Hound_400X400.png
000016.jpg,http://www.molosserdogs.com/albums/album14/aab.jpg
000017.jpg,http://2.bp.blogspot.com/_LYxGQn08RU4/SY8Vsa_3fhI/AAAAAAAAD7U/qo0PGyhacBE/s400/Srpski+Gonic+SERBIAN+HOUND+Srpski+Goni%C4%8D.jpg
000018.jpg,https://ksrs.rs/wp-content/uploads/2017/07/Srpski-gonic-2-1.jpg
000019.jpg,https://www.dogzone.com/images/breeds/serbian-tricolour-hound.jpg
000020.jpg,http://www.zooclub.biz/img/katalog/17/77/405_28.jpg
000021.jpg,https://images-na.ssl-images-amazon.com/images/I/51YDZFP2EbL._SX331_BO1,204,203,200_.jpg
000022.jpg,https://www.naturemobile.org/media/species/images_360/1000252.jpg
000023.jpg,https://images-na.ssl-images-amazon.com/images/I/51FeNPqAVJL._SX331_BO1,204,203,200_.jpg
000024.jpg,https://i.pinimg.com/736x/2b/1b/30/2b1b30b1bfcda08474ab870ff3025b2f--serbian-cool-dogs.jpg
000025.jpg,https://upload.wikimedia.org/wikipedia/commons/e/ef/Srpski_Trobojni_Gonic.gif
000026.jpg,http://pets-place.net/Breeds/B/BalkanHoundImage3.jpg
000027.jpg,http://www.molosserdogs.com/gallery/albums/userpics/10185/serbian_mountain_hound3.jpg
000028.jpg,https://st3.depositphotos.com/1144963/12751/i/950/depositphotos_127514816-stock-photo-serbian-hound-dog.jpg
000029.jpg,https://image.shutterstock.com/display_pic_with_logo/807820/148818818/stock-photo-portrait-bloodhound-serbian-hound-148818818.jpg
000030.jpg,https://www.doglib.com/wp-content/uploads/sites/2/se/serbian-bloodhound-puppy-breed.jpg
000031.jpg,https://c8.alamy.com/comp/F6T1YN/a-young-beautiful-black-and-tan-hellinikos-inchnilatis-dog-standing-F6T1YN.jpg
000032.jpg,http://thumbs2.modthesims.info/img/1/3/5/0/4/4/4/MTS_Wolf91-1220301-SerbianHound-side.jpg
000033.jpg,http://www.dogwallpapers.net/wallpapers/lovely-serbian-hound-dog-photo.jpg
000034.jpg,http://molosserdogs.com/gallery/albums/userpics/15907/Balkanski%20gonici.jpg
000035.jpg,https://www.worldlifeexpectancy.com/images/a/d/d/b/hamiltonstovare/hamiltonstovare_1.jpg
000036.jpg,http://www.cepib.org.rs/wp-en/wp-content/uploads/2011/10/zuti_gonic.jpg
000037.jpg,https://i.pinimg.com/236x/87/9b/cf/879bcf7b0469060c4419052ffcb4d22e--serbian-animal-illustrations.jpg
000038.jpg,https://i0.wp.com/www.mascotarios.org/wp-content/uploads/2011/06/SabuesoSerbioTricolor.jpg
000039.jpg,https://www.ukcdogs.com/images/breeds/serbian-hound.jpg
000040.jpg,http://www.cepib.org.rs/wp-en/wp-content/uploads/2011/10/trobojni_gonic.jpg
000041.jpg,https://ksrs.rs/wp-content/uploads/2017/07/229-672x500.jpg
000042.jpg,https://www.dogtrophy.com/wp-content/uploads/2018/03/Posavski_gonic_stav2.jpg
000043.jpg,https://upload.wikimedia.org/wikipedia/commons/thumb/2/21/Beagle_GRUMPY2.JPG/220px-Beagle_GRUMPY2.JPG
000044.jpg,https://i.pinimg.com/236x/b4/0c/f9/b40cf982c0a33deb233c9e1265d381b8--serbian-animals.jpg
000045.jpg,https://i2.wp.com/www.mascotarios.org/wp-content/gallery/sabuesoserbiotricolor/sabuesoserbiotricolor3.jpg
000046.jpg,https://get.pxhere.com/photo/puppy-dog-tan-mammal-hound-hunting-dog-vertebrate-handsome-harrier-dog-breed-vizsla-liver-bloodhound-dog-like-mammal-carnivoran-austrian-black-and-tan-hound-polish-hunting-dog-basset-art-sien-normand-redbone-coonhound-bavarian-mountain-hound-estonian-hound-finnish-hound-serbian-tricolour-hound-coonhound-segugio-italiano-polish-hound-halston-alpine-dachsbracke-serbian-hound-1175414.jpg
000047.jpg,http://dogbreedstandards.com/wp-content/uploads/2013/04/Serbian-Tricolour-Hound.jpg
000048.jpg,https://d1k5w7mbrh6vq5.cloudfront.net/images/cache/2e/8c/c2/2e8cc2a381ff6d1dfc2c1c56d0b93395.jpg
000049.jpg,https://www.petguide.com/wp-content/uploads/2018/08/serbian-tricolour-hound-2.jpg
000050.jpg,https://i.pinimg.com/236x/ef/79/4f/ef794f63024e8ffa313fbff41d0416d2--hound-puppies-cute-puppies.jpg
