image,source
000001.jpg,https://upload.wikimedia.org/wikipedia/commons/e/ef/Srpski_Trobojni_Gonic.gif
000002.jpg,https://www.petguide.com/wp-content/uploads/2018/08/serbian-tricolour-hound.jpg
000003.jpg,https://i.pinimg.com/236x/fa/39/c4/fa39c4e5c2b6664252ec9baefefe5b5b--serbian-hound-dog-furniture.jpg
000004.jpg,https://www.petguide.com/wp-content/uploads/2018/08/serbian-tricolour-hound-1.jpg
000005.jpg,https://ksrs.rs/wp-content/uploads/2017/07/srpski-trobojni-gonic-2.jpg
000006.jpg,https://www.petguide.com/wp-content/uploads/2018/08/serbian-tricolour-hound-2.jpg
000007.jpg,https://i.pinimg.com/originals/84/45/6a/84456a47f03e18a9f512e57d5e729dda.jpg
000008.jpg,https://i.pinimg.com/236x/87/9b/cf/879bcf7b0469060c4419052ffcb4d22e--serbian-animal-illustrations.jpg
000009.jpg,http://www.zooclub.biz/img/katalog/17/77/93_28.jpg
000010.jpg,https://alchetron.com/cdn/serbian-tricolour-hound-6ed86941-91af-4309-8096-d028ab524c5-resize-750.jpeg
000011.jpg,https://ak6.picdn.net/shutterstock/videos/9736916/thumb/1.jpg
000012.jpg,http://www.dogwallpapers.net/wallpapers/serbian-tricolour-hound-in-the-field-photo.jpg
000013.jpg,http://www.dogwallpapers.net/wallpapers/serbian-tricolour-hound-dogs-photo.jpg
000014.jpg,https://www.worldlifeexpectancy.com/images/a/d/d/b/serbian_tricolor_hound/serbian_tricolor_hound_1.jpg
000015.jpg,https://3.bp.blogspot.com/_LYxGQn08RU4/SY8dQfwIqwI/AAAAAAAAD78/1OY3FfFga1k/s400/Srpski+Trobojni+Gonic+SERBIAN+TRICOLOUR+HOUND+Srpski+Trobojni+Goni%C4%8D2.jpg
000016.jpg,https://www.doglib.com/wp-content/uploads/sites/2/se/serbian-breed.jpg
000017.jpg,http://images17.snimka.bg/002928841-big.jpg
000018.jpg,https://i.pinimg.com/236x/f3/1c/a3/f31ca3d7a97754433e09c1fa32a85971--serbian-dog-breeds.jpg
000019.jpg,http://www.dogwallpapers.net/wallpapers/resting-serbian-tricolour-hound-photo.jpg
000020.jpg,http://www.cepib.org.rs/wp-en/wp-content/uploads/2011/10/trobojni_gonic.jpg
000021.jpg,http://jelenadogshows.com/eng/wp-content/uploads/2016/10/14555719_1825434987669332_1618311352_n.jpg
000022.jpg,https://www.worldlifeexpectancy.com/images/a/d/d/b/serbian_hound/serbian_hound_1.jpg
000023.jpg,http://www.fci.be/Nomenclature/Illustrations/229g06.jpg
000024.jpg,https://upload.wikimedia.org/wikipedia/commons/d/d5/Finnish_Hound.jpg
000025.jpg,https://www.doglib.com/wp-content/uploads/sites/2/se/serbian-picture-of-irish-wolfhound-dogs-and-beautiful-irish-breed.jpg
000026.jpg,https://d1k5w7mbrh6vq5.cloudfront.net/images/cache/2e/8c/c2/2e8cc2a381ff6d1dfc2c1c56d0b93395.jpg
000027.jpg,https://i.ytimg.com/vi/l6GoCusim7Y/hqdefault.jpg
000028.jpg,https://get.pxhere.com/photo/puppy-dog-tan-mammal-hound-hunting-dog-vertebrate-handsome-harrier-dog-breed-vizsla-liver-bloodhound-dog-like-mammal-carnivoran-austrian-black-and-tan-hound-polish-hunting-dog-basset-art-sien-normand-redbone-coonhound-bavarian-mountain-hound-estonian-hound-finnish-hound-serbian-tricolour-hound-coonhound-segugio-italiano-polish-hound-halston-alpine-dachsbracke-serbian-hound-1175414.jpg
000029.jpg,https://get.pxhere.com/photo/dog-mammal-vertebrate-dog-breed-canidae-beagle-carnivore-harrier-serbian-tricolour-hound-companion-dog-beagle-harrier-english-foxhound-american-foxhound-danish-swedish-farmdog-finnish-hound-estonian-hound-basenji-hound-sporting-group-tail-hunting-dog-rare-breed-dog-Treeing-feist-feist-puppy-ancient-dog-breeds-scent-hound-pocket-beagle-plummer-terrier-grand-anglo-fran-ais-tricolore-miniature-fox-terrier-1583775.jpg
000030.jpg,https://c8.alamy.com/comp/R1R8CC/the-serbian-tricolour-hound-R1R8CC.jpg
000031.jpg,https://i.ytimg.com/vi/BJ6gB53PKjo/hqdefault.jpg
000032.jpg,https://i.redd.it/w9j2aq4ywhm01.jpg
000033.jpg,https://i.pinimg.com/originals/4c/98/1d/4c981d6cccd458b68f9bce24cae1c9cb.jpg
000034.jpg,http://www.worlddogshow2014.fi/sites/default/files/styles/main_image_subpage/public/Head%20images/main_fci6.jpg?itok=Z1eeYuYe
000035.jpg,https://get.pxhere.com/photo/puppy-dog-mammal-hound-hunting-dog-vertebrate-harrier-dog-breed-dachshund-scent-hound-dachshund-dog-dog-like-mammal-carnivoran-polish-hunting-dog-basset-art-sien-normand-estonian-hound-finnish-hound-serbian-tricolour-hound-segugio-italiano-alpine-dachsbracke-1060736.jpg
000036.jpg,https://ak3.picdn.net/shutterstock/videos/9736913/thumb/1.jpg
000037.jpg,https://i3.wp.com/www.mascotarios.org/wp-content/gallery/sabuesoserbiotricolor/sabuesoserbiotricolor4.jpg
000038.jpg,http://www.umgasmagazine.com/wp-content/uploads/11116429_10206755681194428_90396437181893319_o-1038x518-1468352242.jpg
000039.jpg,https://i.pinimg.com/originals/1a/79/5b/1a795b4b225ef37e6f0bd412551aa304.jpg
000040.jpg,https://get.pxhere.com/photo/hair-dog-mammal-hound-animals-vertebrate-dog-breed-doberman-german-pinscher-pinscher-dog-like-mammal-carnivoran-dobermann-austrian-black-and-tan-hound-polish-hunting-dog-manchester-terrier-transylvanian-hound-finnish-hound-serbian-tricolour-hound-hellenikos-ichnilatis-black-and-tan-coonhound-493456.jpg
000041.jpg,https://upload.wikimedia.org/wikipedia/commons/c/cc/Harrier_tricolour.jpg
000042.jpg,https://upload.wikimedia.org/wikipedia/commons/thumb/2/21/Beagle_GRUMPY2.JPG/220px-Beagle_GRUMPY2.JPG
000043.jpg,https://n1.sdlcdn.com/imgs/d/9/a/Serbian-Tricolour-Hound-Srpski-Trobojni-SDL872270436-1-1daf7.jpg
000044.jpg,https://www.dogbreedslist.info/uploads/allimg/dog-pictures/Hamilton-Hound-1.jpg
000045.jpg,https://i.pinimg.com/236x/ff/a2/bd/ffa2bdc96a78f2560138372a13019e23--crime-bucket-list.jpg
000046.jpg,https://get.wallhere.com/photo/grass-dog-Harrier-puppy-mammal-sit-vertebrate-dog-like-mammal-carnivoran-dog-breed-hound-beagle-basset-art-sien-normand-scent-hound-beagle-harrier-basset-hound-estonian-hound-american-foxhound-english-foxhound-finnish-hound-pocket-beagle-treeing-walker-coonhound-drever-hamiltonst-vare-welsh-springer-spaniel-serbian-tricolour-hound-english-coonhound-coonhound-gascon-saintongeois-593454.jpg
000047.jpg,https://get.pxhere.com/photo/dog-pet-mammal-hound-vertebrate-harrier-dog-breed-scent-hound-dog-like-mammal-carnivoran-beagle-harrier-american-foxhound-basset-art-sien-normand-english-foxhound-treeing-walker-coonhound-basset-hound-welsh-springer-spaniel-estonian-hound-finnish-hound-serbian-tricolour-hound-pocket-beagle-hamiltonst-vare-drever-gascon-saintongeois-967308.jpg
000048.jpg,http://www.posavskigonici.in.rs/slike/psi/velika_20160807_170326.jpg
000049.jpg,https://i2.wp.com/officiallypets.com/wp-content/uploads/2019/03/beagle-3877115_1280-e1553521693361.jpg?fit=960%2C660&ssl=1
000050.jpg,http://4.bp.blogspot.com/_LYxGQn08RU4/SY8dQb2Rp1I/AAAAAAAAD7s/mZ6EXUHlVWw/s400/Srpski+Trobojni+Gonic+SERBIAN+TRICOLOUR+HOUND+Srpski+Trobojni+Goni%C4%8D4.jpg
