image,source
000001.jpg,https://i.pinimg.com/originals/f7/87/85/f787859b0cfe0ae94bb509e908c5a72e.jpg
000002.jpg,https://i.ytimg.com/vi/Ao1EF4IfrPQ/maxresdefault.jpg
000003.jpg,https://upload.wikimedia.org/wikipedia/commons/d/d2/Plushcoatshilohshepherd.jpg
000004.jpg,https://animalso.com/wp-content/uploads/2018/03/different-colors-of-Shiloh-Shepherd.jpg
000005.jpg,https://www.yourpurebredpuppy.com/dogbreeds/photos-RS/shilohshepherds-cc.jpg
000006.jpg,https://i.pinimg.com/originals/28/81/ba/2881ba3072936f7f9ac6fb4f70897097.jpg
000007.jpg,https://upload.wikimedia.org/wikipedia/en/e/e4/Shiloh_Shepherd_Dog_Outdoors.jpg
000008.jpg,https://dogsaholic.com/wp-content/uploads/2018/07/Shiloh-Shepherd-810x647.jpg
000009.jpg,https://i0.wp.com/puppytoob.com/wp-content/uploads/2018/06/Shiloh-Shepherd-4.jpg?resize=750%2C375
000010.jpg,https://www.dogster.com/wp-content/uploads/2017/01/shiloh-shepherd-istock-2.jpg
000011.jpg,https://www.shilohs.org/wp-content/uploads/2016/03/2016-1I.jpg
000012.jpg,https://i.ytimg.com/vi/aqUs-yhXQ18/maxresdefault.jpg
000013.jpg,https://www.shilohs.org/wp-content/uploads/2016/03/2016-1F.jpg
000014.jpg,https://i.pinimg.com/originals/86/51/7a/86517a4b1e1904b4563d064c78a15236.jpg
000015.jpg,https://thehappypuppysite.com/wp-content/uploads/2018/02/shiloh-shepherd-header.jpg
000016.jpg,https://newmoonshilohs.files.wordpress.com/2018/05/cropped-img_2992.jpg
000017.jpg,https://live.staticflickr.com/2730/4521397717_dfe19366b4_b.jpg
000018.jpg,https://www.101dogbreeds.com/wp-content/uploads/2015/01/Shiloh-Shepherd-Pictures.jpg
000019.jpg,http://www.highcalibershilohs.com/gallery/photos/-%20PROGENY%20-/BOLT%20(Rumor-Colby)/2018-wildeshots_1572.jpg
000020.jpg,https://www.petguide.com/wp-content/uploads/2016/12/shiloh-shepherd-1.jpg
000021.jpg,http://www.molosserdogs.com/gallery/albums/userpics/labordayshowdown/001_1f.jpg
000022.jpg,https://www.petguide.com/wp-content/uploads/2016/12/shiloh-shepherd-2.jpg
000023.jpg,https://www.dogbreedinfo.com/images27/ShilohShepherdPurebredDogsBowie3YearsDexterPuppy3Months.jpg
000024.jpg,https://i.pinimg.com/originals/06/1c/f4/061cf43fc97ae3daf211229ce42626d9.jpg
000025.jpg,http://www.belovedshilohs.com/Simon/SimonCU2017.jpg
000026.jpg,https://www.allthingsdogs.com/wp-content/uploads/2018/07/German-Shepherd.jpg
000027.jpg,http://www.shilohs.org/gallery/photos/Shiloh%20Shepherds/ridgewood-cash%283%29.jpg
000028.jpg,https://www.pets4homes.co.uk/images/articles/3262/large/learning-about-the-shiloh-shepherd-dog-561b7352bd286.jpg
000029.jpg,https://www.dogbreedinfo.com/images8/MeadowCute.jpg
000030.jpg,https://canadiandogs.com/wp-content/uploads/Shiloh-Shepherd-1.jpg
000031.jpg,https://3d4igz27oxtl2iwox73y9smh-wpengine.netdna-ssl.com/wp-content/uploads/2017/12/The-Tough-But-Cuddly-1024x576.jpg
000032.jpg,https://www.dogbreedslist.info/uploads/allimg/dog-pictures/Shiloh-Shepherd-dog-1.jpg
000033.jpg,https://www.101dogbreeds.com/wp-content/uploads/2015/01/Shiloh-Shepherd-Dog.jpg
000034.jpg,https://dogsaholic.com/wp-content/uploads/2018/07/Shiloh-Shepherd-running-680x468.jpg
000035.jpg,https://uploads-ssl.webflow.com/5a786f7b2b07370001adbedc/5a787a9168edf600010107a0_girl-w-forest-hug-224x300.jpg
000036.jpg,http://flashpointshilohs.com/wp-content/uploads/2017/08/sugar-2017-0528_344.jpg
000037.jpg,https://www.mountaintopshilohshepherds.us/images/Bandit%206%20months.jpg
000038.jpg,https://images-na.ssl-images-amazon.com/images/I/51eyK4uVIZL.jpg
000039.jpg,https://i.redd.it/zpdgh4hu4yl21.jpg
000040.jpg,http://www.pioneergermanshepherds.com/ashstand2012-4.jpg
000041.jpg,http://www.azzaroshilohs.com/images/NOVEMBER232009_053_FINAL_ZZZZZ.jpg?455
000042.jpg,https://canineweekly.com/wp-content/uploads/2019/02/shiloh-shepherd.jpg
000043.jpg,https://www.dogmal.com/wp-content/uploads/2017/05/Shiloh-Shepherd-Size.jpg
000044.jpg,http://www.ridgewoodshilohs.com/wp-content/uploads/2017/06/slider1-pups.jpg
000045.jpg,https://doghubblog.files.wordpress.com/2016/01/shiloh-shepherd.jpg?w=820
000046.jpg,http://www.thedogplace.org/images/breeds/ShilohShepherd/MBP-Barber-Nesta.jpg
000047.jpg,http://www.ridgewoodshilohs.com/wp-content/uploads/2017/06/ridgewood-joker.jpg
000048.jpg,http://www.kokopelli-shepherds.com/Kokopelli-Shepherds/Shiloh_vs_GSD_files/shapeimage_2.png
000049.jpg,http://www.aspenknollshilohs.com/uploads/1/9/5/8/19581247/editor/aspenknoll-shayne-2047.jpg?1531346896
000050.jpg,http://photos1.blogger.com/blogger/5904/2182/1600/Kaya.jpg
