image,source
000001.jpg,https://d17fnq9dkz9hgj.cloudfront.net/breed-uploads/2018/08/siberian-husky-detail.jpg?bust=1535566590&width=355
000002.jpg,https://epi.azureedge.net/website-images/images/default-album/siberian-husky.jpg?sfvrsn=19bfd37b_2
000003.jpg,https://vetstreet.brightspotcdn.com/dims4/default/57d7e5a/2147483647/thumbnail/645x380/quality/90/?url=https%3A%2F%2Fvetstreet-brightspot.s3.amazonaws.com%2Ffa%2Ff3%2F2824564a4c8d9b3a619d012dc37a%2Fsiberian-husky-ap-1d3r48-645-x-380.jpg
000004.jpg,https://www.rover.com/blog/wp-content/uploads/2017/06/7683806832_59688557b2_o-960x540.jpg
000005.jpg,https://cdn1-www.dogtime.com/assets/uploads/gallery/siberian-husky-dog-breed-pictures/siberian-husky-dog-breed-pictures-1.jpg
000006.jpg,https://www.insidedogsworld.com/wp-content/uploads/2017/07/siberianhusky-flickr.jpg
000007.jpg,https://i1.wp.com/www.simplypets.com/wp-content/uploads/2019/05/husky1.jpg?fit=800%2C533&ssl=1
000008.jpg,https://s3.amazonaws.com/cdn-origin-etr.akc.org/wp-content/uploads/2017/11/12224230/Siberian-Husky-On-White-01.jpg
000009.jpg,https://www.insidedogsworld.com/wp-content/uploads/2018/12/Siberian-Husky_Featured.jpg
000010.jpg,https://s3.amazonaws.com/cdn-origin-etr.akc.org/wp-content/uploads/2017/11/12224224/Siberian-Husky-On-White-03.jpg
000011.jpg,https://animalso.com/wp-content/uploads/2017/01/Siberian-Husky_1-300x200.jpg
000012.jpg,https://i.ytimg.com/vi/Fjo8xQf2QnY/maxresdefault.jpg
000013.jpg,https://www.listland.com/wp-content/uploads/2019/01/Siberian-Husky-696x464.jpg
000014.jpg,https://upload.wikimedia.org/wikipedia/commons/thumb/f/ff/JAA_3538-2.jpg/220px-JAA_3538-2.jpg
000015.jpg,https://vetstreet-brightspot.s3.amazonaws.com/a9/f54ad0a80611e0a0d50050568d634f/file/Siberian-Husky-4-645mk062811.jpg
000016.jpg,https://usercontent2.hubstatic.com/13181877_f496.jpg
000017.jpg,https://cdn.shopify.com/s/files/1/0994/0236/files/siberian-husky_4217efb5-9130-4bdc-aa80-b274821bd05d_large.jpg?v=1518819764
000018.jpg,https://www.purinaproclub.com/sites/g/files/auxxlc346/files/styles/facebook_share/public/Resources_Dog%20Articles_Health_Line%2099_Thumb.jpg?itok=fUImSFrm
000019.jpg,https://i.pinimg.com/originals/c5/2c/a3/c52ca31e872d03239f008b0c88073227.jpg
000020.jpg,https://www.gilpa.co.uk/wp-content/uploads/2017/12/siberian-husky-web.jpg
000021.jpg,https://www.yourpurebredpuppy.com/dogbreeds/photos-RS/siberianhuskies2.jpg
000022.jpg,https://selectdogbreeds.com/wp-content/uploads/2018/06/Siberian-Husky-on-White-12-800x600-1.jpg
000023.jpg,https://d3pz1jifuab5zg.cloudfront.net/1970/01/16111515/siberian-husky-woods-shutterstock_558432511.jpg
000024.jpg,https://www.insidedogsworld.com/wp-content/uploads/2016/12/husky10.jpg
000025.jpg,https://www.thesprucepets.com/thmb/3Ai_0-kjZlg-hyGL7_RArDNc2Rg=/450x0/filters:no_upscale():max_bytes(150000):strip_icc()/40386520_272666870012786_5732696489881099002_n-5b98360ac9e77c0050fa8a73.jpg
000026.jpg,https://www.selectadogbreed.com/media/1079/siberianhusky_adult.jpg
000027.jpg,https://www.pets4homes.co.uk/images/articles/3994/large/10-reasons-why-everyone-loves-the-siberian-husky-58cf9f7a1137e.jpg
000028.jpg,https://res.cloudinary.com/jerrick/image/upload/f_auto,fl_progressive,q_auto,c_fit,w_1100/pdtmqghymqtpv5lp1fqe
000029.jpg,https://st3.depositphotos.com/2289871/15359/i/1600/depositphotos_153599984-stock-photo-siberian-husky-puppies-playing-on.jpg
000030.jpg,https://thehappypuppysite.com/wp-content/uploads/2015/09/The-Siberian-Husky-HP-long.jpg
000031.jpg,https://i1.wp.com/hikewithhalo.com/wp-content/uploads/2018/03/bigstock-202851766.jpg?resize=770%2C484&ssl=1
000032.jpg,https://i.ytimg.com/vi/FUgolvh9yRs/maxresdefault.jpg
000033.jpg,https://timesofindia.indiatimes.com/thumb/msid-58081746,width-800,height-600,resizemode-4/58081746.jpg
000034.jpg,https://cdn0.wideopenpets.com/wp-content/uploads/2017/05/AdobeStock_56253321-770x405.jpg
000035.jpg,https://images.unsplash.com/photo-1489924034176-2e678c29d4c6?ixlib=rb-1.2.1&ixid=eyJhcHBfaWQiOjEyMDd9&w=1000&q=80
000036.jpg,http://www.dogster.com/wp-content/uploads/2018/06/Husky-with-two-different-colored-eyes.jpg
000037.jpg,https://embarkvet.com/wp-content/uploads/2018/11/siberianhusky_1.jpg
000038.jpg,https://thepuppystorelasvegas.com/wp-content/uploads/2018/10/husky.jpg
000039.jpg,https://furrybabiesinc.com/wp-content/uploads/2018/03/siberian-husky.jpg
000040.jpg,https://thehappypuppysite.com/wp-content/uploads/2018/11/alaskan-husky-vs-siberian-husky-long.jpg
000041.jpg,https://images.unsplash.com/photo-1520848315518-b991dd16a625?ixlib=rb-1.2.1&ixid=eyJhcHBfaWQiOjEyMDd9&w=1000&q=80
000042.jpg,https://www.thesprucepets.com/thmb/8-hzA78OUG3gRuxuzUDvioZf76c=/1080x1350/filters:no_upscale()/41402088_240678269953974_3941747174497886613_n-5baedcf2cff47e0026caa3b1.jpg
000043.jpg,https://vetstreet-brightspot.s3.amazonaws.com/7c/303880a80611e0a0d50050568d634f/file/Siberian-Husky-1-645mk062811.jpg
000044.jpg,https://imagesvc.timeincapp.com/v3/fan/image?url=https%3A%2F%2Fdogoday.com%2Fwp-content%2Fuploads%2Fgetty-images%2F2017%2F07%2F924964216.jpeg&c=sc&w=736&h=485
000045.jpg,https://bowwowinsurance.com.au/wp-content/uploads/2018/10/siberian-husky-sitting-isolated-700x700.jpg
000046.jpg,https://miro.medium.com/max/1838/1*CikVjfoDbQG_xP24g72-3w.jpeg
000047.jpg,http://www.dogster.com/wp-content/uploads/2017/11/Siberian-Husky.jpg
000048.jpg,https://www.perfectdogbreeds.com/wp-content/uploads/2018/09/Malamute-Vs-Husky.jpg
000049.jpg,http://www.concordmonitor.com/getattachment/1f083502-2edd-428f-830a-f006df383d9e/attachment.aspx
000050.jpg,http://geniusvets.s3.amazonaws.com/gv-dog-breeds/siberian-husky-1.jpg
