image,source
000001.jpg,https://cdn1-www.dogtime.com/assets/uploads/2018/07/silken-windhound-dog-breed-pictures-cover-460x260.jpg
000002.jpg,https://cdn1-www.dogtime.com/assets/uploads/gallery/silken-windhound-dog-breed-pictures/silken-windhound-dog-breed-pictures-2.jpg
000003.jpg,https://upload.wikimedia.org/wikipedia/commons/d/dc/Fallon_the_Silken_Windhound.jpg
000004.jpg,https://vetstreet.brightspotcdn.com/dims4/default/2ff9d78/2147483647/thumbnail/645x380/quality/90/?url=https%3A%2F%2Fvetstreet-brightspot.s3.amazonaws.com%2F6e%2Ffd%2F0c6112324190be0cc59b798e4d6d%2FSilken-Windhound-AP-THNWV3-645sm101513.jpg
000005.jpg,https://animalsbreeds.com/wp-content/uploads/2018/05/Silken-Windhound.jpg
000006.jpg,https://vetstreet-brightspot.s3.amazonaws.com/a2/40a0d0a81c11e0a0d50050568d634f/file/Silken-Windhound-1-645mk070411.jpg
000007.jpg,https://www.dogbreedslist.info/uploads/allimg/dog-pictures/Silken-Windhound-2.jpg
000008.jpg,https://www.urbanpawsuk.com/wp-content/uploads/2016/02/thumbnail_Image.jpg
000009.jpg,https://res-2.cloudinary.com/embark/image/upload/a_0,b_auto,c_fill_pad,g_auto,h_400,w_766/v1/ui/wywzvjpdtzivjwusnqwv
000010.jpg,https://i.ytimg.com/vi/KL9iMAtfcTc/hqdefault.jpg
000011.jpg,https://www.101dogbreeds.com/wp-content/uploads/2016/08/Black-and-Tan-Silken-Windhound.jpg
000012.jpg,https://static.wixstatic.com/media/876190_e13e6ebd3c8642dfa1ba24900b912f3e~mv2_d_1500_1837_s_2.jpg
000013.jpg,https://i2.wp.com/puppytoob.com/wp-content/uploads/2018/09/Silken-Windhound-2.jpg?fit=1100%2C748&ssl=1
000014.jpg,http://www.silkenwindhoundclub.eu/images/Fotos-Beitraege/antek_bayaan_sep2014_klein.jpg
000015.jpg,https://www.101dogbreeds.com/wp-content/uploads/2016/08/Silken-Windhound-Pictures.jpg
000016.jpg,https://upload.wikimedia.org/wikipedia/en/e/ee/Connor_the_Silken_Windhound.jpg
000017.jpg,https://res-4.cloudinary.com/embark/image/upload/a_0,b_auto,c_fill_pad,g_auto,h_400,w_766/v1/ui/ovtqgqjzwu0rs3qspvll
000018.jpg,https://i.pinimg.com/originals/d4/34/89/d434893f0ae2b524ddacf7018219c98a.jpg
000019.jpg,https://i.redd.it/a4cy19nbxs211.jpg
000020.jpg,https://i.pinimg.com/originals/04/08/23/040823226d17d266d92210e663461b5f.jpg
000021.jpg,http://www.gryffynsaeyrieborzoi.com/gallery/albums/deuce/deucetrot_oct2013.jpg
000022.jpg,http://silkenmythology.weebly.com/uploads/7/0/1/5/7015315/17861697-1896069970604650-1696051091234239912-n_orig.jpg
000023.jpg,http://tangaloor.net/images/kane/kane04-02-17d.jpg
000024.jpg,https://66.media.tumblr.com/ad8c212e5a7cb4913811aed17664f8ed/tumblr_olv267TIhQ1qdc41so1_400.jpg
000025.jpg,https://doggiedesigner.com/wp-content/uploads/2018/04/164.1.jpg
000026.jpg,https://www.starfyresilkenwindhounds.com/uploads/4/3/3/7/4337395/2703135.jpg
000027.jpg,https://www.forum.breedia.com/proxy.php?image=http%3A%2F%2Fi45.photobucket.com%2Falbums%2Ff96%2Fchaumsong%2FUK%2520Silken%2520Windhound%2520Club%2520Show%2520May%25202012%2FDSCF2012.jpg&hash=c2306b9dcd7c30e614a20e398c1d3e0c
000028.jpg,https://static.wixstatic.com/media/408719_f85474cb3ea6413197c52070280396ab~mv2_d_2592_3888_s_4_2.jpg/v1/crop/x_0,y_14,w_2592,h_1915/fill/w_460,h_340,al_c,q_80,usm_0.66_1.00_0.01/408719_f85474cb3ea6413197c52070280396ab~mv2_d_2592_3888_s_4_2.jpg
000029.jpg,https://i.pinimg.com/736x/70/3b/fb/703bfb6a7a750069e62443d3e4d95a93.jpg
000030.jpg,http://eastcoastsilkens.weebly.com/uploads/3/3/3/8/3338849/6542081.jpg
000031.jpg,http://www.silkenwindhound.eu/images/Fotos-Beitraege/Zalando.jpg
000032.jpg,https://www.morgandellsilkens.com/uploads/3/5/4/3/3543996/westonsecondtry_orig.jpg
000033.jpg,https://static1.squarespace.com/static/502905dac4aa9945fc1a6978/59fdd4dee4966b0f25647456/59fdd4deec212d47348fb4ba/1509807327797/21765158_10212604228634333_2424675148893635571_n.jpg
000034.jpg,http://claybornkennel.com/wp-content/uploads/2014/04/IMG_1108-Copy.jpg
000035.jpg,http://www.spockthedog.com/wp-content/uploads/2016/03/Silken-Windhound.jpg
000036.jpg,https://www.101dogbreeds.com/wp-content/uploads/2016/08/Silken-Windhound-Running.jpg
000037.jpg,https://i2.wp.com/puppytoob.com/wp-content/uploads/2018/09/Silken-Windhound-4.jpg?resize=750%2C501
000038.jpg,https://www.petguide.com/wp-content/uploads/2017/07/silken-windhound.jpg
000039.jpg,http://tangaloor.net/images/Inara/inara1-21-17.jpg
000040.jpg,http://aeracurasilkens.com/wp-content/uploads/image1-1-300x300.jpg
000041.jpg,http://www.silkenwindhounds.net/wp/wp-content/uploads/2012/11/pasha_oct2013.jpg
000042.jpg,http://www.thehoundsofspringlane.com/wp-content/uploads/2017/04/homepg_thumbnails_availablepuppy.jpg
000043.jpg,https://www.silkenwindhound.com/images/Daiquiri-sm.jpg
000044.jpg,http://www.talismanhounds.com/images/maya/Mayaocean.jpg
000045.jpg,https://www.gryffynsaeyrieborzoi.com/gallery/albums/walker/walker_2015oc3.png
000046.jpg,http://dogzonenyc.com/wp-content/uploads/Silken-Windhound2.jpg
000047.jpg,https://ksr-ugc.imgix.net/assets/019/706/762/faf0d17bc4ebc5be5940533ff5a832bc_original.jpg?ixlib=rb-2.1.0&w=680&fit=max&v=1514425323&auto=format&gif-q=50&q=92&s=9feaa7fb0341fc2484326e103a4635c6
000048.jpg,https://images.baxterboo.com/global/images/article/Silken_Windhound.jpg
000049.jpg,https://images.squarespace-cdn.com/content/v1/5b41938d85ede151c90cd8d8/1531185522428-CS2V92TPGEUZXER0STC9/ke17ZwdGBToddI8pDm48kMXRibDYMhUiookWqwUxEZ97gQa3H78H3Y0txjaiv_0fDoOvxcdMmMKkDsyUqMSsMWxHk725yiiHCCLfrh8O1z4YTzHvnKhyp6Da-NYroOW3ZGjoBKy3azqku80C789l0luUmcNM2NMBIHLdYyXL-Jww_XBra4mrrAHD6FMA3bNKOBm5vyMDUBjVQdcIrt03OQ/IMG_3957.jpg?format=500w
000050.jpg,http://elelur.com/data_images/dog-breeds/silken-windhound/silken-windhound-03.jpg
