image,source
000001.jpg,https://3.bp.blogspot.com/-6AE5W1In_6g/WP2RntzHNrI/AAAAAAAAKGs/BAnKlGl6ilA1xSbjebkvqvWtoz_hh1abgCLcB/s1600/pariahDog.jpg
000002.jpg,https://images.wagwalkingweb.com/media/activity_guides/hero/1530703527.67/Activities-For-Sinhala-Hounds.jpg
000003.jpg,http://www.dogwallpapers.net/wallpapers/sinhala-hound-wallpaper.jpeg
000004.jpg,https://upload.wikimedia.org/wikipedia/commons/0/01/The_Indian_Pariah_Dog.jpg
000005.jpg,https://images-na.ssl-images-amazon.com/images/I/51bLksfPhXL._SX425_.jpg
000006.jpg,https://upload.wikimedia.org/wikipedia/commons/thumb/3/3c/TaiwanDogInSeattle.jpg/220px-TaiwanDogInSeattle.jpg
000007.jpg,http://3.bp.blogspot.com/_dkk0sjUJGzU/SL03IJM78BI/AAAAAAAAC0E/7GL9B-i6LsE/s400/Fenix11.jpg
000008.jpg,https://www.doglib.com/wp-content/uploads/sites/2/si/sinhala-segugio-italiano-dogs-breed.jpg
000009.jpg,https://usercontent1.hubstatic.com/12880568_f520.jpg
000010.jpg,https://www.doglib.com/wp-content/uploads/sites/2/si/sinhala-schillerstcbvare-dog-on-the-field-breed.jpg
000011.jpg,https://upload.wikimedia.org/wikipedia/commons/4/46/Dog_00154.JPG
000012.jpg,https://images-na.ssl-images-amazon.com/images/I/51kd3A6fjmL._SX466_.jpg
000013.jpg,https://upload.wikimedia.org/wikipedia/commons/5/51/Pies_faraona_e34.jpg
000014.jpg,http://cdn2.walkthroughindia.com/wp-content/uploads/2017/12/Indian_Dog-600x400.jpg
000015.jpg,http://2.bp.blogspot.com/_dkk0sjUJGzU/SL04FJ_idQI/AAAAAAAAC0M/qvo73Ag8rmA/s400/Fenix16.jpg
000016.jpg,http://www.dogbreedstandards.com/wp-content/uploads/2015/01/Mudhol_Pashmi_Caravan_Hound_Photo_3.jpg
000017.jpg,http://www.farmingarms.com/admin/images/breeds/806.jpg
000018.jpg,https://t2.ea.ltmcdn.com/en/images/3/1/3/img_native_asian_dog_breeds_1313_paso_0_600.jpg
000019.jpg,https://media.takealot.com/covers_isbn/9781526925152-pdpxl.jpg
000020.jpg,https://usercontent1.hubstatic.com/14563232_f520.jpg
000021.jpg,http://dogbreedstandards.com/wp-content/uploads/2012/01/Basenji.jpg
000022.jpg,https://upload.wikimedia.org/wikipedia/commons/thumb/b/b9/Pariah_Dog.jpg/220px-Pariah_Dog.jpg
000023.jpg,https://animalsfacts.net/wp-content/uploads/2017/06/indian-pariah-dog.jpg
000024.jpg,https://3.bp.blogspot.com/-yFR3jnZkP3A/XIdKsnBLuoI/AAAAAAAACrk/40qociNmPLEfCHoTa93tMcXWWufi1R0MwCPcBGAYYCw/s1600/White%2BDog%2BBreeds%2B-%2BAfghan%2BHound.jpg
000025.jpg,http://cdn2.walkthroughindia.com/wp-content/uploads/2018/03/Indian_Dog.jpg
000026.jpg,https://www.puppieshk.com/images/anuncios/210820181534857628_1.jpg
000027.jpg,http://www.dogwallpapers.net/wallpapers/sleeping-montenegrin-mountain-hound-wallpaper.jpg
000028.jpg,https://i1.wp.com/metro.co.uk/wp-content/uploads/2018/04/sei_7054372.jpg?quality=90&strip=all&zoom=1&resize=540%2C622&ssl=1
000029.jpg,https://i.ytimg.com/vi/QEXVGK32Xhs/hqdefault.jpg
000030.jpg,https://i1.wp.com/metro.co.uk/wp-content/uploads/2018/04/sei_7054276.jpg?quality=90&strip=all&zoom=1&resize=540%2C736&ssl=1
000031.jpg,https://t2.ea.ltmcdn.com/en/images/4/3/3/indian_dog_breed_kombai_1334_7_600.jpg
000032.jpg,http://creature-companions.in/wp-content/uploads/2019/05/2-3.jpg
000033.jpg,https://images-na.ssl-images-amazon.com/images/I/81C0jo5jaXL._SX425_.jpg
000034.jpg,http://animalcaretip.com/wp-content/uploads/2013/12/dog-care-tips.jpg
000035.jpg,https://img-ha.mthcdn.com/TQQMwZmTTeyuhZJtZaEBidm4wWE=/en.mthai.com/app/uploads/2015/04/Cr.-imgarcade.jpg
000036.jpg,http://www.ultimatedogstore.com/wp-content/uploads/2018/08/maxresdefault.jpg
000037.jpg,http://www.yasminlaronde.co.uk/image/cache/data/category_10/i_love_my_dog_gold_tone_cufflinks_money_clip_sinhala_hound_jkadyiqrg-500x500.jpg
000038.jpg,https://i5.walmartimages.com/asr/fadff00e-1a7f-406a-9ef4-3172e7f8f294_1.f00995043b5bba5b8061d3bcbda7424c.jpeg?odnHeight=450&odnWidth=450&odnBg=FFFFFF
000039.jpg,https://image.slidesharecdn.com/dietofpetanimalsinindiasrilankaaustrailaandsingapore-171212061335/95/diet-of-pet-animals-in-india-sri-lanka-australia-and-singapore-22-638.jpg?cb=1513059314
000040.jpg,https://4.bp.blogspot.com/-84oMoj6QcMo/XMdC3kgJopI/AAAAAAAAC3Q/2w0qfUQu-YsMmL4jCKAiABHeGbdNmS3fQCLcBGAs/s1600/sapsali%2Bdog.png
000041.jpg,http://www.funtrivia.com/qphotos/98/394098_7_o.jpg
000042.jpg,http://dogbreedstandards.com/wp-content/uploads/2012/01/Afghan-Hound2.jpg
000043.jpg,https://i.pinimg.com/originals/d3/fa/e8/d3fae8627b8c8c7b46111b8897321848.jpg
000044.jpg,http://www.sundayobserver.lk/sites/default/files/styles/large/public/news/2017/12/27/z_jun-p02-ANML01.jpg?itok=J6sfrly4
000045.jpg,https://rlv.zcache.co.uk/sinhala_hound_dog_love_bumper_sticker-r4ee9689dac524057aec53ef367597131_v9wht_8byvr_307.jpg
000046.jpg,https://cdn0.wideopenpets.com/wp-content/uploads/2017/12/Untitled-design-3-770x405.png
000047.jpg,https://www.dogspot.in/new/pix/dog-name.jpg
000048.jpg,https://image.spreadshirtmedia.com/image-server/v1/mp/products/T1197A1MPA2551PT17X31Y31D1013903041FS2900/views/1,width=378,height=378,appearanceId=1,backgroundColor=F2F2F2,modelId=1970,crop=list,version=1516292602,modelImageVersion=1550649373/hund-dog-rather-love-bei-my-sinhala-hound-mens-5050-t-shirt.jpg
000049.jpg,https://i3.cpcache.com/merchandise/90_300x300_Front_Color-White.jpg?Size=NA&AttributeValue=NA&region={%22name%22:%22FrontCenter%22,%22width%22:10.5,%22height%22:3.5,%22alignment%22:%22MiddleCenter%22,%22orientation%22:0,%22dpi%22:200,%22crop_x%22:0,%22crop_y%22:0,%22crop_h%22:800,%22crop_w%22:2000,%22scale%22:0,%22template%22:{%22id%22:113141968,%22params%22:{}}}&Filters=[{%22name%22:%22background%22,%22value%22:%22ddddde%22,%22sequence%22:2}]
000050.jpg,https://i.ytimg.com/vi/x9d9loYL3co/maxresdefault.jpg
