image,source
000001.jpg,https://cdn2-www.dogtime.com/assets/uploads/gallery/skye-terrier-dog-breed-pictures/1-puppy.jpg
000002.jpg,https://d17fnq9dkz9hgj.cloudfront.net/breed-uploads/2018/08/skye-terrier-detail.jpg?bust=1535566616&width=355
000003.jpg,https://upload.wikimedia.org/wikipedia/commons/6/61/Skye_terrier_800.jpg
000004.jpg,https://cdn3-www.dogtime.com/assets/uploads/2011/01/file_23086_skye-terrier-460x290.jpg
000005.jpg,https://s3.amazonaws.com/cdn-origin-etr.akc.org/wp-content/uploads/2017/11/12224056/Skye-Terrier-On-White-01.jpg
000006.jpg,https://s3.amazonaws.com/cdn-origin-etr.akc.org/wp-content/uploads/2017/11/12224100/Skye-Terrier-MP.jpg
000007.jpg,https://s3.amazonaws.com/cdn-origin-etr.akc.org/wp-content/uploads/2017/11/12224119/Skye-Terrier-Care.jpg
000008.jpg,https://www.purina.com/sites/g/files/auxxlc196/files/styles/kraken_generic_max_width_240/public/TERRIER_Skye-Terrier.jpg?itok=HVqM2ccR
000009.jpg,https://vetstreet-brightspot.s3.amazonaws.com/47/e85200a80711e0a0d50050568d634f/file/Skye-Terrier-2-645mk062811.jpg
000010.jpg,https://vetstreet-brightspot.s3.amazonaws.com/0e/33/04649b5f4d858af7ffeec8e10c65/Skye-Terrier-AP-JHPIDE-645sm12714.jpg
000011.jpg,https://vetstreet-brightspot.s3.amazonaws.com/36/7c2d20a80711e0a0d50050568d634f/file/Skye-Terrier-1-645mk062811.jpg
000012.jpg,https://www.showsightmagazine.com/files/news/5c6c40d68c7322.36633374.jpg
000013.jpg,https://media.mnn.com/assets/images/2017/05/Skye-Terrier.jpg.638x0_q80_crop-smart.jpg
000014.jpg,https://www.pets4homes.co.uk/images/articles/4751/large/skye-terrier-puppy-limp-explained-5aec60891704a.jpg
000015.jpg,https://www.dogzone.com/images/breeds/skye-terrier-puppy.jpg
000016.jpg,https://doglime.com/wp-content/uploads/2019/04/Skye-Terrier-1.jpg
000017.jpg,http://cdn.akc.org/content/article-body-image/skyeterrierbodyrevise.jpg
000018.jpg,http://cdn.akc.org/content/article-body-image/skye_terrier_in_grassbody_1.jpg
000019.jpg,https://www.yourpurebredpuppy.com/dogbreeds/photos-RS/skyeterriers-th.jpg
000020.jpg,http://static.ddmcdn.com/en-us/apl/breedselector/images/breed-selector/dogs/breeds/skye-terrier_01_lg.jpg
000021.jpg,https://dogbreedatlas.com/images/dog-breed-photos/skye-terrier/001/skye-terrier-1491325979-1.jpg
000022.jpg,https://www.petbarn.com.au/petspot/app/uploads/2016/08/146.-Skye-Terrier.jpg
000023.jpg,http://cdn.akc.org/content/article-body-image/skyeterrierheader.jpg
000024.jpg,https://www.k9rl.com/wp-content/uploads/2017/02/Skye-Terrier-dog.jpg
000025.jpg,https://nimages.champdogs.net/breeds/skye-terrier.jpg
000026.jpg,https://i.pinimg.com/originals/da/92/42/da92420a9151f5e505754c94228a5a9d.jpg
000027.jpg,https://www.101dogbreeds.com/wp-content/uploads/2015/02/Skye-Terrier-Puppies.jpg
000028.jpg,https://www.europuppy.com/wp-content/uploads/skye-terrier.jpg
000029.jpg,https://s3-eu-west-1.amazonaws.com/w3.cdn.gpd/gb.pedigree.56/large_af3bcf9e-4080-42ad-b125-e343089865fd.jpg
000030.jpg,https://www.101dogbreeds.com/wp-content/uploads/2015/02/Scottish-Terrier-and-Skye-Terrier-Mix.jpg
000031.jpg,https://www.k9rl.com/wp-content/uploads/2017/02/Skye-Terrier-puppies.jpg
000032.jpg,http://animalsking.com/wp-content/uploads/2017/07/skaj-terer-sobaka-opisanie-osobennosti-cena-i-uxod-za-skaj-tererom-9.jpg
000033.jpg,http://breedfinder.ikc.ie/Content/images/breeds/84_skye_terrier.jpg
000034.jpg,https://www.nbcsports.com/sites/nbcsports.com/files/2017/11/23/nds_ter_skyeterrier_171120.jpg
000035.jpg,https://i.pinimg.com/originals/e0/40/38/e04038cd007f0d65c85f1e4e28a2584d.jpg
000036.jpg,https://www.purina.com.au/-/media/Project/Purina/Main/Breeds/Dog/Mobile/Dog_Skye-Terrier_Mobile.jpg?h=300&la=en&w=375&hash=B7C3B6F258A458731A42F313B96C3CD1
000037.jpg,https://i.ytimg.com/vi/r4Tuep7blNk/maxresdefault.jpg
000038.jpg,https://images.curiator.com/images/t_x/art/or252m208coiuprwlvor/anne-arnold-sunny-skye-terrier-1978.jpg
000039.jpg,https://dgicdplf3pvka.cloudfront.net/images/dogbreeds/large/Skye-Terrier.jpg
000040.jpg,http://www.kolumbus.fi/skye/valio_kuvat/FinnskyXcalibur.jpg
000041.jpg,http://www.timesnews.net/image/2019/02/13/x700_q30/Westminster-Dog-Show-13.jpg
000042.jpg,https://i.pinimg.com/originals/26/0f/fe/260ffe4c8f0aee14a949f15d04eb476e.jpg
000043.jpg,http://www.skyeterrier.org/wp-content/uploads/2013/09/skye-terrier-temperament.jpg
000044.jpg,https://nationalpurebreddogday.com/wp-content/uploads/2019/01/12743885_546124192221347_5945661717267323011_n.jpg
000045.jpg,https://cdn.images.express.co.uk/img/dynamic/128/590x/secondary/131697.jpg
000046.jpg,https://s3.amazonaws.com/cdn-origin-etr.akc.org/wp-content/uploads/2017/11/12224115/Skye-Terrier-History-01.jpg
000047.jpg,http://www.skyeterrier.org/wp-content/uploads/2013/09/skye-terrier-puppies.jpg
000048.jpg,https://www.sundaypost.com/wp-content/uploads/sites/13/2016/02/23998963.jpg
000049.jpg,https://ichef.bbci.co.uk/news/1024/media/images/67800000/jpg/_67800305_terriers.jpg
000050.jpg,https://planetdetective.com/wp-content/uploads/Skye-Terrier-Dog-1.jpg
