image,source
000001.jpg,https://upload.wikimedia.org/wikipedia/commons/c/c6/Cuvac_1.jpg
000002.jpg,https://i.pinimg.com/736x/9a/33/1e/9a331e2f010693a3de9ac9428b827173.jpg
000003.jpg,https://www.petguide.com/wp-content/uploads/2016/12/slovak-cuvac.jpg
000004.jpg,https://i.pinimg.com/originals/a6/33/97/a63397adc301e652d315f61f1b49dad1.jpg
000005.jpg,https://s3.amazonaws.com/cdn-origin-etr.akc.org/wp-content/uploads/2017/11/12193938/Slovensky-Cuvac-MP.jpg
000006.jpg,https://s3.amazonaws.com/cdn-origin-etr.akc.org/wp-content/uploads/2017/11/12193932/Slovensky-Cuvac-On-White-01.jpg
000007.jpg,https://www.dogbreedslist.info/uploads/allimg/dog-pictures/Slovensky-Cuvac-2.jpg
000008.jpg,https://s3.amazonaws.com/cdn-origin-etr.akc.org/wp-content/uploads/2017/11/12231449/Kuvasz-On-White-01-400x267.jpg
000009.jpg,https://www.101dogbreeds.com/wp-content/uploads/2018/05/Slovak-Cuvac-Puppies.jpg
000010.jpg,https://www.101dogbreeds.com/wp-content/uploads/2018/05/Slovak-Cuvac-Pictures.jpg
000011.jpg,https://www.101dogbreeds.com/wp-content/uploads/2018/05/Slovak-Cuvac-Puppy.jpg
000012.jpg,https://www.101dogbreeds.com/wp-content/uploads/2018/05/Slovak-Cuvac-Images.jpg
000013.jpg,http://www.dogzone.com/images/breeds/slovak-cuvac.jpg
000014.jpg,https://www.101dogbreeds.com/wp-content/uploads/2018/05/Tatransky-Cuvac.jpg
000015.jpg,http://www.europetnet.com/images/dogbreeds/slovakcuvac.jpg
000016.jpg,https://i.pinimg.com/236x/0f/52/58/0f525872dd2d2b1d483a41854241154b--animal-kingdom-dog-breeds.jpg
000017.jpg,https://www.petpaw.com.au/wp-content/uploads/2015/05/Slovak-Cuvac-is-cold-copy.jpg
000018.jpg,http://pm1.narvii.com/5824/28f901753f68d790b2b5c9c29a423d84c34dae71_00.jpg
000019.jpg,https://www.dogbreedinfo.com/images7/Slovensky_Cuvac_FemalePuppy.jpg
000020.jpg,https://doggiedesigner.com/wp-content/uploads/2018/03/571-240x300.jpg
000021.jpg,https://www.dogzone.com/images/breeds/slovak-cuvac-puppy.jpg
000022.jpg,https://c8.alamy.com/comp/X87XGA/slovensky-cuvac-X87XGA.jpg
000023.jpg,http://www.dogwallpapers.net/wallpapers/slovak-cuvac-puppy-wallpaper.jpg
000024.jpg,https://images-na.ssl-images-amazon.com/images/I/61QOjfhLExL.jpg
000025.jpg,https://topicimages.mrowl.com/large/vanessasaprincess/dogbreeds/foundationstoc/slovenskycuvac_1.jpg
000026.jpg,https://www.dogbreedinfo.com/images7/Slovensky_Cuvac_scpuppy.jpg
000027.jpg,https://i.pinimg.com/originals/92/7b/7c/927b7cbbb645661211c49588b2162f87.jpg
000028.jpg,https://c8.alamy.com/comp/ERK5MF/slovensky-cuvac-ERK5MF.jpg
000029.jpg,https://www.puppyfind.com/breed/slovensky_cuvac/m_4s5xum4y5z.jpg
000030.jpg,https://www.dogbreedslist.info/uploads/allimg/dog-pictures/Slovensky-Cuvac-3.jpg
000031.jpg,https://n3.sdlcdn.com/imgs/e/3/m/Slovensky-Cuvac-Slovak-Cuvac-Guide-SDL960391557-1-058f7.jpg
000032.jpg,https://www.dogbreedslist.info/uploads/allimg/dog-pictures/Polish-Tatra-Sheepdog-1.jpg
000033.jpg,https://researchbreeder.com/images/Slovensky-Cuvac-Puppies.jpg
000034.jpg,http://www.dogwallpapers.net/wallpapers/nice-slovak-cuvac-dogs-wallpaper.jpg
000035.jpg,https://doggiedesigner.com/wp-content/uploads/2018/03/573-240x300.jpg
000036.jpg,http://www.thedogencyclopedia.com/Slovensky%20Cuvac.jpg
000037.jpg,https://s3.amazonaws.com/cdn-origin-etr.akc.org/wp-content/uploads/2017/11/12212157/Great-Pyrenees-on-White-01-400x267.jpg
000038.jpg,https://www.dog-breeds.com/pictures/slovak-cuvac.jpg
000039.jpg,https://i.ytimg.com/vi/h50IYjbKUOY/maxresdefault.jpg
000040.jpg,https://i2.wp.com/www.slovakdogbreeds.sk/wp-content/uploads/2015/02/cuvac6.jpg?w=1080
000041.jpg,https://guarddogblog.files.wordpress.com/2018/01/8e68c879cf236d2837f9d300dea35b6a.jpg
000042.jpg,https://banner2.kisspng.com/20180528/sfg/kisspng-golden-retriever-slovak-cuvac-kuvasz-polish-tatra-pup-5b0bfdd62edf34.775465721527512534192.jpg
000043.jpg,https://banner2.kisspng.com/20180810/uea/kisspng-great-pyrenees-slovak-cuvac-dog-breed-maremma-shee-dna-cliff-amp-apos-s-dog-reveal-cliff-bennett-1-5b6d2b73626132.380271991533881203403.jpg
000044.jpg,http://www.slovakiaonline.com/wp-content/uploads/2014/03/slovensky-cuvac.jpg
000045.jpg,https://get.pxhere.com/photo/retriever-goldie-dog-dog-like-mammal-dog-breed-dog-breed-group-slovak-cuvac-great-pyrenees-polish-tatra-sheepdog-golden-retriever-snout-livestock-guardian-dog-maremma-sheepdog-companion-dog-carnivoran-akbash-dog-sporting-group-whiskers-1424979.jpg
000046.jpg,https://www.worldlydogs.com/uploads/5/2/2/3/52234445/7927044_orig.png
000047.jpg,http://pets-place.net/Breeds/S/SlovenskyCuvacImage3.jpg
000048.jpg,https://i.ytimg.com/vi/iXQcUJJMCPA/hqdefault.jpg
000049.jpg,http://www.tiptopglobe.com/big-photo/slovakian-chuvach-dog-standard-2.jpg
000050.jpg,https://www.dogbreedslist.info/uploads/allimg/dog-pictures/Akbash-Dog-1.jpg
