image,source
000001.jpg,https://upload.wikimedia.org/wikipedia/commons/4/48/Kleiner_M%C3%BCnsterl%C3%A4nder.jpg
000002.jpg,https://vetstreet.brightspotcdn.com/dims4/default/a8f8b36/2147483647/thumbnail/645x380/quality/90/?url=https%3A%2F%2Fvetstreet-brightspot.s3.amazonaws.com%2Fed%2F0d4c209ed111e0a2380050568d634f%2Ffile%2Fsmall-munsterlander-3-645mk062411.jpg
000003.jpg,https://vetstreet.brightspotcdn.com/dims4/default/9d6621b/2147483647/crop/0x0%2B0%2B0/resize/645x380/quality/90/?url=https%3A%2F%2Fvetstreet-brightspot.s3.amazonaws.com%2F88%2F4a9ea09ed111e0a2380050568d634f%2Ffile%2Fsmall-munsterlander-1-645mk062411.jpg
000004.jpg,https://cdn.omlet.co.uk/images/cache/511/768/Dog-Small_Munsterlander-A_Small_Munsterlander_with_a_short_smooth_coat_and_long_curly_ears.jpg
000005.jpg,https://vetstreet-brightspot.s3.amazonaws.com/c4/a2ec409ed111e0a2380050568d634f/file/small-munsterlander-2-645mk062411.jpg
000006.jpg,https://vetstreet.brightspotcdn.com/dims4/default/2b519e6/2147483647/thumbnail/645x380/quality/90/?url=https%3A%2F%2Fvetstreet-brightspot.s3.amazonaws.com%2F0f%2F6569609ed211e0a2380050568d634f%2Ffile%2Fsmall-munsterlander-4-645mk062411.jpg
000007.jpg,https://s3.amazonaws.com/cdn-origin-etr.akc.org/wp-content/uploads/2017/11/12193450/Small-Munsterlander-Pointer-MP.jpg
000008.jpg,https://s3.amazonaws.com/cdn-origin-etr.akc.org/wp-content/uploads/2017/11/19190032/Munsterlander.5.jpg
000009.jpg,https://cdn1-www.dogtime.com/assets/uploads/gallery/small-munsterlander-pointer-dog-breed-pictures/face-10.jpg
000010.jpg,https://i.pinimg.com/originals/77/c3/1f/77c31f5dfed3482f7110f94bcb4c23c0.jpg
000011.jpg,https://www.petguide.com/wp-content/uploads/2018/05/small-m%C3%BCnsterl%C3%A4nder-1.jpg
000012.jpg,https://prairiepeakkennels.com/wp-content/uploads/2018/02/prairiepeakkennels1.jpg
000013.jpg,https://static1.squarespace.com/static/5b707e0296e76f5485486829/t/5b821204562fa70992e4c92d/1537668686849/Hunting+Hills+Blood+Ty+Small+Munsterlander?format=500w
000014.jpg,https://www.101dogbreeds.com/wp-content/uploads/2017/03/Small-Munsterlander-Dog.jpg
000015.jpg,https://www.101dogbreeds.com/wp-content/uploads/2017/03/Small-Munsterlander-Pictures.jpg
000016.jpg,https://i.ytimg.com/vi/j0jaL61YxDQ/maxresdefault.jpg
000017.jpg,https://cdn.omlet.co.uk/images/cache/864/768/Dog-Small_Munsterlander-An_adult_Small_Munsterlander_standing_tall,_showing_off_it's_beautiful_slender_body.jpg
000018.jpg,https://indulgeyourpet.com/wp-content/uploads/Small-Munsterlander-Puppy.png
000019.jpg,https://www.101dogbreeds.com/wp-content/uploads/2017/03/Small-Munsterlander-Pointer.jpg
000020.jpg,https://www.petguide.com/wp-content/uploads/2018/05/small-m%C3%BCnsterl%C3%A4nder.jpg
000021.jpg,https://www.k9rl.com/wp-content/uploads/2016/01/Small-Munsterlander-Kleiner-Munsterlander.jpg
000022.jpg,https://www.dogzone.com/images/breeds/small-munsterlander-puppy.jpg
000023.jpg,https://www.omlet.us/images/cache/511/768/Dog-Small_Munsterlander-A_healthy_adult_Small_Munsterlander_sitting_neatly,_waiting_for_it's_next_command.jpg
000024.jpg,https://prairiepeakkennels.com/wp-content/uploads/2018/03/ae17e8ea-220f-11e8-9822-008cfa092f90.jpg
000025.jpg,http://www.robingunkennels.com/uploads/7/1/9/9/71996401/dsc-0263_orig.jpg
000026.jpg,https://i.pinimg.com/originals/f4/51/5f/f4515ffed0dca2f00f2b2f2568f94a19.jpg
000027.jpg,http://www.noahsdogs.com/m/photos/get_image/file/9ec468b3c8d4e9f59ba421d12dbacc01.jpg
000028.jpg,https://www.dogbreedslist.info/uploads/allimg/dog-pictures/Large-Munsterlander-1.jpg
000029.jpg,https://cdn.omlet.co.uk/images/cache/1024/682/Dog-Small_Munsterlander-A_Small_Munsterlander_lying_down,_showing_off_it's_incredible_short_soft_coat.jpg
000030.jpg,http://keeganspoint.com/wp-content/uploads/2016/12/about-munsterlander1.jpg
000031.jpg,https://static1.squarespace.com/static/5b707e0296e76f5485486829/t/5b8345a8b8a045cacc8e2593/1536197903744/Small+Munsterlander+Puppies
000032.jpg,http://www.brushdale.com/Small-Munsterlander-Pointers/litters/r/graphics/R-Litter-0266.jpg
000033.jpg,https://cdn3-www.dogtime.com/assets/uploads/2011/01/file_23256_small-munsterlander-pointer-460x290.jpg
000034.jpg,https://animalsbreeds.com/wp-content/uploads/2016/01/Small-Munsterlander-2.jpg
000035.jpg,https://www.dogbreedslist.info/uploads/allimg/dog-pictures/Small-Munsterlander-2.jpg
000036.jpg,https://www.smcna.org/portals/0/Images/midpic.jpg?ver=2019-02-26-134639-997
000037.jpg,https://doglime.com/wp-content/uploads/2019/05/Small-Musterlander-Behavior.jpg
000038.jpg,https://animalsbreeds.com/wp-content/uploads/2016/01/Small-Munsterlander-6.jpg
000039.jpg,https://i.ytimg.com/vi/v8kOGrEolgU/hqdefault.jpg
000040.jpg,https://ih0.redbubble.net/image.11668081.3500/flat,1000x1000,075,f.jpg
000041.jpg,http://static.pedigreedatabase.com/dogbreeds/small_munsterlander_pointer.jpg
000042.jpg,https://prairiepeakkennels.com/wp-content/uploads/2018/03/lucy4.jpg
000043.jpg,https://i0.wp.com/projectupland.com/wp-content/uploads/2019/05/Small-Munsterlander.jpg?fit=1600%2C660&ssl=1
000044.jpg,https://www.k9rl.com/wp-content/uploads/2016/01/Kleiner-Munsterlander.jpg
000045.jpg,https://s3.amazonaws.com/cdn-origin-etr.akc.org/wp-content/uploads/2017/11/19185956/Munsterlander-care.jpg
000046.jpg,http://julsonkennel.com/smallmunsterlander/history/images/arizona-jackrabbit-large.jpg
000047.jpg,http://www.brushdale.com/Small-Munsterlander-Pointers/litters/r/graphics/R-Litter-0252.jpg
000048.jpg,https://animalsbreeds.com/wp-content/uploads/2016/01/Small-Munsterlander-8.jpg
000049.jpg,http://www.noahsdogs.com/m/photos/get_image/file/375dad3eb6caad7bac34b00f0b4c649a.jpg
000050.jpg,http://dogbreedstandards.com/wp-content/uploads/2012/01/Small-Munsterlander-Pointer.jpg
