image,source
000001.jpg,https://4.bp.blogspot.com/-MCWy3epIVN0/WzU6NQiUmjI/AAAAAAAAICs/IVKi6rn5OhggOddDeRnUzQvcjQ-0PNNggCLcBGAs/s1600/Smaland%2BHound.jpg
000002.jpg,http://www.dogzone.com/images/breeds/smaland-hound.jpg
000003.jpg,https://i.pinimg.com/originals/6c/0c/59/6c0c59a80c3bf3675e6aed288df4714d.jpg
000004.jpg,https://2puppies.com/api/media/cache/breed_photo/Smaland-Hound/Smaland-Hound-1.jpg
000005.jpg,https://vignette.wikia.nocookie.net/dog-breed4080/images/a/af/Smaland-Hound-1.jpg/revision/latest?cb=20171225145602
000006.jpg,https://www.petpremium.com/wp-content/uploads/ppbr/breeds/smaland-hound_profile_350x400.jpg
000007.jpg,https://www.dogbreedslist.info/uploads/allimg/dog-pictures/Smaland-Hound-2.jpg
000008.jpg,https://www.worldlifeexpectancy.com/images/a/d/d/b/smaland_hound/smaland_hound_1.jpg
000009.jpg,https://www.petguide.com/wp-content/uploads/2018/09/sm%C3%A5landsst%C3%B6vare-2.jpg
000010.jpg,https://www.ukcdogs.com/images/breeds/smaland-hound.jpg
000011.jpg,https://i.pinimg.com/236x/7b/0d/53/7b0d53f60d7665c8a5b38841bfcce9b8--dog-gates-training-dogs.jpg
000012.jpg,https://alchetron.com/cdn/smaland-hound-acedbe12-fb78-467d-9c96-a6964500dbc-resize-750.jpeg
000013.jpg,http://sys.dogsuniverse.info/breeds/wp-content/blogs.dir/2/files/2012/01/Smaland-Hound.jpg
000014.jpg,https://pets1237.files.wordpress.com/2014/10/smaland-hound-1.jpg
000015.jpg,https://c8.alamy.com/comp/JTM9W1/smaland-hound-driving-dog-for-hunting-hare-and-fox-JTM9W1.jpg
000016.jpg,https://animalsbreeds.com/wp-content/uploads/2018/05/Smaland-Hound.jpeg
000017.jpg,http://www.animal-photography.com/AP-DMKHGO-LR-wm.jpg
000018.jpg,https://www.colourbox.com/preview/18287537-sm-land-hound.jpg
000019.jpg,https://4.bp.blogspot.com/-0FEcap0cK28/WzU-CC8tuvI/AAAAAAAAIDI/QLHgGTgd1-osu8XEgZ5gQmn3hH8FuYEWQCLcBGAs/s1600/Sm%25C3%25A5landsst%25C3%25B6vare.jpg
000020.jpg,http://2.bp.blogspot.com/_LYxGQn08RU4/SY8IpmICO0I/AAAAAAAAD40/5SWDfMaI11U/s400/Sm%D0%B5land+Hound+SM%C3%85LANDSST%C3%96VARE+Sm%C3%A5landsst%C3%B6vare+Smaland+Hound1.jpg
000021.jpg,https://i.ytimg.com/vi/0kPeUDkPpiM/hqdefault.jpg
000022.jpg,https://c8.alamy.com/comp/G1X9BN/smland-hound-swedish-breed-G1X9BN.jpg
000023.jpg,https://live.staticflickr.com/7382/9070960016_16839468cc_b.jpg
000024.jpg,http://www.tiptopglobe.com/big-photo/smalandsstovare-dog-standard-2.jpg
000025.jpg,https://i.pinimg.com/originals/90/3b/8f/903b8fe9be5aa0bbd7e3d662c135742a.jpg
000026.jpg,https://thumbnail.imgbin.com/6/23/21/imgbin-dog-breed-black-and-tan-coonhound-transylvanian-hound-polish-hunting-dog-smaland-hound-lead-videos-F7k7AbMBAB6MBwkAJ6aPR7wN0_t.jpg
000027.jpg,https://www.colourbox.com/preview/18287588-sm-land-hound.jpg
000028.jpg,https://c8.alamy.com/comp/JTM9WY/smaland-hound-driving-dog-for-hunting-hare-and-fox-JTM9WY.jpg
000029.jpg,https://upload-2.dogzer.net/image_global/4-434-dog-smaland-hound/_light-292543-chien-courant-du-smaland.jpg
000030.jpg,https://banner2.kisspng.com/20180628/txr/kisspng-dog-breed-black-and-tan-coonhound-puppy-smaland-ho-how-to-train-your-doberman-pinscher-5b3522ef63cbc5.3883455415302090074088.jpg
000031.jpg,https://i.ytimg.com/vi/HkaLZgmu1c0/maxresdefault.jpg
000032.jpg,https://dogwellnet.com/uploads/monthly_2015_10/smalands-hound-800x800-fci129.png.cd876ccf75a498679faa62d55ce3b1c3.png
000033.jpg,https://www.worldlifeexpectancy.com/images/a/d/d/b/redbone_coonhound/redbone_coonhound_1.jpg
000034.jpg,https://www.dogbreedslist.info/uploads/allimg/dog-pictures/Smaland-Hound-3.jpg
000035.jpg,https://images.wagwalkingweb.com/media/activity_guides/hero/1549731741.21/smaland-hound.jpg
000036.jpg,https://c8.alamy.com/comp/JTM9WC/smaland-hound-driving-dog-for-hunting-hare-and-fox-JTM9WC.jpg
000037.jpg,http://petshoptop.ru/media/28/b1/72/28b1723af782c5ebb1f6522d19c6df31/56fba5da8e69d.jpg
000038.jpg,https://h24-original.s3.amazonaws.com/118235/18668753-roIGB.jpg?name=SM%C3%85LANDSST%C3%96VARE_BIM_Lindestubbens_Enya_%C3%A4g%2C_Theres%C3%A9_%C3%96stensson_Ume%C3%A5%2C__BIR__SE_V-14_Japp_%C3%A4g%2C_Christel_Karlsson_Vindeln.jpg
000039.jpg,https://4.bp.blogspot.com/-ruUxr2coDH4/WzU9UCOLgOI/AAAAAAAAIDA/l0iYLtc2IGw5jY7lEUjScDR7KNePPMOGQCLcBGAs/s1600/Smalandsstovare.jpg
000040.jpg,https://live.staticflickr.com/7615/16566875914_03f05131b7_b.jpg
000041.jpg,https://banner2.kisspng.com/20180430/wwe/kisspng-gordon-setter-schweizer-laufhund-smaland-hound-bla-black-dog-5ae69d08dbe5b3.3178057815250629209007.jpg
000042.jpg,https://i.pinimg.com/originals/7a/4b/20/7a4b20417335f32ebded2baf63ed3e5c.jpg
000043.jpg,https://i.etsystatic.com/19682069/d/il/76d3a4/1849755823/il_340x270.1849755823_n57o.jpg?version=0
000044.jpg,https://i.ytimg.com/vi/Yoj5Cg141dw/hqdefault.jpg
000045.jpg,https://thumbnail.imgbin.com/19/14/0/imgbin-german-pinscher-manchester-terrier-austrian-black-and-tan-hound-smaland-hound-transylvanian-hound-cachorros-XMgYMxfsvvVU3sSeJCPPJs0aT_t.jpg
000046.jpg,https://www.colourbox.com/preview/18287445-sm-land-hound.jpg
000047.jpg,https://thumbs.dreamstime.com/z/smalandsstovare-smaland-dog-swedish-breed-digital-art-watercolor-portrait-pet-muzzle-closeup-scandinavian-hound-looking-136203899.jpg
000048.jpg,https://g.rrrather.com/img/q/160964a.jpg
000049.jpg,https://images-cdn.9gag.com/photo/a2ZV4QD_460s.jpg
000050.jpg,https://www.skk.se/PageFiles/36029/smalandsstovare-07.jpg
