image,source
000001.jpg,https://upload.wikimedia.org/wikipedia/commons/thumb/0/06/Southern_Hound.jpg/220px-Southern_Hound.jpg
000002.jpg,https://static1.squarespace.com/static/5b5bdc01da02bc91831a95ee/t/5b761cdacd8366dcb3b4fb77/1534469541391/IMG_3196.JPG?format=300w
000003.jpg,https://southernhoundclub.com/wp-content/uploads/2018/04/admin-ajax-1-e1523828002520.jpg
000004.jpg,http://www.dogbreedstandards.com/wp-content/uploads/2013/04/Southern-Hound.jpg
000005.jpg,https://www.animalssale.com/uploads/breed/breeds-2/southernhound.jpg
000006.jpg,https://static1.squarespace.com/static/5b5bdc01da02bc91831a95ee/t/5bcdf6a9104c7b8195ae1bdc/1540224891028/New+Pinterest.jpg
000007.jpg,https://southernhoundclub.com/wp-content/uploads/2018/04/reba-walking-up-hill.jpg
000008.jpg,https://images-na.ssl-images-amazon.com/images/I/51hVbmfIa2L._SX466_.jpg
000009.jpg,https://media.vam.ac.uk/media/thira/collection_images/2010EC/2010EC7596.jpg
000010.jpg,https://www.foxhuntinglife.com/images/stories/hounds/southern17.godfrey.entered.JPG
000011.jpg,http://www.dogwallpapers.net/wallpapers/drinking-southern-hound-wallpaper.jpg
000012.jpg,https://ih0.redbubble.net/image.100319668.9350/mp,550x550,matte,ffffff,t.3u1.jpg
000013.jpg,https://i.ytimg.com/vi/qnWxsrVYy2Q/hqdefault.jpg
000014.jpg,https://nationalpurebreddogday.com/wp-content/uploads/2016/05/Born_to_Run_15244176413.jpg
000015.jpg,https://c8.alamy.com/comp/MCKD3P/the-southern-hound-yuuatt-chapter-iii-domesticated-dogs-hunting-chiefly-by-the-nose-and-both-finding-and-killing-their-game-commonly-known-as-hounds-the-southern-houndthe-bloodhoundthe-staghoundthe-foxhound-the-harrier-the-beagle-the-otterhound-the-terrier-the-dachshund-the-southern-hound-northern-hound-and-talbot-there-appears-to-be-some-difficulty-in-getting-any-reliable-account-of-the-original-stock-from-which-our-modern-hounds-are-descended-MCKD3P.jpg
000016.jpg,https://www.doglib.com/wp-content/uploads/sites/2/so/southern-beauregard-dignified-southern-basset-breed.jpg
000017.jpg,https://www.collectorsprints.com/_images/dogs/d06/southernhound.jpg
000018.jpg,https://nationalpurebreddogday.com/wp-content/uploads/2015/12/Screen-Shot-2015-12-20-at-9.53.13-PM-e1450730061529.png
000019.jpg,https://foxhuntinglife.com/images/stories/hounds/liveoakhannibal.jpg
000020.jpg,https://static1.squarespace.com/static/5b5bdc01da02bc91831a95ee/t/5b761cdacd8366dcb3b4fb77/1534469541391/IMG_3196.JPG
000021.jpg,https://www.dogbreedinfo.com/images31/SouthernHoundExtinctDogBreedInfoDrawing1.jpg
000022.jpg,https://www.nostalgiafineart.com/bmz_cache/1/13532cd40b8adf9916a655959dfb450c.image.1200x900.jpg
000023.jpg,https://media.licdn.com/dms/image/C510BAQE9PdOdYexeJw/company-logo_200_200/0?e=2159024400&v=beta&t=3qsNJg0WaTIzc0w-N1-SsY44MPpHgeypwlnODd1E0iI
000024.jpg,https://retrieverman.files.wordpress.com/2011/07/grand-bleu-de-gascogne.jpg
000025.jpg,https://images-na.ssl-images-amazon.com/images/I/51xMshlicoL.jpg
000026.jpg,https://www.doglib.com/wp-content/uploads/sites/2/so/southern-hound-basset-breed.jpg
000027.jpg,https://southernhoundclub.com/wp-content/uploads/2018/04/SouHoundClubLogofinal.png
000028.jpg,http://chestofbooks.com/animals/dogs/Dog-Breeding/images/AMERICAN-BEAGLES.jpg%22
000029.jpg,https://i.pinimg.com/280x280_RS/5d/fa/31/5dfa316c5c33dc910b4d92d4cfc6ee48.jpg
000030.jpg,https://i.etsystatic.com/18770971/d/il/76a74b/1742173065/il_340x270.1742173065_qkzc.jpg?version=0
000031.jpg,https://123tinki.com/en-us/wp-content/uploads/sites/3/2018/03/Southern-hound-dog-names-2-600x314.jpg
000032.jpg,https://banner2.kisspng.com/20180530/cub/kisspng-the-elder-scrolls-v-skyrim-dawnguard-basset-h-5b0f42fb5d57d6.1023253915277268433823.jpg
000033.jpg,https://static.spacecrafted.com/c4eb68219e6a42e99a76b497ca88e14a/i/b122ca77db1141a5a9f4b17795c0eabd/3/4SoifmQp45JMgBnHjfgmz/LOH%20ABLE%2016.JPG
000034.jpg,https://alchetron.com/cdn/southern-hound-2bb69bb6-5b2b-435f-9a68-32fe591bb4a-resize-750.jpeg
000035.jpg,https://vetstreet-brightspot.s3.amazonaws.com/22/5bbed0bf3711e18fa8005056ad4734/file/plott%20hound%20crop.jpg
000036.jpg,http://cdn3.fast-serve.net/cdn/lorileeart/1909-southern-hound-print_700_600_1CSZT.jpg
000037.jpg,https://www.nj.com/resizer/zQcHWDtCWrls_HjsG5OBsJvUTr8=/1200x0/advancelocal-adapter-image-uploads.s3.amazonaws.com/image.nj.com/home/njo-media/width2048/img/morris_impact/photo/mr1218pet02jpg-be9ef9d94732d80a.jpg
000038.jpg,https://thebark.com/sites/default/files/30_southern_300x346.jpg
000039.jpg,http://www.finevintageart.com/image/cache/data/scott%20dogs/22218-southernhound-700x700.jpg
000040.jpg,https://cdn.shopify.com/s/files/1/0002/0407/9159/products/14996-Tall-Koozie-Hound-Dog_1200x.progressive.jpg?v=1549722782
000041.jpg,https://i3.cpcache.com/merchandise/495_300x300_Front_Color-NA.jpg?Size=NA&AttributeValue=NA&region={%22name%22:%22FrontCenter%22,%22width%22:7.65625,%22height%22:6.125,%22alignment%22:%22MiddleCenter%22,%22orientation%22:0,%22dpi%22:100,%22crop_x%22:0,%22crop_y%22:0,%22crop_h%22:600,%22crop_w%22:800,%22scale%22:0,%22template%22:{%22id%22:104137015,%22params%22:{}}}&Filters=[{%22name%22:%22background%22,%22value%22:%22ddddde%22,%22sequence%22:2}]
000042.jpg,https://advancelocal-adapter-image-uploads.s3.amazonaws.com/image.mlive.com/home/mlive-media/width2048/img/grpress/sports_impact/photo/-fbe98f19cb73bfce.jpg
000043.jpg,https://i.pinimg.com/736x/55/8a/3d/558a3d3357b81f282cd48b7b3b6a371e.jpg
000044.jpg,https://images-na.ssl-images-amazon.com/images/I/71BfHQOiQsL._SY355_.jpg
000045.jpg,https://cdn.shoplightspeed.com/shops/602483/files/10590136/image.jpg
000046.jpg,https://i.ytimg.com/vi/xujX8rrKM-o/maxresdefault.jpg
000047.jpg,https://i.ebayimg.com/images/g/d1UAAOSwm0JYDR6y/s-l300.jpg
000048.jpg,https://static.wixstatic.com/media/c1b251_d14ab22259b4409b80ded2b49a3643f7~mv2.jpg/v1/fill/w_1106,h_622,al_c,q_85/c1b251_d14ab22259b4409b80ded2b49a3643f7~mv2.jpg
000049.jpg,https://thesouthernhound.files.wordpress.com/2018/11/ads_0721.jpg?w=870&h=773&crop=1
000050.jpg,https://foxhuntinglife.com/images/stories/hounds/mooreland_wary.jpg
