image,source
000001.jpg,https://dogsaholic.com/wp-content/uploads/2018/06/Spanish-Mastiff-standing-on-grass.jpg
000002.jpg,https://www.dogbreedslist.info/uploads/allimg/dog-pictures/Spanish-Mastiff-2.jpg
000003.jpg,https://upload.wikimedia.org/wikipedia/commons/thumb/4/4d/%D0%98%D0%A1%D0%9F%D0%90%D0%9D%D0%A1%D0%9A%D0%98%D0%99_%D0%9C%D0%90%D0%A1%D0%A2%D0%98%D0%A4.JPG/220px-%D0%98%D0%A1%D0%9F%D0%90%D0%9D%D0%A1%D0%9A%D0%98%D0%99_%D0%9C%D0%90%D0%A1%D0%A2%D0%98%D0%A4.JPG
000004.jpg,https://s3.amazonaws.com/cdn-origin-etr.akc.org/wp-content/uploads/2017/11/29125304/Spanish-Mastiff.jpg
000005.jpg,https://s3.amazonaws.com/cdn-origin-etr.akc.org/wp-content/uploads/2017/11/20122438/Spanish-Mastiff-care.jpg
000006.jpg,https://dogsaholic.com/wp-content/uploads/2018/06/Spanish-Mastiff-lying-on-snow.jpg
000007.jpg,http://www.dogzone.com/images/breeds/spanish-mastiff.jpg
000008.jpg,https://www.dogbreedplus.com/dog_breeds/images/spanish_mastiff.jpg
000009.jpg,https://www.petguide.com/wp-content/uploads/2016/05/spanish-mastiff.jpg
000010.jpg,https://i.pinimg.com/originals/57/da/e3/57dae394a12629bcacedd93f4aa476a9.jpg
000011.jpg,https://i.ytimg.com/vi/RoU7RjjLKyY/maxresdefault.jpg
000012.jpg,https://animalsbreeds.com/wp-content/uploads/2018/05/Spanish-Mastiff.jpg
000013.jpg,https://i.ytimg.com/vi/XuuuAA6kk4w/maxresdefault.jpg
000014.jpg,https://doglime.com/wp-content/uploads/2019/04/Spanish-Mastiff.jpg
000015.jpg,https://www.petguide.com/wp-content/uploads/2016/05/spanish-mastiff-1.jpg
000016.jpg,http://siggysparadise.com/wp-content/uploads/2018/07/Spanish-Mastiff-breeders.jpg
000017.jpg,https://www.petmd.com/sites/default/files/breedopedia/20160430_195244.jpg
000018.jpg,https://upload.wikimedia.org/wikipedia/commons/b/be/Mastif_hiszpa%C5%84ski_751.jpg
000019.jpg,https://img.dog-learn.com/dog-breeds/spanish-mastiff/spanish-mastiff-i1-sz14.jpg
000020.jpg,https://researchbreeder.com/images/Spanish-Mastiff-Puppies.jpg
000021.jpg,https://i.pinimg.com/originals/8d/83/f1/8d83f116a79953ba5b749a2142f7a51c.jpg
000022.jpg,https://doggiedesigner.com/wp-content/uploads/2018/04/75.2-1.jpg
000023.jpg,https://doggiedesigner.com/wp-content/uploads/2018/04/75.1-1.jpg
000024.jpg,https://www.101dogbreeds.com/wp-content/uploads/2014/10/Spanish-Mastiff-Size.jpg
000025.jpg,https://render.fineartamerica.com/images/rendered/default/metal-print/10.000/7.250/break/images-medium-5/spanish-mastiff-jean-michel-labat.jpg
000026.jpg,https://livestockguardiandog.weebly.com/uploads/1/2/9/2/12922508/6874984.jpg?379
000027.jpg,http://www.giantpets.ru/spain_mastiff/spain_mastiff4_.jpg
000028.jpg,https://www.101dogbreeds.com/wp-content/uploads/2014/10/Spanish-Mastiff-Dog.jpg
000029.jpg,https://www.101dogbreeds.com/wp-content/uploads/2014/10/Spanish-Mastiff-Pictures.jpg
000030.jpg,https://i0.wp.com/puppytoob.com/wp-content/uploads/2018/07/Spanish-Mastiff-2.jpg?resize=750%2C375
000031.jpg,https://img.dog-learn.com/dog-breeds/spanish-mastiff/spanish-mastiff-puppy-i3-sz3.jpg
000032.jpg,http://www.spanishmastiff.net/images/LUXOR-TESSERA.jpg
000033.jpg,https://s3.amazonaws.com/cdn-origin-etr.akc.org/wp-content/uploads/2017/11/20122338/Spanish-Mastiff.4.jpg
000034.jpg,https://i.pinimg.com/originals/be/07/ed/be07edb0d0ec4c009db8ba51f1457557.jpg
000035.jpg,http://globaldogbreeds.com/wp-content/uploads/2018/03/Spanish-Mastiff-Pictures.jpg
000036.jpg,https://www.dogzone.com/images/breeds/spanish-mastiff-800.jpg
000037.jpg,https://t2.ea.ltmcdn.com/en/images/6/3/3/img_differences_between_english_french_and_spanish_mastiffs_1336_600.jpg
000038.jpg,https://previews.123rf.com/images/fosterss/fosterss1612/fosterss161200138/69646249-beautiful-big-spanish-mastiff-dog.jpg
000039.jpg,https://t1.uc.ltmcdn.com/en/images/4/7/3/how_to_care_for_a_spanish_mastiff_10374_600.jpg
000040.jpg,http://www.belpatt.fr/img/belpatt_races/Matin-Espagnol.jpg
000041.jpg,https://c8.alamy.com/comp/CYCGMA/a-spanish-mastiff-at-the-trashumancia-festival-in-madrid-spain-the-CYCGMA.jpg
000042.jpg,http://www.spanishmastiff.net/images/spanish_mastiff_titan00.jpg
000043.jpg,https://www.101dogbreeds.com/wp-content/uploads/2014/10/Spanish-Mastiff-Puppy-Images.jpg
000044.jpg,https://shop.labogen.com/media/image/8d/50/31/Spanischer-Mastiff.jpg
000045.jpg,https://dogsaholic.com/wp-content/uploads/2018/06/Spanish-Mastiff-lying-on-ground.jpg
000046.jpg,https://www.101dogbreeds.com/wp-content/uploads/2014/10/Spanish-Mastiff-Puppy.jpg
000047.jpg,https://thumbs.dreamstime.com/z/big-spanish-mastiff-dog-looks-up-lying-floor-close-up-portrait-huge-dog-big-spanish-mastiff-dog-looks-up-lying-floor-134514337.jpg
000048.jpg,https://s3.amazonaws.com/cdn-origin-etr.akc.org/wp-content/uploads/2017/11/20122351/Spanish-Mastiff.5.jpg
000049.jpg,https://previews.123rf.com/images/dixi_/dixi_1710/dixi_171000291/87443626-puppy-spanish-mastiff-dog-in-summer-on-grass-isolated-on-white-.jpg
000050.jpg,https://1.bp.blogspot.com/-OXwqTYk3s-o/VKNe54NueXI/AAAAAAAAB_o/8AP_WLPASdo_4ndsp9dolynXY5zwYkyzQCPcB/s1600/10900063_10202925636896083_8424681035259357574_o.jpg
