image,source
000001.jpg,https://i.pinimg.com/originals/88/ed/04/88ed049c191af7ec541c2cb239df40d8.jpg
000002.jpg,https://s3.amazonaws.com/cdn-origin-etr.akc.org/wp-content/uploads/2017/11/26132541/Stabyhoun-puppy.jpg
000003.jpg,https://s3.amazonaws.com/cdn-origin-etr.akc.org/wp-content/uploads/2017/11/31125942/AdobeStock_62619970.jpg
000004.jpg,https://www.dogbreedinfo.com/images14/StabyhounWietskemay05.JPG
000005.jpg,https://cdn3-www.dogtime.com/assets/uploads/2011/01/file_23264_Stabyhoun-dog-breed.jpg
000006.jpg,http://stabyhounuk.com/wp-content/uploads/2017/03/IMG_0346-300x205.jpg
000007.jpg,https://s3.amazonaws.com/cdn-origin-etr.akc.org/wp-content/uploads/2017/11/26174455/Stabyhoun-Care.jpg
000008.jpg,https://www.dogbreedinfo.com/images29/StabyhounPurebredDogMirakelMara1YearOld1.jpg
000009.jpg,http://stabyhounuk.com/wp-content/uploads/2015/06/IMG_2559-300x241.jpg
000010.jpg,https://i0.wp.com/www.stabyhouns.org/wp-content/uploads/2017/06/Sybe.jpg?fit=300%2C212&ssl=1
000011.jpg,https://i0.wp.com/www.stabyhouns.org/wp-content/uploads/2018/08/Pups2018.png?fit=1200%2C606&ssl=1
000012.jpg,https://images.ctfassets.net/w00x6p5qkejz/Pk85Th6tOMIcG4e8w4cck/ca37e1271911e6a43ba13a3b51c0e942/Stabyhoun_B_W_Small_File.png
000013.jpg,https://i2.wp.com/puppytoob.com/wp-content/uploads/2018/06/Stabyhoun-1.jpg?resize=752%2C501
000014.jpg,https://i0.wp.com/puppytoob.com/wp-content/uploads/2018/06/Stabyhoun-2.jpg?resize=750%2C422
000015.jpg,https://www.dogbreedslist.info/uploads/allimg/dog-pictures/Stabyhoun-3.jpg
000016.jpg,https://dogsaholic.com/wp-content/uploads/2016/10/Stabyhoun-dog.jpg
000017.jpg,https://www.dogbreedslist.info/uploads/allimg/dog-pictures/Stabyhoun-2.jpg
000018.jpg,https://www.dogbreedinfo.com/images29/StabyhounPurebredDogMirakelMara1YearOld3.jpg
000019.jpg,https://doglime.com/wp-content/uploads/2019/04/Stabyhoun-Personality.jpg
000020.jpg,https://vignette.wikia.nocookie.net/dog-breed4080/images/3/35/Stabyhoun.jpg/revision/latest?cb=20170705233751
000021.jpg,http://stabyhounuk.com/wp-content/uploads/2017/03/Jobbe-hunting-300x200.jpg
000022.jpg,https://researchbreeder.com/images/Stabyhoun-Puppies.jpg
000023.jpg,http://www.dogbreedhealth.com/wp-content/uploads/2014/09/Female-Stabyhoun.jpg
000024.jpg,https://upload.wikimedia.org/wikipedia/commons/f/f7/Frisianstaby.jpg
000025.jpg,https://www.holidays4dogs.co.uk/wp-content/uploads/2016/05/Herryt-by-Patty-Berkenbosch.-One-of-the-UKs-own-stud-dogs..jpg
000026.jpg,https://66.media.tumblr.com/92a853b08e90899e096e0db45d662951/tumblr_ppcjpnOEQ31xu9g7vo1_400.jpg
000027.jpg,https://www.dogbreedinfo.com/images14/StabyhounFemkemay02.JPG
000028.jpg,https://www.101dogbreeds.com/wp-content/uploads/2017/03/Frisian-Pointing-Dog.jpg
000029.jpg,http://siggysparadise.com/wp-content/uploads/2018/07/stabyhoun.jpg
000030.jpg,https://www.holidays4dogs.co.uk/wp-content/uploads/2016/05/Mac-the-first-brown-Stabyhoun-born-in-the-UK-in-2015-300x200.jpg
000031.jpg,https://www.101dogbreeds.com/wp-content/uploads/2017/03/Images-of-Stabyhoun.jpg
000032.jpg,https://s3.amazonaws.com/cdn-origin-etr.akc.org/wp-content/uploads/2017/11/31135454/stabyhoun1.jpg
000033.jpg,https://i.pinimg.com/originals/be/fc/b9/befcb90b888e764b20704b3207b2159a.jpg
000034.jpg,https://www.101dogbreeds.com/wp-content/uploads/2017/03/Stabij.jpg
000035.jpg,https://s3.amazonaws.com/cdn-origin-etr.akc.org/wp-content/uploads/2017/11/31152752/Staby.illo1_.jpg
000036.jpg,https://www.pets4homes.co.uk/images/articles/4707/large/a-rarely-seen-dog-breed-worth-waiting-for-the-stabyhoun-5ac4a63c01bb3.jpg
000037.jpg,https://www.101dogbreeds.com/wp-content/uploads/2017/03/Stabyhoun-Puppy.jpg
000038.jpg,https://upload.wikimedia.org/wikipedia/commons/thumb/8/87/Stabyhoun_in_adolescence.jpg/220px-Stabyhoun_in_adolescence.jpg
000039.jpg,http://stabyhounuk.com/wp-content/uploads/2017/01/IMG_0043-1024x747.jpg
000040.jpg,https://nimages.champdogs.net/breeds/stabyhoun.jpg
000041.jpg,http://www.stenata.cz/stabyhoun/comtess.jpg
000042.jpg,http://static.pedigreedatabase.com/dogbreeds/stabyhoun.jpg
000043.jpg,https://upload.wikimedia.org/wikipedia/commons/thumb/c/c4/Friese_Stabij_P6180863.JPG/300px-Friese_Stabij_P6180863.JPG
000044.jpg,https://media.mnn.com/assets/images/2017/05/Stabyhoun.jpg.638x0_q80_crop-smart.jpg
000045.jpg,https://doggiedesigner.com/wp-content/uploads/2018/04/54.1.jpg
000046.jpg,https://thumbs.dreamstime.com/z/stabyhoun-puppy-leaning-white-board-close-up-looking-camera-isolated-38858119.jpg
000047.jpg,https://stabyhounkerho.com/_files/200000473-42eb043ec6/450/21%20p%C3%A4iv%C3%A4%20syyskuu%202013%20kuva%20086.jpg
000048.jpg,http://www.mystabyhoun.com/images/DSCN8728.jpg
000049.jpg,https://www.dogbreedinfo.com/images29/StabyhounPurebredDogMirakelMara1YearOld6.jpg
000050.jpg,https://alchetron.com/cdn/stabyhoun-5f6e77ce-1676-47e6-9a70-743a8be90a0-resize-750.jpeg
