image,source
000001.jpg,https://upload.wikimedia.org/wikipedia/commons/thumb/1/1b/Steirische_Rauhhaarbracke.jpg/220px-Steirische_Rauhhaarbracke.jpg
000002.jpg,https://www.pets4homes.co.uk/images/articles/4138/large/all-about-the-styrian-coarse-haired-hound-59369a36c5a86.jpg
000003.jpg,https://i.pinimg.com/originals/fd/00/aa/fd00aa2c5ed557de926108d829c2b0b1.jpg
000004.jpg,https://2puppies.com/api/media/cache/breed_photo/Styrian-Coarse-haired-Hound/Styrian-Coarse-haired-Hound-1.jpg
000005.jpg,https://www.worldlydogs.com/uploads/5/2/2/3/52234445/5153827_orig.png
000006.jpg,https://images-na.ssl-images-amazon.com/images/I/51FPFv9T2HL._SX425_.jpg
000007.jpg,https://i.pinimg.com/originals/50/f5/27/50f5278f2f9876959b6413a02d2d9117.jpg
000008.jpg,https://images.puppyfinder.com/Breed/e/d/6/ed6827eaa0243c61_760_image1_medium.jpg
000009.jpg,https://www.petpaw.com.au/wp-content/uploads/2016/07/4_styrian_coarse-haired_hound.jpg
000010.jpg,https://c8.alamy.com/comp/XD2CH8/styrian-coarse-haired-hound-adult-dog-sitting-on-a-tree-stump-austria-XD2CH8.jpg
000011.jpg,https://c8.alamy.com/comp/X00MAN/styrian-coarse-haired-hound-adult-dog-sitting-on-grass-austria-X00MAN.jpg
000012.jpg,https://previews.agefotostock.com/previewimage/medibigoff/807c06b0336d37328ca4f57764d5d12c/ssj-210587.jpg
000013.jpg,http://dogbreedstandards.com/wp-content/uploads/2013/04/Styrian-Coarse-Haired-Hound.jpg
000014.jpg,https://previews.agefotostock.com/previewimage/medibigoff/f7abdd8a6de75bd9fc361ab444bb9e4e/mba-03947773.jpg
000015.jpg,https://images.wagwalkingweb.com/media/activity_guides/hero/1553682451.6/styrian-coarse-haired-hound.jpg
000016.jpg,https://i.pinimg.com/originals/f1/ed/cb/f1edcb3d2eafb8963c32d1002fb75201.jpg
000017.jpg,http://www.dogwallpapers.net/wallpapers/styrian-coarse-haired-hound-face-wallpaper.jpg
000018.jpg,https://banner2.kisspng.com/20180330/edw/kisspng-austrian-black-and-tan-hound-black-and-tan-coonhou-dogs-5abe41f8b01220.2970795815224181687212.jpg
000019.jpg,https://www.animalssale.com/uploads/breed/breeds-2/styriancoarsehairedhound.jpg
000020.jpg,https://www.doglib.com/wp-content/uploads/sites/2/st/styrian-coarse-haired-styrian-hound-breed.jpg
000021.jpg,https://www.ukcdogs.com/images/breeds/styrian-coarse-haired-hound.jpg
000022.jpg,http://www.tiptopglobe.com/big-photo/coarse-haired-styrian-hound-dog-standard-6.jpg
000023.jpg,https://c8.alamy.com/comp/FGC5PC/styrian-coarse-haired-hound-adult-dog-sitting-on-a-tree-stump-austria-FGC5PC.jpg
000024.jpg,https://www.pets4homes.co.uk/images/articles/4995/thumbs/learning-more-about-afghan-hound-myelopathy-5baa50274d72d.jpg
000025.jpg,http://2.bp.blogspot.com/_LYxGQn08RU4/SZXYBHvOWfI/AAAAAAAAD-o/EOoBXbN428M/s400/Steirische+Rauhhaarbracke+COARSE-HAIRED+STYRIAN+HOUND+Styrian+coarse-haired+Hound1.jpg
000026.jpg,https://art-shop.milansorm.com/photo/wc/250.jpg
000027.jpg,https://images-na.ssl-images-amazon.com/images/I/61pBqZZU-NL._SY355_.jpg
000028.jpg,https://upload-2.dogzer.us/image_global/4-230-dog-styrian-coarse-haired-hound/_light-292041-brachet-de-styrie-a-poil-dur.jpg
000029.jpg,https://images.wagwalkingweb.com/media/breed/syrian-coarse-haired-hound/hero/Syrian-Coarse-Haired-Hound.jpg
000030.jpg,https://breeders.petpremium.com/wp-content/uploads/rm-directory/83cfdc924c3fc0f682caf5d636696b00.png
000031.jpg,https://i.ytimg.com/vi/6YaxAZ_ZATU/hqdefault.jpg
000032.jpg,https://get.wallhere.com/photo/grass-dog-fluffy-curly-red-hair-dog-like-mammal-golden-retriever-carnivoran-setter-spaniel-dog-breed-english-cocker-spaniel-hunting-dog-field-spaniel-irish-setter-picardy-spaniel-sussex-spaniel-companion-dog-sporting-group-styrian-coarse-haired-hound-794108.jpg
000033.jpg,http://hounddogsdrule.com/wp-content/Gallery/Styrian-Coarse-Haired-Hound/Styrian-Coarse-Haired-Hound-posing.jpg
000034.jpg,https://previews.agefotostock.com/previewimage/medibigoff/09bcb817539f281baed2f4945039f1f4/ssj-160306.jpg
000035.jpg,https://get.pxhere.com/photo/dog-animal-yellow-sad-wondering-thinking-adult-hairy-mammal-vertebrate-dog-breed-canidae-dutch-smoushond-bosnian-coarse-haired-hound-sapsali-terrier-catalan-sheepdog-carnivore-sporting-lucas-terrier-otterhound-glen-of-imaal-terrier-tibetan-terrier-briquet-griffon-vend-en-small-terrier-poodle-crossbreed-sporting-group-rare-breed-dog-Styrian-coarse-haired-hound-irish-soft-coated-wheaten-terrier-pyrenean-shepherd-schnoodle-Grand-basset-griffon-vend-en-goldendoodle-1581327.png
000036.jpg,https://images.prod.meredith.com/product/bf101eeb4e2dbe92a1680484cf20cf9f/1501649491876/l/styrian-coarse-haired-hound-dog-themed-etched-all-purpose-16oz-libbey-can-glass
000037.jpg,https://www.doglib.com/wp-content/uploads/sites/2/st/styrian-breed-uncategorized-skills.jpg
000038.jpg,https://c8.alamy.com/comp/J6XBFG/styrian-coarse-haired-hound-J6XBFG.jpg
000039.jpg,https://images.our-assets.com/fullcover/2000x/9786133358263.jpg
000040.jpg,http://www.dutch-stafford.com/Site_S/Styrian%20Rough%20Haired%20Moutain%20Hound/Styrian_Rough_Haired_Mountian_Hound.jpg
000041.jpg,http://www.bambooalgarve.org/wp-content/uploads/2018/08/Boogie_03.jpg
000042.jpg,https://www.koinuno-heya.com/syurui/sagyou/images/styrian-coarsehaired-hound.jpg
000043.jpg,http://www.bhtornjak.com/barak/slike/galerija/sejdinovic01.jpg
000044.jpg,https://images-na.ssl-images-amazon.com/images/I/614o%2B0N1p6L._SX425_.jpg
000045.jpg,https://www.wirevizslas.com/1wirestanding.jpg
000046.jpg,https://dl5zpyw5k3jeb.cloudfront.net/photos/pets/42083673/1/?bust=1559241906
000047.jpg,https://www.pets4homes.co.uk/images/articles/4924/thumbs/what-makes-a-hound-a-hound-5b6c49b7b51c3.jpg
000048.jpg,http://www.dogzone.com/images/breeds/lurcher.jpg
000049.jpg,https://bloximages.newyork1.vip.townnews.com/fairfaxtimes.com/content/tncms/assets/v3/editorial/c/36/c369bc16-82f1-11e9-913f-53c28e5f8883/5ceffa48d83b1.image.jpg?resize=400%2C267
000050.jpg,http://www.fci.be/Nomenclature/Illustrations/062g06.jpg
