image,source
000001.jpg,https://www.straitstimes.com/sites/default/files/styles/article_pictrure_780x520_/public/articles/2018/08/12/yq-taiwan-12082019.jpg?itok=UHJNS8W3&timestamp=1534063840
000002.jpg,https://www.aljazeera.com/mritems/imagecache/mbdxxlarge/mritems/Images/2019/4/18/96c284fc3fd74c409561e5511be03556_18.jpg
000003.jpg,https://ichef.bbci.co.uk/news/660/cpsprodpb/11D35/production/_102231037_hi036964667.jpg
000004.jpg,https://www.thenational.ae/image/policy:1.690678:1514288027/bz26-DEC-Taiwan.jpg?f=16x9&w=1200&$p$f$w=0d298dc
000005.jpg,https://upload.wikimedia.org/wikipedia/commons/thumb/2/29/Taipei%2C_Taiwan_CBD_Skyline.jpg/300px-Taipei%2C_Taiwan_CBD_Skyline.jpg
000006.jpg,https://9to5mac.com/wp-content/uploads/sites/6/2019/01/Apple-Hong-Kong.jpg?quality=82&strip=all
000007.jpg,https://www.thoughtco.com/thmb/k9ZjyAKTGtHBSPR9vtVhWIYAzmg=/768x0/filters:no_upscale():max_bytes(150000):strip_icc()/aerial-view-of-cityscape-at-taipei-center-district--taiwan-861177234-5b7f14a446e0fb005087f1e3.jpg
000008.jpg,https://cdn.i-scmp.com/sites/default/files/styles/1200x800/public/d8/images/methode/2019/04/18/b37eeb58-619c-11e9-b745-17e2afcf325c_image_hires_202421.jpg?itok=9U8VY1Qy&v=1555590267
000009.jpg,https://tnimage.taiwannews.com.tw/photos/shares/5b923c8eea3bb.jpg
000010.jpg,http://www.go2taiwan.net/img/place-main-1.jpg
000011.jpg,https://i2.wp.com/thebohochica.com/wp-content/uploads/2019/03/ACS_0075.jpg?fit=1050%2C702&ssl=1
000012.jpg,https://www.worldatlas.com/r/w728-h425-c728x425/upload/3c/e1/38/shutterstock-425692558.jpg
000013.jpg,https://images.theconversation.com/files/230663/original/file-20180805-41351-mshy7z.jpg?ixlib=rb-1.1.0&q=45&auto=format&w=926&fit=clip
000014.jpg,https://cdn.japantimes.2xx.jp/wp-content/uploads/2019/03/n-taiwan-z-20190322-870x581.jpg
000015.jpg,https://sa.kapamilya.com/absnews/abscbnnews/media/2018/overseas/02/08/taiwan-tower-rtr-2018-020818.jpg
000016.jpg,https://www.designboom.com/wp-content/uploads/2018/10/Aedas-national-trade-center-taiwan-designboom-600.jpg
000017.jpg,https://www.intrepidtravel.com/sites/intrepid/files/styles/low-quality/public/elements/product/hero/CJZT-Taiwan-Jiufen-street_691519411.jpg
000018.jpg,https://www.visitbritain.org/sites/default/files/taiwan.png
000019.jpg,https://www.ft.com/__origami/service/image/v2/images/raw/https%3A%2F%2Fs3-ap-northeast-1.amazonaws.com%2Fpsh-ex-ftnikkei-3937bb4%2Fimages%2F1%2F4%2F1%2F1%2F16741141-1-eng-GB%2F20181120-Taiwan-conflict.png?source=nar-cms
000020.jpg,https://assets3.thrillist.com/v1/image/2814708/size/tl-full_width_tall_mobile.jpg
000021.jpg,https://amp.businessinsider.com/images/5a7b20d2f450ff2f008b4ca3-750-500.jpg
000022.jpg,https://think.ing.com/images/made/250418-image-taiwan_1000_667_80.jpg
000023.jpg,https://www.aljazeera.com/mritems/imagecache/mbdxxlarge/mritems/Images/2019/7/13/cb2cb726eac84bfa9552b4472369187f_18.jpg
000024.jpg,https://www.wendywutours.com.au/resource/upload/729/taiwan.jpg
000025.jpg,https://i1.wp.com/www.nationalreview.com/wp-content/uploads/2018/06/Taiwan_preview.jpg?fit=789%2C460&ssl=1
000026.jpg,https://www.noted.co.nz/media/24193/ls0819_14_taipei_gi_941036428.jpg?width=800
000027.jpg,https://www.esplanade.com/-/media/images/discover-learn/wyntk-the-rise-of-taiwan-indie-music.png?mw=640
000028.jpg,https://www.aworldtotravel.com/wp-content/uploads/2017/09/alishan-foggy-mountains-pictures-and-reasons-that-will-make-you-visit-taiwan-soon-a-world-to-travel-1050x612.jpg
000029.jpg,https://www.lowyinstitute.org/sites/default/files/Taipei_Taiwan_Taipei-101-Tower-01.jpg
000030.jpg,https://cdn.i-scmp.com/sites/default/files/styles/1200x800/public/d8/images/methode/2019/04/02/14823d6c-5444-11e9-a3ae-f2742b367090_image_hires_154719.JPG?itok=28oi6UEk&v=1554191245
000031.jpg,http://smartraveller.gov.au/Maps/Taiwan.png
000032.jpg,https://www.ft.com/__origami/service/image/v2/images/raw/https%3A%2F%2Fs3-ap-northeast-1.amazonaws.com%2Fpsh-ex-ftnikkei-3937bb4%2Fimages%2F3%2F2%2F9%2F5%2F16215923-1-eng-GB%2F20181016N%20Kaohsiung%20harbor.jpg?source=nar-cms
000033.jpg,https://public-media.smithsonianmag.com/filer/8e/7b/8e7bd3ed-991d-4691-8679-d4e6f912206a/taiwan-influencer-itinerary-banner-v2.jpg
000034.jpg,https://static.lakana.com/mmm-global-us-east-1/photo/2019/07/15/Taiwan%20Strait%20map_1563184800936.jpg.jpg.jpg_38989905_ver1.0_1280_720.jpg
000035.jpg,https://www.roughguides.com/wp-content/uploads/2012/09/taipei-taiwan-shutterstock_666463504-660x420.jpg
000036.jpg,https://cdn.i-scmp.com/sites/default/files/styles/1200x800/public/d8/images/methode/2019/04/02/b707798e-5463-11e9-a3ae-f2742b367090_image_hires_055007.JPG?itok=DBS9Zlf5&v=1554155413
000037.jpg,https://e3.365dm.com/18/02/768x432/skynews-taiwan-earthquake_4225652.jpg?20180208110913
000038.jpg,https://upload.wikimedia.org/wikipedia/commons/7/72/Liberty_Square%2C_Taipei%2C_Taiwan.jpg
000039.jpg,https://interrail.imgix.net/2xy2pqnc4s5i/57EYCaDXh6GIYqO6MwakEQ/023d114c310512876096520d0b3789b7/taipei-temple.jpg?w=1000&h=666&q=50&fit=crop&auto=compress&s=3ee367b1723f88c0d6d0f2e120dc3224
000040.jpg,https://s.yimg.com/uu/api/res/1.2/4nDwJSNgj22zBYm8ualNTw--~B/aD0zMDE7dz00NTA7c209MTthcHBpZD15dGFjaHlvbg--/http://media.zenfs.com/en_us/News/Reuters/2018-09-16T124718Z_1_LYNXNPEE8F0DQ_RTROPTP_2_TAIWAN-CHINA-MILITARY.JPG
000041.jpg,http://cyneats.com/wp-content/uploads/2016/06/First-Timers-Guide-to-Taiwan.jpg
000042.jpg,https://cdn.britannica.com/s:500x350,q:1/11/143711-004-246CF304.jpg
000043.jpg,https://cdn.shortpixel.ai/client/q_glossy,ret_img/https://www.toureast.net/wp-content/uploads/2018/05/Taiwan-Cover.png
000044.jpg,https://image.cnbcfm.com/api/v1/image/106018783-1563184560801gettyimages-1146930289.jpeg?v=1563236433&w=630&h=419
000045.jpg,https://eng.taiwan.net.tw/userfiles/image/2019photo/BalloonFestival.jpg
000046.jpg,https://www.intrepidtravel.com/sites/intrepid/files/styles/low-quality/public/elements/product/map/cjsa_2018.gif
000047.jpg,https://www.goldentulip.com/styles/gt_banner/public/2018-06/Taiwan_0.jpg
000048.jpg,https://cdn.britannica.com/s:500x350,q:1/50/74850-004-DD70B436.jpg
000049.jpg,https://eng.taiwan.net.tw/att/links/%E6%9D%B1%E6%B5%B7%E5%B2%B8%E8%97%9D%E8%A1%93%E7%AF%80_1.jpg
000050.jpg,https://www.state.gov/wp-content/uploads/2019/04/Taiwan-2106x1406.jpg
