image,source
000001.jpg,https://i.pinimg.com/originals/2e/11/f4/2e11f4ddad0a264890f699ec3f7d9d68.jpg
000002.jpg,http://images2.minutemediacdn.com/image/upload/c_fit,f_auto,fl_lossy,q_auto,w_728/v1555924286/shape/mentalfloss/dupuy_pointer_from_1915_620.jpg
000003.jpg,https://barkpost.com/wp-content/uploads/2014/06/The_Talbot_pub_sign_-_geograph.org_.uk_-_1804356.jpg
000004.jpg,https://upload.wikimedia.org/wikipedia/commons/2/2a/Talbot_Hounds_Fountain_in_Trevelyan_Square%2C_Leeds_%284134319142%29.jpg
000005.jpg,https://images-na.ssl-images-amazon.com/images/I/91e1R6HBq0L._SX425_.jpg
000006.jpg,https://www.rover.com/blog/wp-content/uploads/2015/04/st-johns-water-dog-extinct-dog-breed.jpg
000007.jpg,http://www.wshc.eu/lacock/images/images/Fav_Documents/Talbot_dog.JPG
000008.jpg,http://www.dogwallpapers.net/wallpapers/talbot-dog-pic.jpg
000009.jpg,http://dogbreedstandards.com/wp-content/uploads/2013/04/Talbot.jpg
000010.jpg,https://www.trendrr.net/wp-content/uploads/2017/05/Talbot.jpg
000011.jpg,https://www.ukaa.com/images/composite-stone-garden-statue-talbot-dog-22-8282-0.jpg
000012.jpg,https://upload.wikimedia.org/wikipedia/commons/thumb/6/60/Shrewsbury_Book_f.2_%28Talbot-Dog%29.jpg/220px-Shrewsbury_Book_f.2_%28Talbot-Dog%29.jpg
000013.jpg,https://alchetron.com/cdn/talbot-dog-d7569f44-1e35-4199-9a95-b896b14333c-resize-750.jpeg
000014.jpg,https://www.gardensite.co.uk/images/thumbs/database_images/talbot-dog-46a3b5c388e7c92c25988ef92bac6323_original.jpg
000015.jpg,http://i1.wp.com/quadcitiesdaily.com/wp-content/uploads/2015/01/Talbot-Hound-Dog-Drawing.jpg
000016.jpg,https://dl5zpyw5k3jeb.cloudfront.net/photos/pets/40713961/1/?bust=1532479475
000017.jpg,http://mistholme.com/wp-content/uploads/2014/01/dog_talbot.jpg
000018.jpg,https://www.dogbreedinfo.com/images31/TalbotExtinctDogBreedInfoDrawing1.jpg
000019.jpg,https://images-na.ssl-images-amazon.com/images/I/61h95DhgzEL._SX450_.jpg
000020.jpg,https://bigdogbreeds.info/wp-content/uploads/2019/01/Talbot-dog-puppies.jpg
000021.jpg,https://dl5zpyw5k3jeb.cloudfront.net/photos/pets/45059071/2/?bust=1562345628&width=720
000022.jpg,https://mostlymutts.org/images/bt_portfolio/1987/large/27e365ca714c92dd53e2cb818d85f580.jpeg
000023.jpg,https://dl5zpyw5k3jeb.cloudfront.net/photos/pets/45059071/1/?bust=1561258646&width=720
000024.jpg,https://upload.wikimedia.org/wikipedia/en/thumb/4/4b/BackTalbotInnSign.jpg/220px-BackTalbotInnSign.jpg
000025.jpg,https://i.pinimg.com/originals/4c/cd/5d/4ccd5db2a6a87b62203f0647ea6992e4.png
000026.jpg,https://imgc.artprintimages.com/img/print/effigy-of-sir-walter-scott-s-favourite-dog-maida_u-l-peo9ef0.jpg?h=550&w=550
000027.jpg,https://dl5zpyw5k3jeb.cloudfront.net/photos/pets/45059080/4/?bust=1562345899&width=720
000028.jpg,https://dl5zpyw5k3jeb.cloudfront.net/photos/pets/45137957/2/?bust=1562536223&width=720
000029.jpg,https://dl5zpyw5k3jeb.cloudfront.net/photos/pets/45059170/1/?bust=1561262075&width=720
000030.jpg,https://pet-uploads.adoptapet.com/8/6/c/143614767.jpg
000031.jpg,http://www.wshc.eu/lacock/images/images/Fav_Documents/Earl_of_Shrewsbury_coat_of_arms.jpg
000032.jpg,https://i.pinimg.com/236x/2a/3a/c9/2a3ac9338fc3b34e5e075b792663e657--dog-breeds-talbots.jpg
000033.jpg,https://www.doglib.com/wp-content/uploads/sites/2/ta/talbot-breed.jpg
000034.jpg,https://www.talbothumane.org/wp-content/uploads/2019/06/Bag-of-puppies1207.jpg
000035.jpg,https://d2kdkfqxnvpuu9.cloudfront.net/images/big/50866.jpg?1324902583
000036.jpg,https://c8.alamy.com/comp/D8A4TR/talbot-heraldic-dog-D8A4TR.jpg
000037.jpg,https://www.talbothumane.org/wp-content/uploads/2018/07/guest-barktender.jpg
000038.jpg,https://www.pets4homes.co.uk/images/classifieds/2019/07/12/2363704/thumbs/5-male-fur-babies-5d28daf9d1b63.jpg
000039.jpg,https://c8.alamy.com/comp/RCC7DY/the-dog-in-health-and-disease-comprising-the-various-modes-of-breaking-and-using-him-for-hunting-coursing-shooting-etc-and-including-the-points-or-characteristics-of-toy-dogs-dogs-dogs-diseases-the-southern-hound-yuuatt-chapter-iii-domesticated-dogs-hunting-chiefly-by-the-nose-and-both-finding-and-killing-their-game-commonly-known-as-hounds-the-southern-houndthe-bloodhoundthe-staghoundthe-foxhound-the-harrier-the-beagle-the-otterhound-the-terrier-the-dachshund-the-southern-hound-northern-hound-and-talbot-there-appears-to-be-some-difficulty-in-getting-RCC7DY.jpg
000040.jpg,http://www.thetalbotcuckfield.co.uk/assets/img/logo-full.png
000041.jpg,https://images-na.ssl-images-amazon.com/images/I/81n-mcGrRUL._SY550_.jpg
000042.jpg,https://www.home2garden.co.uk/acatalog/Talbot-Dog-2.jpg
000043.jpg,https://pet-uploads.adoptapet.com/6/e/9/303619596.jpg
000044.jpg,https://dl5zpyw5k3jeb.cloudfront.net/photos/pets/45059117/1/?bust=1561259960&width=720
000045.jpg,https://i.pinimg.com/280x280_RS/ea/dd/d3/eaddd3e40fc259c0e19883e26c3f57d1.jpg
000046.jpg,https://www.rover.com/blog/wp-content/uploads/2015/04/cumberland-sheepdog-extinct-dog-breeds.jpg
000047.jpg,https://www.delmarvaphotos.com/img/s/v-3/p3030749555-3.jpg
000048.jpg,https://res.cloudinary.com/jacepharm/image/upload/v1548866179/2-Talbot-Hound_qxtrp1.jpg
000049.jpg,https://nationalpurebreddogday.com/wp-content/uploads/2016/04/12998752_569889703178129_437297189319746339_n.jpg
000050.jpg,https://i.pinimg.com/originals/39/9c/a9/399ca94d900d0040f47675498f5b25e5.png
