image,source
000001.jpg,https://i.ebayimg.com/00/s/NzYxWDk2MA==/z/85YAAOSwPYdcYVZr/$_86.JPG
000002.jpg,https://upload.wikimedia.org/wikipedia/commons/8/8d/Tamaskan.jpg
000003.jpg,https://upload.wikimedia.org/wikipedia/commons/thumb/5/5e/Dtamaskan.jpg/220px-Dtamaskan.jpg
000004.jpg,https://i2.wp.com/puppytoob.com/wp-content/uploads/2018/09/Tamaskan-Dog-1.jpg?resize=750%2C375
000005.jpg,https://i.pinimg.com/originals/4c/69/f1/4c69f1f0c5d5409b1cba624dbe85753a.jpg
000006.jpg,http://www.tamaskan-dog.com/Images/various%20042.jpg
000007.jpg,https://i.redd.it/46260cg9enz11.jpg
000008.jpg,https://www.petguide.com/wp-content/uploads/2016/05/tamaskan.jpg
000009.jpg,http://www.tamaskan-dog.com/TDSC/images/TK.jpg
000010.jpg,https://www.dogbreedslist.info/uploads/allimg/dog-pictures/Tamaskan-Dog-2.jpg
000011.jpg,https://i.pinimg.com/originals/81/c0/79/81c079fe907911d51650eb0d95672b14.jpg
000012.jpg,https://dogsaholic.com/wp-content/uploads/2018/06/Tamaskan-Dogs-running.jpg
000013.jpg,https://i.pinimg.com/236x/63/2f/55/632f5560feeba1891cd8d2da21c2a4d4--tamaskan-dog-black-tamaskan.jpg
000014.jpg,https://dogsaholic.com/wp-content/uploads/2018/06/Tamaskan-Dog-standing-in-the-field-of-dandelions-810x538.jpg
000015.jpg,https://upload.wikimedia.org/wikipedia/commons/thumb/9/90/Ctamaskan.jpg/220px-Ctamaskan.jpg
000016.jpg,https://i2.wp.com/puppytoob.com/wp-content/uploads/2018/09/Tamaskan-Dog-3.jpg?resize=750%2C499
000017.jpg,https://www.petguide.com/wp-content/uploads/2016/05/tamaskan-1.jpg
000018.jpg,https://res.cloudinary.com/embark/image/upload/a_0,b_white,c_fill,h_250,w_250/v1/ui/mqbxjqsqwyjbssbvgoco
000019.jpg,http://www.tamaskan-dog.com/The%20Standard/pictorial%20standard/Zev48.jpg
000020.jpg,https://i.pinimg.com/originals/ed/46/75/ed4675e49b3d63f28a07c792b42b66d3.jpg
000021.jpg,https://www.sylvaen.com/sylvaen_files/images/info/Tam_v_wolf.jpg
000022.jpg,https://www.urbanpawsuk.com/wp-content/uploads/2018/04/ivaar_tamaskan_23101086_378215052633095_9032166230345121792_n.jpg
000023.jpg,https://dogsaholic.com/wp-content/uploads/2018/06/3-Tamaskan-Dogs-with-an-owner.jpg
000024.jpg,https://i.pinimg.com/236x/64/5d/51/645d513410584d7ae13bd070007457a6--tamaskan-dog-czechoslovakian-wolfdog.jpg
000025.jpg,https://media.buzzle.com/media/images-en/photos/mammals/dogs/1200-31765690-tamaskan-silver-puppy.jpg
000026.jpg,http://tamaskan-dog.com/Blustag/Images/Lousa%20dumbell.jpg
000027.jpg,https://www.tamaskandogregister.com/wp-content/uploads/1536838453-375x300.jpg
000028.jpg,https://princeofprice.com/wp-content/uploads/2019/05/dogs-3977480_1280.jpg
000029.jpg,https://www.tamaskandogregister.com/wp-content/uploads/1536251174-375x300.jpg
000030.jpg,https://i2.wp.com/dogbreedsjournal.com/wp-content/uploads/2019/03/t2.jpg?resize=625%2C585
000031.jpg,https://i.pinimg.com/originals/fe/72/9d/fe729db455e1e0ce9eb36f486bea2b47.jpg
000032.jpg,https://www.urbanpawsuk.com/wp-content/uploads/2018/04/ivaar_tamaskan_23098615_2404647476427308_6493837285644042240_n.jpg
000033.jpg,https://nationalpurebreddogday.com/wp-content/uploads/2016/07/Tamaskan_1___Gallery.jpg
000034.jpg,https://sylvaen.com/sylvaen_files/images/sylvaen_image.jpg
000035.jpg,http://tamaskan.pl/wp-content/uploads/2018/05/30122821_10204596963402094_1567349425_o1.jpg
000036.jpg,https://i.ytimg.com/vi/8RiKkwIAMJM/maxresdefault.jpg
000037.jpg,https://images.wagwalkingweb.com/media/breed/tamaskan/hero/Tamaskan.jpg
000038.jpg,https://www.stoneycreektamaskan.com/uploads/8/9/0/8/89080878/kira-and-kami-and-mom-1-of-1_1.jpg?496
000039.jpg,https://thewolfdoglife.com/wp-content/uploads/2018/07/IMG_0270-copy-1080x675.jpg
000040.jpg,http://www.dogwallpapers.net/wallpapers/tamaskan-dog-in-the-snow-wallpaper.jpg
000041.jpg,https://pbs.twimg.com/media/DzwZJurWkAAj2EA.jpg
000042.jpg,http://platpets.com/wp-content/uploads/2018/09/Tamaskan-dog-temperament-training-diet.jpg
000043.jpg,https://dogsaholic.com/wp-content/uploads/2018/06/Tamaskan-Dog-puppies.jpg
000044.jpg,https://cmkt-image-prd.global.ssl.fastly.net/0.1.0/ps/5290763/910/1365/m2/fpnw/wm1/z9k4cu4mgfapktqurwm56mr7l7e0fvm3ezbir6ep6rvzxp7rhk346mzqcjhusbv2-.jpg?1540974362&s=d42943a493af27998c153a49e278f9be
000045.jpg,https://c8.alamy.com/comp/XBXEGX/british-inuit-dog-portrait-of-adult-tamaskan-british-inuit-dog-portraet-eines-erwachsenen-hundes-XBXEGX.jpg
000046.jpg,http://www.tamaskan-dog.com/Blacks/about_files/image002.jpg
000047.jpg,https://i.pinimg.com/originals/5f/7b/6d/5f7b6d55aa3fce3c8d38591767e9759f.jpg
000048.jpg,http://www.eventidetamaskan.com/photos/max_014.jpg
000049.jpg,https://cdn.imgbin.com/6/8/21/imgbin-saarloos-wolfdog-tamaskan-dog-utonagan-northern-inuit-dog-canadian-eskimo-dog-wolf-s-F1h8qxmjvg1Pht1pDApW6whuQ.jpg
000050.jpg,https://c8.alamy.com/comp/PHA14K/tamaskan-female-dog-PHA14K.jpg
