image,source
000001.jpg,https://i.ytimg.com/vi/guaseU8mwz4/hqdefault.jpg
000002.jpg,https://www.dogzone.com/images/breeds/telomian.jpg
000003.jpg,https://www.101dogbreeds.com/wp-content/uploads/2016/06/Telomian-Dog.jpg
000004.jpg,https://mk0cesarswaykigy4yk3.kinstacdn.com/wp-content/uploads/2015/06/Telomian.jpg
000005.jpg,https://doggiedesigner.com/wp-content/uploads/2018/02/332-1-240x300.jpg
000006.jpg,https://www.101dogbreeds.com/wp-content/uploads/2016/06/Telomian-Puppy-Pictures.jpg
000007.jpg,https://img.dog-learn.com/dog-breeds/telomian/images/telomian-u7.jpg
000008.jpg,https://i.ytimg.com/vi/L_GuqnFVopI/hqdefault.jpg
000009.jpg,https://doggiedesigner.com/wp-content/uploads/2018/02/331-1-300x300.jpg
000010.jpg,https://www.worldofbuzz.com/wp-content/uploads/2017/07/most-exotic-dog-breed-is-a-kampung-dog-from-malaysia-world-of-buzz-11.png
000011.jpg,https://i.pinimg.com/originals/9c/12/90/9c1290d58302d9deb8119cb18600b44c.jpg
000012.jpg,https://pbs.twimg.com/media/CtxXfUKWEAE-ixE.jpg
000013.jpg,https://img.dog-learn.com/dog-breeds/telomian/images/telomian-black-and-white-sz14.jpg
000014.jpg,https://cilisos.my/wp-content/uploads/2017/02/amanda-doge-feature1.jpg
000015.jpg,https://www.worldlydogs.com/uploads/5/2/2/3/52234445/1856380_orig.png
000016.jpg,https://d3avoj45mekucs.cloudfront.net/rojakdaily/media/iylia/lifestyle/anjingkg-(1).jpg?ext=.jpg
000017.jpg,https://www.dogbreedinfo.com/images27/TelomianRareBreedPurebredDogMomo7MonthsOld.jpg
000018.jpg,http://pets-place.net/Breeds/T/TelomianImage1.jpg
000019.jpg,https://images.wagwalkingweb.com/media/daily_wag/name_guides/%7Bslug%7D/hero/1533557861.96/telomian-dog-names.jpg
000020.jpg,https://images.assetsdelivery.com/compings_v2/a7880s/a7880s1703/a7880s170300059.jpg
000021.jpg,http://www.dogwallpapers.net/wallpapers/telomian-dog-wallpaper.jpg
000022.jpg,https://i.ytimg.com/vi/TIyMfMqNfc4/maxresdefault.jpg
000023.jpg,http://jnjhub.com/wp-content/uploads/2018/08/43-300x253.jpg
000024.jpg,http://1.bp.blogspot.com/_9WFslOYGYHw/S-D6smOYSYI/AAAAAAAAACA/HfN5fucxqic/s1600/IMG_2714.jpg
000025.jpg,https://www.doglib.com/wp-content/uploads/sites/2/te/telomian-two-hokkaido-dogs-breed.jpg
000026.jpg,https://pbs.twimg.com/media/DGkyF8TW0AEPOh_.jpg
000027.jpg,https://www.doglib.com/wp-content/uploads/sites/2/te/telomian-most-quirky-dog-breeds.jpg
000028.jpg,https://i.pinimg.com/736x/57/33/37/5733375c10beeac526df60da38fa949e--cute-funny-animals-funny-faces.jpg
000029.jpg,http://petshoptop.ru/media/4e/15/93/4e1593351be8d712406950f7e8b16eba/56f23733bdf43.jpg
000030.jpg,https://www.animalssale.com/uploads/breed/breeds-2/telomian.jpg
000031.jpg,https://doggiedesigner.com/wp-content/uploads/2018/02/333-1-300x300.jpg
000032.jpg,https://images-na.ssl-images-amazon.com/images/I/7126eZ6KH8L._SX466_.jpg
000033.jpg,https://dogbreedcartoon.com/wp-content/uploads/2016/12/Telomian-Linear.png
000034.jpg,https://www.defendanimals.com/images/231-2-1035787898_kids-tshirt-telomian.png
000035.jpg,https://images-na.ssl-images-amazon.com/images/I/81GxVyrUL5L._UX679_.jpg
000036.jpg,http://doctoronnie.com/wp-back.php?getimage=aHR0cHM6Ly93d3cuMTAxZG9nYnJlZWRzLmNvbS93cC1jb250ZW50L3VwbG9hZHMvMjAxNS8wNC9Db3lkb2cuanBn
000037.jpg,https://bigdogbreeds.info/wp-content/uploads/2019/01/Telomian-dog-characteristics.jpg
000038.jpg,https://www.defendanimals.com/images/231-2-1035762281_long-sleeved-telomian.png
000039.jpg,https://i.ytimg.com/vi/M48Z9VLK4Z4/maxresdefault.jpg
000040.jpg,https://images-wixmp-ed30a86b8c4ca887773594c2.wixmp.com/f/f02d60f1-fafb-4977-a5ec-a891b44bcd23/dav5a3q-e27d8a7c-61a0-4c5a-abe7-18deaac9f819.png/v1/fill/w_445,h_250,strp/gazizaty_s_heritage_dog_by_allissajoanne4_dav5a3q-250t.png?token=eyJ0eXAiOiJKV1QiLCJhbGciOiJIUzI1NiJ9.eyJzdWIiOiJ1cm46YXBwOjdlMGQxODg5ODIyNjQzNzNhNWYwZDQxNWVhMGQyNmUwIiwiaXNzIjoidXJuOmFwcDo3ZTBkMTg4OTgyMjY0MzczYTVmMGQ0MTVlYTBkMjZlMCIsIm9iaiI6W1t7ImhlaWdodCI6Ijw9NTc2IiwicGF0aCI6IlwvZlwvZjAyZDYwZjEtZmFmYi00OTc3LWE1ZWMtYTg5MWI0NGJjZDIzXC9kYXY1YTNxLWUyN2Q4YTdjLTYxYTAtNGM1YS1hYmU3LTE4ZGVhYWM5ZjgxOS5wbmciLCJ3aWR0aCI6Ijw9MTAyNCJ9XV0sImF1ZCI6WyJ1cm46c2VydmljZTppbWFnZS5vcGVyYXRpb25zIl19.vsxbHOLa1K_ewHQZHej3l1W97NADJs8m9GMVazvLgQg
000041.jpg,https://i.ebayimg.com/images/g/cWoAAOSwDxFZ4kG6/s-l300.jpg
000042.jpg,https://scontent.cdninstagram.com/vp/6a9266ac93eda13f679c4e06c6116fb6/5DBF9057/t51.2885-15/e35/c0.180.1440.1440/s480x480/64343430_661441644358840_2870539208047750014_n.jpg?_nc_ht=scontent-mia3-1.cdninstagram.com
000043.jpg,https://nextpup.com/wp-content/uploads/telomian-dog-breed.jpg
000044.jpg,https://cdn1.vectorstock.com/i/1000x1000/41/65/dogs-country-origin-thai-and-malaysian-dog-vector-25064165.jpg
000045.jpg,https://i.ytimg.com/vi/q1ja4DqQJpE/hqdefault.jpg
000046.jpg,https://www.star2.com/wp-content/uploads/2018/01/str2_annecelebdogs_chelsiang_attach28_MUSTUSE-770x470.jpg
000047.jpg,https://www.wallpaperflare.com/static/775/301/187/dogs-face-male-spotted-wallpaper.jpg
000048.jpg,https://dogbreedcartoon.com/wp-content/uploads/2016/12/Telomian-Special.png
000049.jpg,https://tse3.mm.bing.net/th?id=OIP._zKq5owab-980ucJr2QQfgHaG0&pid=Api&P=0&w=300&h=300
000050.jpg,https://cdn.fotofits.com/petzlover/gallery/img/l/telomian-212445.jpeg
