image,source
000001.jpg,http://www.molosserdogs.com/albums/album09/alm.jpg
000002.jpg,http://molosserdogs.com/gallery/albums/userpics/10880/Terceira%20Mastiff%20042.jpg
000003.jpg,https://www.doglib.com/wp-content/uploads/sites/2/te/terceira-hugedogspics-breed.jpg
000004.jpg,https://i.ytimg.com/vi/N7CkP2i2u9Q/hqdefault.jpg
000005.jpg,http://molosserdogs.com/gallery/albums/userpics/10880/Terceira%20Mastiff%20003.jpg
000006.jpg,https://www.doglib.com/wp-content/uploads/sites/2/te/terceira-alp-mastiff-breed.jpg
000007.jpg,http://molosserdogs.com/gallery/albums/userpics/10880/Terceira%20Mastiff%20017.jpg
000008.jpg,https://nationalpurebreddogday.com/wp-content/uploads/2018/06/vicki.jpg
000009.jpg,http://molosserdogs.com/gallery/albums/userpics/10880/Terceira%20Mastiff%20001.jpg
000010.jpg,https://www.dogbreedinfo.com/images32/TerceiraMastiffFilaDeTerceiraExtinctDogBreedInfoDrawing1.jpg
000011.jpg,https://c8.alamy.com/comp/T42XX4/terceira-mastiff-an-extinct-portuguese-dog-breed-T42XX4.jpg
000012.jpg,https://riahorter.com/index_htm_files/10455.jpg
000013.jpg,http://molosserdogs.com/gallery/albums/userpics/10880/Terceira%20Mastiff%20002.jpg
000014.jpg,https://bigdogbreeds.info/wp-content/uploads/2019/01/Terceira-Mastiff-dog-size.jpg
000015.jpg,https://riahorter.com/index_htm_files/10387.jpg
000016.jpg,https://www.animalssale.com/uploads/breed/breeds-2/terceiramastiff.jpg
000017.jpg,https://upload.wikimedia.org/wikipedia/commons/thumb/b/b1/Mastif_brazylijski_g56.jpg/220px-Mastif_brazylijski_g56.jpg
000018.jpg,https://upload.wikimedia.org/wikipedia/commons/thumb/c/cf/HuntHillBoerboelsGunston1.jpeg/300px-HuntHillBoerboelsGunston1.jpeg
000019.jpg,https://upload.wikimedia.org/wikipedia/commons/thumb/7/77/Batuque_do_Canchin_02.JPG/220px-Batuque_do_Canchin_02.JPG
000020.jpg,https://kids.kiddle.co/images/thumb/4/45/French_Mastiff_aka_Dogue_de_Bordeaux_2.JPG/260px-French_Mastiff_aka_Dogue_de_Bordeaux_2.JPG
000021.jpg,https://images-na.ssl-images-amazon.com/images/I/41H%2BxYwuqUL.jpg
000022.jpg,https://images-na.ssl-images-amazon.com/images/I/41QOzIBrG-L._SX331_BO1,204,203,200_.jpg
000023.jpg,https://i.pinimg.com/originals/37/1d/de/371dde4d835266208d0aa07a7d71b4b9.jpg
000024.jpg,http://www.molosserdogs.com/gallery/albums/userpics/11557/1934c.jpg
000025.jpg,https://d1k5w7mbrh6vq5.cloudfront.net/images/cache/31/05/98/3105984a86d2079ed739f1b66ab48fee.JPG
000026.jpg,https://t3.ftcdn.net/jpg/02/62/96/76/500_F_262967629_FaDT9pCWj4EocTVWJw9L12y7zmpQHX0M.jpg
000027.jpg,https://i.ebayimg.com/images/g/v58AAOSwqVJa~~uo/s-l300.jpg
000028.jpg,https://i.ytimg.com/vi/ad2Qq3GgMZg/hqdefault.jpg
000029.jpg,https://images.sunfrogshirts.com/2017/12/28/35590-1514448654605-Gildan-Men-Green-_w92_-front.jpg
000030.jpg,https://t4.ftcdn.net/jpg/02/56/63/13/500_F_256631324_f1Vbc3ytJgQOx2HnFPMUlXfXCxtqiy7E.jpg
000031.jpg,https://i.pinimg.com/originals/66/48/05/664805141e408c12d5bfa4eb961dca3c.jpg
000032.jpg,http://caninechronicle.com/wp-content/uploads/2017/11/19c-300x223.jpg
000033.jpg,https://kids.kiddle.co/images/thumb/0/0d/Bullmastif_555.jpg/558px-Bullmastif_555.jpg
000034.jpg,https://canna-pet.com/wp-content/uploads/2018/07/MastifFT4.jpg
000035.jpg,https://upload.wikimedia.org/wikipedia/commons/thumb/4/4b/Imagem_de_exemplar_padr%C3%A3o_OFB.png/320px-Imagem_de_exemplar_padr%C3%A3o_OFB.png
000036.jpg,https://cdn.images.express.co.uk/img/dynamic/1/590x/secondary/boxer-bull-mastiff-302064.jpg
000037.jpg,https://images.wagwalkingweb.com/media/daily_wag/name_guides/%7Bslug%7D/hero/1541076292.21/portuguese-dog-names.jpg
000038.jpg,http://bangertees.com/products/20566344.png
000039.jpg,https://c8.alamy.com/comp/XB7YG7/portrait-of-mastiff-dog-XB7YG7.jpg
000040.jpg,https://www.dogbreedslist.info/uploads/allimg/dog-pictures/Mastiff-2.jpg
000041.jpg,https://mastiffmaster.com/wp-content/uploads/2019/02/banned-mastiffs-sq.jpg
000042.jpg,https://rlv.zcache.com.au/pyrenean_mastiff_dog_love_bumper_sticker-r0503808d68c84e5284068fcdd250b0c4_v9wht_8byvr_307.jpg
000043.jpg,https://www.dogbreedinfo.com/images32/TerceiraMastiffFilaDeTerceiraExtinctDogBreedInfoDrawing2.jpg
000044.jpg,https://media.mercola.com/imageserver/public/2018/august/sarplaninac-dog.jpg
000045.jpg,https://m.media-amazon.com/images/I/A13usaonutL._CLa%7C2140,2000%7C71sZl8ETURL.png%7C0,0,2140,2000+0.0,0.0,2140.0,2000.0._UX342_.png
000046.jpg,https://mastiffmaster.com/wp-content/uploads/2019/06/What-Countries-Are-Mastiffs-Banned-2.png
000047.jpg,https://upload.wikimedia.org/wikipedia/commons/thumb/b/bd/Dogue_de_Bordeaux.jpg/700px-Dogue_de_Bordeaux.jpg
000048.jpg,https://www.attractive-dogs.com/images/375x315/chien/_/20180705140819_chiens-shetland-sheepdog-37f43d92-7c2d-2e04-f1bf-32947785b90b.jpg
000049.jpg,https://riahorter.com/index_htm_files/10451@2x.jpg
000050.jpg,https://g77v3827gg2notadhhw9pew7-wpengine.netdna-ssl.com/wp-content/uploads/2018/07/Mastiff8.jpg
