image,source
000001.jpg,https://cdn3-www.dogtime.com/assets/uploads/2011/01/file_23176_belgian-tervuren-460x290.jpg
000002.jpg,https://cdn3-www.dogtime.com/assets/uploads/gallery/belgian-tervuren-dog-breed-pictures/1-stance.jpg
000003.jpg,https://vetstreet.brightspotcdn.com/dims4/default/54e411e/2147483647/crop/0x0%2B0%2B0/resize/645x380/quality/90/?url=https%3A%2F%2Fvetstreet-brightspot.s3.amazonaws.com%2F5c%2Fe5d190a67311e087a80050568d634f%2Ffile%2FBelgian-Tervuren-4-645mk062311.jpg
000004.jpg,https://d17fnq9dkz9hgj.cloudfront.net/breed-uploads/2018/08/belgian-shepherd-tervuren-detail.jpg?bust=1535565226&width=355
000005.jpg,https://upload.wikimedia.org/wikipedia/commons/thumb/8/81/Char-Ma%E2%80%99s_The_Chosen_One.jpg/220px-Char-Ma%E2%80%99s_The_Chosen_One.jpg
000006.jpg,https://upload.wikimedia.org/wikipedia/commons/thumb/9/99/Tervueren.jpg/220px-Tervueren.jpg
000007.jpg,https://s3.amazonaws.com/cdn-origin-etr.akc.org/wp-content/uploads/2017/11/13000601/Belgian-Tervuren-MP.jpg
000008.jpg,https://vetstreet-brightspot.s3.amazonaws.com/33/520ce0a67311e087a80050568d634f/file/Belgian-Tervuren-3-645mk062311.jpg
000009.jpg,https://s3.amazonaws.com/cdn-origin-etr.akc.org/wp-content/uploads/2017/11/29201539/Belgian-Tervuren.3.jpg
000010.jpg,https://i.ytimg.com/vi/pm92tnM2q9w/maxresdefault.jpg
000011.jpg,https://upload.wikimedia.org/wikipedia/commons/thumb/c/c5/Himbis_Happy_Hana.jpg/220px-Himbis_Happy_Hana.jpg
000012.jpg,http://static.ddmcdn.com/en-us/apl/breedselector/images/breed-selector/dogs/breeds/belgian-tervuren_01_lg.jpg
000013.jpg,https://images.wagwalkingweb.com/media/breed/belgian-tervuren/appearance/belgian-tervuren.png
000014.jpg,https://cdn.shopify.com/s/files/1/0994/0236/files/tervuren-dog-crate-size_large.png?v=1539190924
000015.jpg,https://vetstreet.brightspotcdn.com/dims4/default/f42138e/2147483647/crop/0x0%2B0%2B0/resize/645x380/quality/90/?url=https%3A%2F%2Fvetstreet-brightspot.s3.amazonaws.com%2Ffa%2Fdcc5d0a67211e087a80050568d634f%2Ffile%2FBelgian-Tervuren-1-645mk062311.jpg
000016.jpg,https://cdn.omlet.co.uk/images/cache/512/768/Dog-Belgian_Tervuren-An_adult_Belgian_Tervuren_with_a_lovely,_healthy_coat.jpg
000017.jpg,https://vetdnacenter.com/wp-content/uploads/Belgian-Tervuren.jpg
000018.jpg,https://dgicdplf3pvka.cloudfront.net/images/dogbreeds/large/Belgian-Tervuren.jpg
000019.jpg,https://www.dogbreedinfo.com/images16/BelgianTervurenRiotstandpath2.jpg
000020.jpg,https://cdn.omlet.co.uk/images/cache/512/768/Dog-Belgian_Tervuren-A_Belgian_Tervuren_puppy_sat_to_attention.jpg
000021.jpg,https://www.dogbreedreview.com/wp-content/uploads/2018/02/Belgian-Tervuren-1-758x591.jpg
000022.jpg,https://sspc1.b-cdn.net/wp-content/uploads/puppies/Belgian-Tervuren-On-White-01.jpg
000023.jpg,https://s3.amazonaws.com/cdn-origin-etr.akc.org/wp-content/uploads/2017/11/29201354/Belgian-Tervuren.care_.jpg
000024.jpg,https://doglime.com/wp-content/uploads/2019/03/All-About-Belgian-Tervuren-Dog-Breeds.jpg
000025.jpg,https://espree-53db.kxcdn.com/collateral/3913505D-1C53-4D00-BC7D-6355B2D446B7.jpg
000026.jpg,https://i.ytimg.com/vi/CLbkoBNsRdE/hqdefault.jpg
000027.jpg,https://i.pinimg.com/originals/c7/e2/7c/c7e27c09f8533b53c4499dfe76d17ae7.jpg
000028.jpg,http://static.ddmcdn.com/en-us/apl/breedselector/images/breed-selector/dogs/breeds/belgian-tervuren_03_lg.jpg
000029.jpg,https://dogbreedatlas.com/images/dog-breed-photos/tervuren/001/tervuren-1491477564-1.jpg
000030.jpg,https://ckcusa.com/media/147465/belgian-sheepdog-tervuren.jpg?preset=ckcBreedImage375
000031.jpg,https://3d4igz27oxtl2iwox73y9smh-wpengine.netdna-ssl.com/wp-content/uploads/2018/10/cute-belgian-tervuren-puppy-yawning.jpg
000032.jpg,https://images-ra.adoptapet.com/seo/1/mj/192_m1.jpg
000033.jpg,https://www.dogbreedslist.info/uploads/allimg/dog-pictures/Belgian-Shepherd-Tervuren-3.jpg
000034.jpg,https://gfp-2a3tnpzj.stackpathdns.com/wp-content/uploads/2018/06/Belgian-Tervuren-Puppies-for-Sale.jpg
000035.jpg,http://pedigreedoghealth.org/wp-content/uploads/2009/10/Belgian-Tervuren.jpg
000036.jpg,https://cdn.mysmelly.com/image:/sitefs/perm/pi/b/q/b/t/401.300.0_rrt3xcxzbkw7.jpg
000037.jpg,https://indulgeyourpet.com/wp-content/uploads/Belgian-Tervuren-Puppy.png
000038.jpg,https://www.iams.com/breedselector/images/9c923f97352b45fe9ee37fcc3a6eb612.jpg
000039.jpg,https://www.carealotpets.com/images/breeding/dog-breeds/BelgianTervuren.jpg
000040.jpg,https://thumbs.dreamstime.com/z/two-belgian-shepherd-tervuren-dogs-running-outside-over-path-55823562.jpg
000041.jpg,http://www.dogspotters.com/dog-breed-photos/belgterv.jpg
000042.jpg,http://www.dogzone.com/images/breeds/tervuren-dog.jpg
000043.jpg,https://www.dogtemperament.com/wp-content/uploads/2018/10/belgian-tervuren2.jpg
000044.jpg,https://www.yourpurebredpuppy.com/dogbreeds/photos-AB/belgiantervurenf3.jpg
000045.jpg,https://vetstreet.brightspotcdn.com/dims4/default/110c80e/2147483647/thumbnail/645x380/quality/90/?url=https%3A%2F%2Fvetstreet-brightspot.s3.amazonaws.com%2Fbb%2Fd3%2F947479b74210a1b3f1df25e178a6%2Fbelgian-tervueren-ap-1qzfwb-645-x-380.jpg
000046.jpg,https://media.istockphoto.com/photos/tervuren-dog-belgian-shepherd-portrait-in-snowy-winter-belgischer-picture-id922099736
000047.jpg,https://www.petguide.com/wp-content/uploads/2013/04/belgian-tervuren.jpg
000048.jpg,https://i.pinimg.com/originals/7b/a7/a5/7ba7a561f4a182bcb6ea4da314f7f4ea.jpg
000049.jpg,https://www.nbcsports.com/sites/nbcsports.com/files/2018/11/21/nbc_dog_herding_belgiantervuren_v2_181119.jpg
000050.jpg,https://images.wagwalkingweb.com/media/daily_wag/name_guides/%7Bslug%7D/hero/1537180675.78/belgian-tervuren-dog-names.jpg
