image,source
000001.jpg,https://s3.amazonaws.com/cdn-origin-etr.akc.org/wp-content/uploads/2017/11/22192528/Thai-Ridgeback1.jpg
000002.jpg,https://s3.amazonaws.com/cdn-origin-etr.akc.org/wp-content/uploads/2017/11/22204051/Thai-Ridgeback.4.jpg
000003.jpg,https://vetstreet-brightspot.s3.amazonaws.com/bc/538450c82511e09b940050568d6ceb/file/Thai-Ridgeback-2-AP-645km081611.jpg
000004.jpg,https://www.dogbreedinfo.com/images31/ThaiRidgebackDogsRarePurebredJulieNavineeWinner.jpg
000005.jpg,https://www.dogbreedslist.info/uploads/allimg/dog-pictures/Thai-Ridgeback-1.jpg
000006.jpg,https://www.dogbreedslist.info/uploads/allimg/dog-pictures/Thai-Ridgeback-2.jpg
000007.jpg,http://www.dogzone.com/images/breeds/thai-ridgeback.jpg
000008.jpg,https://4.bp.blogspot.com/-dedzGJNAmAg/Wbxe4BDOy4I/AAAAAAAAGdk/8UN__XTfS80qv8wp91DhFLhb6vg_KDscACLcBGAs/s1600/Thai-ridgeback-1.jpg
000009.jpg,https://www.pets4homes.co.uk/images/breeds/395/large/0f462e06a79409ebb8b33dcace7404d7.jpg
000010.jpg,https://www.thephuketnews.com/photo/listing/1368347010_1.jpg
000011.jpg,https://images.ctfassets.net/w00x6p5qkejz/6sNuxvLvaMCAceWYke6y0E/bee7c49f9d62d0fdcec633b70c135157/Thai_Ridgeback_B_W_Small_File.png
000012.jpg,https://dogsaholic.com/wp-content/uploads/2018/06/Thai-Ridgeback-standing-on-ground-810x876.jpg
000013.jpg,https://i.pinimg.com/originals/67/63/0e/67630e4f9220e95c8a65c194e8df9d62.jpg
000014.jpg,https://s3.amazonaws.com/cdn-origin-etr.akc.org/wp-content/uploads/2017/11/12193155/Thai-Ridgeback-MP.jpg
000015.jpg,https://img.dog-learn.com/dog-breeds/thai-ridgeback/thai-ridgeback-i1.jpg
000016.jpg,https://www.101dogbreeds.com/wp-content/uploads/2017/12/Blue-Thai-Ridgeback.jpg
000017.jpg,https://upload.wikimedia.org/wikipedia/commons/d/d6/Thai-Ridgeback.jpg
000018.jpg,https://images-ra.adoptapet.com/seo/1/ff/561_ff.jpg
000019.jpg,https://doglime.com/wp-content/uploads/2019/05/Thai-Ridgeback-Behavior.jpg
000020.jpg,https://i.pinimg.com/originals/61/b1/b8/61b1b8a4f96eb4c6bf5c1d628e614503.jpg
000021.jpg,http://www.bluestone-kennels.co.nz/assets/Uploads/Gallery/_resampled/croppedimage580400-Ice-day-Matt-took-him-home-6.jpg
000022.jpg,https://thumbs.dreamstime.com/z/thai-ridgeback-dog-posing-front-white-background-79368737.jpg
000023.jpg,https://www.101dogbreeds.com/wp-content/uploads/2017/12/Thai-Ridgeback.jpg
000024.jpg,https://static.pawdiet.com/global/img/breeds/thai-ridgeback.jpg
000025.jpg,https://s3.amazonaws.com/cdn-origin-etr.akc.org/wp-content/uploads/2017/11/12223626/Thai-Ridgeback-On-White-01.jpg
000026.jpg,https://img.dog-learn.com/dog-breeds/thai-ridgeback/thai-ridgeback-running-i2-sz14.jpg
000027.jpg,https://www.pets4homes.co.uk/images/articles/4679/large/the-thai-ridgeback-a-rare-breed-thats-gaining-popularity-in-the-uk-5aad108ad07e7.jpg
000028.jpg,https://www.pets4homes.co.uk/images/breeds/395/large/97b3f80744d883e38a73d2d2d165aa90.jpg
000029.jpg,https://www.101dogbreeds.com/wp-content/uploads/2017/12/Ridgeback-Thai.jpg
000030.jpg,https://static1.viovet.co.uk/breeds/s0b253-breeds-c275x500.jpeg
000031.jpg,http://ipfactly.com/wp-content/uploads/2016/01/Black_female_Thai_Ridgeback.jpeg?31623f
000032.jpg,https://previews.123rf.com/images/fotojagodka/fotojagodka1512/fotojagodka151200017/50563449-thai-ridgeback-dog-sits-in-front-of-white-background.jpg
000033.jpg,https://media.mnn.com/assets/images/2017/05/Thai-Ridgeback-dog.jpg.638x0_q80_crop-smart.jpg
000034.jpg,http://www.thairidgebackusa.com/images/gringo.jpg
000035.jpg,https://i.pinimg.com/736x/f8/56/8f/f8568ff98b2a5612b669e9bb2ed3b3fe.jpg
000036.jpg,https://dgicdplf3pvka.cloudfront.net/images/dogbreeds/1100260.jpg
000037.jpg,https://animalso.com/wp-content/uploads/2018/07/thai-ridgeback-1.jpg
000038.jpg,https://uploads.tapatalk-cdn.com/20180903/7ce7214533ab9d42dd44fb0942402a88.jpg
000039.jpg,http://ipfactly.com/wp-content/uploads/2016/01/Fenced_Thai_ridgeback.jpg?31623f
000040.jpg,https://static3.bigstockphoto.com/5/6/2/large1500/265434955.jpg
000041.jpg,http://www.bluestone-kennels.co.nz/assets/Uploads/Gallery/_resampled/croppedimage580400-Vogue-Gage-Shyne.JPG
000042.jpg,https://st3.depositphotos.com/1121376/19194/i/1600/depositphotos_191948580-stock-photo-thai-ridgeback-on-walk-in.jpg
000043.jpg,http://www.veanimals.com/images/stories/dog/thaiRidgback1.jpg
000044.jpg,https://i.ytimg.com/vi/-_gDW3kEaVU/maxresdefault.jpg
000045.jpg,https://primitivedogs.com/wp-content/uploads/2015/08/Thai-Ridgeback-breed-featured-800x324.jpg
000046.jpg,https://previews.123rf.com/images/keattikorn/keattikorn1010/keattikorn101000119/7947701-thai-ridgeback-dog-in-happy-emotion.jpg
000047.jpg,https://i.pinimg.com/736x/7f/bb/cd/7fbbcda86e17d6b8e9c41d0a48b12928.jpg
000048.jpg,https://previews.123rf.com/images/kseniyaresphoto/kseniyaresphoto1801/kseniyaresphoto180100009/92820129-two-thai-ridgeback-dog-staying-on-the-forest.jpg
000049.jpg,http://2.bp.blogspot.com/-RhEwW9rmztE/TXzqxmitonI/AAAAAAAAAQs/fmQSi-sDu7o/s400/Thai%2BRidgeback%2BPuppy%2BBest%2BPhotos%2B02.jpg
000050.jpg,http://ipfactly.com/wp-content/uploads/2016/01/Thai_Ridgeback.jpg
