image,source
000001.jpg,https://i.ytimg.com/vi/p_JDlPOQ6LQ/hqdefault.jpg
000002.jpg,https://upload.wikimedia.org/wikipedia/commons/d/da/%E0%B8%9A%E0%B8%B2%E0%B8%87%E0%B9%81%E0%B8%81%E0%B9%89%E0%B8%A7.jpg
000003.jpg,http://primitivedogs.com/wp-content/uploads/2016/10/Thai-Bangkaew-watching.jpg
000004.jpg,https://www.dogbreedinfo.com/images31/ThaiBangkaewdogRareBreedDogBetty3YearsOld1.jpg
000005.jpg,https://previews.123rf.com/images/frank600/frank6001604/frank600160400213/56363034-cute-thai-bangkaew-dog-puppies.jpg
000006.jpg,https://images.wagwalkingweb.com/media/breed/thai-bangkaew/appearance/thai-bangkaew.png
000007.jpg,https://dogsaholic.com/wp-content/uploads/2018/07/Thai-Bangkaew-Dog-standing.jpg
000008.jpg,http://www.dogzone.com/images/breeds/thai-bangkaew-dog.jpg
000009.jpg,https://brit-petfood.com/file/nodes/product/thajsky%20spic.JPG
000010.jpg,https://live.staticflickr.com/3167/3089250818_9f58f3e061.jpg
000011.jpg,https://www.101dogbreeds.com/wp-content/uploads/2018/06/Thai-Bangkaew-Dog.jpg
000012.jpg,https://dogsaholic.com/wp-content/uploads/2018/07/Thai-Bangkaew-Dog-standing-on-yard-680x595.jpg
000013.jpg,https://images.wagwalkingweb.com/media/breed/thai-bangkaew/hero/thai-bangkaew.jpg
000014.jpg,https://www.101dogbreeds.com/wp-content/uploads/2018/06/Images-of-Thai-Bangkaew-Dog.jpg
000015.jpg,http://primitivedogs.com/wp-content/uploads/2016/10/Thai-Bangkaew-Dog-on-a-leash.jpg
000016.jpg,https://www.thephuketnews.com/photo/listing/1408097827_1.jpg
000017.jpg,https://previews.123rf.com/images/tanisorn/tanisorn1609/tanisorn160900055/65317273-thai-bangkaew-dog-bangkaew-puppy-portrait.jpg
000018.jpg,https://i.pinimg.com/236x/9f/ca/af/9fcaaf368969880fe5a94a3ab35ea0d5--puppy-love-dog-breeds.jpg
000019.jpg,https://dogsaholic.com/wp-content/uploads/2018/07/Thai-Bangkaew-Dog-standing-on-grass-680x512.jpg
000020.jpg,https://www.101dogbreeds.com/wp-content/uploads/2018/06/Thai-Bangkaew-Puppy.jpg
000021.jpg,https://www.dogbreedslist.info/uploads/allimg/dog-pictures/Thai-Bangkaew-Dog-2.jpg
000022.jpg,https://www.101dogbreeds.com/wp-content/uploads/2018/06/Pictures-of-Thai-Bangkaew-Dog.jpg
000023.jpg,http://www.thaibangkaewdog.hu/pictures/colour-1.jpg
000024.jpg,https://www.dogbreedslist.info/uploads/allimg/dog-pictures/Thai-Bangkaew-Dog-3.jpg
000025.jpg,http://www.thaibangkaewdog.hu/pictures/colour-3.jpg
000026.jpg,https://www.dogzone.com/images/breeds/thai-bangkaew-dog-800.jpg
000027.jpg,https://dogsaholic.com/wp-content/uploads/2018/07/Thai-Bangkaew-Dog-walking-680x474.jpg
000028.jpg,https://thumbs.dreamstime.com/z/thai-bangkaew-dog-bangkaew-puppy-portrait-77596611.jpg
000029.jpg,http://www.gopetsamerica.com/dog_breeds/pics/thai-bangkaew-dog-1.jpg
000030.jpg,https://previews.123rf.com/images/tanisorn/tanisorn1607/tanisorn160700002/62149908-thai-bangkaew-dog-bangkaew-puppy-portrait.jpg
000031.jpg,https://upload.wikimedia.org/wikipedia/commons/thumb/b/be/Thai_Bangkaew_Dog_2.jpg/200px-Thai_Bangkaew_Dog_2.jpg
000032.jpg,https://www.dogbreedinfo.com/images31/ThaiBangkaewdogRareBreedDogBetty3YearsOld2.jpg
000033.jpg,https://primitivedogs.com/wp-content/uploads/2016/10/Thai-Bangkaew-Dog-featured.jpg
000034.jpg,https://images-na.ssl-images-amazon.com/images/I/61k4ZqDjpjL.jpg
000035.jpg,https://nationalpurebreddogday.com/wp-content/uploads/2017/03/Screen-Shot-2017-03-31-at-10.53.00-PM.png
000036.jpg,https://upload.wikimedia.org/wikipedia/commons/e/ec/Thai_Bangkaew_Dog.jpg
000037.jpg,https://www.mypetdesire.com/myadmin/assets/img/post/blog_316_Thai_Bangkaew_Dog_400X400.png
000038.jpg,https://i.redd.it/2cf7r7jtyam21.png
000039.jpg,https://image.freepik.com/free-photo/thai-bangkaew-dog-thai_7182-524.jpg
000040.jpg,https://i.pinimg.com/originals/5e/4f/ba/5e4fba4a10db79a78aae6c968a11d10f.jpg
000041.jpg,https://img.pixers.pics/pho_wat(s3:700/FO/43/23/48/16/700_FO43234816_efb43e4345bdea5b264fd2a53b6634a6.jpg,467,700,cms:2018/10/5bd1b6b8d04b8_220x50-watermark.png,over,247,650,jpg)/wall-murals-thai-bangkaew-dog-close-up.jpg.jpg
000042.jpg,https://t4.ftcdn.net/jpg/00/99/30/79/500_F_99307997_MVTbHyhIIe0Oz3nuWoGVlrIeEOcDsCT5.jpg
000043.jpg,https://comps.canstockphoto.com/thai-bangkaew-dog-in-the-garden-stock-images_csp50478953.jpg
000044.jpg,https://previews.123rf.com/images/tanisorn/tanisorn1609/tanisorn160900066/65317304-thai-bangkaew-dog-bangkaew-puppy-in-cage-bangkaew-puppy-portrait.jpg
000045.jpg,https://i.ebayimg.com/00/s/MTAyNFgxMDI0/z/j0cAAOSw~jJcdS74/$_86.JPG
000046.jpg,http://www.dogwallpapers.net/wallpapers/thai-bangkaew-dog-puppy-photo.jpg
000047.jpg,http://www.alldogstickers.com/media/catalog/product/cache/1/image/9df78eab33525d08d6e5fb8d27136e95/t/h/thai_bangkaew_dog-101.jpg
000048.jpg,https://comps.canstockphoto.com/thai-bangkaew-dog-in-the-garden-stock-photo_csp50478942.jpg
000049.jpg,https://images-na.ssl-images-amazon.com/images/I/41MCD4DjEHL._SX331_BO1,204,203,200_.jpg
000050.jpg,https://image.shutterstock.com/image-photo/thai-bangkaew-dog-450w-1128400997.jpg
