image,source
000001.jpg,https://www.purina.com.au/-/media/Project/Purina/Main/Breeds/Dog/Mobile/Dog_Tibetan-Mastiff_Mobile.jpg?h=300&la=en&w=375&hash=9A220EBC80EC1B71E4903B312C1D447C
000002.jpg,https://www.holidogtimes.com/wp-content/uploads/2016/04/tibetan-mastiff-facts-cover-1.png
000003.jpg,https://d17fnq9dkz9hgj.cloudfront.net/breed-uploads/2018/08/tibetan-mastiff-detail.jpg?bust=1535566708&width=355
000004.jpg,https://cdn1-www.dogtime.com/assets/uploads/gallery/tibetan-mastiff-dog-breed-pictures/tibetan-mastiff-breed-pictures-11_0.jpg
000005.jpg,https://i2.wp.com/puppytoob.com/wp-content/uploads/2014/08/Tibetan-Mastiff-Pics.jpg?resize=749%2C468
000006.jpg,https://3.bp.blogspot.com/-8USAMqfVoKk/V9sUsoixKaI/AAAAAAAAE_I/rolracPY2qIF-aniujSnHeGe6VBCyYbuwCLcB/s1600/Tibetan-Mastiff-photo.png
000007.jpg,https://i.ytimg.com/vi/7kHFz9O5rFY/maxresdefault.jpg
000008.jpg,https://i.pinimg.com/originals/6e/b0/84/6eb08482de08df42e6a182257255d727.jpg
000009.jpg,https://now.tufts.edu/sites/default/files/180720_mastiff_tibet_lg.jpg
000010.jpg,https://livewire.org.au/wp-content/uploads/2018/12/Tibetan-Mastiff-and-puppy.jpg
000011.jpg,https://upload.wikimedia.org/wikipedia/commons/d/dc/WangdurivoiraTM.jpg
000012.jpg,https://www.pets4homes.co.uk/images/classifieds/2018/05/08/1915417/large/lion-tibetan-mastiff-breeding-plans-2018-5b0e518646f4e.jpg
000013.jpg,https://usercontent1.hubstatic.com/13561846_f496.jpg
000014.jpg,https://www.dogbreedslist.info/uploads/allimg/dog-pictures/Tibetan-Mastiff-2.jpg
000015.jpg,https://www.highedgetibetanmastiffs.com/wp-content/uploads/2017/02/Tibetan-Mastiff-Puppy-Health-Tips-1024x640.jpg
000016.jpg,https://www.showsightmagazine.com/files/news/5baa3198892981.72087762.jpg
000017.jpg,https://www.insurdinary.ca/wp-content/uploads/2019/06/Tibetan-Mastiff.jpg
000018.jpg,https://d17fnq9dkz9hgj.cloudfront.net/breed-uploads/2018/08/tibetan-mastiff-card-small.jpg?bust=1535567726
000019.jpg,https://i.ytimg.com/vi/N23Yn8F5LmY/hqdefault.jpg
000020.jpg,https://indulgeyourpet.com/wp-content/uploads/Tibetan-Mastiff-Puppy.png
000021.jpg,https://www.chinasmack.com/wp-content/uploads/chinasmack/2015/04/Tibetan-Mastiff.jpg
000022.jpg,https://www.petguide.com/wp-content/uploads/2013/10/tibetan-mastiff.jpg
000023.jpg,https://thenypost.files.wordpress.com/2014/03/tibet.jpg?quality=90&strip=all
000024.jpg,http://www.pethealthnetwork.com/sites/default/files/content/images/tibetan-mastiff179469705.png
000025.jpg,https://pics.me.me/tibetan-mastiff-27220039.png
000026.jpg,https://www.k9rl.com/wp-content/uploads/2016/07/Mastiff-Breeds-Authentic-Tibetan-Mastiff.jpg
000027.jpg,http://www.dogcarehelp.com/wp-content/uploads/2015/07/tibetan-mastiff.jpg
000028.jpg,https://vetstreet.brightspotcdn.com/dims4/default/c2fa5eb/2147483647/thumbnail/645x380/quality/90/?url=https%3A%2F%2Fvetstreet-brightspot.s3.amazonaws.com%2Fae%2F70%2F2c8d57db43379f6aa76aaee9111c%2Ftibetan-mastiff-3.jpg
000029.jpg,https://i.pinimg.com/originals/40/03/d8/4003d80dd813f4e419a3e1fca21b3876.jpg
000030.jpg,https://www.tibettravel.org/assets/images/tibet-tour-guide/tibet-animals-and-plants/tibetan-mastiff7.jpg
000031.jpg,https://cdn.omlet.co.uk/images/cache/1024/682/Dog-Tibetan_Mastiff-A_Tibetan_Mastiff_showing_off_it's_wonderful_large_paws_and_big,_bushy_coat.jpg
000032.jpg,https://www.interestingfacts.org/wp-content/uploads/2010/01/tibetan-mastiff.jpg
000033.jpg,https://cdn.akc.org/Marketplace/Breeds/Tibetan_Mastiff_SERP.jpg
000034.jpg,https://thebark.com/sites/default/files/styles/full/public/tibetanmastiffbody.jpg?itok=mio2gs_y
000035.jpg,https://www.fetchpetcare.com/wp-content/uploads/2018/01/img_3666.jpg
000036.jpg,https://static01.nyt.com/images/2015/04/17/world/17mastiff_watching/17mastiff_watching-facebookJumbo.jpg
000037.jpg,http://www.dogspotters.com/dog-breed-photos/tibemast.jpg
000038.jpg,https://n1.sdlcdn.com/imgs/d/9/b/Tibetan-Mastiff-SDL653555732-1-95505.jpg
000039.jpg,https://dogbreedsfaq.com/wp-content/uploads/Tibetan-Mastiff.jpg
000040.jpg,https://breedingbusiness.com/wp-content/uploads/2019/04/how-to-breed-tibetan-mastiffs-800x400.jpg
000041.jpg,https://img.mylot.com/3012971.jpeg
000042.jpg,https://animals.net/wp-content/uploads/2018/09/Tibetan-Mastiff-1-650x425.jpg
000043.jpg,https://vetstreet-brightspot.s3.amazonaws.com/4e/05cbb0c82611e09b940050568d6ceb/file/Tibetan-Mastiff-4-AP-645km081611.jpg
000044.jpg,https://media-cdn.tripadvisor.com/media/photo-s/0d/d1/11/84/tibetan-mastiff-with.jpg
000045.jpg,https://www.modernmolosser.com/sites/default/files/styles/slideshow/public/field/image/Valley%20hongdo%201d.jpg?itok=h7XuYEFr
000046.jpg,https://i1.wp.com/puppytoob.com/wp-content/uploads/2017/07/Tibetan-Mastiff-Puppy.jpg?resize=751%2C514
000047.jpg,https://cdn.omlet.co.uk/images/cache/1024/682/Dog-Tibetan_Mastiff-A_Tibetan_Mastiff_with_an_incredible_black,_soft,_thick_coat.jpg
000048.jpg,https://www.pets4homes.co.uk/images/breeds/131/large/b47492a6ddfe6a63e878360be0ac133b.jpg
000049.jpg,https://usercontent1.hubstatic.com/12601906_f520.jpg
000050.jpg,https://static.euronews.com/articles/260528/602x338_260528.jpg
