image,source
000001.jpg,https://upload.wikimedia.org/wikipedia/commons/6/62/Toy_Bulldog_Little_Knot_1903.jpg
000002.jpg,https://i.pinimg.com/originals/e7/7b/7e/e77b7e59726738d48f0cc7645c3a0287.jpg
000003.jpg,https://www.dogbreedslist.info/uploads/allimg/dog-pictures/Toy-Bulldog-2.jpg
000004.jpg,https://www.dogbreedslist.info/uploads/allimg/dog-pictures/Toy-Bulldog-3.jpg
000005.jpg,https://animalsadda.com/wp-content/uploads/2015/11/Toy-Bulldog-7.jpg
000006.jpg,https://animalsbreeds.com/wp-content/uploads/2014/07/Toy-Bulldog-9.jpg
000007.jpg,https://animalsbreeds.com/wp-content/uploads/2014/07/Toy-Bulldog-3.jpg
000008.jpg,https://ae01.alicdn.com/kf/HTB1Bsh6QVXXXXcxXpXXq6xXFXXXF/new-3D-plush-bulldog-toy-simulation-sitting-bulldog-pillow-gift-about-45x40cm.jpg
000009.jpg,https://i.ytimg.com/vi/Gd1Y2zJiOC8/maxresdefault.jpg
000010.jpg,https://animalsadda.com/wp-content/uploads/2015/11/Toy-Bulldog-8.jpg
000011.jpg,https://i.ebayimg.com/images/i/302784264558-0-1/s-l1000.jpg
000012.jpg,http://dogbreedstandards.com/wp-content/uploads/2013/04/Toy-Bulldog.jpg
000013.jpg,https://www.europuppy.com/wp-content/uploads/240-1024x640.jpg
000014.jpg,http://www.easypetmd.com/sites/default/files/Toybulldog%20(3).jpg
000015.jpg,https://www.teacupspuppies.com/wp-content/uploads/2017/07/english-bulldog-159-puppy-for-sale-503x705.jpg
000016.jpg,https://animalsbreeds.com/wp-content/uploads/2014/07/Toy-Bulldog-11.jpg
000017.jpg,https://miniature-englishbulldogs.com/images/bulldog-care04.jpg
000018.jpg,https://www.chelseadogs.com/blog/wp-content/uploads/2013/12/cute-english-bulldog-puppies.jpg
000019.jpg,https://i.ytimg.com/vi/_8Lqa_TKzME/maxresdefault.jpg
000020.jpg,https://www.doglib.com/wp-content/uploads/sites/2/to/toy-adorable-male-and-female-english-bulldog-puppies-for-free-adoption-breed.jpg
000021.jpg,https://banner2.kisspng.com/20180710/vpt/kisspng-toy-bulldog-dorset-olde-tyme-bulldogge-olde-englis-french-bulldog-english-bulldog-old-english-pug-5b4463abd81ba6.1940598915312086198852.jpg
000022.jpg,https://images-na.ssl-images-amazon.com/images/I/51G708QcLmL._SX425_.jpg
000023.jpg,http://secure.terrificpets.com/images/uploads/17348154541391_2.jpg
000024.jpg,https://www.wrinklebutts.com/wp-content/uploads/2018/10/7photo-e1556924742670.jpg
000025.jpg,http://www.royalfrenchel.com/wp-content/uploads/2017/11/micro-mini-center-page-1.jpg
000026.jpg,https://miniature-englishbulldogs.com/images/bulldog-care12.jpg
000027.jpg,https://www.animaroo.com/assets/sites/animaroo.com/img/breeds/img/toy-bulldog_medium.jpg?1359746072
000028.jpg,https://crazypetguy.com/wp-content/uploads/2018/05/english-bulldog-toy.jpg
000029.jpg,https://i.ebayimg.com/images/g/aKkAAOSwCyFbOtj4/s-l300.jpg
000030.jpg,https://i.pinimg.com/originals/60/52/e4/6052e467f4d6755cc58321273cbfa5c8.jpg
000031.jpg,https://images-na.ssl-images-amazon.com/images/I/61eFaRIfPJL._SX425_.jpg
000032.jpg,https://b.kisscc0.com/20180716/iw/kisscc0-french-bulldog-toy-bulldog-puppy-pug-bulldog-png-5b4d45cec20240.0571390415317907987947.jpg
000033.jpg,https://s3.amazonaws.com/cdn-origin-etr.akc.org/wp-content/uploads/2017/11/12233158/French-Bulldog-History-05.jpg
000034.jpg,http://www.easypetmd.com/sites/default/files/Toybulldog%20(1).jpg
000035.jpg,https://thumbs.dreamstime.com/z/english-bulldog-short-haired-breed-mastiff-type-dogs-against-background-green-blurred-grass-space-under-text-123304903.jpg
000036.jpg,https://cdn.imgbin.com/15/3/12/imgbin-french-bulldog-toy-bulldog-dorset-olde-tyme-bulldogge-white-english-bulldog-wild-dog-BLAyw9Cu4gk41RXVdMkpMVQrv.jpg
000037.jpg,http://puppydogpage.com/october/2016/abby1male21.JPG
000038.jpg,https://www.archiesonline.com/public/images/product/large/8907089541443.jpg
000039.jpg,https://prodimage.images-bn.com/pimages/0843479110760_p0_v1_s550x406.jpg
000040.jpg,https://ae01.alicdn.com/kf/HTB1dXqrXIfrK1Rjy1Xdq6yemFXaR/Ceramic-Bulldog-Statue-Abstract-Puppy-Sculpture-Modern-Animal-Figurine-French-American-British-Ornament-Pet-Toy-Gift.jpg_q50.jpg
000041.jpg,http://www.dogwallpapers.net/wallpapers/funny-toy-bulldog-wallpaper.jpg
000042.jpg,https://i.ytimg.com/vi/wAaqqvbfOac/maxresdefault.jpg
000043.jpg,https://i.pinimg.com/originals/3c/1d/0c/3c1d0caaa8a5ef57ade7cb2df45c26da.jpg
000044.jpg,https://crazypetguy.com/wp-content/uploads/2018/05/english-bulldog.jpg
000045.jpg,http://www.frenchbulldogclubofengland.org.uk/uploads/1/5/9/2/15927418/header_images/1361411053.jpg
000046.jpg,https://www.dhresource.com/0x0s/f2-albu-g6-M00-4B-57-rBVaSFrBqEuARzXSAACY-9wm8I8686.jpg/cartoon-resin-bulldog-dog-ornaments-puppy.jpg
000047.jpg,https://a.1stdibscdn.com/archivesE/upload/f_14742/f_6459963/DSC_1485165009683_master.JPG
000048.jpg,https://www.ukpets.com/blog/wp-content/uploads/2018/10/toy-bulldog-staring.jpg
000049.jpg,https://thehappypuppysite.com/wp-content/uploads/2018/05/best-toys-for-english-bulldogs.jpg
000050.jpg,https://www.jadremtoys.com.au/wp-content/uploads/Folkmanis-English-Bulldog-Puppy-1.jpg
