image,source
000001.jpg,https://cdn3-www.dogtime.com/assets/uploads/2011/01/file_23250_treeing-walker-coonhound-460x290.jpg
000002.jpg,https://d17fnq9dkz9hgj.cloudfront.net/breed-uploads/2018/08/treeing-walker-coonhound-detail.jpg?bust=1535566744&width=355
000003.jpg,https://images.wagwalkingweb.com/media/breed/treeing-walker-coonhound/appearance/treeing-walker-coonhound.png
000004.jpg,https://upload.wikimedia.org/wikipedia/commons/4/46/Treeing-walker-coonhound-standing.jpg
000005.jpg,https://vetstreet.brightspotcdn.com/dims4/default/2f8237f/2147483647/thumbnail/645x380/quality/90/?url=https%3A%2F%2Fvetstreet-brightspot.s3.amazonaws.com%2Fa6%2F66%2F1a0c470c4d859ef1755999168f1d%2Ftreeing-walker-coonhound-ap-qywzcw-645-x-380.jpg
000006.jpg,https://s3.amazonaws.com/cdn-origin-etr.akc.org/wp-content/uploads/2017/11/28154358/Treeing-Walker-Coonhound.jpg
000007.jpg,https://s3.amazonaws.com/cdn-origin-etr.akc.org/wp-content/uploads/2017/11/28173444/Treeing-Walker-Coonhound.young_.jpg
000008.jpg,https://images.ctfassets.net/w00x6p5qkejz/46UEebGCXuUy8U4QaKAYcK/1cb598d6640ecf78404bb17bc43b8185/Treeing_Walker_Coonhound3.png
000009.jpg,https://images-ra.adoptapet.com/seo/1/h/119_h.png
000010.jpg,https://cdn1-www.dogtime.com/assets/uploads/gallery/treeing-walker-coonhound-dog-breed-picutres/face-7.jpg
000011.jpg,https://vetstreet-brightspot.s3.amazonaws.com/3c/43e810c85a11e096760050568d6ceb/file/Treeing-Walker-Coonhound-1-AL-645km081611.jpg
000012.jpg,http://lasthopeanimalrescue.org/wp-content/uploads/2017/10/Nikki-300x272.jpg
000013.jpg,https://s3.amazonaws.com/cdn-origin-etr.akc.org/wp-content/uploads/2017/11/12223347/Treeing-Walker-Coonhound-MP.jpg
000014.jpg,https://www.nbcsports.com/sites/nbcsports.com/files/2017/11/28/nds_hou_treeingwalkercoonhound_171120.jpg
000015.jpg,http://www.dogspotters.com/dog-breed-photos/trewalco.jpg
000016.jpg,https://images.wagwalkingweb.com/media/breed/treeing-walker-coonhound/hero/treeing-walker-coonhound.jpg
000017.jpg,https://dl5zpyw5k3jeb.cloudfront.net/photos/pets/43882909/1/?bust=1548705526
000018.jpg,https://www.dogbreedslist.info/uploads/allimg/dog-pictures/Treeing-Walker-Coonhound-2.jpg
000019.jpg,https://i.pinimg.com/originals/07/72/70/077270fcfcd41050eeb716df8a22e123.jpg
000020.jpg,https://www.dogbreedslist.info/uploads/allimg/dog-pictures/Treeing-Walker-Coonhound-1.jpg
000021.jpg,https://upload.wikimedia.org/wikipedia/en/4/4a/Treeingwalkercoonhound_honeyb_2.png
000022.jpg,https://upload.wikimedia.org/wikipedia/commons/thumb/0/0c/Treeing_walker_coonhound.jpg/220px-Treeing_walker_coonhound.jpg
000023.jpg,https://www.sheknows.com/wp-content/uploads/2018/12/m2zsed7rufzytndxpjv0.jpeg
000024.jpg,http://www.pethealthnetwork.com/sites/default/files/styles/large/public/the-treeing-walker-coonhound92289303.png?itok=JQSipm6k
000025.jpg,https://www.dogbreedinfo.com/images28/TreeingWalkerCoonhoundPurebredDogJack4YearsOld3.jpg
000026.jpg,https://sspc.b-cdn.net/wp-content/uploads/puppies/Treeing-Walker-Coonhound-On-White-01.jpg
000027.jpg,https://www.dogs-and-dog-advice.com/image-files/treeing-walker-coonhound.jpg
000028.jpg,https://vetstreet-brightspot.s3.amazonaws.com/62/ec9ac0c85a11e096760050568d6ceb/file/Treeing-Walker-Coonhound-2-AL-645km081611.jpg
000029.jpg,https://www.petguide.com/wp-content/uploads/2013/11/treeing-walker-coonhound-1.jpg
000030.jpg,https://s3.amazonaws.com/cdn-origin-etr.akc.org/wp-content/uploads/2017/11/28173850/TreeingWalkerCoonhound-care.jpg
000031.jpg,https://img.thrfun.com/img/117/261/treeing_walker_coonhound_x1.jpg
000032.jpg,https://i.pinimg.com/originals/13/8a/67/138a673972037e2c754bd59926632d2f.jpg
000033.jpg,https://www.nbcsports.com/sites/nbcsports.com/files/2015/11/23/nbc_dog_houtreeingwalkercoonhound_151118_1280x720_569456195628.jpg
000034.jpg,https://researchbreeder.com/images/Treeing-Walker-Coonhound-puppies.jpg
000035.jpg,https://www.petful.com/wp-content/uploads/2013/01/Treeing-Walker-Coonhound-1-750x469.jpg
000036.jpg,http://www.ucadogs.com/images/treeing_walker_coonhound_4.jpg
000037.jpg,https://dgicdplf3pvka.cloudfront.net/images/dogbreeds/1100266.jpg
000038.jpg,https://indulgeyourpet.com/wp-content/uploads/Treeing-Walker-Coonhound-Puppy.png
000039.jpg,http://bib.ge/dogs/big/23621.jpg
000040.jpg,https://dl5zpyw5k3jeb.cloudfront.net/photos/pets/43699454/1/?bust=1546713991
000041.jpg,https://images.ctfassets.net/w00x6p5qkejz/5a72apZrUcCEQwqGawWwCo/a77e9cb270c2bc70b1b44faf1ab433ab/Treeing_Walker_Coonhound1.png
000042.jpg,https://i.ytimg.com/vi/E8ncGiwRbm4/maxresdefault.jpg
000043.jpg,https://dusupply-876369.c.cdn77.org/media/catalog/product/cache/e4d64343b1bc593f1c5348fe05efa4a6/m/u/music_to_my_ears_-_treeing_walker_print.jpg
000044.jpg,https://res.cloudinary.com/fwkc-production/image/upload/c_fit,dpr_3.0,f_auto,g_center,h_430,q_auto,w_768/v1/fwkc/import/840
000045.jpg,https://i.ytimg.com/vi/4FhEyOwnw4E/maxresdefault.jpg
000046.jpg,https://www.vetarena.org/gallery/image-754.l.jpg
000047.jpg,http://www.dogwallpapers.net/wallpapers/funny-treeing-walker-coonhound-dog-photo.jpg
000048.jpg,https://alchetron.com/cdn/treeing-walker-coonhound-b833dde3-3b4b-4d34-bb25-42a0084246e-resize-750.jpeg
000049.jpg,https://dogsaholic.com/wp-content/uploads/2018/08/treeing-walker-coonhound-dog-names-810x540.jpg
000050.jpg,https://a-z-animals.com/media/animals/images/470x370/american_coonhound2.jpg
