image,source
000001.jpg,https://img.dog-learn.com/dog-breeds/treeing-tennessee-brindle/treeing-tennessee-brindle-i12-sz14.jpg
000002.jpg,https://i.pinimg.com/236x/80/d7/89/80d7897a9e8cc9bbc8f200616c2209ed--catahoula-cur-farm-dogs.jpg
000003.jpg,https://images.wagwalkingweb.com/media/breed/treeing-tennessee-brindle/hero/treeing-tennessee-brindle.jpg
000004.jpg,https://i.ytimg.com/vi/_IA2MmkFAuc/maxresdefault.jpg
000005.jpg,https://cdn2-www.dogtime.com/assets/uploads/gallery/treeing-tennessee-brindle-dog-breed-pictures/laying-2_680-453.jpg
000006.jpg,https://cdn3-www.dogtime.com/assets/uploads/2011/01/file_23280_what-is-a-treeing-tennessee-brindle-dog.jpg
000007.jpg,https://i.ytimg.com/vi/mphJkOknflM/hqdefault.jpg
000008.jpg,https://upload.wikimedia.org/wikipedia/commons/b/be/Sienna_TTBD.jpg
000009.jpg,https://s3.amazonaws.com/cdn-origin-etr.akc.org/wp-content/uploads/2017/11/12205436/Treeing-Tennessee-Brindle-History-01.jpg
000010.jpg,https://s3.amazonaws.com/cdn-origin-etr.akc.org/wp-content/uploads/2017/11/12205430/Treeing-Tennessee-Brindle-on-White-01.jpg
000011.jpg,https://images.wagwalkingweb.com/media/breed/treeing-tennessee-brindle/appearance/treeing-tennessee-brindle.png
000012.jpg,https://i.pinimg.com/originals/2f/f4/82/2ff4823d22ff925cb50cc5736a6991be.jpg
000013.jpg,https://dgicdplf3pvka.cloudfront.net/images/dogbreeds/1100365.jpg
000014.jpg,https://www.101dogbreeds.com/wp-content/uploads/2017/01/Treeing-Tennessee-Brindle-Dog.jpg
000015.jpg,http://www.dogvog.com/wp-content/uploads/2018/04/Treeing-tennessee.jpg
000016.jpg,http://www.homeatlastrescue.org/images/pets/dogs/meyer2.jpg
000017.jpg,https://www.101dogbreeds.com/wp-content/uploads/2017/01/Treeing-Tennessee-Brindle.jpg
000018.jpg,https://s3.amazonaws.com/cdn-origin-etr.akc.org/wp-content/uploads/2017/11/12205438/Treeing-Tennessee-Brindle-Care.jpg
000019.jpg,https://www.101dogbreeds.com/wp-content/uploads/2017/01/Treeing-Tennessee-Brindle-Mix.jpg
000020.jpg,https://pawbe.com/images/breed/308.jpg
000021.jpg,https://puppydogweb.com/gallery/treeingtennesseebrindles/treeingtenesseebrindle_rossos.jpg
000022.jpg,http://www.bib.ge/dogs/big/23613.jpg
000023.jpg,https://pawsofcoronado.org/wp-content/uploads/2017/10/camella-in-the-yard-edit.jpg
000024.jpg,https://i.pinimg.com/originals/be/09/09/be09096e524df51f4a2e35034c95503b.jpg
000025.jpg,https://upload.wikimedia.org/wikipedia/commons/4/41/Mtncur.png
000026.jpg,https://i1.wp.com/puppytoob.com/wp-content/uploads/2018/06/Treeing-Tennessee-Brindle-4.jpg?resize=751%2C448
000027.jpg,https://img4.dogthelove.com/201810/2019/0509/bc/3/583206/original.jpg
000028.jpg,http://bib.ge/dogs/big/23611.jpg
000029.jpg,https://s3.amazonaws.com/cdn-origin-etr.akc.org/wp-content/uploads/2017/11/12205445/Treeing-Tennessee-Brindle-MP.jpg
000030.jpg,http://www.dogzone.com/images/breeds/treeing-tennessee-brindle.jpg
000031.jpg,https://s3.amazonaws.com/filestore.rescuegroups.org/3325/pictures/animals/9632/9632946/32444084_500x668.jpg
000032.jpg,https://www.thepaws.net/wp-content/uploads/2019/01/Treeing-Tennessee-Brindle-dog-1.jpg
000033.jpg,https://www.101dogbreeds.com/wp-content/uploads/2017/01/Treeing-Tennessee-Brindles.jpg
000034.jpg,https://img.dog-learn.com/dog-breeds/treeing-tennessee-brindle/treeing-tennessee-brindle-i13-sz3.jpg
000035.jpg,http://cayugadogrescue.org/2011/1/Sophie/2.jpg
000036.jpg,http://4leggers.com/wp-content/uploads/2016/11/f-treeing-tennessee-brindle-4LEGGERS.jpg
000037.jpg,http://dogzonenyc.com/wp-content/uploads/Treeing-Tennessee-Brindle.jpg
000038.jpg,https://ckcusa.com/media/147881/treeing-tennessee-brindle.jpg?preset=ckcBreedImage375
000039.jpg,https://bobandsuewilliams.com/images/treeing-tennessee-brindle-huge-6.jpg
000040.jpg,http://rosaliegoes.co/wp-content/uploads/2018/07/treeing-tennessee-brindle-price.jpg
000041.jpg,http://cayugadogrescue.org/2011/1/Sophie/1.jpg
000042.jpg,https://banner2.kisspng.com/20180701/rcq/kisspng-dog-breed-treeing-tennessee-brindle-mountain-cur-p-pet-adoption-5b38970f5871d2.9559341215304353433623.jpg
000043.jpg,https://alchetron.com/cdn/treeing-tennessee-brindle-9ac586ad-eb3a-4114-867a-2321187536f-resize-750.jpeg
000044.jpg,http://ttbba.tripod.com/sitebuildercontent/sitebuilderpictures/webpage.jpg
000045.jpg,https://i.redd.it/v3dmw05tv6gz.jpg
000046.jpg,https://topicimages.mrowl.com/large/vanessasaprincess/dogbreeds/foundationstoc/treeingtenness_1.jpg
000047.jpg,https://cdn.shopify.com/s/files/1/0994/0236/files/treeing-tennessee-brindle-dog-crate-size_large.jpg?v=1561929515
000048.jpg,https://animalso.com/wp-content/uploads/2017/11/Treeing-Tennessee-Brindle-1024x1024.jpg
000049.jpg,https://www.worldlydogs.com/uploads/5/2/2/3/52234445/5198274_orig.png
000050.jpg,https://res-1.cloudinary.com/embark/image/upload/a_0,b_auto,c_fill_pad,g_auto,h_400,w_766/v1/ui/b1mesrfbdr1tdcpzchkb
