image,source
000001.jpg,http://www.dogwallpapers.net/wallpapers/trigg-hound-photo.jpg
000002.jpg,https://i.ytimg.com/vi/qwgG_hTVzzQ/maxresdefault.jpg
000003.jpg,https://images.wagwalkingweb.com/media/breed/%7Bslug%7D/hero/1532693544.63/Trigg-Hound.jpg
000004.jpg,http://i205.photobucket.com/albums/bb297/fgrimm/Scan0010_010.jpg
000005.jpg,http://i205.photobucket.com/albums/bb297/fgrimm/DSCF0019.jpg
000006.jpg,https://alchetron.com/cdn/trigg-hound-a4606b51-10e9-48bf-adab-7d88e98d645-resize-750.jpeg
000007.jpg,https://www.doglib.com/wp-content/uploads/sites/2/tr/trigg-males-breed.jpg
000008.jpg,https://upload.wikimedia.org/wikipedia/en/d/dc/Dick%27s_Dog_%28Trigg_Hound%29.png
000009.jpg,https://www.doglib.com/wp-content/uploads/sites/2/tr/trigg-t-breed.jpg
000010.jpg,https://bigdogbreeds.info/wp-content/uploads/2019/01/Trigg-Hound-dog-characteristics.jpg
000011.jpg,https://upload.wikimedia.org/wikipedia/en/c/c2/Ned_%28Trigg%29.png
000012.jpg,http://www.dutch-stafford.com/Site_T/Trigg%20Hound/trigg-hound.gif
000013.jpg,https://i.pinimg.com/originals/43/aa/6b/43aa6b4c0670cadff08dbd0387a949b6.jpg
000014.jpg,http://fullcrytriggfoxhoundkennel.com/uploads/3/4/3/4/34348789/433011_orig.jpg
000015.jpg,https://images-na.ssl-images-amazon.com/images/I/51tx%2B4AZyAL._SX466_.jpg
000016.jpg,https://images-na.ssl-images-amazon.com/images/I/51FLYcqrvfL._SR600%2C315_PIWhiteStrip%2CBottomLeft%2C0%2C35_SCLZZZZZZZ_.jpg
000017.jpg,http://fullcrytriggfoxhoundkennel.com/uploads/3/4/3/4/34348789/kerry-beagle-1-300x300_1.jpg?352
000018.jpg,https://upload.wikimedia.org/wikipedia/commons/e/e7/AmericanFoxhound2.jpg
000019.jpg,https://cdn.britannica.com/s:300x300/53/11753-004-176D7726.jpg
000020.jpg,https://i.ytimg.com/vi/S_N7mp-aw1A/hqdefault.jpg
000021.jpg,https://media.nextechclassifieds.com/img/listings/bl/bluetickman/listing_pic_730065_1392595305.jpeg
000022.jpg,http://www.dogbreedstandards.com/wp-content/uploads/2013/04/Finnish-Hound.jpg
000023.jpg,http://www.fullcrytriggfoxhoundkennel.com/uploads/3/4/3/4/34348789/8604175.jpg?457
000024.jpg,http://i44.tinypic.com/9qvea1.jpg
000025.jpg,https://vetstreet-brightspot.s3.amazonaws.com/e9/579150a41a11e087a80050568d634f/file/American-Foxhound-1-645mk062311.jpg
000026.jpg,https://i.ytimg.com/vi/M2ymA3WS5V8/hqdefault.jpg
000027.jpg,https://upload.wikimedia.org/wikipedia/commons/0/03/The_American_fox-hound_-_embracing_a_history_of_the_celebrated_Trigg%2C_Birdsong_and_Maupin_strains_%281890%29_%2814563116230%29.jpg
000028.jpg,https://images-na.ssl-images-amazon.com/images/I/51i59U6u%2BoL._SX466_.jpg
000029.jpg,http://i42.tinypic.com/2myc5yu.jpg
000030.jpg,https://upload.wikimedia.org/wikipedia/commons/a/a2/The_American_fox-hound_-_embracing_a_history_of_the_celebrated_Trigg%2C_Birdsong_and_Maupin_strains_%281890%29_%2814747453484%29.jpg
000031.jpg,http://dogbreedstandards.com/wp-content/uploads/2012/11/treeing-walker-coonhoung.jpg
000032.jpg,http://www.davidhancockondogs.com/archives/archive_399_493/images/409/409G.jpg
000033.jpg,https://t3.ftcdn.net/jpg/02/57/92/10/240_F_257921018_2XNzCkHFnoJNaekju5iX0eJ2qd8q73Xz.jpg
000034.jpg,https://thehappypuppysite.com/wp-content/uploads/2018/12/American-Foxhound-long.jpg
000035.jpg,https://ckcusa.com/media/147796/running-walker-foxhound.jpg?preset=ckcBreedImage375
000036.jpg,http://fullcrytriggfoxhoundkennel.com/uploads/3/4/3/4/34348789/2014-young-hounds-043_1_orig.jpg
000037.jpg,http://www.davidhancockondogs.com/archives/archive_310_398/images/361/361-1%20HOUND%20TYPES.jpg
000038.jpg,https://i0.wp.com/onpasture.com/wp-content/uploads/2018/02/Trigg-gyps.png?resize=300%2C342
000039.jpg,https://t3.ftcdn.net/jpg/02/46/15/26/240_F_246152683_ocgGra6CLQGJI1r2QLvfIcirrX2YdMeH.jpg
000040.jpg,https://www.europetnet.com/images/dummy-dog.jpg
000041.jpg,http://www.petsworld.in/blog/wp-content/uploads/2015/06/American-foxhound-2.jpg
000042.jpg,http://i579.photobucket.com/albums/ss233/nycoyotehounds77/bb012.jpg
000043.jpg,https://puppiesforsaleontario.com/images/2018/08/04/13febizn0v50.jpg
000044.jpg,https://images-na.ssl-images-amazon.com/images/I/61rq-k-UorL._UY606_.jpg
000045.jpg,https://img.voofla.com/3/1437143409875687/picture?type=large
000046.jpg,http://i60.tinypic.com/2j33dpe.jpg
000047.jpg,http://www.cartesbiggamehounds.com/uploads/6/8/9/8/6898638/header_images/1409963328.jpg
000048.jpg,http://www.agraria.org/cani/trigghound1.JPG
000049.jpg,https://i.pinimg.com/736x/d3/94/21/d39421d4f6e394e82f0054ca257e4fc7--american-foxhound-little-dogs.jpg
000050.jpg,http://dogbreedstandards.com/wp-content/uploads/2013/03/Artois-Hound.jpg
