image,source
000001.jpg,https://www.petguide.com/wp-content/uploads/2018/02/tyrolean-hound.jpg
000002.jpg,https://www.dogzone.com/images/breeds/tyrolean-hound.jpg
000003.jpg,https://www.101dogbreeds.com/wp-content/uploads/2016/08/Tyrolean-Hound-Images.jpg
000004.jpg,https://upload.wikimedia.org/wikipedia/commons/d/d0/Tiroler_Bracke.jpg
000005.jpg,https://www.petguide.com/wp-content/uploads/2018/02/tyrolean-hound-1.jpg
000006.jpg,https://www.101dogbreeds.com/wp-content/uploads/2016/08/Tyrolean-Hound.jpg
000007.jpg,https://i.pinimg.com/236x/5b/d1/47/5bd14790bd8d535537ca53ec81d0043f.jpg
000008.jpg,https://2puppies.com/api/media/cache/breed_photo/Tyrolean-Hound/Tyrolean-Hound-1.jpg
000009.jpg,https://images.wagwalkingweb.com/media/breed/tyrolean-hound/hero/Tyrolean-Hound.jpg
000010.jpg,https://dogsbreedusa.online/wp-content/uploads/2018/12/Tyrolean-Hound-Puppies.jpg
000011.jpg,https://images.puppyfinder.com/Breed/1/e/f/1ef081b095c47987_788_image1_medium.jpg
000012.jpg,https://www.petpaw.com.au/wp-content/uploads/2014/09/Tyrolean-Hound6-710x575.jpg
000013.jpg,https://i.pinimg.com/236x/a0/df/23/a0df230ff8714072aa82fe7eb8970b24--central-europe-hound-dog-puppies.jpg
000014.jpg,https://images-na.ssl-images-amazon.com/images/I/51xDMY5X3BL._SX466_.jpg
000015.jpg,https://c8.alamy.com/comp/X13HM9/tyrolean-hound-X13HM9.jpg
000016.jpg,https://wds2018.com/wp-content/uploads/2017/05/tirolerbracke-01.jpg
000017.jpg,https://c8.alamy.com/comp/X3J0WP/tyrolean-hound-hound-dog-tyrol-austria-europe-X3J0WP.jpg
000018.jpg,https://live.staticflickr.com/6017/6011370392_2e7654a8a5_b.jpg
000019.jpg,https://www.101dogbreeds.com/wp-content/uploads/2016/08/Tyroler-Bracke.jpg
000020.jpg,https://fscomps.fotosearch.com/compc/IMB/IMB002/tyrolean-hound-or-tiroler-bracke-stock-photo__iblfox02440709.jpg
000021.jpg,https://cdn.shopify.com/s/files/1/2548/4866/articles/basics-of-dog-breed-tyrolean-hound_800x.jpg?v=1538122715
000022.jpg,https://previews.agefotostock.com/previewimage/medibigoff/c60004b7330daf5f27c686bed41c00b3/ssj-133277.jpg
000023.jpg,http://www.furrycritter.com/fcn/assets/img/dogs/Tyrolean_Hound.jpg
000024.jpg,https://thumbs.dreamstime.com/z/tyrolean-hound-8340340.jpg
000025.jpg,https://c8.alamy.com/comp/ERK99E/tyrolean-hound-ERK99E.jpg
000026.jpg,https://previews.agefotostock.com/previewimage/medibigoff/c2337a479242db9aaf019207046a8f67/ssj-175389.jpg
000027.jpg,https://images-na.ssl-images-amazon.com/images/I/51CNLVMz5OL._SX450_.jpg
000028.jpg,https://banner2.kisspng.com/20180330/edw/kisspng-austrian-black-and-tan-hound-black-and-tan-coonhou-dogs-5abe41f8b01220.2970795815224181687212.jpg
000029.jpg,http://www.tiptopglobe.com/big-photo/tyrolean-hound-dog-standard-4.jpg
000030.jpg,https://i.ytimg.com/vi/7sTxLb5-66g/maxresdefault.jpg
000031.jpg,https://fscomps.fotosearch.com/compc/IMB/IMB002/tyrolean-hound-hound-dog-tyrol-stock-photo__iblfox02463339.jpg
000032.jpg,https://www.petpremium.com/wp-content/uploads/ppbr/breeds/tyrolean-hound_profile_350x400.jpg
000033.jpg,https://www.doglib.com/wp-content/uploads/sites/2/ty/tyrolean-treeing-walker-coonhound-dog-breed.jpg
000034.jpg,https://i.pinimg.com/originals/50/fc/ab/50fcab2abcd168408e6088cb9ccaf969.jpg
000035.jpg,https://bigdogbreeds.info/wp-content/uploads/2019/01/Tyrolean-Hound-dog-temperament.jpg
000036.jpg,http://www.gopetsamerica.com/hounds/tyrolean_hound.jpg
000037.jpg,http://4.bp.blogspot.com/_LYxGQn08RU4/SZyngyOKjhI/AAAAAAAAEII/32lnabnLjPk/s400/Tiroler+Bracke+TYROLEAN+HOUND2.jpg
000038.jpg,https://i.ytimg.com/vi/eIWYvgDAJ7g/hqdefault.jpg
000039.jpg,https://c8.alamy.com/comp/XE3718/tyrolean-hound-XE3718.jpg
000040.jpg,https://www.ukcdogs.com/images/breeds/tyrolean-hound.jpg
000041.jpg,https://images.fineartamerica.com/images/artworkimages/mediumlarge/1/tyrolean-hound-in-watercolor-pablo-romero.jpg
000042.jpg,http://petshoptop.com/media/31/be/b4/31beb41824b307d9f0deb076f8f9ee3b/56f531a795bf1.jpg
000043.jpg,https://fscomps.fotosearch.com/compc/IMB/IMB002/tyrolean-hound-hound-dog-tyrol-stock-photo__iblfox02463338.jpg
000044.jpg,https://previews.agefotostock.com/previewimage/medibigoff/aaff9495de2bec25b862bf66694d294d/ssj-114195.jpg
000045.jpg,https://images-wixmp-ed30a86b8c4ca887773594c2.wixmp.com/f/abb77c2a-1ae5-4624-b220-1da069ba667e/dciedv8-b63d4028-b9f8-4765-8922-1064f76b3a40.png?token=eyJ0eXAiOiJKV1QiLCJhbGciOiJIUzI1NiJ9.eyJzdWIiOiJ1cm46YXBwOjdlMGQxODg5ODIyNjQzNzNhNWYwZDQxNWVhMGQyNmUwIiwiaXNzIjoidXJuOmFwcDo3ZTBkMTg4OTgyMjY0MzczYTVmMGQ0MTVlYTBkMjZlMCIsIm9iaiI6W1t7InBhdGgiOiJcL2ZcL2FiYjc3YzJhLTFhZTUtNDYyNC1iMjIwLTFkYTA2OWJhNjY3ZVwvZGNpZWR2OC1iNjNkNDAyOC1iOWY4LTQ3NjUtODkyMi0xMDY0Zjc2YjNhNDAucG5nIn1dXSwiYXVkIjpbInVybjpzZXJ2aWNlOmZpbGUuZG93bmxvYWQiXX0.9F2E7qrcXrBOa4d2LtF9IvRCs8TJzGmHRAPKmlVdzmo
000046.jpg,http://www.dogwallpapers.net/wallpapers/tyrolean-hound-winter-photo.jpg
000047.jpg,https://i3.wp.com/www.mascotarios.org/wp-content/gallery/sabueso-del-tirol/tiroler-bracke7.jpg
000048.jpg,https://78.media.tumblr.com/453fa55b03af38b1825ab47030c29efc/tumblr_n9felzavEf1sgny1bo1_500.jpg
000049.jpg,https://images.puppyfinder.com/Breed/b/0/c/b0c8f32b3fda3ce5_579_image1.jpg
000050.jpg,https://www.livelife.guide/wp-content/uploads/2018/08/8369528050_bd7bc5dcf1_z-470x300.jpg
