image,source
000001.jpg,https://i.ytimg.com/vi/SgpJBmbKFyY/hqdefault.jpg
000002.jpg,https://www.doglib.com/wp-content/uploads/sites/2/va/vanjari-picture-of-array-irish-wolfhound-dog-s-irish-wolfhound-dog-pictures-breed.jpg
000003.jpg,https://t1.ea.ltmcdn.com/en/images/4/3/3/indian_dog_breed_mudhol_hound_1334_2_600.jpg
000004.jpg,https://www.doglib.com/wp-content/uploads/sites/2/va/vanjari-vanjari-hound-breed.jpg
000005.jpg,http://4.bp.blogspot.com/-7J_8JcbYuOQ/UblAbI773fI/AAAAAAAABX0/W1HGA9UXT78/s400/Alangu.jpg
000006.jpg,https://www.animalssale.com/uploads/breed/breeds-2/vanjarihound.jpg
000007.jpg,https://indiapups.com/wp-content/uploads/2018/05/CaravanHoundscloseupsherry1.jpg
000008.jpg,http://cdn2.walkthroughindia.com/wp-content/uploads/2016/07/Chippiparai-Dog.jpg
000009.jpg,https://indiapups.com/wp-content/uploads/2018/05/mudhol.jpg
000010.jpg,https://animalsfacts.net/wp-content/uploads/2017/06/Mudhol-Hound-1-e1458304480939.jpg
000011.jpg,https://barkpost.com/wp-content/uploads/2016/02/caravan-hound-2.jpg
000012.jpg,https://3.bp.blogspot.com/-ZMfyC286KBU/W7z01jK9uZI/AAAAAAAAEig/rXGtnsTrNwcw0Oa_fe4Zx2cCC5YhrkdNACLcBGAs/s1600/725px-Caravan_hound_Closeupfire.jpg
000013.jpg,http://www.farmingarms.com/admin/images/breeds/18511.jpg
000014.jpg,http://cdn2.walkthroughindia.com/wp-content/uploads/2017/12/Indian_Dog-600x400.jpg
000015.jpg,http://nattumadu.in/wp-content/uploads/2018/02/The-mascot-of-the-2002-Indian-National-Games-was-Veera-an-Ongole-Bull.-2.png
000016.jpg,https://i.pinimg.com/originals/42/29/d0/4229d07a5873497e8e49fbdb1786dbe6.png
000017.jpg,https://i.barkpost.com/wp-content/uploads/2016/02/santal-hound-2.jpg?q=70&fit=crop&crop=entropy&w=808&h=500
000018.jpg,https://t2.ea.ltmcdn.com/en/images/4/3/3/indian_dog_breed_banjara_hound_1334_12_600.jpg
000019.jpg,http://nattumadu.in/wp-content/uploads/2018/02/Banjara-hound2-e1517872426128.jpg
000020.jpg,https://upload.wikimedia.org/wikipedia/commons/a/a5/Kanni.jpg
000021.jpg,http://www.dogwallpapers.net/wallpapers/cute-rampur-greyhound-dogs-wallpaper.jpeg
000022.jpg,https://upload.wikimedia.org/wikipedia/commons/thumb/b/b7/Bistrita_2015_%2822%29.jpg/320px-Bistrita_2015_%2822%29.jpg
000023.jpg,http://upload.wikimedia.org/wikipedia/en/2/28/Combai_dog.jpg
000024.jpg,http://www.davidhancockondogs.com/archives/archive_671_728/images/711/711N%20SLOUGHI.jpg
000025.jpg,https://upload.wikimedia.org/wikipedia/commons/thumb/3/3f/Karungkanni.jpg/388px-Karungkanni.jpg
000026.jpg,https://dogell.com/uploads/breed/thumb_basset-hound.jpg
000027.jpg,https://barkpost.com/wp-content/uploads/2016/02/caravan-hound-1.jpg
000028.jpg,https://dogell.com/uploads/breed/thumb_beagle.jpg
000029.jpg,http://www.davidhancockondogs.com/archives/archive_671_728/images/711/711R%20COURSING%20HOUND.jpg
000030.jpg,https://t2.ea.ltmcdn.com/en/images/4/3/3/breed_of_indian_dog_rampur_greyhound_1334_9_600.jpg
000031.jpg,https://images-na.ssl-images-amazon.com/images/I/41qsT5oDm9L._SX331_BO1,204,203,200_.jpg
000032.jpg,http://cdn2.walkthroughindia.com/wp-content/uploads/2018/03/Indian_Dog.jpg
000033.jpg,https://dogbreedsfaq.com/wp-content/uploads/Vanjari-Hound-puppy-in-a-crate-224x300.jpg
000034.jpg,https://bigdogbreeds.info/wp-content/uploads/2019/01/Vanjari-Hound-dog-breed.jpg
000035.jpg,https://dogbreedsfaq.com/wp-content/uploads/bakharwal-dog-breed-standing.jpg
000036.jpg,http://www.farmingarms.com/admin/images/breeds/25638.jpg
000037.jpg,https://prodimage.images-bn.com/pimages/9781981337118_p0_v1_s550x406.jpg
000038.jpg,https://upload.wikimedia.org/wikipedia/commons/b/b1/Hellenic_Hound_aka_Hellinikos_Ichnilatis.jpg
000039.jpg,http://petgroup.org/sites/default/files/36781anglo_francais_de_petite_venerie.jpg
000040.jpg,http://creature-companions.in/wp-content/uploads/2019/05/2-3.jpg
000041.jpg,https://yt3.ggpht.com/a/AGF-l7_aPevVMMqjRRuJpwm5Y9Xfn_t8pt01Gl9qqw=s800-mo-c-c0xffffffff-rj-k-no
000042.jpg,https://indiandogbreeds.in/wp-content/uploads/2014/10/chippiparaibanner.jpg
000043.jpg,https://www.europetnet.com/images/dogbreeds/weimaraner.jpg
000044.jpg,https://www.walikali.com/wp-content/uploads/2018/09/Webp.net-compress-image-41-2.jpg
000045.jpg,https://i.pinimg.com/736x/ae/fa/70/aefa705b8babc3aa2e14a85b193a9fb5--color-patterns-italian-greyhound.jpg
000046.jpg,http://chestofbooks.com/animals/dogs/Dogs-All-Nations/images/Rampur-Greyhound.jpg
000047.jpg,https://i5.walmartimages.com/asr/1f9fbf74-afb5-421f-b275-cd5dca9d7190_1.02da6ed43a20d2cf539eabea94d0dd56.jpeg?odnHeight=450&odnWidth=450&odnBg=FFFFFF
000048.jpg,https://images-na.ssl-images-amazon.com/images/I/51FA8SEO%2BWL._UX425_.jpg
000049.jpg,https://scontent-yyz1-1.cdninstagram.com/vp/284db44b5d29547ff2c44a9f19e1eb24/5D8A99F7/t51.2885-15/e35/23734251_127461281282333_5987608332486049792_n.jpg?_nc_ht=scontent-yyz1-1.cdninstagram.com
000050.jpg,https://www.dogspot.in/puppies/images/1383490500788.JPG
