image,source
000001.jpg,https://elalano.files.wordpress.com/2014/04/8003a6_d44f65beed034685b86835e0df848bd1-jpg_srz_p_348_399_75_22_0-50_1-20_0-00_jpg_srz.jpeg
000002.jpg,http://www.villano-encartaciones.es/images/intro/intro-2.jpg
000003.jpg,http://molosserdogs.com/gallery/albums/userpics/13793/chulst1~0.jpg
000004.jpg,http://www.villano-encartaciones.es/images/services/services.jpg
000005.jpg,https://www.petdarling.com/articulos/wp-content/uploads/2018/01/villano-de-carranza.jpg
000006.jpg,https://www.petdarling.com/articulos/wp-content/uploads/2018/01/perro-villano.jpg
000007.jpg,https://www.petdarling.com/articulos/wp-content/uploads/2017/12/villano-de-las-encartaciones-cachorros.jpg
000008.jpg,http://www.escaparatedemascotas.com/wp-content/uploads/2017/12/Villano-de-Las-Encartaciones-4-Copiar.jpg
000009.jpg,http://www.escaparatedemascotas.com/wp-content/uploads/2017/12/Villano-de-Las-Encartaciones-7-Copiar.jpg
000010.jpg,https://images11.eitb.eus/multimedia/images/2016/04/23/1927056/villano-encartaciones_foto610x342.jpg
000011.jpg,https://www.euskalabereak.eus/wp-content/uploads/2018/07/villano2.jpg
000012.jpg,http://www.dogzone.com/images/breeds/villano-de-las-encartaciones.jpg
000013.jpg,https://upload.wikimedia.org/wikipedia/commons/0/09/Villano_de_las_encartacines.JPG
000014.jpg,http://bp3.blogger.com/_MdQWKNctcjw/RtTV9GOdb5I/AAAAAAAADeE/CMJR5vrKnhk/s320/villanoblog2.jpg
000015.jpg,http://images.meteociel.fr/im/8918/az_mqs7.jpg
000016.jpg,https://upload.wikimedia.org/wikipedia/commons/b/b3/Billano_arra1.JPG
000017.jpg,http://www.villano-encartaciones.es/images/blog/villanoSTANDARD.jpg
000018.jpg,http://www.villano-encartaciones.es/images/slider-image/slider-1.jpg
000019.jpg,https://i.pinimg.com/originals/8d/e2/e7/8de2e72fd553d14bd94348bb91ed27c2.jpg
000020.jpg,http://www.escaparatedemascotas.com/wp-content/uploads/2017/12/Villano-de-Las-Encartaciones-5-Copiar.jpg
000021.jpg,https://www.petsmania.es/imagenes/razas/fotos_std/PRZ0578-000000003.jpg
000022.jpg,http://www.villano-encartaciones.es/images/blog/villanoSTANDARD3.jpg
000023.jpg,https://i.ytimg.com/vi/b1xxjutWq4g/maxresdefault.jpg
000024.jpg,http://www.villano-encartaciones.es/images/slider-image/slider-3.jpg
000025.jpg,http://bp1.blogger.com/_MdQWKNctcjw/RlxYquitEZI/AAAAAAAACQg/l8bYCyutf0g/s320/Poncio.jpg
000026.jpg,https://img.milanuncios.com/fg/2881/71/288171605_1.jpg?VersionId=mKApQIu5kMVICMWw0veBIYajMkhNdVKN
000027.jpg,https://live.staticflickr.com/8472/8409702898_b73399e3d3_z.jpg
000028.jpg,http://molosserdogs.com/gallery/albums/userpics/11557/villanos%20de%20toros%2001~1.jpg
000029.jpg,http://www.villano-encartaciones.es/images/blog/nosotros-club-villano.jpg
000030.jpg,https://imgredirect.milanuncios.com/fg/3038/15/303815599_1.jpg?VersionId=iRPsUP95Xy.IEMTWIu.fKCqL3AA49ios
000031.jpg,https://s3-us-west-2.amazonaws.com/anchor-generated-image-bank/production/podcast_uploaded_episode400/1086717/1086717-1549813314022-0526bc503e82b.jpg
000032.jpg,https://www.dogbreedinfo.com/images5/villano.jpg
000033.jpg,http://www.escaparatedemascotas.com/wp-content/uploads/2017/12/Villano-de-Las-Encartaciones-9-Copiar.jpg
000034.jpg,https://images.puppyfinder.com/Breed/9/0/6/906055b4d51be3aa_792_image1.jpg
000035.jpg,https://alanosdecabezadevaca.vpweb.es/666_500_csupload_61447517.jpg?u=3613342062
000036.jpg,https://farm9.staticflickr.com/8362/8409708314_9004785f56_b.jpg
000037.jpg,https://farm8.staticflickr.com/7593/16824439015_3fac32a1c5.jpg
000038.jpg,https://i.skyrock.net/1438/85541438/pics/3149508424_1_14_Tg127V80.jpg
000039.jpg,https://1.bp.blogspot.com/-q9drUbZsBi8/WmHN73QJXfI/AAAAAAAAA5E/K_uACBflxyw9wNN44RFmkinHYvAHJ9IfwCLcBGAs/s1600/235512203_2.jpg
000040.jpg,https://i.ytimg.com/vi/T-hp_4jeAH8/hqdefault.jpg
000041.jpg,http://www.ladridos.es/images/Julio2018/_MG_1339.png
000042.jpg,http://i47.tinypic.com/357k02t.jpg
000043.jpg,http://www.villano-encartaciones.es/images/slider-image/slider-2.jpg
000044.jpg,https://i2.wp.com/www.mascotadomestica.com/wp-content/uploads/2012/04/Villano-de-las-Encartaciones-1.jpg?fit=350%2C233&ssl=1
000045.jpg,https://static.deia.eus/images/2018/05/02/turtzioz-feria_2073_11.jpg
000046.jpg,https://www.doglib.com/wp-content/uploads/sites/2/vi/villano-viewtopic-breed.jpg
000047.jpg,http://molosserdogs.com/gallery/albums/userpics/13793/clip1.jpg
000048.jpg,https://imgredirect.milanuncios.com/fg/3049/74/perros-de-caza/Villano-de-las-Encartaciones-304974097_2.jpg?VersionId=nSbjf5.jzY_lcyWcRxSA9FpJB4wZZylQ
000049.jpg,http://molosserdogs.com/gallery/albums/userpics/11557/%2CVillanos2.jpg
000050.jpg,http://galeon.hispavista.com/perrosvillanos/img/tres.jpg
