image,source
000001.jpg,https://thumbs.dreamstime.com/z/hunting-laika-siberian-taiga-west-costs-trees-60441900.jpg
000002.jpg,https://images.wagwalkingweb.com/media/breed/west-siberian-laika/hero/West-Siberian-Laika.jpg
000003.jpg,http://www.dogzone.com/images/breeds/west-siberian-laika.jpg
000004.jpg,https://i.ytimg.com/vi/1uqspR7G2h8/maxresdefault.jpg
000005.jpg,https://primitivedogs.com/wp-content/uploads/2016/07/West-Siberian-Laika-featured.jpg
000006.jpg,https://www.dogbreedslist.info/uploads/allimg/dog-pictures/West-Siberian-Laika-2.jpg
000007.jpg,https://upload.wikimedia.org/wikipedia/commons/2/2b/West_Siberian_Laika.jpg
000008.jpg,https://fairvet.com/uploads/dog_breeds/full/West-Siberian-Laika1438089633.jpeg
000009.jpg,https://www.dogbreedslist.info/uploads/allimg/dog-pictures/West-Siberian-Laika-3.jpg
000010.jpg,https://i.pinimg.com/236x/30/54/7d/30547d575d92ec08e57b40e45cf8cf54--spitz-dogs-winter-coats.jpg
000011.jpg,https://www.petguide.com/wp-content/uploads/2017/03/west-siberian-laika.jpg
000012.jpg,http://www.laikabreeds.com/graphics/wsl_male.jpg
000013.jpg,http://www.dogsfiles.com/mkportal/modules/dogsbase/albums/125/113103/foto71615.jpg
000014.jpg,https://www.dogbreedinfo.com/images24/WestSiberianLaikaREY2005Ukraine3.jpg
000015.jpg,http://www.dogsfiles.com/mkportal/modules/dogsbase/albums/125/113130/foto71625.jpg
000016.jpg,https://previews.123rf.com/images/pisotckii/pisotckii1702/pisotckii170200019/72813613-west-siberian-laika-in-winter-in-the-forest-on-the-yamal-peninsula.jpg
000017.jpg,https://www.dogbreedinfo.com/images25/WestSiberianLaikaTaiga4YearsOldPurebredDog2.jpg
000018.jpg,https://i.pinimg.com/236x/c0/2d/58/c02d58c251666233f0e8c43cacb466f1--xl-guard-dog.jpg
000019.jpg,https://www.petguide.com/wp-content/uploads/2016/08/east-siberian-laika.jpg
000020.jpg,http://www.easypetmd.com/sites/default/files/West_Siberian_Laika_1%20(5).jpg
000021.jpg,https://wds2018.com/wp-content/uploads/2017/05/Westsiberische-Laika.jpg
000022.jpg,https://s3.envato.com/files/250532790/65.jpg
000023.jpg,https://www.dogbreedinfo.com/images25/WestSiberianLaikaTaiga4YearsOldPurebredDog1.jpg
000024.jpg,https://static3.bigstockphoto.com/9/0/2/large1500/209168572.jpg
000025.jpg,https://www.breederfetch.com/images/breed-information/dog-pictures/west-siberian-laika-2.jpg
000026.jpg,https://www.dogzone.com/images/breeds/west-siberian-laika-puppy.jpg
000027.jpg,https://thumbs.dreamstime.com/z/bitch-dog-west-siberian-laika-backyard-58102475.jpg
000028.jpg,https://brit-petfood.com/file/nodes/product/zapadosibirskalajka.jpg/294x294/FIT
000029.jpg,https://i.ytimg.com/vi/65W6PMMXlnQ/maxresdefault.jpg
000030.jpg,https://st4.depositphotos.com/8067450/22536/i/1600/depositphotos_225362070-stock-photo-west-siberian-laika-russian-hunting.jpg
000031.jpg,http://primitivedogs.com/wp-content/uploads/2016/07/West-Siberian-Laika-treeing.jpg
000032.jpg,https://upload.wikimedia.org/wikipedia/commons/5/5f/West_Siberian_Laika_x_Gray_Wolf.png
000033.jpg,https://www.huntingnet.com/forum/attachments/hunting-dogs/34878d1526292899-west-siberian-laika-pups-sale-img_e9506.jpg
000034.jpg,https://alchetron.com/cdn/west-siberian-laika-1bfab568-6d2b-40b5-a74a-5a54d1c24e0-resize-750.jpeg
000035.jpg,https://c8.alamy.com/comp/BA7KBT/west-siberian-laika-BA7KBT.jpg
000036.jpg,https://t3.ftcdn.net/jpg/02/30/41/06/500_F_230410674_FpffjayeoYMJUzpV7rMTw8dlgOIRo1lu.jpg
000037.jpg,https://2puppies.com/api/media/cache/breed_photo/West-Siberian-Laika/West-Siberian-Laika-4.jpg
000038.jpg,http://salineriverlaikas.com/wp/wp-content/uploads/2012/10/DSC_0016.jpg
000039.jpg,https://res-4.cloudinary.com/embark/image/upload/a_0,b_auto,c_fill_pad,g_auto,h_650,w_766/v1/ui/nb17rrocdvvjzcnmay4g
000040.jpg,http://www.dogwallpapers.net/wallpapers/-west-siberian-laika-dogs-onside-wallpaper.jpg
000041.jpg,http://www.tiptopglobe.com/big-photo/west-siberian-laika-dog-standard-5.jpg
000042.jpg,https://images-na.ssl-images-amazon.com/images/I/41fcQJuCt7L._SX331_BO1,204,203,200_.jpg
000043.jpg,http://www.spineusart.be/westsiberischelaika/wp-content/uploads/nieuws-ma-13-153.jpg
000044.jpg,https://envato-shoebox-0.imgix.net/7485/93ac-1324-4d66-9fb3-c34f7c2a8309/80.jpg?auto=compress%2Cformat&fit=max&mark=https%3A%2F%2Felements-assets.envato.com%2Fstatic%2Fwatermark2.png&markalign=center%2Cmiddle&markalpha=18&w=700&s=d57fa99061b10fec2f6e0d57436e0a12
000045.jpg,https://www.dogbreedinfo.com/images24/WestSiberianLaikaREY2005Ukraine2.jpg
000046.jpg,https://c8.alamy.com/comp/BA8CK7/west-siberian-laika-BA8CK7.jpg
000047.jpg,https://doglime.com/wp-content/uploads/2019/06/West-Siberian-Laika.jpg
000048.jpg,http://www.easypetmd.com/sites/default/files/West_Siberian_Laika_1%20(1).jpg
000049.jpg,https://ckcusa.com/media/147898/west-siberian-laika.jpg?preset=ckcBreedImage375
000050.jpg,https://images.puppyfinder.com/Breed/2/7/e/27e6455532eefd76_799_image1_medium.jpg
