image,source
000001.jpg,https://previews.123rf.com/images/slava2271/slava22711710/slava2271171000009/87431997-purebred-adult-west-highland-white-terrier-dog-on-grass-in-the-garden-on-a-sunny-day-.jpg
000002.jpg,https://images-na.ssl-images-amazon.com/images/I/71BEIADV-CL.jpg
000003.jpg,https://cdn2-www.dogtime.com/assets/uploads/gallery/west-highland-white-terrier-dogs-and-puppies/west-highland-white-terrier-dogs-puppies-1.jpg
000004.jpg,https://upload.wikimedia.org/wikipedia/commons/2/2c/West_Highland_White_Terrier_Krakow.jpg
000005.jpg,https://img.pixers.pics/pho_wat(s3:700/FO/37/54/71/51/700_FO37547151_279fdc4d2fbb07a360364ef6bbf98e72.jpg,700,466,cms:2018/10/5bd1b6b8d04b8_220x50-watermark.png,over,480,416,jpg)/wall-murals-west-highland-white-terrier-puppies.jpg.jpg
000006.jpg,https://thehappypuppysite.com/wp-content/uploads/2017/07/Copy-of-Westie-A-Guide-To-The-West-Highland-White-Terrier-HP-long.jpg
000007.jpg,https://junkmailimages.blob.core.windows.net/large/55aa6d0be2154ee1b9e8a2c8e3698bc2.jpg
000008.jpg,https://vetstreet.brightspotcdn.com/dims4/default/2721a53/2147483647/crop/0x0%2B0%2B0/resize/645x380/quality/90/?url=https%3A%2F%2Fvetstreet-brightspot.s3.amazonaws.com%2F38%2Ff71e90a80f11e0a0d50050568d634f%2Ffile%2FWest-Highland-White-Terrier-1-645mk062911.jpg
000009.jpg,https://dinoanimals.com/wp-content/uploads/2018/10/West_Highland_White_Terrier_17.jpg
000010.jpg,https://bowwowinsurance.com.au/wp-content/uploads/2018/10/West-Highland-White-Terrier-Westie-isolated-sitting-700x700.jpg
000011.jpg,https://www.petful.com/wp-content/uploads/2015/05/West-Highland-White-Terrier-750x410.jpg
000012.jpg,https://cdn2-www.dogtime.com/assets/uploads/2011/01/file_23092_west-highland-white-terrier-460x290.jpg
000013.jpg,https://upload.wikimedia.org/wikipedia/commons/thumb/e/ec/West_Highland_White_Terrier.JPG/220px-West_Highland_White_Terrier.JPG
000014.jpg,https://d17fnq9dkz9hgj.cloudfront.net/breed-uploads/2018/08/west-highland-white-terrier-westie-detail.jpg?bust=1535566795&width=355
000015.jpg,https://cmkt-image-prd.global.ssl.fastly.net/0.1.0/ps/5344601/910/667/m2/fpnw/wm1/zgtqgbpg9cbryiubvujoe29fpjwencdlylzywwkarhxkzibjmgxv1pq7zzpgms69-.jpg?1541763969&s=64bc9e5793180b207b3b8f57b5f71314
000016.jpg,https://media.gettyimages.com/photos/highland-terrier-running-in-field-picture-id88548228?s=612x612
000017.jpg,https://img.pixers.pics/pho_wat(s3:700/FO/11/23/95/33/700_FO11239533_18ee98d8fcc4dafcbd8225fd7d2b5e48.jpg,700,496,cms:2018/10/5bd1b6b8d04b8_220x50-watermark.png,over,480,446,jpg)/wall-murals-west-highland-white-terrier.jpg.jpg
000018.jpg,https://upload.wikimedia.org/wikipedia/commons/thumb/a/a3/West_Highland_White_Terrier-2.jpg/220px-West_Highland_White_Terrier-2.jpg
000019.jpg,https://t1.pixers.pics/img-c676e9e9/canvas-prints-west-highland-white-terrier-autumn-scene.jpg?H4sIAAAAAAAAA42PSU7EMBBFr-OWnK7yHOcAve0jRIntNIEMlm0g4vQ4gNghoVrU-F_pw-uWhymAC1sJCdbZ-yXANC-1y10Kef4IRGlN8dLV6UIQa7W_heTSHkmjOG2YRKqxpYrX1ftQleuQXshTKTF3AFlc43xUXE0ug1szcGQaUIMySokpWM-4xT4ue9n2RuDB8Rq3B8Uz_o9sgSGo0bNRj61HObY953gobH4JX1hhWyq1OtE_Bg0iNaexkuaVVKd7vS7kOT4u8MfP7xqqCm534AY4A2XByHPU3-7ccKaskb2VfrI48sFog4OXyDw6dNK0SgjL9LV--QTsUHkbhgEAAA==
000020.jpg,https://www.dognutrition.com/wp-content/uploads/2019/05/West-Highland-White-Terrier-Dog-Breed-Adult.png
000021.jpg,https://images-na.ssl-images-amazon.com/images/I/415LaPW9SCL._SX331_BO1,204,203,200_.jpg
000022.jpg,https://i.ytimg.com/vi/sQ6cnqdKbcw/maxresdefault.jpg
000023.jpg,https://cmkt-image-prd.global.ssl.fastly.net/0.1.0/ps/5344583/910/806/m2/fpnw/wm1/h1ryxnwcutopvbboa63xc1itcpnepul85qd6gpqwwc7qgkg2zallup05kztqqkdj-.jpg?1541763945&s=f665aa91f42e5ca9c470718fdae5417c
000024.jpg,https://i.pinimg.com/originals/ab/5a/cc/ab5acccd113c89b16403ffd25171da2c.jpg
000025.jpg,https://www.verandaonhighland.com/wp-content/uploads/2018/07/purebred-westie-photo-1024x681.jpg
000026.jpg,https://previews.123rf.com/images/panama7/panama71707/panama7170700465/82815227-westie-dog-lies-on-the-groung-closeup-west-highland-white-terrier-commonly-known-as-the-westie-a-bre.jpg
000027.jpg,https://www.selectadogbreed.com/media/1082/westhighlandwhiteterrier_adult.jpg
000028.jpg,https://images-na.ssl-images-amazon.com/images/I/81HQHm87vGL.jpg
000029.jpg,https://media.istockphoto.com/photos/west-highland-white-terrier-puppy-picture-id493659344
000030.jpg,https://www.dogbreedslist.info/uploads/allimg/dog-pictures/West-Highland-White-Terrier-2.jpg
000031.jpg,http://www.allsmalldogbreeds.com/breeds/west-highland-white-terrier.jpg
000032.jpg,http://www.pethealthnetwork.com/sites/default/files/content/images/west-highland-white-terrie177514586.png
000033.jpg,https://westiegifts.com/11396-large_default/watercolour-westie-greetings-card-west-highland-white-terrier.jpg
000034.jpg,https://www.dogideas.net/wp-content/uploads/West-Highland-White-Terrier-Westie-Dogs.jpg
000035.jpg,https://free-classifieds-usa.com/oc-content/uploads/988/88655.jpg
000036.jpg,https://www.bravotv.com/sites/bravo/files/styles/blog-post-embedded--mobile/public/field_blog_image/2018/03/unleashed-westie.jpg?itok=rxHxKWfy
000037.jpg,https://www.yourpurebredpuppy.com/dogbreeds/photos-TZ/westhighlandwhiteterriers3.jpg
000038.jpg,https://whwtcgd.com/wp-content/uploads/2018/09/cropKIF_4276-1024x812.jpg
000039.jpg,https://previews.123rf.com/images/koljambus/koljambus1312/koljambus131200017/24197485-west-highland-white-terrier-puppies-isolated-over-white-background.jpg
000040.jpg,https://s3.amazonaws.com/cdn-origin-etr.akc.org/wp-content/uploads/2017/11/12213203/West-Highland-White-Terrier-on-White-04-400x267.jpg
000041.jpg,https://images-na.ssl-images-amazon.com/images/I/81VOOG6-tWL.jpg
000042.jpg,https://t4.ftcdn.net/jpg/01/72/74/81/500_F_172748151_EGTbzyr0JtIageRHcXm4k77zzbTUc6zh.jpg
000043.jpg,https://media.gettyimages.com/photos/small-westie-in-a-field-of-yellow-flowers-picture-id155368806?s=612x612
000044.jpg,https://fscomps.fotosearch.com/compc/CSP/CSP785/west-highland-white-terrier-stock-image__k7859152.jpg
000045.jpg,https://i.ebayimg.com/00/s/MTYwMFgxNjAw/z/bgEAAOSw8i9aeWZ~/$_57.JPG?set_id=8800005007
000046.jpg,https://thehappypuppysite.com/wp-content/uploads/2018/06/westiepoo-header.jpg
000047.jpg,https://i.etsystatic.com/13162770/r/il/56d438/1049797081/il_794xN.1049797081_o56b.jpg
000048.jpg,https://i.ebayimg.com/images/i/142898738726-0-1/s-l1000.jpg
000049.jpg,https://www.equipetstores.com/pub/media/catalog/product/cache/afad95d7734d2fa6d0a8ba78597182b7/m/y/my-family-west-highland-white-terrier-id-tag-2.jpg
000050.jpg,https://www.petguide.com/wp-content/uploads/2013/02/west-highland-white-terrier1.jpg
