image,source
000001.jpg,https://upload.wikimedia.org/wikipedia/commons/thumb/8/87/GCH_Int_Ch_UCH_Zerubbabel_von_Herrenhausen_CGC_MHA.jpg/220px-GCH_Int_Ch_UCH_Zerubbabel_von_Herrenhausen_CGC_MHA.jpg
000002.jpg,https://d17fnq9dkz9hgj.cloudfront.net/breed-uploads/2018/08/wirehaired-pointing-griffon-card-small.jpg?bust=1535567701
000003.jpg,https://i.pinimg.com/originals/32/05/6f/32056f4852ba9d3edf7a3130c51f2cf3.jpg
000004.jpg,https://s3.amazonaws.com/cdn-origin-etr.akc.org/wp-content/uploads/2017/11/02154707/Wirehaired-Pointing-Griffon.1.jpg
000005.jpg,https://cdn1-www.dogtime.com/assets/uploads/gallery/wirehaired-pointing-griffon-dog-breed-pictures/7-3qface.jpg
000006.jpg,https://vetstreet.brightspotcdn.com/dims4/default/c70e0a9/2147483647/thumbnail/645x380/quality/90/?url=https%3A%2F%2Fvetstreet-brightspot.s3.amazonaws.com%2F1f%2F85%2F3f587189400bbd4a0b241daa2ec9%2Fwirehaired-pointing-griffon-ap-1zzj1x.jpg
000007.jpg,https://cdn1-www.dogtime.com/assets/uploads/2011/01/file_23002_wirehaired-pointing-griffon-460x290.jpg
000008.jpg,https://d17fnq9dkz9hgj.cloudfront.net/breed-uploads/2018/08/wirehaired-pointing-griffon-detail.jpg?bust=1535566818&width=355
000009.jpg,https://www.petguide.com/wp-content/uploads/2013/10/wirehaired-pointing-griffon.jpg
000010.jpg,https://vetstreet-brightspot.s3.amazonaws.com/e4/cac800a81111e0a0d50050568d634f/file/Wirehaired-Pointing-Griffon-5-645mk062911.jpg
000011.jpg,https://www.pets4homes.co.uk/images/articles/1816/large/is-a-wirehaired-pointing-griffon-the-right-dog-for-you-53ba55e02647d.jpg
000012.jpg,https://i.pinimg.com/originals/79/a4/10/79a4105a90795f502b26ec4f6a2b0480.jpg
000013.jpg,https://vetstreet-brightspot.s3.amazonaws.com/ba/23e5a0a81111e0a0d50050568d634f/file/Wirehaired-Pointing-Griffon-3-645mk062911.jpg
000014.jpg,https://www.101dogbreeds.com/wp-content/uploads/2018/01/Wirehair-Pointing-Griffon.jpg
000015.jpg,https://www.pawsplaygrounds.com/wp-content/uploads/2017/03/wirehaired-pointing-griffon.jpg
000016.jpg,https://www.instituteofcaninebiology.org/uploads/1/9/6/9/19691109/2018-11-23-0829_1_orig.png
000017.jpg,https://www.dogbreedslist.info/uploads/allimg/dog-pictures/Wirehaired-Pointing-Griffon-2.jpg
000018.jpg,http://www.dogspotters.com/dog-breed-photos/wirpoigr.jpg
000019.jpg,http://www.easypetmd.com/sites/default/files/Wirehaired%20Pointing%20Griffin%20(2).jpg
000020.jpg,https://www.carealotpets.com/images/breeding/dog-breeds/WirehairedPointingGriffon.jpg
000021.jpg,https://www.k9rl.com/wp-content/uploads/2016/01/Wirehaired-Pointing-Griffon-Image.jpg
000022.jpg,https://images-ra.adoptapet.com/seo/1/ff/127_ff.jpg
000023.jpg,https://doggiedesigner.com/wp-content/uploads/2018/04/217.2.jpg
000024.jpg,https://www.yourpurebredpuppy.com/dogbreeds/photos-TZ/wirehairedpointinggriffons-th.jpg
000025.jpg,https://i.pinimg.com/originals/29/22/cc/2922cc7dec79b8f01968712760e6bb8c.jpg
000026.jpg,https://s3.amazonaws.com/cdn-origin-etr.akc.org/wp-content/uploads/2017/11/12222851/Wirehaired-Pointing-Griffon-MP.jpg
000027.jpg,http://knowledgebase.lookseek.com/images/animals/dogs/Wirehaired-Point-Griffon.JPG
000028.jpg,https://dogbreedatlas.com/images/dog-breed-photos/wirehaired-pointing-griffon/001/wirehaired-pointing-griffon-1491757300-2.jpg
000029.jpg,https://savearescue.org/wp-content/uploads/2013/06/Wire-Haired-Pointing-Griffon.jpg?x95716
000030.jpg,https://i.pinimg.com/originals/a9/a3/43/a9a3430365002ee94b12ba4752165573.jpg
000031.jpg,https://bluestemkennels.files.wordpress.com/2012/08/pro-face-grooming.jpg
000032.jpg,https://cf-s3.petcoach.co/uploads/breed/264/1533243397-whpgriff-jpg
000033.jpg,https://dogsbreedusa.online/wirehaired-pointing-griffon/wirehaired-pointing-griffon-puppy/
000034.jpg,http://www.dogzone.com/images/breeds/wirehaired-pointing-griffon.jpg
000035.jpg,https://www.selectadogbreed.com/media/1852/wirehairedpointinggriffon_puppy.jpg
000036.jpg,https://thehappypuppysite.com/wp-content/uploads/2019/06/Wirehaired-Pointing-Griffon-HP-long.jpg
000037.jpg,http://www.auxlakekennels.com/homepagestar-annie.jpg
000038.jpg,https://www.crosstimbersgazette.com/crosstimbersgazette/wp-content/uploads/2016/01/bear-the-service-dog.jpg
000039.jpg,https://animals.net/wp-content/uploads/2018/08/WPG-5-650x425.jpg
000040.jpg,https://www.dogbreedinfo.com/images26/WirehairedPointingGriffonPUrebredDogRioPuppy2YearsOld3.jpg
000041.jpg,https://i.redd.it/f1myckq36vb01.jpg
000042.jpg,https://s3.amazonaws.com/cdn-origin-etr.akc.org/wp-content/uploads/2017/11/02160153/Wirehaired-Pointing-Griffon-head-400x267.jpg
000043.jpg,http://static.ddmcdn.com/en-us/apl/breedselector/images/breed-selector/dogs/breeds/wirehaired-pointing-griffon_01_lg.jpg
000044.jpg,https://vetstreet-brightspot.s3.amazonaws.com/6a/794e00a81111e0a0d50050568d634f/file/Wirehaired-Pointing-Griffon-1-645mk062911.jpg
000045.jpg,https://www.dogbreedslist.info/uploads/allimg/dog-pictures/Wirehaired-Pointing-Griffon-3.jpg
000046.jpg,https://img.dog-learn.com/dog-breeds/wirehaired-pointing-griffon/wirehaired-pointing-griffon-i1.jpg
000047.jpg,https://res.cloudinary.com/fwkc-production/image/upload/c_fit,dpr_3.0,f_auto,g_center,h_430,q_auto,w_768/v1/fwkc/import/777
000048.jpg,https://thumbs.dreamstime.com/z/typical-bohemian-wire-haired-pointing-griffon-portrait-34839235.jpg
000049.jpg,https://patricedodd.files.wordpress.com/2018/03/ax_z_cesky_jahodnice.jpg
000050.jpg,http://3.bp.blogspot.com/-bVsY6OzvyYQ/TdFdh-uSKsI/AAAAAAAAAiQ/XY3RvBfxNjc/s1600/Griffon-080412-0135-Edit.jpg
