image,source
000001.jpg,https://vetstreet.brightspotcdn.com/dims4/default/edff505/2147483647/thumbnail/645x380/quality/90/?url=https%3A%2F%2Fvetstreet-brightspot.s3.amazonaws.com%2Fc7%2F76%2F239e5add421b8fa8176440138645%2Fwirehaired-vizsla-ap-evhbqy-645-x-380.jpg
000002.jpg,https://s3.amazonaws.com/cdn-origin-etr.akc.org/wp-content/uploads/2017/11/12222810/Wirehaired-Vizsla-On-White-01.jpg
000003.jpg,https://s3.amazonaws.com/cdn-origin-etr.akc.org/wp-content/uploads/2017/11/25191006/AKC-121316-121.jpg
000004.jpg,https://upload.wikimedia.org/wikipedia/commons/b/b4/Dr%C3%B3tosvizsla_vadat_%C3%A1ll.jpg
000005.jpg,https://www.dogbreedslist.info/uploads/allimg/dog-pictures/Wirehaired-Vizsla-2.jpg
000006.jpg,https://www.pets4homes.co.uk/images/articles/3953/large/introducing-the-wirehaired-hungarian-vizsla-58ad5982d8b31.jpg
000007.jpg,https://i.pinimg.com/originals/fb/99/a4/fb99a4d12b0dc6311023db90bee7fc3b.jpg
000008.jpg,http://lanokk.co.uk/wp-content/uploads/2018/01/Dec17-web-440x300.jpg
000009.jpg,https://vetstreet-brightspot.s3.amazonaws.com/97/29/e94a2d4942bba908b9acd3ab4cac/wirehaired-vizsla-ap-0jss3y-650sm9814.jpg
000010.jpg,https://s3.amazonaws.com/cdn-origin-etr.akc.org/wp-content/uploads/2017/11/21204735/Wirehaired-Vizsla-puppy.jpg
000011.jpg,https://nimages2.champdogs.net/79503/l42015612.jpg
000012.jpg,https://www.dogbreedplus.com/dog_breeds/images/wirehaired_vizsla.jpg
000013.jpg,https://www.dogbreedinfo.com/images16/WirehairedVizlasHarryVincentPoppy.JPG
000014.jpg,https://i.pinimg.com/originals/20/91/6a/20916aa9e07876991a97b7f388506186.jpg
000015.jpg,http://www.easypetmd.com/sites/default/files/Wirehaired%20Vizsla%20(3).jpg
000016.jpg,https://animals.net/wp-content/uploads/2018/10/Wirehaired-Vizsla-2-650x425.jpg
000017.jpg,https://img.dog-learn.com/dog-breeds/wirehaired-vizsla/wirehaired-vizsla-i2.jpg
000018.jpg,https://www.dogster.com/wp-content/uploads/2016/08/Hungarian-Wirehaired-Vizsla.jpg
000019.jpg,https://i0.wp.com/puppytoob.com/wp-content/uploads/2018/07/wirehead-dog-1.jpg?resize=750%2C512
000020.jpg,http://4.bp.blogspot.com/-rjKEKDeY0Ss/UM8sxHLSxOI/AAAAAAAAC_k/9gXvGI2HzGs/s1600/WVFinal-1-2.jpg
000021.jpg,https://www.101dogbreeds.com/wp-content/uploads/2017/09/Wirehaired-Vizsla-Dog.jpg
000022.jpg,http://www.fassfieldswirevizslas.com/gallery/large/bb1.jpg
000023.jpg,https://www.sheknows.com/wp-content/uploads/2018/08/5471221033_0f2536e3ac_z_jpuzdt.jpeg
000024.jpg,https://images.ctfassets.net/w00x6p5qkejz/28lBKgrThy444QCKqwe8Ge/1f55bcac341bbe3a38dae62994bb1654/Wirehaired_Vizsla1.png
000025.jpg,https://www.vetarena.org/gallery/image-855.l.jpg
000026.jpg,https://i.pinimg.com/originals/8e/b2/33/8eb233ef5f14b289ed50549cdbcd2d2c.jpg
000027.jpg,https://www.pets4homes.co.uk/images/classifieds/2013/12/22/512994/large/hungarian-wirehaired-vizslas-for-sale-52b72bc5110e9.JPG
000028.jpg,https://savearescue.org/wp-content/uploads/2013/06/WirehairedVizsla2.jpg
000029.jpg,https://www.dogster.com/wp-content/uploads/2016/08/Hungarian-Wirehaired-Vizsla_600-2.jpg
000030.jpg,https://vetstreet-brightspot.s3.amazonaws.com/37/37/46b009004b64b322cdeae5384221/wirehaired-vizsla-ap-0q5ogb-650sm9814.jpg
000031.jpg,https://www.dogbreedslist.info/uploads/allimg/dog-pictures/Wirehaired-Vizsla-3.jpg
000032.jpg,http://www.dogwallpapers.net/wallpapers/cute-wirehaired-vizsla-dog-wallpaper.jpg
000033.jpg,https://www.dogtemperament.com/wp-content/uploads/2018/10/wirehaired-vizslas-3-min.jpg
000034.jpg,https://www.k9rl.com/wp-content/uploads/2016/04/Wirehaired-Vizsla.jpg
000035.jpg,https://www.dogtemperament.com/wp-content/uploads/2018/10/wirehaired-vizslas-min.jpg
000036.jpg,https://vetstreet-brightspot.s3.amazonaws.com/70/ca/9e7e4ac548358f1ae2b6b5a97d66/wirehaired-vizsla-ap-09vway-650sm9814.jpg
000037.jpg,http://www.easypetmd.com/sites/default/files/Wirehaired%20Vizsla%20(4).jpg
000038.jpg,https://www.101dogbreeds.com/wp-content/uploads/2017/09/Images-of-Wirehaired-Vizsla.jpg
000039.jpg,https://s3.amazonaws.com/cdn-origin-etr.akc.org/wp-content/uploads/2017/11/12222808/Wirehaired-Vizsla-On-White-02-400x267.jpg
000040.jpg,https://www.dogbreedinfo.com/images10/WirehairedVizslaHarrybirthday016.jpg
000041.jpg,https://www.purina.com/sites/g/files/auxxlc196/files/styles/kraken_generic_max_width_240/public/SPORTING_Wirehaired_Vizsla.jpg?itok=HHjFjvpM
000042.jpg,https://s3.amazonaws.com/cdn-origin-etr.akc.org/wp-content/uploads/2017/11/12221248/Wirehaired-Vizsla-Illo-2.jpg
000043.jpg,http://knowledgebase.lookseek.com/images/animals/dogs/Wirehaired-Vizsla.jpg
000044.jpg,https://live.staticflickr.com/3111/3151412159_05a4a3aa5c.jpg
000045.jpg,https://c8.alamy.com/comp/FW8WNR/hungarian-wirehaired-vizsla-FW8WNR.jpg
000046.jpg,https://www.101dogbreeds.com/wp-content/uploads/2017/09/Wirehaired-Vizsla-Photos.jpg
000047.jpg,https://i.ytimg.com/vi/cB4sjHT_Pvg/hqdefault.jpg
000048.jpg,https://www.pets4homes.co.uk/images/classifieds/2019/07/10/2360831/thumbs/kc-reg-hungarian-wirehaired-vizsla-puppy-5d2b32bf42d9f.jpg
000049.jpg,https://janedogs.com/assets/Gundogs/Utility-Gundogs-1/_resampled/ResizedImage200314-Hungarian-Vizsla-Wire.jpg
000050.jpg,https://moderndogmagazine.com/sites/default/files/styles/slidehsow-banner/public/images/breeds/top_images/viszla-top.jpg?itok=52isw0Lz
