image,source
000001.jpg,https://images.wagwalkingweb.com/media/breed/%7Bslug%7D/hero/1533977995.17/Xiasi.jpg
000002.jpg,https://upload.wikimedia.org/wikipedia/commons/a/ad/Xiasi_Quan_dog.jpg
000003.jpg,https://i.pinimg.com/736x/30/7c/b7/307cb709ea1a3748d2dc2c0bd1de7d43--the-verge-the-chinese.jpg
000004.jpg,https://g.rrrather.com/img/q/155628a.jpg
000005.jpg,https://images-wixmp-ed30a86b8c4ca887773594c2.wixmp.com/f/19cb5894-0b29-4653-abc7-2e7884cb5c73/da4jeqc-38435edb-5368-434e-b660-0de7e1b8eb8e.png/v1/fill/w_890,h_898,q_70,strp/xiasi_dog_import_by_forgottenamnesty_da4jeqc-pre.jpg?token=eyJ0eXAiOiJKV1QiLCJhbGciOiJIUzI1NiJ9.eyJzdWIiOiJ1cm46YXBwOjdlMGQxODg5ODIyNjQzNzNhNWYwZDQxNWVhMGQyNmUwIiwiaXNzIjoidXJuOmFwcDo3ZTBkMTg4OTgyMjY0MzczYTVmMGQ0MTVlYTBkMjZlMCIsIm9iaiI6W1t7ImhlaWdodCI6Ijw9MTAzNCIsInBhdGgiOiJcL2ZcLzE5Y2I1ODk0LTBiMjktNDY1My1hYmM3LTJlNzg4NGNiNWM3M1wvZGE0amVxYy0zODQzNWVkYi01MzY4LTQzNGUtYjY2MC0wZGU3ZTFiOGViOGUucG5nIiwid2lkdGgiOiI8PTEwMjQifV1dLCJhdWQiOlsidXJuOnNlcnZpY2U6aW1hZ2Uub3BlcmF0aW9ucyJdfQ.DUAiqaQPthKzURn5sKQ2bvJiH5L8RHuEr-lJ_Digm4Y
000006.jpg,https://images.wagwalkingweb.com/media/activity_guides/hero/1530802535.59/Activities-For-An-Xiasi.jpg
000007.jpg,https://images-wixmp-ed30a86b8c4ca887773594c2.wixmp.com/f/19cb5894-0b29-4653-abc7-2e7884cb5c73/da4jepp-75dc0572-42e2-448e-b02c-bdad58258f7d.png/v1/fill/w_1024,h_1034,q_80,strp/xiasi_dog_import_by_forgottenamnesty_da4jepp-fullview.jpg?token=eyJ0eXAiOiJKV1QiLCJhbGciOiJIUzI1NiJ9.eyJzdWIiOiJ1cm46YXBwOjdlMGQxODg5ODIyNjQzNzNhNWYwZDQxNWVhMGQyNmUwIiwiaXNzIjoidXJuOmFwcDo3ZTBkMTg4OTgyMjY0MzczYTVmMGQ0MTVlYTBkMjZlMCIsIm9iaiI6W1t7ImhlaWdodCI6Ijw9MTAzNCIsInBhdGgiOiJcL2ZcLzE5Y2I1ODk0LTBiMjktNDY1My1hYmM3LTJlNzg4NGNiNWM3M1wvZGE0amVwcC03NWRjMDU3Mi00MmUyLTQ0OGUtYjAyYy1iZGFkNTgyNThmN2QucG5nIiwid2lkdGgiOiI8PTEwMjQifV1dLCJhdWQiOlsidXJuOnNlcnZpY2U6aW1hZ2Uub3BlcmF0aW9ucyJdfQ.BJBIaCoCzoC3rq1n4nCqED1Oos9iVKt_34vgZU4JdCY
000008.jpg,https://nationalpurebreddogday.com/wp-content/uploads/2016/11/Screen-Shot-2016-11-05-at-10.05.46-AM-300x267.png
000009.jpg,https://bigdogbreeds.info/wp-content/uploads/2019/01/Xiasi-Dog4-300x248.jpg
000010.jpg,https://usercontent1.hubstatic.com/12880530.jpg
000011.jpg,https://i.ytimg.com/vi/3F7YRGNZ82k/hqdefault.jpg
000012.jpg,https://a4.pbase.com/o9/62/878462/1/152893874.vvMKlBTv.IMG_0504.jpg
000013.jpg,https://www.hindawi.com/journals/isrn/2013/621836.fig.003.jpg
000014.jpg,https://dogsaholic.com/wp-content/uploads/2015/06/The-Chow-Chow.jpg
000015.jpg,https://images-cdn.9gag.com/photo/a2qGO7E_700b.jpg
000016.jpg,https://bigdogbreeds.info/wp-content/uploads/2019/01/Xiasi-Dog-temperament.jpg
000017.jpg,https://alchetron.com/cdn/xiasi-dog-e150b3f3-aaca-4164-97b0-8153cf5d269-resize-750.jpeg
000018.jpg,https://dogsaholic.com/wp-content/uploads/2015/06/Train-your-Chinese-Hairless-Crested-dog.jpg
000019.jpg,https://images-wixmp-ed30a86b8c4ca887773594c2.wixmp.com/f/19cb5894-0b29-4653-abc7-2e7884cb5c73/da4jep0-9b2fe9fe-8a51-42ea-968f-ce1433463de2.png/v1/fill/w_1600,h_1217,q_80,strp/xiasi_dog_import_by_forgottenamnesty_da4jep0-fullview.jpg?token=eyJ0eXAiOiJKV1QiLCJhbGciOiJIUzI1NiJ9.eyJzdWIiOiJ1cm46YXBwOjdlMGQxODg5ODIyNjQzNzNhNWYwZDQxNWVhMGQyNmUwIiwiaXNzIjoidXJuOmFwcDo3ZTBkMTg4OTgyMjY0MzczYTVmMGQ0MTVlYTBkMjZlMCIsIm9iaiI6W1t7ImhlaWdodCI6Ijw9MTIxNyIsInBhdGgiOiJcL2ZcLzE5Y2I1ODk0LTBiMjktNDY1My1hYmM3LTJlNzg4NGNiNWM3M1wvZGE0amVwMC05YjJmZTlmZS04YTUxLTQyZWEtOTY4Zi1jZTE0MzM0NjNkZTIucG5nIiwid2lkdGgiOiI8PTE2MDAifV1dLCJhdWQiOlsidXJuOnNlcnZpY2U6aW1hZ2Uub3BlcmF0aW9ucyJdfQ.qzwlgQ3SdTL6TjE9OCAOf7-NsIkwuKoLqxZkNxQ1NIA
000020.jpg,https://bigdogbreeds.info/wp-content/uploads/2019/01/Xiasi-Dog-puppies1-300x298.jpg
000021.jpg,https://www.k9ofmine.com/wp-content/uploads/2018/09/Chinese-Dog-Breeds-1150x700.jpg
000022.jpg,https://banner2.kisspng.com/20180508/lyq/kisspng-dog-breed-german-shepherd-xiasi-dog-breed-registry-5af265f8bc65c7.9937048215258352567717.jpg
000023.jpg,https://usercontent1.hubstatic.com/14562240_f520.jpg
000024.jpg,https://dynamic.indigoimages.ca/books/1526926407.jpg?altimages=false&scaleup=true&maxheight=515&width=380&quality=85&sale=0&lang=en
000025.jpg,https://i.imgur.com/IUqbLE3.jpg?1
000026.jpg,https://upload.wikimedia.org/wikipedia/commons/2/24/1AKC_Pekingese_Dog_Show_2011.jpg
000027.jpg,http://elelur.com/data_images/dog-breeds/west-highland-white-terrier/west-highland-white-terrier-02.jpg
000028.jpg,https://www.k9ofmine.com/wp-content/uploads/2018/09/Chinese-Dog-Breeds-Shar-Pei-1.jpg
000029.jpg,https://i.imgur.com/sO3bEPJ.jpg?1
000030.jpg,https://c8.alamy.com/comp/M3PE32/kaili-chinas-guizhou-province-11th-feb-2018-a-girl-poses-for-photos-M3PE32.jpg
000031.jpg,https://cdn-image.realsimple.com/sites/default/files/styles/rs_horizontal_image_4/public/westminster-dog.jpg
000032.jpg,https://dogsaholic.com/wp-content/uploads/2015/06/Chinese-Imperial-Dog.jpg
000033.jpg,http://sloughi.tripod.com/preserving/suthernchinavillagedog13.jpg
000034.jpg,https://st4.depositphotos.com/21607914/24196/i/1600/depositphotos_241966814-stock-photo-dog-left-fights-wild-boar.jpg
000035.jpg,https://usercontent2.hubstatic.com/12882177.jpg
000036.jpg,https://usercontent1.hubstatic.com/12880568_f520.jpg
000037.jpg,https://www.nativebreed.org/wp-content/uploads/2018/04/Ethiopian-horses-8-300x240.png
000038.jpg,https://t4.ftcdn.net/jpg/02/04/05/39/240_F_204053978_9H34eaA9GQ5alkXvr7yRFvrtKWjON1IN.jpg
000039.jpg,http://sloughi.tripod.com/preserving/suthernchinavillagedogphilippe25.jpg
000040.jpg,https://upload.wikimedia.org/wikipedia/commons/thumb/e/e3/%D0%9A%D3%A9%D0%B3%D1%96%D0%BB%D0%B4%D1%96%D1%80_%D1%87%D0%B0%D1%83.jpg/450px-%D0%9A%D3%A9%D0%B3%D1%96%D0%BB%D0%B4%D1%96%D1%80_%D1%87%D0%B0%D1%83.jpg
000041.jpg,https://i.pinimg.com/originals/09/95/da/0995da81d4f39709678aa8afb118a633.jpg
000042.jpg,https://www.k9ofmine.com/wp-content/uploads/2018/09/Chinese-Dog-Breeds-Shih-Tzu.jpg
000043.jpg,https://dogbreedsfaq.com/wp-content/uploads/Chinese-Chongqing-Dog-standing-against-a-black-background.jpg
000044.jpg,https://t4.ftcdn.net/jpg/02/62/97/45/500_F_262974571_AwJIEJPo6z28OC35Oo3GtEHJgBAki4Ci.jpg
000045.jpg,https://media.mercola.com/imageserver/public/2018/august/chow-chow.jpg
000046.jpg,https://upload.wikimedia.org/wikipedia/commons/thumb/3/30/Kunming_Dog.jpg/320px-Kunming_Dog.jpg
000047.jpg,https://images.bwbcovers.com/551/9785511427997.jpg
000048.jpg,https://dogell.com/uploads/breed/thumb_shih-tzu.jpg
000049.jpg,http://blisssaigon.com/wp-content/uploads/2018/03/Phu-Quoc-dog.jpg
000050.jpg,https://i.ytimg.com/vi/a06K-4lgD2w/maxresdefault.jpg
