image,source
000001.jpg,https://upload.wikimedia.org/wikipedia/commons/thumb/f/fe/Yl01.jpg/220px-Yl01.jpg
000002.jpg,https://cdn.shopify.com/s/files/1/0994/0236/files/yakutian-laika_large.jpg?v=1542349636
000003.jpg,https://i.pinimg.com/236x/25/8e/0a/258e0ac0e1a93205c2b3455e05bcea12.jpg
000004.jpg,https://doglime.com/wp-content/uploads/2019/05/Yakutian-Laika.jpg
000005.jpg,https://s3.amazonaws.com/cdn-origin-etr.akc.org/wp-content/uploads/2017/11/21194822/Yakutian-Laika-Care.jpg
000006.jpg,https://doglime.com/wp-content/uploads/2019/05/Yakutian-Laika-behavior.jpg
000007.jpg,https://i.ytimg.com/vi/AxDLKRZL_p4/maxresdefault.jpg
000008.jpg,https://s3.amazonaws.com/cdn-origin-etr.akc.org/wp-content/uploads/2017/11/21194342/Yakutian-Laika1.jpg
000009.jpg,https://i.pinimg.com/originals/20/88/a7/2088a7a496912cf7f14f8ecfbdf5ca33.jpg
000010.jpg,https://i.ytimg.com/vi/35VM8TTPZEQ/hqdefault.jpg
000011.jpg,https://www.101dogbreeds.com/wp-content/uploads/2018/04/Yakutian-Laika-Pictures.jpg
000012.jpg,https://i.redd.it/08fnr1k9e3811.jpg
000013.jpg,https://previews.123rf.com/images/volofin/volofin1606/volofin160600002/60767607-yakutian-laika-looks-the-yakutian-laika-is-in-the-park-.jpg
000014.jpg,https://i.pinimg.com/236x/5d/db/a1/5ddba1f2bc19d23a33a092b6428a7d38.jpg
000015.jpg,https://www.101dogbreeds.com/wp-content/uploads/2018/04/Yakutian-Laika-Images.jpg
000016.jpg,https://miro.medium.com/max/2625/1*mPDR066aJjk_VifMY2--MA.jpeg
000017.jpg,https://thumbs.dreamstime.com/z/yakutian-laika-park-yakutian-laika-full-face-136815398.jpg
000018.jpg,https://topicimages.mrowl.com/large/vanessasaprincess/dogbreeds/foundationstoc/yakutianlaika_1.jpg
000019.jpg,https://doggiedesigner.com/wp-content/uploads/2018/04/224.1.jpg
000020.jpg,https://pbs.twimg.com/media/B0O9xWGIQAAglf1.jpg
000021.jpg,https://i.pinimg.com/originals/06/ed/9b/06ed9b723e4436dfbdbb8e586edbb36d.jpg
000022.jpg,https://s3.amazonaws.com/cdn-origin-etr.akc.org/wp-content/uploads/2017/11/06103216/Yakutian-Laika-puppy.jpg
000023.jpg,https://doggiedesigner.com/wp-content/uploads/2018/04/224.2.jpg
000024.jpg,https://t3.ftcdn.net/jpg/00/93/69/64/500_F_93696497_Su3gf8a76DAOr4NJBzxJjhU2GL0GQ8Nj.jpg
000025.jpg,http://media.gettyimages.com/photos/yakutian-laika-waits-picture-id538071864?s=170667a&w=1007
000026.jpg,https://upload.wikimedia.org/wikipedia/commons/a/ac/Yakutian_Laika_Annya02.jpg
000027.jpg,https://s3.amazonaws.com/cdn-origin-etr.akc.org/wp-content/uploads/2017/11/21194332/Yakutian-Laika-400x267.jpg
000028.jpg,https://thumbs.dreamstime.com/z/yakutian-laika-stands-park-72551304.jpg
000029.jpg,https://res.cloudinary.com/wuuff/image/upload/h_300,c_scale//v1521577200/quwybblpbvg1z9hwphjs.png
000030.jpg,https://www.newdoggy.com/wp-content/uploads/2018/06/YakutianLaika-puppy-for-sale-Amadeus1-600x600.jpg
000031.jpg,http://petshoptop.ru/media/69/78/3e/69783ee76a92567d446143b811519068/56b084b13b292.jpg
000032.jpg,https://www.101dogbreeds.com/wp-content/uploads/2018/04/Yakutian-Laika-Puppies.jpg
000033.jpg,https://alchetron.com/cdn/yakutian-laika-ffda34d0-aa36-4a2b-ba7c-20cebd7fb7d-resize-750.jpeg
000034.jpg,https://arctic.ru/images/71/37/713717.jpg
000035.jpg,https://dogsbreedusa.online/yakutian-laika/yakutian-laika-white/
000036.jpg,https://live.staticflickr.com/7611/27725576170_9da05dc95a_b.jpg
000037.jpg,https://as2.ftcdn.net/jpg/02/43/58/67/500_F_243586759_WfJYgCLyIYEpVIX9OxKh2OOhFu9Eartw.jpg
000038.jpg,https://previews.123rf.com/images/seregraff/seregraff1705/seregraff170500105/77877649-portrait-of-white-yakutian-laika-dog-on-isolated-black-background.jpg
000039.jpg,http://www.travelyakutia.com/wp-content/uploads/2017/07/dog.jpg
000040.jpg,https://i.ytimg.com/vi/jhYMOzm-3WA/hqdefault.jpg
000041.jpg,https://envato-shoebox-0.imgix.net/ba08/b94b-131f-49c9-a46a-5fdfdfebabcb/181122-113.jpg?auto=compress%2Cformat&fit=max&mark=https%3A%2F%2Felements-assets.envato.com%2Fstatic%2Fwatermark2.png&markalign=center%2Cmiddle&markalpha=18&w=700&s=6e4b73bcc66b2c734dc544848a05a0ae
000042.jpg,https://images.wagwalkingweb.com/media/breed/yakutian-laika/hero/Yakutian-Laika.jpg
000043.jpg,https://s3.envato.com/files/258269182/181211-60.jpg
000044.jpg,https://c8.alamy.com/comp/T349W7/cute-yakutian-laika-puppy-with-different-eyes-is-standing-in-the-green-grass-pet-animals-purebred-dog-T349W7.jpg
000045.jpg,https://i.pinimg.com/originals/a6/4b/4a/a64b4a3b59558c2674841755f15374b9.jpg
000046.jpg,http://yakutianlaikaworld.com/pics/thumbs/2284/th_595383ce9cfeb.jpg
000047.jpg,https://upload.wikimedia.org/wikipedia/commons/8/87/Yakut_laika.jpg
000048.jpg,https://st4.depositphotos.com/1004592/23636/i/1600/depositphotos_236366072-stock-photo-yakutian-laika-front-white-background.jpg
000049.jpg,https://upload.wikimedia.org/wikipedia/commons/1/13/Yakutian_Laika_Aren.jpg
000050.jpg,https://comps.canstockphoto.com/cute-yakutian-laika-puppy-with-different-pictures_csp60242384.jpg
