image,source
000001.jpg,https://epi.azureedge.net/website-images/images/default-album/yorkshire-terrierdf23b6a24c9f653bbdf5ff0000035de2.jpg?sfvrsn=64bcd37b_2
000002.jpg,https://s3.amazonaws.com/cdn-origin-etr.akc.org/wp-content/uploads/2018/03/26125843/yorkshire-terrier-cover.jpg
000003.jpg,https://s3.amazonaws.com/cdn-origin-etr.akc.org/wp-content/uploads/2017/11/20203728/Yorkshire-Terrier-2.1.jpg
000004.jpg,https://s3.amazonaws.com/cdn-origin-etr.akc.org/wp-content/uploads/2017/11/20225040/Yorkshire-Care.jpg
000005.jpg,https://images.homedepot-static.com/productImages/41b24308-7b6a-4834-8191-31abe3c5a8ed/svn/hi-line-gift-garden-statues-87771-h-64_300.jpg
000006.jpg,https://cdn3-www.dogtime.com/assets/uploads/2011/01/file_23132_yorkshire-terrier-460x290.jpg
000007.jpg,https://www.pets4homes.co.uk/images/breeds/20/large/3c5996b6fe641cf7fac5d5551e43f359.jpg
000008.jpg,https://s3.amazonaws.com/cdn-origin-etr.akc.org/wp-content/uploads/2017/11/20183328/Yorkshire-puppy.jpg
000009.jpg,https://vetstreet-brightspot.s3.amazonaws.com/dd/5c/b14d4033429eaf1ebcd52f8a9d10/yorkshire-terrier-ap-0mhxtf-645.jpg
000010.jpg,https://images.homedepot-static.com/productImages/23102825-d19d-479a-8571-f001aaefda61/svn/hi-line-gift-garden-statues-87706-d-64_1000.jpg
000011.jpg,https://secure.img1-fg.wfcdn.com/im/32224782/compr-r85/5939/59390097/teacup-yorkshire-terrier-puppy-statue.jpg
000012.jpg,https://images-na.ssl-images-amazon.com/images/I/71hHgHg7FOL._SY450_.jpg
000013.jpg,https://upload.wikimedia.org/wikipedia/commons/thumb/4/41/%282_version%29_Grupp_3%2C_YORKSHIRETERRIER%2C_NO_UCH_SE_UCH_Oxzar_Amazing_Bel%E2%80%99s_Toffy_%2824310212305%29.jpg/220px-%282_version%29_Grupp_3%2C_YORKSHIRETERRIER%2C_NO_UCH_SE_UCH_Oxzar_Amazing_Bel%E2%80%99s_Toffy_%2824310212305%29.jpg
000014.jpg,https://www.pets4homes.co.uk/images/breeds/20/large/917d77fa7e0070d0e219ba59ff770ade.jpg
000015.jpg,http://suttons.s3.amazonaws.com/p/620039_3.jpg
000016.jpg,https://www.yourpurebredpuppy.com/dogbreeds/photos2-Y/yorkshire-terrier-03.jpg
000017.jpg,http://www.corralet.com/wp-content/plugins/justified-image-grid/timthumb.php?src=http%3A%2F%2Fwww.corralet.com%2Fwp-content%2Fgallery%2Fyorkshireterrier%2FCachorro-Yorkshire-Terrier-Corralet-2.JPG&h=446&w=514&q=35&f=.JPG
000018.jpg,https://vetstreet-brightspot.s3.amazonaws.com/b1/22d490a81e11e0a0d50050568d634f/file/Yorkshire-Terrier-5-645mk070411.jpg
000019.jpg,https://www.yourpurebredpuppy.com/dogbreeds/photos2-Y/yorkshire-terrier-01.jpg
000020.jpg,https://imfromyorkshire.uk.com/wp-content/uploads/2015/10/Yorkshire-Terriers.png
000021.jpg,https://www.purina.com/sites/g/files/auxxlc196/files/styles/kraken_generic_max_width_240/public/TOY_Yorkshire-Terrier.jpg?itok=t_q5f0s2
000022.jpg,https://i.etsystatic.com/14105724/r/il/7e2783/1601986338/il_794xN.1601986338_ppnr.jpg
000023.jpg,https://images-na.ssl-images-amazon.com/images/I/61Wi9%2BT8ILL._SX466_.jpg
000024.jpg,https://www.schleich-s.com/media/catalog/product/1/3/13876_v2_v18_tp.jpg
000025.jpg,https://vetstreet.brightspotcdn.com/dims4/default/66beca4/2147483647/thumbnail/645x380/quality/90/?url=https%3A%2F%2Fvetstreet-brightspot.s3.amazonaws.com%2F70%2Fe8%2Fe72811ac482da1e93462b1d004be%2Fyorkshire-terrier-ap-0ice3k-645-x-380.jpg
000026.jpg,https://www.petbarn.com.au/petspot/app/uploads/2016/08/07.-Yorkshire-Terrier.jpg
000027.jpg,https://cdn2-www.dogtime.com/assets/uploads/gallery/yorkshireterrier-dog-breed-pictures/4-smile.jpg
000028.jpg,https://images-na.ssl-images-amazon.com/images/I/51dcx51kBFL.jpg
000029.jpg,https://i1.wp.com/metro.co.uk/wp-content/uploads/2017/07/175928857.jpg?quality=90&strip=all&zoom=1&resize=644%2C429&ssl=1
000030.jpg,https://media.istockphoto.com/photos/grooming-yorkshire-terrier-picture-id915186344
000031.jpg,https://greenfieldscare.com/wp-content/uploads/sites/4/2018/05/8718836723384_GF_duopack_yorkshire_front.png
000032.jpg,https://img.pixers.pics/pho_wat(s3:700/FO/61/08/43/44/700_FO61084344_698e3e609013560ffa78d767ef136dff.jpg,525,700,cms:2018/10/5bd1b6b8d04b8_220x50-watermark.png,over,305,650,jpg)/stickers-yorkshire-terrier.jpg.jpg
000033.jpg,https://previews.123rf.com/images/laures/laures1210/laures121000029/15945481-portrait-small-yorkshire-terrier-puppy.jpg
000034.jpg,https://i5.walmartimages.com/asr/45b044d2-aff8-4909-8fbc-f5044552c2c2_1.8108d5c2e98bfcf1a7df1258795db620.jpeg?odnHeight=450&odnWidth=450&odnBg=FFFFFF
000035.jpg,https://yorkiemag.com/wp-content/uploads/2017/07/yorkie-price.jpg
000036.jpg,https://bowwowinsurance.com.au/wp-content/uploads/2018/10/Yorkshire-Terrier-700x700.jpg
000037.jpg,https://www.selectadogbreed.com/media/1086/yorkshireterrier_adult.jpg
000038.jpg,https://www.ctvsh.com/sites/default/files/styles/large/adaptive-image/public/yorkshire-terrier-dog-breed-info.jpg?itok=7CqMebUz
000039.jpg,https://www.calendarclub.co.uk/-/media/productimages/23/08/230838_main.jpg
000040.jpg,https://s3-eu-west-1.amazonaws.com/w3.cdn.gpd/gb.pedigree.56/large_071e4e2f-e631-4f03-802f-a09797dc9e40.jpg
000041.jpg,https://previews.123rf.com/images/iskander1/iskander11803/iskander1180300018/98097241-yorkshire-terrier-puppy-dog-portrait-closeup-.jpg
000042.jpg,https://i.ytimg.com/vi/cSWWyqYJ6hw/maxresdefault.jpg
000043.jpg,https://images.wagwalkingweb.com/media/daily_wag/name_guides/yorkshire-terrier-dog-names/hero/yorkshire-terrier-dog-names.jpg
000044.jpg,https://media.gettyimages.com/photos/cute-dog-sitting-in-grass-picture-id157287423?s=612x612
000045.jpg,https://secure.img1-fg.wfcdn.com/im/68488648/resize-h800-w800%5Ecompr-r85/3610/36102436/Yorkshire+Terrier+Dog+Lying+Down+Statue.jpg
000046.jpg,https://www.bravotv.com/sites/bravo/files/styles/blog-post-embedded--mobile/public/field_blog_image/2017/08/unleashed-yorkie.jpg?itok=e7IOM1v2
000047.jpg,https://i.etsystatic.com/5352154/r/il/29a1d7/1829521521/il_794xN.1829521521_93wl.jpg
000048.jpg,https://www.yourpurebredpuppy.com/dogbreeds/photos2-Y/yorkshire-terrier-11.jpg
000049.jpg,https://images2.minutemediacdn.com/image/upload/c_fill,g_auto,h_1248,w_2220/f_auto,q_auto,w_1100/v1555388225/shape/mentalfloss/istock_000000870670_small.jpg
000050.jpg,https://www.k9web.com/wp-content/uploads/2018/03/dog-2785087_1280.jpg
